Waf: Entering directory `/home/ubuntu/ns-3.30-obss/build'
Waf: Leaving directory `/home/ubuntu/ns-3.30-obss/build'
Build commands will be stored in build/compile_commands.json
'build' finished successfully (0.741s)
--------------------------Rate[Kbps]--------------------------
Time[s]	cl-1	cl-2	cl-3	cl-4	cl-5	cl-6	cl-7	cl-8	cl-9	cl-10	cl-11	cl-12	cl-13	cl-14	cl-15	cl-16	cl-17	cl-18	cl-19	cl-20
60	15.6	16	12.8	14.8	17.4	12.8	15.4	14.4	17.4	16	13.8	16	17.6	15.6	15.2	11.6	15	13.2	12.6	14.6
61	0	0	0	0	0	136	0	256	272	40	0	176	0	112	88	0	64	0	408	0
62	0	0	0	0	0	128	288	376	112	0	72	288	408	224	0	384	0	48	368	40
63	0	0	0	0	0	0	104	232	400	8	424	336	224	32	296	160	184	328	296	160
64	0	0	0	0	0	304	48	248	224	16	336	104	80	80	368	248	88	344	352	40
65	0	0	0	0	0	384	272	160	128	208	56	0	40	176	72	0	160	0	232	312
66	0	0	0	0	0	144	384	0	0	312	312	0	0	352	112	448	128	0	16	0
67	0	0	0	0	0	56	224	272	264	320	136	448	352	8	328	32	240	0	240	136
68	0	0	0	0	0	208	96	0	336	80	424	352	40	176	312	144	8	0	424	352
69	0	0	0	0	0	48	160	48	88	288	16	264	336	392	184	488	160	416	72	0
70	0	0	0	0	0	200	88	240	112	0	288	208	256	0	0	280	288	344	520	48
71	0	0	0	0	0	32	0	272	200	216	0	0	0	88	328	264	0	288	472	0
72	0	0	0	0	0	368	160	224	240	352	408	80	320	0	64	120	184	368	280	0
73	0	0	0	0	0	40	200	96	328	432	448	296	144	392	32	216	72	0	160	136
74	0	8	0	0	0	0	360	216	120	168	256	360	288	112	120	216	48	552	312	136
75	0	0	8	0	0	184	72	120	72	208	0	336	256	56	296	168	392	248	320	8
76	0	0	0	0	0	56	88	272	320	288	192	344	272	104	232	88	64	0	208	232
77	0	0	0	0	0	0	80	320	16	328	488	208	136	176	296	72	216	128	224	376
78	0	0	0	0	8	8	136	40	208	0	8	224	160	240	296	0	440	456	280	16
79	0	0	0	0	0	0	0	248	456	248	104	408	24	368	456	256	0	232	192	32
80	0	0	0	0	0	96	432	104	168	424	288	320	368	192	64	56	176	192	408	48
81	0	0	0	0	0	472	72	0	208	0	0	184	0	480	72	32	280	168	56	144
82	0	0	0	0	0	168	200	136	64	328	160	168	104	312	24	256	216	128	200	376
83	8	0	0	0	0	24	136	224	288	392	272	0	0	272	152	152	144	336	304	104
84	0	0	0	0	0	288	0	72	0	136	40	288	304	72	392	448	192	32	240	480
85	0	0	0	0	0	320	56	64	288	88	16	360	0	392	224	320	320	368	32	288
86	0	0	0	0	0	88	264	40	384	56	120	24	424	456	304	184	0	264	16	24
87	0	0	0	0	0	0	360	344	240	48	160	48	216	280	464	40	312	80	88	16
88	0	0	0	0	0	80	160	56	480	16	408	384	208	0	200	480	32	416	72	24
89	0	0	8	0	0	272	0	344	64	0	280	160	448	360	0	144	104	296	272	184
90	0	0	0	0	0	144	80	240	248	128	176	64	152	376	256	312	120	8	376	184
91	0	0	0	0	8	0	200	352	72	0	0	448	352	200	368	152	240	408	264	336
92	0	8	0	0	0	200	0	256	416	352	16	320	432	40	360	8	368	88	400	72
93	0	0	0	0	0	152	160	248	160	144	0	400	168	104	248	376	352	32	168	264
94	0	0	0	0	0	200	240	232	200	216	360	272	248	144	232	168	40	0	96	384
95	0	0	0	0	0	248	424	16	360	0	128	0	0	80	288	208	432	184	224	232
96	8	0	0	0	0	304	32	184	280	152	360	336	224	272	224	200	192	0	192	72
97	0	0	0	0	0	312	232	272	152	200	232	0	320	224	392	272	224	208	160	24
98	0	0	0	0	0	88	0	128	200	232	32	352	56	136	112	224	328	480	0	56
99	0	0	0	0	0	224	176	0	96	304	104	296	264	64	24	144	352	184	432	328
100	0	0	0	0	0	296	304	16	432	32	32	32	288	344	352	136	192	88	112	304
101	0	0	0	0	0	312	248	0	136	120	256	352	376	264	104	144	136	336	0	304
102	0	0	0	0	0	216	0	184	24	0	0	0	112	0	136	0	0	48	0	40
103	0	0	0	0	0	80	96	128	16	160	304	56	32	104	384	416	328	376	256	72
104	0	0	0	0	0	0	168	256	336	64	328	120	0	304	176	344	0	432	376	280
105	0	0	0	0	0	176	0	96	352	216	48	152	16	392	160	0	232	392	216	208
106	0	8	0	0	0	176	160	192	0	56	224	152	0	192	16	200	384	304	336	56
107	0	0	0	8	8	280	240	224	168	128	48	312	176	136	320	144	0	336	152	152
108	0	0	8	0	0	208	0	232	128	216	232	128	0	176	80	40	280	376	0	448
109	0	0	0	0	0	168	88	80	32	344	328	144	320	384	16	240	48	96	320	208
110	0	0	0	0	0	320	112	176	80	232	256	72	360	176	0	152	192	240	368	104
111	0	0	0	0	0	168	328	72	32	0	456	280	24	24	96	304	248	0	0	488
112	0	0	0	0	0	0	88	0	352	216	408	0	352	304	408	432	16	160	264	16
113	0	0	0	0	0	48	104	192	64	264	240	280	192	312	224	176	112	256	400	192
114	0	0	0	0	0	96	48	152	0	16	296	208	136	328	96	472	64	40	0	344
115	8	0	0	0	0	376	32	128	344	168	96	80	136	144	464	328	88	424	136	152
116	0	0	0	0	0	280	48	8	376	400	424	400	216	0	272	0	0	80	256	400
117	0	0	0	0	0	24	32	240	344	312	320	416	224	0	184	136	320	296	0	104
118	0	0	0	0	0	128	24	16	384	256	272	184	408	144	456	456	312	0	144	24
119	0	0	0	0	0	184	240	64	408	288	456	0	360	88	64	376	72	360	120	72
120	0	0	0	0	0	0	288	200	144	128	224	336	328	320	0	344	216	208	16	200
(1,12258)	(2,4554)	(3,0)	(4,1708)	
(1,3945)	(2,468)	(3,0)	(4,18)	
(1,4963)	(2,910)	(3,0)	(4,31)	
(1,5016)	(2,859)	(3,0)	(4,65)	
(1,4902)	(2,731)	(3,0)	(4,55)	
(1,3284)	(2,488)	(3,0)	(4,18)	
(1,1)	(2,0)	(3,0)	(4,0)	
(1,1)	(2,0)	(3,0)	(4,0)	
(1,1)	(2,0)	(3,0)	(4,0)	
(1,1)	(2,0)	(3,0)	(4,0)	
(1,1)	(2,0)	(3,0)	(4,0)	
(1,1)	(2,0)	(3,0)	(4,0)	
(1,1)	(2,0)	(3,0)	(4,0)	
(1,1)	(2,0)	(3,0)	(4,0)	
(1,1)	(2,0)	(3,0)	(4,0)	
(1,1)	(2,0)	(3,0)	(4,0)	
(1,1)	(2,0)	(3,0)	(4,0)	
(1,1)	(2,0)	(3,0)	(4,0)	
(1,1)	(2,0)	(3,0)	(4,0)	
(1,1)	(2,0)	(3,0)	(4,0)	
(1,1)	(2,0)	(3,0)	(4,0)	
avg	0.4	0.4	0.4	0.133333	0.4	158.533	143.867	160.133	206.933	172.4	206.133	209.333	194.667	194.667	204.8	210	173.333	207.867	214.133	163.867
delay	2.66667	4.66667	1	16	2.33333	11.434	9.61667	13.1082	6.58763	12.1083	10.1939	33.7178	11.2521	16.7658	15.1758	16.9371	20.4789	103.656	18.9564	15.7732
loss	0	0	0	0.666667	0	0.28717	0.281915	0.319547	0.143015	0.146535	0.112959	0.133076	0.138135	0.152641	0.133183	0.146341	0.170281	0.159115	0.147558	0.157534
Command ['/home/ubuntu/ns-3.30-obss/build/scratch/simple-ofdma-adhoc4', '--ofdmaEnabled=true', '--startTime=60', '--totalTime=120', '--dataMode=HeMcs1', '--datarate=5e5', '--clNum=20', '--ratio=0.375', '--RngRun=14'] terminated with signal SIGSEGV. Run it under a debugger to get more information (./waf --run <program> --command-template="gdb --args %s <args>").
