Waf: Entering directory `/home/ubuntu/ns-3.30-obss/build'
Waf: Leaving directory `/home/ubuntu/ns-3.30-obss/build'
Build commands will be stored in build/compile_commands.json
'build' finished successfully (0.813s)
--------------------------Rate[Kbps]--------------------------
Time[s]	cl-1	cl-2	cl-3	cl-4	cl-5	cl-6	cl-7	cl-8	cl-9	cl-10	cl-11	cl-12	cl-13	cl-14	cl-15	cl-16	cl-17	cl-18	cl-19	cl-20
60	14.8	14.4	16.4	15.4	17.6	13.2	16.2	16.4	13.8	13.8	17	15	12.6	13.6	15.4	16.4	14.4	16.2	16.6	16.2
61	0	0	0	0	0	112	216	160	120	200	240	56	0	384	136	56	64	384	176	168
62	0	0	0	0	0	240	128	400	368	336	0	16	112	312	232	16	136	120	208	104
63	0	0	0	0	0	264	160	184	144	0	48	96	72	72	128	352	136	56	8	128
64	0	0	0	0	0	304	24	240	8	136	208	400	168	352	400	56	232	368	32	24
65	0	0	0	0	0	320	104	104	8	400	336	176	184	368	272	56	248	264	368	208
66	0	0	0	0	0	24	0	168	384	184	216	392	0	24	384	288	0	120	120	304
67	0	0	0	0	0	216	200	240	296	48	304	168	200	32	384	192	312	0	240	192
68	0	0	0	0	0	232	344	368	0	192	384	392	336	392	248	0	176	152	280	288
69	0	0	0	0	0	80	88	96	336	176	184	232	112	56	368	64	248	0	0	360
70	0	0	0	0	0	120	40	272	224	80	304	280	128	224	72	344	48	192	192	376
71	0	0	0	0	0	384	312	0	296	400	112	24	376	272	296	384	16	32	24	288
72	0	0	0	0	0	72	136	64	0	256	0	360	32	312	136	120	64	328	280	288
73	0	0	0	0	0	232	0	256	184	160	328	384	224	192	400	56	264	392	400	280
74	0	0	0	0	8	400	88	392	272	32	0	184	104	168	112	384	224	64	232	8
75	0	8	0	0	0	120	64	120	256	384	72	400	0	400	40	400	392	8	120	272
76	8	0	0	0	0	216	320	312	368	96	232	72	56	128	272	384	248	208	0	192
77	0	0	0	0	0	0	192	0	304	136	320	120	184	152	144	208	224	328	160	256
78	0	0	8	0	0	200	224	352	168	304	32	128	120	320	288	40	312	328	16	72
79	0	0	0	0	0	0	120	160	392	0	312	384	152	80	64	400	0	184	192	160
80	0	0	0	0	0	192	176	256	200	224	24	344	408	232	368	336	80	184	120	96
81	0	0	0	0	0	240	16	144	384	160	120	128	112	280	304	8	312	280	216	24
82	0	0	0	0	0	200	112	112	256	176	176	32	352	336	296	192	352	200	80	400
83	0	0	0	8	0	400	304	0	64	120	288	232	104	208	176	152	80	400	272	216
84	0	0	0	0	0	0	376	48	408	104	288	136	112	232	384	120	296	104	256	304
85	0	0	0	0	0	264	192	80	376	64	208	128	168	208	344	400	368	144	24	216
86	0	8	0	0	0	56	56	56	304	280	152	176	0	64	72	296	264	128	0	176
87	0	0	0	0	0	304	264	344	136	200	280	0	264	296	264	192	192	0	24	240
88	0	0	0	0	0	296	128	360	168	184	112	256	80	264	280	248	160	224	256	0
89	0	0	0	0	0	32	368	112	192	400	160	400	0	80	352	136	224	0	384	0
90	0	0	0	0	0	184	168	0	264	216	184	136	264	296	400	48	120	344	288	320
91	0	0	8	0	0	240	160	360	8	152	192	176	208	264	208	368	72	176	280	32
92	0	0	0	0	0	0	272	232	128	168	168	280	264	0	248	144	400	0	296	240
93	0	0	0	0	0	312	312	400	56	384	0	352	360	80	384	304	320	32	0	104
94	8	0	0	0	0	352	168	312	408	376	24	144	0	72	376	264	184	0	160	392
95	0	0	0	0	0	0	40	200	248	144	184	272	176	48	232	208	168	120	336	80
96	0	0	0	0	0	312	280	400	192	176	32	112	152	80	0	400	400	400	128	0
97	0	0	0	8	0	192	192	232	16	16	72	400	336	360	256	264	56	280	24	200
98	0	0	0	0	0	0	0	272	200	304	208	104	224	376	64	0	160	392	360	264
99	0	0	0	0	0	16	232	296	376	0	296	8	400	368	64	312	328	240	264	248
100	0	0	0	0	0	0	248	0	176	384	408	96	168	232	112	152	112	376	144	0
101	0	0	0	0	0	336	64	248	104	56	240	64	0	144	264	400	56	240	64	160
102	0	0	0	0	0	320	0	168	88	264	16	48	296	392	272	160	344	184	96	392
103	0	0	8	0	0	144	224	40	176	208	16	48	224	256	80	264	64	64	384	360
104	0	0	0	0	0	360	312	96	400	16	80	400	224	0	240	96	384	0	144	400
105	0	8	0	0	8	312	48	192	128	144	8	296	0	320	216	184	240	120	144	288
106	0	0	0	0	0	120	72	56	144	232	328	400	240	368	368	128	352	272	0	96
107	0	0	0	0	0	224	360	112	376	136	240	192	0	336	240	0	400	0	40	304
108	8	0	0	0	0	304	184	80	128	0	8	104	96	264	0	320	120	288	24	384
109	0	0	0	0	0	80	0	0	344	352	112	0	256	200	192	208	344	72	0	72
110	0	0	0	0	0	120	32	232	216	400	0	88	136	112	400	128	16	32	312	0
111	0	0	0	0	0	16	136	160	160	24	216	320	400	192	216	400	200	128	384	344
112	0	0	0	0	0	256	8	384	288	16	168	184	312	0	336	184	360	256	200	128
113	0	0	0	8	0	224	160	152	0	248	104	224	304	104	160	0	296	136	152	176
114	0	0	0	0	0	24	160	0	200	376	240	344	232	264	88	24	352	296	112	248
115	0	0	0	0	0	32	40	352	144	80	304	48	304	392	0	0	136	184	408	392
116	0	0	0	0	0	72	88	0	56	384	184	168	368	88	16	8	272	56	336	144
117	0	0	0	0	0	136	128	256	400	320	0	240	32	0	0	48	216	384	144	32
118	0	0	0	0	0	400	160	184	160	216	240	248	48	168	320	0	264	184	104	136
119	0	0	0	0	8	80	400	80	112	16	200	400	208	0	88	72	88	96	320	176
120	0	0	0	0	0	144	264	0	336	32	272	152	240	176	304	0	72	0	288	272
(1,21255)	(2,1015)	(3,0)	(4,77)	
(1,4076)	(2,102)	(3,0)	(4,19)	
(1,5826)	(2,178)	(3,0)	(4,2)	
(1,6088)	(2,122)	(3,0)	(4,1)	
(1,5739)	(2,224)	(3,0)	(4,0)	
(1,1)	(2,0)	(3,0)	(4,0)	
(1,1)	(2,0)	(3,0)	(4,0)	
(1,1)	(2,0)	(3,0)	(4,0)	
(1,1)	(2,0)	(3,0)	(4,0)	
(1,1)	(2,0)	(3,0)	(4,0)	
(1,1)	(2,0)	(3,0)	(4,0)	
(1,1)	(2,0)	(3,0)	(4,0)	
(1,1)	(2,0)	(3,0)	(4,0)	
(1,1)	(2,0)	(3,0)	(4,0)	
(1,1)	(2,0)	(3,0)	(4,0)	
(1,1)	(2,0)	(3,0)	(4,0)	
(1,1)	(2,0)	(3,0)	(4,0)	
(1,1)	(2,0)	(3,0)	(4,0)	
(1,1)	(2,0)	(3,0)	(4,0)	
(1,1)	(2,0)	(3,0)	(4,0)	
(1,1)	(2,0)	(3,0)	(4,0)	
avg	0.4	0.4	0.4	0.4	0.4	180.533	161.067	181.6	210.8	187.867	169.733	202.4	177.2	206.533	222.667	182.8	209.467	175.733	176.933	200.4
delay	0.666667	0.333333	0.333333	0.333333	1.66667	18.6632	4.37417	20.8935	2.6654	5.51242	7.18382	1.29974	2.39654	5.64041	4.37485	2.31218	5.85742	1.2739	1.47139	5.50033
loss	0	0	0	0	0.25	0.0279971	0.0234438	0.0381356	0.0234713	0.0296143	0.0312024	0.0168394	0.0191882	0.0336868	0.0380184	0.0122478	0.04324	0.018615	0.0278184	0.0290698
Command ['/home/ubuntu/ns-3.30-obss/build/scratch/simple-ofdma-adhoc4', '--ofdmaEnabled=true', '--startTime=60', '--totalTime=120', '--dataMode=HeMcs5', '--datarate=4e5', '--clNum=20', '--ratio=0.375', '--RngRun=11'] terminated with signal SIGSEGV. Run it under a debugger to get more information (./waf --run <program> --command-template="gdb --args %s <args>").
