Waf: Entering directory `/home/ubuntu/ns-3.30-obss/build'
Waf: Leaving directory `/home/ubuntu/ns-3.30-obss/build'
Build commands will be stored in build/compile_commands.json
'build' finished successfully (0.896s)
--------------------------Rate[Kbps]--------------------------
Time[s]	cl-1	cl-2	cl-3	cl-4	cl-5	cl-6	cl-7	cl-8	cl-9	cl-10	cl-11	cl-12	cl-13	cl-14	cl-15
60	17.6	13.6	17	15.2	17.2	13.8	12.4	13.4	14.2	14.6	14.8	15.6	14.4	15.4	16.6
61	0	0	0	0	312	0	0	128	720	0	8	0	896	0	200
62	0	0	0	216	72	304	448	208	320	480	0	480	272	384	496
63	0	0	0	32	32	112	536	128	448	624	144	288	680	576	32
64	0	0	0	312	640	328	304	40	56	328	256	0	640	128	696
65	0	0	0	176	448	480	480	488	360	256	488	272	0	16	232
66	0	0	0	496	544	112	600	464	0	0	120	136	320	504	352
67	0	0	0	264	88	648	224	408	392	288	488	160	224	248	160
68	0	0	0	376	336	368	280	80	160	520	584	152	232	456	216
69	0	0	0	568	296	312	480	320	664	0	288	528	0	184	24
70	0	0	0	256	536	232	136	336	424	48	296	264	424	488	72
71	0	0	0	264	504	392	0	0	192	712	152	256	168	680	496
72	0	0	0	576	608	560	0	200	240	704	576	0	0	352	8
73	0	0	0	232	312	776	152	200	400	304	216	456	184	160	456
74	0	0	0	496	592	176	312	536	144	40	352	440	160	160	104
75	0	0	0	0	336	216	296	408	0	568	368	424	832	0	240
76	0	0	0	320	264	344	408	328	80	504	72	440	448	40	160
77	0	0	0	96	448	0	280	200	448	416	792	328	264	96	496
78	0	0	0	176	288	368	184	184	416	80	296	520	384	432	464
79	0	0	0	200	760	432	0	8	680	200	72	448	400	136	472
80	0	0	0	96	0	40	208	736	680	0	320	744	352	640	112
81	0	0	0	312	424	584	424	160	608	432	424	424	0	16	0
82	0	0	0	504	632	224	272	208	392	560	472	120	432	64	0
83	0	0	0	200	408	256	256	384	456	200	88	304	408	408	256
84	0	0	0	176	432	248	336	0	576	0	184	464	624	272	368
85	0	0	0	80	520	112	480	184	472	192	160	208	592	152	360
86	0	0	0	456	72	208	368	216	104	480	320	456	424	376	48
87	0	0	0	224	208	400	520	472	272	152	480	112	24	520	272
88	0	0	0	472	120	584	88	536	704	136	240	32	184	136	256
89	0	0	0	456	384	24	168	312	624	192	0	288	680	248	240
90	0	0	0	104	0	16	344	0	280	696	336	552	640	432	216
91	0	0	0	136	536	512	440	208	0	576	376	400	400	16	96
92	0	0	0	16	560	448	80	376	336	344	488	256	24	408	328
93	0	0	0	80	216	488	208	88	472	480	400	0	232	568	296
94	0	0	0	360	16	0	256	360	312	512	576	208	0	568	424
95	0	0	0	208	424	536	472	544	440	160	160	392	0	96	136
96	0	0	0	472	640	384	272	360	48	520	0	248	704	48	208
97	0	0	0	352	416	264	96	352	32	368	368	256	384	288	376
98	0	0	0	504	568	64	608	336	352	112	208	96	456	272	120
99	0	0	0	72	96	0	592	472	320	536	248	128	560	536	192
100	0	0	0	360	248	504	344	376	256	256	96	160	536	264	88
101	0	0	0	464	240	616	184	0	128	352	440	432	272	304	368
102	0	0	0	528	0	336	528	352	272	336	200	216	184	584	296
103	0	0	0	272	208	48	440	416	376	104	368	40	384	280	544
104	0	0	0	48	24	632	0	280	528	0	672	328	352	272	576
105	0	0	0	464	376	336	48	376	544	32	168	176	216	512	224
106	0	0	0	176	544	544	88	256	0	384	232	264	472	216	568
107	0	0	0	184	80	504	0	312	504	416	240	64	768	488	184
108	0	0	0	424	280	120	320	392	224	296	520	552	136	304	0
109	0	0	0	0	200	328	760	512	240	328	16	416	16	480	392
110	0	0	0	304	176	40	536	304	112	16	88	608	712	736	80
111	0	0	0	600	240	16	632	248	472	264	184	464	32	264	200
112	0	0	0	56	0	648	368	160	656	0	288	472	0	536	352
113	0	0	0	112	128	112	472	40	696	368	144	320	208	808	144
114	0	0	0	584	160	376	16	440	376	184	24	304	344	144	320
115	0	0	0	0	328	576	320	464	240	400	64	280	400	0	480
116	0	0	0	328	272	24	160	416	568	0	248	528	192	728	224
117	0	0	0	80	560	736	424	64	160	504	128	48	328	408	80
118	0	0	0	112	432	480	280	0	576	448	8	0	488	480	384
119	0	0	0	480	472	416	224	304	168	360	464	152	88	216	352
120	0	0	0	384	432	456	408	272	0	64	344	32	232	568	296
(1,1715)	(2,204)	(3,0)	(4,9742)	
(1,2994)	(2,2657)	(3,0)	(4,710)	
(1,3115)	(2,2677)	(3,0)	(4,594)	
(1,3049)	(2,2667)	(3,0)	(4,654)	
(1,1)	(2,0)	(3,0)	(4,0)	
(1,1)	(2,0)	(3,0)	(4,0)	
(1,1)	(2,0)	(3,0)	(4,0)	
(1,1)	(2,0)	(3,0)	(4,0)	
(1,1)	(2,0)	(3,0)	(4,0)	
(1,1)	(2,0)	(3,0)	(4,0)	
(1,1)	(2,0)	(3,0)	(4,0)	
(1,1)	(2,0)	(3,0)	(4,0)	
(1,1)	(2,0)	(3,0)	(4,0)	
(1,1)	(2,0)	(3,0)	(4,0)	
(1,1)	(2,0)	(3,0)	(4,0)	
(1,1)	(2,0)	(3,0)	(4,0)	
avg	0	0	0	271.6	324.8	323.333	302.667	282.533	345.333	297.2	272.533	285.6	333.467	328.267	263.867
delay	0.306818	0.294118	0.341176	387.193	384.119	374.728	351.294	387.685	332.406	387.426	406.769	359.503	358.884	366.571	373.073
loss	0	0	0	0.40539	0.295742	0.287184	0.404043	0.407935	0.308596	0.323315	0.423272	0.40939	0.292904	0.296128	0.403377
Command ['/home/ubuntu/ns-3.30-obss/build/scratch/simple-ofdma-adhoc4', '--ofdmaEnabled=true', '--startTime=60', '--totalTime=120', '--dataMode=HeMcs1', '--datarate=10e5', '--ratio=0.375', '--RngRun=29', '--locationFile=my-simulations/8_ofdma7/txt/locationFile34.txt', '--routingFile=my-simulations/8_ofdma7/txt/routingFile34.txt'] terminated with signal SIGSEGV. Run it under a debugger to get more information (./waf --run <program> --command-template="gdb --args %s <args>").
