Waf: Entering directory `/home/synrg/Documents/Jiaming/ns-3.30/build'
Waf: Leaving directory `/home/synrg/Documents/Jiaming/ns-3.30/build'
Build commands will be stored in build/compile_commands.json
'build' finished successfully (0.782s)
--------------------------Rate[Kbps]--------------------------
Time[s]	cl-1	cl-2	cl-3	cl-4	cl-5	cl-6	cl-7	cl-8	cl-9	cl-10	cl-11	cl-12	cl-13	cl-14	cl-15	cl-16	cl-17	cl-18	cl-19	cl-20
60	14.4	15.6	13.2	13.4	13	15.6	14	14.8	15.8	16.4	12	16.8	12.8	19.4	11	16.4	13	14.2	16.4	15
61	216	232	232	232	136	48	96	80	56	48	40	48	56	56	32	32	48	56	32	32
62	112	48	88	96	40	80	88	64	96	48	32	40	40	56	56	64	80	136	104	88
63	80	88	160	144	104	40	96	56	104	80	48	8	56	56	72	32	64	32	80	64
64	104	136	176	136	176	96	80	104	72	72	72	40	48	56	96	64	48	16	56	56
65	88	128	128	152	88	96	80	40	48	96	16	8	64	48	88	56	104	80	72	48
66	120	144	136	112	80	56	56	24	88	80	120	120	40	72	112	48	48	120	32	80
67	152	56	96	168	88	72	64	80	80	80	80	88	56	16	64	48	32	56	40	56
68	160	88	64	96	56	24	48	64	96	80	80	112	96	104	40	112	48	104	72	24
69	120	104	72	136	120	72	104	64	64	72	88	48	72	48	56	120	72	32	72	64
70	88	64	104	96	56	32	40	8	80	40	64	88	88	56	64	88	40	48	96	96
71	80	80	120	144	80	40	48	80	24	80	72	32	40	120	48	48	24	16	64	48
72	136	88	72	88	136	32	80	48	48	32	88	80	40	32	48	80	120	64	64	40
73	112	144	96	88	64	32	56	48	88	80	72	64	64	104	88	56	40	88	48	96
74	136	56	96	96	64	48	72	24	24	56	64	104	120	80	64	40	80	96	80	56
75	120	64	128	32	88	96	32	40	104	64	64	64	40	32	72	112	72	48	40	48
76	88	128	128	72	104	96	48	16	96	32	40	40	88	64	40	48	48	48	72	40
77	136	136	136	72	96	80	64	40	24	56	104	120	72	96	88	72	32	48	104	40
78	112	72	72	128	112	104	56	72	112	96	128	56	32	48	64	40	104	88	56	96
79	144	112	112	64	32	40	64	80	88	56	64	24	16	48	40	56	128	32	88	64
80	96	104	136	64	88	56	112	64	72	24	112	88	80	32	32	64	16	104	24	40
81	88	112	112	120	64	56	88	56	104	56	40	40	48	88	56	56	104	72	48	88
82	80	152	112	112	96	40	56	64	80	72	56	48	56	48	112	80	40	48	80	48
83	96	112	104	144	120	8	32	96	64	104	80	96	72	72	40	64	56	104	48	80
84	136	40	104	64	112	16	48	40	24	112	80	72	56	56	64	104	64	64	96	48
85	64	72	112	96	40	48	40	40	24	80	48	56	72	80	80	112	96	80	80	64
86	136	160	136	64	120	96	56	48	64	32	40	88	48	56	88	88	48	32	64	56
87	136	112	144	168	160	48	24	16	80	96	56	56	48	24	48	48	96	96	120	88
88	88	120	112	136	144	48	48	40	32	40	96	96	104	64	56	64	80	40	48	24
89	152	136	64	56	104	88	88	64	80	80	72	48	96	56	56	56	40	56	96	24
90	72	88	152	128	72	32	16	80	56	40	104	48	56	96	80	72	80	96	104	96
91	88	112	200	184	144	88	56	24	80	64	56	64	56	64	168	104	96	32	56	80
92	120	88	104	104	128	136	104	112	48	72	128	112	136	64	64	48	88	40	72	96
93	96	80	112	144	112	40	72	80	48	88	64	72	128	96	72	88	96	80	64	104
94	120	104	144	128	80	80	48	64	64	72	48	48	72	80	64	112	64	48	96	32
95	64	64	72	96	64	88	40	24	88	88	32	8	40	80	88	48	112	72	104	128
96	88	104	112	128	64	56	88	64	104	64	32	24	64	56	24	104	48	32	80	64
97	80	96	144	144	112	72	64	40	72	48	40	40	40	72	80	64	56	56	56	32
98	120	96	152	104	24	24	56	72	56	88	96	56	72	96	56	80	56	56	80	72
99	56	112	96	128	136	72	56	80	48	96	48	88	80	56	88	32	32	72	56	16
100	144	120	104	88	128	88	64	32	88	64	72	40	32	80	80	40	56	88	104	56
101	88	88	80	72	80	88	56	24	64	80	72	64	16	80	64	48	64	64	72	40
102	128	104	88	112	32	72	64	120	64	72	88	88	64	104	64	64	48	56	56	120
103	72	96	112	96	128	56	88	72	80	64	8	32	64	64	80	32	88	112	96	72
104	112	80	112	104	64	64	64	32	120	56	96	80	96	104	88	104	72	64	40	144
105	104	96	104	192	144	80	88	56	48	64	88	80	72	64	48	64	88	96	48	144
106	104	144	160	120	128	48	96	32	104	72	72	40	32	88	88	40	40	48	48	64
107	152	104	144	72	72	48	80	40	80	64	64	64	104	72	56	80	136	112	104	96
108	104	152	128	120	128	56	104	48	64	40	48	112	64	32	56	48	56	64	64	120
109	104	96	120	64	64	72	72	56	48	72	64	104	80	112	88	88	80	64	48	48
110	56	120	112	72	128	40	64	48	72	136	96	96	96	72	72	72	56	24	8	0
111	80	136	144	152	144	56	104	72	80	48	24	72	80	56	56	88	40	48	72	96
112	48	88	80	64	88	64	32	40	136	144	80	72	128	96	56	88	104	72	48	32
113	64	64	64	88	144	104	104	56	80	56	40	24	40	24	72	72	112	72	104	96
114	144	152	184	168	120	72	96	72	64	24	40	24	40	24	104	72	40	40	40	40
115	128	160	128	144	104	80	88	72	112	72	56	80	96	104	40	56	64	96	16	40
116	88	128	88	112	112	104	80	72	112	48	56	72	88	72	96	48	64	96	48	40
117	80	112	112	96	88	64	88	56	64	96	64	40	96	72	48	40	64	88	96	80
118	104	104	80	72	88	64	40	24	136	80	40	96	80	80	104	96	80	80	32	72
119	112	40	64	160	80	64	56	64	88	104	72	88	56	64	40	64	64	64	120	120
120	128	144	64	88	96	24	48	40	96	40	64	80	48	56	112	56	72	56	96	96
avg	107.067	106	115.2	112	97.7333	63.0667	67.3333	55.4667	74.6667	69.3333	66.1333	64.6667	67.0667	67.4667	69.3333	67.7333	68.1333	66.5333	68.4	67.2
delay	560.143	562.528	565.173	564.708	577.378	603.844	594.325	598.173	583.546	582.136	584.365	583.229	581.169	582.885	589.973	584.396	584.996	581.006	583.209	585.208
loss	0.760999	0.763626	0.742262	0.751035	0.782222	0.857357	0.848576	0.874548	0.834074	0.843178	0.850151	0.853109	0.848949	0.84823	0.844709	0.848132	0.847052	0.850417	0.847003	0.849642
Command ['/home/synrg/Documents/Jiaming/ns-3.30/build/scratch/simple-ofdma-adhoc', '--ofdmaEnabled=true', '--startTime=60', '--totalTime=120', '--dataMode=HeMcs0', '--datarate=5e5', '--clNum=20', '--ratio=0.375', '--RngRun=12'] terminated with signal SIGSEGV. Run it under a debugger to get more information (./waf --run <program> --command-template="gdb --args %s <args>").
