Waf: Entering directory `/home/ubuntu/ns-3.30-obss/build'
Waf: Leaving directory `/home/ubuntu/ns-3.30-obss/build'
Build commands will be stored in build/compile_commands.json
'build' finished successfully (0.834s)
--------------------------Rate[Kbps]--------------------------
Time[s]	cl-1	cl-2	cl-3	cl-4	cl-5	cl-6	cl-7	cl-8
60	15.4	15.4	15.4	14.2	12.8	16.4	17.4	16.8
61	0	0	344	24	0	112	112	136
62	0	0	216	288	160	360	56	176
63	0	0	56	296	352	0	144	400
64	0	0	32	192	240	128	32	40
65	0	0	232	48	232	360	152	360
66	0	0	0	312	400	0	72	280
67	0	0	88	400	144	200	136	216
68	0	0	104	72	56	336	328	400
69	0	0	192	0	320	272	80	192
70	0	0	32	152	256	0	256	176
71	0	0	232	64	336	264	392	88
72	0	0	400	32	0	400	256	400
73	0	0	72	400	272	112	400	360
74	0	0	152	200	400	368	160	240
75	0	0	400	288	248	280	72	224
76	0	0	312	136	192	120	96	0
77	0	0	296	176	0	160	104	304
78	0	0	8	248	112	208	144	80
79	0	0	80	176	296	0	0	304
80	0	0	360	248	256	232	120	264
81	0	0	392	224	184	400	296	176
82	0	0	216	320	256	200	64	200
83	0	0	80	104	184	304	0	104
84	0	0	24	208	264	136	344	264
85	0	0	264	336	160	72	400	344
86	0	0	0	0	208	120	120	400
87	0	0	224	360	32	280	272	0
88	0	0	184	304	200	8	88	72
89	0	0	0	120	232	16	352	272
90	0	0	88	392	80	88	240	24
91	0	0	368	40	320	392	16	184
92	0	0	120	272	392	128	40	64
93	0	0	80	104	72	168	248	128
94	0	0	256	0	128	264	352	280
95	0	0	0	248	400	360	256	384
96	0	0	312	328	272	0	224	136
97	0	0	264	296	112	120	200	24
98	0	0	288	160	336	136	272	216
99	0	0	256	184	272	248	248	224
100	0	0	184	264	0	184	80	168
101	0	0	208	264	88	256	0	296
102	0	0	24	384	184	0	328	120
103	0	0	336	112	0	256	56	24
104	0	0	0	64	48	272	256	88
105	0	0	16	320	176	256	336	176
106	0	0	128	336	336	192	48	160
107	0	0	256	400	288	248	56	120
108	0	0	88	128	248	120	240	328
109	0	0	288	48	0	0	304	24
110	0	0	128	352	136	296	264	160
111	0	0	0	352	248	248	392	328
112	0	0	88	8	152	184	0	200
113	0	0	368	240	176	136	304	400
114	0	0	0	184	344	288	240	96
115	0	0	168	0	0	0	400	64
116	0	0	216	240	64	216	56	256
117	0	0	0	8	32	264	232	384
118	0	0	176	152	40	16	88	0
119	0	0	88	392	160	0	8	88
120	0	0	128	384	128	360	288	176
(1,8935)	(2,120)	(3,0)	(4,0)	
(1,4305)	(2,73)	(3,0)	(4,0)	
(1,4333)	(2,105)	(3,0)	(4,0)	
(1,1)	(2,0)	(3,0)	(4,0)	
(1,1)	(2,0)	(3,0)	(4,0)	
(1,1)	(2,0)	(3,0)	(4,0)	
(1,1)	(2,0)	(3,0)	(4,0)	
(1,1)	(2,0)	(3,0)	(4,0)	
(1,1)	(2,0)	(3,0)	(4,0)	
avg	0	0	165.2	206.4	187.067	185.733	185.333	196.533
delay	0.285714	0.285714	2.47538	2.14987	2.14825	2.19598	2.27266	2.20963
loss	0	0	0.0166667	0.0114943	0.00918079	0.0134561	0.00286944	0.00673854
Command ['/home/ubuntu/ns-3.30-obss/build/scratch/simple-ofdma-adhoc4', '--ofdmaEnabled=true', '--startTime=60', '--totalTime=120', '--dataMode=HeMcs1', '--datarate=4e5', '--ratio=0.375', '--RngRun=16', '--locationFile=my-simulations/8_ofdma7/txt/locationFile23.txt', '--routingFile=my-simulations/8_ofdma7/txt/routingFile23.txt'] terminated with signal SIGSEGV. Run it under a debugger to get more information (./waf --run <program> --command-template="gdb --args %s <args>").
