Waf: Entering directory `/home/ubuntu/ns-3.30-obss/build'
Waf: Leaving directory `/home/ubuntu/ns-3.30-obss/build'
Build commands will be stored in build/compile_commands.json
'build' finished successfully (0.718s)
--------------------------Rate[Kbps]--------------------------
Time[s]	cl-1	cl-2	cl-3	cl-4	cl-5	cl-6	cl-7	cl-8	cl-9	cl-10	cl-11	cl-12	cl-13	cl-14	cl-15	cl-16	cl-17	cl-18	cl-19	cl-20	cl-21
60	12.8	16.4	13.6	17	16.8	14.6	14.8	12.4	16.4	17.6	14.6	14	13.4	12.6	14	13.8	14.8	14.2	13.2	10.4	17
61	0	0	0	0	0	0	0	0	0	16	200	0	0	0	0	672	0	0	248	432	416
62	0	0	0	0	0	0	0	0	0	392	248	512	464	16	80	144	112	384	320	320	408
63	0	0	0	0	0	0	0	0	0	384	256	376	272	376	168	592	240	0	32	32	320
64	0	0	0	0	0	0	0	0	0	544	88	488	304	424	0	576	368	200	184	72	88
65	0	0	0	0	0	0	0	0	0	64	56	72	136	72	8	136	56	168	48	192	0
66	0	0	0	0	0	0	0	0	0	40	200	144	200	240	184	64	256	352	224	184	464
67	0	0	0	0	0	0	0	0	0	120	184	56	400	88	400	472	80	528	296	248	128
68	0	0	0	0	0	0	0	0	0	184	88	240	456	336	432	528	344	208	248	0	336
69	0	0	0	0	0	0	0	0	0	208	208	88	376	200	0	280	400	88	400	544	224
70	0	0	0	0	0	0	0	0	0	40	408	0	704	24	16	0	0	408	680	536	0
71	0	0	0	0	0	0	0	0	0	112	64	160	16	224	160	88	16	320	128	192	224
72	0	0	0	0	0	0	0	0	0	144	120	240	0	16	8	0	80	48	96	64	144
73	0	0	0	0	0	0	0	0	0	296	96	256	120	448	8	328	440	8	320	176	592
74	0	0	0	0	0	0	0	0	0	120	216	296	48	64	336	368	200	472	152	216	376
75	0	0	0	0	0	0	0	0	0	0	96	0	320	128	552	312	128	336	648	744	0
76	0	0	0	0	0	0	0	0	0	280	448	136	0	312	240	304	328	632	200	200	304
77	0	0	0	0	0	0	0	0	0	168	64	136	600	0	120	592	336	648	64	552	136
78	0	0	0	0	0	0	0	0	0	240	640	576	376	96	512	16	0	48	408	280	192
79	0	0	0	0	0	0	0	0	0	400	120	328	0	40	520	224	464	408	40	624	520
80	0	0	0	0	0	0	0	0	0	232	320	528	360	376	88	336	104	208	168	464	232
81	0	0	0	0	0	0	0	0	0	0	64	376	368	176	616	24	184	0	0	512	280
82	0	0	0	0	0	0	0	0	0	264	32	400	56	184	200	216	344	704	320	272	184
83	0	0	0	0	0	0	0	0	0	440	48	120	24	168	224	568	168	536	408	552	0
84	0	0	0	0	0	0	0	0	0	264	48	624	264	16	120	136	0	160	216	416	320
85	0	0	0	0	0	0	0	0	0	40	0	200	176	448	424	344	304	224	560	440	184
86	0	0	0	0	0	0	0	0	0	376	184	256	80	424	192	208	152	40	528	40	424
87	0	0	0	0	0	0	0	0	0	168	768	728	184	0	648	432	0	616	8	0	432
88	0	0	0	0	0	0	0	0	0	0	560	416	272	104	0	368	408	440	72	152	320
89	0	0	0	0	0	0	0	0	0	192	488	160	432	0	216	224	336	112	112	0	576
90	0	0	0	0	0	0	0	0	0	112	160	184	360	392	664	464	624	0	0	288	160
91	0	0	0	0	0	0	0	0	0	72	184	136	392	704	448	360	248	376	136	88	368
92	0	0	0	0	0	0	0	0	0	360	536	376	640	184	88	56	120	0	160	288	344
93	0	0	0	0	0	0	0	0	0	0	88	600	104	96	176	232	288	320	624	528	536
94	0	0	0	0	0	0	0	0	0	520	144	376	0	0	208	368	168	560	352	256	616
95	0	0	0	0	0	0	0	0	0	248	440	672	112	400	560	560	88	104	0	264	64
96	0	0	0	0	0	0	0	0	0	504	336	184	248	0	40	432	408	392	328	256	384
97	0	0	0	0	0	0	0	0	0	152	400	264	256	200	64	256	56	288	680	320	424
98	0	0	0	0	0	0	0	0	0	40	144	296	152	24	0	144	0	232	56	80	88
99	0	0	0	0	0	0	0	0	0	432	224	288	248	264	336	312	104	72	24	288	440
100	0	0	0	0	0	0	0	0	0	0	176	384	32	672	88	160	344	408	720	472	0
101	0	0	0	0	0	0	0	0	0	392	240	104	0	232	168	528	224	504	360	280	648
102	0	0	0	0	0	0	0	0	0	256	104	264	232	248	424	256	264	368	184	336	200
103	0	0	0	0	0	0	0	0	0	88	0	0	200	192	216	0	216	120	24	8	176
104	0	0	0	0	0	0	0	0	0	504	496	136	432	160	112	320	16	0	184	504	320
105	0	0	0	0	0	0	0	0	0	184	184	16	384	256	112	184	0	296	520	536	440
106	0	0	0	0	0	0	0	0	0	32	488	144	264	320	0	272	280	496	440	296	416
107	0	0	0	0	0	0	0	0	0	472	192	168	360	328	304	40	272	112	480	96	144
108	0	0	0	0	0	0	0	0	0	376	336	376	64	0	600	304	0	208	440	328	352
109	0	0	0	0	0	0	0	0	0	160	32	80	184	368	216	160	424	256	328	304	376
110	0	0	0	0	0	0	0	0	0	624	152	320	48	480	592	216	504	56	240	0	552
111	0	0	0	0	0	0	0	0	0	288	120	336	24	296	16	320	72	280	328	360	232
112	0	0	0	0	0	0	0	0	0	512	216	216	560	344	72	384	48	0	280	656	32
113	0	0	0	0	0	0	0	0	0	104	424	0	216	552	312	504	192	184	520	24	280
114	0	0	0	0	0	0	0	0	0	104	416	120	0	712	120	560	8	616	344	184	136
115	0	0	0	0	0	0	0	0	0	424	336	88	208	552	504	48	144	144	128	240	480
116	0	0	0	0	0	0	0	0	0	8	192	0	8	496	192	464	488	136	280	0	48
117	0	0	0	0	0	0	0	0	0	120	72	200	0	24	184	272	144	504	224	600	80
118	0	0	0	0	0	0	0	0	0	160	392	16	32	168	296	0	184	248	624	520	560
119	0	0	0	0	0	0	0	0	0	336	520	72	496	96	112	48	96	560	192	496	224
120	0	0	0	0	0	0	0	0	0	360	424	112	48	40	0	40	256	0	376	464	336
(1,21281)	(2,5607)	(3,0)	(4,1264)	
(1,8280)	(2,949)	(3,0)	(4,76)	
(1,7983)	(2,1079)	(3,0)	(4,70)	
(1,9285)	(2,1053)	(3,0)	(4,223)	
(1,4238)	(2,177)	(3,0)	(4,15)	
(1,4102)	(2,165)	(3,0)	(4,9)	
(1,4128)	(2,127)	(3,0)	(4,10)	
(1,4211)	(2,179)	(3,0)	(4,22)	
(1,4481)	(2,279)	(3,0)	(4,45)	
(1,4880)	(2,256)	(3,0)	(4,31)	
(1,1)	(2,0)	(3,0)	(4,0)	
(1,1)	(2,0)	(3,0)	(4,0)	
(1,1)	(2,0)	(3,0)	(4,0)	
(1,1)	(2,0)	(3,0)	(4,0)	
(1,1)	(2,0)	(3,0)	(4,0)	
(1,1)	(2,0)	(3,0)	(4,0)	
(1,1)	(2,0)	(3,0)	(4,0)	
(1,1)	(2,0)	(3,0)	(4,0)	
(1,1)	(2,0)	(3,0)	(4,0)	
(1,1)	(2,0)	(3,0)	(4,0)	
(1,1)	(2,0)	(3,0)	(4,0)	
(1,1)	(2,0)	(3,0)	(4,0)	
avg	0	0	0	0	0	0	0	0	0	227.867	241.333	240.667	221.867	230	228.267	280.267	202.133	268.933	278.4	296.933	288
delay	0.25	0.243902	0.235294	0.729412	0.702381	0.712329	0.689189	0.903226	0.695122	14.0702	8.4674	11.8687	10.9435	14.9843	11.0987	13.0366	10.4393	51.8979	14.3338	26.1051	20.7069
loss	0	0	0	0	0	0	0	0.0606061	0	0.382364	0.312049	0.336397	0.374436	0.341352	0.298361	0.313969	0.368859	0.352488	0.335032	0.303191	0.335793
Command ['/home/ubuntu/ns-3.30-obss/build/scratch/simple-ofdma-adhoc4', '--ofdmaEnabled=true', '--startTime=60', '--totalTime=120', '--dataMode=HeMcs5', '--datarate=8e5', '--ratio=0.375', '--RngRun=16', '--locationFile=my-simulations/8_ofdma7/txt/locationFile322.txt', '--routingFile=my-simulations/8_ofdma7/txt/routingFile322.txt'] terminated with signal SIGSEGV. Run it under a debugger to get more information (./waf --run <program> --command-template="gdb --args %s <args>").
