Waf: Entering directory `/home/ubuntu/ns-3.30-obss/build'
Waf: Leaving directory `/home/ubuntu/ns-3.30-obss/build'
Build commands will be stored in build/compile_commands.json
'build' finished successfully (0.860s)
--------------------------Rate[Kbps]--------------------------
Time[s]	cl-1	cl-2	cl-3	cl-4	cl-5	cl-6	cl-7	cl-8	cl-9	cl-10	cl-11	cl-12	cl-13	cl-14	cl-15	cl-16	cl-17	cl-18	cl-19	cl-20
60	16.4	16.6	14.4	15.2	15.2	15.8	13.8	15	14.2	13.8	15	15.2	13.6	15.6	16.2	15	11.6	13.8	12.6	12.6
61	0	0	0	0	0	216	0	56	368	448	0	72	0	0	0	920	0	168	280	352
62	0	0	0	0	0	336	304	136	296	384	400	0	264	656	128	688	336	240	616	192
63	0	0	0	0	0	72	144	464	240	288	0	480	0	528	64	0	320	240	272	480
64	0	0	0	0	0	176	144	416	544	200	184	392	88	80	216	200	120	312	48	344
65	0	0	0	0	0	408	144	0	256	512	40	512	368	216	136	480	336	424	328	16
66	0	0	0	0	0	632	416	80	0	176	64	224	536	416	0	696	696	272	728	80
67	0	0	0	0	0	632	240	176	744	0	368	0	120	376	528	600	432	200	72	576
68	0	0	0	0	0	64	272	40	56	440	472	376	504	40	368	336	160	120	288	304
69	0	0	0	0	0	288	0	152	88	0	112	80	424	368	480	576	256	40	104	312
70	0	0	0	0	0	712	440	192	648	832	0	24	40	8	416	816	560	0	104	288
71	0	0	0	0	0	96	616	0	920	120	40	168	320	144	240	16	296	768	432	880
72	0	0	0	0	0	120	0	496	128	616	256	384	104	320	488	336	88	552	512	368
73	0	0	0	0	0	256	464	416	112	280	408	352	144	208	368	440	408	288	360	456
74	0	0	0	0	0	248	272	328	504	328	0	576	280	232	144	24	520	320	328	240
75	0	0	0	0	0	128	176	432	440	320	376	384	336	56	120	632	464	112	520	32
76	0	0	0	0	0	376	0	0	920	392	240	416	344	496	0	240	0	48	152	408
77	0	0	0	0	0	624	552	272	232	744	560	0	248	312	976	328	224	0	64	528
78	0	0	0	0	0	344	496	144	400	584	0	568	104	720	624	80	512	312	248	144
79	0	0	0	0	0	320	472	168	0	160	808	816	32	560	200	152	64	584	376	648
80	0	0	0	0	0	152	552	0	152	616	112	192	0	552	560	136	528	464	488	152
81	0	0	0	0	0	672	760	504	240	312	480	0	144	328	24	40	216	32	832	744
82	0	0	0	0	0	24	480	296	704	720	24	16	224	560	656	352	192	600	40	88
83	0	0	0	0	0	560	152	40	296	512	208	376	384	248	464	16	88	432	136	440
84	0	0	0	0	0	360	272	64	136	0	0	392	272	568	184	512	640	496	168	616
85	0	0	0	0	0	0	176	680	168	152	440	648	648	256	0	440	136	456	472	344
86	0	0	0	0	0	344	200	456	0	256	408	184	32	808	488	832	72	0	192	488
87	0	0	0	0	0	248	640	368	224	232	280	232	104	24	176	440	656	120	472	504
88	0	0	0	0	0	904	440	752	184	408	0	0	80	632	0	496	0	72	16	880
89	0	0	0	0	0	0	0	432	736	672	648	416	168	592	232	216	520	200	496	56
90	0	0	0	0	0	384	424	544	416	544	64	136	48	232	752	144	704	0	432	176
91	0	0	0	0	0	680	696	432	64	8	328	40	0	488	728	128	264	560	520	512
92	0	0	0	0	0	0	360	320	568	248	488	312	640	240	304	472	112	432	0	424
93	0	0	0	0	0	440	208	680	368	208	248	128	496	760	0	32	216	640	680	64
94	0	0	0	0	0	272	864	256	152	440	344	584	0	128	536	272	200	80	136	424
95	0	0	0	0	0	536	208	32	528	216	728	72	440	360	800	88	0	96	328	760
96	0	0	0	0	0	296	320	64	304	272	392	488	736	264	160	120	368	472	736	160
97	0	0	0	0	0	280	376	408	40	768	304	136	624	488	0	336	8	80	256	104
98	0	0	0	0	0	160	592	456	272	352	232	144	608	0	440	376	400	264	384	88
99	0	0	0	0	0	264	0	152	816	712	264	0	712	40	728	712	32	56	0	208
100	0	0	0	0	0	256	312	184	480	352	544	496	712	120	0	560	264	184	136	0
101	0	0	0	0	0	200	376	440	400	488	192	432	392	392	376	136	176	320	0	72
102	0	0	0	0	0	296	632	472	136	400	616	312	656	280	240	32	0	256	112	176
103	0	0	0	0	0	816	440	344	592	176	360	104	184	32	712	296	152	784	120	0
104	0	0	0	0	0	368	168	264	264	632	160	184	680	104	240	280	608	448	0	232
105	0	0	0	0	0	0	176	88	312	192	0	816	352	648	112	328	720	80	728	336
106	0	0	0	0	0	416	160	232	176	616	296	344	624	224	600	112	592	0	432	0
107	0	0	0	0	0	32	576	320	448	224	568	32	456	248	464	648	80	584	184	336
108	0	0	0	0	0	40	400	384	600	584	248	0	656	168	88	8	368	584	208	592
109	0	0	0	0	0	80	688	0	488	504	296	360	128	408	408	296	56	304	320	520
110	0	0	0	0	0	536	152	560	472	136	600	592	272	384	544	208	0	296	328	160
111	0	0	0	0	0	584	48	184	640	584	352	288	504	464	32	8	400	0	352	464
112	0	0	0	0	0	776	152	304	168	160	176	24	472	24	872	368	568	0	120	632
113	0	0	0	0	0	72	336	224	184	696	392	280	0	616	520	400	88	736	264	192
114	0	0	0	0	0	240	592	0	0	328	40	800	160	448	304	0	408	472	440	448
115	0	0	0	0	0	176	32	472	616	184	0	272	160	584	616	304	0	0	32	0
116	0	0	0	0	0	296	728	360	704	248	0	224	128	736	0	352	432	456	48	376
117	0	0	0	0	0	392	552	392	320	40	256	392	104	376	240	408	440	440	416	0
118	0	0	0	0	0	592	456	696	0	96	648	64	0	664	32	24	360	376	312	552
119	0	0	0	0	0	248	480	32	224	248	376	456	400	384	256	568	208	488	280	400
120	0	0	0	0	0	144	232	624	568	48	0	632	576	728	0	0	200	304	792	352
(1,11707)	(2,6095)	(3,0)	(4,7625)	
(1,5552)	(2,1596)	(3,0)	(4,67)	
(1,5853)	(2,1622)	(3,0)	(4,41)	
(1,6034)	(2,1364)	(3,0)	(4,61)	
(1,5571)	(2,1351)	(3,0)	(4,88)	
(1,5977)	(2,1329)	(3,0)	(4,32)	
(1,1)	(2,0)	(3,0)	(4,0)	
(1,1)	(2,0)	(3,0)	(4,0)	
(1,1)	(2,0)	(3,0)	(4,0)	
(1,1)	(2,0)	(3,0)	(4,0)	
(1,1)	(2,0)	(3,0)	(4,0)	
(1,1)	(2,0)	(3,0)	(4,0)	
(1,1)	(2,0)	(3,0)	(4,0)	
(1,1)	(2,0)	(3,0)	(4,0)	
(1,1)	(2,0)	(3,0)	(4,0)	
(1,1)	(2,0)	(3,0)	(4,0)	
(1,1)	(2,0)	(3,0)	(4,0)	
(1,1)	(2,0)	(3,0)	(4,0)	
(1,1)	(2,0)	(3,0)	(4,0)	
(1,1)	(2,0)	(3,0)	(4,0)	
(1,1)	(2,0)	(3,0)	(4,0)	
avg	0	0	0	0	0	319.733	342.667	291.333	350.933	356.8	274	290.4	303.867	355.6	323.067	317.6	287.733	294.4	304	328.667
delay	0.268293	0.373494	0.25	0.25	0.394737	31.5498	21.2854	41.306	25.4398	23.2919	30.4029	36.9619	33.1154	25.3286	73.0941	37.4362	43.5225	23.3717	24.6245	29.0677
loss	0	0	0	0	0	0.280875	0.272624	0.303378	0.282561	0.2969	0.316367	0.309033	0.285132	0.285025	0.305333	0.268877	0.302198	0.2947	0.296114	0.27649
Command ['/home/ubuntu/ns-3.30-obss/build/scratch/simple-ofdma-adhoc4', '--ofdmaEnabled=true', '--startTime=60', '--totalTime=120', '--dataMode=HeMcs3', '--datarate=10e5', '--ratio=0.375', '--RngRun=16', '--locationFile=my-simulations/8_ofdma7/txt/locationFile53.txt', '--routingFile=my-simulations/8_ofdma7/txt/routingFile53.txt'] terminated with signal SIGSEGV. Run it under a debugger to get more information (./waf --run <program> --command-template="gdb --args %s <args>").
