Waf: Entering directory `/home/ubuntu/ns-3.30-obss/build'
Waf: Leaving directory `/home/ubuntu/ns-3.30-obss/build'
Build commands will be stored in build/compile_commands.json
'build' finished successfully (0.717s)
--------------------------Rate[Kbps]--------------------------
Time[s]	cl-1	cl-2	cl-3	cl-4	cl-5	cl-6	cl-7	cl-8	cl-9	cl-10	cl-11	cl-12	cl-13	cl-14	cl-15	cl-16	cl-17	cl-18	cl-19	cl-20
60	16.4	16.6	14.4	15	14.8	15.8	13.8	15.2	14.2	13.8	15	15	13.6	15.6	16	15	11.6	13.8	12.4	12.6
61	0	0	0	0	0	0	0	0	80	104	0	8	0	0	0	184	0	32	56	80
62	0	0	0	0	0	0	0	0	80	104	112	0	64	192	32	184	104	72	184	64
63	0	0	0	0	0	0	0	0	96	72	0	120	0	112	16	0	72	80	80	136
64	0	0	0	0	0	0	0	0	144	96	88	152	24	80	112	104	72	120	0	80
65	0	0	0	0	0	0	0	0	112	184	0	184	144	96	32	112	112	104	120	32
66	0	0	0	0	0	0	0	0	0	32	32	48	152	128	0	160	176	72	176	0
67	0	0	0	0	0	0	0	0	184	0	120	0	48	112	128	168	136	64	32	160
68	0	0	0	0	0	0	0	0	16	144	152	144	176	8	192	144	80	32	64	72
69	0	0	0	0	0	0	0	0	64	0	56	0	120	168	96	168	40	24	56	136
70	0	0	0	0	0	0	0	0	152	200	0	16	0	0	72	192	136	8	8	88
71	0	0	0	0	0	0	0	0	184	24	8	48	64	24	64	8	64	160	88	184
72	0	0	0	0	0	0	0	0	32	200	80	120	32	112	168	96	40	184	160	120
73	0	0	0	0	0	0	0	0	40	104	128	152	56	96	128	160	144	72	128	176
74	0	0	0	0	0	0	0	0	200	104	0	176	64	56	24	0	192	136	80	88
75	0	0	0	0	0	0	0	0	144	96	120	160	128	16	40	200	176	40	200	24
76	0	0	0	0	0	0	0	0	200	80	48	88	72	104	128	64	0	16	32	80
77	0	0	0	0	0	0	0	0	56	176	152	0	64	64	184	88	72	0	16	168
78	0	0	0	0	0	0	0	0	88	144	0	128	24	176	144	24	112	64	56	32
79	0	0	0	0	0	0	0	0	0	56	200	200	8	136	64	48	16	152	104	152
80	0	0	0	0	0	0	0	0	48	200	48	64	0	168	184	48	160	144	168	40
81	0	0	0	0	0	0	0	0	72	80	120	0	16	104	8	16	72	8	200	200
82	0	0	0	0	0	0	0	0	176	200	0	8	64	168	192	88	64	120	24	32
83	0	0	0	0	0	0	0	0	128	168	56	104	104	120	160	8	24	152	64	136
84	0	0	0	0	0	0	0	0	40	0	0	104	56	152	56	96	152	120	40	152
85	0	0	0	0	0	0	0	0	56	48	112	192	192	80	8	104	48	120	144	104
86	0	0	0	0	0	0	0	0	0	64	96	48	8	176	96	184	16	0	32	112
87	0	0	0	0	0	0	0	0	80	96	80	88	32	8	48	136	184	32	144	144
88	0	0	0	0	0	0	0	0	40	80	0	0	16	144	0	112	16	24	8	200
89	0	0	0	0	0	0	0	0	152	144	152	112	40	144	48	56	112	56	120	16
90	0	0	0	0	0	0	0	0	80	144	8	40	8	80	176	40	192	0	136	96
91	0	0	0	0	0	0	0	0	24	8	88	16	0	136	184	32	80	152	120	136
92	0	0	0	0	0	0	0	0	200	72	176	112	184	80	96	136	32	160	0	152
93	0	0	0	0	0	0	0	0	80	72	64	32	136	200	0	8	80	168	184	16
94	0	0	0	0	0	0	0	0	40	104	96	136	0	40	144	72	48	24	32	120
95	0	0	0	0	0	0	0	0	136	64	168	32	104	88	192	24	0	24	72	200
96	0	0	0	0	0	0	0	0	64	72	128	152	192	88	40	24	88	112	160	48
97	0	0	0	0	0	0	0	0	8	168	64	16	128	104	0	72	0	16	56	24
98	0	0	0	0	0	0	0	0	104	112	104	72	184	0	176	112	152	96	144	40
99	0	0	0	0	0	0	0	0	176	160	56	0	152	8	168	136	8	16	0	48
100	0	0	0	0	0	0	0	0	136	88	152	136	200	48	0	120	56	72	16	0
101	0	0	0	0	0	0	0	0	152	200	72	192	160	200	192	64	80	120	8	24
102	0	0	0	0	0	0	0	0	48	136	184	112	160	72	104	16	0	64	48	88
103	0	0	0	0	0	0	0	0	144	40	88	32	48	0	152	48	40	176	32	0
104	0	0	0	0	0	0	0	0	112	184	72	88	200	56	64	96	200	152	0	72
105	0	0	0	0	0	0	0	0	96	64	0	200	64	160	32	80	160	16	192	96
106	0	0	0	0	0	0	0	0	56	184	104	104	192	88	136	48	192	0	120	0
107	0	0	0	0	0	0	0	0	96	24	136	8	136	32	128	176	32	184	40	80
108	0	0	0	0	0	0	0	0	8	0	0	0	8	0	24	0	88	152	16	136
109	0	0	0	0	0	0	0	0	176	160	56	40	96	128	96	88	24	96	24	112
110	0	0	0	0	0	0	0	0	128	40	144	160	72	128	152	48	0	72	80	32
111	0	0	0	0	0	0	0	0	200	184	104	112	136	152	8	8	144	0	120	128
112	0	0	0	0	0	0	0	0	56	40	56	8	104	0	200	88	136	0	40	176
113	0	0	0	0	0	0	0	0	64	176	128	88	0	136	112	88	32	200	64	80
114	0	0	0	0	0	0	0	0	0	88	8	200	24	120	104	0	120	144	104	128
115	0	0	0	0	0	0	0	0	144	40	16	72	40	120	128	72	0	0	16	0
116	0	0	0	0	0	0	0	0	200	80	0	72	40	192	0	112	104	112	8	104
117	0	0	0	0	0	0	0	0	112	56	88	200	24	160	112	128	200	136	144	16
118	0	0	0	0	0	0	0	0	0	0	168	8	0	200	0	0	120	136	112	192
119	0	0	0	0	0	0	0	0	56	56	80	112	104	104	64	136	48	120	72	80
120	0	0	0	0	0	0	0	0	128	16	0	176	144	168	0	0	64	88	192	80
(1,9131)	(2,330)	(3,0)	(4,32)	
(1,4385)	(2,190)	(3,0)	(4,26)	
(1,4350)	(2,149)	(3,0)	(4,6)	
(1,1510)	(2,43)	(3,0)	(4,6)	
(1,1336)	(2,31)	(3,0)	(4,1)	
(1,1500)	(2,11)	(3,0)	(4,1)	
(1,1434)	(2,23)	(3,0)	(4,0)	
(1,1384)	(2,15)	(3,0)	(4,0)	
(1,1436)	(2,11)	(3,0)	(4,0)	
(1,1)	(2,0)	(3,0)	(4,0)	
(1,1)	(2,0)	(3,0)	(4,0)	
(1,1)	(2,0)	(3,0)	(4,0)	
(1,1)	(2,0)	(3,0)	(4,0)	
(1,1)	(2,0)	(3,0)	(4,0)	
(1,1)	(2,0)	(3,0)	(4,0)	
(1,1)	(2,0)	(3,0)	(4,0)	
(1,1)	(2,0)	(3,0)	(4,0)	
(1,1)	(2,0)	(3,0)	(4,0)	
(1,1)	(2,0)	(3,0)	(4,0)	
(1,1)	(2,0)	(3,0)	(4,0)	
(1,1)	(2,0)	(3,0)	(4,0)	
avg	0	0	0	0	0	0	0	0	94.8	97.2	76.1333	86.5333	80.1333	100.533	90.1333	83.7333	85.2	83.6	82.2667	91.8667
delay	0.304878	0.289157	0.847222	0.973333	0.959459	0.797468	0.811594	0.947368	17.6231	13.9602	9.88967	3.92604	19.8552	6.56366	3.76036	4.10987	5.66041	5.126	4.65964	5.04644
loss	0	0	0	0.0131579	0.0263158	0	0	0	0.0730117	0.0725191	0.0893142	0.0385185	0.0782209	0.0443599	0.0558659	0.0612855	0.0332829	0.0514372	0.0926471	0.0390516
Command ['/home/ubuntu/ns-3.30-obss/build/scratch/simple-ofdma-adhoc4', '--ofdmaEnabled=true', '--startTime=60', '--totalTime=120', '--dataMode=HeMcs1', '--datarate=2e5', '--ratio=0.375', '--RngRun=16', '--locationFile=my-simulations/8_ofdma7/txt/locationFile232.txt', '--routingFile=my-simulations/8_ofdma7/txt/routingFile232.txt'] terminated with signal SIGSEGV. Run it under a debugger to get more information (./waf --run <program> --command-template="gdb --args %s <args>").
