Waf: Entering directory `/home/ubuntu/ns-3.30-obss/build'
Waf: Leaving directory `/home/ubuntu/ns-3.30-obss/build'
Build commands will be stored in build/compile_commands.json
'build' finished successfully (0.766s)
--------------------------Rate[Kbps]--------------------------
Time[s]	cl-1	cl-2	cl-3	cl-4	cl-5	cl-6	cl-7	cl-8	cl-9	cl-10	cl-11	cl-12	cl-13	cl-14	cl-15	cl-16	cl-17	cl-18	cl-19	cl-20	cl-21
60	11.6	15.8	13.8	14	17	16.2	15.8	12.2	17.8	14.2	13	15.8	13.2	14.8	16.2	14.8	12.2	15.8	12	18.4	14.8
61	0	0	0	0	0	0	0	0	0	88	64	0	320	328	128	0	96	96	224	288	248
62	0	0	0	0	0	0	0	0	0	72	216	168	272	296	304	264	280	8	184	0	480
63	0	0	0	0	0	0	0	0	0	80	8	56	24	200	136	128	88	0	104	8	144
64	0	0	0	0	0	0	0	0	0	560	200	240	312	0	16	152	296	112	120	248	72
65	0	0	0	0	0	0	0	0	0	112	144	176	0	400	352	288	120	48	176	264	496
66	0	0	0	0	0	0	0	0	0	0	192	128	248	152	136	192	120	304	544	0	448
67	0	0	0	0	0	0	0	0	0	192	304	352	72	344	408	384	0	440	104	352	176
68	0	0	0	0	0	0	0	0	0	144	216	376	48	544	272	56	568	48	0	376	0
69	0	0	0	0	0	0	0	0	0	208	240	0	88	128	520	88	136	416	16	512	160
70	0	0	0	0	0	0	0	0	0	0	120	200	384	32	224	392	240	144	128	424	376
71	0	0	0	0	0	0	0	0	0	128	128	400	496	0	112	520	328	272	416	96	184
72	0	0	0	0	0	0	0	0	0	0	0	360	296	208	88	72	384	360	352	104	480
73	0	0	0	0	0	0	0	0	0	264	352	248	152	432	304	416	136	208	0	112	200
74	0	0	0	0	0	0	0	0	0	312	96	576	520	32	120	472	0	0	224	168	0
75	0	0	0	0	0	0	0	0	0	336	328	152	48	24	104	176	288	360	0	448	328
76	0	0	0	0	0	0	0	0	0	248	200	328	392	184	288	72	376	24	88	304	232
77	0	0	0	0	0	0	0	0	0	240	88	328	0	296	104	368	496	416	0	368	104
78	0	0	0	0	0	0	0	0	0	224	128	16	208	256	496	120	200	0	0	488	80
79	0	0	0	0	0	0	0	0	0	392	152	200	240	152	352	144	488	64	240	416	136
80	0	0	0	0	0	0	0	0	0	432	232	0	128	0	288	248	248	216	312	328	0
81	0	0	0	0	0	0	0	0	0	0	176	336	48	0	144	264	0	136	312	216	344
82	0	0	0	0	0	0	0	0	0	88	144	56	0	0	0	0	160	416	56	120	456
83	0	0	0	0	0	0	0	0	0	152	488	224	256	656	144	512	176	288	120	328	0
84	0	0	0	0	0	0	0	0	0	104	296	488	0	128	248	480	552	0	368	160	296
85	0	0	0	0	0	0	0	0	0	176	0	256	184	0	384	416	360	168	168	24	256
86	0	0	0	0	0	0	0	0	0	64	128	160	0	344	208	64	152	40	448	40	504
87	0	0	0	0	0	0	0	0	0	208	56	0	0	136	24	64	104	248	328	0	152
88	0	0	0	0	0	0	0	0	0	128	304	152	72	176	208	336	384	88	112	112	272
89	0	0	0	0	0	0	0	0	0	336	160	328	120	16	144	296	152	0	104	320	408
90	0	0	0	0	0	0	0	0	0	320	0	224	408	256	296	136	56	352	200	304	424
91	0	0	0	0	0	0	0	0	0	120	224	144	0	376	0	0	536	472	400	0	296
92	0	0	0	0	0	0	0	0	0	200	8	296	176	16	328	56	176	232	480	152	200
93	0	0	0	0	0	0	0	0	0	264	80	352	240	400	368	328	240	88	144	264	344
94	0	0	0	0	0	0	0	0	0	216	360	200	0	488	360	120	480	360	160	152	48
95	0	0	0	0	0	0	0	0	0	344	40	440	56	152	16	344	160	336	104	504	416
96	0	0	0	0	0	0	0	0	0	392	0	352	136	72	208	384	280	0	392	40	136
97	0	0	0	0	0	0	0	0	0	328	208	72	184	0	256	296	336	8	368	120	208
98	0	0	0	0	0	0	0	0	0	280	64	440	360	368	352	472	272	32	80	168	128
99	0	0	0	0	0	0	0	0	0	192	208	192	304	224	416	64	248	0	416	360	160
100	0	0	0	0	0	0	0	0	0	432	304	368	344	24	0	152	152	376	368	200	184
101	0	0	0	0	0	0	0	0	0	192	264	376	216	272	408	48	264	80	168	248	456
102	0	0	0	0	0	0	0	0	0	296	0	368	288	136	232	296	24	0	584	208	504
103	0	0	0	0	0	0	0	0	0	96	440	232	0	160	216	144	384	192	360	32	384
104	0	0	0	0	0	0	0	0	0	664	280	96	272	224	248	392	464	200	408	0	16
105	0	0	0	0	0	0	0	0	0	192	40	520	8	384	0	56	208	360	224	328	96
106	0	0	0	0	0	0	0	0	0	96	176	240	40	0	0	312	16	504	40	112	456
107	0	0	0	0	0	0	0	0	0	416	104	480	40	168	776	160	352	192	320	488	0
108	0	0	0	0	0	0	0	0	0	176	376	136	520	160	192	376	0	160	368	16	144
109	0	0	0	0	0	0	0	0	0	368	160	0	0	512	232	40	168	544	536	160	408
110	0	0	0	0	0	0	0	0	0	320	280	376	224	288	200	128	144	176	144	344	96
111	0	0	0	0	0	0	0	0	0	80	488	264	224	0	440	0	392	8	56	432	120
112	0	0	0	0	0	0	0	0	0	24	248	0	520	88	496	24	296	0	0	264	272
113	0	0	0	0	0	0	0	0	0	320	144	200	208	160	120	416	192	216	336	192	480
114	0	0	0	0	0	0	0	0	0	424	152	0	0	360	56	200	472	288	80	184	344
115	0	0	0	0	0	0	0	0	0	216	80	400	400	200	32	336	296	72	384	336	240
116	0	0	0	0	0	0	0	0	0	104	216	464	88	48	184	272	240	368	184	368	464
117	0	0	0	0	0	0	0	0	0	568	280	8	168	8	400	40	0	0	0	0	200
118	0	0	0	0	0	0	0	0	0	320	272	304	304	136	152	0	8	160	408	592	120
119	0	0	0	0	0	0	0	0	0	296	312	384	32	496	104	24	280	496	448	32	408
120	0	0	0	0	0	0	0	0	0	232	232	152	80	288	480	336	432	168	312	432	0
(1,18508)	(2,3980)	(3,0)	(4,403)	
(1,6466)	(2,655)	(3,0)	(4,108)	
(1,6827)	(2,760)	(3,0)	(4,87)	
(1,7139)	(2,593)	(3,0)	(4,29)	
(1,3204)	(2,194)	(3,0)	(4,16)	
(1,3335)	(2,114)	(3,0)	(4,22)	
(1,3306)	(2,158)	(3,0)	(4,23)	
(1,3287)	(2,262)	(3,0)	(4,33)	
(1,3327)	(2,82)	(3,0)	(4,22)	
(1,3785)	(2,131)	(3,0)	(4,8)	
(1,1)	(2,0)	(3,0)	(4,0)	
(1,1)	(2,0)	(3,0)	(4,0)	
(1,1)	(2,0)	(3,0)	(4,0)	
(1,1)	(2,0)	(3,0)	(4,0)	
(1,1)	(2,0)	(3,0)	(4,0)	
(1,1)	(2,0)	(3,0)	(4,0)	
(1,1)	(2,0)	(3,0)	(4,0)	
(1,1)	(2,0)	(3,0)	(4,0)	
(1,1)	(2,0)	(3,0)	(4,0)	
(1,1)	(2,0)	(3,0)	(4,0)	
(1,1)	(2,0)	(3,0)	(4,0)	
(1,1)	(2,0)	(3,0)	(4,0)	
avg	0	0	0	0	0	0	0	0	0	229.6	186.667	239.733	179.467	198.8	230.4	215.6	241.6	189.333	228.667	227.6	246.4
delay	0.275862	0.253165	0.347826	0.742857	0.752941	0.802469	0.772152	0.721311	0.707865	35.7166	14.935	22.3142	7.50446	133.135	106.122	21.1725	15.176	7.58592	20.3875	9.09842	5.13528
loss	0.0169492	0	0	0.0140845	0	0	0	0	0	0.244737	0.241192	0.220295	0.256354	0.260783	0.254851	0.247207	0.193591	0.21286	0.221062	0.245024	0.201728
Command ['/home/ubuntu/ns-3.30-obss/build/scratch/simple-ofdma-adhoc4', '--ofdmaEnabled=true', '--startTime=60', '--totalTime=120', '--dataMode=HeMcs3', '--datarate=6e5', '--ratio=0.375', '--RngRun=34', '--locationFile=my-simulations/8_ofdma7/txt/locationFile322.txt', '--routingFile=my-simulations/8_ofdma7/txt/routingFile322.txt'] terminated with signal SIGSEGV. Run it under a debugger to get more information (./waf --run <program> --command-template="gdb --args %s <args>").
