Waf: Entering directory `/home/ubuntu/ns-3.30-obss/build'
Waf: Leaving directory `/home/ubuntu/ns-3.30-obss/build'
Build commands will be stored in build/compile_commands.json
'build' finished successfully (0.765s)
--------------------------Rate[Kbps]--------------------------
Time[s]	cl-1	cl-2	cl-3	cl-4	cl-5	cl-6	cl-7	cl-8
60	16.8	15	15.4	14.2	15.4	14.4	15.4	13.6
61	0	0	200	0	0	240	768	864
62	0	0	8	520	216	888	904	800
63	0	0	752	848	184	160	832	616
64	0	0	912	792	0	888	328	736
65	0	0	216	808	568	176	64	304
66	0	0	432	896	280	304	352	528
67	0	0	104	192	40	248	240	920
68	0	0	1000	1000	0	0	0	808
69	0	0	728	680	520	584	40	936
70	0	0	824	672	616	392	408	496
71	0	0	104	184	0	0	48	56
72	0	0	16	600	440	8	344	680
73	0	0	768	560	480	552	816	488
74	0	0	392	64	496	192	168	960
75	0	0	120	616	744	136	272	160
76	0	0	0	0	696	64	656	608
77	0	0	512	960	784	976	0	0
78	0	0	304	784	240	800	264	528
79	0	0	224	272	184	800	960	400
80	0	0	672	600	352	968	600	0
81	0	0	344	504	64	912	264	672
82	0	0	656	640	488	680	424	616
83	0	0	400	1000	992	0	312	0
84	0	0	216	536	464	504	624	568
85	0	0	256	144	232	432	8	80
86	0	0	600	896	864	120	208	408
87	0	0	640	888	32	648	616	0
88	0	0	960	512	0	424	864	496
89	0	0	208	0	640	232	784	104
90	0	0	104	248	936	776	0	272
91	0	0	288	792	120	416	248	1000
92	0	0	896	376	288	584	960	240
93	0	0	440	768	792	760	344	328
94	0	0	728	576	704	968	328	0
95	0	0	296	128	832	608	864	392
96	0	0	760	800	488	88	608	224
97	0	0	0	912	912	368	280	1024
98	0	0	672	48	32	184	0	8
99	0	0	64	568	96	248	712	0
100	0	0	216	304	272	160	992	112
101	0	0	560	440	264	0	744	296
102	0	0	8	848	1000	96	0	568
103	0	0	0	416	408	752	712	416
104	0	0	96	456	0	696	904	280
105	0	0	40	304	216	424	0	352
106	0	0	352	904	616	368	672	0
107	0	0	824	656	488	608	120	752
108	0	0	0	0	992	720	160	896
109	0	0	144	576	88	648	0	656
110	0	0	616	936	504	440	816	176
111	0	0	496	608	304	0	232	272
112	0	0	0	0	0	0	0	0
113	0	0	272	0	136	192	472	648
114	0	0	296	136	360	400	816	536
115	0	0	592	632	856	0	584	0
116	0	0	136	536	352	272	240	360
117	0	0	0	40	0	872	0	0
118	0	0	408	608	16	648	712	800
119	0	0	480	656	256	704	248	848
120	0	0	176	104	344	416	224	208
(1,14137)	(2,1558)	(3,0)	(4,1021)	
(1,7446)	(2,931)	(3,0)	(4,213)	
(1,6894)	(2,1017)	(3,0)	(4,338)	
(1,1)	(2,0)	(3,0)	(4,0)	
(1,1)	(2,0)	(3,0)	(4,0)	
(1,1)	(2,0)	(3,0)	(4,0)	
(1,1)	(2,0)	(3,0)	(4,0)	
(1,1)	(2,0)	(3,0)	(4,0)	
(1,1)	(2,0)	(3,0)	(4,0)	
avg	0	0	375.467	509.067	388.133	429.067	419.333	424.933
delay	0.345238	0.293333	18.8552	16.99	27.0356	56.6559	31.4995	64.0581
loss	0	0	0.0774004	0.0419072	0.0580645	0.0805809	0.0516672	0.0746312
Command ['/home/ubuntu/ns-3.30-obss/build/scratch/simple-ofdma-adhoc4', '--ofdmaEnabled=true', '--startTime=60', '--totalTime=120', '--dataMode=HeMcs1', '--datarate=10e5', '--ratio=0.375', '--RngRun=34', '--locationFile=my-simulations/8_ofdma7/txt/locationFile23.txt', '--routingFile=my-simulations/8_ofdma7/txt/routingFile23.txt'] terminated with signal SIGSEGV. Run it under a debugger to get more information (./waf --run <program> --command-template="gdb --args %s <args>").
