Waf: Entering directory `/home/ubuntu/ns-3.30-obss/build'
Waf: Leaving directory `/home/ubuntu/ns-3.30-obss/build'
Build commands will be stored in build/compile_commands.json
'build' finished successfully (0.813s)
--------------------------Rate[Kbps]--------------------------
Time[s]	cl-1	cl-2	cl-3	cl-4	cl-5	cl-6	cl-7	cl-8	cl-9	cl-10	cl-11	cl-12	cl-13	cl-14	cl-15	cl-16	cl-17	cl-18	cl-19	cl-20
60	13.2	18.6	12.2	16.8	16.6	11	13	13.6	15	14	14.4	16	16	14.8	15.8	15.6	14.2	14.4	15.6	19
61	0	0	0	0	0	0	0	0	264	128	416	176	336	80	152	400	264	400	232	8
62	0	0	0	0	0	0	0	0	0	416	424	416	16	0	472	520	432	232	408	232
63	0	0	0	0	0	0	0	0	448	392	96	0	224	264	296	112	488	136	376	112
64	0	0	0	0	0	0	0	0	272	136	304	200	504	432	168	160	0	264	536	48
65	0	0	0	0	0	0	0	0	152	16	0	8	176	376	424	0	272	568	392	296
66	0	0	0	0	0	0	0	0	256	0	272	24	176	328	424	208	496	480	96	120
67	0	0	0	0	0	0	0	0	288	216	240	0	0	0	432	240	136	336	432	192
68	0	0	0	0	0	0	0	0	112	272	72	64	168	784	328	312	504	0	520	408
69	0	0	0	0	0	0	0	0	248	0	0	136	56	224	240	312	424	16	208	576
70	0	0	0	0	0	0	0	0	336	192	0	312	592	40	368	584	40	0	432	8
71	0	0	0	0	0	0	0	0	16	0	232	96	448	392	496	0	280	312	0	32
72	0	0	0	0	0	0	0	0	144	240	152	136	184	0	272	288	544	424	416	552
73	0	0	0	0	0	0	0	0	568	400	400	192	72	424	0	440	232	192	40	128
74	0	0	0	0	0	0	0	0	408	224	0	40	312	448	240	112	552	296	64	32
75	0	0	0	0	0	0	0	0	0	344	336	328	80	264	584	248	216	96	352	88
76	0	0	0	0	0	0	0	0	264	256	40	120	520	528	304	192	440	120	440	0
77	0	0	0	0	0	0	0	0	376	208	296	152	312	312	144	496	120	64	312	168
78	0	0	0	0	0	0	0	0	192	440	496	208	288	192	320	48	264	448	528	0
79	0	0	0	0	0	0	0	0	72	232	176	96	496	336	40	232	0	112	144	488
80	0	0	0	0	0	0	0	0	224	120	176	280	152	456	80	32	280	0	328	152
81	0	0	0	0	0	0	0	0	0	136	400	104	424	168	240	328	408	32	264	416
82	0	0	0	0	0	0	0	0	312	0	464	112	328	0	232	392	560	184	128	208
83	0	0	0	0	0	0	0	0	416	184	312	528	448	448	88	0	136	16	48	424
84	0	0	0	0	0	0	0	0	232	112	64	72	432	224	432	456	256	288	24	544
85	0	0	0	0	0	0	0	0	200	80	160	336	408	232	88	176	104	536	264	360
86	0	0	0	0	0	0	0	0	184	184	224	448	120	80	320	464	560	232	224	432
87	0	0	0	0	0	0	0	0	128	576	40	296	328	136	48	168	312	312	552	0
88	0	0	0	0	0	0	0	0	456	240	336	0	424	592	256	240	72	216	104	272
89	0	0	0	0	0	0	0	0	88	248	240	216	224	336	136	488	184	432	224	64
90	0	0	0	0	0	0	0	0	64	568	0	80	264	512	144	120	0	456	512	456
91	0	0	0	0	0	0	0	0	344	80	184	104	232	0	408	136	96	448	72	392
92	0	0	0	0	0	0	0	0	536	0	0	64	472	120	0	208	400	264	472	184
93	0	0	0	0	0	0	0	0	64	112	392	360	16	104	680	144	0	56	368	0
94	0	0	0	0	0	0	0	0	304	472	224	0	192	456	216	400	32	48	432	208
95	0	0	0	0	0	0	0	0	544	0	0	72	264	320	520	480	280	240	40	72
96	0	0	0	0	0	0	0	0	432	320	256	280	0	448	440	200	224	416	56	256
97	0	0	0	0	0	0	0	0	592	392	256	160	280	448	384	480	72	0	0	0
98	0	0	0	0	0	0	0	0	112	464	0	0	176	432	280	448	88	208	504	120
99	0	0	0	0	0	0	0	0	512	72	320	416	160	48	0	352	552	168	176	88
100	0	0	0	0	0	0	0	0	304	200	88	512	152	128	240	0	152	456	192	448
101	0	0	0	0	0	0	0	0	24	296	96	0	296	440	512	336	104	272	176	48
102	0	0	0	0	0	0	0	0	0	200	264	384	264	0	272	256	376	160	0	256
103	0	0	0	0	0	0	0	0	192	336	0	288	504	232	256	400	0	424	144	120
104	0	0	0	0	0	0	0	0	56	176	320	32	344	392	464	440	128	200	80	32
105	0	0	0	0	0	0	0	0	120	312	520	128	552	48	160	280	104	24	208	288
106	0	0	0	0	0	0	0	0	56	496	328	464	384	568	240	288	184	464	320	136
107	0	0	0	0	0	0	0	0	424	80	0	320	144	232	288	80	472	552	344	96
108	0	0	0	0	0	0	0	0	272	0	176	0	216	40	320	592	0	272	256	528
109	0	0	0	0	0	0	0	0	368	336	520	48	400	320	216	352	368	128	424	336
110	0	0	0	0	0	0	0	0	32	64	176	80	48	32	136	168	136	216	112	192
111	0	0	0	0	0	0	0	0	240	0	168	0	248	392	208	424	104	360	504	32
112	0	0	0	0	0	0	0	0	40	112	128	208	72	128	64	96	160	0	176	64
113	0	0	0	0	0	0	0	0	272	176	72	584	272	0	64	320	368	0	440	0
114	0	0	0	0	0	0	0	0	168	480	136	208	480	256	0	280	368	352	0	288
115	0	0	0	0	0	0	0	0	120	248	104	504	0	0	200	528	32	320	208	256
116	0	0	0	0	0	0	0	0	224	528	72	16	328	144	144	528	360	56	408	296
117	0	0	0	0	0	0	0	0	528	224	304	0	360	576	232	312	16	96	192	256
118	0	0	0	0	0	0	0	0	136	136	520	176	176	112	136	304	296	472	184	360
119	0	0	0	0	0	0	0	0	0	512	216	544	88	96	24	88	48	424	456	0
120	0	0	0	0	0	0	0	0	128	224	288	224	504	40	520	472	112	408	280	464
(1,21279)	(2,2393)	(3,0)	(4,245)	
(1,9938)	(2,955)	(3,0)	(4,78)	
(1,10367)	(2,1223)	(3,0)	(4,112)	
(1,3563)	(2,83)	(3,0)	(4,18)	
(1,3051)	(2,114)	(3,0)	(4,11)	
(1,3942)	(2,114)	(3,0)	(4,35)	
(1,4142)	(2,97)	(3,0)	(4,31)	
(1,3774)	(2,89)	(3,0)	(4,5)	
(1,3622)	(2,158)	(3,0)	(4,16)	
(1,1)	(2,0)	(3,0)	(4,0)	
(1,1)	(2,0)	(3,0)	(4,0)	
(1,1)	(2,0)	(3,0)	(4,0)	
(1,1)	(2,0)	(3,0)	(4,0)	
(1,1)	(2,0)	(3,0)	(4,0)	
(1,1)	(2,0)	(3,0)	(4,0)	
(1,1)	(2,0)	(3,0)	(4,0)	
(1,1)	(2,0)	(3,0)	(4,0)	
(1,1)	(2,0)	(3,0)	(4,0)	
(1,1)	(2,0)	(3,0)	(4,0)	
(1,1)	(2,0)	(3,0)	(4,0)	
(1,1)	(2,0)	(3,0)	(4,0)	
avg	0	0	0	0	0	0	0	0	231.067	226.8	208.267	189.2	268.933	252.667	256.533	286	236.8	245.067	263.733	210.533
delay	0.242424	0.258065	0.721311	0.809524	0.698795	0.727273	0.723077	0.720588	7.82112	12.853	13.0474	12.2579	5.08379	31.2032	32.0161	14.8938	9.92736	6.75734	13.0475	6.12856
loss	0	0.0106383	0	0.0117647	0.0119048	0	0.0151515	0.0144928	0.146305	0.138298	0.104871	0.111459	0.111062	0.155902	0.163114	0.101716	0.0878274	0.130969	0.138877	0.148328
Command ['/home/ubuntu/ns-3.30-obss/build/scratch/simple-ofdma-adhoc4', '--ofdmaEnabled=true', '--startTime=60', '--totalTime=120', '--dataMode=HeMcs5', '--datarate=6e5', '--ratio=0.375', '--RngRun=34', '--locationFile=my-simulations/8_ofdma7/txt/locationFile232.txt', '--routingFile=my-simulations/8_ofdma7/txt/routingFile232.txt'] terminated with signal SIGSEGV. Run it under a debugger to get more information (./waf --run <program> --command-template="gdb --args %s <args>").
