Waf: Entering directory `/home/ubuntu/ns-3.30-obss/build'
Waf: Leaving directory `/home/ubuntu/ns-3.30-obss/build'
Build commands will be stored in build/compile_commands.json
'build' finished successfully (0.715s)
--------------------------Rate[Kbps]--------------------------
Time[s]	cl-1	cl-2	cl-3	cl-4	cl-5	cl-6	cl-7	cl-8	cl-9	cl-10	cl-11	cl-12	cl-13	cl-14	cl-15	cl-16	cl-17	cl-18	cl-19	cl-20
60	13	13.2	15.6	16.6	15	13.8	15.4	15.2	11.2	15.2	14.4	12.4	17.4	15.2	12.6	15.8	14.6	13.8	14.6	15.4
61	0	0	0	0	0	32	208	64	160	152	16	192	88	80	176	56	176	32	144	8
62	0	0	0	0	0	136	16	112	120	176	40	136	0	0	24	184	216	224	168	144
63	0	0	0	0	0	88	168	56	232	88	216	32	184	112	96	264	128	80	8	160
64	0	0	0	0	0	144	144	152	40	24	64	112	96	80	40	128	88	72	112	152
65	0	0	0	0	0	192	152	88	64	152	64	152	184	56	296	56	96	0	264	88
66	0	0	0	0	0	0	96	264	0	0	256	0	248	72	152	80	208	16	24	200
67	0	0	0	0	0	48	128	88	192	40	120	72	40	80	144	104	136	184	104	192
68	0	0	0	0	0	240	176	48	168	0	0	160	152	96	160	24	120	144	216	8
69	0	0	0	0	0	136	152	72	64	120	208	0	128	176	160	0	192	0	264	232
70	0	0	0	0	0	64	24	128	296	80	112	128	152	72	168	112	80	48	64	152
71	0	0	0	0	0	112	152	136	8	208	72	0	200	144	208	168	128	8	56	0
72	8	0	0	0	0	208	24	200	0	48	16	8	32	112	0	280	176	120	288	128
73	0	0	0	0	0	200	56	128	24	264	272	0	104	72	80	136	352	56	160	48
74	0	0	0	0	8	152	24	168	104	144	224	88	224	144	160	56	56	112	120	0
75	0	8	0	0	0	0	40	160	56	200	144	272	168	120	104	88	152	24	96	160
76	0	0	0	0	0	40	0	144	96	128	232	16	136	24	0	88	176	176	0	0
77	0	0	8	0	0	184	48	104	136	144	168	104	16	208	64	168	0	208	8	72
78	0	0	0	8	0	176	80	128	80	120	184	80	208	40	176	208	56	0	0	208
79	0	0	0	0	0	152	16	152	168	88	136	24	304	280	0	0	88	160	88	136
80	0	0	0	0	0	136	0	104	208	0	104	152	272	184	152	232	0	128	64	168
81	0	0	0	0	0	128	184	8	24	184	88	0	96	0	224	32	152	120	144	168
82	0	0	0	0	0	152	32	216	152	56	192	176	232	72	48	88	232	88	8	232
83	0	0	0	0	0	112	64	232	240	24	80	208	208	112	8	184	64	168	0	32
84	0	0	0	0	0	56	240	104	8	0	144	0	88	152	16	80	176	88	120	144
85	0	0	0	0	0	200	40	0	16	136	136	56	0	200	256	256	144	88	136	184
86	0	0	0	0	0	72	160	208	104	272	168	0	104	8	200	248	104	0	104	16
87	0	0	0	0	8	56	96	64	96	144	272	40	0	184	272	288	88	224	240	0
88	0	0	0	0	0	168	16	0	184	144	152	224	64	136	72	104	152	56	160	176
89	0	0	0	0	0	8	16	16	160	120	168	16	0	176	0	280	96	80	128	216
90	0	0	0	0	0	104	136	48	152	40	72	64	40	160	184	208	104	96	0	176
91	0	8	0	0	0	24	88	208	248	8	160	32	144	0	0	272	168	0	56	256
92	0	0	8	0	0	64	56	112	104	96	32	112	240	216	0	216	136	88	72	120
93	0	0	0	0	0	192	192	32	40	24	32	184	208	184	192	0	216	0	224	64
94	0	0	0	0	0	0	40	96	40	104	208	0	200	16	168	32	192	288	88	320
95	8	0	0	0	0	136	0	184	72	168	0	144	256	288	96	112	288	16	80	56
96	0	0	0	0	0	136	216	208	0	264	160	128	32	88	264	80	0	248	0	120
97	0	0	0	0	0	144	48	16	168	168	152	56	200	24	120	96	88	200	152	104
98	0	0	0	0	0	208	8	0	72	168	0	208	152	40	0	56	160	120	0	96
99	0	0	0	0	0	112	96	80	184	96	72	72	144	184	144	144	64	0	184	120
100	0	0	0	0	0	256	120	40	0	88	152	144	216	256	160	0	0	24	280	176
101	0	0	0	0	0	8	0	24	32	104	16	232	296	0	176	32	128	264	184	16
102	0	0	0	0	0	104	72	40	184	144	120	80	48	104	184	128	104	192	128	160
103	0	0	0	0	0	168	32	104	136	136	96	248	0	248	248	16	88	32	216	24
104	0	0	0	0	8	200	40	24	72	16	168	152	256	80	0	184	24	256	152	120
105	0	0	0	0	0	88	192	0	0	64	56	280	216	184	136	56	192	232	192	72
106	0	0	0	8	0	40	80	184	152	64	240	232	0	240	256	104	168	0	80	112
107	0	8	0	0	0	176	24	184	144	200	0	128	104	40	136	24	72	144	48	216
108	0	0	8	0	0	240	160	64	144	176	56	152	8	8	96	0	64	0	224	208
109	0	0	0	0	0	80	144	72	96	24	224	272	128	0	216	0	16	184	96	144
110	0	0	0	0	0	152	120	24	96	0	168	96	176	72	104	120	224	168	72	80
111	0	0	0	0	0	16	16	0	152	216	0	0	120	240	24	184	184	64	112	56
112	0	0	0	0	0	176	336	160	48	160	8	80	152	96	48	176	48	32	104	16
113	0	0	0	0	0	128	96	240	80	96	0	152	176	240	0	40	272	96	56	48
114	8	0	0	0	0	104	40	88	200	280	272	112	24	216	24	8	120	280	48	272
115	0	0	0	0	0	192	152	80	272	120	64	0	104	88	24	232	104	48	80	136
116	0	0	0	0	0	176	0	8	96	96	72	144	296	160	0	120	0	48	248	248
117	0	0	0	0	8	168	136	24	32	192	96	104	184	200	72	200	88	0	96	104
118	0	0	0	0	0	184	72	224	72	72	184	24	224	32	32	56	160	64	112	56
119	0	0	0	0	0	0	16	0	0	0	152	72	0	280	304	24	96	8	296	272
120	0	0	0	8	0	48	144	88	152	168	72	64	128	176	144	56	120	56	96	112
(1,7926)	(2,2438)	(3,0)	(4,1302)	
(1,2402)	(2,434)	(3,0)	(4,42)	
(1,2963)	(2,461)	(3,0)	(4,16)	
(1,3158)	(2,548)	(3,0)	(4,32)	
(1,2874)	(2,565)	(3,0)	(4,53)	
(1,2020)	(2,397)	(3,0)	(4,41)	
(1,1)	(2,0)	(3,0)	(4,0)	
(1,1)	(2,0)	(3,0)	(4,0)	
(1,1)	(2,0)	(3,0)	(4,0)	
(1,1)	(2,0)	(3,0)	(4,0)	
(1,1)	(2,0)	(3,0)	(4,0)	
(1,1)	(2,0)	(3,0)	(4,0)	
(1,1)	(2,0)	(3,0)	(4,0)	
(1,1)	(2,0)	(3,0)	(4,0)	
(1,1)	(2,0)	(3,0)	(4,0)	
(1,1)	(2,0)	(3,0)	(4,0)	
(1,1)	(2,0)	(3,0)	(4,0)	
(1,1)	(2,0)	(3,0)	(4,0)	
(1,1)	(2,0)	(3,0)	(4,0)	
(1,1)	(2,0)	(3,0)	(4,0)	
(1,1)	(2,0)	(3,0)	(4,0)	
avg	0.4	0.4	0.4	0.4	0.533333	120.267	90.4	100	107.333	113.467	119.2	103.6	136.667	122.533	116.8	116.133	125.333	99.2	117.733	125.067
delay	9.66667	8.66667	5.33333	5.33333	16	36.8537	44.5773	34.048	15.1043	12.7876	12.4799	13.3539	23.7719	14.0978	42.0263	35.6617	17.7131	14.0094	16.0691	15.7143
loss	0.25	0	0	0.25	0	0.30722	0.304303	0.303621	0.174359	0.148851	0.142035	0.177778	0.158326	0.145775	0.162524	0.16555	0.188093	0.192849	0.174766	0.189283
Command ['/home/ubuntu/ns-3.30-obss/build/scratch/simple-ofdma-adhoc4', '--ofdmaEnabled=true', '--startTime=60', '--totalTime=120', '--dataMode=HeMcs0', '--datarate=3e5', '--clNum=20', '--ratio=0.375', '--RngRun=25'] terminated with signal SIGSEGV. Run it under a debugger to get more information (./waf --run <program> --command-template="gdb --args %s <args>").
