Waf: Entering directory `/home/ubuntu/ns-3.30-obss/build'
Waf: Leaving directory `/home/ubuntu/ns-3.30-obss/build'
Build commands will be stored in build/compile_commands.json
'build' finished successfully (0.661s)
--------------------------Rate[Kbps]--------------------------
Time[s]	cl-1	cl-2	cl-3	cl-4	cl-5	cl-6	cl-7	cl-8	cl-9	cl-10	cl-11	cl-12	cl-13	cl-14	cl-15	cl-16	cl-17	cl-18	cl-19	cl-20
60	15.2	11.8	13.2	14.6	14.6	17	16.2	12.2	13	12.8	17.2	15.4	13.8	15.6	16.4	15.2	16.4	17.8	17.4	14.2
61	0	0	0	0	0	0	0	0	224	0	216	672	472	600	0	120	0	480	304	208
62	0	0	0	0	0	24	0	200	240	440	0	0	56	592	88	184	240	648	656	40
63	0	0	0	0	0	336	168	24	160	184	392	264	232	0	160	160	496	64	360	224
64	0	0	0	0	0	200	352	472	416	112	64	184	88	216	344	0	576	16	0	96
65	0	0	0	0	0	160	120	128	88	392	192	0	96	320	200	224	312	312	328	336
66	0	0	0	0	0	24	152	56	432	160	32	288	72	536	168	336	56	304	392	440
67	0	0	0	0	0	224	0	88	424	272	400	0	120	408	456	328	144	0	184	320
68	0	0	0	0	0	152	152	176	152	344	192	256	360	232	288	168	224	360	296	0
69	0	0	0	0	0	200	120	352	504	504	328	504	264	0	352	0	0	400	32	8
70	0	0	0	0	0	88	72	80	248	80	416	144	480	232	424	264	288	352	0	320
71	0	0	0	0	0	224	320	104	0	112	232	144	120	312	248	0	400	40	464	248
72	0	0	0	0	0	88	24	168	288	400	312	104	376	216	312	112	264	272	0	368
73	0	0	0	0	0	0	112	288	408	64	264	256	144	488	56	96	8	280	408	336
74	0	0	8	0	0	32	168	72	256	96	512	0	400	480	112	584	96	424	144	240
75	0	0	0	0	0	48	216	0	112	440	248	280	168	328	80	192	280	184	264	448
76	0	0	0	8	0	32	184	128	376	232	232	376	376	0	0	96	496	280	288	384
77	0	8	0	0	0	208	120	136	248	264	0	0	192	336	296	136	32	416	424	336
78	0	0	0	0	8	120	8	144	0	456	160	224	160	384	296	288	528	272	0	256
79	0	0	0	0	0	120	216	0	192	360	48	344	384	224	288	160	128	352	352	408
80	0	0	0	0	0	96	352	264	680	360	488	0	0	152	216	520	168	8	0	224
81	0	0	0	0	0	32	224	328	72	296	624	176	24	144	208	0	0	464	192	344
82	0	0	0	0	0	112	208	312	176	264	296	88	320	0	208	232	312	288	232	160
83	0	0	0	0	0	88	160	120	584	544	184	656	152	40	208	136	88	192	304	344
84	0	0	0	0	0	16	120	256	232	0	544	464	216	296	24	104	576	288	560	56
85	0	0	0	0	0	64	128	344	72	264	128	0	608	96	40	0	440	200	136	792
86	0	0	0	0	0	144	0	144	568	264	544	232	408	256	464	32	232	360	368	96
87	0	0	0	0	0	192	152	472	72	128	208	168	240	0	752	0	512	56	144	152
88	0	0	0	0	0	0	216	96	368	392	184	224	400	88	32	248	256	400	176	400
89	0	0	0	0	0	176	136	8	440	280	272	288	304	304	392	0	264	232	128	496
90	0	0	0	0	0	0	296	0	0	360	152	0	152	424	408	760	712	368	136	312
91	0	0	0	0	0	8	64	0	304	536	664	400	200	160	0	408	608	400	184	424
92	0	0	0	0	0	256	464	80	400	184	96	456	0	56	80	264	352	128	168	128
93	0	0	0	8	8	232	168	288	0	64	480	48	56	464	168	192	344	0	184	208
94	0	0	0	0	0	224	96	320	224	304	336	16	440	152	520	296	64	0	32	200
95	0	0	0	0	0	136	160	48	432	416	264	424	16	256	280	272	432	176	264	328
96	0	0	0	0	0	56	112	376	0	176	360	312	0	408	72	368	8	0	504	312
97	0	0	0	0	0	144	40	144	200	0	56	520	40	280	352	560	456	240	0	400
98	0	0	0	0	0	0	336	192	240	304	312	24	0	640	248	120	0	560	296	16
99	0	0	0	0	0	312	80	272	0	320	344	448	272	0	320	192	112	96	240	0
100	0	0	0	0	0	224	248	312	160	24	328	144	144	152	0	0	408	504	112	336
101	0	0	0	0	0	392	0	176	232	384	144	24	144	464	192	240	96	408	120	168
102	0	0	0	0	0	96	8	240	128	0	296	312	224	424	496	536	64	112	392	416
103	0	0	0	0	0	200	272	256	304	288	328	64	152	136	0	296	256	136	344	56
104	8	0	8	0	0	32	424	104	160	104	176	168	72	576	152	0	384	320	248	640
105	0	0	0	0	0	40	272	216	0	184	144	264	216	528	376	136	336	8	136	160
106	0	0	0	0	0	8	368	0	0	304	56	88	0	424	0	384	504	376	456	192
107	0	0	0	0	0	232	8	272	280	224	288	240	328	32	328	288	192	0	320	72
108	0	0	0	0	0	80	0	88	360	440	80	232	288	80	160	272	200	520	664	368
109	0	0	0	0	0	232	192	312	72	160	0	0	448	536	0	80	504	344	0	0
110	0	0	0	0	0	168	0	104	392	392	136	488	144	24	488	80	456	360	360	184
111	0	0	0	0	8	168	152	72	432	472	176	40	280	0	528	176	344	408	0	464
112	0	0	0	0	0	120	16	360	88	208	72	560	560	464	392	280	0	56	288	224
113	0	0	0	0	0	24	32	104	208	376	424	336	376	328	144	160	200	336	232	408
114	0	0	0	8	0	0	368	64	456	392	80	288	240	56	0	432	248	200	240	336
115	0	0	0	0	0	336	40	360	192	456	0	528	48	112	56	328	208	392	160	48
116	0	0	0	0	0	112	256	208	104	168	256	200	288	280	104	312	288	288	256	288
117	0	0	0	0	0	192	0	112	344	256	160	184	176	200	384	272	376	448	160	176
118	8	0	0	0	0	112	96	80	520	552	248	320	128	208	200	456	296	32	288	136
119	0	0	8	0	0	0	72	152	400	88	392	536	0	296	56	568	600	432	80	0
120	0	0	0	0	0	64	64	136	176	272	288	176	296	328	136	240	176	360	344	304
avg	0.266667	0.133333	0.4	0.4	0.4	123.333	148.4	173.467	247.333	268.533	247.467	236.267	216	262.8	222.533	228.133	277.333	265.867	239.067	256.4
delay	423.5	498	491.333	500.667	501.667	495.506	504.226	486.837	495.726	486.681	487.945	477.328	488.648	461.523	496.968	493.765	485.631	477.463	471.266	485.041
loss	0.5	0.666667	0.25	0	0	0.64382	0.613629	0.607637	0.472969	0.468544	0.461761	0.456489	0.502298	0.44136	0.441058	0.457423	0.460161	0.461123	0.461631	0.45297
Command ['/home/ubuntu/ns-3.30-obss/build/scratch/simple-ofdma-adhoc2', '--ofdmaEnabled=true', '--startTime=60', '--totalTime=120', '--dataMode=HeMcs3', '--datarate=10e5', '--clNum=20', '--ratio=0.375', '--RngRun=49'] terminated with signal SIGSEGV. Run it under a debugger to get more information (./waf --run <program> --command-template="gdb --args %s <args>").
