Waf: Entering directory `/home/ubuntu/ns-3.30-obss/build'
Waf: Leaving directory `/home/ubuntu/ns-3.30-obss/build'
Build commands will be stored in build/compile_commands.json
'build' finished successfully (0.723s)
--------------------------Rate[Kbps]--------------------------
Time[s]	cl-1	cl-2	cl-3	cl-4	cl-5	cl-6	cl-7	cl-8	cl-9	cl-10	cl-11	cl-12	cl-13	cl-14	cl-15	cl-16	cl-17	cl-18	cl-19	cl-20
60	13.2	17.8	13.2	16.6	17.2	15.2	15	11.2	15.6	12.2	13.2	14.6	12.4	14.6	18.4	18.6	13.8	15.8	16	14.2
61	0	0	0	0	0	64	88	368	264	248	288	0	208	0	440	0	264	456	224	24
62	0	0	0	0	0	8	64	0	280	312	200	48	320	0	128	256	0	280	0	320
63	0	0	0	0	0	0	312	384	416	608	432	432	136	592	672	304	152	432	136	384
64	0	0	0	0	0	0	520	64	336	0	440	0	456	544	184	288	264	112	560	192
65	0	0	0	0	0	184	504	0	168	152	328	432	424	424	0	0	88	64	408	80
66	0	0	0	0	0	104	152	248	472	88	80	456	416	136	184	280	160	480	64	552
67	0	0	0	0	0	576	32	344	576	96	400	0	264	280	280	512	208	416	400	448
68	0	0	0	0	0	176	216	184	440	16	528	392	72	400	0	376	0	128	48	600
69	0	0	0	0	0	488	192	216	176	480	336	424	184	216	96	256	496	272	96	152
70	0	0	0	0	0	296	264	96	536	592	72	0	320	0	32	592	136	576	0	360
71	0	0	0	0	0	256	448	592	496	128	224	120	0	128	192	416	224	376	336	352
72	0	0	0	0	0	0	208	168	336	520	432	488	376	184	504	312	216	520	488	208
73	0	0	0	0	0	352	16	152	384	208	568	0	464	0	0	16	0	104	600	376
74	0	0	0	0	0	144	464	160	104	248	576	280	416	328	472	392	480	64	416	64
75	0	0	0	0	0	528	280	0	96	528	96	528	256	432	472	504	184	48	528	160
76	8	0	8	0	8	128	0	32	0	528	584	488	40	184	448	272	0	104	120	0
77	0	0	0	0	0	88	280	328	248	144	152	472	512	24	280	368	128	480	328	96
78	0	0	0	8	0	264	528	416	0	152	408	200	0	256	224	8	0	72	576	40
79	0	0	0	0	0	176	232	440	280	408	40	432	104	400	528	64	144	504	112	528
80	0	0	0	0	0	184	328	16	144	128	88	248	440	184	432	392	96	424	120	0
81	0	8	0	0	0	184	0	448	400	304	528	512	32	0	384	192	472	464	0	232
82	0	0	0	0	0	576	464	512	400	288	136	520	288	224	216	192	216	192	296	136
83	0	0	0	0	0	272	0	208	104	8	160	232	288	48	0	192	320	256	72	48
84	0	0	0	0	0	416	112	584	296	408	560	176	72	240	432	208	224	584	168	8
85	0	0	0	0	0	120	208	416	0	0	152	192	424	152	560	560	432	0	376	536
86	0	0	0	0	0	464	320	360	320	496	136	408	248	384	584	184	0	256	256	0
87	0	0	0	0	0	0	600	80	48	600	40	176	272	584	120	0	320	152	384	176
88	0	0	0	0	0	312	296	296	0	408	312	472	240	96	200	344	496	320	304	280
89	0	0	0	0	8	440	352	416	160	240	56	112	80	176	360	112	0	600	168	136
90	0	0	8	0	0	224	72	64	40	104	128	0	400	576	136	536	288	16	544	0
91	0	0	0	0	0	376	0	384	344	336	160	232	264	40	144	440	48	256	336	168
92	8	0	0	0	0	16	312	328	160	328	296	64	368	336	416	280	264	144	448	376
93	0	0	0	0	0	496	480	96	8	280	368	72	0	384	560	0	8	224	192	256
94	0	0	0	0	0	56	184	536	184	320	0	208	480	0	456	8	392	64	376	0
95	0	0	0	0	0	272	360	384	232	264	8	480	352	184	176	488	272	248	328	200
96	0	0	0	0	0	400	544	512	232	256	584	256	40	152	440	0	592	464	56	576
97	0	0	0	8	0	416	40	80	544	480	472	216	440	512	496	472	328	168	88	0
98	0	0	0	0	0	584	112	272	528	384	176	64	448	312	600	64	272	96	288	256
99	0	8	0	0	0	120	472	312	352	328	384	0	288	128	48	0	200	536	272	528
100	0	0	0	0	0	0	280	0	80	224	320	168	0	416	472	192	232	256	96	216
101	0	0	0	0	0	208	0	464	424	272	184	128	376	544	24	136	160	0	88	296
102	0	0	0	0	0	376	360	240	264	576	176	16	120	512	0	272	296	496	56	552
103	0	0	0	0	0	264	600	240	152	320	24	416	96	88	344	128	592	256	336	152
104	8	0	0	0	8	520	40	144	592	0	416	192	560	496	136	64	152	64	360	592
105	0	0	0	0	0	96	120	184	240	320	344	184	336	192	336	392	152	0	440	592
106	0	0	0	0	0	344	0	168	120	408	560	120	392	168	112	280	0	120	80	328
107	0	0	0	0	0	280	128	560	144	0	0	112	592	552	440	104	496	0	152	560
108	0	0	0	0	0	592	352	72	56	248	224	312	488	312	248	560	256	64	600	552
109	0	0	8	0	0	168	224	0	96	528	120	448	304	352	0	192	0	0	552	0
110	0	0	0	0	0	400	208	344	504	536	248	72	512	104	408	456	144	384	192	416
111	0	0	0	0	0	304	128	0	248	544	120	240	544	160	120	376	472	520	168	584
112	0	0	0	0	0	288	88	520	224	568	152	480	136	0	472	88	312	0	528	112
113	0	0	0	8	0	584	96	464	504	184	376	440	368	72	80	312	264	264	88	0
114	0	8	0	0	0	352	248	448	200	480	520	328	464	0	40	440	336	456	128	160
115	0	0	0	0	0	168	168	0	0	88	0	480	80	136	16	136	208	0	312	176
116	0	0	0	0	0	448	472	312	0	232	216	208	0	360	576	672	72	288	64	128
117	0	0	0	0	0	360	480	384	168	0	536	120	288	96	0	224	72	464	488	0
118	0	0	0	0	0	576	344	344	472	296	344	256	280	456	144	80	0	512	288	104
119	0	0	0	0	0	360	168	88	600	240	0	0	448	496	576	48	232	224	448	288
120	0	0	0	0	0	536	360	552	200	0	152	328	384	536	352	32	328	0	136	392
(1,24003)	(2,3391)	(3,0)	(4,811)	
(1,5857)	(2,362)	(3,0)	(4,20)	
(1,7137)	(2,768)	(3,0)	(4,26)	
(1,7392)	(2,575)	(3,0)	(4,102)	
(1,7166)	(2,460)	(3,0)	(4,33)	
(1,1)	(2,0)	(3,0)	(4,0)	
(1,1)	(2,0)	(3,0)	(4,0)	
(1,1)	(2,0)	(3,0)	(4,0)	
(1,1)	(2,0)	(3,0)	(4,0)	
(1,1)	(2,0)	(3,0)	(4,0)	
(1,1)	(2,0)	(3,0)	(4,0)	
(1,1)	(2,0)	(3,0)	(4,0)	
(1,1)	(2,0)	(3,0)	(4,0)	
(1,1)	(2,0)	(3,0)	(4,0)	
(1,1)	(2,0)	(3,0)	(4,0)	
(1,1)	(2,0)	(3,0)	(4,0)	
(1,1)	(2,0)	(3,0)	(4,0)	
(1,1)	(2,0)	(3,0)	(4,0)	
(1,1)	(2,0)	(3,0)	(4,0)	
(1,1)	(2,0)	(3,0)	(4,0)	
(1,1)	(2,0)	(3,0)	(4,0)	
avg	0.4	0.4	0.4	0.4	0.4	283.067	248.667	267.067	256.533	291.333	266	248	286.667	254.8	279.867	251.067	219.333	255.333	268.533	250.8
delay	107.333	0.666667	0.333333	1	1.33333	12.708	21.6912	16.2501	10.2687	19.4389	16.8165	14.6554	30.4798	26.2936	42.1906	45.2087	20.5933	17.3796	16.8669	22.2972
loss	0	0	0	0	0	0.0462713	0.0730616	0.0705336	0.0767754	0.0876827	0.0785219	0.0917969	0.0908707	0.0886981	0.0749229	0.0916546	0.0804919	0.0717402	0.0641264	0.0806452
Command ['/home/ubuntu/ns-3.30-obss/build/scratch/simple-ofdma-adhoc4', '--ofdmaEnabled=true', '--startTime=60', '--totalTime=120', '--dataMode=HeMcs4', '--datarate=6e5', '--clNum=20', '--ratio=0.375', '--RngRun=30'] terminated with signal SIGSEGV. Run it under a debugger to get more information (./waf --run <program> --command-template="gdb --args %s <args>").
