Waf: Entering directory `/home/ubuntu/ns-3.30-obss/build'
Waf: Leaving directory `/home/ubuntu/ns-3.30-obss/build'
Build commands will be stored in build/compile_commands.json
'build' finished successfully (0.708s)
--------------------------Rate[Kbps]--------------------------
Time[s]	cl-1	cl-2	cl-3	cl-4	cl-5	cl-6	cl-7	cl-8	cl-9	cl-10	cl-11	cl-12	cl-13	cl-14	cl-15	cl-16	cl-17	cl-18	cl-19	cl-20
60	13	13	13.2	16.4	14.6	17.8	14	16	14.6	15	14.4	16.2	13.8	18.4	15.8	14.4	15.6	13.2	12	16
61	448	288	176	544	112	8	360	0	88	312	0	16	80	0	144	0	488	56	376	520
62	272	336	0	424	104	0	0	72	0	160	408	648	608	464	328	312	256	16	88	560
63	344	456	456	664	592	72	72	48	248	64	560	224	40	88	184	544	240	448	488	0
64	624	512	40	584	416	360	24	376	392	168	0	0	256	280	88	264	0	368	368	120
65	416	288	56	448	272	112	0	224	384	328	80	144	360	392	432	232	168	360	152	400
66	664	608	224	280	0	344	168	0	0	64	0	480	224	328	480	0	528	400	504	328
67	248	296	648	16	264	200	352	256	232	296	344	24	168	0	576	320	200	72	464	0
68	328	392	296	536	584	312	168	0	576	56	528	472	264	304	96	232	232	96	152	328
69	328	0	376	152	248	256	352	136	256	176	296	264	408	264	56	0	0	456	376	232
70	280	240	512	464	144	0	296	184	120	376	72	0	368	200	320	208	296	296	368	440
71	128	624	320	0	408	72	472	40	304	440	568	328	128	112	80	176	0	104	232	320
72	504	280	64	272	472	0	208	80	312	136	192	392	0	368	200	240	504	376	256	152
73	584	48	248	624	560	232	0	248	208	168	176	280	240	288	8	384	216	248	528	152
74	312	272	360	616	336	112	248	64	0	264	344	600	80	0	432	472	504	72	288	32
75	0	472	720	640	600	0	328	120	48	512	176	536	344	208	40	184	208	8	168	216
76	408	0	432	16	344	0	344	88	104	456	232	280	400	184	368	128	328	16	448	0
77	192	288	64	48	344	96	384	0	32	416	472	480	184	488	224	0	448	0	432	48
78	8	592	24	384	208	168	240	176	384	320	192	296	272	424	0	408	120	416	296	224
79	392	48	120	208	248	408	432	312	264	360	0	0	224	16	328	312	128	440	64	0
80	512	376	488	160	336	48	168	88	344	392	416	40	216	32	184	328	248	32	264	248
81	464	480	384	536	440	312	192	256	0	176	384	184	0	96	24	200	448	424	432	200
82	232	736	224	152	256	112	0	208	72	216	160	520	200	448	456	16	344	128	232	384
83	392	112	704	192	472	376	8	488	288	360	256	32	472	152	8	232	16	320	128	216
84	176	152	376	480	240	288	168	104	216	0	200	240	240	352	424	400	328	432	88	368
85	128	728	352	344	272	104	456	48	232	72	192	272	496	160	224	56	232	272	416	192
86	120	288	632	408	272	8	344	144	0	440	0	264	312	72	264	408	64	344	80	488
87	64	0	520	528	120	152	384	224	360	248	416	168	280	0	0	392	304	288	80	424
88	464	312	416	120	256	168	168	136	264	256	120	240	0	336	336	184	312	328	416	304
89	256	688	336	224	56	352	344	360	88	288	256	496	144	304	48	40	280	88	360	296
90	584	560	88	120	56	56	56	200	0	272	480	0	320	432	384	432	40	528	272	432
91	744	320	152	672	272	32	112	0	224	352	200	240	184	176	280	296	320	424	544	600
92	376	520	496	0	0	192	16	40	456	304	384	416	144	248	256	456	256	360	280	216
93	0	424	312	32	280	176	104	224	304	512	168	320	8	272	544	264	264	256	280	88
94	304	752	536	512	464	88	128	280	512	80	0	0	136	520	0	88	536	0	472	368
95	112	576	312	648	320	0	192	280	96	48	240	8	216	0	504	280	408	440	240	488
96	504	176	424	408	24	112	200	104	368	496	200	168	224	88	432	96	464	328	176	504
97	0	0	600	0	448	344	360	0	32	224	496	240	8	296	160	488	8	136	496	24
98	120	416	648	584	40	320	8	144	320	0	472	0	424	552	208	400	128	256	0	344
99	704	304	616	528	0	160	16	216	528	376	560	368	352	248	0	320	248	152	136	104
100	224	552	8	640	80	24	408	248	344	176	200	216	16	416	312	56	392	456	288	0
101	0	72	144	320	296	184	328	232	120	344	192	312	152	432	288	32	352	208	416	24
102	488	512	72	0	480	176	136	168	40	240	0	336	464	416	96	168	392	384	16	0
103	400	728	792	120	48	24	600	0	664	232	120	568	544	136	408	176	16	368	0	64
104	464	376	352	424	64	264	176	200	168	136	184	272	336	24	368	0	264	328	344	0
105	0	144	440	136	328	320	320	88	152	248	376	96	144	360	304	208	80	360	216	48
106	56	312	216	280	520	184	80	344	400	368	72	64	360	216	552	0	120	0	336	72
107	256	240	0	336	136	200	144	368	280	232	16	160	0	408	344	520	232	160	144	272
108	560	64	200	144	472	176	96	0	328	256	104	456	184	336	328	504	112	104	296	192
109	384	184	512	464	128	0	88	296	232	216	504	440	328	464	320	112	328	0	336	128
110	320	136	352	448	0	144	160	184	96	0	312	200	432	88	416	432	240	208	224	456
111	128	312	0	464	104	304	304	80	472	232	0	352	504	288	176	168	264	0	72	232
112	520	328	352	136	280	136	344	176	200	0	8	184	184	512	264	456	256	272	216	296
113	0	384	432	0	352	264	208	216	400	176	192	72	0	360	376	368	0	368	248	200
114	192	376	472	328	368	184	16	184	248	136	88	376	272	352	424	8	160	280	288	288
115	336	264	368	504	112	64	80	272	0	376	496	488	80	440	432	144	408	128	256	0
116	376	344	424	424	208	72	0	152	288	480	0	632	464	456	0	272	664	200	336	344
117	0	344	280	616	240	192	304	256	376	56	32	416	272	8	168	368	280	312	224	24
118	528	440	392	216	144	0	160	64	432	120	96	568	448	304	384	208	296	48	448	48
119	24	0	416	432	64	264	368	160	64	96	128	416	448	416	480	0	0	352	64	0
120	112	240	208	536	544	360	80	248	160	528	288	240	136	0	8	272	168	24	248	352
avg	301.733	338.533	336.4	342.267	264.133	161.467	204.533	165.067	235.333	247.2	227.467	275.733	246.533	260.4	259.467	237.733	252.267	239.067	274.267	223.333
delay	399.162	417.848	432.178	399.55	419.534	453.57	440.138	436.044	440.928	427.533	426.055	431.537	435.588	438.37	435.691	406.565	427.818	424.058	425.41	402.05
loss	0.169349	0.155918	0.156751	0.159595	0.314444	0.492681	0.456414	0.501407	0.331191	0.327299	0.332422	0.314484	0.308527	0.338639	0.30698	0.331459	0.340988	0.34367	0.330622	0.33479
Command ['/home/ubuntu/ns-3.30-obss/build/scratch/simple-ofdma-adhoc', '--ofdmaEnabled=true', '--startTime=60', '--totalTime=120', '--dataMode=HeMcs4', '--datarate=8e5', '--clNum=20', '--ratio=0.375', '--RngRun=51'] terminated with signal SIGSEGV. Run it under a debugger to get more information (./waf --run <program> --command-template="gdb --args %s <args>").
