Waf: Entering directory `/home/ubuntu/ns-3.30-obss/build'
Waf: Leaving directory `/home/ubuntu/ns-3.30-obss/build'
Build commands will be stored in build/compile_commands.json
'build' finished successfully (0.760s)
--------------------------Rate[Kbps]--------------------------
Time[s]	cl-1	cl-2	cl-3	cl-4	cl-5	cl-6	cl-7	cl-8	cl-9	cl-10	cl-11	cl-12	cl-13	cl-14	cl-15	cl-16	cl-17	cl-18	cl-19	cl-20
60	14.8	9.6	15.8	18.6	12.6	17.6	17	14.2	16.4	15.2	16.8	17.2	16	16.2	13.2	14.4	15.8	16.6	13.8	13.4
61	0	0	0	0	0	408	0	384	296	0	344	136	232	0	352	184	0	0	104	328
62	0	0	0	0	0	80	24	224	272	352	128	0	472	320	288	216	176	344	496	352
63	0	0	0	0	0	368	200	128	0	440	248	384	64	440	496	152	0	304	376	176
64	0	0	0	0	0	336	384	96	440	72	176	456	232	240	32	0	312	0	384	96
65	0	0	0	0	0	296	136	184	64	464	64	168	64	200	200	192	456	368	408	264
66	0	0	0	0	0	104	120	424	168	296	432	472	152	144	488	160	376	376	88	448
67	0	0	0	0	0	160	0	248	224	504	280	88	48	480	216	336	504	96	0	0
68	0	0	0	0	0	224	240	264	232	256	456	0	0	208	8	0	216	208	72	200
69	0	0	0	0	0	80	112	72	400	16	424	0	376	0	40	32	448	488	112	80
70	0	0	0	0	0	64	0	88	32	96	160	104	272	392	152	48	304	8	80	288
71	0	0	0	0	0	392	160	328	400	144	416	16	0	320	408	16	0	168	128	352
72	0	0	0	0	0	112	176	304	328	384	136	96	464	0	192	0	256	48	448	304
73	0	0	0	0	8	128	192	152	16	240	88	128	464	464	224	48	472	40	136	0
74	0	0	0	0	0	336	216	384	96	272	504	152	368	408	0	288	0	80	0	384
75	0	0	0	0	0	48	184	88	144	288	256	16	0	304	168	352	144	32	24	288
76	0	0	0	0	0	144	296	400	224	240	328	272	408	112	232	280	368	344	264	472
77	0	0	0	0	0	264	296	24	0	496	168	168	296	0	0	192	240	472	360	80
78	0	0	8	0	0	128	192	280	120	176	384	184	472	128	424	440	376	480	328	152
79	8	0	0	0	0	64	384	416	240	248	40	200	360	384	56	368	384	320	112	392
80	0	8	0	0	0	328	272	72	488	488	480	312	496	432	432	192	144	152	304	112
81	0	0	0	0	0	312	144	192	184	32	152	0	280	160	360	80	0	504	224	400
82	0	0	0	0	0	384	0	64	104	72	240	104	208	16	384	504	360	64	136	432
83	0	0	0	8	0	88	48	352	0	304	264	456	440	0	224	248	336	184	200	0
84	0	0	0	0	0	224	80	128	288	328	344	432	360	72	312	448	416	424	472	16
85	0	0	0	0	0	240	280	0	0	344	40	136	264	304	40	112	456	416	208	0
86	0	0	0	0	0	192	400	64	112	0	256	16	0	504	416	320	408	464	64	464
87	0	0	0	0	8	48	248	200	144	264	72	160	232	312	392	104	16	0	288	488
88	0	0	0	0	0	136	0	264	336	432	0	136	120	376	312	336	104	168	152	232
89	0	0	0	0	0	232	136	104	320	256	32	480	432	272	80	328	432	248	264	504
90	0	0	0	0	0	240	48	376	352	312	112	464	112	280	112	240	432	24	0	40
91	0	0	0	0	0	192	224	96	232	400	440	456	272	160	368	264	0	104	136	192
92	0	0	0	0	0	160	112	192	88	56	280	24	320	168	200	48	112	272	144	288
93	0	0	8	0	0	64	432	88	96	480	120	8	328	424	368	208	352	496	136	24
94	0	8	0	0	0	280	208	104	384	336	440	264	416	488	96	216	0	272	0	384
95	0	0	0	0	0	120	384	0	0	104	112	0	216	168	248	424	80	424	296	288
96	0	0	0	0	0	168	40	280	168	400	368	48	72	160	224	504	0	152	416	152
97	8	0	0	0	0	208	128	144	0	0	312	16	176	232	320	304	320	8	16	240
98	0	0	0	0	0	416	16	336	368	216	152	408	80	248	344	280	328	40	56	0
99	0	0	0	8	0	280	0	104	32	320	288	448	480	8	144	344	264	264	264	456
100	0	0	0	0	0	344	112	144	8	232	216	224	472	368	96	112	312	248	32	72
101	0	0	0	0	8	240	96	216	88	80	408	128	56	424	336	72	88	368	192	408
102	0	0	0	0	0	8	56	0	432	408	16	184	8	136	224	320	200	96	128	496
103	0	0	0	0	0	72	0	232	360	24	432	16	448	152	32	480	0	224	32	440
104	0	0	0	0	0	120	288	280	208	384	384	400	0	384	168	120	160	176	440	496
105	0	0	0	0	0	80	80	0	64	0	208	360	256	360	344	0	240	0	112	232
106	0	0	0	0	0	72	64	128	48	104	376	72	424	392	304	400	368	400	168	136
107	0	0	0	0	0	168	0	312	112	264	472	320	376	464	472	296	224	368	112	112
108	0	8	0	0	0	184	320	200	0	224	312	0	232	344	232	504	416	40	384	384
109	0	0	8	0	0	8	384	184	8	480	0	184	0	144	248	264	136	56	192	320
110	0	0	0	0	0	8	16	280	88	248	192	312	304	256	328	176	184	192	352	144
111	0	0	0	0	0	56	72	312	128	48	440	376	208	392	216	32	472	72	320	48
112	0	0	0	0	0	256	96	296	176	440	184	0	224	472	432	496	456	488	0	168
113	0	0	0	0	0	0	232	216	272	48	504	104	48	488	488	320	352	488	24	400
114	8	0	0	0	0	256	320	0	496	232	280	64	464	160	24	208	392	464	240	216
115	0	0	0	0	0	120	176	232	232	0	144	496	240	264	72	408	224	24	104	504
116	0	0	0	8	0	368	168	96	392	240	480	72	264	304	32	0	424	64	144	216
117	0	0	0	0	0	176	184	192	264	144	448	248	0	0	312	8	184	496	144	408
118	0	0	0	0	0	264	336	304	176	0	248	360	200	192	384	440	72	448	416	240
119	0	0	0	0	0	200	64	0	128	408	400	0	464	400	312	200	96	368	128	472
120	0	0	0	0	0	352	80	152	280	400	440	496	496	304	288	176	240	336	288	72
(1,23941)	(2,2384)	(3,0)	(4,310)	
(1,5159)	(2,301)	(3,0)	(4,24)	
(1,6490)	(2,378)	(3,0)	(4,18)	
(1,7287)	(2,296)	(3,0)	(4,46)	
(1,6931)	(2,264)	(3,0)	(4,41)	
(1,4733)	(2,346)	(3,0)	(4,17)	
(1,1)	(2,0)	(3,0)	(4,0)	
(1,1)	(2,0)	(3,0)	(4,0)	
(1,1)	(2,0)	(3,0)	(4,0)	
(1,1)	(2,0)	(3,0)	(4,0)	
(1,1)	(2,0)	(3,0)	(4,0)	
(1,1)	(2,0)	(3,0)	(4,0)	
(1,1)	(2,0)	(3,0)	(4,0)	
(1,1)	(2,0)	(3,0)	(4,0)	
(1,1)	(2,0)	(3,0)	(4,0)	
(1,1)	(2,0)	(3,0)	(4,0)	
(1,1)	(2,0)	(3,0)	(4,0)	
(1,1)	(2,0)	(3,0)	(4,0)	
(1,1)	(2,0)	(3,0)	(4,0)	
(1,1)	(2,0)	(3,0)	(4,0)	
(1,1)	(2,0)	(3,0)	(4,0)	
avg	0.4	0.4	0.4	0.4	0.4	190	160.933	190.4	189.2	242.267	268.667	197.067	253.867	262.133	244.933	230.667	247.2	237.867	194.133	255.867
delay	0.333333	1	88.6667	0.666667	1	11.2863	14.0331	10.4419	7.06272	9.95377	11.7424	4.19147	8.87553	17.1516	13.9434	19.5921	8.33819	10.4714	11.9457	17.9599
loss	0	0	0	0	0	0.233046	0.259963	0.26087	0.0558882	0.0600103	0.0597294	0.0597964	0.0662089	0.0624702	0.0447218	0.0566757	0.0674044	0.0595677	0.0527001	0.0602351
Command ['/home/ubuntu/ns-3.30-obss/build/scratch/simple-ofdma-adhoc4', '--ofdmaEnabled=true', '--startTime=60', '--totalTime=120', '--dataMode=HeMcs7', '--datarate=5e5', '--clNum=20', '--ratio=0.375', '--RngRun=19'] terminated with signal SIGSEGV. Run it under a debugger to get more information (./waf --run <program> --command-template="gdb --args %s <args>").
