Waf: Entering directory `/home/ubuntu/ns-3.30-obss/build'
Waf: Leaving directory `/home/ubuntu/ns-3.30-obss/build'
Build commands will be stored in build/compile_commands.json
'build' finished successfully (0.666s)
--------------------------Rate[Kbps]--------------------------
Time[s]	cl-1	cl-2	cl-3	cl-4	cl-5	cl-6	cl-7	cl-8	cl-9	cl-10	cl-11	cl-12	cl-13	cl-14	cl-15	cl-16	cl-17	cl-18	cl-19	cl-20
60	13.8	12.2	14.2	13.6	14.2	15	14.8	13.4	13.8	17.4	15.6	14.6	15.6	14.2	15.4	16.8	13.8	0	14.6	12
61	0	0	0	0	0	32	184	128	184	488	288	0	0	88	224	0	0	76	88	320
62	0	0	0	0	0	208	360	40	96	344	440	24	64	0	272	0	88	416	120	440
63	0	0	0	0	0	296	112	296	304	400	528	216	16	56	200	216	240	8	304	0
64	0	0	0	0	0	176	288	288	320	56	232	168	24	256	152	400	456	184	72	216
65	0	0	0	0	0	16	176	176	120	248	264	384	304	280	184	464	360	280	400	72
66	0	0	0	0	0	304	248	96	208	184	0	280	200	136	104	232	352	432	384	168
67	0	0	0	0	0	192	232	184	152	504	304	248	16	432	96	408	24	8	424	352
68	0	0	0	0	0	8	88	104	0	368	344	96	408	360	0	456	272	168	448	464
69	0	0	0	0	0	264	0	232	104	72	16	224	472	384	240	280	272	120	208	80
70	0	0	0	0	0	112	360	272	232	288	112	96	0	232	152	416	216	216	400	88
71	0	0	0	0	0	120	240	280	176	232	488	40	120	8	384	432	128	88	312	0
72	0	0	0	0	0	208	0	128	32	448	352	400	160	16	360	248	200	184	128	344
73	0	0	0	0	0	328	104	24	112	288	296	128	152	48	496	144	360	376	320	432
74	0	0	0	0	0	0	144	248	40	0	232	256	112	344	376	312	424	280	360	192
75	0	0	0	8	0	192	352	120	88	248	440	448	40	432	296	248	432	136	112	112
76	0	0	8	0	0	184	264	0	368	232	256	320	200	208	408	296	384	296	320	304
77	8	0	0	0	0	208	304	32	360	0	400	400	416	0	304	496	344	72	16	0
78	0	0	0	0	8	88	368	280	384	392	56	368	160	256	224	208	232	336	0	264
79	0	0	0	0	0	248	136	216	144	336	448	0	392	232	240	96	416	280	336	216
80	0	0	0	0	0	0	416	224	80	0	112	192	432	120	80	464	352	472	448	0
81	0	0	0	0	0	120	128	128	360	272	0	424	456	224	440	152	16	120	104	232
82	0	0	0	0	0	80	0	56	64	8	336	224	304	376	0	120	336	48	0	0
83	0	0	0	0	0	360	176	368	224	112	288	160	96	256	88	296	32	224	216	208
84	0	0	0	0	0	224	240	184	416	440	224	144	208	416	360	400	176	112	16	296
85	0	0	0	0	0	64	432	176	160	288	544	128	136	464	72	200	376	368	384	240
86	0	0	0	8	0	128	296	16	480	408	416	504	0	384	32	24	152	440	400	80
87	0	0	0	0	0	112	0	384	88	280	120	208	384	0	152	424	160	432	480	264
88	0	0	0	0	0	264	296	344	56	232	0	56	32	208	456	296	456	0	16	400
89	0	0	0	0	0	48	200	352	456	96	280	512	32	0	152	0	256	192	104	328
90	0	0	0	0	0	368	0	280	464	312	464	200	408	104	136	352	0	80	416	136
91	8	0	0	0	0	192	192	224	272	432	0	488	0	240	0	72	240	288	440	120
92	0	0	8	0	0	336	128	240	200	152	168	200	136	296	360	208	64	304	312	320
93	0	8	0	0	0	320	72	128	328	64	136	0	456	344	16	360	344	264	0	416
94	0	0	0	0	8	112	104	304	80	376	280	360	192	72	440	296	320	376	208	64
95	0	0	0	0	0	32	200	160	480	0	0	432	320	40	88	64	120	160	528	0
96	0	0	0	0	0	56	64	304	264	72	192	0	440	64	0	480	288	432	120	344
97	0	0	0	0	0	0	416	136	0	296	16	456	184	64	416	456	0	496	88	240
98	0	0	0	0	0	176	0	216	424	280	104	400	368	112	0	80	144	432	448	0
99	0	0	0	0	0	192	184	192	488	240	152	160	0	320	288	264	440	24	40	48
100	0	0	0	0	0	304	416	288	56	8	216	144	240	336	368	152	416	336	160	328
101	0	0	0	0	0	296	80	104	288	208	72	344	224	128	80	448	456	304	0	208
102	0	0	0	0	0	200	128	360	208	80	16	432	104	88	0	464	288	440	8	240
103	0	0	0	8	0	0	400	176	104	32	456	0	368	328	192	216	344	8	160	24
104	0	0	8	0	0	144	16	272	368	0	360	104	264	416	16	216	384	0	440	248
105	0	0	0	0	0	208	248	184	144	224	256	248	232	160	40	72	432	408	192	368
106	0	0	0	0	0	0	264	136	288	480	0	424	96	48	480	176	128	232	144	456
107	0	0	0	0	0	328	56	312	56	368	320	368	136	120	312	32	280	0	216	392
108	0	0	0	0	0	152	56	144	168	16	472	24	0	64	152	448	32	240	376	304
109	0	0	0	0	0	120	104	168	224	80	336	104	320	248	0	128	280	440	128	528
110	0	0	0	0	0	352	328	0	152	272	288	384	392	328	72	112	320	176	176	56
111	0	8	0	0	0	0	296	0	208	224	392	40	72	296	112	176	80	0	560	16
112	0	0	0	0	0	112	0	384	8	0	424	448	232	240	336	216	248	320	344	144
113	0	0	0	0	0	0	144	152	184	344	504	0	304	144	536	520	264	512	296	248
114	0	0	0	0	0	336	232	216	112	184	80	256	328	528	280	240	96	64	0	0
115	0	0	0	0	8	152	64	344	112	0	256	312	0	56	256	312	208	64	232	216
116	0	0	0	0	0	0	0	336	312	184	0	240	216	320	224	192	312	376	296	288
117	0	0	0	0	0	24	24	160	0	0	416	504	144	88	576	112	248	72	512	200
118	8	0	0	8	0	88	16	128	184	176	488	312	136	0	344	448	128	368	368	464
119	0	0	0	0	0	160	320	88	288	408	0	0	424	328	504	296	448	408	264	288
120	0	0	0	0	0	184	168	304	248	296	128	264	208	288	320	0	200	184	440	400
avg	0.4	0.266667	0.4	0.533333	0.4	158.8	181.067	196.933	208.667	217.867	246.8	238.267	204.667	207.067	224.8	255.6	251.067	234.933	247.2	220.267
delay	3.33333	6.5	4.33333	4.5	6.66667	52.2695	41.5162	54.7156	40.9132	55.3156	33.4241	31.9726	34.4997	45.2183	35.2028	33.9311	25.5459	29.4531	22.055	38.5714
loss	0.25	0.333333	0	0	0	0.416463	0.371587	0.395663	0.2316	0.223278	0.199048	0.209898	0.234796	0.223112	0.180758	0.209158	0.23796	0.228422	0.198704	0.223319
Command ['/home/ubuntu/ns-3.30-obss/build/scratch/simple-ofdma-adhoc2', '--ofdmaEnabled=true', '--startTime=60', '--totalTime=120', '--dataMode=HeMcs4', '--datarate=6e5', '--clNum=20', '--ratio=0.375', '--RngRun=23'] terminated with signal SIGSEGV. Run it under a debugger to get more information (./waf --run <program> --command-template="gdb --args %s <args>").
