Waf: Entering directory `/home/ubuntu/ns-3.30-obss/build'
Waf: Leaving directory `/home/ubuntu/ns-3.30-obss/build'
Build commands will be stored in build/compile_commands.json
'build' finished successfully (0.883s)
--------------------------Rate[Kbps]--------------------------
Time[s]	cl-1	cl-2	cl-3	cl-4	cl-5	cl-6	cl-7	cl-8	cl-9	cl-10	cl-11	cl-12	cl-13	cl-14	cl-15	cl-16	cl-17	cl-18	cl-19	cl-20
60	13	13.2	15.6	16.6	15	14	15.4	15.4	11.2	15.2	14.4	12.4	17.2	15.2	12.6	15.8	14.6	14	14.6	15.4
61	0	0	0	0	0	80	256	104	200	216	40	232	112	96	256	112	248	80	200	24
62	0	0	0	0	0	208	48	224	160	224	48	200	0	0	16	248	296	288	200	224
63	0	0	0	0	0	160	216	96	296	96	248	56	240	136	112	304	160	120	8	168
64	0	0	0	0	0	304	280	304	64	80	136	184	264	112	72	264	208	152	224	320
65	0	0	0	0	0	208	184	112	72	176	64	144	200	56	304	56	120	0	304	112
66	0	0	0	0	0	0	112	304	0	0	296	0	256	72	152	80	240	16	32	224
67	0	0	0	0	0	200	200	120	272	56	128	88	80	152	216	192	168	264	136	264
68	0	0	0	0	0	272	224	72	224	0	0	200	184	96	176	40	128	160	264	8
69	0	0	0	0	0	192	168	128	64	120	256	0	128	224	232	0	208	0	296	288
70	0	0	0	0	0	112	48	176	304	112	112	136	168	72	200	128	96	64	80	176
71	0	0	0	0	0	296	288	288	8	280	136	0	272	184	296	256	256	32	80	0
72	8	0	0	0	0	232	32	248	0	56	16	32	24	120	0	304	256	136	304	136
73	0	0	0	0	0	216	64	152	32	280	280	0	112	88	80	160	304	56	168	56
74	0	0	0	0	8	224	136	304	136	240	272	160	304	256	192	112	64	208	208	0
75	0	8	0	0	0	0	112	232	64	200	152	304	192	144	120	96	192	24	88	184
76	0	0	0	0	0	48	0	152	104	128	232	16	136	24	0	96	176	176	0	0
77	0	0	8	0	0	192	48	104	136	144	160	104	24	232	72	184	0	248	8	64
78	0	0	0	8	0	256	152	168	80	152	192	88	272	64	192	216	112	0	0	264
79	0	0	0	0	0	168	8	200	176	88	144	32	296	280	0	0	88	184	88	152
80	0	0	0	0	0	192	8	144	232	0	112	152	280	208	168	264	8	152	80	168
81	0	0	0	0	0	208	272	120	64	192	144	0	128	0	296	40	184	160	160	216
82	0	0	0	0	0	272	32	240	176	56	248	200	304	96	56	104	272	120	16	288
83	0	0	0	0	0	192	120	296	272	32	88	232	224	176	8	224	88	208	0	32
84	0	0	0	0	0	56	264	112	16	0	152	0	88	160	32	88	200	80	120	200
85	8	0	0	0	0	272	64	0	16	168	160	64	0	216	296	272	144	96	144	192
86	0	0	0	0	0	112	176	280	144	296	152	0	120	0	208	280	112	0	112	32
87	0	0	0	0	8	80	136	64	120	160	304	56	0	208	296	304	88	248	232	0
88	0	0	0	0	0	216	8	0	200	160	160	288	88	144	96	120	192	56	200	216
89	0	0	0	0	0	56	56	16	184	128	208	48	0	208	0	296	128	120	168	240
90	0	0	0	0	0	280	304	200	304	128	104	104	104	256	296	296	304	176	0	304
91	0	8	0	0	0	16	120	296	280	16	192	48	176	0	104	296	248	0	48	296
92	0	0	8	8	0	144	136	152	112	120	32	128	296	240	56	280	152	120	96	136
93	0	0	0	0	0	296	304	72	48	80	32	272	280	264	80	0	272	0	288	112
94	0	0	0	0	0	0	48	96	40	112	208	0	216	16	200	40	208	288	88	304
95	8	0	0	0	0	176	16	232	80	176	0	184	264	304	104	104	296	16	88	56
96	0	0	0	0	0	184	272	304	0	304	168	144	48	96	296	88	0	304	8	152
97	0	0	0	0	0	288	80	96	256	176	184	112	240	40	152	160	112	272	208	152
98	0	0	0	0	0	232	8	0	64	176	0	208	152	40	0	56	160	120	0	104
99	0	0	0	0	0	232	240	136	264	136	120	136	256	304	216	200	112	0	256	160
100	0	0	0	0	0	304	160	48	0	88	168	192	256	264	184	0	0	24	304	224
101	0	0	0	0	0	48	0	24	32	104	16	224	304	0	184	32	144	264	200	32
102	0	0	0	0	0	224	176	56	264	216	184	168	64	160	280	176	200	272	304	216
103	0	0	0	0	0	296	48	176	168	192	104	272	0	288	256	80	160	48	184	48
104	0	0	0	0	8	256	56	48	72	16	184	176	272	80	0	216	24	288	208	144
105	0	0	0	0	0	96	224	0	0	80	80	304	224	200	144	56	232	248	232	128
106	0	0	0	8	0	48	152	280	152	96	280	240	0	264	272	144	192	0	112	144
107	0	8	0	0	0	304	48	280	160	256	0	144	128	48	160	72	120	192	120	304
108	0	0	8	0	0	256	176	56	144	160	56	160	0	16	80	0	56	0	208	200
109	0	0	0	0	0	160	216	184	176	48	296	304	256	0	256	8	24	280	144	224
110	0	0	0	0	0	32	32	40	120	0	216	104	136	96	112	88	240	200	112	96
111	0	0	0	0	0	240	232	56	128	160	0	0	88	168	16	104	96	40	104	16
112	0	0	0	0	0	64	256	264	136	248	8	160	232	144	72	296	48	72	208	32
113	0	0	0	0	0	176	104	280	104	104	8	136	176	264	0	40	304	128	80	72
114	8	0	0	0	0	152	48	88	216	288	304	104	16	264	32	8	144	248	48	280
115	0	0	0	0	0	304	160	160	272	128	64	0	144	112	32	248	104	48	80	128
116	0	0	0	0	0	232	0	8	104	104	72	160	296	152	0	120	0	48	296	304
117	0	0	0	0	8	256	280	48	128	240	144	200	288	304	112	272	168	0	152	136
118	0	0	0	0	0	192	136	280	72	104	240	56	280	48	32	64	208	104	96	88
119	0	0	0	0	0	0	16	0	0	0	152	72	0	280	304	24	96	8	296	272
120	0	0	0	8	0	104	192	96	176	200	72	64	128	224	168	64	176	96	112	120
(1,16851)	(2,495)	(3,0)	(4,40)	
(1,3548)	(2,88)	(3,0)	(4,18)	
(1,4199)	(2,69)	(3,0)	(4,0)	
(1,4675)	(2,59)	(3,0)	(4,1)	
(1,4478)	(2,84)	(3,0)	(4,9)	
(1,1)	(2,0)	(3,0)	(4,0)	
(1,1)	(2,0)	(3,0)	(4,0)	
(1,1)	(2,0)	(3,0)	(4,0)	
(1,1)	(2,0)	(3,0)	(4,0)	
(1,1)	(2,0)	(3,0)	(4,0)	
(1,1)	(2,0)	(3,0)	(4,0)	
(1,1)	(2,0)	(3,0)	(4,0)	
(1,1)	(2,0)	(3,0)	(4,0)	
(1,1)	(2,0)	(3,0)	(4,0)	
(1,1)	(2,0)	(3,0)	(4,0)	
(1,1)	(2,0)	(3,0)	(4,0)	
(1,1)	(2,0)	(3,0)	(4,0)	
(1,1)	(2,0)	(3,0)	(4,0)	
(1,1)	(2,0)	(3,0)	(4,0)	
(1,1)	(2,0)	(3,0)	(4,0)	
(1,1)	(2,0)	(3,0)	(4,0)	
avg	0.533333	0.4	0.4	0.533333	0.533333	176.933	132.533	146.933	131.467	134.933	138.8	126.533	163.6	146	139.067	141.2	155.6	122.533	143.333	153.867
delay	0.5	0.333333	0.333333	0.25	1.5	23.0347	21.174	7.56352	1.65213	3.4664	1.23343	1.26133	1.20212	3.70411	1.20422	3.81303	5.07712	1.60718	1.7107	4.06153
loss	0	0	0	0	0	0.0155786	0.0187562	0.0134288	0.0179283	0.00978474	0.0179245	0.0216495	0.0176141	0.00904977	0.0151086	0.00376294	0.00849618	0.01606	0.0200547	0.0161978
Command ['/home/ubuntu/ns-3.30-obss/build/scratch/simple-ofdma-adhoc4', '--ofdmaEnabled=true', '--startTime=60', '--totalTime=120', '--dataMode=HeMcs5', '--datarate=3e5', '--clNum=20', '--ratio=0.375', '--RngRun=25'] terminated with signal SIGSEGV. Run it under a debugger to get more information (./waf --run <program> --command-template="gdb --args %s <args>").
