Waf: Entering directory `/home/synrg/Documents/Jiaming/ns-3.30-obss/build'
Waf: Leaving directory `/home/synrg/Documents/Jiaming/ns-3.30-obss/build'
Build commands will be stored in build/compile_commands.json
'build' finished successfully (0.585s)
--------------------------Rate[Kbps]--------------------------
Time[s]	cl-1	cl-2	cl-3	cl-4	cl-5	cl-6	cl-7	cl-8	cl-9	cl-10	cl-11	cl-12	cl-13	cl-14	cl-15	cl-16	cl-17	cl-18	cl-19	cl-20
60	16.6	14.4	13.6	14.8	13.8	10.8	13.8	14.6	15.4	14.6	16	13.6	13.4	16	13.4	15.4	11.8	15.2	13.8	16.8
61	296	296	296	296	280	144	184	200	272	248	240	248	248	216	192	200	224	272	216	216
62	296	296	296	296	272	176	128	104	232	216	192	208	240	200	128	144	256	216	160	200
63	304	304	304	304	288	152	168	160	280	216	192	216	280	240	200	200	240	208	168	184
64	296	296	296	296	296	232	176	200	264	232	216	224	264	224	168	184	240	224	168	184
65	304	304	304	304	288	208	160	168	240	232	176	184	224	224	176	208	256	232	152	176
66	296	296	288	296	288	128	160	160	272	256	216	232	272	200	176	184	256	232	184	200
67	304	304	304	304	288	240	192	184	248	256	240	256	272	232	184	192	256	224	184	200
68	296	296	296	296	280	144	176	152	248	232	208	224	256	192	152	176	232	264	200	208
69	304	304	304	304	288	216	136	128	264	192	184	216	240	200	168	184	224	176	144	176
70	296	296	288	296	288	128	152	152	224	192	136	160	272	224	152	176	256	240	168	184
71	304	304	304	304	256	152	160	152	216	248	224	240	280	272	240	248	264	240	184	184
72	296	296	296	296	272	136	136	152	328	208	184	224	272	248	208	224	232	248	176	184
73	304	304	304	304	280	192	128	152	280	232	208	248	264	224	208	232	272	232	168	200
74	296	296	296	296	288	88	184	176	208	184	168	192	240	256	224	232	256	256	168	176
75	304	304	304	304	280	272	168	152	264	224	208	240	232	192	152	176	216	248	192	224
76	296	296	296	296	272	192	176	168	256	256	232	248	240	224	216	224	264	248	184	192
77	304	304	304	304	288	136	176	176	256	248	216	224	224	224	192	216	224	216	160	184
78	296	296	280	296	280	232	152	152	272	224	224	232	280	232	200	224	232	224	168	184
79	304	304	304	304	272	160	168	160	248	208	168	184	264	256	216	232	240	240	176	184
80	296	296	296	296	296	224	176	200	232	224	224	240	216	248	208	224	288	248	208	224
81	304	304	304	304	280	104	176	160	240	224	200	208	304	216	136	144	248	224	144	176
82	296	296	288	296	280	224	184	168	240	200	168	192	264	232	176	176	216	224	176	192
83	304	304	304	304	304	136	168	112	248	224	192	208	280	216	152	168	288	208	128	168
84	296	296	288	296	280	200	168	184	216	224	200	216	264	248	208	224	272	224	168	200
85	304	304	304	304	288	160	176	136	256	216	192	208	224	192	168	192	240	256	168	176
86	296	296	296	296	280	184	176	144	248	184	176	200	296	232	184	216	232	224	168	176
87	304	304	296	304	288	168	168	160	192	208	184	200	280	240	200	208	232	200	152	176
88	296	296	296	296	280	200	208	216	336	256	224	224	272	248	200	216	272	256	184	200
89	304	304	304	304	272	192	160	144	264	192	176	176	216	216	176	200	264	216	160	168
90	296	296	296	296	296	208	144	120	208	216	176	200	280	240	184	176	208	192	136	168
91	304	304	296	304	264	128	136	176	296	232	216	216	240	200	168	192	232	216	184	200
92	296	296	288	296	296	216	152	168	176	232	208	232	272	200	184	200	216	208	152	184
93	304	304	304	304	264	168	136	128	368	224	208	208	280	208	176	184	184	240	184	200
94	296	296	288	296	272	160	160	168	240	240	216	224	128	240	200	224	312	272	200	200
95	304	304	304	304	296	96	176	144	264	232	216	224	352	216	168	184	240	256	184	192
96	296	296	296	296	288	256	192	192	264	224	208	224	264	232	184	200	248	256	200	200
97	304	304	304	304	264	168	136	152	248	208	176	192	264	232	208	224	240	240	192	208
98	296	296	296	296	280	168	136	160	136	200	176	184	224	232	144	160	296	224	152	168
99	304	304	304	304	304	160	176	160	392	208	168	208	248	208	144	176	264	168	120	160
100	296	296	296	296	288	112	120	96	240	184	160	176	152	200	128	152	208	224	144	152
101	304	304	288	304	280	288	176	176	256	224	184	200	352	216	184	216	240	208	168	200
102	296	296	280	296	280	232	192	160	232	216	200	216	256	232	208	216	224	232	184	192
103	304	304	304	304	280	120	160	184	256	208	184	216	232	224	200	216	208	208	160	152
104	296	296	296	296	272	144	144	136	248	200	176	192	248	256	200	224	248	240	168	192
105	304	304	304	304	280	168	160	168	232	240	216	224	264	224	192	216	264	256	200	200
106	296	296	296	296	280	200	176	160	232	168	176	192	232	224	168	208	216	184	128	160
107	304	304	296	304	272	80	112	120	280	192	168	176	272	200	136	160	248	232	184	184
108	296	296	296	296	264	192	144	192	256	256	232	240	264	256	224	240	224	256	208	216
109	304	304	304	304	296	184	176	200	176	232	216	224	256	224	200	192	248	224	184	216
110	296	296	288	296	272	152	176	200	328	248	232	256	248	264	248	248	256	232	216	232
111	304	304	304	304	296	248	168	144	264	216	192	224	272	264	216	224	240	240	184	200
112	296	296	288	296	272	152	152	144	216	208	184	184	264	216	184	216	232	232	152	160
113	304	304	288	304	256	128	112	144	256	232	224	240	256	216	144	192	256	224	168	200
114	296	296	296	296	280	224	192	176	336	256	232	240	256	240	216	224	248	256	216	224
115	304	304	304	304	264	176	176	168	272	256	232	248	256	216	208	216	224	216	176	192
116	296	296	296	296	280	168	144	208	248	208	216	216	264	208	192	216	240	240	192	208
117	304	304	304	304	296	160	208	208	272	256	208	216	248	232	216	248	248	256	208	240
118	296	296	296	296	280	208	200	176	288	240	200	216	264	248	208	224	256	240	200	216
119	304	304	304	304	272	224	192	200	256	240	232	240	280	216	200	208	272	264	224	240
120	296	296	296	296	280	160	152	168	256	240	192	208	192	224	192	192	224	224	176	184
avg	299.867	299.867	297.333	299.867	280.933	176.133	163.6	162.8	255.6	223.2	199.867	215.467	256	226.267	186.4	203.2	244.267	231.333	175.333	192.267
delay	0.964	2.21422	2.21425	2.21422	3.97817	121.366	8.81663	8.90336	39.2555	10.8304	9.71333	9.59988	43.2531	13.7691	13.0858	12.9082	31.9176	15.4545	15.5767	15.4304
loss	0	0	0.00712061	0	0.0513282	0.371252	0.412638	0.416905	0.131341	0.228466	0.299393	0.25	0.124886	0.214253	0.341337	0.289707	0.159945	0.201472	0.377483	0.324122
Command ['/home/synrg/Documents/Jiaming/ns-3.30-obss/build/scratch/simple-ofdma-adhoc', '--ofdmaEnabled=true', '--startTime=60', '--totalTime=120', '--dataMode=HeMcs7', '--datarate=3e5', '--clNum=20', '--ratio=0.375', '--RngRun=106'] terminated with signal SIGSEGV. Run it under a debugger to get more information (./waf --run <program> --command-template="gdb --args %s <args>").
