Waf: Entering directory `/home/ubuntu/ns-3.30-obss/build'
Waf: Leaving directory `/home/ubuntu/ns-3.30-obss/build'
Build commands will be stored in build/compile_commands.json
'build' finished successfully (0.698s)
--------------------------Rate[Kbps]--------------------------
Time[s]	cl-1	cl-2	cl-3	cl-4	cl-5	cl-6	cl-7	cl-8	cl-9	cl-10	cl-11	cl-12	cl-13	cl-14	cl-15	cl-16	cl-17	cl-18	cl-19	cl-20
60	13.2	18.8	12.2	17	16.6	11	13.2	13.8	15	14.4	14.4	16	16	15	15.8	15.6	14.2	14.4	15.8	19.4
61	0	0	0	0	0	0	352	0	368	240	488	232	560	160	240	320	296	592	320	40
62	0	0	0	0	0	304	104	24	0	560	544	592	24	0	512	600	504	312	656	384
63	0	0	0	0	0	0	592	0	504	432	120	0	336	312	328	136	544	120	432	112
64	0	0	0	0	0	344	0	584	360	168	376	240	680	544	184	192	0	312	584	88
65	0	0	0	0	0	632	336	496	248	24	0	8	184	440	472	0	272	656	464	400
66	0	0	0	0	0	32	184	144	304	0	344	56	200	680	656	328	680	656	200	136
67	0	0	0	0	0	520	632	104	504	368	448	112	0	528	480	248	160	344	504	184
68	0	0	0	0	0	536	352	352	56	216	0	0	128	520	408	392	584	0	544	432
69	0	0	0	0	0	424	280	408	320	0	16	112	56	272	296	360	488	8	256	632
70	0	0	0	0	0	136	648	304	392	304	0	376	656	32	424	608	72	0	496	8
71	0	0	0	0	0	240	360	288	16	0	272	96	520	424	624	0	360	392	0	40
72	0	0	0	0	0	0	280	80	184	336	152	160	224	0	392	320	656	472	480	648
73	0	0	0	0	0	496	264	344	664	464	480	256	88	496	0	496	256	240	40	192
74	0	8	0	0	0	640	0	184	456	264	0	56	320	584	272	144	648	328	104	32
75	0	0	8	0	0	40	352	504	0	368	376	448	96	480	664	256	304	136	536	104
76	0	0	0	0	8	520	392	584	320	272	64	160	544	584	328	240	440	136	456	0
77	0	0	0	0	0	472	216	424	664	416	344	232	344	384	176	568	152	80	360	208
78	0	0	0	0	0	504	360	288	216	496	520	248	344	224	432	64	240	496	616	0
79	8	0	0	0	0	704	688	0	88	280	216	144	624	440	88	256	0	144	176	576
80	0	0	0	8	0	552	64	184	296	160	184	320	176	568	96	32	320	0	392	176
81	0	0	0	0	0	288	536	552	0	136	400	120	432	176	352	336	400	24	312	544
82	0	0	0	0	0	528	96	536	328	0	512	136	400	0	320	432	608	192	184	240
83	0	0	0	0	0	520	144	248	504	248	360	664	384	544	80	0	152	16	40	424
84	0	0	0	0	0	568	360	0	304	112	80	104	576	232	512	480	280	352	48	640
85	0	0	0	0	0	88	0	384	224	80	168	384	480	352	128	216	168	688	376	456
86	0	0	0	0	0	312	368	0	216	216	176	448	128	176	480	552	632	312	208	504
87	0	0	0	0	0	520	280	376	176	656	48	328	448	184	72	232	368	352	672	0
88	0	0	0	0	0	608	0	0	544	320	376	0	512	648	288	288	80	296	128	312
89	0	0	0	0	0	592	400	616	128	312	272	224	296	392	160	616	200	520	344	72
90	0	0	8	0	0	0	456	152	72	680	0	112	296	592	168	160	0	504	512	488
91	0	0	0	0	0	96	0	232	216	24	144	104	128	0	208	0	96	416	120	320
92	0	8	0	0	0	296	344	40	728	80	16	128	696	136	368	440	440	368	592	320
93	0	0	0	0	0	472	696	240	72	128	464	432	16	104	664	56	0	64	688	0
94	0	0	0	8	0	280	360	520	384	592	256	0	208	600	280	400	16	48	608	336
95	0	0	0	0	0	592	0	592	680	0	0	72	304	432	624	608	280	280	96	128
96	0	0	0	0	0	168	272	336	472	408	344	312	0	544	632	320	232	560	72	304
97	0	0	0	0	0	80	0	432	656	560	320	184	384	616	456	544	88	0	0	0
98	0	0	0	0	0	368	144	192	152	560	0	0	168	560	448	568	120	272	656	168
99	0	0	0	0	8	272	0	24	632	88	448	488	184	72	0	472	664	216	224	136
100	8	0	0	0	0	0	456	576	464	208	88	616	128	192	344	0	176	616	216	632
101	0	0	0	0	0	104	512	152	32	376	112	0	360	536	632	416	112	344	216	56
102	0	0	0	0	0	176	416	120	0	192	288	448	280	0	304	240	456	160	0	280
103	0	0	0	0	0	528	224	560	288	352	0	368	552	320	368	496	0	512	200	120
104	0	0	0	0	0	512	0	136	72	248	480	40	392	616	656	520	168	336	176	40
105	0	0	8	0	0	496	128	416	128	336	536	208	592	72	160	304	136	16	240	344
106	0	8	0	0	0	216	456	48	96	600	344	504	496	648	288	376	216	544	400	168
107	0	0	0	0	0	192	384	408	512	104	0	424	160	352	360	56	496	632	480	88
108	0	0	0	0	0	56	408	536	240	0	200	0	248	56	424	608	0	256	304	600
109	0	0	0	0	0	88	48	88	328	488	608	72	480	368	312	488	456	96	576	480
110	0	0	0	8	0	200	192	408	304	240	440	152	176	224	472	528	288	616	320	600
111	0	0	0	0	0	32	544	656	256	0	176	0	328	448	312	520	184	424	656	72
112	0	0	0	0	0	520	176	192	56	368	208	440	216	248	320	456	360	32	608	232
113	0	0	0	0	0	584	328	584	320	216	80	688	360	0	80	328	424	0	528	0
114	8	0	0	0	0	312	560	456	192	656	128	216	496	320	0	320	456	440	0	440
115	0	0	0	0	0	688	72	24	144	360	120	592	0	0	200	624	32	360	208	344
116	0	0	0	0	8	232	656	192	280	640	104	16	368	176	160	624	352	80	456	296
117	0	0	0	0	0	296	624	256	648	352	328	0	464	624	264	384	24	112	224	296
118	0	0	0	0	0	136	488	80	192	232	576	216	232	112	168	536	456	584	264	504
119	0	0	0	0	0	72	240	576	0	616	304	616	88	112	32	120	48	480	480	0
120	0	8	0	0	0	0	400	224	136	232	264	264	552	40	576	600	120	440	376	520
(1,22230)	(2,6864)	(3,0)	(4,760)	
(1,6854)	(2,387)	(3,0)	(4,6)	
(1,7206)	(2,719)	(3,0)	(4,37)	
(1,8183)	(2,1306)	(3,0)	(4,39)	
(1,7478)	(2,1101)	(3,0)	(4,51)	
(1,1)	(2,0)	(3,0)	(4,0)	
(1,1)	(2,0)	(3,0)	(4,0)	
(1,1)	(2,0)	(3,0)	(4,0)	
(1,1)	(2,0)	(3,0)	(4,0)	
(1,1)	(2,0)	(3,0)	(4,0)	
(1,1)	(2,0)	(3,0)	(4,0)	
(1,1)	(2,0)	(3,0)	(4,0)	
(1,1)	(2,0)	(3,0)	(4,0)	
(1,1)	(2,0)	(3,0)	(4,0)	
(1,1)	(2,0)	(3,0)	(4,0)	
(1,1)	(2,0)	(3,0)	(4,0)	
(1,1)	(2,0)	(3,0)	(4,0)	
(1,1)	(2,0)	(3,0)	(4,0)	
(1,1)	(2,0)	(3,0)	(4,0)	
(1,1)	(2,0)	(3,0)	(4,0)	
(1,1)	(2,0)	(3,0)	(4,0)	
avg	0.4	0.533333	0.4	0.4	0.4	319.733	303.733	290.933	285.6	289.733	245.2	232.8	318.533	324.933	329.067	347.067	279.333	299.733	340.4	264.933
delay	1.33333	57	1	0.666667	2	4.59049	2.90039	5.75848	9.67927	4.65808	6.37412	5.94387	9.55481	3.30119	7.20502	5.63273	6.01909	15.8238	7.82178	14.1247
loss	0	0	0	0	0.25	0.0885595	0.0720684	0.0877926	0.0973451	0.0869748	0.0958702	0.0747218	0.105204	0.0726788	0.0916452	0.0923989	0.093466	0.0917172	0.067908	0.0984127
Command ['/home/ubuntu/ns-3.30-obss/build/scratch/simple-ofdma-adhoc4', '--ofdmaEnabled=true', '--startTime=60', '--totalTime=120', '--dataMode=HeMcs3', '--datarate=7e5', '--clNum=20', '--ratio=0.375', '--RngRun=34'] terminated with signal SIGSEGV. Run it under a debugger to get more information (./waf --run <program> --command-template="gdb --args %s <args>").
