Waf: Entering directory `/home/ubuntu/ns-3.30-obss/build'
Waf: Leaving directory `/home/ubuntu/ns-3.30-obss/build'
Build commands will be stored in build/compile_commands.json
'build' finished successfully (0.671s)
--------------------------Rate[Kbps]--------------------------
Time[s]	cl-1	cl-2	cl-3	cl-4	cl-5	cl-6	cl-7	cl-8	cl-9	cl-10	cl-11	cl-12	cl-13	cl-14	cl-15	cl-16	cl-17	cl-18	cl-19	cl-20
60	15.2	15.4	15.6	16.4	17.6	13.2	12.8	12.6	12.8	14.6	14.2	15	11.8	13.8	15	12.8	16.4	14.4	13.6	18.4
61	0	0	0	0	0	280	48	88	336	80	352	0	0	192	0	32	0	32	112	0
62	0	0	0	0	0	256	0	0	80	0	48	72	120	104	48	88	112	160	320	176
63	0	0	0	0	0	232	184	224	88	288	160	264	128	0	192	168	120	208	152	224
64	0	0	0	0	0	384	0	0	24	272	88	88	328	152	240	240	56	0	0	320
65	0	0	0	0	0	216	368	160	168	72	352	208	120	56	376	64	272	72	248	16
66	0	0	0	0	0	48	272	152	312	144	64	56	232	136	288	0	368	344	88	256
67	0	0	0	0	0	0	176	72	0	168	248	352	264	128	168	312	72	96	272	104
68	0	0	0	0	0	280	336	304	192	24	0	192	8	216	112	128	192	184	128	360
69	0	0	0	0	0	136	88	0	152	232	72	280	120	328	264	216	64	168	264	272
70	0	0	0	0	0	144	240	224	288	160	192	384	192	240	144	320	352	264	248	72
71	0	0	0	0	0	144	344	152	0	216	352	56	0	0	144	40	208	104	0	208
72	0	0	0	0	0	64	112	320	16	272	120	400	120	160	24	240	32	0	136	168
73	0	0	0	0	0	232	0	216	0	328	8	184	240	0	80	168	368	8	328	216
74	0	0	0	0	0	8	192	32	224	104	168	0	88	104	0	120	152	120	320	288
75	0	0	0	0	0	0	0	0	216	0	160	200	40	224	168	224	120	48	0	0
76	8	0	8	8	8	248	344	280	208	144	280	280	136	104	416	40	208	0	96	224
77	0	0	0	0	0	216	128	208	224	112	376	120	88	336	264	136	360	72	0	232
78	0	0	0	0	0	336	200	0	80	256	112	72	88	344	0	272	80	392	96	320
79	0	0	0	0	0	360	144	280	160	0	184	0	328	312	88	240	192	240	104	400
80	0	0	0	0	0	384	288	120	144	224	24	144	176	0	88	336	88	208	160	88
81	0	0	0	0	0	16	200	336	0	152	168	336	72	0	360	208	0	384	312	96
82	0	0	0	0	0	120	120	88	216	296	288	176	0	448	168	248	80	152	248	328
83	0	0	0	0	0	360	80	120	128	0	208	0	216	64	328	336	144	0	304	96
84	0	8	0	0	0	96	8	360	128	304	360	248	120	8	376	296	112	160	136	0
85	0	0	0	0	0	312	192	320	24	184	256	48	192	80	240	0	200	104	32	360
86	8	0	0	0	0	184	104	0	168	56	360	232	368	376	0	152	272	224	160	224
87	0	0	0	8	0	96	144	24	0	208	328	360	216	0	8	392	296	176	48	24
88	0	0	0	0	0	312	104	96	304	344	328	184	256	24	32	200	344	288	312	256
89	0	0	0	0	0	0	192	264	200	104	0	120	56	56	128	360	160	272	392	320
90	0	0	0	0	0	120	0	168	0	144	120	0	0	96	360	184	368	120	32	368
91	0	0	0	0	0	0	152	120	320	240	216	240	296	232	240	256	160	112	72	192
92	0	0	0	0	0	152	320	168	304	96	128	88	152	328	0	120	360	424	304	232
93	0	0	0	0	0	384	160	352	336	360	0	0	312	24	24	0	104	8	88	72
94	0	0	0	0	0	288	288	240	224	248	0	0	376	160	208	80	0	64	8	256
95	0	8	0	0	0	208	224	256	184	208	488	408	88	296	192	184	16	360	200	0
96	0	0	8	0	0	232	208	88	472	24	136	168	216	264	152	152	320	144	136	8
97	8	0	0	0	0	48	328	88	160	64	256	208	376	208	232	192	0	288	192	0
98	0	0	0	0	0	312	280	144	304	120	352	24	344	24	184	296	144	328	80	176
99	0	0	0	8	0	288	184	0	200	0	48	0	376	80	248	104	40	328	200	192
100	0	0	0	0	0	312	232	192	64	144	320	200	304	128	0	96	248	112	304	80
101	0	0	0	0	0	248	8	80	288	384	384	368	88	296	56	264	88	0	192	256
102	0	0	0	0	0	304	184	144	64	224	248	248	104	328	160	56	168	120	360	96
103	0	0	0	0	0	208	48	304	320	152	80	120	352	248	56	216	232	240	336	224
104	0	0	0	0	0	240	0	312	344	0	0	0	80	0	96	0	296	0	48	320
105	0	0	0	0	0	160	104	248	336	0	448	240	192	56	112	0	168	232	168	24
106	0	0	0	0	0	0	336	0	16	0	8	256	280	0	208	456	8	312	328	144
107	0	0	0	0	0	176	256	200	48	640	32	80	0	120	176	264	328	112	32	248
108	0	0	0	0	0	216	48	280	344	0	232	168	224	280	48	296	176	56	208	96
109	0	0	0	0	0	32	48	112	336	312	280	72	256	200	248	128	384	368	344	56
110	0	0	8	0	0	168	112	168	256	160	232	88	120	80	0	104	88	288	224	136
111	0	8	0	0	8	272	320	0	72	360	0	360	336	176	200	80	24	56	0	344
112	0	0	0	0	0	176	24	296	200	296	256	264	184	120	344	144	368	48	104	104
113	0	0	0	0	0	168	0	80	200	48	344	248	184	136	168	200	152	40	152	224
114	0	0	0	8	0	144	344	88	144	16	112	104	272	232	120	360	72	232	232	288
115	0	0	0	0	0	320	176	112	104	256	144	184	272	320	0	104	328	192	224	0
116	0	0	0	0	0	0	56	304	248	376	208	232	208	40	328	0	176	80	312	240
117	0	0	0	0	0	88	320	32	88	88	0	136	360	248	328	296	144	32	304	272
118	0	0	0	0	0	24	200	256	288	64	128	344	192	216	264	88	256	72	384	160
119	8	0	0	0	0	104	264	320	48	0	304	216	336	216	352	224	256	272	176	88
120	0	0	0	0	0	272	240	136	0	328	336	120	0	248	0	112	0	0	320	0
avg	0.533333	0.4	0.4	0.533333	0.266667	185.467	167.867	162.133	173.2	168.267	191.6	170.667	186.533	159.867	164.133	177.2	174.933	158.667	184.667	175.733
delay	57	2	2.66667	108.25	42	22.8736	35.5933	59.514	23.455	87.6331	84.6618	123.388	14.9114	27.5521	30.0292	20.7013	18.6189	18.1664	22.0685	23.0197
loss	0	0	0	0	0.333333	0.175355	0.112755	0.160801	0.102281	0.0914327	0.088198	0.0804598	0.0679547	0.0819296	0.0861173	0.0959184	0.0901526	0.101208	0.076	0.0808926
Command ['/home/ubuntu/ns-3.30-obss/build/scratch/simple-ofdma-adhoc2', '--ofdmaEnabled=true', '--startTime=60', '--totalTime=120', '--dataMode=HeMcs5', '--datarate=4e5', '--clNum=20', '--ratio=0.375', '--RngRun=91'] terminated with signal SIGSEGV. Run it under a debugger to get more information (./waf --run <program> --command-template="gdb --args %s <args>").
