Waf: Entering directory `/home/ubuntu/ns-3.30-obss/build'
Waf: Leaving directory `/home/ubuntu/ns-3.30-obss/build'
Build commands will be stored in build/compile_commands.json
'build' finished successfully (0.825s)
--------------------------Rate[Kbps]--------------------------
Time[s]	cl-1	cl-2	cl-3	cl-4	cl-5	cl-6	cl-7	cl-8	cl-9	cl-10	cl-11	cl-12	cl-13	cl-14	cl-15	cl-16	cl-17	cl-18	cl-19	cl-20	cl-21
60	17	12.2	17.4	11.8	13	15.8	17.2	13.8	14.4	15	13.8	14.4	14.6	15.4	13.2	16.2	12	15	15.8	15.8	15.4
61	0	0	0	0	0	0	0	0	0	56	56	248	520	64	256	192	320	328	208	224	0
62	0	0	0	0	0	0	0	0	0	328	0	456	200	368	328	408	528	32	152	0	128
63	0	0	0	0	0	0	0	0	0	320	248	368	40	280	56	232	288	168	0	408	96
64	0	0	0	0	0	0	0	0	0	0	8	80	240	0	232	272	72	16	0	216	176
65	0	0	0	0	0	0	0	0	0	152	232	328	80	24	88	168	48	448	432	440	176
66	0	0	0	0	0	0	0	0	0	64	544	0	80	192	464	288	160	288	0	368	408
67	0	0	0	0	0	0	0	0	0	96	328	200	264	104	440	552	392	472	32	56	296
68	0	0	0	0	0	0	0	0	0	0	24	288	24	72	424	480	416	112	328	472	352
69	0	0	0	0	0	0	0	0	0	184	248	48	224	96	232	248	104	352	152	256	344
70	0	0	0	0	0	0	0	0	0	56	0	320	80	0	224	0	224	344	0	488	216
71	0	0	0	0	0	0	0	0	0	96	360	208	232	312	432	168	112	104	176	456	40
72	0	0	0	0	0	0	0	0	0	88	8	288	168	312	352	136	96	360	376	288	352
73	0	0	0	0	0	0	0	0	0	0	8	240	112	232	208	104	336	200	472	440	384
74	0	0	0	0	0	0	0	0	0	280	296	224	408	248	120	344	376	336	336	24	104
75	0	0	0	0	0	0	0	0	0	0	448	128	48	208	560	104	304	80	48	8	120
76	0	0	0	0	0	0	0	0	0	48	384	8	368	576	376	0	120	160	0	184	272
77	0	0	0	0	0	0	0	0	0	504	144	112	0	424	408	168	256	432	552	0	144
78	0	0	0	0	0	0	0	0	0	64	248	432	16	336	304	288	336	312	48	144	464
79	0	0	0	0	0	0	0	0	0	152	216	376	96	216	376	256	312	168	272	104	256
80	0	0	0	0	0	0	0	0	0	128	128	0	432	288	328	64	0	0	344	120	576
81	0	0	0	0	0	0	0	0	0	0	192	448	72	576	296	304	0	136	40	344	304
82	0	0	0	0	0	0	0	0	0	96	304	400	248	256	184	448	688	40	56	200	56
83	0	0	0	0	0	0	0	0	0	192	424	8	0	448	288	32	336	40	352	400	424
84	0	0	0	0	0	0	0	0	0	472	136	208	256	88	272	376	192	184	312	112	8
85	0	0	0	0	0	0	0	0	0	16	144	16	200	0	72	72	240	320	352	280	256
86	0	0	0	0	0	0	0	0	0	248	96	320	216	224	456	152	304	456	72	0	224
87	0	0	0	0	0	0	0	0	0	408	208	352	368	0	184	328	384	64	312	136	96
88	0	0	0	0	0	0	0	0	0	128	272	184	232	64	504	272	96	320	400	144	72
89	0	0	0	0	0	0	0	0	0	232	112	296	0	32	40	352	48	384	464	40	0
90	0	0	0	0	0	0	0	0	0	160	48	224	376	272	336	200	104	368	352	248	136
91	0	0	0	0	0	0	0	0	0	384	264	232	472	296	384	240	0	456	48	168	136
92	0	0	0	0	0	0	0	0	0	336	112	152	296	144	200	152	328	264	104	128	88
93	0	0	0	0	0	0	0	0	0	0	440	448	312	120	328	280	480	64	104	0	96
94	0	0	0	0	0	0	0	0	0	312	320	504	168	248	216	304	40	408	128	152	176
95	0	0	0	0	0	0	0	0	0	328	176	176	0	16	24	0	0	0	160	496	464
96	0	0	0	0	0	0	0	0	0	288	472	248	0	144	168	72	152	368	0	488	464
97	0	0	0	0	0	0	0	0	0	168	328	400	232	376	256	32	24	152	136	504	304
98	0	0	0	0	0	0	0	0	0	456	64	0	544	0	176	392	0	488	56	0	568
99	0	0	0	0	0	0	0	0	0	328	280	200	408	320	48	0	440	0	208	128	176
100	0	0	0	0	0	0	0	0	0	256	272	248	8	112	384	0	88	192	440	192	384
101	0	0	0	0	0	0	0	0	0	136	320	64	48	0	448	344	384	400	272	232	160
102	0	0	0	0	0	0	0	0	0	216	208	576	304	456	0	472	480	136	0	40	0
103	0	0	0	0	0	0	0	0	0	360	112	264	0	328	200	408	0	104	448	576	128
104	0	0	0	0	0	0	0	0	0	416	32	232	280	0	168	32	320	272	200	320	504
105	0	0	0	0	0	0	0	0	0	176	232	264	24	240	88	304	296	256	128	304	232
106	0	0	0	0	0	0	0	0	0	256	224	0	152	304	152	528	176	344	272	152	328
107	0	0	0	0	0	0	0	0	0	48	232	240	248	352	264	256	456	360	88	32	120
108	0	0	0	0	0	0	0	0	0	192	152	128	272	168	208	280	296	168	360	304	128
109	0	0	0	0	0	0	0	0	0	392	384	280	360	176	104	8	288	392	312	208	128
110	0	0	0	0	0	0	0	0	0	232	24	200	0	16	8	0	120	48	72	192	152
111	0	0	0	0	0	0	0	0	0	24	56	168	88	392	80	272	64	328	16	80	488
112	0	0	0	0	0	0	0	0	0	112	192	504	424	56	72	184	560	512	0	16	192
113	0	0	0	0	0	0	0	0	0	408	448	240	416	232	0	0	480	56	152	232	0
114	0	0	0	0	0	0	0	0	0	504	344	304	16	0	88	168	0	400	72	512	408
115	0	0	0	0	0	0	0	0	0	216	352	472	464	208	184	304	48	312	256	296	152
116	0	0	0	0	0	0	0	0	0	352	0	504	560	40	272	104	584	336	16	8	136
117	0	0	0	0	0	0	0	0	0	32	56	440	312	272	0	160	72	504	280	184	552
118	0	0	0	0	0	0	0	0	0	280	352	0	208	176	184	224	128	216	344	432	208
119	0	0	0	0	0	0	0	0	0	360	352	144	64	72	256	200	344	128	224	200	272
120	0	0	0	0	0	0	0	0	0	120	0	416	376	264	40	440	152	224	400	200	264
(1,17868)	(2,4122)	(3,0)	(4,463)	
(1,6863)	(2,646)	(3,0)	(4,37)	
(1,6459)	(2,888)	(3,0)	(4,41)	
(1,7069)	(2,689)	(3,0)	(4,37)	
(1,3342)	(2,103)	(3,0)	(4,7)	
(1,3515)	(2,161)	(3,0)	(4,28)	
(1,3168)	(2,232)	(3,0)	(4,17)	
(1,3320)	(2,241)	(3,0)	(4,17)	
(1,3595)	(2,119)	(3,0)	(4,15)	
(1,3578)	(2,160)	(3,0)	(4,11)	
(1,1)	(2,0)	(3,0)	(4,0)	
(1,1)	(2,0)	(3,0)	(4,0)	
(1,1)	(2,0)	(3,0)	(4,0)	
(1,1)	(2,0)	(3,0)	(4,0)	
(1,1)	(2,0)	(3,0)	(4,0)	
(1,1)	(2,0)	(3,0)	(4,0)	
(1,1)	(2,0)	(3,0)	(4,0)	
(1,1)	(2,0)	(3,0)	(4,0)	
(1,1)	(2,0)	(3,0)	(4,0)	
(1,1)	(2,0)	(3,0)	(4,0)	
(1,1)	(2,0)	(3,0)	(4,0)	
(1,1)	(2,0)	(3,0)	(4,0)	
avg	0	0	0	0	0	0	0	0	0	204.267	211.067	247.6	210.933	197.333	230.667	219.467	233.2	248.533	198.933	222.933	231.467
delay	0.317647	0.245902	0.275862	0.728814	0.830769	0.886076	0.790698	0.869565	0.763889	7.33551	6.28283	14.9462	25.945	9.8777	12.6185	20.9399	74.8388	16.6491	66.6897	15.1328	13.924
loss	0	0	0	0.0166667	0	0	0.0114943	0.0142857	0.0136986	0.229764	0.185604	0.205304	0.244752	0.238683	0.246516	0.205982	0.216398	0.212505	0.229737	0.223048	0.200368
Command ['/home/ubuntu/ns-3.30-obss/build/scratch/simple-ofdma-adhoc4', '--ofdmaEnabled=true', '--startTime=60', '--totalTime=120', '--dataMode=HeMcs3', '--datarate=6e5', '--ratio=0.375', '--RngRun=3', '--locationFile=my-simulations/8_ofdma7/txt/locationFile322.txt', '--routingFile=my-simulations/8_ofdma7/txt/routingFile322.txt'] terminated with signal SIGSEGV. Run it under a debugger to get more information (./waf --run <program> --command-template="gdb --args %s <args>").
