Waf: Entering directory `/home/ubuntu/ns-3.30-obss/build'
Waf: Leaving directory `/home/ubuntu/ns-3.30-obss/build'
Build commands will be stored in build/compile_commands.json
'build' finished successfully (0.757s)
--------------------------Rate[Kbps]--------------------------
Time[s]	cl-1	cl-2	cl-3	cl-4	cl-5	cl-6	cl-7	cl-8	cl-9	cl-10	cl-11	cl-12	cl-13	cl-14	cl-15	cl-16
60	17.2	18.6	13.4	14.8	12.2	13.8	14.2	14.4	12.8	16.6	15.4	14.6	15.6	15.4	12.8	15.2
61	0	0	0	0	0	0	0	128	240	40	0	0	280	176	0	136
62	0	0	0	0	8	392	296	144	104	88	192	264	320	120	128	152
63	0	0	0	0	264	128	352	264	328	232	0	144	40	72	248	192
64	0	0	0	0	0	0	312	0	0	0	184	328	360	216	0	0
65	0	0	0	0	176	128	88	472	328	424	144	136	96	200	88	72
66	0	0	0	0	232	352	304	328	392	368	40	176	96	120	48	344
67	0	0	0	0	0	288	32	312	136	144	24	400	104	304	240	400
68	0	0	0	0	240	104	64	184	200	184	304	392	96	392	128	160
69	0	0	0	0	40	296	384	360	384	312	0	0	128	64	8	88
70	0	0	0	0	136	312	184	296	104	192	264	208	176	0	344	112
71	0	0	0	0	232	56	176	176	168	384	368	216	376	160	128	328
72	0	0	0	0	392	0	232	144	400	280	400	56	296	0	256	40
73	0	0	0	0	168	216	216	184	120	376	64	0	96	184	0	48
74	0	0	0	0	112	176	264	216	8	240	312	144	304	48	288	200
75	0	0	0	0	104	48	168	344	360	56	280	0	280	104	248	272
76	0	0	0	0	128	32	328	312	392	104	392	360	216	224	232	272
77	0	0	0	0	248	0	280	400	56	264	72	200	400	240	400	144
78	0	0	0	0	0	128	328	216	224	296	368	272	312	328	160	232
79	0	0	0	0	48	216	256	400	272	168	392	288	312	264	168	216
80	0	0	0	0	160	192	0	104	0	0	0	40	64	288	0	16
81	0	0	0	0	0	56	128	0	312	240	72	328	0	200	336	376
82	0	0	0	0	80	360	0	96	264	384	264	0	296	208	64	104
83	0	0	0	0	0	104	280	0	400	80	48	256	160	144	32	328
84	0	0	0	0	88	136	264	160	152	0	0	0	352	328	0	376
85	0	0	0	0	208	344	128	160	80	48	56	216	128	272	120	376
86	0	0	0	0	304	384	16	160	136	64	384	384	72	160	296	328
87	0	0	0	0	56	216	128	144	0	168	0	272	160	192	296	144
88	0	0	0	0	392	0	168	0	296	176	240	0	288	216	232	24
89	0	0	0	0	112	344	80	344	168	200	272	216	48	296	392	152
90	0	0	0	0	88	176	344	16	192	320	200	136	0	288	200	152
91	0	0	0	0	256	360	0	264	280	88	296	296	448	0	0	88
92	0	0	0	0	248	64	232	136	208	208	144	280	24	0	104	136
93	0	0	0	0	224	216	0	152	216	0	272	176	96	136	104	352
94	0	0	0	0	384	200	24	88	272	168	104	200	184	344	392	160
95	0	0	0	0	80	0	144	368	16	176	0	264	160	176	344	296
96	0	0	0	0	400	280	384	256	360	224	200	288	112	280	112	336
97	0	0	0	0	40	360	112	208	144	0	40	360	288	160	40	80
98	0	0	0	0	16	256	400	400	232	280	184	240	96	0	0	232
99	0	0	0	0	72	96	104	320	400	48	96	32	264	232	120	216
100	0	0	0	0	272	352	120	272	96	56	80	0	168	128	400	104
101	0	0	0	0	288	400	160	0	272	288	368	272	0	400	56	336
102	0	0	0	0	368	200	240	88	0	48	248	376	160	240	352	184
103	0	0	0	0	256	192	296	160	136	0	312	0	200	0	224	56
104	0	0	0	0	344	0	400	112	344	208	176	64	176	120	32	16
105	0	0	0	0	184	24	192	88	120	152	8	112	184	176	0	0
106	0	0	0	0	248	280	328	96	120	208	176	464	296	280	128	272
107	0	0	0	0	48	240	216	0	64	64	0	168	288	0	184	288
108	0	0	0	0	112	88	72	40	0	0	320	64	192	288	392	288
109	0	0	0	0	0	400	96	8	152	208	264	400	344	184	8	392
110	0	0	0	0	120	304	472	136	376	296	104	96	96	168	272	0
111	0	0	0	0	200	312	0	0	216	264	96	232	312	296	40	200
112	0	0	0	0	128	352	152	168	400	136	0	336	144	184	320	256
113	0	0	0	0	152	16	400	40	96	208	192	280	160	80	136	0
114	0	0	0	0	280	16	320	48	312	392	224	24	312	48	280	232
115	0	0	0	0	248	144	360	168	176	120	376	40	152	336	256	288
116	0	0	0	0	112	400	392	0	360	304	256	224	96	376	0	248
117	0	0	0	0	128	88	0	40	360	256	0	376	376	120	344	160
118	0	0	0	0	32	24	120	80	0	184	160	208	144	24	0	344
119	0	0	0	0	56	320	160	376	80	360	128	56	104	0	248	240
120	0	0	0	0	112	160	160	120	200	184	320	320	344	168	40	184
(1,14685)	(2,1407)	(3,0)	(4,320)	
(1,4025)	(2,181)	(3,0)	(4,6)	
(1,4025)	(2,215)	(3,0)	(4,25)	
(1,4055)	(2,191)	(3,0)	(4,42)	
(1,3963)	(2,231)	(3,0)	(4,2)	
(1,1)	(2,0)	(3,0)	(4,0)	
(1,1)	(2,0)	(3,0)	(4,0)	
(1,1)	(2,0)	(3,0)	(4,0)	
(1,1)	(2,0)	(3,0)	(4,0)	
(1,1)	(2,0)	(3,0)	(4,0)	
(1,1)	(2,0)	(3,0)	(4,0)	
(1,1)	(2,0)	(3,0)	(4,0)	
(1,1)	(2,0)	(3,0)	(4,0)	
(1,1)	(2,0)	(3,0)	(4,0)	
(1,1)	(2,0)	(3,0)	(4,0)	
(1,1)	(2,0)	(3,0)	(4,0)	
(1,1)	(2,0)	(3,0)	(4,0)	
avg	0	0	0	0	157.067	188.8	197.6	171.6	203.733	182.667	174.667	194.667	196.267	179.2	166.8	196.133
delay	0.302326	0.311828	0.283582	0.405405	20.7125	19.746	32.4592	45.1029	18.7223	38.9759	39.9062	44.7209	67.7519	22.9703	11.2596	14.5247
loss	0	0	0	0	0.0461165	0.0398649	0.0463023	0.042963	0.0382445	0.060274	0.05	0.0368906	0.0397135	0.0612387	0.019516	0.0434501
Command ['/home/ubuntu/ns-3.30-obss/build/scratch/simple-ofdma-adhoc4', '--ofdmaEnabled=true', '--startTime=60', '--totalTime=120', '--dataMode=HeMcs1', '--datarate=4e5', '--ratio=0.375', '--RngRun=3', '--locationFile=my-simulations/8_ofdma7/txt/locationFile43.txt', '--routingFile=my-simulations/8_ofdma7/txt/routingFile43.txt'] terminated with signal SIGSEGV. Run it under a debugger to get more information (./waf --run <program> --command-template="gdb --args %s <args>").
