Waf: Entering directory `/home/ubuntu/ns-3.30-obss/build'
Waf: Leaving directory `/home/ubuntu/ns-3.30-obss/build'
Build commands will be stored in build/compile_commands.json
'build' finished successfully (0.751s)
--------------------------Rate[Kbps]--------------------------
Time[s]	cl-1	cl-2	cl-3	cl-4	cl-5	cl-6	cl-7	cl-8	cl-9	cl-10	cl-11	cl-12
60	12.8	14.2	17.2	11.2	12.8	15.4	14.6	14	14.2	16.2	10.4	13.4
61	0	0	0	0	0	696	744	672	288	0	0	200
62	0	0	0	0	672	800	640	336	440	248	288	632
63	0	0	0	0	224	40	800	400	0	584	24	800
64	0	0	0	0	488	296	672	496	752	296	176	0
65	0	0	0	0	744	760	176	488	552	728	680	176
66	0	0	0	0	440	400	632	0	224	264	440	352
67	0	0	0	0	216	0	720	352	184	208	80	240
68	0	0	0	0	248	256	56	616	480	744	528	288
69	0	0	0	0	568	168	384	696	520	496	736	472
70	0	0	0	0	640	280	144	592	376	120	776	584
71	0	0	0	0	448	256	504	800	432	104	392	296
72	0	0	0	0	48	192	384	336	256	272	88	256
73	0	0	0	0	1008	768	272	0	696	536	416	328
74	0	0	0	0	688	304	144	608	664	104	0	16
75	0	0	0	0	360	200	256	200	488	480	720	0
76	0	0	0	0	696	56	424	376	352	0	400	552
77	0	0	0	0	392	568	424	376	424	632	496	408
78	0	0	0	0	656	744	136	280	800	136	544	208
79	0	0	0	0	472	400	88	472	432	744	0	128
80	0	0	0	0	224	152	488	480	784	640	472	800
81	0	0	0	0	56	728	680	688	568	408	8	176
82	0	0	0	0	400	320	656	712	704	264	576	0
83	0	0	0	0	600	624	336	272	264	0	344	448
84	0	0	0	0	424	208	208	728	784	424	280	704
85	0	0	0	0	416	0	40	416	240	48	552	104
86	0	0	0	0	320	384	496	720	304	128	272	184
87	0	0	0	0	360	752	528	568	560	448	584	0
88	0	0	0	0	72	648	0	368	792	616	280	520
89	0	0	0	0	552	640	384	0	752	0	576	104
90	0	0	0	0	328	288	720	304	376	640	800	464
91	0	0	0	0	480	744	728	80	0	592	536	752
92	0	0	0	0	368	288	320	88	320	760	744	576
93	0	0	0	0	256	288	392	696	64	800	792	0
94	0	0	0	0	656	176	360	456	680	376	800	496
95	0	0	0	0	88	800	728	472	416	144	272	32
96	0	0	0	0	584	552	256	632	800	88	800	200
97	0	0	0	0	512	592	128	504	368	592	392	752
98	0	0	0	0	704	0	688	680	320	720	720	520
99	0	0	0	0	528	24	368	224	384	280	672	0
100	0	0	0	0	776	520	232	624	24	344	488	512
101	0	0	0	0	40	152	448	136	648	592	288	328
102	0	0	0	0	432	184	536	0	736	16	136	288
103	0	0	0	0	400	256	200	328	80	368	416	152
104	0	0	0	0	544	64	760	168	248	216	456	776
105	0	0	0	0	488	112	256	0	368	712	312	560
106	0	0	0	0	272	16	544	576	800	448	0	80
107	0	0	0	0	152	656	768	632	320	48	696	360
108	0	0	0	0	48	40	240	768	0	528	664	192
109	0	0	0	0	608	48	800	472	592	584	176	312
110	0	0	0	0	320	744	128	152	608	520	320	568
111	0	0	0	0	304	504	144	424	456	568	16	280
112	0	0	0	0	696	760	272	536	800	176	144	232
113	0	0	0	0	648	432	320	440	640	296	624	32
114	0	0	0	0	720	264	0	800	512	768	624	800
115	0	0	0	0	320	240	240	408	384	720	80	312
116	0	0	0	0	304	744	168	536	104	632	680	616
117	0	0	0	0	24	600	432	304	80	360	632	0
118	0	0	0	0	640	320	784	376	544	440	0	328
119	0	0	0	0	592	312	328	728	664	0	336	376
120	0	0	0	0	0	472	0	640	800	528	168	200
(1,22218)	(2,1422)	(3,0)	(4,315)	
(1,5976)	(2,143)	(3,0)	(4,30)	
(1,6185)	(2,188)	(3,0)	(4,21)	
(1,6335)	(2,143)	(3,0)	(4,30)	
(1,5528)	(2,165)	(3,0)	(4,7)	
(1,1)	(2,0)	(3,0)	(4,0)	
(1,1)	(2,0)	(3,0)	(4,0)	
(1,1)	(2,0)	(3,0)	(4,0)	
(1,1)	(2,0)	(3,0)	(4,0)	
(1,1)	(2,0)	(3,0)	(4,0)	
(1,1)	(2,0)	(3,0)	(4,0)	
(1,1)	(2,0)	(3,0)	(4,0)	
(1,1)	(2,0)	(3,0)	(4,0)	
avg	0	0	0	0	421.067	380.533	395.067	437.2	454.133	392.133	408.533	334.533
delay	0.234375	0.380282	0.232558	0.232143	20.083	22.8174	11.7158	13.4395	12.2005	20.5566	9.37369	12.9203
loss	0	0	0	0	0.0438995	0.0259386	0.0469604	0.051764	0.0326612	0.0500646	0.0433968	0.0427318
Command ['/home/ubuntu/ns-3.30-obss/build/scratch/simple-ofdma-adhoc4', '--ofdmaEnabled=true', '--startTime=60', '--totalTime=120', '--dataMode=HeMcs5', '--datarate=8e5', '--ratio=0.375', '--RngRun=3', '--locationFile=my-simulations/8_ofdma7/txt/locationFile42.txt', '--routingFile=my-simulations/8_ofdma7/txt/routingFile42.txt'] terminated with signal SIGSEGV. Run it under a debugger to get more information (./waf --run <program> --command-template="gdb --args %s <args>").
