Waf: Entering directory `/home/ubuntu/ns-3.30-obss/build'
Waf: Leaving directory `/home/ubuntu/ns-3.30-obss/build'
Build commands will be stored in build/compile_commands.json
'build' finished successfully (0.683s)
--------------------------Rate[Kbps]--------------------------
Time[s]	cl-1	cl-2	cl-3	cl-4	cl-5	cl-6	cl-7	cl-8	cl-9	cl-10	cl-11	cl-12	cl-13	cl-14	cl-15	cl-16	cl-17	cl-18	cl-19	cl-20
60	13.2	17.8	13.2	16.6	17.2	14.8	15	11.2	15.6	12.2	13.2	14.6	12.4	14.6	18.4	18.6	13.8	15.8	16	14.2
61	0	0	0	0	0	104	40	416	376	368	480	0	312	0	736	64	376	752	336	8
62	0	0	0	0	0	32	112	56	608	880	464	400	912	208	440	464	0	584	0	928
63	0	0	0	0	0	0	216	352	456	632	504	400	48	680	728	304	168	496	144	312
64	0	0	0	0	0	0	640	80	472	0	600	0	600	776	240	352	328	144	800	232
65	0	0	0	0	0	288	832	0	304	224	480	704	760	696	0	0	216	128	704	152
66	0	0	0	0	0	56	192	272	768	96	128	752	712	168	240	432	208	728	72	864
67	0	0	0	0	0	384	24	208	560	168	432	48	248	360	480	448	256	408	496	408
68	0	0	0	0	0	240	144	152	792	16	840	560	256	616	0	544	0	264	56	888
69	0	0	0	0	0	464	160	160	216	632	432	544	312	256	136	352	680	360	64	224
70	0	0	0	0	0	256	296	96	848	912	112	0	480	0	40	952	184	840	0	560
71	0	0	0	0	0	168	552	408	600	144	256	168	0	200	232	632	184	424	472	392
72	0	0	0	0	0	0	104	64	392	664	552	648	496	216	640	432	240	616	600	280
73	0	0	0	0	0	328	40	184	560	240	936	0	704	0	0	8	0	136	984	576
74	0	0	0	0	0	80	568	48	152	280	776	256	640	344	592	448	608	0	376	0
75	0	0	0	0	0	384	176	16	112	640	72	640	256	560	584	608	296	88	560	208
76	8	0	8	0	0	208	0	32	0	904	1120	888	72	360	864	512	0	120	216	0
77	0	0	0	0	0	168	392	312	376	304	176	552	528	40	336	360	248	528	312	96
78	0	0	0	0	0	144	600	448	0	248	712	384	0	400	336	40	0	120	1048	64
79	0	0	0	0	0	112	128	424	328	488	80	624	160	432	608	48	168	576	216	728
80	0	0	0	0	0	144	416	0	200	168	0	24	264	120	240	264	0	288	0	0
81	0	8	0	0	0	8	8	304	296	192	600	920	392	72	808	512	536	736	192	248
82	0	0	0	0	0	496	288	488	752	512	400	704	280	248	256	160	408	104	128	160
83	0	0	0	0	0	480	128	344	336	88	352	592	752	96	0	392	664	536	280	96
84	0	0	0	0	0	336	64	384	440	592	728	272	104	176	528	176	232	704	136	40
85	0	0	0	0	0	112	128	424	0	0	240	224	592	200	824	784	664	16	560	808
86	0	0	0	0	0	448	264	352	344	600	224	576	328	496	792	184	0	256	272	0
87	0	0	0	0	0	0	648	64	40	888	64	264	392	832	176	0	352	184	472	224
88	0	0	0	0	0	200	200	208	0	528	376	568	248	112	248	456	672	472	424	240
89	0	0	0	0	8	568	336	432	224	240	64	168	88	216	432	192	0	864	176	152
90	0	0	8	0	0	296	56	56	72	128	224	0	696	1016	200	992	480	32	976	0
91	0	0	0	0	0	448	0	312	368	424	296	288	312	72	224	688	160	512	848	408
92	8	0	0	0	0	32	376	448	144	632	368	88	512	600	616	520	328	64	440	352
93	0	0	0	0	0	464	584	112	88	472	464	96	56	608	752	0	8	416	232	384
94	0	0	0	0	0	80	200	792	312	424	0	344	904	0	792	16	664	104	648	0
95	0	0	0	0	0	184	336	424	408	384	8	544	472	224	208	664	336	264	464	240
96	0	0	0	0	0	248	408	336	288	320	696	176	40	104	512	0	600	464	48	632
97	0	0	0	8	0	392	56	120	568	528	616	400	472	608	632	632	408	280	80	56
98	0	0	0	0	0	512	80	240	696	560	256	72	472	448	648	40	368	80	352	304
99	0	8	0	0	0	80	448	328	464	384	432	0	368	384	256	0	288	736	288	712
100	0	0	0	0	0	0	440	0	160	464	720	432	0	640	784	440	448	632	200	496
101	0	0	0	0	0	280	0	632	616	408	360	192	608	872	112	288	192	0	120	584
102	0	0	0	0	0	320	224	200	312	776	256	8	200	712	0	344	424	552	72	720
103	0	0	0	0	0	168	720	208	216	424	48	592	160	136	400	160	816	360	408	216
104	8	0	0	0	8	528	32	88	800	0	640	184	800	648	200	80	136	40	376	776
105	0	0	0	0	0	136	80	192	400	520	568	272	576	360	496	616	192	0	624	856
106	0	0	0	0	0	376	0	168	232	728	1024	224	696	352	192	536	0	224	144	560
107	0	0	0	0	0	192	72	632	208	0	0	152	928	792	640	128	688	0	152	888
108	0	0	0	0	0	432	288	80	64	176	344	368	584	240	416	648	296	88	552	528
109	0	0	8	0	0	256	320	0	176	928	176	768	456	680	0	344	0	0	936	56
110	0	0	0	0	0	224	160	192	568	576	352	136	624	104	432	528	152	312	200	360
111	0	0	0	0	0	256	104	0	312	816	192	328	688	256	120	432	544	712	256	760
112	0	0	0	0	0	184	64	576	312	848	224	736	192	0	808	120	392	0	760	152
113	0	0	0	8	0	544	80	560	752	200	624	616	472	104	112	360	304	248	88	0
114	0	8	0	0	0	304	288	336	272	576	640	384	512	0	24	656	456	536	40	200
115	0	0	0	0	0	240	296	0	0	288	16	976	136	152	640	864	296	0	784	200
116	0	0	0	0	0	528	432	288	0	344	240	136	0	608	560	728	64	544	0	304
117	0	0	0	0	0	424	616	440	256	0	760	168	392	104	0	280	104	672	704	0
118	0	0	0	0	0	520	320	232	560	376	424	320	368	608	192	112	0	704	328	104
119	0	0	0	0	0	304	112	96	760	368	0	0	680	720	744	88	320	264	640	432
120	0	0	0	0	0	536	312	472	240	0	168	344	416	784	360	32	496	0	152	544
(1,8713)	(2,5518)	(3,0)	(4,11696)	
(1,6312)	(2,2031)	(3,0)	(4,103)	
(1,6726)	(2,3393)	(3,0)	(4,303)	
(1,7048)	(2,3376)	(3,0)	(4,333)	
(1,7017)	(2,2768)	(3,0)	(4,214)	
(1,4461)	(2,1576)	(3,0)	(4,142)	
(1,1)	(2,0)	(3,0)	(4,0)	
(1,1)	(2,0)	(3,0)	(4,0)	
(1,1)	(2,0)	(3,0)	(4,0)	
(1,1)	(2,0)	(3,0)	(4,0)	
(1,1)	(2,0)	(3,0)	(4,0)	
(1,1)	(2,0)	(3,0)	(4,0)	
(1,1)	(2,0)	(3,0)	(4,0)	
(1,1)	(2,0)	(3,0)	(4,0)	
(1,1)	(2,0)	(3,0)	(4,0)	
(1,1)	(2,0)	(3,0)	(4,0)	
(1,1)	(2,0)	(3,0)	(4,0)	
(1,1)	(2,0)	(3,0)	(4,0)	
(1,1)	(2,0)	(3,0)	(4,0)	
(1,1)	(2,0)	(3,0)	(4,0)	
(1,1)	(2,0)	(3,0)	(4,0)	
avg	0.4	0.4	0.4	0.266667	0.266667	261.6	253.333	254.8	352.933	412	388.933	353.733	412.133	363.6	393.467	357.6	294.133	338.533	366.8	345.2
delay	49	143.333	1.66667	77.5	3	56.2158	35.8075	46.3658	46.157	46.6495	52.6444	59.1864	48.9557	38.2615	50.2727	59.8505	57.6392	53.553	40.1165	38.462
loss	0	0	0	0.333333	0.333333	0.501775	0.487877	0.510502	0.328857	0.328699	0.294587	0.315111	0.307055	0.323661	0.327869	0.329418	0.345983	0.349308	0.330173	0.342893
Command ['/home/ubuntu/ns-3.30-obss/build/scratch/simple-ofdma-adhoc4', '--ofdmaEnabled=true', '--startTime=60', '--totalTime=120', '--dataMode=HeMcs4', '--datarate=12e5', '--clNum=20', '--ratio=0.375', '--RngRun=30'] terminated with signal SIGSEGV. Run it under a debugger to get more information (./waf --run <program> --command-template="gdb --args %s <args>").
