Waf: Entering directory `/home/synrg/Documents/Jiaming/ns-3.30/build'
Waf: Leaving directory `/home/synrg/Documents/Jiaming/ns-3.30/build'
Build commands will be stored in build/compile_commands.json
'build' finished successfully (0.509s)
--------------------------Rate[Kbps]--------------------------
Time[s]	cl-1	cl-2	cl-3	cl-4	cl-5	cl-6	cl-7	cl-8	cl-9	cl-10	cl-11	cl-12	cl-13	cl-14	cl-15	cl-16	cl-17	cl-18	cl-19	cl-20
60	17.6	14.6	14.2	15.6	14.2	14.6	15.2	14.8	15.6	16.8	15.6	13	16.4	15.4	13.8	15.2	14	11.2	12.8	16.6
61	512	488	496	488	448	336	280	296	440	416	360	384	432	368	272	320	440	440	312	344
62	480	496	504	456	432	360	312	328	464	384	320	360	352	368	312	352	416	360	288	320
63	504	512	520	480	456	336	216	240	440	416	296	360	536	336	248	320	312	352	232	264
64	488	512	552	528	456	312	328	264	400	336	424	392	392	312	360	352	448	384	344	336
65	472	456	520	560	464	240	288	264	296	232	384	256	352	232	320	192	320	216	280	184
66	456	504	528	568	424	216	280	208	400	304	328	256	328	256	296	240	256	296	360	280
67	480	448	488	496	424	328	296	288	328	288	344	336	352	376	344	384	296	384	304	400
68	512	496	440	536	384	240	248	200	240	224	272	224	256	272	280	288	304	368	304	328
69	464	520	456	520	448	272	272	216	360	240	360	312	296	256	264	360	200	264	240	304
70	360	560	560	568	352	152	184	168	264	176	296	344	344	320	168	336	152	288	240	312
71	456	536	600	592	456	264	240	224	328	312	384	368	352	328	352	336	248	240	296	288
72	576	504	560	552	528	304	256	240	520	312	328	392	456	248	264	368	440	248	240	352
73	560	520	568	536	576	424	328	328	552	440	464	488	504	368	352	400	504	304	296	384
74	600	576	608	560	528	376	320	296	464	360	368	408	536	336	328	392	528	264	280	344
75	576	560	584	536	544	464	288	296	512	408	424	440	488	304	312	328	520	304	328	344
76	552	504	568	528	568	384	280	272	488	344	376	392	456	360	360	424	448	304	280	312
77	488	544	528	520	472	304	264	248	400	336	280	320	448	392	256	304	416	384	232	272
78	520	536	536	528	448	352	288	280	440	424	344	352	424	400	352	400	480	392	328	384
79	496	496	480	472	424	336	232	224	416	328	232	288	424	392	272	320	496	400	288	312
80	424	480	464	464	400	336	280	256	376	368	272	256	432	408	320	344	400	336	296	296
81	384	552	576	600	408	224	224	232	280	336	272	224	248	336	240	352	192	304	232	296
82	464	544	576	560	456	256	248	264	328	336	256	288	240	312	296	360	232	376	344	400
83	376	544	520	536	424	184	232	200	248	280	256	296	200	296	184	280	248	232	272	232
84	496	456	536	528	432	280	216	272	344	264	368	296	240	352	248	368	376	320	272	344
85	400	464	480	528	416	280	272	216	216	280	336	304	248	360	288	288	392	248	280	360
86	456	520	560	528	416	216	208	224	392	272	304	264	272	288	256	304	288	240	344	328
87	480	472	552	544	424	312	224	224	288	296	336	328	304	304	288	312	360	296	248	368
88	448	528	504	480	376	296	208	128	264	248	280	296	208	272	272	296	384	288	288	336
89	472	504	544	568	392	256	256	208	288	280	288	352	320	368	352	360	392	336	368	312
90	440	536	552	568	432	232	232	240	320	240	328	280	264	328	304	296	344	344	248	272
91	448	560	552	568	384	280	264	160	312	256	224	256	264	272	232	336	304	280	304	296
92	448	504	448	496	456	264	272	264	288	296	352	296	304	320	264	368	320	304	216	304
93	480	512	504	480	432	272	312	272	352	304	312	312	360	320	288	384	304	336	320	320
94	416	456	512	432	352	256	264	208	312	272	320	320	304	232	256	304	320	320	248	232
95	528	504	472	440	376	216	224	216	256	312	336	344	360	256	352	320	352	336	360	304
96	472	440	512	424	392	280	224	192	312	248	328	320	360	280	280	288	328	320	272	336
97	408	536	504	504	440	248	256	208	264	168	304	272	248	240	344	280	320	352	296	240
98	448	472	504	432	432	344	280	208	256	216	360	288	304	248	320	264	336	360	288	288
99	440	472	528	528	408	176	224	152	232	264	312	296	304	272	312	304	328	360	264	272
100	424	464	488	368	384	208	256	232	216	224	280	304	312	248	288	280	336	280	272	296
101	456	536	488	504	416	272	312	224	248	248	304	288	368	288	344	352	328	320	280	304
102	448	504	472	504	448	280	272	240	176	264	240	224	296	240	296	248	328	336	248	168
103	472	512	504	488	400	248	224	192	184	184	344	280	360	288	360	288	272	272	272	240
104	424	480	512	480	432	304	264	256	288	280	288	296	272	272	312	304	368	328	304	240
105	392	456	480	488	464	304	336	296	360	296	416	312	336	368	312	416	280	288	352	272
106	464	512	512	472	400	232	288	152	296	232	280	272	312	248	288	240	312	272	248	216
107	488	512	512	488	400	208	280	192	280	216	288	280	328	256	280	336	224	392	312	288
108	440	536	504	456	448	256	312	304	336	248	336	344	344	312	376	408	360	360	328	336
109	480	528	544	480	424	288	320	248	264	248	272	264	352	280	320	352	296	304	264	280
110	376	480	552	504	440	272	232	208	256	240	336	280	344	264	312	360	304	336	280	248
111	432	488	536	464	376	224	256	200	248	240	256	224	304	264	320	288	328	248	192	208
112	416	472	464	432	424	240	328	208	296	312	272	280	256	296	344	328	368	312	288	304
113	456	504	456	448	384	256	224	216	296	256	272	336	296	232	312	264	304	296	336	224
114	408	456	520	464	424	304	336	240	256	264	304	288	352	240	344	344	272	352	280	296
115	416	464	544	512	448	264	248	168	280	264	288	264	304	312	320	344	296	368	344	264
116	480	480	528	512	408	272	280	288	288	336	328	336	376	320	288	304	368	368	368	312
117	496	520	512	528	456	264	312	152	272	280	320	280	320	312	280	304	296	368	224	312
118	424	440	504	456	480	320	320	256	336	256	360	296	264	240	328	216	296	320	280	320
119	448	512	488	472	480	192	264	160	256	232	272	320	272	304	312	240	256	328	336	296
120	400	480	496	448	448	248	232	184	248	264	288	288	328	248	296	264	304	328	216	256
avg	462	502.667	518.533	503.333	434.4	277.733	266.933	230.667	322.667	286.667	317.867	310.267	336.8	302	300.667	321.733	337.333	320.933	287.6	298
delay	335.553	342.439	341.217	341.115	340.25	346.199	348.564	343.486	336.586	335.987	345.318	339.85	338.129	340.575	348.365	345.545	344.172	346.986	349.641	347.047
loss	0.200092	0.139699	0.11846	0.137049	0.246189	0.493812	0.515239	0.572451	0.414593	0.477923	0.427028	0.439201	0.394397	0.452237	0.459938	0.41759	0.392814	0.425816	0.479026	0.459642
Command ['/home/synrg/Documents/Jiaming/ns-3.30/build/scratch/simple-ofdma-adhoc', '--ofdmaEnabled=true', '--startTime=60', '--totalTime=120', '--dataMode=HeMcs6', '--datarate=6e5', '--clNum=20', '--ratio=0.375', '--RngRun=147'] terminated with signal SIGSEGV. Run it under a debugger to get more information (./waf --run <program> --command-template="gdb --args %s <args>").
