Waf: Entering directory `/home/ubuntu/ns-3.30-obss/build'
Waf: Leaving directory `/home/ubuntu/ns-3.30-obss/build'
Build commands will be stored in build/compile_commands.json
'build' finished successfully (0.711s)
--------------------------Rate[Kbps]--------------------------
Time[s]	cl-1	cl-2	cl-3	cl-4	cl-5	cl-6	cl-7	cl-8	cl-9	cl-10	cl-11	cl-12
60	11.8	15.4	17.4	12.8	16	14	16.4	13.4	14.4	14	17	15.2
61	0	0	0	0	176	0	368	320	0	0	136	0
62	0	0	0	0	184	496	304	288	272	464	200	56
63	0	0	0	0	600	232	336	312	504	520	248	80
64	0	0	0	0	48	0	0	408	600	144	400	456
65	0	0	0	0	232	344	32	168	208	472	296	296
66	0	0	0	0	528	400	168	504	344	488	536	544
67	0	0	0	0	448	24	488	320	128	592	464	432
68	0	0	0	0	0	344	584	600	264	592	8	280
69	0	0	0	0	176	440	432	320	360	184	576	120
70	0	0	0	0	600	160	0	344	0	56	328	552
71	0	0	0	0	232	304	304	376	248	232	80	32
72	0	0	0	0	0	536	552	520	160	0	440	48
73	0	0	0	0	424	256	352	336	600	120	40	216
74	0	0	0	0	264	280	600	224	288	8	600	224
75	0	0	0	0	400	528	224	136	0	288	488	520
76	0	0	0	0	544	304	248	584	320	0	360	224
77	0	0	0	0	168	80	408	80	400	488	552	120
78	0	0	0	0	240	248	112	344	312	328	520	264
79	0	0	0	0	16	600	600	248	296	296	32	408
80	0	0	0	0	256	8	304	248	40	400	240	128
81	0	0	0	0	344	192	560	80	216	0	392	488
82	0	0	0	0	344	584	0	296	600	296	568	24
83	0	0	0	0	520	144	56	568	136	528	280	256
84	0	0	0	0	56	360	0	32	208	232	0	416
85	0	0	0	0	400	448	344	296	16	0	416	72
86	0	0	0	0	528	408	536	456	224	56	576	600
87	0	0	0	0	0	488	512	0	160	0	384	240
88	0	0	0	0	56	592	280	72	232	352	168	184
89	0	0	0	0	0	272	0	328	592	288	336	64
90	0	0	0	0	328	560	416	184	200	456	272	520
91	0	0	0	0	288	440	112	424	240	0	216	88
92	0	0	0	0	528	240	216	240	424	88	352	128
93	0	0	0	0	568	72	416	8	600	464	72	296
94	0	0	0	0	392	536	600	368	256	600	352	344
95	0	0	0	0	448	480	416	504	312	136	0	296
96	0	0	0	0	208	512	88	600	336	456	216	0
97	0	0	0	0	344	144	416	16	104	400	168	264
98	0	0	0	0	392	336	224	384	272	0	248	208
99	0	0	0	0	328	512	384	600	304	408	0	584
100	0	0	0	0	312	240	416	384	0	352	528	328
101	0	0	0	0	592	360	176	520	176	128	200	120
102	0	0	0	0	512	384	576	552	192	560	208	432
103	0	0	0	0	320	0	256	472	288	328	232	600
104	0	0	0	0	360	200	24	256	376	16	336	544
105	0	0	0	0	584	328	512	600	152	200	0	360
106	0	0	0	0	192	384	0	152	424	0	280	104
107	0	0	0	0	0	512	80	48	80	160	192	128
108	0	0	0	0	128	560	328	8	264	592	168	280
109	0	0	0	0	408	0	544	0	56	232	568	0
110	0	0	0	0	0	88	592	376	576	352	296	24
111	0	0	0	0	192	568	288	168	312	0	32	360
112	0	0	0	0	200	376	240	0	80	80	400	336
113	0	0	0	0	432	280	312	216	160	208	0	248
114	0	0	0	0	600	0	32	352	72	0	176	592
115	0	0	0	0	64	312	392	544	592	448	584	392
116	0	0	0	0	0	360	232	440	40	424	416	288
117	0	0	0	0	568	384	600	504	48	376	144	384
118	0	0	0	0	576	584	104	560	600	112	544	64
119	0	0	0	0	296	408	48	488	240	200	544	344
120	0	0	0	0	440	224	576	120	560	0	544	0
(1,17456)	(2,652)	(3,0)	(4,0)	
(1,4794)	(2,91)	(3,0)	(4,0)	
(1,4796)	(2,32)	(3,0)	(4,0)	
(1,4073)	(2,11)	(3,0)	(4,0)	
(1,4283)	(2,102)	(3,0)	(4,0)	
(1,1)	(2,0)	(3,0)	(4,0)	
(1,1)	(2,0)	(3,0)	(4,0)	
(1,1)	(2,0)	(3,0)	(4,0)	
(1,1)	(2,0)	(3,0)	(4,0)	
(1,1)	(2,0)	(3,0)	(4,0)	
(1,1)	(2,0)	(3,0)	(4,0)	
(1,1)	(2,0)	(3,0)	(4,0)	
(1,1)	(2,0)	(3,0)	(4,0)	
avg	0	0	0	0	306.4	324.267	305.333	314.933	267.733	253.333	299.2	266.667
delay	0.254237	0.376623	0.241379	0.234375	1.16884	1.04852	1.1786	1.13209	1.04034	1.16684	1.16176	1.133
loss	0	0	0	0	0.0262712	0.0117838	0.0120794	0.0121288	0.0049554	0.0119605	0.0179431	0.0229604
Command ['/home/ubuntu/ns-3.30-obss/build/scratch/simple-ofdma-adhoc4', '--ofdmaEnabled=true', '--startTime=60', '--totalTime=120', '--dataMode=HeMcs7', '--datarate=6e5', '--ratio=0.375', '--RngRun=45', '--locationFile=my-simulations/8_ofdma7/txt/locationFile42.txt', '--routingFile=my-simulations/8_ofdma7/txt/routingFile42.txt'] terminated with signal SIGSEGV. Run it under a debugger to get more information (./waf --run <program> --command-template="gdb --args %s <args>").
