Waf: Entering directory `/home/ubuntu/ns-3.30-obss/build'
Waf: Leaving directory `/home/ubuntu/ns-3.30-obss/build'
Build commands will be stored in build/compile_commands.json
'build' finished successfully (0.791s)
--------------------------Rate[Kbps]--------------------------
Time[s]	cl-1	cl-2	cl-3	cl-4	cl-5	cl-6	cl-7	cl-8	cl-9	cl-10	cl-11	cl-12	cl-13	cl-14	cl-15
60	13.4	14.2	15	18	14.8	13.4	11	13.6	12.6	12.4	14.6	13.2	15.8	13.6	13.2
61	0	0	0	0	0	560	760	0	0	0	0	672	0	184	560
62	0	0	0	0	0	816	280	208	248	552	296	496	456	8	344
63	0	0	0	0	0	24	584	0	648	288	760	752	864	720	576
64	0	0	0	0	0	240	208	480	944	736	56	416	352	608	624
65	0	0	0	0	0	0	504	344	32	936	864	0	744	584	304
66	0	0	0	0	0	0	280	536	120	120	120	288	400	408	536
67	0	0	0	0	0	872	384	352	152	880	512	48	616	288	800
68	0	0	0	0	0	248	784	464	328	344	192	752	640	792	520
69	0	0	0	0	0	144	472	912	880	184	392	536	280	488	568
70	0	0	0	0	0	808	200	304	224	16	568	616	920	192	96
71	0	0	0	0	0	184	848	184	256	736	664	0	680	56	72
72	0	0	0	0	0	440	848	624	112	136	784	416	280	336	648
73	0	0	0	0	0	88	736	616	824	824	232	560	520	0	344
74	0	0	0	0	0	104	880	848	664	832	16	0	0	264	320
75	0	0	0	0	0	360	528	376	640	520	504	384	520	240	552
76	0	0	0	0	0	64	960	0	472	832	120	120	784	392	176
77	0	0	0	0	0	232	56	192	600	416	624	216	0	80	696
78	0	0	0	0	0	784	616	0	328	712	536	544	120	736	456
79	0	0	0	0	0	808	576	680	352	672	112	0	696	888	248
80	0	0	0	0	0	264	576	688	416	496	0	488	480	672	440
81	0	0	0	0	0	344	592	464	144	488	184	696	680	640	608
82	0	0	0	0	0	0	272	624	280	792	512	8	152	0	808
83	0	0	0	0	0	200	768	560	688	496	744	304	784	408	320
84	0	0	0	0	0	536	120	856	752	0	592	192	312	208	584
85	0	0	0	0	0	184	712	648	520	368	488	248	304	296	480
86	0	0	0	0	0	872	16	968	0	920	200	40	592	776	0
87	0	0	0	0	0	416	232	856	264	328	248	528	288	896	512
88	0	0	0	0	0	904	32	0	848	240	168	656	176	344	0
89	0	0	0	0	0	496	952	88	80	104	176	904	416	664	264
90	0	0	0	0	0	720	912	392	256	0	616	232	0	0	56
91	0	0	0	0	0	312	368	864	216	736	384	280	544	600	336
92	0	0	0	0	0	344	424	224	392	688	0	592	896	848	840
93	0	0	0	0	0	592	936	40	0	232	208	904	656	192	0
94	0	0	0	0	0	784	360	200	0	152	880	456	880	520	32
95	0	0	0	0	0	632	432	304	784	776	888	112	864	32	808
96	0	0	0	0	0	648	576	560	792	696	72	0	600	464	232
97	0	0	0	0	0	624	712	160	0	648	464	360	0	0	112
98	0	0	0	0	0	800	328	384	104	336	816	352	296	624	136
99	0	0	0	0	0	272	344	504	656	632	728	440	336	760	288
100	0	0	0	0	0	264	40	528	96	0	664	800	272	600	432
101	0	0	0	0	0	432	416	776	768	168	0	640	576	264	600
102	0	0	0	0	0	584	496	264	688	440	520	624	712	208	320
103	0	0	0	0	0	760	720	856	824	520	144	280	0	416	160
104	0	0	0	0	0	280	664	496	200	632	568	416	496	848	336
105	0	0	0	0	0	920	56	0	136	416	240	888	136	776	832
106	0	0	0	0	0	184	112	480	72	0	0	664	624	928	184
107	0	0	0	0	0	88	424	600	616	280	840	440	80	272	904
108	0	0	0	0	0	96	528	504	768	456	544	192	792	648	384
109	0	0	0	0	0	896	384	712	136	328	8	896	0	672	0
110	0	0	0	0	0	224	464	472	256	112	832	584	408	560	408
111	0	0	0	0	0	600	512	504	248	160	656	744	896	168	600
112	0	0	0	0	0	0	64	880	920	120	848	752	416	192	720
113	0	0	0	0	0	336	888	384	192	664	552	0	376	344	672
114	0	0	0	0	0	552	0	936	408	528	536	208	768	464	680
115	0	0	0	0	0	488	152	608	200	8	720	936	896	904	392
116	0	0	0	0	0	0	608	848	720	368	0	272	240	504	736
117	0	0	0	0	0	208	240	480	968	536	376	408	424	344	464
118	0	0	0	0	0	40	608	472	480	424	584	784	168	680	728
119	0	0	0	0	0	592	416	512	592	48	120	712	896	432	48
120	0	0	0	0	0	688	424	912	280	40	0	744	80	920	16
(1,21635)	(2,6735)	(3,0)	(4,943)	
(1,6679)	(2,285)	(3,0)	(4,11)	
(1,6289)	(2,489)	(3,0)	(4,23)	
(1,5789)	(2,477)	(3,0)	(4,30)	
(1,6619)	(2,356)	(3,0)	(4,25)	
(1,6236)	(2,441)	(3,0)	(4,30)	
(1,1)	(2,0)	(3,0)	(4,0)	
(1,1)	(2,0)	(3,0)	(4,0)	
(1,1)	(2,0)	(3,0)	(4,0)	
(1,1)	(2,0)	(3,0)	(4,0)	
(1,1)	(2,0)	(3,0)	(4,0)	
(1,1)	(2,0)	(3,0)	(4,0)	
(1,1)	(2,0)	(3,0)	(4,0)	
(1,1)	(2,0)	(3,0)	(4,0)	
(1,1)	(2,0)	(3,0)	(4,0)	
(1,1)	(2,0)	(3,0)	(4,0)	
avg	0	0	0	0	0	415.867	473.067	478.8	409.733	418.533	407.867	443.2	456.4	455.867	415.2
delay	0.268657	0.253521	16.0533	0.366667	0.310811	8.81436	3.24831	11.3074	57.4025	10.77	17.7149	5.56378	5.19544	9.99503	9.22158
loss	0	0	0.025974	0	0	0.107327	0.108767	0.102474	0.130447	0.127086	0.12249	0.101136	0.116645	0.115395	0.118846
Command ['/home/ubuntu/ns-3.30-obss/build/scratch/simple-ofdma-adhoc4', '--ofdmaEnabled=true', '--startTime=60', '--totalTime=120', '--dataMode=HeMcs3', '--datarate=10e5', '--ratio=0.375', '--RngRun=45', '--locationFile=my-simulations/8_ofdma7/txt/locationFile52.txt', '--routingFile=my-simulations/8_ofdma7/txt/routingFile52.txt'] terminated with signal SIGSEGV. Run it under a debugger to get more information (./waf --run <program> --command-template="gdb --args %s <args>").
