Waf: Entering directory `/home/ubuntu/ns-3.30-obss/build'
Waf: Leaving directory `/home/ubuntu/ns-3.30-obss/build'
Build commands will be stored in build/compile_commands.json
'build' finished successfully (0.795s)
--------------------------Rate[Kbps]--------------------------
Time[s]	cl-1	cl-2	cl-3	cl-4	cl-5	cl-6	cl-7	cl-8	cl-9	cl-10	cl-11	cl-12	cl-13	cl-14	cl-15	cl-16	cl-17	cl-18
60	15.8	17.4	15	17	13	12.4	13.2	12.4	12.6	15	13.2	10.8	14.6	17.6	14.4	16.6	13.8	13.6
61	0	0	0	0	0	0	0	0	408	192	0	344	400	80	312	472	56	464
62	0	0	0	0	0	0	216	168	568	440	160	576	456	112	120	520	232	216
63	0	0	0	0	0	0	32	32	696	376	648	576	112	712	216	104	0	0
64	0	0	0	0	0	0	40	280	56	296	144	720	0	664	400	136	248	408
65	0	0	0	0	0	0	128	264	584	216	216	264	48	184	528	256	640	304
66	0	0	0	0	0	0	0	680	288	576	264	144	104	344	600	280	336	200
67	0	0	0	0	0	0	80	88	224	112	752	560	72	392	376	624	0	32
68	0	0	0	0	0	0	72	704	648	120	352	88	424	648	432	64	240	96
69	0	0	0	0	0	0	272	456	48	656	280	0	288	376	544	80	536	296
70	0	0	0	0	0	0	248	0	0	40	160	552	608	240	440	384	352	472
71	0	0	0	0	0	0	384	24	200	152	376	0	64	216	112	392	424	272
72	0	0	0	0	0	0	200	168	176	328	376	64	0	8	328	352	0	0
73	0	0	0	0	0	0	136	200	416	448	248	296	136	96	440	184	280	208
74	0	0	0	0	0	0	320	56	400	672	344	392	168	152	240	648	304	64
75	0	0	0	0	0	0	448	96	288	344	144	0	480	128	464	400	208	704
76	0	0	0	0	0	0	744	224	464	8	0	128	120	688	480	0	128	296
77	0	0	0	0	0	0	496	520	424	264	472	280	280	248	264	48	392	144
78	0	0	0	0	0	0	664	56	416	608	24	704	40	280	224	32	232	488
79	0	0	0	0	0	0	336	184	0	560	216	0	184	192	0	376	88	408
80	0	0	0	0	0	0	200	336	48	0	0	592	16	496	136	176	800	336
81	0	0	0	0	0	0	432	168	48	472	144	360	56	360	424	0	352	504
82	0	0	0	0	0	0	104	536	728	192	504	328	456	352	32	32	72	304
83	0	0	0	0	0	0	312	448	520	248	224	456	176	0	160	72	424	304
84	0	0	0	0	0	0	160	472	416	416	384	368	216	40	48	400	432	552
85	0	0	0	0	0	0	216	336	368	224	488	248	216	256	408	360	448	200
86	0	0	0	0	0	0	176	192	96	88	584	80	344	544	88	472	480	496
87	0	0	0	0	0	0	704	160	0	104	256	0	664	424	480	624	0	216
88	0	0	0	0	0	0	368	432	120	128	560	544	440	192	40	408	224	384
89	0	0	0	0	0	0	608	240	408	488	32	512	88	0	376	480	512	496
90	0	0	0	0	0	0	240	0	464	544	384	288	32	608	552	144	264	416
91	0	0	0	0	0	0	448	0	552	152	328	536	248	344	352	40	120	320
92	0	0	0	0	0	0	88	224	32	656	0	472	0	400	280	144	416	0
93	0	0	0	0	0	0	456	0	16	648	552	336	880	552	176	80	88	240
94	0	0	0	0	0	0	432	360	552	96	56	200	152	168	176	392	720	568
95	0	0	0	0	0	0	80	256	520	328	304	736	688	0	376	0	496	16
96	0	0	0	0	0	0	168	304	128	192	656	176	664	136	232	376	656	40
97	0	0	0	0	0	0	424	208	392	592	56	96	328	136	320	200	56	496
98	0	0	0	0	0	0	400	0	48	592	408	304	0	408	144	112	544	72
99	0	0	0	0	0	0	0	128	32	680	736	8	312	440	312	64	32	248
100	0	0	0	0	0	0	376	312	656	552	112	0	184	496	112	0	176	120
101	0	0	0	0	0	0	472	232	104	128	296	136	472	232	464	176	104	120
102	0	0	0	0	0	0	352	296	288	432	296	104	600	0	376	224	512	0
103	0	0	0	0	0	0	504	240	160	408	80	408	488	336	232	112	112	784
104	0	0	0	0	0	0	488	0	160	504	256	64	192	168	696	624	376	528
105	0	0	0	0	0	0	0	624	0	600	440	328	0	352	344	456	0	248
106	0	0	0	0	0	0	440	536	208	240	0	24	304	144	0	696	136	720
107	0	0	0	0	0	0	224	88	544	600	88	504	552	456	304	192	184	88
108	0	0	0	0	0	0	72	472	240	320	704	456	400	0	680	80	392	96
109	0	0	0	0	0	0	72	344	560	32	144	432	160	600	416	440	168	80
110	0	0	0	0	0	0	216	8	88	552	496	504	472	272	272	440	312	496
111	0	0	0	0	0	0	0	576	320	328	280	168	328	72	296	416	552	432
112	0	0	0	0	0	0	248	96	272	312	240	584	424	88	352	296	0	360
113	0	0	0	0	0	0	0	576	752	240	600	336	728	224	208	0	128	280
114	0	0	0	0	0	0	288	24	472	496	0	0	240	304	528	568	296	0
115	0	0	0	0	0	0	224	24	192	184	216	152	0	0	120	264	40	192
116	0	0	0	0	0	0	304	448	384	368	0	312	584	224	600	152	376	488
117	0	0	0	0	0	0	416	192	272	80	408	88	288	552	600	112	392	208
118	0	0	0	0	0	0	296	256	72	224	528	232	536	264	416	648	552	104
119	0	0	0	0	0	0	112	752	544	496	0	0	0	272	160	544	144	336
120	0	0	0	0	0	0	560	144	728	0	200	512	264	176	672	0	296	200
(1,21437)	(2,5939)	(3,0)	(4,863)	
(1,11663)	(2,2203)	(3,0)	(4,160)	
(1,11208)	(2,2351)	(3,0)	(4,143)	
(1,5860)	(2,630)	(3,0)	(4,15)	
(1,6461)	(2,676)	(3,0)	(4,18)	
(1,6689)	(2,469)	(3,0)	(4,2)	
(1,5919)	(2,638)	(3,0)	(4,34)	
(1,1)	(2,0)	(3,0)	(4,0)	
(1,1)	(2,0)	(3,0)	(4,0)	
(1,1)	(2,0)	(3,0)	(4,0)	
(1,1)	(2,0)	(3,0)	(4,0)	
(1,1)	(2,0)	(3,0)	(4,0)	
(1,1)	(2,0)	(3,0)	(4,0)	
(1,1)	(2,0)	(3,0)	(4,0)	
(1,1)	(2,0)	(3,0)	(4,0)	
(1,2)	(2,0)	(3,0)	(4,0)	
(1,1)	(2,0)	(3,0)	(4,0)	
(1,1)	(2,0)	(3,0)	(4,0)	
(1,1)	(2,0)	(3,0)	(4,0)	
avg	0	0	0	0	0	0	274.933	254	313.467	339.067	286.933	294.533	286.267	280.8	324.667	272.8	284.667	286
delay	0.253165	0.356322	0.706667	0.823529	0.769231	0.725806	13.4515	9.40105	15.2654	11.6811	13.473	9.42961	13.6879	3.48552	9.37972	9.06403	7.31803	40.9655
loss	0	0	0.0131579	0	0	0	0.237426	0.209871	0.211603	0.21245	0.204142	0.257479	0.22069	0.199468	0.226667	0.210648	0.208086	0.248336
Command ['/home/ubuntu/ns-3.30-obss/build/scratch/simple-ofdma-adhoc4', '--ofdmaEnabled=true', '--startTime=60', '--totalTime=120', '--dataMode=HeMcs5', '--datarate=8e5', '--ratio=0.375', '--RngRun=45', '--locationFile=my-simulations/8_ofdma7/txt/locationFile223.txt', '--routingFile=my-simulations/8_ofdma7/txt/routingFile223.txt'] terminated with signal SIGSEGV. Run it under a debugger to get more information (./waf --run <program> --command-template="gdb --args %s <args>").
