Waf: Entering directory `/home/ubuntu/ns-3.30-obss/build'
Waf: Leaving directory `/home/ubuntu/ns-3.30-obss/build'
Build commands will be stored in build/compile_commands.json
'build' finished successfully (0.794s)
--------------------------Rate[Kbps]--------------------------
Time[s]	cl-1	cl-2	cl-3	cl-4	cl-5	cl-6	cl-7	cl-8	cl-9	cl-10	cl-11	cl-12
60	11.8	15.4	17.4	12.8	16	14	16.4	13.4	14.4	14	17	15.2
61	0	0	160	312	152	0	368	304	0	0	112	0
62	0	0	112	344	192	496	264	240	224	424	192	56
63	0	0	240	592	552	232	336	296	488	512	240	80
64	0	0	472	176	48	0	0	400	592	152	400	432
65	0	0	368	192	232	304	32	152	208	464	296	296
66	0	0	112	184	560	400	168	496	304	496	528	520
67	0	0	384	224	472	16	456	320	128	584	472	432
68	0	0	568	232	0	352	584	584	264	592	8	248
69	0	0	104	0	176	432	432	320	360	176	576	120
70	0	0	264	384	600	160	0	368	0	56	344	592
71	0	0	248	152	232	304	304	368	248	232	80	40
72	0	0	336	48	0	560	552	536	184	0	448	48
73	0	0	376	368	416	240	352	320	584	120	40	216
74	0	0	296	576	248	280	600	208	272	8	592	224
75	0	0	200	88	384	512	224	144	0	288	472	504
76	0	0	184	240	512	288	256	584	320	0	360	208
77	0	0	248	0	168	80	408	80	400	488	552	120
78	0	0	344	144	224	232	112	312	288	304	512	264
79	0	0	360	328	8	600	576	224	288	288	32	384
80	0	0	440	496	272	8	304	232	40	400	240	128
81	0	0	592	0	352	192	560	80	216	0	400	480
82	0	0	72	272	344	584	0	296	592	296	584	24
83	0	0	472	128	472	112	56	544	128	528	280	256
84	0	0	416	192	56	360	0	32	208	224	0	456
85	0	0	448	256	392	448	320	296	16	0	416	72
86	0	0	104	504	552	176	544	456	216	56	568	568
87	0	0	392	0	0	0	400	0	160	0	384	240
88	0	0	384	424	80	1296	384	72	224	360	160	104
89	0	0	80	24	0	272	0	328	584	280	304	0
90	0	0	144	568	328	552	392	184	200	456	296	664
91	0	0	416	112	296	440	104	424	240	0	216	88
92	0	0	600	600	512	240	224	240	424	88	344	120
93	0	0	344	56	560	72	400	8	592	464	88	304
94	0	0	112	160	416	160	584	368	208	560	328	344
95	0	0	280	344	288	656	296	448	304	136	0	256
96	0	0	640	56	264	576	144	600	320	456	216	0
97	0	0	152	384	344	144	416	16	96	424	176	280
98	0	0	208	320	392	352	224	384	272	0	248	216
99	0	0	552	576	344	480	384	584	304	360	0	600
100	0	0	128	232	336	240	400	368	0	352	520	104
101	0	0	0	576	592	360	176	512	176	128	200	0
102	0	0	520	24	576	384	600	176	32	184	80	0
103	0	0	224	472	312	0	240	704	320	528	232	1192
104	0	0	320	392	352	200	16	248	376	16	336	544
105	0	0	96	288	592	328	496	544	152	200	0	352
106	0	0	600	152	216	384	0	152	424	0	280	96
107	0	0	472	536	0	512	80	48	80	160	192	128
108	0	0	376	392	120	552	336	8	264	592	168	280
109	0	0	552	216	384	0	496	0	48	200	560	0
110	0	0	464	8	0	88	568	376	576	352	296	24
111	0	0	600	520	192	536	288	168	304	0	24	368
112	0	0	256	152	184	360	232	0	80	80	400	328
113	0	0	576	528	432	280	312	192	160	208	0	240
114	0	0	512	0	576	0	32	360	64	0	168	600
115	0	0	248	200	64	0	232	344	408	296	416	288
116	0	0	264	408	0	552	368	312	96	464	392	312
117	0	0	96	104	144	88	168	368	0	344	32	248
118	0	0	32	336	856	768	384	704	512	112	584	128
119	0	0	200	128	296	400	48	480	240	200	544	344
120	0	0	568	72	440	232	576	120	568	0	568	0
(1,19655)	(2,1475)	(3,0)	(4,175)	
(1,9991)	(2,701)	(3,0)	(4,140)	
(1,8905)	(2,752)	(3,0)	(4,101)	
(1,1)	(2,0)	(3,0)	(4,0)	
(1,1)	(2,0)	(3,0)	(4,0)	
(1,1)	(2,0)	(3,0)	(4,0)	
(1,1)	(2,0)	(3,0)	(4,0)	
(1,1)	(2,0)	(3,0)	(4,0)	
(1,1)	(2,0)	(3,0)	(4,0)	
(1,1)	(2,0)	(3,0)	(4,0)	
(1,1)	(2,0)	(3,0)	(4,0)	
(1,1)	(2,0)	(3,0)	(4,0)	
(1,1)	(2,0)	(3,0)	(4,0)	
avg	0	0	322.133	263.2	301.733	314.533	296.8	300.533	256.267	244.8	291.6	259.333
delay	0.271186	0.25974	13.1341	14.7862	17.7561	86.9996	24.7174	21.6202	8.10042	15.628	10.1111	87.0046
loss	0	0	0.0393638	0.0356619	0.0316645	0.0276175	0.0300654	0.0400341	0.03125	0.0362205	0.0292943	0.040927
Command ['/home/ubuntu/ns-3.30-obss/build/scratch/simple-ofdma-adhoc4', '--ofdmaEnabled=true', '--startTime=60', '--totalTime=120', '--dataMode=HeMcs3', '--datarate=6e5', '--ratio=0.375', '--RngRun=45', '--locationFile=my-simulations/8_ofdma7/txt/locationFile25.txt', '--routingFile=my-simulations/8_ofdma7/txt/routingFile25.txt'] terminated with signal SIGSEGV. Run it under a debugger to get more information (./waf --run <program> --command-template="gdb --args %s <args>").
