Waf: Entering directory `/home/ubuntu/ns-3.30-obss/build'
Waf: Leaving directory `/home/ubuntu/ns-3.30-obss/build'
Build commands will be stored in build/compile_commands.json
'build' finished successfully (0.780s)
--------------------------Rate[Kbps]--------------------------
Time[s]	cl-1	cl-2	cl-3	cl-4	cl-5	cl-6	cl-7	cl-8	cl-9	cl-10	cl-11	cl-12	cl-13	cl-14	cl-15	cl-16	cl-17	cl-18
60	15.8	17.4	15.2	17	13	12.2	13.4	12.6	12.6	15.2	13.2	10.8	14.8	17.6	14.4	16.6	13.4	13.2
61	0	0	0	128	160	0	0	0	320	144	0	272	232	64	200	280	24	232
62	0	0	0	0	208	264	168	104	392	296	144	360	288	120	136	336	120	160
63	0	0	0	200	256	0	16	16	360	200	352	328	56	360	112	64	0	0
64	0	0	0	192	256	32	16	136	24	160	80	400	0	344	224	80	136	224
65	0	0	0	392	0	216	72	152	344	136	120	144	40	128	320	208	360	168
66	0	0	0	40	152	296	0	392	200	400	160	96	88	208	376	200	248	168
67	0	0	0	56	296	144	64	56	176	120	400	400	40	224	240	400	0	32
68	0	0	0	352	112	384	64	400	400	72	192	80	240	352	320	56	152	104
69	0	0	0	184	360	232	216	312	40	400	176	0	192	264	328	72	352	240
70	0	0	0	0	280	128	144	0	0	32	80	312	328	152	256	224	200	280
71	0	0	0	256	264	0	192	16	152	104	192	0	40	112	88	224	216	136
72	0	0	0	32	360	72	336	312	264	272	400	104	0	24	344	224	0	88
73	0	0	0	352	392	320	96	120	248	336	168	320	184	64	304	104	216	216
74	0	0	0	184	288	216	248	72	240	392	248	312	120	112	160	368	248	32
75	0	0	0	280	200	80	264	56	224	304	120	0	336	72	312	240	160	400
76	0	0	0	272	392	344	392	144	264	0	0	64	64	400	280	0	88	200
77	0	0	0	280	192	384	336	352	352	264	304	280	200	216	208	48	352	96
78	0	0	0	392	0	288	376	24	256	368	24	384	16	152	152	16	136	272
79	0	0	0	240	80	128	200	104	0	312	128	0	120	96	0	192	48	208
80	0	0	0	216	328	376	96	168	24	0	0	320	8	280	72	96	400	184
81	0	0	0	288	16	144	240	120	32	392	112	280	56	200	384	0	264	336
82	0	0	0	288	344	64	80	384	400	192	384	240	288	256	16	32	48	200
83	0	0	0	128	208	152	200	312	280	144	168	384	200	0	152	80	384	296
84	0	0	0	16	400	280	88	288	240	248	272	264	128	40	24	232	224	312
85	0	0	0	144	120	304	216	320	328	120	392	272	224	264	392	344	360	200
86	0	0	0	400	200	240	112	120	80	56	360	64	240	328	80	296	256	336
87	0	0	0	368	24	128	400	96	0	48	160	8	392	280	288	376	0	128
88	0	0	0	320	360	216	344	376	112	88	400	400	400	176	32	336	208	376
89	0	0	0	0	104	128	128	112	208	216	24	312	72	0	160	256	280	264
90	0	0	0	240	352	104	328	40	256	344	232	224	24	264	392	104	200	272
91	0	0	0	248	280	16	296	0	168	16	192	176	192	280	248	32	40	328
92	0	0	0	280	0	80	32	128	136	296	8	312	176	192	144	40	168	0
93	0	0	0	224	352	88	304	0	8	384	312	232	368	312	96	72	64	176
94	0	0	0	80	304	32	272	200	400	88	40	152	0	104	112	256	392	376
95	0	0	0	216	0	192	48	128	344	152	176	368	0	0	264	0	280	8
96	0	0	0	104	72	384	96	176	72	128	344	120	864	72	128	200	336	16
97	0	0	0	120	216	88	264	120	288	304	24	64	184	88	224	120	48	304
98	0	0	0	104	0	312	240	0	24	320	240	152	0	208	80	64	328	48
99	0	0	0	184	256	400	0	72	16	360	400	8	160	224	176	32	16	128
100	0	0	0	80	400	72	192	176	352	288	80	0	88	280	88	0	96	72
101	0	0	0	312	304	360	272	184	64	80	184	80	304	144	256	96	56	56
102	0	0	0	384	400	184	296	128	192	280	176	144	400	0	240	136	352	136
103	0	0	0	88	184	64	312	152	144	216	48	264	288	224	152	80	96	384
104	0	0	0	72	56	144	392	0	48	320	144	96	136	136	400	400	240	360
105	0	0	0	104	0	248	8	344	0	360	304	128	0	192	256	320	0	152
106	0	0	0	0	208	144	296	352	152	176	0	0	192	80	0	400	120	392
107	0	0	0	288	168	0	200	80	360	384	72	432	328	264	200	136	160	80
108	0	0	0	8	200	80	48	280	152	192	400	256	264	0	392	56	248	64
109	0	0	0	24	104	352	72	200	312	40	72	288	120	384	256	288	104	88
110	0	0	0	200	256	120	224	8	136	400	400	376	384	184	272	360	224	368
111	0	0	0	216	8	80	16	384	272	280	240	144	192	80	272	344	360	264
112	0	0	0	184	384	312	264	88	184	248	224	376	344	72	256	312	0	288
113	0	0	0	16	288	400	0	288	400	136	360	184	384	128	104	0	80	152
114	0	0	0	248	312	40	248	56	288	376	0	0	168	200	280	360	184	0
115	0	0	0	80	328	216	304	0	368	256	240	280	8	0	296	344	64	288
116	0	0	0	16	280	352	216	296	232	192	0	224	400	160	400	120	240	296
117	0	0	0	200	72	256	272	120	200	48	248	104	168	312	344	72	208	128
118	0	0	0	192	224	312	160	160	40	144	320	136	304	160	240	384	360	72
119	0	0	0	376	288	64	72	400	272	272	0	0	0	144	112	272	88	192
120	0	0	0	8	80	120	384	104	400	0	120	344	200	120	392	0	208	112
(1,20701)	(2,1166)	(3,0)	(4,125)	
(1,6733)	(2,303)	(3,0)	(4,34)	
(1,7301)	(2,245)	(3,0)	(4,44)	
(1,7044)	(2,228)	(3,0)	(4,32)	
(1,1)	(2,0)	(3,0)	(4,0)	
(1,1)	(2,0)	(3,0)	(4,0)	
(1,1)	(2,0)	(3,0)	(4,0)	
(1,1)	(2,0)	(3,0)	(4,0)	
(1,1)	(2,0)	(3,0)	(4,0)	
(1,1)	(2,0)	(3,0)	(4,0)	
(1,1)	(2,0)	(3,0)	(4,0)	
(1,1)	(2,0)	(3,0)	(4,0)	
(1,1)	(2,0)	(3,0)	(4,0)	
(1,1)	(2,0)	(3,0)	(4,0)	
(1,1)	(2,0)	(3,0)	(4,0)	
(1,1)	(2,0)	(3,0)	(4,0)	
(1,1)	(2,0)	(3,0)	(4,0)	
(1,1)	(2,0)	(3,0)	(4,0)	
(1,1)	(2,0)	(3,0)	(4,0)	
avg	0	0	0	181.6	212.133	186.267	187.2	162.133	204	214.933	186	201.067	187.2	171.6	217.2	179.733	180.667	191.467
delay	0.253165	0.367816	0.368421	4.96182	10.6719	12.7346	18.3091	6.80263	12.8085	13.0912	4.07599	20.0497	67.5064	2.5955	4.61878	4.98368	4.40148	5.86082
loss	0	0	0	0.0394922	0.0263158	0.0305132	0.0256766	0.0272	0.0267176	0.0450237	0.0148305	0.0345711	0.0222841	0.0473373	0.0210337	0.0253073	0.031451	0.0355705
Command ['/home/ubuntu/ns-3.30-obss/build/scratch/simple-ofdma-adhoc4', '--ofdmaEnabled=true', '--startTime=60', '--totalTime=120', '--dataMode=HeMcs5', '--datarate=4e5', '--ratio=0.375', '--RngRun=45', '--locationFile=my-simulations/8_ofdma7/txt/locationFile35.txt', '--routingFile=my-simulations/8_ofdma7/txt/routingFile35.txt'] terminated with signal SIGSEGV. Run it under a debugger to get more information (./waf --run <program> --command-template="gdb --args %s <args>").
