Waf: Entering directory `/home/ubuntu/ns-3.30-obss/build'
Waf: Leaving directory `/home/ubuntu/ns-3.30-obss/build'
Build commands will be stored in build/compile_commands.json
'build' finished successfully (0.741s)
--------------------------Rate[Kbps]--------------------------
Time[s]	cl-1	cl-2	cl-3	cl-4	cl-5	cl-6	cl-7	cl-8	cl-9	cl-10	cl-11	cl-12	cl-13	cl-14	cl-15	cl-16	cl-17	cl-18	cl-19	cl-20
60	14.4	15.6	13.2	13.6	13.2	15.6	14	14.8	15.8	16.4	12	16.8	12.8	19.6	11	16.4	13.2	14.2	16.6	15
61	0	0	0	0	0	0	80	376	328	184	40	376	384	80	0	0	224	0	440	0
62	0	0	0	0	0	40	376	208	480	256	528	32	104	176	168	80	184	216	120	264
63	0	0	0	0	0	0	224	184	56	184	128	368	0	304	328	296	176	368	320	344
64	0	0	0	0	0	64	360	464	184	464	472	64	248	232	48	360	0	176	232	152
65	0	0	0	0	0	56	352	296	88	96	384	112	336	240	272	216	168	216	264	32
66	0	0	0	0	0	328	296	232	112	376	408	264	280	296	224	200	424	40	120	152
67	0	0	0	0	0	440	168	344	96	520	272	240	96	0	584	40	72	240	256	192
68	0	0	0	0	0	224	160	216	24	432	296	80	304	80	72	488	32	168	192	144
69	0	0	0	0	0	0	136	408	392	424	184	96	336	336	256	288	0	328	136	56
70	0	0	0	0	0	240	104	0	296	208	184	368	216	392	312	288	256	232	272	160
71	0	0	0	0	0	464	160	168	288	48	296	216	216	168	272	72	32	152	232	456
72	0	0	0	0	0	232	184	160	168	144	456	200	336	152	80	296	224	288	224	208
73	0	0	0	0	0	72	0	384	432	384	400	160	32	184	240	8	344	448	240	104
74	0	0	0	0	0	136	128	56	256	0	272	352	176	264	296	144	208	224	416	368
75	8	0	0	0	0	336	264	432	520	176	168	16	280	0	376	80	0	56	72	328
76	0	0	0	0	0	288	440	104	56	248	0	256	448	56	184	336	168	224	224	56
77	0	0	0	0	0	8	312	312	80	128	368	144	104	0	264	256	472	448	584	152
78	0	0	0	0	0	168	400	0	48	392	528	448	296	232	0	224	0	432	48	160
79	0	0	0	0	0	128	184	80	368	272	96	512	208	64	352	264	424	152	344	168
80	0	0	0	0	0	40	312	216	232	64	24	424	48	264	0	408	280	568	280	224
81	0	0	0	0	0	248	336	128	104	232	392	352	64	272	224	168	336	192	192	88
82	0	8	8	0	0	320	584	176	240	296	248	144	16	208	104	304	56	80	464	112
83	0	0	0	0	0	448	376	456	8	232	200	240	192	136	104	312	144	40	0	440
84	0	0	0	0	0	448	0	312	392	64	408	216	0	0	472	456	72	152	0	296
85	0	0	0	0	0	216	216	408	192	112	288	104	240	264	72	112	328	216	192	248
86	0	0	0	0	0	232	576	136	224	216	0	248	448	392	112	0	192	192	0	432
87	0	0	0	0	0	240	336	240	296	8	56	136	288	8	0	360	312	248	312	408
88	0	0	0	0	0	152	400	16	408	456	64	168	72	0	224	328	336	24	432	56
89	0	0	0	0	0	176	104	40	152	248	560	288	320	88	96	264	176	376	144	128
90	0	0	0	0	0	456	208	32	240	488	176	0	56	0	216	280	568	536	96	168
91	0	0	0	0	0	64	0	464	48	112	328	184	496	408	248	424	0	312	48	240
92	0	0	0	0	0	184	192	464	296	24	440	288	176	296	152	224	280	176	32	192
93	0	0	0	0	0	240	344	368	208	432	296	0	416	320	104	0	40	176	296	0
94	0	0	0	0	0	304	416	0	400	384	376	184	88	192	312	176	120	0	160	0
95	0	0	0	0	0	376	336	40	40	64	216	256	104	408	344	200	344	472	80	216
96	0	8	0	8	0	168	0	120	320	32	664	40	312	96	344	344	304	48	456	176
97	0	0	0	0	0	256	112	432	376	88	168	40	264	112	112	0	272	416	448	200
98	0	0	0	0	0	0	0	200	416	496	48	136	72	408	16	256	264	88	472	552
99	0	0	0	0	0	224	344	152	304	144	424	80	312	248	456	360	280	16	40	360
100	0	0	0	0	0	56	144	16	280	336	272	200	48	168	568	56	224	472	248	456
101	0	0	0	0	0	144	0	280	512	432	104	224	312	88	0	272	272	256	288	192
102	0	0	0	0	0	312	368	64	216	184	464	40	176	208	440	96	0	280	280	208
103	0	0	0	0	0	152	120	424	280	0	72	376	232	376	216	424	112	248	32	216
104	0	0	0	0	0	0	176	344	456	216	176	0	272	160	312	136	248	296	128	176
105	0	0	0	0	0	456	208	0	120	120	8	504	384	96	456	184	128	320	424	8
106	0	0	0	0	0	64	104	216	200	64	160	168	296	104	184	336	336	384	288	296
107	0	0	0	0	0	208	0	392	496	504	368	0	456	416	336	208	32	240	0	24
108	0	0	0	0	0	120	344	552	280	0	120	208	392	280	408	272	256	48	216	200
109	0	0	0	0	0	152	488	496	0	336	0	64	200	0	120	136	504	144	176	528
110	0	0	0	0	0	88	208	400	288	8	272	416	248	216	248	152	0	320	16	184
111	0	0	0	0	0	184	224	320	200	288	400	216	104	32	280	72	208	432	312	120
112	0	0	0	0	0	48	56	312	232	256	384	136	64	152	96	360	0	264	504	496
113	0	0	0	0	0	208	112	384	0	0	200	368	24	208	312	216	320	176	272	328
114	0	8	0	0	0	512	256	224	152	0	168	352	80	504	464	344	104	112	0	64
115	0	0	0	0	0	104	440	192	520	160	176	552	512	224	24	304	0	0	288	120
116	0	0	0	0	0	64	168	240	176	376	88	32	184	256	152	144	272	176	392	496
117	0	0	0	0	0	416	224	296	0	296	32	544	0	0	536	64	104	488	160	72
118	0	0	8	0	0	256	0	352	360	440	0	128	256	136	0	72	344	320	200	256
119	0	0	0	0	0	296	240	0	312	400	104	0	24	328	496	0	40	416	232	536
120	0	0	0	0	0	536	192	336	456	104	272	376	232	216	40	280	0	136	192	208
(1,1528)	(2,92)	(3,0)	(4,10188)	
(1,2983)	(2,1610)	(3,0)	(4,156)	
(1,2969)	(2,2336)	(3,0)	(4,400)	
(1,2835)	(2,2137)	(3,0)	(4,344)	
(1,2865)	(2,2116)	(3,0)	(4,394)	
(1,1)	(2,0)	(3,0)	(4,0)	
(1,1)	(2,0)	(3,0)	(4,0)	
(1,1)	(2,0)	(3,0)	(4,0)	
(1,1)	(2,0)	(3,0)	(4,0)	
(1,1)	(2,0)	(3,0)	(4,0)	
(1,1)	(2,0)	(3,0)	(4,0)	
(1,1)	(2,0)	(3,0)	(4,0)	
(1,1)	(2,0)	(3,0)	(4,0)	
(1,1)	(2,0)	(3,0)	(4,0)	
(1,1)	(2,0)	(3,0)	(4,0)	
(1,1)	(2,0)	(3,0)	(4,0)	
(1,1)	(2,0)	(3,0)	(4,0)	
(1,1)	(2,0)	(3,0)	(4,0)	
(1,1)	(2,0)	(3,0)	(4,0)	
(1,1)	(2,0)	(3,0)	(4,0)	
(1,1)	(2,0)	(3,0)	(4,0)	
avg	0.133333	0.4	0.266667	0.133333	0	206.533	226.533	244.4	245.067	227.467	244.933	212.267	214.667	192.4	228.8	217.333	193.6	237.733	225.467	220.267
delay	430	433	500.5	476	0	468.059	453.716	447.986	449.356	441.254	458.403	467.851	456.855	473.03	464.864	458.042	469.352	470.648	455.781	461.313
loss	0.666667	0	0.333333	0.5	0	0.458783	0.439882	0.464473	0.457807	0.464868	0.433006	0.457211	0.469193	0.492642	0.453503	0.49473	0.49124	0.462628	0.44173	0.444706
Command ['/home/ubuntu/ns-3.30-obss/build/scratch/simple-ofdma-adhoc4', '--ofdmaEnabled=true', '--startTime=60', '--totalTime=120', '--dataMode=HeMcs1', '--datarate=9e5', '--clNum=20', '--ratio=0.375', '--RngRun=12'] terminated with signal SIGSEGV. Run it under a debugger to get more information (./waf --run <program> --command-template="gdb --args %s <args>").
