Waf: Entering directory `/home/ubuntu/ns-3.30-obss/build'
Waf: Leaving directory `/home/ubuntu/ns-3.30-obss/build'
Build commands will be stored in build/compile_commands.json
'build' finished successfully (0.637s)
--------------------------Rate[Kbps]--------------------------
Time[s]	cl-1	cl-2	cl-3	cl-4	cl-5	cl-6	cl-7	cl-8	cl-9	cl-10	cl-11	cl-12	cl-13	cl-14	cl-15	cl-16	cl-17	cl-18	cl-19	cl-20
60	15	13	15.8	14.6	11.2	16	16	19.2	20	16.8	15.4	16.6	16.2	15.8	15.4	16.4	14	14	14.6	16.6
61	320	192	280	136	16	0	56	160	208	128	40	0	320	104	256	152	192	0	224	336
62	216	56	112	384	32	64	352	48	120	272	264	0	312	288	248	152	296	88	368	208
63	168	280	0	152	192	64	280	64	32	184	344	264	152	192	88	104	40	136	272	72
64	168	120	128	296	72	192	24	136	328	16	328	144	88	320	240	352	248	312	240	200
65	56	48	80	0	0	0	32	168	32	304	312	176	0	248	0	280	160	48	0	0
66	40	360	280	56	144	8	40	176	104	280	248	72	288	0	192	88	176	40	80	528
67	352	48	328	104	16	168	336	80	344	120	104	304	256	40	32	16	0	128	0	176
68	312	192	88	0	248	264	0	200	40	96	304	32	24	72	48	8	192	240	152	0
69	144	40	312	208	104	88	88	80	136	0	80	72	80	8	168	312	72	16	312	304
70	0	80	352	232	176	24	272	232	504	176	264	248	152	272	88	248	96	8	216	192
71	368	368	240	0	88	312	80	128	96	216	240	336	344	88	56	192	40	96	0	0
72	288	0	152	208	48	88	72	248	56	296	128	72	264	152	312	216	128	48	136	128
73	400	64	152	336	24	168	120	0	8	160	88	160	224	48	384	48	152	64	0	176
74	184	0	384	376	184	48	128	192	256	120	120	0	264	96	312	168	264	128	144	344
75	8	328	320	56	216	200	32	160	64	0	336	128	240	104	48	176	0	272	144	192
76	8	296	112	216	320	64	80	96	32	184	184	104	32	232	224	192	184	168	296	152
77	56	240	80	192	0	96	0	200	208	272	0	32	296	216	48	96	272	72	224	240
78	136	8	248	8	88	96	64	104	120	80	160	312	144	72	216	288	120	360	304	32
79	0	0	240	160	192	0	320	184	0	104	0	80	56	104	352	120	320	152	312	104
80	352	272	64	128	104	272	0	232	80	336	112	152	192	0	168	336	288	48	72	48
81	240	352	0	336	304	192	176	264	0	224	352	0	240	128	72	200	128	0	232	8
82	0	344	176	288	240	152	280	160	328	64	120	288	128	216	0	304	168	248	368	0
83	48	208	192	80	88	128	168	128	264	336	176	336	200	296	136	144	112	200	64	144
84	296	352	392	0	208	280	112	144	240	24	208	0	32	256	200	208	0	232	344	88
85	392	0	128	56	120	216	136	264	0	144	320	8	0	144	176	192	176	0	160	184
86	208	88	136	72	32	0	80	72	24	384	136	248	8	320	16	72	168	200	248	352
87	232	312	88	360	312	152	176	16	320	128	224	240	80	112	224	224	272	232	216	120
88	0	264	40	200	256	232	312	0	48	56	200	248	56	200	0	264	40	0	360	136
89	248	112	144	232	352	88	120	104	240	264	280	0	240	280	144	160	416	152	208	216
90	160	120	128	264	248	320	64	176	136	0	168	120	96	160	272	8	216	0	88	96
91	72	176	64	272	216	136	264	0	368	304	104	384	0	0	0	336	272	248	0	8
92	144	192	296	248	320	0	0	240	248	168	96	248	312	336	184	56	120	208	0	320
93	0	144	0	216	336	176	272	96	48	120	0	224	80	272	0	176	296	64	192	0
94	248	344	160	32	96	128	72	184	160	80	40	128	168	40	96	376	16	184	248	8
95	144	312	88	336	0	0	0	256	312	256	0	248	248	264	0	312	56	192	120	192
96	224	216	0	232	176	264	56	176	0	200	184	344	8	256	120	256	288	272	48	120
97	336	328	168	168	216	8	112	200	344	224	0	336	24	248	72	80	0	328	80	104
98	120	112	376	280	0	64	216	176	120	288	176	0	248	288	48	376	296	72	264	184
99	224	312	144	352	344	288	232	240	312	344	120	176	264	256	0	120	88	160	0	0
100	256	264	112	272	208	24	232	120	288	48	32	144	40	224	0	112	0	320	200	120
101	272	328	272	72	200	64	96	0	200	208	248	192	0	128	472	256	80	304	288	0
102	0	264	56	80	288	80	312	96	184	344	88	112	240	56	224	328	248	0	0	184
103	176	352	16	200	0	0	0	288	352	0	208	32	40	392	264	256	168	208	40	264
104	128	192	0	232	56	72	120	248	360	40	160	0	104	152	224	96	368	384	160	88
105	264	0	376	120	328	336	328	184	0	112	168	144	232	280	128	168	8	136	152	336
106	80	304	96	296	216	96	112	120	104	168	16	336	0	280	240	216	216	320	352	64
107	288	160	136	360	0	96	360	200	72	224	80	48	336	240	256	16	136	40	272	88
108	296	360	232	0	136	0	144	136	336	80	0	200	304	344	336	288	0	344	80	80
109	248	88	40	8	312	136	0	96	296	112	576	144	232	232	88	304	280	304	48	200
110	88	288	256	32	16	144	192	136	0	336	264	264	72	368	328	184	120	16	168	208
111	160	256	384	360	152	248	96	0	72	88	304	0	136	0	16	336	232	368	160	184
112	192	248	288	80	264	32	208	240	264	64	0	184	296	104	408	176	344	248	312	304
113	208	272	72	80	0	208	0	56	104	184	256	264	200	152	24	248	192	328	168	136
114	240	0	96	184	224	72	0	40	8	0	216	192	376	376	216	360	232	64	24	72
115	400	224	32	208	128	168	280	216	288	8	240	0	120	48	312	200	104	0	264	24
116	72	208	368	384	272	40	144	120	120	232	128	40	240	8	240	328	288	88	144	264
117	288	32	400	136	0	216	344	56	96	0	272	0	96	384	0	24	336	56	112	160
118	192	200	288	48	272	224	184	264	232	264	296	248	168	176	24	152	264	128	144	104
119	136	392	80	0	56	184	352	0	304	168	0	24	64	88	72	88	240	456	320	168
120	312	160	312	288	64	24	288	8	56	168	160	160	64	312	264	184	280	216	208	336
avg	186.8	197.867	176.4	178.533	155.333	125.067	150.267	140.133	166.933	163.333	171.2	149.867	158.667	184.533	156.267	195.467	175.067	162.4	172.533	151.6
delay	8.68737	3.58086	3.29176	7.54966	9.51245	15.9872	11.5253	25.1665	33.1438	24.0637	109.643	8.39947	31.7588	30.1582	87.4778	8.22101	24.4684	22.7578	7.21638	30.9332
loss	0.04629	0.0649023	0.0509326	0.0422031	0.133829	0.227348	0.16642	0.278655	0.112057	0.128114	0.142857	0.123245	0.135802	0.136619	0.116805	0.109356	0.128733	0.13	0.107586	0.132723
Command ['/home/ubuntu/ns-3.30-obss/build/scratch/simple-ofdma-adhoc', '--ofdmaEnabled=true', '--startTime=60', '--totalTime=120', '--dataMode=HeMcs4', '--datarate=4e5', '--clNum=20', '--ratio=0.375', '--RngRun=57'] terminated with signal SIGSEGV. Run it under a debugger to get more information (./waf --run <program> --command-template="gdb --args %s <args>").
