Waf: Entering directory `/home/ubuntu/ns-3.30-obss/build'
Waf: Leaving directory `/home/ubuntu/ns-3.30-obss/build'
Build commands will be stored in build/compile_commands.json
'build' finished successfully (0.644s)
--------------------------Rate[Kbps]--------------------------
Time[s]	cl-1	cl-2	cl-3	cl-4	cl-5	cl-6	cl-7	cl-8	cl-9	cl-10	cl-11	cl-12	cl-13	cl-14	cl-15	cl-16	cl-17	cl-18	cl-19	cl-20
60	15	13	15.8	14.6	11.2	15.8	15.8	19.2	20	17	15.6	16.6	16	15.6	15.2	16.4	14.2	14.2	14.6	16.6
61	328	192	256	144	16	0	48	144	192	128	40	0	280	80	240	128	184	0	224	312
62	224	40	128	352	16	32	264	48	104	280	288	0	288	296	192	160	224	64	304	184
63	176	264	0	152	192	48	264	32	32	144	336	224	160	112	112	80	48	144	232	72
64	168	96	136	280	72	176	32	120	264	24	200	120	80	352	224	288	216	336	248	176
65	56	48	80	0	0	0	24	136	32	304	464	144	0	240	0	264	152	40	0	216
66	40	368	256	64	144	0	24	200	104	240	272	72	296	0	216	80	232	40	64	312
67	328	48	336	104	16	168	328	72	336	64	56	248	240	40	40	16	0	144	0	160
68	264	120	96	0	280	232	0	256	48	88	256	24	16	72	48	8	184	216	104	0
69	128	48	312	200	80	128	88	96	248	0	80	72	168	16	160	288	80	16	320	272
70	0	88	376	232	144	16	200	152	256	136	288	232	56	280	64	152	104	16	176	160
71	368	392	224	0	96	328	72	144	144	248	256	344	360	104	48	192	56	104	0	0
72	264	0	160	208	64	80	104	256	48	320	152	56	256	152	304	208	136	32	144	152
73	400	64	160	312	8	168	136	0	0	136	96	160	200	48	336	32	136	64	0	184
74	184	0	344	352	144	24	104	152	272	112	80	0	192	88	328	168	216	112	104	296
75	8	320	296	56	232	240	40	168	56	8	384	32	264	152	40	184	0	208	144	136
76	8	272	112	200	288	56	104	96	40	168	168	168	16	184	216	168	136	120	312	144
77	56	248	80	200	0	88	0	184	200	256	0	16	304	248	32	40	296	56	8	264
78	120	8	216	8	48	32	40	96	112	80	144	312	88	64	200	312	112	312	552	24
79	0	0	200	128	160	0	256	192	0	192	0	104	56	144	272	128	256	144	280	64
80	336	280	64	120	80	176	0	200	64	216	128	112	160	0	216	288	280	24	72	32
81	248	304	0	320	312	152	128	208	0	240	304	0	272	80	80	152	136	0	184	8
82	0	336	184	272	224	136	224	168	232	40	96	288	32	152	0	248	128	240	280	0
83	40	216	192	72	104	112	96	80	240	320	152	304	216	224	168	152	104	208	88	120
84	280	328	376	0	176	176	88	112	216	32	200	0	32	200	184	192	0	184	304	80
85	376	0	128	56	128	200	112	216	0	144	304	8	0	128	168	176	176	0	120	152
86	168	80	128	64	40	0	56	64	32	360	144	176	8	256	8	56	152	184	216	304
87	232	336	112	328	320	120	144	16	312	136	240	216	104	112	192	312	248	240	216	96
88	0	272	40	208	232	160	272	0	56	56	216	280	56	208	0	216	192	0	344	160
89	264	104	144	256	320	80	64	128	296	272	224	0	232	248	104	184	256	136	216	200
90	152	120	120	256	272	248	72	128	120	0	192	96	120	144	280	8	200	0	104	72
91	80	184	72	272	200	96	216	0	320	280	184	336	0	0	0	320	264	232	0	16
92	144	168	264	240	304	0	0	184	208	152	16	232	280	216	136	40	104	216	0	272
93	0	128	0	240	344	184	288	136	32	160	0	224	80	352	0	160	248	64	168	0
94	248	344	168	40	88	96	96	96	144	56	16	104	128	56	88	320	0	168	256	8
95	152	336	96	336	0	8	0	264	304	256	0	272	280	248	0	360	128	224	112	208
96	208	224	0	224	176	232	56	192	0	120	240	288	8	232	80	208	288	288	40	72
97	384	304	192	160	232	24	144	232	344	304	56	336	32	248	88	88	0	344	24	192
98	112	112	392	272	0	56	176	160	72	296	104	0	192	264	112	336	280	160	296	192
99	224	304	128	328	296	208	192	136	272	336	112	128	232	264	32	80	64	72	0	0
100	240	240	112	256	192	24	168	96	264	48	88	128	24	184	0	104	0	296	200	96
101	272	328	280	64	184	80	88	0	136	192	160	160	0	120	280	192	64	272	264	0
102	0	264	64	56	232	56	248	104	168	304	64	64	200	48	248	280	200	0	0	152
103	184	368	16	192	0	0	0	208	328	8	208	0	48	360	256	240	144	200	56	96
104	128	192	8	224	48	56	128	264	352	40	176	0	72	184	240	80	344	336	152	256
105	272	0	352	72	264	208	184	168	0	128	152	144	232	216	144	144	8	104	160	296
106	88	296	112	304	200	112	88	120	112	176	48	312	0	288	184	208	192	320	304	64
107	288	192	128	328	0	56	304	144	168	240	112	56	312	208	280	8	152	16	264	88
108	264	384	208	0	120	0	96	80	240	72	272	200	288	360	312	280	0	304	80	72
109	264	88	40	8	320	144	0	80	304	80	184	120	248	216	64	304	304	304	40	200
110	96	312	272	32	16	80	152	192	0	352	272	248	80	296	320	192	80	0	184	184
111	200	232	368	360	144	208	128	0	80	32	240	0	128	0	216	328	200	312	216	184
112	152	256	240	88	232	8	208	160	272	0	0	176	272	88	200	120	312	184	256	312
113	208	272	72	88	0	208	8	80	88	248	96	248	208	152	24	216	200	280	160	152
114	256	0	96	176	200	40	0	40	8	0	320	168	352	296	200	320	232	64	24	72
115	376	192	24	200	144	168	240	216	248	8	240	0	112	56	296	176	96	0	232	40
116	64	192	376	344	256	48	144	136	80	176	104	32	208	8	208	320	280	72	128	216
117	288	32	392	128	0	200	328	40	96	0	248	0	56	360	0	24	352	48	128	160
118	160	184	272	40	264	240	104	296	200	192	264	192	168	160	16	112	160	272	144	80
119	144	368	80	0	40	136	264	0	304	160	0	32	48	80	0	96	224	296	272	160
120	264	160	312	256	80	40	264	24	40	144	136	176	48	280	320	176	256	184	184	328
avg	182.933	194.133	173.2	171.2	146.4	106.533	128.267	128.533	154	155.067	164.533	136.4	148.133	171.067	146.933	178.533	163.6	150.267	161.733	142
delay	8.0758	7.0831	6.91609	6.91511	14.6913	21.4531	16.8669	28.9928	19.9766	18.0782	33.107	52.5728	22.9208	21.5643	22.8294	19.286	37.0155	20.4676	43.5309	43.7887
loss	0.0589849	0.0755556	0.0600579	0.074928	0.178144	0.333611	0.275057	0.337449	0.171326	0.157742	0.162254	0.195122	0.181282	0.189001	0.161339	0.173457	0.171506	0.178571	0.155292	0.184533
Command ['/home/ubuntu/ns-3.30-obss/build/scratch/simple-ofdma-adhoc', '--ofdmaEnabled=true', '--startTime=60', '--totalTime=120', '--dataMode=HeMcs3', '--datarate=4e5', '--clNum=20', '--ratio=0.375', '--RngRun=57'] terminated with signal SIGSEGV. Run it under a debugger to get more information (./waf --run <program> --command-template="gdb --args %s <args>").
