Waf: Entering directory `/home/synrg/Documents/Jiaming/ns-3.30-obss/build'
Waf: Leaving directory `/home/synrg/Documents/Jiaming/ns-3.30-obss/build'
Build commands will be stored in build/compile_commands.json
'build' finished successfully (0.655s)
--------------------------Rate[Kbps]--------------------------
Time[s]	cl-1	cl-2	cl-3	cl-4	cl-5	cl-6	cl-7	cl-8	cl-9	cl-10	cl-11	cl-12	cl-13	cl-14	cl-15	cl-16	cl-17	cl-18	cl-19	cl-20
60	13.6	14.2	16.4	15.2	13.6	16.6	11.2	18	16.4	12.8	14.8	13.2	15	19.2	15	16.6	13.4	13.4	10	12.8
61	296	296	296	296	272	184	200	224	264	256	224	224	216	232	232	240	192	216	184	200
62	296	296	296	296	272	240	216	208	256	240	248	256	208	232	216	224	256	256	232	248
63	304	304	304	304	304	216	184	208	272	248	200	232	312	224	200	232	240	256	184	216
64	296	296	296	296	272	160	152	152	248	232	176	184	224	216	152	160	232	216	160	184
65	304	304	304	304	288	192	200	224	272	232	208	232	192	232	216	240	240	232	192	208
66	296	296	296	296	272	224	168	176	240	184	176	184	336	192	176	200	208	272	192	192
67	304	304	304	304	280	192	192	184	256	208	184	184	280	232	176	176	248	216	160	192
68	296	296	296	296	280	184	216	208	248	232	248	256	248	232	192	208	224	264	216	232
69	304	304	304	304	280	192	184	192	232	240	208	200	248	232	168	192	256	208	144	160
70	296	296	296	296	264	240	160	168	272	216	184	216	264	240	200	216	224	232	184	216
71	304	304	304	304	280	232	184	216	264	224	200	208	232	248	216	248	264	256	208	216
72	296	296	296	296	288	192	152	144	256	200	176	192	312	192	200	200	232	216	136	168
73	304	304	304	304	296	192	208	208	248	224	192	200	232	256	184	232	272	240	176	184
74	296	296	296	296	280	232	200	208	264	232	216	240	232	224	184	208	56	208	192	224
75	304	304	304	304	296	176	216	200	272	224	224	240	296	240	224	248	424	184	152	184
76	296	296	296	296	280	264	192	184	264	224	168	192	256	240	176	200	240	192	128	152
77	304	304	296	304	280	216	192	200	256	232	232	224	272	216	192	216	208	232	176	184
78	296	296	296	296	272	160	208	224	256	248	240	256	256	240	208	216	208	248	208	208
79	304	304	304	304	296	240	152	168	272	216	200	224	256	160	120	160	288	200	152	200
80	296	296	296	296	272	216	200	184	264	224	200	208	248	280	232	240	240	248	184	216
81	304	304	296	304	288	216	216	216	272	248	232	256	96	280	232	248	272	256	216	216
82	296	296	288	296	288	176	168	160	240	232	168	176	464	248	168	176	272	192	152	184
83	304	304	296	304	288	200	192	184	232	232	208	240	280	216	176	192	240	216	160	160
84	296	296	288	296	288	168	152	144	288	192	192	224	248	176	104	144	216	232	136	136
85	304	304	296	304	280	216	208	200	88	240	208	232	216	264	232	248	272	232	216	224
86	296	296	296	296	296	176	152	184	464	200	200	232	304	224	160	176	248	216	152	200
87	304	304	304	304	264	192	184	192	280	216	192	216	240	248	216	224	136	208	168	200
88	296	296	288	296	264	168	160	160	280	208	176	216	248	248	176	192	336	256	192	216
89	304	304	296	304	288	232	208	208	248	240	184	192	288	264	200	200	224	240	192	208
90	296	296	280	296	272	240	216	208	224	224	216	224	240	216	184	200	264	232	184	200
91	304	304	304	304	288	216	160	168	168	224	200	208	120	208	176	208	232	232	184	216
92	296	296	296	296	288	232	208	208	344	240	232	248	384	216	216	216	96	304	272	272
93	304	304	304	304	288	160	144	144	240	192	160	192	232	192	120	128	312	168	128	176
94	296	296	296	296	264	168	184	160	256	216	208	232	248	224	184	216	320	216	160	176
95	304	304	304	304	272	216	176	184	152	256	248	264	272	240	176	176	248	248	184	216
96	296	296	288	296	272	200	192	184	368	208	176	208	256	216	176	224	216	208	136	144
97	304	304	304	304	288	240	208	208	264	216	224	232	240	232	232	248	240	256	224	240
98	296	296	296	296	288	256	200	208	264	216	216	240	264	192	168	184	240	240	192	208
99	304	304	304	304	288	208	152	192	264	216	200	216	264	208	176	216	192	192	144	192
100	296	296	288	296	288	208	216	216	224	240	208	216	264	232	200	208	280	248	216	232
101	304	304	304	304	280	224	208	200	232	224	184	184	288	248	224	248	232	248	216	232
102	296	296	296	296	280	200	176	176	272	232	200	216	272	224	184	184	224	264	192	200
103	304	304	296	304	272	200	184	200	280	264	224	232	264	232	184	192	200	256	216	224
104	296	296	296	296	272	184	192	200	232	224	200	208	256	216	176	192	304	248	160	160
105	304	304	304	304	296	240	216	216	296	240	232	248	248	240	192	200	256	272	208	208
106	296	296	288	296	248	208	200	192	232	208	200	216	256	224	192	208	256	248	200	216
107	304	304	304	304	280	232	200	208	248	216	240	232	256	248	232	240	248	256	200	200
108	296	296	296	296	256	192	200	184	256	248	216	240	256	256	216	224	248	256	216	224
109	304	304	296	304	264	216	184	184	272	224	208	224	264	240	208	224	240	208	168	184
110	296	296	296	296	280	184	192	176	240	232	208	224	264	224	200	208	240	264	216	224
111	304	304	304	304	288	208	144	144	224	200	192	232	120	232	184	216	248	192	120	152
112	296	296	288	296	272	200	192	200	272	232	216	216	416	264	216	224	280	248	216	232
113	304	304	304	304	296	200	208	200	256	192	184	208	176	264	224	240	256	208	160	192
114	296	296	296	296	280	200	184	168	200	216	176	192	368	232	176	200	248	232	168	184
115	304	304	296	304	280	176	176	176	272	216	184	200	256	232	184	232	264	208	136	168
116	296	296	296	296	264	200	176	176	272	224	192	216	144	216	192	224	256	240	152	160
117	304	304	296	304	296	256	208	200	280	248	176	208	352	248	208	240	248	200	160	200
118	296	296	296	296	296	200	200	192	248	168	104	128	184	224	184	208	240	232	152	208
119	304	304	296	304	304	240	168	216	216	240	168	208	328	168	144	168	192	184	112	168
120	296	296	296	296	264	192	192	192	296	192	192	232	232	216	168	192	144	216	152	184
avg	299.867	299.867	297.333	299.867	280.533	206.4	187.867	190.133	257.2	223.867	200.8	218	258.133	229.2	190.4	209.067	240.533	231.067	178.133	198.667
delay	1.028	2.34267	2.34245	2.34267	4.19724	59.0775	9.30447	9.43128	42.4824	12.156	10.2357	10.1352	83.5953	14.9122	13.6998	13.5383	49.2325	16.1841	16.3451	16.1497
loss	0	0	0.00667854	0	0.056079	0.274262	0.331277	0.32385	0.119927	0.215686	0.282515	0.232755	0.118343	0.204808	0.32339	0.268657	0.168885	0.191698	0.35334	0.292498
Command ['/home/synrg/Documents/Jiaming/ns-3.30-obss/build/scratch/simple-ofdma-adhoc', '--ofdmaEnabled=true', '--startTime=60', '--totalTime=120', '--dataMode=HeMcs6', '--datarate=3e5', '--clNum=20', '--ratio=0.375', '--RngRun=68'] terminated with signal SIGSEGV. Run it under a debugger to get more information (./waf --run <program> --command-template="gdb --args %s <args>").
