Waf: Entering directory `/home/ubuntu/ns-3.30-obss/build'
Waf: Leaving directory `/home/ubuntu/ns-3.30-obss/build'
Build commands will be stored in build/compile_commands.json
'build' finished successfully (0.714s)
--------------------------Rate[Kbps]--------------------------
Time[s]	cl-1	cl-2	cl-3	cl-4	cl-5	cl-6	cl-7	cl-8	cl-9	cl-10	cl-11	cl-12	cl-13	cl-14
60	13.6	14.6	14.2	15.8	14.6	16.6	15.2	13.8	14.4	14.8	17.6	15	11.8	14.2
61	0	0	0	0	0	0	176	512	24	0	48	240	0	352
62	0	0	0	0	0	0	312	472	744	208	280	0	120	608
63	0	0	0	0	0	0	352	0	224	600	664	560	504	0
64	0	0	0	0	0	0	752	232	48	16	608	200	704	440
65	0	0	0	0	0	0	336	680	496	0	376	752	0	32
66	0	0	0	0	0	0	376	88	336	544	784	64	208	600
67	0	0	0	0	0	0	592	88	112	352	592	72	0	112
68	0	0	0	0	0	0	200	648	464	0	688	768	40	264
69	0	0	0	0	0	0	416	624	64	632	280	504	376	8
70	0	0	0	0	0	0	456	360	0	360	528	328	600	0
71	0	0	0	0	0	0	200	256	352	80	688	72	760	208
72	0	0	0	0	0	0	552	416	176	536	640	456	280	208
73	0	0	0	0	0	0	160	624	256	216	424	728	264	464
74	0	0	0	0	0	0	224	344	248	560	528	584	296	368
75	0	0	0	0	0	0	256	264	0	544	0	192	120	560
76	0	0	0	0	0	0	176	488	160	680	256	608	304	576
77	0	0	0	0	0	0	0	0	208	184	120	88	80	96
78	0	0	0	0	0	0	368	496	64	256	600	360	592	312
79	0	0	0	0	0	0	784	192	760	544	648	408	88	24
80	0	0	0	0	0	0	272	480	304	416	632	248	184	584
81	0	0	0	0	0	0	456	272	544	368	376	184	600	424
82	0	0	0	0	0	0	688	0	24	488	304	744	688	624
83	0	0	0	0	0	0	496	296	432	704	448	56	392	320
84	0	0	0	0	0	0	112	0	56	240	712	392	392	688
85	0	0	0	0	0	0	56	304	576	336	256	672	360	472
86	0	0	0	0	0	0	792	0	360	136	0	200	160	272
87	0	0	0	0	0	0	432	88	448	16	216	240	672	360
88	0	0	0	0	0	0	664	0	216	800	496	0	672	760
89	0	0	0	0	0	0	88	480	136	96	144	672	624	472
90	0	0	0	0	0	0	0	48	584	208	312	624	536	648
91	0	0	0	0	0	0	224	208	112	608	456	440	32	0
92	0	0	0	0	0	0	72	296	312	40	272	672	648	328
93	0	0	0	0	0	0	232	80	264	0	72	352	768	320
94	0	0	0	0	0	0	736	648	384	312	104	0	248	304
95	0	0	0	0	0	0	280	344	312	248	392	504	432	0
96	0	0	0	0	0	0	496	712	128	688	408	248	96	232
97	0	0	0	0	0	0	584	56	696	552	0	328	0	352
98	0	0	0	0	0	0	480	600	392	328	104	408	72	0
99	0	0	0	0	0	0	560	192	672	176	16	704	368	240
100	0	0	0	0	0	0	128	0	568	376	328	96	0	632
101	0	0	0	0	0	0	32	400	792	688	104	576	488	0
102	0	0	0	0	0	0	256	760	280	72	0	480	784	352
103	0	0	0	0	0	0	624	88	480	504	496	320	280	112
104	0	0	0	0	0	0	624	0	152	240	208	88	448	0
105	0	0	0	0	0	0	296	0	192	264	480	8	776	248
106	0	0	0	0	0	0	32	656	376	280	352	232	328	504
107	0	0	0	0	0	0	440	528	368	264	72	728	56	576
108	0	0	0	0	0	0	768	152	56	744	672	0	72	360
109	0	0	0	0	0	0	160	200	432	368	112	200	592	576
110	0	0	0	0	0	0	352	680	152	624	504	544	296	144
111	0	0	0	0	0	0	312	352	520	400	136	552	32	416
112	0	0	0	0	0	0	176	0	312	792	576	432	352	448
113	0	0	0	0	0	0	160	440	456	96	208	0	376	632
114	0	0	0	0	0	0	504	504	8	760	584	416	304	16
115	0	0	0	0	0	0	128	152	568	528	520	544	48	104
116	0	0	0	0	0	0	192	696	528	224	144	104	752	624
117	0	0	0	0	0	0	560	632	320	264	80	64	336	592
118	0	0	0	0	0	0	544	0	0	288	200	176	184	504
119	0	0	0	0	0	0	144	0	0	0	24	40	0	24
120	0	0	0	0	0	0	104	72	688	152	640	336	80	32
(1,19917)	(2,1701)	(3,0)	(4,164)	
(1,9422)	(2,798)	(3,0)	(4,77)	
(1,10108)	(2,578)	(3,0)	(4,61)	
(1,4803)	(2,188)	(3,0)	(4,26)	
(1,4935)	(2,213)	(3,0)	(4,11)	
(1,5116)	(2,206)	(3,0)	(4,14)	
(1,4924)	(2,185)	(3,0)	(4,2)	
(1,1)	(2,0)	(3,0)	(4,0)	
(1,1)	(2,0)	(3,0)	(4,0)	
(1,1)	(2,0)	(3,0)	(4,0)	
(1,1)	(2,0)	(3,0)	(4,0)	
(1,1)	(2,0)	(3,0)	(4,0)	
(1,1)	(2,0)	(3,0)	(4,0)	
(1,1)	(2,0)	(3,0)	(4,0)	
(1,1)	(2,0)	(3,0)	(4,0)	
avg	0	0	0	0	0	0	349.067	303.333	315.6	350	348.533	343.467	331.067	325.467
delay	0.235294	0.260274	0.802817	0.683544	0.671233	0.73494	12.9312	25.6295	8.1466	9.99657	13.08	11.2356	7.41845	10.2614
loss	0	0	0	0	0	0	0.104345	0.125	0.0979421	0.127037	0.120458	0.116598	0.106835	0.097597
Command ['/home/ubuntu/ns-3.30-obss/build/scratch/simple-ofdma-adhoc4', '--ofdmaEnabled=true', '--startTime=60', '--totalTime=120', '--dataMode=HeMcs5', '--datarate=8e5', '--ratio=0.375', '--RngRun=39', '--locationFile=my-simulations/8_ofdma7/txt/locationFile222.txt', '--routingFile=my-simulations/8_ofdma7/txt/routingFile222.txt'] terminated with signal SIGSEGV. Run it under a debugger to get more information (./waf --run <program> --command-template="gdb --args %s <args>").
