Waf: Entering directory `/home/ubuntu/ns-3.30-obss/build'
Waf: Leaving directory `/home/ubuntu/ns-3.30-obss/build'
Build commands will be stored in build/compile_commands.json
'build' finished successfully (0.724s)
--------------------------Rate[Kbps]--------------------------
Time[s]	cl-1	cl-2	cl-3	cl-4	cl-5	cl-6	cl-7	cl-8	cl-9	cl-10	cl-11	cl-12
60	17	12.2	14	12.6	16	13.6	15.6	13.8	13.6	17	18.6	15.6
61	0	0	0	0	496	0	440	488	424	280	512	0
62	0	0	0	0	448	112	504	600	520	152	432	504
63	0	0	0	0	560	600	0	440	96	200	200	280
64	0	0	0	0	272	248	120	368	296	600	456	0
65	0	0	0	0	464	0	360	576	0	448	112	224
66	0	0	0	0	480	304	440	416	280	496	200	392
67	0	0	0	0	48	592	592	240	480	304	336	0
68	0	0	0	0	576	240	312	168	440	184	0	440
69	0	0	0	0	480	512	360	168	0	536	264	184
70	0	0	0	0	304	440	360	232	504	112	584	144
71	0	0	0	0	0	216	160	464	440	592	184	448
72	0	0	0	0	368	416	0	440	528	72	168	216
73	0	0	0	0	528	600	120	144	456	400	504	96
74	0	0	0	0	72	528	384	480	600	520	320	0
75	0	0	0	0	168	600	288	288	56	568	248	568
76	0	0	0	0	368	136	168	112	120	456	584	576
77	0	0	0	0	240	152	272	168	24	520	408	312
78	0	0	0	0	64	248	600	88	296	352	376	24
79	0	0	0	0	152	104	256	432	0	560	560	248
80	0	0	0	0	344	288	0	560	176	456	448	256
81	0	0	0	0	360	0	328	80	208	312	0	376
82	0	0	0	0	520	136	352	144	392	128	232	424
83	0	0	0	0	232	128	552	456	336	568	600	488
84	0	0	0	0	208	440	600	0	224	488	256	528
85	0	0	0	0	104	240	32	568	0	256	608	480
86	0	0	0	0	552	0	0	376	512	328	384	136
87	0	0	0	0	16	472	552	464	304	296	432	240
88	0	0	0	0	192	304	424	368	80	192	280	600
89	0	0	0	0	72	336	160	488	256	0	272	16
90	0	0	0	0	56	208	336	440	232	416	40	488
91	0	0	0	0	600	112	280	112	480	448	416	168
92	0	0	0	0	88	552	424	392	48	64	528	600
93	0	0	0	0	56	312	296	584	128	280	440	504
94	0	0	0	0	248	424	184	224	152	536	368	464
95	0	0	0	0	416	0	40	464	600	64	88	16
96	0	0	0	0	600	176	32	528	312	208	304	528
97	0	0	0	0	584	424	168	64	376	448	552	136
98	0	0	0	0	240	112	448	296	528	296	0	160
99	0	0	0	0	152	248	496	424	600	440	552	72
100	0	0	0	0	448	280	104	264	592	80	152	48
101	0	0	0	0	512	248	584	336	0	216	544	56
102	0	0	0	0	440	416	80	512	200	520	104	600
103	0	0	0	0	64	144	384	344	592	224	400	408
104	0	0	0	0	408	496	40	224	472	288	408	504
105	0	0	0	0	56	328	0	0	112	0	536	216
106	0	0	0	0	128	96	64	64	0	64	208	160
107	0	0	0	0	728	288	480	808	80	216	0	416
108	0	0	0	0	144	232	224	448	320	456	576	8
109	0	0	0	0	320	144	456	0	488	600	56	120
110	0	0	0	0	16	96	144	304	0	64	48	600
111	0	0	0	0	296	0	48	296	200	208	456	320
112	0	0	0	0	304	184	424	312	392	128	0	0
113	0	0	0	0	600	528	104	600	584	352	368	112
114	0	0	0	0	592	600	272	440	592	368	456	120
115	0	0	0	0	400	248	208	560	440	160	192	416
116	0	0	0	0	0	568	0	0	440	488	0	472
117	0	0	0	0	312	240	432	96	448	0	464	296
118	0	0	0	0	456	328	112	48	464	480	336	88
119	0	0	0	0	456	104	256	400	272	272	0	0
120	0	0	0	0	96	112	320	600	32	520	288	336
(1,18285)	(2,467)	(3,0)	(4,46)	
(1,4551)	(2,33)	(3,0)	(4,1)	
(1,4577)	(2,64)	(3,0)	(4,18)	
(1,4796)	(2,70)	(3,0)	(4,2)	
(1,4525)	(2,75)	(3,0)	(4,0)	
(1,1)	(2,0)	(3,0)	(4,0)	
(1,1)	(2,0)	(3,0)	(4,0)	
(1,1)	(2,0)	(3,0)	(4,0)	
(1,1)	(2,0)	(3,0)	(4,0)	
(1,1)	(2,0)	(3,0)	(4,0)	
(1,1)	(2,0)	(3,0)	(4,0)	
(1,1)	(2,0)	(3,0)	(4,0)	
(1,1)	(2,0)	(3,0)	(4,0)	
avg	0	0	0	0	308.4	277.333	269.6	333.333	303.733	321.333	314	277.2
delay	0.247059	0.409836	0.242857	0.253968	4.03414	1.13462	27.0717	16.6332	2.76427	3.71328	1.23822	4.83213
loss	0	0	0	0	0.0223912	0.0165485	0.0320728	0.0215264	0.0214777	0.0286175	0.0167015	0.019802
Command ['/home/ubuntu/ns-3.30-obss/build/scratch/simple-ofdma-adhoc4', '--ofdmaEnabled=true', '--startTime=60', '--totalTime=120', '--dataMode=HeMcs5', '--datarate=6e5', '--ratio=0.375', '--RngRun=39', '--locationFile=my-simulations/8_ofdma7/txt/locationFile42.txt', '--routingFile=my-simulations/8_ofdma7/txt/routingFile42.txt'] terminated with signal SIGSEGV. Run it under a debugger to get more information (./waf --run <program> --command-template="gdb --args %s <args>").
