Waf: Entering directory `/home/ubuntu/ns-3.30-obss/build'
Waf: Leaving directory `/home/ubuntu/ns-3.30-obss/build'
Build commands will be stored in build/compile_commands.json
'build' finished successfully (0.721s)
--------------------------Rate[Kbps]--------------------------
Time[s]	cl-1	cl-2	cl-3	cl-4	cl-5	cl-6	cl-7	cl-8	cl-9	cl-10
60	17.6	11.4	15.8	11.4	13.8	14.2	13.4	16.4	15.2	12.6
61	0	0	312	0	616	232	40	0	152	136
62	0	0	0	0	0	472	248	672	736	288
63	0	0	352	408	560	248	624	8	216	80
64	0	0	392	432	224	728	224	112	472	744
65	0	0	152	696	0	0	384	800	528	368
66	0	0	8	616	480	128	104	608	328	520
67	0	0	648	376	248	408	432	352	352	0
68	0	0	0	328	608	0	216	184	120	0
69	0	0	432	752	216	328	592	736	496	448
70	0	0	760	632	288	232	264	624	24	248
71	0	0	552	768	752	712	512	528	240	376
72	0	0	592	592	424	0	384	800	456	144
73	0	0	232	312	480	120	768	256	784	736
74	0	0	712	736	784	368	328	136	272	712
75	0	0	232	752	616	432	0	336	40	624
76	0	0	800	776	88	784	152	304	576	776
77	0	0	504	0	504	208	224	304	520	448
78	0	0	776	384	224	696	776	464	280	128
79	0	0	472	768	792	352	528	520	0	480
80	0	0	352	424	696	424	192	784	472	584
81	0	0	0	552	32	304	408	480	720	672
82	0	0	528	144	160	440	624	768	720	104
83	0	0	152	496	336	0	0	640	440	296
84	0	0	384	792	0	232	288	216	448	72
85	0	0	312	408	376	352	0	536	216	256
86	0	0	0	16	800	576	512	120	0	664
87	0	0	232	264	368	408	8	640	384	160
88	0	0	80	560	48	408	64	192	88	248
89	0	0	280	320	120	504	688	400	328	272
90	0	0	728	272	560	368	632	552	248	184
91	0	0	40	704	616	792	672	512	200	64
92	0	0	720	744	472	152	0	376	152	280
93	0	0	552	112	368	208	520	56	384	616
94	0	0	616	136	688	784	784	232	0	184
95	0	0	192	656	344	152	152	448	496	192
96	0	0	120	328	400	336	360	384	784	8
97	0	0	504	760	784	0	144	544	128	544
98	0	0	136	760	112	736	416	40	648	216
99	0	0	352	704	520	264	528	16	408	696
100	0	0	504	576	0	80	80	360	232	608
101	0	0	440	88	560	400	592	0	744	248
102	0	0	160	672	696	744	40	216	568	0
103	0	0	248	296	656	264	856	536	736	368
104	0	0	616	144	256	0	504	208	24	464
105	0	0	296	24	720	632	400	264	304	408
106	0	0	248	24	256	488	808	840	480	0
107	0	0	120	224	80	0	344	736	664	360
108	0	0	712	632	240	768	88	0	264	496
109	0	0	368	56	656	616	744	680	120	368
110	0	0	224	296	776	760	248	648	304	464
111	0	0	128	336	128	48	0	432	536	600
112	0	0	440	368	464	224	544	592	664	800
113	0	0	128	680	792	112	616	464	664	152
114	0	0	16	176	472	984	504	792	272	528
115	0	0	280	0	184	104	472	504	784	456
116	0	0	736	280	360	544	552	0	288	200
117	0	0	720	400	800	280	120	392	0	368
118	0	0	320	784	408	680	64	0	312	120
119	0	0	320	480	480	8	272	584	264	472
120	0	0	768	0	392	752	0	416	64	256
(1,19454)	(2,2106)	(3,0)	(4,301)	
(1,9534)	(2,1162)	(3,0)	(4,143)	
(1,9837)	(2,874)	(3,0)	(4,46)	
(1,1)	(2,0)	(3,0)	(4,0)	
(1,1)	(2,0)	(3,0)	(4,0)	
(1,1)	(2,0)	(3,0)	(4,0)	
(1,1)	(2,0)	(3,0)	(4,0)	
(1,1)	(2,0)	(3,0)	(4,0)	
(1,1)	(2,0)	(3,0)	(4,0)	
(1,1)	(2,0)	(3,0)	(4,0)	
(1,1)	(2,0)	(3,0)	(4,0)	
avg	0	0	366.667	416.933	418	372.933	360.667	405.733	369.067	355.067
delay	0.25	0.245614	22.252	18.9811	28.9856	53.7833	28.6773	5.74762	11.4902	14.9414
loss	0	0	0.0556319	0.0339821	0.0347906	0.0479918	0.0555168	0.0274848	0.0301331	0.0455197
Command ['/home/ubuntu/ns-3.30-obss/build/scratch/simple-ofdma-adhoc4', '--ofdmaEnabled=true', '--startTime=60', '--totalTime=120', '--dataMode=HeMcs3', '--datarate=8e5', '--ratio=0.375', '--RngRun=6', '--locationFile=my-simulations/8_ofdma7/txt/locationFile24.txt', '--routingFile=my-simulations/8_ofdma7/txt/routingFile24.txt'] terminated with signal SIGSEGV. Run it under a debugger to get more information (./waf --run <program> --command-template="gdb --args %s <args>").
