Waf: Entering directory `/home/ubuntu/ns-3.30-obss/build'
Waf: Leaving directory `/home/ubuntu/ns-3.30-obss/build'
Build commands will be stored in build/compile_commands.json
'build' finished successfully (0.795s)
--------------------------Rate[Kbps]--------------------------
Time[s]	cl-1	cl-2	cl-3	cl-4	cl-5	cl-6	cl-7	cl-8	cl-9	cl-10
60	17.6	11.4	15.6	11.4	13.8	14	13.4	16.4	15.2	12.6
61	0	0	72	0	152	56	8	0	32	32
62	0	0	32	72	24	136	64	168	192	72
63	0	0	88	72	160	56	200	0	64	24
64	0	0	96	104	56	184	56	32	128	192
65	0	0	40	184	0	0	88	200	120	88
66	0	0	48	200	168	80	40	152	88	144
67	0	0	176	64	40	112	128	88	96	0
68	0	0	0	80	152	0	64	48	24	40
69	0	0	120	200	64	88	168	200	136	80
70	0	0	192	152	72	56	64	160	0	64
71	0	0	136	192	200	184	144	104	64	96
72	0	0	160	152	104	0	96	200	112	32
73	0	0	64	72	120	32	200	64	200	192
74	0	0	200	184	200	104	88	40	72	184
75	0	0	64	200	160	120	0	80	8	160
76	0	0	200	192	16	200	32	72	144	192
77	0	0	128	0	136	56	64	80	136	112
78	0	0	200	104	56	160	200	128	72	40
79	0	0	128	200	200	96	120	136	0	120
80	0	0	96	112	176	112	48	200	112	152
81	0	0	0	152	8	72	104	128	192	192
82	0	0	128	40	40	112	160	200	184	24
83	0	0	40	120	88	0	0	168	112	88
84	0	0	96	200	0	56	72	64	120	16
85	0	0	80	104	88	88	0	136	56	72
86	0	0	0	8	200	144	128	32	0	160
87	0	0	64	64	96	104	8	160	96	40
88	0	0	16	144	16	104	16	48	24	64
89	0	0	72	80	24	136	200	112	88	72
90	0	0	184	72	136	88	160	144	72	48
91	0	0	16	176	160	200	168	120	40	16
92	0	0	184	200	128	40	0	88	40	72
93	0	0	136	32	88	56	128	16	96	152
94	0	0	160	32	168	192	192	64	0	48
95	0	0	48	160	88	40	40	112	120	48
96	0	0	32	88	96	88	88	96	200	0
97	0	0	128	200	200	0	40	136	32	152
98	0	0	32	184	32	184	80	16	168	32
99	0	0	96	176	120	64	136	0	96	184
100	0	0	152	144	0	16	24	88	64	176
101	0	0	112	24	144	104	144	0	184	64
102	0	0	40	176	176	200	56	56	144	0
103	0	0	56	64	176	72	184	144	200	104
104	0	0	184	40	112	32	120	48	8	120
105	0	0	112	8	200	200	184	112	120	136
106	0	0	56	8	48	128	200	200	104	0
107	0	0	32	56	16	0	88	192	168	96
108	0	0	176	160	64	192	24	0	72	120
109	0	0	96	24	168	168	200	168	32	96
110	0	0	56	72	200	200	72	160	80	112
111	0	0	32	88	32	32	0	112	136	152
112	0	0	128	96	120	40	160	160	160	200
113	0	0	32	176	176	104	168	120	168	40
114	0	0	0	72	152	192	128	200	72	136
115	0	0	72	0	48	24	128	128	200	120
116	0	0	184	72	96	144	136	0	72	48
117	0	0	192	104	200	72	32	96	0	96
118	0	0	72	200	104	160	16	0	72	24
119	0	0	88	120	128	8	80	152	72	144
120	0	0	200	0	112	200	0	112	16	64
(1,6598)	(2,76)	(3,0)	(4,0)	
(1,3251)	(2,64)	(3,0)	(4,0)	
(1,3151)	(2,28)	(3,0)	(4,0)	
(1,1)	(2,0)	(3,0)	(4,0)	
(1,1)	(2,0)	(3,0)	(4,0)	
(1,1)	(2,0)	(3,0)	(4,0)	
(1,1)	(2,0)	(3,0)	(4,0)	
(1,1)	(2,0)	(3,0)	(4,0)	
(1,1)	(2,0)	(3,0)	(4,0)	
(1,1)	(2,0)	(3,0)	(4,0)	
(1,1)	(2,0)	(3,0)	(4,0)	
avg	0	0	97.0667	107.867	108.4	98.1333	95.6	104	94.6667	92.4
delay	0.284091	0.280702	2.18132	2.07417	2.16236	2.00272	1.96234	1.98846	2.08028	2.0202
loss	0	0	0.00546448	0.00736196	0.00611247	0.00405954	0.00829876	0.00763359	0.00560224	0.0114123
Command ['/home/ubuntu/ns-3.30-obss/build/scratch/simple-ofdma-adhoc4', '--ofdmaEnabled=true', '--startTime=60', '--totalTime=120', '--dataMode=HeMcs1', '--datarate=2e5', '--ratio=0.375', '--RngRun=6', '--locationFile=my-simulations/8_ofdma7/txt/locationFile24.txt', '--routingFile=my-simulations/8_ofdma7/txt/routingFile24.txt'] terminated with signal SIGSEGV. Run it under a debugger to get more information (./waf --run <program> --command-template="gdb --args %s <args>").
