Waf: Entering directory `/home/ubuntu/ns-3.30-obss/build'
Waf: Leaving directory `/home/ubuntu/ns-3.30-obss/build'
Build commands will be stored in build/compile_commands.json
'build' finished successfully (0.706s)
--------------------------Rate[Kbps]--------------------------
Time[s]	cl-1	cl-2	cl-3	cl-4	cl-5	cl-6	cl-7	cl-8	cl-9	cl-10	cl-11	cl-12	cl-13	cl-14	cl-15	cl-16	cl-17	cl-18	cl-19	cl-20
60	17.6	14.2	17.8	14.8	13.2	14.8	13.8	14.2	15	16	14.6	15.2	14.2	11.8	16.4	15.8	13.2	16.6	13.2	13.8
61	0	0	0	0	0	368	56	56	160	272	384	272	400	0	248	608	0	0	448	0
62	0	0	0	0	0	176	304	72	192	232	320	24	96	560	192	232	56	600	312	64
63	0	0	0	0	0	200	48	304	40	440	664	16	120	272	392	112	136	0	344	392
64	0	0	0	0	0	440	208	120	472	376	160	312	320	0	104	8	0	296	672	512
65	0	0	0	0	0	432	64	232	536	424	496	256	240	344	160	24	80	528	480	216
66	0	0	0	0	0	112	448	328	72	296	360	272	464	0	16	448	120	576	40	608
67	0	0	0	0	0	192	504	40	48	80	608	0	368	56	464	688	496	64	192	104
68	0	0	0	0	0	24	544	152	360	352	32	360	0	376	520	552	0	512	176	0
69	0	0	0	0	0	504	248	216	0	216	464	128	416	296	168	616	384	200	536	32
70	0	0	0	0	0	304	248	376	560	448	464	208	200	184	440	0	232	208	80	488
71	0	0	0	0	0	0	0	432	232	64	0	32	96	496	0	488	56	416	120	392
72	0	0	0	0	0	40	8	168	272	208	360	520	456	528	400	496	264	312	656	608
73	0	0	0	0	0	200	0	312	64	416	128	520	608	288	144	200	144	88	32	488
74	0	0	0	0	8	264	16	136	528	672	160	672	312	0	216	0	336	320	384	296
75	0	0	0	8	0	48	248	272	232	208	616	616	400	120	528	128	352	608	0	368
76	0	0	0	0	0	120	216	0	616	296	80	456	504	264	584	632	0	456	184	504
77	0	0	0	0	0	568	256	176	32	0	0	56	440	624	344	360	600	216	184	584
78	0	0	8	0	0	352	648	368	320	304	536	424	568	48	0	152	0	80	160	568
79	0	8	0	0	0	312	384	120	536	496	520	336	312	168	112	0	352	392	568	120
80	0	0	0	0	0	152	208	296	0	112	0	16	544	608	160	488	336	392	440	0
81	8	0	0	0	0	136	0	24	472	456	432	0	280	704	600	536	0	248	528	600
82	0	0	0	0	0	472	344	48	416	280	200	184	480	0	680	600	16	88	0	40
83	0	0	0	0	0	424	520	288	392	216	88	176	248	208	168	128	48	528	144	272
84	0	0	0	0	0	128	288	344	16	520	296	488	512	280	216	448	504	192	224	160
85	0	0	0	0	0	400	48	408	560	600	56	64	136	136	640	376	304	632	592	0
86	0	0	0	0	0	160	64	424	464	392	624	520	504	432	376	0	64	288	320	352
87	0	0	0	0	0	376	312	48	344	376	560	224	320	144	232	136	184	600	480	432
88	0	0	0	0	0	128	328	248	248	248	0	448	392	592	528	616	432	392	128	392
89	0	0	0	0	0	168	104	368	384	432	96	472	0	592	608	8	456	64	0	592
90	0	0	0	0	0	48	72	544	88	264	368	88	520	384	248	112	272	0	848	504
91	0	0	0	8	8	304	336	304	400	112	88	0	296	416	608	384	416	8	464	0
92	0	0	0	0	0	256	208	112	424	24	408	344	536	208	400	336	312	248	512	392
93	0	0	0	0	0	0	0	264	152	0	32	0	232	352	776	272	0	0	496	440
94	8	0	0	0	0	248	400	192	808	568	48	160	200	312	232	0	88	1160	96	328
95	0	0	0	0	0	392	96	304	144	440	240	272	328	408	352	136	512	224	0	400
96	0	8	0	0	0	208	8	280	384	184	424	504	256	152	472	56	288	376	592	336
97	0	0	0	0	0	224	8	24	528	184	104	544	488	560	424	32	88	576	616	480
98	0	0	8	0	0	216	64	104	0	480	216	112	32	56	296	232	336	632	112	536
99	0	0	0	0	0	0	56	112	88	160	56	512	640	208	192	672	272	608	0	144
100	0	0	0	0	0	448	232	184	120	616	656	136	376	312	0	592	64	216	408	0
101	0	0	0	0	0	192	424	392	568	264	480	0	344	0	192	368	232	0	304	200
102	0	0	0	0	0	176	216	504	160	88	0	392	248	536	336	296	200	104	312	384
103	0	0	0	8	0	464	104	200	608	24	328	416	304	160	312	48	328	24	480	280
104	0	0	0	0	0	208	448	136	432	128	496	568	48	88	120	0	480	152	216	0
105	0	0	0	0	0	384	336	368	112	224	664	264	0	368	0	0	120	184	96	80
106	0	0	0	0	0	448	88	440	208	456	64	328	752	32	192	1152	216	280	72	216
107	0	0	0	0	0	424	352	352	448	616	104	288	16	536	408	120	248	520	584	328
108	0	0	0	0	8	344	408	64	224	400	544	496	184	152	448	536	296	0	408	264
109	0	0	0	0	0	320	72	216	448	440	224	296	656	360	296	408	0	240	168	208
110	8	0	0	0	0	88	120	64	192	616	0	0	632	480	128	464	488	416	72	416
111	0	0	0	0	0	160	264	376	528	384	408	104	32	576	152	344	408	0	88	208
112	0	0	0	0	0	504	496	136	320	24	552	208	168	288	384	0	304	8	120	256
113	0	0	0	0	0	408	0	40	0	248	224	456	544	696	408	312	224	512	488	408
114	0	0	0	0	0	0	136	456	248	496	136	0	104	160	0	544	296	624	256	256
115	0	0	8	0	0	40	400	168	480	320	424	24	232	248	80	128	64	40	496	600
116	0	0	0	0	0	232	352	304	480	416	264	144	80	208	0	256	384	296	408	376
117	0	0	0	0	0	344	80	240	672	0	312	448	56	240	480	0	360	512	208	0
118	0	0	0	0	0	272	184	352	32	512	200	488	280	160	432	424	80	208	160	232
119	0	0	0	0	0	48	304	360	0	168	600	344	616	0	544	488	96	336	184	552
120	0	0	0	0	0	48	600	0	24	0	24	304	240	48	512	696	368	0	224	680
avg	0.4	0.266667	0.4	0.4	0.4	244.133	225.467	232.8	298.133	304.8	289.867	271.867	319.6	283.733	311.067	308.133	229.867	296.667	298.533	311.467
delay	4	4.5	3.33333	2.66667	9.33333	14.9634	21.5819	19.5424	21.5586	17.755	23.6072	18.4438	19.3846	12.6325	29.9529	39.6556	20.7251	51.1384	23.4819	20.9773
loss	0	0	0	0	0	0.408401	0.33816	0.373745	0.23686	0.22561	0.203079	0.231146	0.227024	0.21447	0.201027	0.197012	0.240194	0.21875	0.215487	0.21207
Command ['/home/ubuntu/ns-3.30-obss/build/scratch/simple-ofdma-adhoc2', '--ofdmaEnabled=true', '--startTime=60', '--totalTime=120', '--dataMode=HeMcs6', '--datarate=8e5', '--clNum=20', '--ratio=0.375', '--RngRun=9'] terminated with signal SIGSEGV. Run it under a debugger to get more information (./waf --run <program> --command-template="gdb --args %s <args>").
