Waf: Entering directory `/home/ubuntu/ns-3.30-obss/build'
Waf: Leaving directory `/home/ubuntu/ns-3.30-obss/build'
Build commands will be stored in build/compile_commands.json
'build' finished successfully (0.745s)
--------------------------Rate[Kbps]--------------------------
Time[s]	cl-1	cl-2	cl-3	cl-4	cl-5	cl-6	cl-7	cl-8	cl-9	cl-10	cl-11	cl-12	cl-13	cl-14	cl-15	cl-16	cl-17	cl-18	cl-19	cl-20
60	14.8	13.6	12.4	13.2	15	15.4	16	15	14.6	15	13.4	14	13	14	12	13.6	14	13.4	14.8	16.4
61	0	0	0	0	0	0	0	0	440	0	680	0	0	424	472	0	0	0	96	216
62	0	0	0	0	0	80	72	0	488	288	208	0	192	408	304	264	128	320	104	384
63	0	0	0	0	0	208	96	216	176	272	16	136	280	328	216	104	152	0	200	0
64	0	0	0	0	0	40	168	96	128	336	360	48	256	104	72	144	264	232	432	24
65	0	0	0	0	0	224	120	232	160	0	136	224	160	272	16	96	224	16	304	144
66	0	0	0	0	0	256	160	56	272	248	256	344	304	248	200	312	0	40	40	288
67	0	0	0	0	0	176	32	160	0	352	224	320	120	328	208	272	296	288	328	0
68	0	0	0	0	0	248	88	160	304	72	176	360	120	128	192	40	88	32	280	408
69	0	0	0	0	0	104	232	184	200	232	392	152	160	296	328	168	32	232	184	240
70	0	0	0	0	0	96	112	120	576	432	336	104	144	440	144	96	192	112	16	24
71	0	0	0	0	0	0	72	144	304	232	328	360	344	0	336	312	184	160	232	0
72	0	0	0	0	0	256	192	408	0	248	56	96	224	336	128	216	360	120	0	208
73	0	0	0	0	0	208	8	168	328	24	144	184	448	0	64	448	192	56	136	216
74	0	0	0	0	0	160	120	104	168	0	192	176	248	24	328	136	48	288	384	376
75	0	8	0	0	0	128	0	0	424	56	0	728	192	216	392	376	488	0	136	264
76	0	0	0	0	0	96	144	144	288	0	96	224	104	304	16	416	160	256	328	360
77	8	0	0	0	0	224	168	88	144	96	264	264	88	224	152	112	56	192	280	296
78	0	0	0	0	0	224	24	176	264	336	184	72	344	184	272	224	104	0	328	48
79	0	0	0	0	0	192	176	184	0	328	296	104	224	0	184	208	0	248	312	24
80	0	0	0	0	0	40	24	232	200	144	416	200	104	184	408	336	152	152	304	72
81	0	0	0	0	0	120	64	16	400	160	472	136	88	312	224	56	248	352	88	416
82	0	0	0	8	0	168	72	160	296	344	0	416	296	0	80	296	360	16	200	40
83	0	0	0	0	0	64	200	248	48	344	208	136	328	368	232	416	24	0	208	0
84	0	0	0	0	0	200	56	0	0	0	416	200	128	504	256	304	48	152	376	240
85	0	0	0	0	0	224	0	104	352	160	104	272	320	224	0	80	48	48	352	376
86	0	0	0	0	0	144	16	104	208	512	272	448	104	176	224	304	392	40	56	56
87	0	0	0	0	0	0	272	264	136	64	144	152	216	408	200	304	240	104	128	144
88	0	0	0	0	0	336	312	64	0	80	240	160	352	24	640	240	320	48	128	0
89	0	8	0	0	0	88	312	80	400	8	0	472	336	296	32	48	280	112	392	248
90	0	0	0	0	0	96	336	16	176	256	400	64	256	424	64	104	288	328	32	184
91	0	0	0	0	0	248	112	184	320	0	336	232	384	0	368	56	0	72	240	232
92	0	0	0	0	0	120	64	224	496	216	368	264	152	152	216	240	136	200	264	136
93	0	0	0	0	0	32	24	8	136	392	56	72	584	232	0	432	320	560	520	240
94	0	0	0	0	0	224	0	0	240	304	256	336	176	168	280	80	392	312	64	392
95	0	0	0	0	0	96	280	88	224	488	360	136	320	152	304	264	64	96	72	40
96	0	0	0	0	0	40	128	168	464	40	344	264	304	240	328	168	200	192	312	0
97	8	0	0	0	0	176	120	240	208	104	136	384	72	112	384	40	104	240	168	192
98	0	0	0	0	0	72	88	176	104	296	512	152	0	224	104	32	512	0	248	464
99	0	0	0	0	0	48	256	0	448	432	24	96	144	496	40	256	120	216	176	192
100	0	0	0	0	0	280	192	96	344	408	144	136	304	152	336	272	40	8	208	128
101	0	0	0	0	0	0	304	184	8	184	432	288	384	120	128	224	48	8	232	368
102	0	0	0	0	0	144	0	32	408	0	440	112	256	328	296	392	376	136	80	280
103	0	0	0	0	0	280	264	88	0	0	240	288	0	56	120	112	528	72	312	184
104	0	0	0	0	0	144	224	136	184	256	32	8	8	168	352	16	128	272	272	192
105	0	0	0	0	0	0	248	192	496	224	0	56	88	272	232	0	352	112	256	128
106	0	0	0	0	0	88	192	128	152	104	224	176	520	48	256	256	480	48	80	232
107	0	0	0	0	0	216	64	0	104	520	296	64	160	528	264	80	280	64	104	376
108	0	0	0	0	0	192	248	168	472	88	160	496	72	208	152	32	112	0	0	272
109	0	0	0	0	0	0	0	144	280	304	208	400	208	336	496	192	0	264	0	384
110	0	0	0	0	0	64	224	152	88	104	280	120	272	392	424	0	208	136	296	72
111	0	0	0	0	0	96	240	144	80	40	120	344	88	200	440	192	112	152	408	64
112	8	0	8	0	0	0	128	144	0	184	272	56	336	120	256	424	136	280	240	64
113	0	0	0	0	0	112	32	72	344	432	200	0	184	384	432	88	0	424	144	8
114	0	0	0	0	0	272	32	96	128	304	0	344	168	232	200	256	32	8	120	312
115	0	0	0	0	0	208	352	184	256	32	280	368	248	344	208	96	0	0	88	72
116	0	0	0	0	0	0	200	184	24	96	296	312	296	296	416	0	296	152	64	136
117	0	0	0	0	0	136	48	224	152	48	128	256	208	296	176	192	240	296	72	232
118	0	0	0	0	0	104	24	192	424	0	248	0	384	80	472	432	200	0	0	424
119	0	0	0	0	0	376	0	224	208	328	56	8	400	192	344	296	8	320	152	56
120	0	0	0	0	0	136	168	176	400	184	264	8	0	0	0	304	56	288	168	280
(1,1585)	(2,64)	(3,0)	(4,9759)	
(1,2493)	(2,1590)	(3,0)	(4,184)	
(1,2856)	(2,2244)	(3,0)	(4,334)	
(1,2767)	(2,2180)	(3,0)	(4,428)	
(1,2701)	(2,1795)	(3,0)	(4,274)	
(1,1680)	(2,1131)	(3,0)	(4,208)	
(1,1)	(2,0)	(3,0)	(4,0)	
(1,1)	(2,0)	(3,0)	(4,0)	
(1,1)	(2,0)	(3,0)	(4,0)	
(1,1)	(2,0)	(3,0)	(4,0)	
(1,1)	(2,0)	(3,0)	(4,0)	
(1,1)	(2,0)	(3,0)	(4,0)	
(1,1)	(2,0)	(3,0)	(4,0)	
(1,1)	(2,0)	(3,0)	(4,0)	
(1,1)	(2,0)	(3,0)	(4,0)	
(1,1)	(2,0)	(3,0)	(4,0)	
(1,1)	(2,0)	(3,0)	(4,0)	
(1,1)	(2,0)	(3,0)	(4,0)	
(1,1)	(2,0)	(3,0)	(4,0)	
(1,1)	(2,0)	(3,0)	(4,0)	
(1,1)	(2,0)	(3,0)	(4,0)	
avg	0.4	0.266667	0.133333	0.133333	0	138.4	131.733	132.933	234.533	195.6	228.8	205.467	220	228.533	240.133	197.6	180.8	147.867	195.733	190.8
delay	502.667	359.333	500	424	0	486.679	482.834	499.605	452.315	477.518	463.237	485.612	478.767	449.376	468.36	478.52	475.683	477.461	474.574	472.442
loss	0	0.25	0.666667	0.5	0	0.657313	0.659596	0.678996	0.490473	0.483996	0.482353	0.519925	0.48534	0.501889	0.441896	0.495419	0.514439	0.533501	0.529712	0.51227
Command ['/home/ubuntu/ns-3.30-obss/build/scratch/simple-ofdma-adhoc4', '--ofdmaEnabled=true', '--startTime=60', '--totalTime=120', '--dataMode=HeMcs1', '--datarate=9e5', '--clNum=20', '--ratio=0.375', '--RngRun=15'] terminated with signal SIGSEGV. Run it under a debugger to get more information (./waf --run <program> --command-template="gdb --args %s <args>").
