Waf: Entering directory `/home/ubuntu/ns-3.30-obss/build'
Waf: Leaving directory `/home/ubuntu/ns-3.30-obss/build'
Build commands will be stored in build/compile_commands.json
'build' finished successfully (0.652s)
--------------------------Rate[Kbps]--------------------------
Time[s]	cl-1	cl-2	cl-3	cl-4	cl-5	cl-6	cl-7	cl-8	cl-9	cl-10	cl-11	cl-12	cl-13	cl-14	cl-15	cl-16	cl-17	cl-18	cl-19	cl-20
60	14.8	13.6	12.6	13.2	15	15.4	16	15	14.8	15	13.4	14	13	14	12.2	13.6	14	13.4	14.8	16.4
61	0	0	0	0	0	0	0	0	256	0	424	0	0	304	288	0	0	0	48	144
62	0	0	0	0	0	0	40	0	320	64	208	0	184	320	128	56	0	208	112	256
63	0	0	0	0	0	128	8	64	168	224	0	24	128	232	232	128	136	0	40	64
64	0	0	0	0	0	56	152	112	112	168	232	64	216	88	24	48	144	112	208	8
65	0	0	0	0	0	80	120	144	120	0	104	152	32	112	0	72	224	8	192	80
66	0	0	0	0	0	136	112	56	184	128	40	136	136	120	144	216	16	24	48	176
67	0	0	0	0	0	128	16	136	0	256	184	128	112	144	104	152	56	96	216	0
68	0	0	0	0	0	64	72	88	192	40	144	264	72	72	88	24	96	40	216	184
69	0	0	0	0	0	56	160	88	208	96	104	96	96	208	144	144	0	104	48	208
70	0	0	0	0	0	64	56	48	336	288	224	48	32	288	64	48	80	8	24	8
71	0	0	0	0	0	0	56	64	232	96	120	152	104	0	296	120	128	104	128	0
72	0	0	0	0	0	120	72	112	0	80	16	88	144	144	48	200	184	144	0	72
73	0	0	0	0	0	136	0	120	240	24	104	136	264	0	32	240	72	16	128	112
74	0	0	0	0	0	136	24	56	56	0	128	104	232	8	136	40	24	112	360	344
75	0	0	0	0	0	72	0	0	216	40	0	480	24	16	296	208	384	0	8	232
76	0	0	0	0	0	16	32	128	240	0	32	152	160	296	8	232	48	48	224	216
77	0	0	0	0	0	104	152	32	40	96	208	168	128	224	144	32	32	200	64	80
78	0	0	0	0	0	48	8	48	72	192	128	64	192	184	232	152	128	0	216	32
79	0	0	0	0	0	152	128	280	0	112	224	16	64	0	112	96	0	168	224	8
80	0	0	0	0	0	56	16	104	80	88	144	152	152	176	112	160	104	88	184	24
81	0	0	0	0	0	72	80	0	352	80	176	32	24	256	184	16	64	128	32	336
82	0	0	0	8	0	128	24	48	192	200	0	272	128	0	32	176	248	0	112	40
83	0	0	0	0	0	64	208	160	80	168	240	176	112	256	48	96	0	0	56	0
84	0	0	0	0	0	104	56	8	0	0	328	72	104	368	96	176	96	128	208	128
85	0	0	0	0	0	152	0	56	208	80	80	272	160	208	8	112	24	32	216	240
86	0	0	0	0	0	32	16	72	104	320	120	352	40	48	152	320	208	24	8	24
87	0	0	0	0	0	0	192	128	72	96	120	136	80	104	88	168	192	64	104	112
88	0	0	0	0	0	160	176	32	0	40	176	88	72	0	416	128	216	16	72	0
89	0	0	0	0	0	128	192	40	80	24	0	368	184	192	40	72	56	88	192	24
90	0	0	0	0	0	32	224	8	96	208	200	8	152	376	48	48	152	232	0	96
91	0	0	0	0	0	184	24	160	160	0	144	88	248	0	144	40	40	48	168	232
92	0	0	0	0	0	64	24	64	240	64	240	200	144	48	104	136	72	112	80	112
93	0	0	0	0	0	8	16	8	64	152	32	48	240	184	0	232	184	288	416	120
94	0	0	0	0	0	128	0	0	152	256	112	264	88	56	64	48	216	152	40	160
95	0	0	0	0	0	80	136	72	176	320	120	80	152	64	120	264	24	64	32	40
96	0	0	0	0	8	16	56	192	152	16	168	168	240	184	168	192	88	104	104	0
97	0	0	0	0	0	104	136	120	192	32	56	192	16	88	168	48	64	104	136	56
98	0	0	0	0	0	88	56	152	88	144	296	72	0	152	72	16	272	0	56	248
99	0	0	0	0	0	32	144	0	320	328	24	32	104	344	16	144	72	120	96	120
100	0	0	8	0	0	120	80	32	224	208	56	80	168	64	216	152	16	8	160	16
101	0	0	0	0	0	0	168	80	0	176	352	176	248	160	104	136	16	0	160	112
102	0	0	0	0	0	56	0	24	232	0	296	56	160	376	136	320	168	48	32	88
103	0	0	0	0	0	176	208	72	8	8	168	152	0	16	48	48	296	24	192	112
104	0	0	0	0	0	104	144	136	128	88	8	0	8	152	296	48	48	184	192	104
105	0	0	0	0	0	0	184	120	344	88	0	64	24	224	208	0	200	96	80	120
106	0	8	0	0	0	104	112	104	128	80	144	80	208	24	160	152	216	64	64	112
107	0	0	0	0	0	112	32	0	24	264	112	24	120	240	144	56	184	48	112	288
108	0	0	0	0	0	128	192	128	184	128	72	272	48	216	48	8	24	8	16	144
109	0	0	0	0	0	0	0	72	184	160	96	224	144	216	272	144	0	128	0	272
110	0	0	0	0	0	72	128	96	56	56	136	32	184	256	336	0	152	144	192	24
111	0	0	0	0	0	40	112	160	64	56	24	192	40	88	304	72	104	168	264	48
112	0	0	8	0	0	0	72	184	0	104	88	8	176	136	128	296	112	160	128	32
113	0	0	0	0	0	24	24	72	224	264	72	0	192	304	272	48	0	360	128	0
114	0	0	0	0	0	160	40	24	128	256	0	248	136	144	120	160	0	0	80	160
115	0	0	0	0	0	96	128	104	112	48	232	136	144	88	112	56	0	0	80	40
116	0	0	0	0	0	0	104	104	32	40	184	128	192	256	216	16	168	96	0	96
117	0	0	0	0	0	88	32	80	160	56	48	104	144	208	176	88	240	160	16	96
118	0	0	0	0	0	80	32	96	176	0	120	0	312	88	312	280	112	0	0	192
119	0	0	0	0	0	136	0	104	160	176	48	0	288	120	264	168	24	152	104	48
120	0	0	0	0	0	72	136	168	272	184	160	24	0	0	0	216	24	152	96	160
(1,1460)	(2,20)	(3,0)	(4,5577)	
(1,1668)	(2,844)	(3,0)	(4,102)	
(1,1784)	(2,1190)	(3,0)	(4,236)	
(1,1724)	(2,1282)	(3,0)	(4,252)	
(1,1758)	(2,979)	(3,0)	(4,159)	
(1,1075)	(2,639)	(3,0)	(4,122)	
(1,1)	(2,0)	(3,0)	(4,0)	
(1,1)	(2,0)	(3,0)	(4,0)	
(1,1)	(2,0)	(3,0)	(4,0)	
(1,1)	(2,0)	(3,0)	(4,0)	
(1,1)	(2,0)	(3,0)	(4,0)	
(1,1)	(2,0)	(3,0)	(4,0)	
(1,1)	(2,0)	(3,0)	(4,0)	
(1,1)	(2,0)	(3,0)	(4,0)	
(1,1)	(2,0)	(3,0)	(4,0)	
(1,1)	(2,0)	(3,0)	(4,0)	
(1,1)	(2,0)	(3,0)	(4,0)	
(1,1)	(2,0)	(3,0)	(4,0)	
(1,1)	(2,0)	(3,0)	(4,0)	
(1,1)	(2,0)	(3,0)	(4,0)	
(1,1)	(2,0)	(3,0)	(4,0)	
avg	0	0.133333	0.266667	0.133333	0.133333	78.2667	81.8667	82.6667	144	116	130.267	122.4	128.267	154	141.2	121.067	104.133	86.4	115.2	110
delay	0	500.5	506.5	477	513	520.813	520.016	521.055	483.629	506.744	474.653	508.84	520.692	481.661	486.346	507.231	510.26	506.875	500.962	488.278
loss	0	0.5	0.333333	0.5	0.5	0.745115	0.726667	0.739967	0.592704	0.604545	0.612148	0.623153	0.610211	0.563162	0.569512	0.594029	0.637037	0.642818	0.639785	0.62938
Command ['/home/ubuntu/ns-3.30-obss/build/scratch/simple-ofdma-adhoc4', '--ofdmaEnabled=true', '--startTime=60', '--totalTime=120', '--dataMode=HeMcs0', '--datarate=7e5', '--clNum=20', '--ratio=0.375', '--RngRun=15'] terminated with signal SIGSEGV. Run it under a debugger to get more information (./waf --run <program> --command-template="gdb --args %s <args>").
