Waf: Entering directory `/home/ubuntu/ns-3.30-obss/build'
Waf: Leaving directory `/home/ubuntu/ns-3.30-obss/build'
Build commands will be stored in build/compile_commands.json
'build' finished successfully (0.716s)
--------------------------Rate[Kbps]--------------------------
Time[s]	cl-1	cl-2	cl-3	cl-4	cl-5	cl-6	cl-7	cl-8	cl-9	cl-10	cl-11	cl-12	cl-13	cl-14	cl-15
60	13.6	15.8	14.8	13.6	14.8	16.4	14.8	13.4	13	13.4	10.4	15	16	13.6	16.6
61	0	0	0	0	0	72	296	312	40	280	184	0	168	0	176
62	0	0	0	0	0	144	336	248	328	336	56	376	64	400	40
63	0	0	0	0	0	400	40	56	8	72	400	304	0	256	312
64	0	0	0	0	0	192	400	104	328	0	312	0	168	56	0
65	0	0	0	0	0	184	232	312	64	112	320	96	352	0	128
66	0	0	0	0	0	256	264	336	0	392	376	296	328	192	216
67	0	0	0	0	0	288	264	400	280	160	16	352	264	0	272
68	0	0	0	0	0	0	376	56	312	184	208	312	288	192	216
69	0	0	0	0	0	272	352	272	80	216	120	16	0	288	48
70	0	0	0	0	0	360	256	0	104	400	0	312	288	248	120
71	0	0	0	0	0	192	392	168	0	48	344	152	400	48	80
72	0	0	0	0	0	160	368	168	80	192	88	312	96	32	168
73	0	0	0	0	0	176	0	32	0	192	64	256	352	240	104
74	0	0	0	0	0	80	24	32	136	384	248	192	376	0	280
75	0	0	0	0	0	336	96	288	24	112	312	48	200	152	240
76	0	0	0	0	0	16	320	176	320	32	0	176	400	80	16
77	0	0	0	0	0	88	384	120	240	176	8	328	56	16	296
78	0	0	0	0	0	0	272	288	128	72	344	112	392	128	0
79	0	0	0	0	0	168	232	8	8	64	344	200	80	200	320
80	0	0	0	0	0	400	240	264	16	0	88	400	144	64	264
81	0	0	0	0	0	24	192	248	152	280	328	232	360	264	360
82	0	0	0	0	0	72	392	0	48	184	376	352	400	104	400
83	0	0	0	0	0	288	128	152	208	160	96	0	336	144	280
84	0	0	0	0	0	192	176	0	144	56	376	208	32	136	240
85	0	0	0	0	0	160	160	296	128	136	0	120	56	104	256
86	0	0	0	0	0	200	152	184	280	232	360	0	184	8	0
87	0	0	0	0	0	400	0	392	264	256	216	160	32	168	16
88	0	0	0	0	0	288	184	120	256	200	72	224	304	384	32
89	0	0	0	0	0	192	328	72	0	304	88	128	176	0	48
90	0	0	0	0	0	0	296	160	144	0	0	96	400	88	224
91	0	0	0	0	0	240	184	280	0	240	256	0	104	312	392
92	0	0	0	0	0	168	72	296	8	384	224	104	16	32	80
93	0	0	0	0	0	88	384	320	0	328	80	304	0	104	112
94	0	0	0	0	0	400	312	0	0	0	40	120	160	392	48
95	0	0	0	0	0	376	48	136	80	96	328	224	0	200	16
96	0	0	0	0	0	352	352	368	120	176	0	56	24	0	224
97	0	0	0	0	0	392	304	0	96	16	232	232	80	96	8
98	0	0	0	0	0	264	320	40	112	176	384	256	360	216	232
99	0	0	0	0	0	0	128	232	104	216	88	56	176	160	184
100	0	0	0	0	0	32	400	0	272	48	400	104	0	320	48
101	0	0	0	0	0	0	32	312	0	400	40	256	176	384	400
102	0	0	0	0	0	24	0	376	264	272	8	176	0	0	384
103	0	0	0	0	0	192	384	184	160	128	8	368	32	208	328
104	0	0	0	0	0	112	0	368	320	296	0	80	128	304	104
105	0	0	0	0	0	256	368	280	400	56	112	400	152	160	72
106	0	0	0	0	0	352	352	184	312	144	224	144	352	0	336
107	0	0	0	0	0	176	208	400	400	144	40	88	128	120	0
108	0	0	0	0	0	40	240	96	272	400	400	288	96	264	248
109	0	0	0	0	0	344	128	216	400	152	352	24	272	352	280
110	0	0	0	0	0	80	80	328	368	296	112	304	216	16	144
111	0	0	0	0	0	392	368	200	360	280	160	224	280	400	400
112	0	0	0	0	0	288	96	48	0	376	152	400	0	160	128
113	0	0	0	0	0	0	376	8	400	192	96	160	256	360	392
114	0	0	0	0	0	360	240	56	208	400	400	0	136	48	360
115	0	0	0	0	0	80	40	256	0	280	64	240	152	392	88
116	0	0	0	0	0	400	8	72	248	216	0	400	264	192	328
117	0	0	0	0	0	208	40	152	32	112	368	392	152	312	288
118	0	0	0	0	0	184	200	400	192	392	296	88	184	0	8
119	0	0	0	0	0	152	120	104	128	224	168	216	384	32	344
120	0	0	0	0	0	280	112	200	400	184	80	0	160	88	288
(1,15068)	(2,104)	(3,0)	(4,0)	
(1,3290)	(2,4)	(3,0)	(4,0)	
(1,2769)	(2,0)	(3,0)	(4,0)	
(1,2956)	(2,12)	(3,0)	(4,0)	
(1,2942)	(2,33)	(3,0)	(4,0)	
(1,2757)	(2,27)	(3,0)	(4,0)	
(1,1)	(2,0)	(3,0)	(4,0)	
(1,1)	(2,0)	(3,0)	(4,0)	
(1,1)	(2,0)	(3,0)	(4,0)	
(1,1)	(2,0)	(3,0)	(4,0)	
(1,1)	(2,0)	(3,0)	(4,0)	
(1,1)	(2,0)	(3,0)	(4,0)	
(1,1)	(2,0)	(3,0)	(4,0)	
(1,1)	(2,0)	(3,0)	(4,0)	
(1,1)	(2,0)	(3,0)	(4,0)	
(1,1)	(2,0)	(3,0)	(4,0)	
avg	0	0	0	0	0	197.2	217.467	186.267	162.933	197.6	180.933	191.067	185.6	160.267	190.267
delay	0.235294	0.240506	0.310811	0.235294	0.351351	1.04936	1.01717	1.07015	1.04255	1.12483	1.03316	1.02512	1.04382	1.02413	1.0897
loss	0	0	0	0	0	0.00804829	0.0121139	0.00921986	0.00326264	0.0106809	0.00586081	0.00761773	0.00642398	0.0195759	0.0165403
Command ['/home/ubuntu/ns-3.30-obss/build/scratch/simple-ofdma-adhoc4', '--ofdmaEnabled=true', '--startTime=60', '--totalTime=120', '--dataMode=HeMcs7', '--datarate=4e5', '--ratio=0.375', '--RngRun=25', '--locationFile=my-simulations/8_ofdma7/txt/locationFile52.txt', '--routingFile=my-simulations/8_ofdma7/txt/routingFile52.txt'] terminated with signal SIGSEGV. Run it under a debugger to get more information (./waf --run <program> --command-template="gdb --args %s <args>").
