Waf: Entering directory `/home/ubuntu/ns-3.30-obss/build'
Waf: Leaving directory `/home/ubuntu/ns-3.30-obss/build'
Build commands will be stored in build/compile_commands.json
'build' finished successfully (0.789s)
--------------------------Rate[Kbps]--------------------------
Time[s]	cl-1	cl-2	cl-3	cl-4	cl-5	cl-6	cl-7	cl-8	cl-9	cl-10	cl-11	cl-12
60	13.2	15	14.2	18	17.6	15.8	15.6	13.4	17.4	14.2	13	14.8
61	0	0	312	24	128	280	264	368	352	152	0	120
62	0	0	312	216	400	392	352	248	280	312	184	272
63	0	0	400	80	184	160	368	32	320	0	112	128
64	0	0	152	0	168	80	248	376	152	272	384	0
65	0	0	248	216	200	144	264	248	240	288	368	168
66	0	0	280	296	384	72	184	352	0	360	56	144
67	0	0	48	384	216	400	376	328	192	144	192	88
68	0	0	400	128	408	328	168	200	400	248	384	16
69	0	0	312	200	208	224	344	0	216	208	40	24
70	0	0	8	0	80	152	160	120	232	184	0	24
71	0	0	184	104	0	16	0	0	0	0	40	176
72	0	0	8	392	256	336	88	104	256	304	376	16
73	0	0	200	104	400	400	224	336	280	144	384	104
74	0	0	0	56	224	120	208	304	144	120	216	400
75	0	0	240	400	240	16	120	280	352	232	64	360
76	0	0	328	144	400	72	72	192	56	304	88	320
77	0	0	24	400	312	0	400	320	296	304	400	16
78	0	0	240	384	288	136	288	360	344	240	336	112
79	0	0	0	96	288	272	344	400	312	32	312	160
80	0	0	176	48	360	344	48	128	136	96	24	280
81	0	0	216	280	264	336	160	368	8	240	88	112
82	0	0	312	0	328	0	368	128	96	216	0	240
83	0	0	352	112	96	224	96	144	296	144	344	176
84	0	0	400	368	0	0	96	88	208	352	328	0
85	0	0	120	336	216	144	232	88	56	0	112	264
86	0	0	400	384	272	0	168	0	0	152	360	40
87	0	0	264	216	24	280	200	352	296	0	96	344
88	0	0	224	400	328	264	400	288	176	112	160	288
89	0	0	216	288	280	88	328	0	0	184	120	136
90	0	0	256	280	344	224	344	144	312	232	0	112
91	0	0	264	72	256	200	96	104	400	160	128	16
92	0	0	192	64	392	368	112	112	144	312	256	24
93	0	0	192	0	248	384	400	184	224	96	352	48
94	0	0	184	0	152	224	296	232	336	8	184	360
95	0	0	328	0	160	304	312	240	0	160	152	104
96	0	0	0	0	152	56	8	200	144	328	256	296
97	0	0	264	880	528	240	504	192	40	280	0	248
98	0	0	232	0	200	336	216	112	40	336	328	72
99	0	0	32	280	0	128	0	0	400	0	400	0
100	0	0	200	400	328	16	56	184	216	48	376	360
101	0	0	400	56	312	0	144	216	120	256	344	400
102	0	0	328	272	144	176	360	0	0	176	256	280
103	0	0	168	344	24	160	160	328	128	224	0	0
104	0	0	328	96	88	0	320	304	208	136	56	136
105	0	0	48	0	240	128	0	0	328	216	240	328
106	0	0	32	256	72	152	56	184	0	232	296	184
107	0	0	48	344	400	328	0	280	208	80	40	0
108	0	0	240	200	392	112	200	368	400	248	0	224
109	0	0	376	280	328	120	320	168	40	40	360	216
110	0	0	392	264	336	200	280	144	64	408	168	248
111	0	0	112	64	112	312	0	0	0	56	32	352
112	0	0	64	128	56	128	304	328	392	0	120	312
113	0	0	224	392	208	240	400	304	48	136	352	400
114	0	0	0	376	240	320	24	320	288	0	376	168
115	0	0	200	216	384	160	224	200	376	368	296	368
116	0	0	48	184	368	216	176	24	232	104	48	192
117	0	0	112	328	128	96	0	104	24	400	184	376
118	0	0	144	216	288	368	296	400	168	216	376	224
119	0	0	400	168	0	0	224	240	400	56	312	128
120	0	0	304	392	304	256	296	264	176	384	336	0
(1,15150)	(2,582)	(3,0)	(4,0)	
(1,7735)	(2,288)	(3,0)	(4,24)	
(1,6987)	(2,339)	(3,0)	(4,0)	
(1,1)	(2,0)	(3,0)	(4,0)	
(1,1)	(2,0)	(3,0)	(4,0)	
(1,1)	(2,0)	(3,0)	(4,0)	
(1,1)	(2,0)	(3,0)	(4,0)	
(1,1)	(2,0)	(3,0)	(4,0)	
(1,1)	(2,0)	(3,0)	(4,0)	
(1,1)	(2,0)	(3,0)	(4,0)	
(1,1)	(2,0)	(3,0)	(4,0)	
(1,1)	(2,0)	(3,0)	(4,0)	
(1,1)	(2,0)	(3,0)	(4,0)	
avg	0	0	208.133	210.133	235.6	187.2	211.6	200.533	192.533	184	203.2	178.4
delay	0.257576	0.253333	1.68354	132.878	5.10243	1.74145	5.8828	1.64628	1.50208	1.80507	1.64633	1.6136
loss	0	0	0.0170025	0.0223325	0.00786075	0.0105708	0.0245851	0.0265372	0.0150068	0.010043	0.0237028	0.0161765
Command ['/home/ubuntu/ns-3.30-obss/build/scratch/simple-ofdma-adhoc4', '--ofdmaEnabled=true', '--startTime=60', '--totalTime=120', '--dataMode=HeMcs3', '--datarate=4e5', '--ratio=0.375', '--RngRun=25', '--locationFile=my-simulations/8_ofdma7/txt/locationFile25.txt', '--routingFile=my-simulations/8_ofdma7/txt/routingFile25.txt'] terminated with signal SIGSEGV. Run it under a debugger to get more information (./waf --run <program> --command-template="gdb --args %s <args>").
