Waf: Entering directory `/home/ubuntu/ns-3.30-obss/build'
Waf: Leaving directory `/home/ubuntu/ns-3.30-obss/build'
Build commands will be stored in build/compile_commands.json
'build' finished successfully (0.862s)
--------------------------Rate[Kbps]--------------------------
Time[s]	cl-1	cl-2	cl-3	cl-4	cl-5	cl-6	cl-7	cl-8	cl-9	cl-10	cl-11	cl-12	cl-13	cl-14	cl-15	cl-16	cl-17	cl-18	cl-19	cl-20
60	13	13.2	15.6	16.6	15	14	15.4	15.4	11.2	15.2	14.4	12.4	17.2	15.2	12.6	15.8	14.6	14	14.6	15.4
61	0	0	0	0	24	96	328	120	272	248	56	344	144	120	304	152	320	112	264	32
62	0	0	0	0	288	272	72	256	208	304	56	240	0	0	24	336	360	376	272	272
63	0	0	0	0	160	192	264	128	392	112	320	64	312	184	128	336	240	152	0	248
64	0	0	0	0	352	328	336	400	80	96	192	216	328	144	96	320	272	208	224	360
65	0	0	0	0	272	248	200	152	88	200	80	200	256	80	400	72	160	0	384	144
66	0	0	0	0	248	0	184	376	0	0	376	0	344	80	208	96	296	16	48	288
67	0	0	0	0	320	248	264	152	336	72	176	112	120	216	288	264	224	328	184	360
68	0	0	0	0	280	352	304	72	280	0	0	264	200	120	224	64	168	208	344	8
69	0	0	0	0	32	272	232	160	88	160	352	0	176	288	304	0	272	0	392	376
70	0	0	0	0	312	168	64	248	392	144	160	216	224	104	248	152	96	80	96	240
71	0	0	0	0	168	344	384	352	8	352	168	0	384	224	376	312	352	40	120	0
72	0	0	0	0	152	312	48	328	0	80	16	32	32	160	0	400	328	144	400	176
73	0	0	0	0	248	288	80	200	48	368	384	0	128	120	120	216	400	88	208	80
74	0	0	0	0	232	264	184	400	176	312	352	184	344	344	280	136	96	272	264	0
75	0	0	0	0	304	0	136	312	88	272	216	400	280	208	184	128	248	32	120	224
76	0	0	0	0	0	64	0	200	144	160	312	24	184	40	0	120	232	240	0	0
77	0	0	0	0	256	256	72	136	152	200	216	144	32	296	80	232	0	328	0	80
78	0	0	0	0	0	336	184	200	104	184	256	112	360	88	248	264	136	0	0	352
79	0	0	0	0	264	240	16	256	224	120	192	40	368	368	0	0	120	248	120	192
80	0	0	0	0	224	256	8	176	328	0	152	200	352	288	224	344	8	192	112	232
81	0	0	0	0	24	256	392	160	80	272	192	0	176	0	392	40	240	224	192	296
82	0	0	0	0	368	352	40	288	216	72	312	240	384	112	48	144	304	160	16	368
83	0	0	0	0	352	216	160	360	376	48	112	304	288	248	16	288	120	256	0	48
84	0	0	0	0	312	88	336	160	16	0	184	0	112	200	40	112	264	112	160	256
85	0	0	0	0	280	336	88	0	32	200	192	80	0	280	400	352	184	136	184	256
86	0	0	0	0	328	144	208	352	192	392	216	0	152	24	240	352	152	0	136	40
87	0	0	0	0	392	96	160	88	152	192	360	80	0	248	368	320	72	264	344	8
88	0	0	0	0	336	312	8	0	248	216	216	368	112	184	128	136	264	72	272	296
89	0	0	0	0	376	64	88	8	248	184	232	64	0	280	0	400	152	136	224	344
90	0	0	0	0	24	376	384	272	320	136	136	88	112	344	384	352	360	208	0	376
91	0	0	0	0	112	24	152	400	360	16	256	64	256	0	120	376	336	0	72	360
92	0	0	0	0	192	152	192	200	144	168	48	176	368	336	72	368	200	144	120	208
93	0	0	0	0	40	376	392	104	72	104	40	360	400	336	112	0	360	0	408	144
94	0	0	0	0	40	0	56	152	56	144	280	0	272	16	256	48	272	392	120	384
95	0	0	0	0	32	240	24	304	96	240	0	240	352	400	136	144	392	24	112	72
96	0	0	0	0	272	248	384	400	0	400	224	200	56	120	392	120	0	400	8	200
97	0	0	0	0	368	376	104	128	344	208	304	128	336	40	192	200	144	360	280	192
98	0	0	0	0	160	304	8	0	96	240	0	280	200	48	0	80	224	176	8	136
99	0	0	0	0	400	344	304	192	296	144	152	168	328	368	288	224	120	0	344	200
100	0	0	0	0	184	384	192	72	0	120	224	256	352	336	240	0	0	32	400	288
101	0	0	0	0	120	56	0	24	48	136	24	304	392	0	240	32	192	352	264	32
102	0	0	0	0	328	312	248	80	376	288	208	192	72	216	352	240	256	400	400	272
103	0	0	0	0	0	216	0	64	144	112	24	144	0	208	216	56	176	32	112	32
104	0	0	0	0	104	352	88	72	128	96	248	320	272	168	48	216	40	352	264	192
105	0	0	0	0	192	128	296	0	0	104	112	368	288	248	192	48	288	360	304	144
106	0	0	0	0	296	64	200	352	184	96	320	296	0	344	328	144	248	0	128	192
107	0	0	0	0	272	400	64	360	200	336	0	184	168	56	200	96	144	232	160	376
108	0	0	0	0	312	344	224	80	168	216	72	208	0	24	112	0	64	0	288	264
109	0	0	0	0	0	232	288	248	232	56	400	400	336	0	336	8	0	232	80	168
110	0	0	0	0	192	224	160	112	168	0	280	160	136	112	104	64	88	176	176	168
111	0	0	0	0	288	168	288	32	128	144	0	0	80	248	24	232	312	240	128	80
112	0	0	0	0	312	88	312	360	184	296	16	168	256	192	88	344	48	88	272	32
113	0	0	0	0	192	208	136	328	112	144	8	216	216	344	0	56	376	144	88	96
114	0	0	0	0	184	200	56	120	296	384	400	136	24	352	56	8	192	336	56	344
115	0	0	0	0	352	384	192	216	400	168	88	0	168	152	40	328	128	64	112	160
116	0	0	0	0	16	320	0	16	152	136	96	224	400	224	0	144	0	64	400	400
117	0	0	0	0	384	392	368	56	144	320	184	264	360	368	168	392	240	0	240	184
118	0	0	0	0	176	248	184	368	96	128	312	64	376	56	40	104	288	136	144	112
119	0	0	0	0	312	0	16	0	0	0	192	88	0	352	376	32	128	8	400	360
120	0	0	0	0	40	136	264	136	232	256	96	88	208	288	224	80	232	128	136	160
(1,20484)	(2,1969)	(3,0)	(4,171)	
(1,5862)	(2,319)	(3,0)	(4,4)	
(1,5070)	(2,198)	(3,0)	(4,30)	
(1,5731)	(2,232)	(3,0)	(4,1)	
(1,5575)	(2,172)	(3,0)	(4,34)	
(1,1)	(2,0)	(3,0)	(4,0)	
(1,1)	(2,0)	(3,0)	(4,0)	
(1,1)	(2,0)	(3,0)	(4,0)	
(1,1)	(2,0)	(3,0)	(4,0)	
(1,1)	(2,0)	(3,0)	(4,0)	
(1,1)	(2,0)	(3,0)	(4,0)	
(1,1)	(2,0)	(3,0)	(4,0)	
(1,1)	(2,0)	(3,0)	(4,0)	
(1,1)	(2,0)	(3,0)	(4,0)	
(1,1)	(2,0)	(3,0)	(4,0)	
(1,1)	(2,0)	(3,0)	(4,0)	
(1,1)	(2,0)	(3,0)	(4,0)	
(1,1)	(2,0)	(3,0)	(4,0)	
(1,1)	(2,0)	(3,0)	(4,0)	
(1,1)	(2,0)	(3,0)	(4,0)	
(1,1)	(2,0)	(3,0)	(4,0)	
avg	0	0	0	0	213.333	228.267	173.6	188.133	169.067	171.6	179.867	161.867	209.6	189.067	178.4	177.067	198.8	158.4	185.067	198.4
delay	0.276923	0.257576	0.25641	0.26506	5.37563	8.38026	9.25192	5.85897	17.3517	16.4017	5.84878	17.4745	4.37913	10.7787	6.95366	5.14232	19.8102	17.9108	14.4236	9.34341
loss	0	0	0	0	0.031477	0.0467706	0.037694	0.0491914	0.0473328	0.0424107	0.0405405	0.0574534	0.0437956	0.0333787	0.0483642	0.0621469	0.0393041	0.039612	0.045392	0.0412371
Command ['/home/ubuntu/ns-3.30-obss/build/scratch/simple-ofdma-adhoc4', '--ofdmaEnabled=true', '--startTime=60', '--totalTime=120', '--dataMode=HeMcs3', '--datarate=4e5', '--ratio=0.375', '--RngRun=25', '--locationFile=my-simulations/8_ofdma7/txt/locationFile44.txt', '--routingFile=my-simulations/8_ofdma7/txt/routingFile44.txt'] terminated with signal SIGSEGV. Run it under a debugger to get more information (./waf --run <program> --command-template="gdb --args %s <args>").
