Waf: Entering directory `/home/ubuntu/ns-3.30-obss/build'
Waf: Leaving directory `/home/ubuntu/ns-3.30-obss/build'
Build commands will be stored in build/compile_commands.json
'build' finished successfully (0.660s)
--------------------------Rate[Kbps]--------------------------
Time[s]	cl-1	cl-2	cl-3	cl-4	cl-5	cl-6	cl-7	cl-8	cl-9	cl-10	cl-11	cl-12	cl-13	cl-14	cl-15	cl-16	cl-17	cl-18	cl-19	cl-20
60	15	15	16.8	11.8	13.6	14.4	14.2	13.2	14.4	12	12.6	11.8	16	10.2	17.6	16.2	15.4	14.2	14.2	19.6
61	0	168	184	88	0	24	360	352	104	16	0	0	24	248	80	96	0	80	264	72
62	72	248	328	32	16	400	144	120	232	96	224	24	304	0	288	88	16	176	400	0
63	256	136	368	8	200	16	0	136	248	64	80	120	104	304	304	0	232	288	368	376
64	40	0	264	400	104	80	208	352	0	80	0	0	0	112	80	128	104	80	280	72
65	288	88	288	184	400	176	8	384	88	128	320	80	216	24	96	128	224	224	320	152
66	400	400	400	376	288	112	240	128	0	336	264	344	0	280	320	64	248	280	200	88
67	144	224	40	392	16	32	320	112	152	32	0	0	360	336	216	264	160	312	216	240
68	216	48	216	376	120	200	304	160	272	168	160	64	120	144	176	176	0	400	176	184
69	240	384	184	184	176	208	240	0	400	256	16	328	48	400	96	288	288	192	248	216
70	0	144	24	88	384	296	376	200	72	176	96	264	384	256	384	224	384	240	200	176
71	152	56	8	272	232	0	144	336	128	208	240	88	64	168	312	0	144	360	328	424
72	200	32	400	208	392	144	176	216	304	336	80	128	360	392	304	32	168	264	32	208
73	0	336	56	400	280	384	176	120	48	184	80	152	272	40	264	256	208	400	200	128
74	144	0	280	240	0	0	104	56	184	168	312	232	176	0	0	96	160	136	104	104
75	200	216	248	144	192	88	88	280	0	0	232	400	168	160	160	360	256	400	112	176
76	272	96	192	8	48	0	400	144	200	176	0	0	64	192	200	256	48	24	344	272
77	0	376	136	232	56	264	256	120	400	368	32	8	400	96	360	200	56	344	400	264
78	224	352	184	136	128	352	240	288	112	0	264	240	344	400	312	136	24	0	96	400
79	184	216	400	0	88	392	88	192	72	360	360	152	400	176	0	0	8	64	192	328
80	72	376	208	112	0	40	40	144	400	184	176	400	368	376	176	256	400	408	40	0
81	216	0	136	328	256	352	200	376	328	384	16	392	40	272	0	160	328	344	376	80
82	96	0	32	344	400	304	72	256	64	0	400	32	296	272	240	112	24	24	208	0
83	256	256	192	400	120	224	56	0	0	136	168	400	32	184	16	80	160	400	328	88
84	360	280	192	256	352	224	96	128	160	104	136	136	384	200	168	176	400	336	272	208
85	312	344	120	400	32	0	216	128	248	24	0	296	40	112	224	0	336	64	224	400
86	48	376	80	184	256	240	376	256	64	240	384	304	32	296	0	160	56	376	112	240
87	176	24	400	208	200	312	0	0	0	256	296	56	336	112	248	192	296	328	376	24
88	200	0	200	152	400	216	80	72	144	176	176	296	384	360	320	272	312	368	48	72
89	264	376	352	56	216	32	16	104	392	136	0	280	168	0	208	400	224	280	48	400
90	104	336	280	280	96	40	96	128	272	0	176	168	56	264	0	248	208	120	72	280
91	336	400	240	400	232	208	208	216	120	184	232	248	0	176	328	208	120	120	48	256
92	400	312	104	184	40	0	104	0	304	80	112	192	328	56	8	336	400	312	0	400
93	32	400	104	360	200	296	0	192	0	312	176	136	384	168	400	344	368	168	56	256
94	336	128	376	120	216	312	288	152	216	16	384	0	152	56	248	8	312	400	304	400
95	176	96	296	24	400	0	192	408	248	304	256	128	128	56	400	24	0	64	400	136
96	344	400	288	48	224	288	368	112	280	112	360	280	288	400	64	168	304	296	352	144
97	312	288	8	352	136	392	248	40	272	288	240	280	312	160	360	400	96	296	400	0
98	400	392	312	216	344	80	104	160	272	200	24	184	400	208	24	200	0	104	144	88
99	200	120	72	256	0	344	104	120	56	0	400	400	88	184	200	168	392	224	0	240
100	168	248	0	400	336	392	72	144	168	152	8	248	384	384	0	400	400	392	272	352
101	400	176	40	240	8	264	344	0	32	160	288	176	408	320	288	120	280	128	152	192
102	24	200	232	400	24	0	312	136	0	328	248	160	272	248	288	88	80	216	232	0
103	200	392	248	176	376	328	56	392	288	160	96	368	376	128	232	304	392	264	72	200
104	408	64	400	408	144	200	272	408	48	256	112	352	288	272	168	168	248	168	192	320
105	248	48	288	176	400	288	16	400	16	32	376	160	192	328	168	312	192	320	272	392
106	136	88	0	304	256	112	64	248	240	304	0	0	216	48	208	24	0	408	240	64
107	224	392	208	360	288	112	48	216	192	0	80	280	176	40	184	0	336	16	88	144
108	80	208	320	32	152	88	400	112	96	264	192	56	312	336	0	0	312	152	200	152
109	0	72	64	400	272	240	288	32	328	400	0	256	352	304	72	200	104	352	248	392
110	104	144	216	240	160	264	400	248	296	344	48	376	80	232	40	72	352	0	344	184
111	0	32	0	344	80	152	320	288	216	400	392	392	152	352	184	400	128	112	232	368
112	144	352	360	96	128	376	136	88	80	360	64	248	344	112	200	344	176	0	0	80
113	208	336	0	296	208	184	328	0	184	136	272	264	336	248	248	32	320	104	168	344
114	256	160	80	232	120	0	0	304	208	0	208	336	400	288	200	8	224	400	88	240
115	176	248	304	104	256	216	368	144	8	288	392	88	200	224	232	360	392	376	112	384
116	0	160	400	416	152	160	176	392	0	72	352	192	0	264	416	408	168	320	24	280
117	120	272	0	200	256	168	8	224	16	168	64	200	272	400	328	88	0	400	40	168
118	56	392	184	248	368	128	296	400	376	136	288	224	216	96	224	320	88	64	192	384
119	280	208	8	48	344	32	400	184	360	64	384	272	176	168	304	400	168	0	104	384
120	192	224	0	96	144	104	256	0	0	136	0	112	368	232	400	144	272	136	128	360
avg	184.933	214	192.4	227.733	195.2	181.333	188.267	184.133	166.8	174.133	178.933	199.867	225.733	211.067	199.467	181.6	201.6	227.067	194.8	216.267
delay	2.30642	2.85857	2.40194	2.40398	4.1612	5.94044	5.32649	5.73425	3.35971	3.91807	4.20045	4.21147	3.48848	3.61402	3.69184	4.09978	4.09854	3.85496	3.7885	4.01541
loss	0	0	0	0	0	0	0	0	0	0	0	0	0	0	0	0	0	0	0	0
Command ['/home/ubuntu/ns-3.30-obss/build/scratch/simple-ofdma-adhoc', '--ofdmaEnabled=false', '--rtscts=1', '--startTime=60', '--totalTime=120', '--dataMode=HeMcs2', '--datarate=4e5', '--clNum=20', '--ratio=0.375', '--RngRun=136'] terminated with signal SIGSEGV. Run it under a debugger to get more information (./waf --run <program> --command-template="gdb --args %s <args>").
