Waf: Entering directory `/home/ubuntu/ns-3.30-obss/build'
Waf: Leaving directory `/home/ubuntu/ns-3.30-obss/build'
Build commands will be stored in build/compile_commands.json
'build' finished successfully (0.908s)
--------------------------Rate[Kbps]--------------------------
Time[s]	cl-1	cl-2	cl-3	cl-4	cl-5	cl-6	cl-7	cl-8	cl-9	cl-10	cl-11	cl-12	cl-13	cl-14	cl-15	cl-16	cl-17	cl-18	cl-19	cl-20
60	13.2	14.4	13.2	12.4	14.4	16	16.6	14.4	14.8	15.2	15.2	14.4	16.4	16	15.8	11.6	17.2	12.8	13.6	15.2
61	0	0	0	0	0	384	264	160	512	336	0	232	112	152	384	448	264	80	328	264
62	0	0	0	0	0	376	184	432	144	600	88	416	552	232	176	488	240	0	568	112
63	0	0	0	0	0	0	40	216	264	392	40	56	472	312	96	0	168	488	464	568
64	0	0	0	0	0	232	288	0	464	48	200	96	280	64	136	120	80	472	248	80
65	0	0	0	0	0	464	480	536	496	344	336	592	0	160	16	416	48	0	232	376
66	0	0	0	0	0	296	200	592	296	208	464	392	328	192	448	152	392	360	568	64
67	0	0	0	0	0	552	16	584	392	176	384	600	408	424	496	176	160	408	104	256
68	0	0	0	0	0	360	296	376	16	272	432	384	288	144	544	600	448	112	576	528
69	0	0	0	0	0	328	216	312	512	256	56	216	192	272	432	224	0	0	400	264
70	0	0	0	0	0	528	424	136	400	248	320	376	288	224	416	576	40	448	288	224
71	0	0	0	0	0	176	296	240	72	328	280	400	504	376	192	408	0	0	0	536
72	0	0	0	0	0	0	288	272	0	312	408	280	424	384	304	544	448	232	336	464
73	0	0	0	0	0	400	552	160	248	392	256	304	0	344	144	272	160	0	384	528
74	0	0	8	0	0	352	360	0	576	456	584	424	280	312	16	384	408	280	0	0
75	0	0	0	0	8	152	536	392	456	48	496	304	480	440	184	280	304	80	536	400
76	0	0	0	0	0	576	120	216	400	464	360	512	344	0	112	232	320	392	384	176
77	0	0	0	0	0	432	208	72	48	240	304	296	136	360	72	96	216	400	168	232
78	0	0	0	8	0	352	0	560	0	224	504	0	56	472	552	0	232	472	552	584
79	8	0	0	0	0	272	120	232	584	592	448	184	208	560	416	608	296	320	16	320
80	0	0	0	0	0	168	104	152	496	296	112	256	168	160	568	552	144	0	528	0
81	0	0	0	0	0	464	0	320	96	304	384	288	184	0	176	456	0	24	56	0
82	0	8	0	0	0	496	384	464	248	64	304	368	104	376	176	296	200	488	456	464
83	0	0	0	0	0	496	240	240	400	304	288	56	344	344	360	384	584	384	128	128
84	0	0	0	0	0	472	392	72	248	424	240	384	32	304	600	0	56	56	88	272
85	0	0	8	0	0	296	208	488	536	352	352	32	376	344	32	472	208	16	232	560
86	0	0	0	0	0	176	88	24	488	464	248	512	496	408	24	568	576	280	296	568
87	0	0	0	0	0	152	192	88	384	360	568	400	504	368	176	144	416	80	128	96
88	0	0	0	0	0	120	72	272	248	112	584	576	344	112	184	584	344	200	392	200
89	0	0	0	0	0	296	560	272	128	240	488	144	368	112	184	528	40	0	600	432
90	0	0	0	0	0	160	304	24	160	288	592	80	536	264	72	72	568	560	360	96
91	0	0	0	0	0	392	296	56	552	600	104	0	552	352	224	168	552	280	600	8
92	0	0	0	0	0	480	464	464	320	32	32	88	144	8	0	488	408	0	40	32
93	0	0	0	0	0	184	232	104	432	288	320	584	272	256	280	120	240	312	240	344
94	8	0	0	0	0	24	184	176	8	416	264	408	328	56	592	40	192	128	160	472
95	0	0	0	8	8	400	88	288	184	80	496	96	40	112	328	0	232	536	568	576
96	0	0	0	0	0	376	368	552	160	448	368	312	64	568	240	496	96	552	536	216
97	0	0	0	0	0	88	200	384	0	288	0	0	88	216	88	520	216	576	0	208
98	0	0	0	0	0	0	552	360	176	288	240	352	80	536	536	128	280	176	448	352
99	0	0	0	0	0	48	280	304	368	552	24	56	128	96	0	144	600	592	576	224
100	0	8	0	0	0	0	240	344	32	584	264	200	432	456	240	184	0	560	600	0
101	0	0	0	0	0	384	296	424	264	32	408	72	480	344	96	520	352	168	464	384
102	0	0	0	0	0	144	0	152	224	320	256	0	144	400	184	400	216	248	40	56
103	0	0	8	0	0	480	216	456	0	488	336	0	416	472	512	528	80	112	8	240
104	0	0	0	0	0	128	384	32	208	96	352	416	352	408	288	352	536	232	344	200
105	0	0	0	0	0	232	416	568	376	216	440	272	352	32	312	128	376	560	304	120
106	0	0	0	0	0	336	280	64	512	520	0	496	480	480	392	160	440	576	520	104
107	0	0	0	0	0	32	208	408	528	256	184	416	184	224	312	568	0	240	64	480
108	0	0	0	0	0	216	96	312	200	440	136	216	64	120	488	192	224	520	536	216
109	0	0	0	0	0	504	240	288	360	480	280	176	272	584	464	0	8	216	376	424
110	8	0	0	0	0	552	544	232	320	456	264	472	304	576	88	16	232	528	192	376
111	0	0	0	8	8	240	552	0	112	152	96	528	136	328	168	432	376	360	400	328
112	0	0	0	0	0	80	368	496	96	360	600	568	424	600	0	40	0	104	0	360
113	0	0	0	0	0	120	504	200	96	0	360	456	336	504	320	232	232	312	576	232
114	0	0	0	0	0	312	336	168	0	480	104	8	128	552	296	336	0	344	0	8
115	0	0	0	0	0	528	160	0	424	560	352	328	0	32	32	600	176	176	312	376
116	0	0	0	0	0	288	384	272	0	552	464	0	456	248	360	520	240	512	464	256
117	0	8	0	0	0	312	496	376	152	520	16	56	352	192	8	184	64	480	200	240
118	0	0	0	0	0	288	560	528	272	496	320	128	448	176	216	288	152	128	288	0
119	0	0	0	0	0	208	200	136	8	280	40	0	168	160	240	296	112	312	288	304
120	0	0	8	0	0	0	536	272	136	0	296	232	464	232	360	240	0	144	544	328
(1,26739)	(2,3374)	(3,0)	(4,583)	
(1,6334)	(2,264)	(3,0)	(4,17)	
(1,8108)	(2,555)	(3,0)	(4,37)	
(1,7659)	(2,735)	(3,0)	(4,34)	
(1,7721)	(2,493)	(3,0)	(4,83)	
(1,1)	(2,0)	(3,0)	(4,0)	
(1,1)	(2,0)	(3,0)	(4,0)	
(1,1)	(2,0)	(3,0)	(4,0)	
(1,1)	(2,0)	(3,0)	(4,0)	
(1,1)	(2,0)	(3,0)	(4,0)	
(1,1)	(2,0)	(3,0)	(4,0)	
(1,1)	(2,0)	(3,0)	(4,0)	
(1,1)	(2,0)	(3,0)	(4,0)	
(1,1)	(2,0)	(3,0)	(4,0)	
(1,1)	(2,0)	(3,0)	(4,0)	
(1,1)	(2,0)	(3,0)	(4,0)	
(1,1)	(2,0)	(3,0)	(4,0)	
(1,1)	(2,0)	(3,0)	(4,0)	
(1,1)	(2,0)	(3,0)	(4,0)	
(1,1)	(2,0)	(3,0)	(4,0)	
(1,1)	(2,0)	(3,0)	(4,0)	
avg	0.4	0.4	0.533333	0.4	0.4	281.733	285.2	272	263.867	323.733	292.267	268.267	281.6	292.267	255.867	306.667	233.2	276.933	318.4	270.933
delay	0.333333	90.6667	0.5	1	1	14.2858	12.8686	10.6681	20.6559	8.50906	18.5461	16.8231	10.6615	16.0931	12.8265	17.8439	21.4403	26.0857	32.0436	20.4744
loss	0	0	0	0	0	0.0793028	0.0593668	0.0616375	0.071328	0.0485893	0.0592275	0.0842057	0.0749014	0.067234	0.0756262	0.0488007	0.0736229	0.0660971	0.0587308	0.0788758
Command ['/home/ubuntu/ns-3.30-obss/build/scratch/simple-ofdma-adhoc4', '--ofdmaEnabled=true', '--startTime=60', '--totalTime=120', '--dataMode=HeMcs5', '--datarate=6e5', '--clNum=20', '--ratio=0.375', '--RngRun=27'] terminated with signal SIGSEGV. Run it under a debugger to get more information (./waf --run <program> --command-template="gdb --args %s <args>").
