Waf: Entering directory `/home/ubuntu/ns-3.30-obss/build'
Waf: Leaving directory `/home/ubuntu/ns-3.30-obss/build'
Build commands will be stored in build/compile_commands.json
'build' finished successfully (0.812s)
--------------------------Rate[Kbps]--------------------------
Time[s]	cl-1	cl-2	cl-3	cl-4	cl-5	cl-6	cl-7	cl-8	cl-9	cl-10	cl-11	cl-12	cl-13	cl-14	cl-15	cl-16	cl-17	cl-18	cl-19	cl-20
60	13.2	14.4	13.2	12.4	14.4	16	16.6	14.4	14.8	15.2	15.2	14.4	16.4	16	15.8	11.6	17.2	12.8	13.6	15.2
61	0	0	0	0	0	376	312	168	536	376	0	256	80	136	376	416	280	64	320	288
62	0	0	0	0	0	392	176	520	104	592	88	456	592	232	192	520	288	0	568	152
63	0	0	0	0	0	0	40	256	312	408	48	72	472	336	104	0	112	0	536	576
64	0	0	0	0	0	264	336	0	536	56	216	88	304	72	160	144	184	1112	272	184
65	0	0	0	0	0	528	592	576	616	352	400	680	0	192	32	480	40	0	256	416
66	0	0	0	0	0	296	224	600	296	208	480	448	256	200	480	168	384	352	616	56
67	0	0	0	0	0	608	32	584	368	200	424	576	416	480	544	168	176	376	120	256
68	0	0	0	0	0	344	288	368	16	168	432	360	200	56	536	408	456	72	544	496
69	0	0	0	0	0	152	160	240	280	120	72	112	120	216	368	248	0	0	272	184
70	0	0	0	0	0	664	424	136	480	264	312	392	344	248	408	480	40	408	376	192
71	0	0	0	0	0	192	320	248	104	312	264	456	560	440	216	424	0	0	0	632
72	0	0	0	0	0	0	320	304	0	320	496	304	520	496	296	568	416	232	368	496
73	0	0	0	0	0	504	568	184	232	416	280	336	0	448	168	248	200	0	408	552
74	0	0	8	0	0	360	384	0	648	536	576	616	264	320	24	448	392	288	0	0
75	0	0	0	0	8	136	552	400	456	32	552	328	536	496	160	264	272	80	600	456
76	0	0	0	0	0	616	120	224	496	512	376	592	312	0	128	256	320	440	392	224
77	0	0	0	0	0	488	200	80	32	264	368	320	144	408	96	112	264	464	216	272
78	0	0	0	8	0	464	0	688	8	240	536	0	64	536	640	0	280	584	608	680
79	8	0	0	0	0	280	128	232	624	648	416	224	216	592	392	568	296	328	24	320
80	0	0	0	0	0	184	104	168	536	336	128	312	216	192	672	584	152	0	648	0
81	0	0	0	0	0	632	32	408	232	320	520	368	216	0	320	600	80	208	576	136
82	0	8	0	0	0	544	608	568	264	64	296	504	264	552	176	328	136	544	88	552
83	0	0	0	0	0	440	264	272	480	352	296	56	368	408	408	352	568	424	144	160
84	0	0	0	0	0	584	384	72	296	416	320	488	40	344	648	0	48	40	120	280
85	0	0	8	0	0	336	192	560	528	328	376	16	408	376	24	512	208	16	240	584
86	0	0	0	0	0	176	56	32	472	440	224	472	536	352	8	568	592	296	344	592
87	0	0	0	0	0	152	184	104	392	368	648	448	584	392	192	168	464	96	144	104
88	0	0	0	0	0	144	88	296	248	112	656	608	392	120	216	616	376	216	424	240
89	0	0	0	0	0	368	576	280	128	288	552	152	488	104	216	544	24	0	640	472
90	0	0	0	0	0	168	304	24	160	344	704	80	608	288	88	72	632	632	392	144
91	0	0	0	0	0	440	296	72	584	680	120	0	648	360	248	176	592	296	640	8
92	0	0	0	0	0	600	680	680	520	64	296	288	160	8	0	496	496	56	120	32
93	0	0	0	0	0	136	352	184	424	312	144	608	408	408	432	80	376	296	400	464
94	8	0	0	0	0	16	120	176	0	464	248	368	184	64	256	0	192	152	184	480
95	0	0	0	8	8	320	96	176	144	64	440	128	192	80	632	16	152	352	360	432
96	0	0	0	0	0	312	344	568	128	408	384	272	80	536	224	512	64	520	584	264
97	0	0	0	0	0	128	224	408	0	336	0	0	112	272	96	600	272	696	0	256
98	0	0	0	0	0	0	608	344	176	368	224	384	64	584	544	120	288	216	464	352
99	0	0	0	0	0	40	336	328	456	632	16	48	136	56	0	136	640	544	576	224
100	0	8	0	0	0	0	240	400	32	664	312	224	456	536	272	200	8	0	504	0
101	0	0	0	0	0	376	272	408	232	32	432	80	528	400	80	520	368	760	584	376
102	0	0	0	0	0	200	0	216	376	480	336	8	88	464	272	464	320	360	80	64
103	0	0	8	0	0	512	208	432	0	624	424	0	448	488	640	640	48	144	16	184
104	0	0	0	0	0	144	456	16	208	56	312	472	416	424	352	392	496	264	368	208
105	0	0	0	0	0	208	496	584	384	168	512	200	328	32	328	112	376	608	288	144
106	0	0	0	0	0	360	240	56	520	480	0	512	416	512	400	168	368	560	488	112
107	0	0	0	0	0	48	264	440	472	272	136	448	232	216	360	608	0	256	72	528
108	0	0	0	0	0	240	88	344	200	520	176	280	72	136	544	192	232	544	616	224
109	0	0	0	0	0	624	232	304	336	568	320	176	232	624	488	0	0	320	448	632
110	8	0	0	0	0	656	608	264	360	440	296	392	264	536	128	8	248	472	184	312
111	0	0	0	8	8	288	656	0	112	168	136	656	144	368	160	464	480	408	480	344
112	0	0	0	0	0	88	392	600	104	400	680	632	448	688	8	40	0	128	0	416
113	0	0	0	0	0	144	480	224	64	0	384	504	344	584	304	280	280	304	640	240
114	0	0	0	0	0	408	352	160	0	504	160	16	160	664	320	336	0	416	0	32
115	0	0	0	0	0	592	200	0	464	560	360	344	0	32	40	648	200	200	328	432
116	0	0	0	0	0	272	392	264	0	608	560	0	464	312	400	528	208	544	512	296
117	0	8	0	0	0	352	584	448	168	552	16	64	400	232	16	232	72	576	240	272
118	0	0	0	0	0	248	648	600	296	560	296	144	416	200	248	272	176	168	336	0
119	0	0	0	0	0	336	328	160	0	600	88	0	248	304	432	584	112	552	424	528
120	0	0	8	0	0	0	624	304	160	0	312	248	520	264	400	264	0	152	648	376
(1,20285)	(2,7554)	(3,0)	(4,1539)	
(1,6527)	(2,616)	(3,0)	(4,20)	
(1,7917)	(2,1235)	(3,0)	(4,40)	
(1,7727)	(2,1193)	(3,0)	(4,81)	
(1,7259)	(2,1272)	(3,0)	(4,90)	
(1,1)	(2,0)	(3,0)	(4,0)	
(1,1)	(2,0)	(3,0)	(4,0)	
(1,1)	(2,0)	(3,0)	(4,0)	
(1,1)	(2,0)	(3,0)	(4,0)	
(1,1)	(2,0)	(3,0)	(4,0)	
(1,1)	(2,0)	(3,0)	(4,0)	
(1,1)	(2,0)	(3,0)	(4,0)	
(1,1)	(2,0)	(3,0)	(4,0)	
(1,1)	(2,0)	(3,0)	(4,0)	
(1,1)	(2,0)	(3,0)	(4,0)	
(1,1)	(2,0)	(3,0)	(4,0)	
(1,1)	(2,0)	(3,0)	(4,0)	
(1,1)	(2,0)	(3,0)	(4,0)	
(1,1)	(2,0)	(3,0)	(4,0)	
(1,1)	(2,0)	(3,0)	(4,0)	
(1,1)	(2,0)	(3,0)	(4,0)	
avg	0.4	0.4	0.533333	0.4	0.4	308	313.067	295.867	280	349.6	319.6	293.6	302.133	323.6	281.867	322.533	245.733	302.267	347.333	298.8
delay	2	1	1.5	135	31.3333	10.5831	9.41312	10.0329	13.6426	5.37681	10.0622	10.3901	16.955	11.129	32.4063	12.499	12.446	69.7737	17.7209	16.7934
loss	0	0	0	0	0	0.135479	0.109932	0.12084	0.149737	0.118655	0.114191	0.137147	0.139385	0.119376	0.126807	0.14037	0.161129	0.130084	0.120527	0.133075
Command ['/home/ubuntu/ns-3.30-obss/build/scratch/simple-ofdma-adhoc4', '--ofdmaEnabled=true', '--startTime=60', '--totalTime=120', '--dataMode=HeMcs3', '--datarate=7e5', '--clNum=20', '--ratio=0.375', '--RngRun=27'] terminated with signal SIGSEGV. Run it under a debugger to get more information (./waf --run <program> --command-template="gdb --args %s <args>").
