Waf: Entering directory `/home/ubuntu/ns-3.30-obss/build'
Waf: Leaving directory `/home/ubuntu/ns-3.30-obss/build'
Build commands will be stored in build/compile_commands.json
'build' finished successfully (0.651s)
--------------------------Rate[Kbps]--------------------------
Time[s]	cl-1	cl-2	cl-3	cl-4	cl-5	cl-6	cl-7	cl-8	cl-9	cl-10	cl-11	cl-12	cl-13	cl-14	cl-15	cl-16	cl-17	cl-18	cl-19	cl-20
60	14.8	14.4	16.4	15.4	17.6	13.2	16.2	16.4	13.8	13.8	16.8	14.8	12.6	13.8	15.4	16.4	14.4	16.2	16.6	16.2
61	0	0	0	0	0	64	128	88	112	152	184	40	0	280	112	40	48	280	128	120
62	0	0	0	0	0	176	96	296	296	248	0	16	88	240	168	8	96	80	160	80
63	0	0	0	0	0	184	120	112	104	0	32	72	48	48	88	272	104	48	8	88
64	0	0	0	0	0	232	16	168	8	104	152	296	136	272	304	40	176	272	16	24
65	0	0	0	0	0	192	72	64	8	280	248	120	136	248	208	40	192	200	272	176
66	0	0	0	0	0	8	0	128	264	128	160	304	0	16	288	216	0	88	88	232
67	0	0	0	0	0	152	160	176	192	48	224	128	152	24	288	144	240	0	184	152
68	0	0	0	0	0	136	256	264	0	152	296	296	240	288	200	0	168	120	216	216
69	0	0	0	0	0	80	72	96	256	128	144	192	88	40	288	48	224	0	0	288
70	0	0	0	0	0	72	32	208	168	56	240	208	96	168	56	272	48	152	152	280
71	0	0	0	0	0	272	232	0	216	272	104	16	272	184	224	296	16	16	24	216
72	0	0	0	0	0	56	96	48	0	192	0	264	32	216	96	96	40	264	200	240
73	0	0	0	0	0	168	0	192	136	120	240	296	160	144	304	40	192	304	248	208
74	0	0	0	0	8	296	64	264	184	24	0	136	88	112	88	296	152	56	168	0
75	0	8	0	0	0	88	32	80	176	288	32	280	0	280	24	288	288	0	80	208
76	8	0	0	0	0	160	184	224	264	72	144	56	40	80	232	272	176	160	0	152
77	0	0	0	0	0	0	168	0	216	96	240	88	136	112	112	160	168	256	120	200
78	0	0	8	0	0	152	120	216	128	224	24	88	88	232	208	24	256	240	8	48
79	0	0	0	0	0	0	88	120	296	0	232	280	120	64	40	304	0	144	144	128
80	0	0	0	0	0	128	144	200	160	168	16	264	296	184	296	248	72	152	112	88
81	0	0	0	0	0	192	8	104	288	136	96	96	80	232	232	8	264	184	168	24
82	0	0	0	0	0	144	80	88	192	136	128	32	256	256	224	144	272	160	56	288
83	0	0	0	8	0	296	224	0	48	88	232	184	80	152	136	112	64	304	200	160
84	0	0	0	0	0	0	296	16	296	80	216	104	80	176	304	88	216	80	200	224
85	0	0	0	0	0	224	128	88	256	48	144	104	136	152	248	288	296	104	8	160
86	0	8	0	0	0	208	64	272	296	264	184	128	0	120	120	248	280	104	0	208
87	0	0	0	0	0	56	200	144	64	168	224	0	280	232	224	136	136	0	56	192
88	0	0	0	0	0	224	88	256	128	144	96	208	64	200	216	184	120	152	176	0
89	0	0	0	0	0	24	264	80	144	280	104	264	0	64	256	104	184	0	296	0
90	0	0	0	0	0	144	128	0	208	168	136	104	200	216	288	40	88	256	216	240
91	0	0	8	0	0	176	120	288	0	112	144	112	160	200	176	272	64	136	224	24
92	0	0	0	0	8	0	168	144	96	120	128	216	200	0	144	112	296	0	224	184
93	0	0	0	0	0	232	184	280	56	288	0	264	272	64	256	224	240	24	0	80
94	8	0	0	0	0	272	128	232	304	288	8	112	0	72	288	192	144	0	120	304
95	0	0	0	0	0	0	32	160	184	96	144	224	136	40	176	144	128	88	248	56
96	0	0	0	0	0	240	216	272	144	128	24	80	104	64	0	304	296	296	80	0
97	0	0	0	8	0	152	144	152	16	8	56	304	240	272	192	184	48	168	16	152
98	0	0	0	0	0	0	0	184	144	232	152	72	160	280	40	0	104	296	280	200
99	0	0	0	0	0	16	168	232	288	0	248	8	296	264	56	232	232	168	184	192
100	0	0	0	0	0	0	184	0	112	264	272	64	128	168	64	112	80	296	112	0
101	0	0	0	0	0	240	40	152	88	48	208	40	0	112	200	304	40	168	56	128
102	0	0	0	0	0	232	0	120	72	224	8	32	168	264	184	120	272	144	80	296
103	0	0	8	0	0	96	168	24	120	144	8	40	160	200	64	208	40	48	288	280
104	0	0	0	0	0	240	216	72	304	16	64	288	152	0	184	72	288	0	112	296
105	0	8	0	0	0	224	48	136	88	128	8	248	0	256	192	160	176	104	112	216
106	0	0	0	0	0	88	72	48	104	184	248	272	176	280	272	104	240	176	0	72
107	0	0	0	0	0	160	280	64	288	112	176	128	0	256	184	0	272	0	24	232
108	8	0	0	0	0	224	144	64	112	0	16	72	64	200	0	240	96	216	16	288
109	0	0	0	0	0	64	0	0	280	280	96	0	216	144	152	160	304	48	0	80
110	0	0	0	0	0	72	24	168	176	304	0	72	88	80	296	80	8	32	224	0
111	0	0	0	0	0	8	88	96	112	16	160	248	304	152	168	304	152	96	304	248
112	0	0	0	0	0	216	8	232	240	16	112	120	256	0	216	152	296	208	152	88
113	0	0	0	8	0	152	136	104	0	192	80	176	248	80	120	0	208	96	112	144
114	0	0	0	0	0	16	112	0	144	280	168	256	176	192	80	16	264	240	104	192
115	0	0	0	0	0	24	40	256	104	64	240	40	232	304	0	0	112	112	272	296
116	0	0	0	0	0	56	32	0	40	288	136	120	304	64	32	8	216	72	248	112
117	0	0	0	0	0	96	88	192	296	240	0	184	24	0	0	40	160	296	112	24
118	0	0	0	0	0	280	112	144	112	176	176	184	32	128	232	0	184	144	80	96
119	0	0	0	0	8	56	296	56	88	8	152	272	168	0	64	48	64	72	240	136
120	0	0	0	0	0	112	192	0	256	24	208	112	168	136	224	0	56	0	216	200
(1,16891)	(2,600)	(3,0)	(4,1)	
(1,3253)	(2,47)	(3,0)	(4,0)	
(1,4523)	(2,77)	(3,0)	(4,12)	
(1,4595)	(2,121)	(3,0)	(4,0)	
(1,4604)	(2,69)	(3,0)	(4,0)	
(1,3052)	(2,73)	(3,0)	(4,0)	
(1,1)	(2,0)	(3,0)	(4,0)	
(1,1)	(2,0)	(3,0)	(4,0)	
(1,1)	(2,0)	(3,0)	(4,0)	
(1,1)	(2,0)	(3,0)	(4,0)	
(1,1)	(2,0)	(3,0)	(4,0)	
(1,1)	(2,0)	(3,0)	(4,0)	
(1,1)	(2,0)	(3,0)	(4,0)	
(1,1)	(2,0)	(3,0)	(4,0)	
(1,1)	(2,0)	(3,0)	(4,0)	
(1,1)	(2,0)	(3,0)	(4,0)	
(1,1)	(2,0)	(3,0)	(4,0)	
(1,1)	(2,0)	(3,0)	(4,0)	
(1,1)	(2,0)	(3,0)	(4,0)	
(1,1)	(2,0)	(3,0)	(4,0)	
(1,1)	(2,0)	(3,0)	(4,0)	
avg	0.4	0.4	0.4	0.4	0.4	131.2	116.667	131.067	157.867	142.4	128.533	150.4	133.733	155.067	168.8	137.467	160.933	132	132.4	154.267
delay	0.666667	0.333333	0.333333	0.333333	1.33333	1.82419	1.952	1.96541	9.21537	2.61049	18.7272	1.68528	1.22233	1.34394	1.36335	1.14646	1.26346	1.2202	1.19738	1.08384
loss	0	0	0	0	0.25	0.0565676	0.0520043	0.0647003	0.0255144	0.021978	0.0213198	0.0225303	0.0224172	0.0348548	0.0269024	0.0115053	0.0226721	0.0236686	0.0312195	0.00430293
Command ['/home/ubuntu/ns-3.30-obss/build/scratch/simple-ofdma-adhoc4', '--ofdmaEnabled=true', '--startTime=60', '--totalTime=120', '--dataMode=HeMcs6', '--datarate=3e5', '--clNum=20', '--ratio=0.375', '--RngRun=11'] terminated with signal SIGSEGV. Run it under a debugger to get more information (./waf --run <program> --command-template="gdb --args %s <args>").
