Waf: Entering directory `/home/ubuntu/ns-3.30-obss/build'
Waf: Leaving directory `/home/ubuntu/ns-3.30-obss/build'
Build commands will be stored in build/compile_commands.json
'build' finished successfully (0.641s)
--------------------------Rate[Kbps]--------------------------
Time[s]	cl-1	cl-2	cl-3	cl-4	cl-5	cl-6	cl-7	cl-8	cl-9	cl-10	cl-11	cl-12	cl-13	cl-14	cl-15	cl-16	cl-17	cl-18	cl-19	cl-20
60	14.8	14.4	16.4	15.4	17.6	13.2	16.2	16.4	13.8	13.8	16.8	14.8	12.6	13.8	15.4	16.4	14.4	16.2	16.6	16.2
61	0	0	0	0	0	120	312	264	248	344	400	88	0	672	208	80	72	616	288	264
62	0	0	0	0	0	368	192	680	672	528	0	24	184	544	360	32	184	208	344	160
63	0	0	0	0	0	360	200	296	232	0	80	160	112	120	216	552	232	104	16	216
64	0	0	0	0	0	448	40	424	8	232	312	680	304	656	704	96	336	576	48	40
65	0	0	0	0	0	424	144	152	16	648	528	272	296	560	464	88	408	488	656	304
66	0	0	0	0	0	24	0	280	656	296	344	680	0	24	688	448	0	192	208	536
67	0	0	0	0	0	312	368	400	472	96	520	264	328	48	640	296	520	0	408	352
68	0	0	0	0	0	248	328	464	0	280	584	632	408	496	344	0	352	232	352	488
69	0	0	0	0	0	0	56	72	584	304	296	440	200	88	680	104	504	0	0	648
70	0	0	0	0	0	304	88	496	328	88	480	448	168	352	96	528	80	328	296	568
71	0	0	0	0	0	640	312	0	408	592	240	32	576	432	448	656	32	56	56	344
72	0	0	0	0	0	120	232	96	0	456	0	640	56	536	208	216	88	616	480	496
73	0	0	0	0	0	344	0	408	280	264	520	632	368	288	680	96	400	672	680	456
74	0	0	0	0	8	576	136	696	464	40	0	328	176	280	176	624	352	136	392	0
75	0	8	0	0	0	192	56	192	392	648	96	664	0	640	32	624	656	0	192	464
76	8	0	0	0	0	328	328	464	448	160	288	112	64	208	488	592	360	328	0	240
77	0	0	0	0	0	0	336	0	496	224	512	184	296	232	240	352	352	560	296	448
78	0	0	8	0	0	272	376	408	232	504	64	184	192	544	416	56	488	552	16	104
79	0	0	0	0	0	0	112	208	608	0	528	632	256	136	88	664	0	328	336	288
80	0	0	0	0	0	248	176	264	368	352	48	520	616	400	640	544	144	320	240	200
81	0	0	0	0	0	464	24	184	624	312	192	232	200	552	520	24	568	496	368	40
82	0	0	0	0	0	304	136	168	392	312	264	72	536	528	504	304	608	320	144	552
83	0	0	0	8	0	520	360	0	88	168	464	408	168	344	264	272	168	664	472	384
84	0	0	0	0	0	8	576	80	696	176	448	216	160	400	600	208	480	176	392	504
85	0	0	0	0	0	456	296	104	640	96	376	224	248	352	544	624	632	208	32	376
86	0	8	0	0	0	536	136	488	600	608	352	256	0	280	232	592	624	160	0	352
87	0	0	0	0	0	112	448	272	120	312	512	0	632	528	416	272	304	0	88	392
88	0	0	0	0	0	448	208	496	224	288	200	464	112	432	472	368	232	384	416	0
89	0	0	0	0	0	40	576	176	336	640	264	680	0	120	592	208	392	0	664	8
90	0	0	0	0	0	240	192	0	424	376	248	240	400	456	560	80	176	544	432	440
91	0	0	8	0	0	360	240	600	16	240	328	288	320	416	368	624	120	280	456	56
92	0	0	0	0	8	0	392	352	216	240	264	448	408	0	408	208	640	0	456	392
93	0	0	0	0	0	432	376	640	112	592	0	528	568	152	640	424	472	48	0	152
94	8	0	0	0	0	616	224	456	600	576	16	240	8	144	680	336	296	0	272	640
95	0	0	0	0	0	0	72	344	424	240	312	504	304	88	408	352	296	192	576	144
96	0	0	0	0	0	432	464	496	232	272	40	184	192	88	0	600	584	632	184	0
97	0	0	0	8	0	272	224	312	16	24	80	672	504	584	384	448	72	456	32	336
98	0	0	0	0	0	0	0	376	304	464	320	168	328	568	120	0	256	664	680	448
99	0	0	0	0	0	0	296	472	584	0	536	16	672	536	112	464	536	304	448	440
100	0	0	0	0	0	0	400	0	288	624	688	144	264	344	160	240	184	680	240	0
101	0	0	0	0	0	528	96	368	160	104	400	80	0	256	440	688	72	368	120	296
102	0	0	0	0	0	376	0	296	144	392	24	88	440	624	416	288	608	272	136	584
103	0	0	8	0	0	168	416	64	280	312	24	72	408	424	144	408	96	112	584	560
104	0	0	0	0	0	584	576	176	640	32	104	664	344	0	416	104	608	0	216	576
105	0	8	0	0	8	416	72	192	200	280	16	552	0	600	432	368	376	200	272	472
106	0	0	0	0	0	224	168	88	248	360	536	680	320	616	624	192	568	440	0	128
107	0	0	0	0	0	312	632	160	680	240	408	352	0	504	392	0	672	0	72	512
108	8	0	0	0	0	512	328	144	248	0	16	176	168	464	0	552	224	472	32	680
109	0	0	0	0	0	120	0	0	632	632	208	0	504	416	336	360	656	104	0	168
110	0	0	0	0	0	168	48	352	400	656	0	144	216	184	640	176	24	72	520	0
111	0	0	0	0	0	32	160	256	288	48	368	552	680	336	376	688	328	224	672	592
112	0	0	0	0	0	512	16	632	544	24	256	288	576	0	600	304	664	456	360	240
113	0	0	0	8	0	296	280	200	0	432	168	392	552	184	272	8	496	208	264	336
114	0	0	0	0	0	32	240	0	320	624	408	568	400	456	168	40	560	544	216	424
115	0	0	0	0	0	40	88	528	208	96	528	64	512	608	0	0	208	304	632	696
116	0	0	0	0	0	80	104	0	48	384	296	8	376	8	0	8	200	0	128	216
117	0	0	0	0	0	176	224	392	600	648	0	568	208	104	32	72	464	712	448	48
118	0	0	0	0	0	560	280	240	232	360	408	424	80	288	536	0	408	280	176	216
119	0	0	0	0	8	112	632	128	176	16	320	680	352	0	136	104	152	176	536	296
120	0	0	0	0	0	248	432	0	568	64	480	248	432	312	512	0	136	0	464	464
(1,27417)	(2,5622)	(3,0)	(4,360)	
(1,6740)	(2,183)	(3,0)	(4,27)	
(1,8999)	(2,660)	(3,0)	(4,2)	
(1,9120)	(2,739)	(3,0)	(4,8)	
(1,8672)	(2,698)	(3,0)	(4,55)	
(1,6058)	(2,256)	(3,0)	(4,19)	
(1,1)	(2,0)	(3,0)	(4,0)	
(1,1)	(2,0)	(3,0)	(4,0)	
(1,1)	(2,0)	(3,0)	(4,0)	
(1,1)	(2,0)	(3,0)	(4,0)	
(1,1)	(2,0)	(3,0)	(4,0)	
(1,1)	(2,0)	(3,0)	(4,0)	
(1,1)	(2,0)	(3,0)	(4,0)	
(1,1)	(2,0)	(3,0)	(4,0)	
(1,1)	(2,0)	(3,0)	(4,0)	
(1,1)	(2,0)	(3,0)	(4,0)	
(1,1)	(2,0)	(3,0)	(4,0)	
(1,1)	(2,0)	(3,0)	(4,0)	
(1,1)	(2,0)	(3,0)	(4,0)	
(1,1)	(2,0)	(3,0)	(4,0)	
(1,1)	(2,0)	(3,0)	(4,0)	
avg	0.4	0.4	0.4	0.4	0.533333	267.733	237.067	274.933	341.067	305.333	278.533	336.667	286.533	342.533	371.2	294.267	345.333	291.067	291.733	329.6
delay	0.666667	1	0.666667	1	1.75	7.72809	6.60911	8.17402	2.20211	6.6607	1.70177	3.73001	6.86785	3.76178	2.35093	1.80109	17.4857	4.87128	11.425	6.98827
loss	0	0	0	0	0	0.161236	0.167603	0.151378	0.0854487	0.0843663	0.0845749	0.0528684	0.0878608	0.0785509	0.0811881	0.0876395	0.0851289	0.0654966	0.0645575	0.084752
Command ['/home/ubuntu/ns-3.30-obss/build/scratch/simple-ofdma-adhoc4', '--ofdmaEnabled=true', '--startTime=60', '--totalTime=120', '--dataMode=HeMcs6', '--datarate=7e5', '--clNum=20', '--ratio=0.375', '--RngRun=11'] terminated with signal SIGSEGV. Run it under a debugger to get more information (./waf --run <program> --command-template="gdb --args %s <args>").
