Waf: Entering directory `/home/synrg/Documents/Jiaming/ns-3.30-obss/build'
Waf: Leaving directory `/home/synrg/Documents/Jiaming/ns-3.30-obss/build'
Build commands will be stored in build/compile_commands.json
'build' finished successfully (0.461s)
--------------------------Rate[Kbps]--------------------------
Time[s]	cl-1	cl-2	cl-3	cl-4	cl-5	cl-6	cl-7	cl-8	cl-9	cl-10	cl-11	cl-12	cl-13	cl-14	cl-15	cl-16	cl-17	cl-18	cl-19	cl-20
60	16.8	12.8	16.4	14.4	15.8	16.2	11.4	14.4	16	15	15.6	13.2	15.8	16.6	15.2	16.8	16.2	13.6	12.4	15.4
61	456	448	456	440	456	304	264	288	368	328	264	312	400	336	272	328	416	328	256	288
62	480	464	480	480	408	336	256	272	416	352	336	360	384	336	296	336	440	336	256	280
63	496	472	480	472	488	352	312	344	424	328	312	344	416	336	288	320	416	376	312	352
64	472	448	456	424	448	296	272	296	416	360	288	328	392	384	280	320	392	368	304	328
65	472	464	456	456	432	312	264	264	408	288	240	264	384	336	264	312	432	328	248	304
66	472	464	472	464	440	376	288	312	424	384	360	384	416	400	352	368	408	360	312	320
67	480	472	480	496	456	320	288	312	392	336	296	368	384	304	288	384	416	344	296	360
68	464	480	464	472	440	280	208	296	392	328	304	360	424	328	280	312	400	288	208	288
69	496	480	456	480	440	352	288	312	440	360	320	336	376	384	328	328	416	376	320	336
70	480	480	472	488	464	368	320	320	352	344	320	360	368	296	272	288	368	368	288	336
71	488	496	496	472	424	296	208	232	416	320	280	312	328	328	224	280	464	352	272	296
72	480	448	472	456	472	176	320	328	440	328	328	384	424	384	304	344	424	384	304	344
73	496	480	464	496	440	552	272	264	400	320	304	360	408	320	248	288	400	312	272	280
74	488	456	448	472	408	320	288	272	440	384	312	376	432	344	280	336	440	320	280	336
75	488	480	480	464	456	312	288	264	400	328	296	384	416	328	256	336	368	320	248	344
76	488	480	464	472	432	304	264	288	400	312	312	368	392	312	264	296	360	304	240	320
77	488	496	488	472	448	352	272	280	440	360	320	352	456	344	320	384	512	296	248	296
78	480	464	472	464	416	272	280	256	392	336	280	344	440	288	216	296	392	304	240	296
79	480	488	480	496	480	336	312	304	416	344	320	376	440	400	336	352	424	328	256	320
80	496	464	488	496	432	352	312	312	424	360	328	368	432	336	320	360	400	336	296	368
81	496	480	480	496	456	320	272	288	360	304	304	344	320	296	304	296	392	312	224	256
82	464	464	480	464	448	304	296	320	392	344	320	368	512	344	280	336	448	264	232	296
83	488	480	472	488	456	264	240	272	384	384	352	400	376	344	288	328	424	336	248	280
84	480	472	480	456	472	360	320	344	408	392	336	368	464	376	360	392	424	352	296	336
85	480	472	488	488	480	248	304	280	424	328	288	368	440	328	288	304	352	304	240	280
86	488	488	488	472	440	376	296	328	424	368	376	408	440	360	360	416	416	352	320	376
87	488	488	496	496	448	368	232	256	408	328	280	336	376	304	240	296	384	312	232	232
88	488	448	456	472	344	280	176	184	384	280	272	280	416	272	224	256	392	288	232	280
89	472	480	472	464	432	304	272	264	432	328	312	328	376	384	288	304	424	336	256	296
90	488	472	472	472	400	248	240	288	408	328	312	368	208	360	304	344	440	328	264	312
91	480	472	480	472	440	392	224	288	408	336	304	320	616	328	288	328	352	360	256	320
92	488	432	456	448	440	336	280	280	440	312	304	376	400	352	304	360	472	288	232	280
93	480	448	488	448	424	272	184	232	416	312	280	400	440	312	248	328	392	312	256	312
94	496	488	488	488	448	360	360	352	408	368	360	384	440	376	360	400	456	328	312	352
95	488	456	472	480	440	320	264	248	376	304	280	320	416	344	296	336	312	320	256	312
96	472	456	432	456	432	320	256	256	376	328	320	368	400	344	288	304	416	328	280	304
97	472	448	464	464	472	296	312	328	376	328	320	360	440	352	312	344	392	336	272	280
98	464	456	456	448	424	392	256	272	424	392	368	392	416	368	288	320	416	336	280	296
99	488	472	480	440	456	336	240	288	400	288	304	344	408	312	256	288	440	328	248	264
100	488	464	480	480	448	256	200	248	368	328	280	328	352	320	272	296	376	320	240	288
101	472	432	432	440	456	352	312	288	456	320	280	336	400	352	320	368	456	360	280	336
102	472	480	472	472	432	400	320	320	408	312	312	328	352	392	368	376	424	328	288	320
103	504	480	504	496	392	240	240	224	416	296	288	360	440	296	248	320	432	304	232	304
104	464	456	480	456	432	264	208	224	392	304	256	312	368	296	248	272	352	248	208	224
105	504	496	488	496	408	184	240	264	392	368	360	400	416	320	280	312	416	352	272	320
106	464	456	448	448	456	480	296	336	432	320	312	392	424	336	288	352	384	320	232	280
107	472	464	472	472	464	336	272	288	424	344	320	392	424	272	224	296	408	360	272	328
108	472	488	496	488	432	360	304	328	392	344	312	352	456	344	296	336	440	320	264	296
109	488	480	480	480	424	384	352	360	416	408	352	368	440	408	352	360	400	384	352	416
110	472	472	480	464	424	288	264	296	440	352	336	408	448	352	320	368	432	360	320	352
111	488	480	488	496	480	320	360	384	416	392	352	400	392	416	384	408	432	400	344	352
112	488	464	464	448	440	200	328	320	432	376	344	376	456	416	376	384	360	392	344	384
113	496	496	472	488	456	440	256	256	376	352	328	360	120	344	288	312	480	320	256	288
114	480	472	480	480	464	376	304	304	368	328	320	352	704	336	288	312	344	328	272	288
115	496	464	480	496	448	208	296	328	416	296	280	344	408	328	312	344	416	352	312	392
116	488	456	480	488	440	520	280	304	448	368	352	416	432	352	336	368	400	360	312	344
117	472	488	496	480	416	208	280	288	328	384	336	368	384	296	272	320	424	304	232	272
118	480	472	480	480	432	416	248	248	488	344	344	392	288	360	336	384	400	320	256	312
119	496	472	496	488	432	328	304	304	432	296	280	352	560	328	272	336	456	360	256	320
120	456	440	456	448	416	296	264	256	392	352	304	336	440	344	280	296	376	312	280	320
avg	481.867	469.467	474.133	472.133	440.4	325.333	275.467	289.2	408	338.933	312.667	359.067	412	341.467	293.733	332.8	410.667	332.533	270.267	313.2
delay	2.36635	3.61091	3.57452	3.5538	6.23161	62.7497	10.8665	10.9682	17.3451	11.8851	11.6136	11.4501	45.2456	15.5051	15.0844	14.8886	36.5024	18.0721	17.714	17.5817
loss	0.0308394	0.0514547	0.0448563	0.0488853	0.101713	0.309867	0.407736	0.379823	0.158647	0.285955	0.335506	0.249024	0.152728	0.281346	0.373614	0.298285	0.152407	0.29792	0.417576	0.334843
Command ['/home/synrg/Documents/Jiaming/ns-3.30-obss/build/scratch/simple-ofdma-adhoc', '--ofdmaEnabled=true', '--startTime=60', '--totalTime=120', '--dataMode=HeMcs5', '--datarate=5e5', '--clNum=20', '--ratio=0.375', '--RngRun=83'] terminated with signal SIGSEGV. Run it under a debugger to get more information (./waf --run <program> --command-template="gdb --args %s <args>").
