Waf: Entering directory `/home/ubuntu/ns-3.30-obss/build'
Waf: Leaving directory `/home/ubuntu/ns-3.30-obss/build'
Build commands will be stored in build/compile_commands.json
'build' finished successfully (0.740s)
--------------------------Rate[Kbps]--------------------------
Time[s]	cl-1	cl-2	cl-3	cl-4	cl-5	cl-6	cl-7	cl-8	cl-9	cl-10
60	14.4	17.4	14.2	16.2	13.8	16.8	15.8	17.4	19.4	15.4
61	0	0	168	0	16	24	0	56	0	0
62	0	0	16	104	152	80	16	184	48	144
63	0	0	144	88	0	128	40	96	104	40
64	0	0	104	112	152	128	0	160	112	72
65	0	0	160	152	168	88	32	88	24	144
66	0	0	72	152	56	200	128	112	80	80
67	0	0	0	72	72	168	120	88	96	128
68	0	0	112	0	120	80	200	24	128	16
69	0	0	120	16	0	32	160	80	32	72
70	0	0	168	0	64	136	200	0	0	184
71	0	0	0	152	120	192	72	128	136	88
72	0	0	168	136	200	144	160	80	56	0
73	0	0	56	32	120	136	0	40	120	160
74	0	0	8	40	16	200	192	168	64	168
75	0	0	8	200	16	152	128	16	176	120
76	0	0	56	184	200	72	160	192	72	128
77	0	0	184	64	128	128	72	40	200	104
78	0	0	184	16	8	24	104	136	72	8
79	0	0	0	8	136	112	152	200	200	104
80	0	0	168	64	128	96	24	56	184	48
81	0	0	88	8	184	0	0	0	120	56
82	0	0	136	136	136	72	48	48	200	8
83	0	0	80	200	24	152	104	32	152	200
84	0	0	112	152	136	0	168	88	80	176
85	0	0	0	120	0	120	88	184	72	120
86	0	0	96	144	72	112	64	32	96	24
87	0	0	96	72	0	96	0	104	16	200
88	0	0	96	136	72	200	56	136	128	24
89	0	0	104	48	160	56	88	56	24	40
90	0	0	200	160	200	200	160	128	64	168
91	0	0	16	80	56	128	160	168	80	176
92	0	0	88	184	160	24	72	48	72	40
93	0	0	112	184	128	176	112	104	40	96
94	0	0	144	152	184	192	80	152	16	0
95	0	0	144	8	88	112	192	168	32	160
96	0	0	64	96	0	80	152	72	152	8
97	0	0	136	152	168	160	192	0	0	112
98	0	0	136	120	184	0	80	72	56	0
99	0	0	0	96	88	136	144	0	200	144
100	0	0	64	192	184	128	128	184	24	176
101	0	0	200	88	104	176	0	32	0	120
102	0	0	128	32	48	128	56	24	128	40
103	0	0	160	200	56	0	104	8	0	200
104	0	0	128	64	56	176	128	120	24	144
105	0	0	48	48	16	88	136	120	48	88
106	0	0	72	144	200	32	96	0	40	40
107	0	0	200	200	152	16	24	136	24	200
108	0	0	120	48	192	80	200	200	96	176
109	0	0	24	184	104	192	56	120	160	200
110	0	0	16	72	40	88	8	128	192	184
111	0	0	40	8	24	48	152	80	48	160
112	0	0	176	160	120	120	32	8	96	48
113	0	0	88	104	176	192	152	56	200	120
114	0	0	16	0	88	184	200	48	24	0
115	0	0	16	112	8	104	144	128	160	32
116	0	0	200	200	136	176	144	0	168	200
117	0	0	168	72	40	32	80	64	200	80
118	0	0	200	72	40	104	48	112	184	32
119	0	0	48	120	112	0	56	96	80	80
120	0	0	16	200	200	160	184	144	32	72
(1,6724)	(2,14)	(3,0)	(4,0)	
(1,3377)	(2,7)	(3,0)	(4,0)	
(1,3162)	(2,18)	(3,0)	(4,0)	
(1,1)	(2,0)	(3,0)	(4,0)	
(1,1)	(2,0)	(3,0)	(4,0)	
(1,1)	(2,0)	(3,0)	(4,0)	
(1,1)	(2,0)	(3,0)	(4,0)	
(1,1)	(2,0)	(3,0)	(4,0)	
(1,1)	(2,0)	(3,0)	(4,0)	
(1,1)	(2,0)	(3,0)	(4,0)	
(1,1)	(2,0)	(3,0)	(4,0)	
avg	0	0	97.8667	102.667	100.133	109.333	100.8	89.0667	90.5333	99.2
delay	0.291667	0.241379	0.963215	0.993506	0.924101	0.964634	1.01058	0.976048	0.980854	0.959677
loss	0	0	0.00542005	0.00259067	0.00132979	0.0036452	0.00526316	0.00742942	0.00293686	0.00401606
Command ['/home/ubuntu/ns-3.30-obss/build/scratch/simple-ofdma-adhoc4', '--ofdmaEnabled=true', '--startTime=60', '--totalTime=120', '--dataMode=HeMcs7', '--datarate=2e5', '--ratio=0.375', '--RngRun=10', '--locationFile=my-simulations/8_ofdma7/txt/locationFile24.txt', '--routingFile=my-simulations/8_ofdma7/txt/routingFile24.txt'] terminated with signal SIGSEGV. Run it under a debugger to get more information (./waf --run <program> --command-template="gdb --args %s <args>").
