Waf: Entering directory `/home/ubuntu/ns-3.30-obss/build'
Waf: Leaving directory `/home/ubuntu/ns-3.30-obss/build'
Build commands will be stored in build/compile_commands.json
'build' finished successfully (0.707s)
--------------------------Rate[Kbps]--------------------------
Time[s]	cl-1	cl-2	cl-3	cl-4	cl-5	cl-6	cl-7	cl-8	cl-9	cl-10	cl-11	cl-12	cl-13	cl-14	cl-15	cl-16	cl-17	cl-18	cl-19	cl-20
60	15.2	16.2	19.2	13	14	16.8	13	16.8	15.2	15.8	13.6	13.4	16.6	11.8	13.8	14	14	14.8	14.8	11.8
61	0	0	0	0	0	0	0	0	32	56	96	0	0	0	0	112	0	8	56	0
62	0	0	0	0	0	0	0	0	104	88	152	72	56	8	48	80	176	200	32	8
63	0	0	0	0	0	0	0	0	32	184	176	152	8	56	16	144	56	64	88	32
64	0	0	0	0	0	0	0	0	88	56	152	16	64	144	32	160	136	120	16	200
65	0	0	0	0	0	0	0	0	160	200	0	8	176	96	144	192	24	64	120	112
66	0	0	0	0	0	0	0	0	152	16	64	200	128	128	168	80	56	0	80	8
67	0	0	0	0	0	0	0	0	0	112	184	56	72	192	88	96	80	144	128	0
68	0	0	0	0	0	0	0	0	40	96	16	120	200	64	64	112	192	200	88	120
69	0	0	0	0	0	0	0	0	88	112	80	144	112	192	152	96	0	160	48	192
70	0	0	0	0	0	0	0	0	48	80	184	96	200	120	200	120	16	96	40	0
71	0	0	0	0	0	0	0	0	80	72	104	8	176	200	96	88	120	104	96	104
72	0	0	0	0	0	0	0	0	0	0	72	0	88	120	144	152	120	136	32	144
73	0	0	0	0	0	0	0	0	112	88	112	88	40	40	176	64	176	0	48	72
74	0	0	0	0	0	0	0	0	112	88	48	152	200	112	48	0	0	176	72	0
75	0	0	0	0	0	0	0	0	104	128	200	80	128	64	152	144	8	24	96	96
76	0	0	0	0	0	0	0	0	8	88	144	144	8	24	128	96	96	144	40	136
77	0	0	0	0	0	0	0	0	176	200	104	160	64	160	144	192	32	168	200	24
78	0	0	0	0	0	0	0	0	0	96	40	72	56	96	0	192	184	112	120	96
79	0	0	0	0	0	0	0	0	72	192	24	24	120	176	96	80	88	88	112	120
80	0	0	0	0	0	0	0	0	104	56	0	80	96	8	8	200	56	192	176	168
81	0	0	0	0	0	0	0	0	128	176	104	48	128	160	72	120	184	128	192	136
82	0	0	0	0	0	0	0	0	32	72	80	200	104	32	0	168	160	48	72	24
83	0	0	0	0	0	0	0	0	48	8	168	136	0	80	120	64	184	24	56	0
84	0	0	0	0	0	0	0	0	16	144	112	56	152	144	152	48	160	176	160	144
85	0	0	0	0	0	0	0	0	80	152	64	32	88	80	80	48	40	200	136	184
86	0	0	0	0	0	0	0	0	48	88	0	200	56	96	136	192	112	176	192	192
87	0	0	0	0	0	0	0	0	64	192	40	40	64	168	24	176	136	0	200	176
88	0	0	0	0	0	0	0	0	24	24	40	0	8	8	128	64	176	88	80	56
89	0	0	0	0	0	0	0	0	24	200	184	120	56	8	120	16	24	96	56	168
90	0	0	0	0	0	0	0	0	112	152	48	144	0	104	40	0	128	0	88	88
91	0	0	0	0	0	0	0	0	120	160	200	0	104	8	144	32	120	104	128	200
92	0	0	0	0	0	0	0	0	80	152	104	32	96	56	88	152	72	24	176	48
93	0	0	0	0	0	0	0	0	136	48	120	168	112	128	136	8	120	72	168	32
94	0	0	0	0	0	0	0	0	0	120	8	112	88	0	144	152	88	8	64	56
95	0	0	0	0	0	0	0	0	88	136	152	144	128	128	184	104	128	184	120	136
96	0	0	0	0	0	0	0	0	160	0	72	144	72	40	16	72	0	120	184	128
97	0	0	0	0	0	0	0	0	104	40	64	0	192	184	184	200	16	176	176	176
98	0	0	0	0	0	0	0	0	136	184	120	136	72	104	192	128	16	64	0	8
99	0	0	0	0	0	0	0	0	64	136	96	88	48	40	32	160	120	128	184	176
100	0	0	0	0	0	0	0	0	0	0	112	152	184	0	0	176	56	96	144	88
101	0	0	0	0	0	0	0	0	144	40	120	8	24	48	128	112	88	112	168	96
102	0	0	0	0	0	0	0	0	40	80	136	200	56	72	48	144	24	152	80	0
103	0	0	0	0	0	0	0	0	176	176	192	88	144	200	200	176	160	64	160	152
104	0	0	0	0	0	0	0	0	200	128	64	56	200	160	64	8	152	16	160	192
105	0	0	0	0	0	0	0	0	24	152	48	152	48	144	192	0	56	8	160	128
106	0	0	0	0	0	0	0	0	48	168	48	48	8	136	144	48	168	0	24	16
107	0	0	0	0	0	0	0	0	96	0	152	0	32	200	32	16	96	152	16	16
108	0	0	0	0	0	0	0	0	200	40	48	40	16	24	40	48	192	200	192	184
109	0	0	0	0	0	0	0	0	80	16	184	16	128	16	168	88	56	112	8	112
110	0	0	0	0	0	0	0	0	120	0	192	200	8	200	112	136	16	0	80	0
111	0	0	0	0	0	0	0	0	104	72	200	184	80	176	120	80	144	144	8	136
112	0	0	0	0	0	0	0	0	152	40	120	160	176	184	144	120	120	104	200	104
113	0	0	0	0	0	0	0	0	184	152	96	176	104	32	88	32	96	136	32	32
114	0	0	0	0	0	0	0	0	8	144	128	152	176	80	96	72	8	160	32	200
115	0	0	0	0	0	0	0	0	112	0	200	104	136	176	24	0	0	120	160	120
116	0	0	0	0	0	0	0	0	136	168	48	112	96	120	160	176	88	152	168	0
117	0	0	0	0	0	0	0	0	192	192	176	176	64	192	0	136	0	96	112	192
118	0	0	0	0	0	0	0	0	8	176	200	184	40	168	8	88	72	48	96	128
119	0	0	0	0	0	0	0	0	8	168	120	200	128	8	64	24	56	40	96	120
120	0	0	0	0	0	0	0	0	152	192	72	184	144	112	0	168	192	0	104	104
(1,10379)	(2,136)	(3,0)	(4,0)	
(1,5032)	(2,80)	(3,0)	(4,0)	
(1,4978)	(2,105)	(3,0)	(4,0)	
(1,1544)	(2,27)	(3,0)	(4,0)	
(1,1691)	(2,9)	(3,0)	(4,0)	
(1,1593)	(2,6)	(3,0)	(4,0)	
(1,1612)	(2,16)	(3,0)	(4,0)	
(1,1557)	(2,16)	(3,0)	(4,0)	
(1,1674)	(2,2)	(3,0)	(4,0)	
(1,1)	(2,0)	(3,0)	(4,0)	
(1,1)	(2,0)	(3,0)	(4,0)	
(1,1)	(2,0)	(3,0)	(4,0)	
(1,1)	(2,0)	(3,0)	(4,0)	
(1,1)	(2,0)	(3,0)	(4,0)	
(1,1)	(2,0)	(3,0)	(4,0)	
(1,1)	(2,0)	(3,0)	(4,0)	
(1,1)	(2,0)	(3,0)	(4,0)	
(1,1)	(2,0)	(3,0)	(4,0)	
(1,1)	(2,0)	(3,0)	(4,0)	
(1,1)	(2,0)	(3,0)	(4,0)	
(1,1)	(2,0)	(3,0)	(4,0)	
avg	0	0	0	0	0	0	0	0	86	104.933	106.4	101.067	92.5333	100.267	95.4667	102.533	90.6667	98.8	105.333	98
delay	0.25	0.246914	0.708333	0.753846	0.814286	0.702381	0.753846	0.702381	1.7969	1.70648	1.70677	1.63061	1.78242	1.73537	1.7514	1.72042	1.76471	1.69906	1.76076	1.63673
loss	0	0	0	0.0151515	0	0.0117647	0	0	0.0329835	0.0259901	0.0232558	0.0219355	0.02391	0.032175	0.0389262	0.0302648	0.031339	0.025	0.0365854	0.0147453
Command ['/home/ubuntu/ns-3.30-obss/build/scratch/simple-ofdma-adhoc4', '--ofdmaEnabled=true', '--startTime=60', '--totalTime=120', '--dataMode=HeMcs7', '--datarate=2e5', '--ratio=0.375', '--RngRun=10', '--locationFile=my-simulations/8_ofdma7/txt/locationFile232.txt', '--routingFile=my-simulations/8_ofdma7/txt/routingFile232.txt'] terminated with signal SIGSEGV. Run it under a debugger to get more information (./waf --run <program> --command-template="gdb --args %s <args>").
