Waf: Entering directory `/home/ubuntu/ns-3.30-obss/build'
Waf: Leaving directory `/home/ubuntu/ns-3.30-obss/build'
Build commands will be stored in build/compile_commands.json
'build' finished successfully (0.799s)
--------------------------Rate[Kbps]--------------------------
Time[s]	cl-1	cl-2	cl-3	cl-4	cl-5	cl-6	cl-7	cl-8	cl-9	cl-10	cl-11	cl-12	cl-13	cl-14	cl-15	cl-16
60	16.4	13.6	16.4	15.6	13.6	13.6	13	15.8	14.6	15	15.4	11.8	16	9.4	10.6	16
61	0	0	0	0	88	104	168	176	0	0	584	696	0	360	0	424
62	0	0	0	0	432	112	336	288	240	232	264	368	152	0	0	192
63	0	0	0	0	544	424	384	152	776	472	576	368	800	136	776	0
64	0	0	0	0	656	624	144	528	712	464	128	288	360	264	680	752
65	0	0	0	0	488	600	288	696	392	728	512	328	48	176	408	648
66	0	0	0	0	400	464	376	264	440	296	24	256	640	696	480	624
67	0	0	0	0	912	0	16	0	544	64	40	176	552	288	672	720
68	0	0	0	0	576	216	600	288	776	800	128	88	760	472	520	192
69	0	0	0	0	696	576	752	360	488	728	176	208	368	0	792	168
70	0	0	0	0	480	112	328	560	240	792	784	704	544	288	64	424
71	0	0	0	0	232	816	0	392	0	624	392	88	904	544	288	152
72	0	0	0	0	536	456	176	328	40	368	528	152	560	328	552	360
73	0	0	0	0	376	528	64	576	528	312	136	744	672	0	696	712
74	0	0	0	0	640	688	296	616	24	456	232	168	416	616	600	360
75	0	0	0	0	400	616	720	520	744	760	688	0	0	32	336	736
76	0	0	0	0	736	456	208	104	288	216	312	520	120	240	792	224
77	0	0	0	0	464	296	784	408	272	640	0	896	368	0	504	440
78	0	0	0	0	248	0	976	408	664	40	304	832	512	480	248	0
79	0	0	0	0	328	608	640	944	352	592	192	96	384	288	192	232
80	0	0	0	0	536	112	224	816	864	648	208	464	360	184	328	672
81	0	0	0	0	184	408	320	544	912	0	312	480	0	384	456	736
82	0	0	0	0	0	240	504	424	800	864	264	0	352	344	832	776
83	0	0	0	0	656	24	728	384	64	320	272	272	712	616	144	376
84	0	0	0	0	680	528	488	640	8	0	832	440	408	120	752	328
85	0	0	0	0	0	848	520	0	32	712	816	264	856	128	472	192
86	0	0	0	0	272	0	216	168	360	792	264	816	696	408	744	280
87	0	0	0	0	840	632	376	0	792	784	696	56	360	720	0	0
88	0	0	0	0	248	576	88	520	512	696	0	304	704	664	40	624
89	0	0	0	0	640	128	656	192	312	552	128	712	184	728	728	304
90	0	0	0	0	384	552	544	248	528	488	128	520	624	488	544	136
91	0	0	0	0	728	96	776	384	472	80	728	384	152	232	608	472
92	0	0	0	0	792	448	448	176	0	824	656	728	240	344	96	0
93	0	0	0	0	816	848	752	0	456	0	392	672	320	472	688	360
94	0	0	0	0	656	408	144	224	752	392	592	624	16	0	848	472
95	0	0	0	0	264	16	208	232	496	672	48	136	344	200	72	768
96	0	0	0	0	536	320	600	656	688	0	600	176	408	0	256	696
97	0	0	0	0	0	0	824	280	64	680	872	0	608	448	536	664
98	0	0	0	0	616	32	192	464	208	600	488	152	768	368	616	72
99	0	0	0	0	0	320	0	696	592	144	960	0	88	152	144	808
100	0	0	0	0	24	816	584	128	632	552	384	168	368	520	632	544
101	0	0	0	0	432	344	304	0	112	480	544	760	712	568	440	368
102	0	0	0	0	488	664	392	8	8	608	784	624	120	792	512	312
103	0	0	0	0	664	728	288	360	400	216	336	328	384	128	680	520
104	0	0	0	0	0	648	80	728	400	528	584	856	104	320	576	528
105	0	0	0	0	376	800	56	184	0	152	0	520	384	656	0	560
106	0	0	0	0	248	80	16	368	416	392	304	728	792	24	352	96
107	0	0	0	0	552	136	648	568	352	168	216	504	160	632	368	688
108	0	0	0	0	400	552	328	112	920	0	80	416	432	584	0	544
109	0	0	0	0	328	24	392	552	304	584	464	416	408	192	592	480
110	0	0	0	0	152	384	648	632	480	624	64	0	80	152	648	176
111	0	0	0	0	664	376	544	136	728	136	304	336	192	768	456	672
112	0	0	0	0	424	752	464	216	24	112	272	312	576	360	784	704
113	0	0	0	0	744	560	432	408	472	504	320	448	48	648	456	368
114	0	0	0	0	456	8	472	432	904	744	824	480	144	360	0	0
115	0	0	0	0	280	24	752	192	232	536	432	864	840	448	8	560
116	0	0	0	0	240	280	128	768	744	0	912	288	608	80	272	408
117	0	0	0	0	0	712	352	552	0	504	352	464	840	552	200	296
118	0	0	0	0	656	208	232	648	488	896	88	280	232	408	680	328
119	0	0	0	0	136	384	688	224	912	584	312	312	520	0	0	176
120	0	0	0	0	0	304	576	504	16	0	416	848	616	184	744	592
(1,15260)	(2,7091)	(3,0)	(4,4639)	
(1,6878)	(2,1736)	(3,0)	(4,75)	
(1,7230)	(2,1641)	(3,0)	(4,52)	
(1,7106)	(2,1537)	(3,0)	(4,79)	
(1,6893)	(2,1653)	(3,0)	(4,53)	
(1,1)	(2,0)	(3,0)	(4,0)	
(1,1)	(2,0)	(3,0)	(4,0)	
(1,2)	(2,0)	(3,0)	(4,0)	
(1,1)	(2,0)	(3,0)	(4,0)	
(1,1)	(2,0)	(3,0)	(4,0)	
(1,1)	(2,0)	(3,0)	(4,0)	
(1,1)	(2,0)	(3,0)	(4,0)	
(1,1)	(2,0)	(3,0)	(4,0)	
(1,1)	(2,0)	(3,0)	(4,0)	
(1,1)	(2,0)	(3,0)	(4,0)	
(1,1)	(2,0)	(3,0)	(4,0)	
(1,1)	(2,0)	(3,0)	(4,0)	
avg	0	0	0	0	422.4	383.6	404	372.933	416.267	435.867	387.467	402.133	415.333	343.067	431.733	416.933
delay	0.292683	0.294118	0.329268	0.320513	32.3946	19.1209	26.8828	27.2431	27.9632	22.8608	25.1345	38.001	34.6	16.0431	22.4946	17.9696
loss	0	0	0	0.025	0.230695	0.173226	0.219474	0.212113	0.181222	0.212479	0.215019	0.174829	0.189857	0.214111	0.185772	0.204528
Command ['/home/ubuntu/ns-3.30-obss/build/scratch/simple-ofdma-adhoc4', '--ofdmaEnabled=true', '--startTime=60', '--totalTime=120', '--dataMode=HeMcs3', '--datarate=10e5', '--ratio=0.375', '--RngRun=10', '--locationFile=my-simulations/8_ofdma7/txt/locationFile43.txt', '--routingFile=my-simulations/8_ofdma7/txt/routingFile43.txt'] terminated with signal SIGSEGV. Run it under a debugger to get more information (./waf --run <program> --command-template="gdb --args %s <args>").
