Waf: Entering directory `/home/ubuntu/ns-3.30-obss/build'
Waf: Leaving directory `/home/ubuntu/ns-3.30-obss/build'
Build commands will be stored in build/compile_commands.json
'build' finished successfully (0.781s)
--------------------------Rate[Kbps]--------------------------
Time[s]	cl-1	cl-2	cl-3	cl-4	cl-5	cl-6	cl-7	cl-8	cl-9
60	13.4	11.6	15.6	17.4	15.2	15.4	12.4	15.2	15
61	0	0	0	416	152	664	616	24	392
62	0	0	0	0	64	328	976	104	1000
63	0	0	0	640	280	296	696	0	56
64	0	0	0	176	960	912	472	328	584
65	0	0	0	168	608	264	288	120	840
66	0	0	0	88	120	0	304	888	0
67	0	0	0	8	816	360	920	272	224
68	0	0	0	24	208	608	384	512	384
69	0	0	0	936	720	752	936	0	40
70	0	0	0	856	776	408	520	336	664
71	0	0	0	152	472	872	840	904	280
72	0	0	0	320	496	368	384	216	0
73	0	0	0	536	592	0	904	400	72
74	0	0	0	232	0	480	712	0	584
75	0	0	0	32	200	856	352	856	488
76	0	0	0	160	264	416	160	176	736
77	0	0	0	552	264	840	816	472	760
78	0	0	0	368	304	264	0	368	376
79	0	0	0	672	640	0	240	424	576
80	0	0	0	728	1152	584	328	64	312
81	0	0	0	864	176	248	0	984	224
82	0	0	0	0	944	544	296	496	320
83	0	0	0	208	968	48	544	168	256
84	0	0	0	392	352	584	0	656	784
85	0	0	0	920	184	968	376	328	336
86	0	0	0	272	448	312	656	296	680
87	0	0	0	256	960	64	352	720	56
88	0	0	0	896	832	216	632	360	416
89	0	0	0	344	392	448	592	456	352
90	0	0	0	288	880	144	560	816	864
91	0	0	0	264	576	704	920	424	816
92	0	0	0	272	416	800	448	200	80
93	0	0	0	168	912	304	88	576	424
94	0	0	0	336	808	248	256	672	688
95	0	0	0	488	24	80	72	392	656
96	0	0	0	72	736	840	816	472	840
97	0	0	0	672	536	80	840	624	864
98	0	0	0	688	128	400	72	496	208
99	0	0	0	0	184	312	352	560	936
100	0	0	0	144	728	304	544	56	992
101	0	0	0	40	248	24	184	536	504
102	0	0	0	720	0	408	752	584	600
103	0	0	0	936	704	368	472	360	224
104	0	0	0	616	264	768	896	648	536
105	0	0	0	920	832	496	64	0	808
106	0	0	0	120	0	936	160	792	0
107	0	0	0	624	448	0	0	704	792
108	0	0	0	448	80	600	128	560	248
109	0	0	0	0	8	1000	1000	200	0
110	0	0	0	376	304	240	320	984	312
111	0	0	0	680	1000	200	720	512	0
112	0	0	0	888	440	704	672	128	160
113	0	0	0	560	856	424	192	896	952
114	0	0	0	936	632	360	168	88	224
115	0	0	0	408	136	248	352	200	312
116	0	0	0	944	336	104	336	760	752
117	0	0	0	16	896	0	704	560	888
118	0	0	0	0	576	704	480	560	384
119	0	0	0	560	712	200	584	776	592
120	0	0	0	136	848	280	376	344	848
(1,13749)	(2,2347)	(3,0)	(4,1087)	
(1,5470)	(2,638)	(3,0)	(4,125)	
(1,5354)	(2,717)	(3,0)	(4,78)	
(1,5424)	(2,714)	(3,0)	(4,107)	
(1,1)	(2,0)	(3,0)	(4,0)	
(1,1)	(2,0)	(3,0)	(4,0)	
(1,1)	(2,0)	(3,0)	(4,0)	
(1,1)	(2,0)	(3,0)	(4,0)	
(1,1)	(2,0)	(3,0)	(4,0)	
(1,1)	(2,0)	(3,0)	(4,0)	
avg	0	0	0	408.933	493.2	416.4	463.733	440.133	471.6
delay	0.283582	0.327586	0.294872	47.8996	37.4539	17.554	30.5288	41.8706	38.1894
loss	0	0	0	0.0904508	0.0722348	0.0660885	0.0808668	0.0781904	0.0731132
Command ['/home/ubuntu/ns-3.30-obss/build/scratch/simple-ofdma-adhoc4', '--ofdmaEnabled=true', '--startTime=60', '--totalTime=120', '--dataMode=HeMcs1', '--datarate=10e5', '--ratio=0.375', '--RngRun=10', '--locationFile=my-simulations/8_ofdma7/txt/locationFile32.txt', '--routingFile=my-simulations/8_ofdma7/txt/routingFile32.txt'] terminated with signal SIGSEGV. Run it under a debugger to get more information (./waf --run <program> --command-template="gdb --args %s <args>").
