Waf: Entering directory `/home/synrg/Documents/Jiaming/ns-3.30-obss/build'
Waf: Leaving directory `/home/synrg/Documents/Jiaming/ns-3.30-obss/build'
Build commands will be stored in build/compile_commands.json
'build' finished successfully (0.710s)
--------------------------Rate[Kbps]--------------------------
Time[s]	cl-1	cl-2	cl-3	cl-4	cl-5	cl-6	cl-7	cl-8	cl-9	cl-10	cl-11	cl-12	cl-13	cl-14	cl-15	cl-16	cl-17	cl-18	cl-19	cl-20
60	15.2	15.4	15.6	16.4	17.6	13.2	12.8	12.6	12.8	14.6	14.2	15	11.8	13.8	15	12.8	16.4	14.4	13.6	18.4
61	392	392	392	392	352	216	192	200	320	304	248	272	280	272	192	216	328	256	176	240
62	400	400	400	400	368	272	296	280	352	304	264	272	360	328	264	280	248	328	272	312
63	400	400	400	400	392	280	256	296	336	288	248	256	352	328	272	296	480	312	232	248
64	400	400	400	400	392	328	264	296	344	304	280	296	296	264	224	232	352	320	240	272
65	400	400	400	400	384	304	288	280	368	264	256	312	328	312	264	296	336	280	216	264
66	400	400	400	400	384	336	288	288	360	328	288	312	368	320	272	304	336	368	296	296
67	400	400	392	400	384	320	280	272	344	264	224	248	376	328	280	272	328	280	232	264
68	392	392	376	392	376	240	200	208	320	280	224	240	320	272	208	256	312	264	168	200
69	400	400	392	400	392	288	256	272	344	328	312	336	352	328	272	288	352	352	304	320
70	400	400	384	400	384	280	304	336	336	320	296	312	192	328	336	352	352	352	312	320
71	400	400	400	400	360	264	216	272	328	296	248	256	0	272	240	256	336	304	240	272
72	400	392	400	400	376	280	256	272	336	280	256	264	848	344	304	304	336	296	216	240
73	400	400	384	400	352	224	168	176	352	272	216	264	176	272	200	240	312	264	192	240
74	400	400	400	400	376	320	280	288	360	328	280	304	520	320	280	288	304	304	264	280
75	400	400	400	400	360	240	224	216	368	312	224	240	352	328	264	256	344	280	208	216
76	400	400	392	392	400	288	248	248	328	280	272	296	336	288	248	272	328	296	216	256
77	400	400	400	400	376	272	184	184	352	256	224	240	336	232	168	208	272	256	168	200
78	400	400	400	400	376	312	256	256	328	296	272	296	312	296	248	264	320	336	256	272
79	400	400	400	400	376	248	240	248	320	272	256	272	312	304	248	288	328	320	216	224
80	400	400	400	400	392	272	232	248	360	296	248	272	344	288	240	272	304	312	224	248
81	400	400	392	400	392	304	264	280	360	312	296	304	328	336	288	304	328	304	248	280
82	400	400	400	400	368	280	208	248	352	336	296	296	368	248	216	256	304	296	200	216
83	400	400	400	400	352	264	272	288	352	336	320	320	328	272	248	264	312	320	272	304
84	400	400	400	400	376	288	232	240	328	312	288	320	360	336	256	264	360	288	232	264
85	400	400	400	400	392	216	208	232	312	224	208	264	280	264	216	272	296	240	168	216
86	400	400	400	400	392	272	232	240	280	272	248	296	376	320	216	240	336	312	224	256
87	400	400	392	400	384	280	248	264	368	312	272	296	368	336	264	288	336	336	272	288
88	400	400	392	400	392	320	248	280	336	328	264	280	328	312	272	304	376	288	216	248
89	400	400	400	400	392	288	264	256	368	296	240	248	360	288	216	224	328	304	232	280
90	400	400	400	400	376	192	280	264	336	256	256	288	344	304	256	272	312	272	224	272
91	400	400	392	400	376	296	272	240	304	304	264	296	352	328	256	296	120	320	264	320
92	400	400	400	400	368	344	248	272	344	296	280	304	344	320	264	296	616	328	264	288
93	400	400	400	400	344	288	240	240	360	352	272	288	360	288	264	328	344	312	256	296
94	400	400	384	400	368	272	232	232	336	272	248	264	176	336	248	248	296	280	168	184
95	400	400	392	400	392	312	288	296	360	312	272	312	544	320	296	296	296	336	296	336
96	400	400	400	400	360	56	264	288	360	328	304	320	336	304	280	296	304	336	304	328
97	400	400	400	400	360	512	240	272	352	336	288	304	328	280	248	264	384	296	224	240
98	400	400	400	400	384	288	248	240	320	336	296	328	376	328	256	288	336	312	248	288
99	400	400	400	400	336	248	208	216	328	304	280	288	264	312	264	288	232	280	232	272
100	400	400	392	400	376	312	264	288	344	312	296	320	432	328	296	328	432	320	280	304
101	400	400	392	400	360	264	232	240	328	328	288	304	336	288	280	288	344	328	280	296
102	400	400	400	400	392	256	288	256	360	320	264	296	384	288	240	272	344	304	216	256
103	400	400	400	400	376	264	192	248	352	280	248	280	360	304	232	256	328	304	232	256
104	400	400	392	400	376	248	216	224	344	312	240	248	352	304	248	280	336	328	232	264
105	400	400	392	400	368	208	224	224	360	296	256	280	304	264	192	232	312	296	208	240
106	400	400	400	400	384	216	248	248	360	304	272	304	344	312	240	272	328	344	232	256
107	400	400	392	400	352	264	192	176	344	272	232	248	272	304	256	272	296	280	200	224
108	400	400	400	400	368	232	192	248	344	328	256	296	368	288	248	312	272	248	200	216
109	400	400	392	400	360	272	248	256	344	280	272	312	344	264	248	256	248	320	248	296
110	400	400	400	400	376	256	240	240	336	280	264	312	328	272	176	192	376	288	200	232
111	400	400	392	400	376	264	264	256	328	280	256	288	360	336	280	296	304	352	272	296
112	400	400	400	400	368	272	232	224	360	304	264	280	344	280	232	280	328	328	240	264
113	400	400	392	400	352	192	192	248	328	280	256	280	336	264	240	248	304	272	216	248
114	400	400	400	400	368	264	208	216	264	256	208	240	352	272	208	264	328	272	184	216
115	400	400	400	400	368	272	248	240	328	296	264	296	376	312	232	240	296	320	216	248
116	400	400	400	400	368	264	240	232	400	312	272	280	352	296	216	216	336	328	280	320
117	400	400	400	400	368	264	232	208	328	272	232	240	320	280	184	192	296	288	168	216
118	400	400	400	400	360	160	200	208	376	272	240	264	304	272	200	224	304	296	184	216
119	400	400	400	400	384	368	248	272	336	320	280	296	360	328	264	264	344	312	264	288
120	400	400	400	400	376	304	264	272	296	336	296	312	352	304	248	256	336	344	264	296
avg	399.733	399.6	396.533	399.6	373.867	272	241.467	250.8	341.2	298.933	263.067	285.867	342.667	300.267	246.8	269.467	326.933	305.2	233.467	263.467
delay	1.02935	2.33867	2.3386	2.33901	4.14907	58.9196	9.39757	9.48113	23.6803	11.2177	10.2859	10.1404	72.1856	16.8104	17.0367	16.5784	47.3442	16.1389	16.2656	16.0683
loss	0.000333444	0.000666889	0.00800534	0.000666889	0.0527027	0.278387	0.351129	0.327494	0.122127	0.217998	0.300603	0.246927	0.123166	0.214784	0.336083	0.280527	0.153607	0.207684	0.371726	0.301026
Command ['/home/synrg/Documents/Jiaming/ns-3.30-obss/build/scratch/simple-ofdma-adhoc', '--ofdmaEnabled=true', '--startTime=60', '--totalTime=120', '--dataMode=HeMcs6', '--datarate=4e5', '--clNum=20', '--ratio=0.375', '--RngRun=91'] terminated with signal SIGSEGV. Run it under a debugger to get more information (./waf --run <program> --command-template="gdb --args %s <args>").
