Waf: Entering directory `/home/ubuntu/ns-3.30-obss/build'
Waf: Leaving directory `/home/ubuntu/ns-3.30-obss/build'
Build commands will be stored in build/compile_commands.json
'build' finished successfully (0.678s)
--------------------------Rate[Kbps]--------------------------
Time[s]	cl-1	cl-2	cl-3	cl-4	cl-5	cl-6	cl-7	cl-8	cl-9	cl-10	cl-11	cl-12	cl-13	cl-14	cl-15	cl-16	cl-17	cl-18	cl-19	cl-20
60	16.6	14.4	13.6	14.8	13.8	10.8	13.8	14.6	15.4	14.6	16	13.6	13.4	16	13.4	15.4	11.8	15.2	13.8	16.8
61	424	248	344	288	456	0	0	352	88	0	112	376	64	144	200	592	0	24	360	296
62	288	408	0	48	544	0	80	368	640	72	40	216	328	720	648	120	248	432	8	456
63	576	312	192	448	328	144	128	416	472	0	304	32	0	312	536	8	0	32	152	720
64	368	696	0	416	88	272	136	56	344	568	560	0	272	184	440	112	232	504	528	344
65	0	352	424	616	376	144	432	280	136	464	384	456	328	40	600	432	0	288	112	544
66	72	72	488	376	224	344	328	216	0	552	392	272	144	464	344	512	232	152	232	256
67	712	752	736	616	24	280	328	32	472	384	64	304	96	336	496	632	160	120	528	0
68	496	688	864	872	392	0	264	304	208	712	280	248	680	400	0	552	624	216	40	200
69	24	48	432	568	0	232	168	544	488	280	24	440	160	0	480	440	440	528	416	480
70	680	16	184	720	152	480	272	296	280	0	152	256	536	688	696	0	528	0	64	384
71	576	712	64	408	552	224	0	368	88	136	200	440	304	536	304	320	0	368	352	560
72	432	576	592	232	504	192	16	208	0	632	704	720	456	0	208	16	168	632	208	40
73	752	0	744	368	592	384	0	0	464	176	160	552	0	416	504	216	544	200	584	0
74	896	440	0	640	792	264	192	80	488	664	472	152	216	408	176	336	104	352	80	640
75	840	0	368	104	608	120	128	384	320	184	280	296	144	768	664	288	432	0	240	296
76	568	80	632	208	560	352	0	168	360	592	400	0	56	440	96	336	520	88	24	648
77	208	152	144	328	408	144	384	224	200	288	120	160	736	312	568	504	96	768	232	328
78	688	0	304	728	168	272	192	352	96	184	352	240	552	464	0	0	568	304	176	192
79	616	840	0	408	184	224	368	328	8	368	448	184	80	120	8	496	288	624	96	536
80	320	544	648	0	480	144	120	264	112	448	432	368	72	152	176	440	440	296	152	368
81	672	64	648	192	160	248	272	224	464	344	168	392	480	112	440	184	120	200	128	536
82	280	96	200	792	72	248	200	368	376	424	480	352	600	0	232	704	168	256	104	0
83	736	0	432	312	0	224	64	280	32	560	400	472	664	328	296	392	272	0	0	448
84	24	256	0	816	88	152	400	280	680	424	64	456	296	200	768	496	40	336	0	360
85	544	80	648	384	208	0	208	120	16	360	432	672	16	88	232	728	392	736	280	320
86	760	0	64	0	528	56	136	0	480	624	256	648	64	464	528	480	8	16	144	560
87	208	288	808	456	72	576	320	72	120	224	0	80	560	464	0	656	728	160	736	304
88	152	552	456	352	224	160	88	88	208	232	784	0	384	568	616	376	664	512	144	64
89	592	344	568	200	256	272	216	128	280	152	104	424	296	472	160	392	200	360	408	232
90	576	72	792	0	616	320	216	392	88	96	96	336	144	560	56	136	632	280	256	160
91	840	240	224	96	360	88	248	160	696	152	584	216	328	96	288	208	488	256	768	96
92	416	496	688	448	560	184	200	200	552	432	184	392	40	464	528	376	152	112	16	416
93	992	464	712	432	536	0	80	0	664	104	616	224	560	232	216	312	88	544	664	512
94	672	672	688	344	96	336	424	128	536	424	600	344	8	312	216	416	352	200	200	336
95	728	32	424	384	464	120	152	320	256	440	392	120	488	400	176	328	488	616	24	0
96	320	672	0	112	184	176	232	320	0	512	328	352	504	528	416	208	512	208	168	264
97	216	688	368	264	0	272	56	240	160	600	488	816	224	416	184	120	376	912	352	304
98	680	0	40	672	120	104	176	192	416	640	264	112	104	256	536	312	544	416	336	224
99	408	296	728	664	504	368	72	192	536	448	232	576	32	608	168	0	352	0	752	0
100	536	544	464	608	72	144	16	272	304	304	96	368	336	352	296	424	384	216	416	264
101	688	0	264	696	0	240	312	304	408	0	224	528	592	264	144	96	720	184	160	328
102	384	744	224	712	536	328	328	144	552	184	104	320	368	64	472	544	112	16	360	72
103	184	544	0	232	768	24	152	200	648	0	568	464	0	776	672	640	248	312	0	248
104	600	720	456	416	128	384	64	360	48	232	288	552	248	336	504	544	120	32	328	80
105	576	504	616	304	32	272	376	240	8	296	296	304	488	104	0	552	440	216	384	448
106	776	400	432	744	128	184	328	184	64	192	384	400	216	504	512	312	64	232	480	304
107	664	160	896	560	480	56	24	80	144	656	280	288	0	200	552	776	40	816	96	480
108	296	232	808	288	536	24	112	256	176	632	40	552	152	576	184	416	200	376	392	544
109	768	752	496	320	656	88	216	0	432	104	408	232	224	176	680	224	0	656	608	720
110	744	600	664	216	512	344	32	80	320	448	304	584	120	88	408	168	352	344	328	496
111	832	216	232	888	384	24	48	72	296	64	72	0	680	576	656	432	600	616	376	600
112	240	184	408	368	0	200	304	0	744	448	0	528	80	496	592	160	352	240	160	592
113	376	504	688	776	552	104	0	232	648	0	136	400	0	192	304	0	552	640	704	680
114	192	536	240	448	80	240	184	208	152	296	128	336	312	728	688	208	112	264	152	672
115	248	704	304	496	200	336	104	48	248	104	64	552	480	136	448	512	512	504	544	112
116	664	424	416	208	864	88	120	40	88	408	0	72	648	432	0	272	584	24	312	944
117	224	232	0	872	208	264	312	248	296	352	224	440	32	48	32	656	616	280	216	312
118	248	496	200	704	0	48	128	344	520	520	624	432	544	536	144	136	344	72	256	272
119	176	0	744	432	248	344	0	296	0	592	232	512	568	640	0	0	448	40	496	600
120	0	336	648	432	656	352	40	144	112	288	408	120	40	224	344	104	328	736	744	528
avg	479.467	351.333	414.133	433.867	325.333	203.467	174.933	211.6	300.533	333.6	287.2	344.667	285.733	348.667	347.2	339.2	322.133	314.4	292.933	362
delay	318.621	322.735	342.452	314.194	313.026	347.914	346.489	309.113	308.968	334.643	322.47	336.418	340.932	325.013	317.67	335.28	342.781	319.372	326.867	303.008
loss	0.165855	0.133486	0.138989	0.138141	0.286505	0.55742	0.547455	0.558913	0.311756	0.325061	0.314231	0.31396	0.326947	0.296157	0.289216	0.323224	0.314221	0.299467	0.273864	0.269241
Command ['/home/ubuntu/ns-3.30-obss/build/scratch/simple-ofdma-adhoc', '--ofdmaEnabled=true', '--startTime=60', '--totalTime=120', '--dataMode=HeMcs7', '--datarate=10e5', '--clNum=20', '--ratio=0.375', '--RngRun=106'] terminated with signal SIGSEGV. Run it under a debugger to get more information (./waf --run <program> --command-template="gdb --args %s <args>").
