Waf: Entering directory `/home/ubuntu/ns-3.30-obss/build'
Waf: Leaving directory `/home/ubuntu/ns-3.30-obss/build'
Build commands will be stored in build/compile_commands.json
'build' finished successfully (0.702s)
--------------------------Rate[Kbps]--------------------------
Time[s]	cl-1	cl-2	cl-3	cl-4	cl-5	cl-6	cl-7	cl-8	cl-9	cl-10	cl-11	cl-12	cl-13	cl-14	cl-15	cl-16	cl-17	cl-18	cl-19	cl-20
60	14.8	16.6	13.4	14.4	15.6	17.2	16.4	13.6	14	11.4	16.2	16.8	13.4	14.8	12.4	18.4	15.8	13.8	11.2	10.8
61	0	0	0	0	0	0	96	136	0	352	272	0	0	136	0	104	96	88	360	136
62	0	0	0	0	0	272	0	128	264	312	264	176	272	464	96	256	296	120	80	216
63	0	0	0	0	0	312	72	272	344	408	216	256	304	72	392	264	48	352	40	56
64	0	0	0	0	0	96	0	320	160	200	0	88	64	0	120	112	56	104	64	56
65	0	0	0	0	0	96	0	64	456	304	344	112	384	320	392	144	360	24	144	320
66	0	0	0	0	0	200	224	0	272	128	232	208	232	216	304	248	360	304	56	120
67	0	0	0	0	0	280	88	328	376	320	112	296	48	272	304	136	120	16	256	424
68	0	0	0	0	0	56	80	120	160	96	136	0	416	424	160	0	400	440	432	368
69	0	0	0	0	0	88	160	64	176	80	16	88	280	336	112	456	264	112	184	336
70	0	0	0	0	0	344	112	56	232	72	72	16	16	240	200	232	0	344	224	176
71	0	0	0	0	0	168	0	24	264	448	280	216	456	40	104	472	64	200	464	64
72	0	0	0	0	0	96	136	104	376	384	40	360	416	376	336	144	224	152	232	104
73	8	0	0	0	0	104	120	72	104	216	0	0	336	296	56	0	488	328	416	160
74	0	0	0	0	0	96	0	184	0	312	152	272	56	464	664	424	224	160	136	448
75	0	0	8	0	0	344	424	0	232	336	88	0	304	0	56	96	0	136	104	384
76	0	0	0	0	0	296	376	144	376	48	0	368	272	192	112	224	112	296	96	0
77	0	0	0	8	0	112	120	16	200	0	376	0	112	472	496	200	272	16	168	160
78	0	8	0	0	0	144	152	32	120	168	392	304	384	248	40	384	48	144	32	408
79	0	0	0	0	0	456	80	144	0	248	0	392	392	120	0	168	320	0	200	152
80	0	0	0	0	0	56	272	24	96	0	88	376	96	16	152	456	432	136	376	480
81	0	0	0	0	0	48	224	152	176	80	88	72	104	352	440	288	0	240	184	240
82	0	0	0	0	0	192	112	144	320	296	0	96	152	136	240	280	112	128	272	184
83	0	0	0	0	0	336	232	16	240	272	272	432	224	0	232	288	88	0	264	88
84	0	0	0	0	8	400	312	312	40	0	0	152	392	176	64	264	272	104	272	384
85	0	0	0	0	0	88	336	240	0	344	160	120	384	0	392	296	400	248	368	32
86	0	0	0	0	0	0	248	288	368	336	72	0	280	40	176	336	0	168	32	392
87	0	0	0	0	0	160	96	208	304	304	304	152	248	136	352	160	120	144	336	112
88	0	0	8	0	0	208	360	8	320	432	160	112	160	336	80	120	368	0	112	136
89	8	0	0	0	0	184	72	128	152	192	48	240	0	80	64	256	224	0	56	280
90	0	0	0	0	0	216	32	336	0	200	176	168	32	240	104	280	192	360	56	48
91	0	0	0	0	0	0	304	160	192	376	480	256	168	400	224	360	184	24	0	240
92	0	8	0	0	0	0	0	224	360	400	416	208	144	0	96	304	264	328	48	328
93	0	0	0	0	0	120	32	256	272	120	224	64	120	248	24	208	24	296	232	128
94	0	0	0	8	0	160	96	272	160	248	312	336	200	360	304	224	24	136	240	72
95	0	0	0	0	0	112	72	280	336	392	296	152	304	168	376	376	32	232	0	0
96	0	0	0	0	0	24	264	192	208	336	176	328	104	256	280	80	248	376	72	232
97	0	0	0	0	0	64	248	312	88	216	184	280	408	408	200	304	48	120	128	96
98	0	0	0	0	0	160	24	208	368	0	288	280	200	104	0	192	288	16	24	152
99	0	0	0	0	0	320	104	288	192	160	336	184	352	216	264	296	392	0	176	400
100	0	0	0	0	0	112	296	112	8	0	312	400	160	88	312	0	152	128	392	296
101	0	0	0	0	0	0	256	0	416	160	128	416	144	56	392	0	400	0	0	408
102	0	0	0	0	0	144	384	0	328	296	0	336	160	296	216	576	208	368	584	344
103	0	0	8	0	0	16	256	256	224	416	224	96	208	312	104	304	72	152	0	304
104	0	0	0	0	8	296	176	48	80	136	232	240	112	8	272	408	336	128	360	376
105	0	0	0	0	0	184	136	24	136	376	0	256	232	296	376	152	304	56	416	216
106	0	0	0	0	0	256	48	40	504	16	80	376	104	104	264	288	224	456	248	128
107	8	0	0	0	0	336	16	312	264	104	304	368	344	16	336	368	336	208	0	192
108	0	0	0	0	0	384	176	248	448	8	424	0	72	16	448	16	0	56	48	424
109	0	0	0	0	0	408	152	104	392	192	112	136	160	392	312	64	312	0	88	408
110	0	8	0	0	0	64	280	320	200	344	64	88	336	216	488	184	136	128	88	272
111	0	0	0	0	0	120	416	96	0	224	440	248	224	48	400	248	0	32	80	416
112	0	0	0	8	0	0	312	336	216	432	64	440	0	0	176	80	296	8	112	336
113	0	0	0	0	0	320	144	288	0	208	240	56	184	392	80	0	440	120	64	32
114	0	0	0	0	0	408	336	160	216	352	0	0	176	88	40	264	376	16	192	40
115	0	0	0	0	0	32	216	0	312	136	136	176	8	280	216	328	112	432	16	416
116	0	0	8	0	0	344	280	88	0	144	224	80	384	120	0	312	40	104	24	256
117	0	0	0	0	0	392	48	152	96	0	184	208	248	104	448	64	136	368	80	256
118	0	0	0	0	0	296	344	208	152	312	48	416	0	304	384	472	256	184	128	32
119	0	0	0	0	0	72	144	0	480	64	0	72	32	152	488	392	0	480	432	208
120	8	0	0	0	0	80	192	120	32	392	480	376	120	0	160	0	248	256	344	216
avg	0.533333	0.4	0.533333	0.4	0.266667	177.867	171.467	152.8	213.467	224.133	179.467	199.067	203.733	194.133	232	232.533	197.467	167.867	177.2	228.133
delay	3.25	1.66667	2.5	2	5.5	39.8051	46.311	43.5942	33.4422	14.2606	42.916	38.4427	32.8403	28.5852	50.1764	54.3544	58.8015	30.2597	83.4123	31.4056
loss	0	0	0	0	0	0.298264	0.279148	0.351443	0.160901	0.165757	0.141582	0.157924	0.185067	0.141003	0.13	0.133631	0.152261	0.142954	0.177599	0.150868
Command ['/home/ubuntu/ns-3.30-obss/build/scratch/simple-ofdma-adhoc3', '--ofdmaEnabled=true', '--startTime=60', '--totalTime=120', '--dataMode=HeMcs7', '--datarate=5e5', '--clNum=20', '--ratio=0.375', '--RngRun=37'] terminated with signal SIGSEGV. Run it under a debugger to get more information (./waf --run <program> --command-template="gdb --args %s <args>").
