Waf: Entering directory `/home/synrg/Documents/Jiaming/ns-3.30-obss/build'
Waf: Leaving directory `/home/synrg/Documents/Jiaming/ns-3.30-obss/build'
Build commands will be stored in build/compile_commands.json
'build' finished successfully (0.448s)
--------------------------Rate[Kbps]--------------------------
Time[s]	cl-1	cl-2	cl-3	cl-4	cl-5	cl-6	cl-7	cl-8	cl-9	cl-10	cl-11	cl-12	cl-13	cl-14	cl-15	cl-16	cl-17	cl-18	cl-19	cl-20
60	15.2	15.6	16	15.8	16	13.2	17	14.4	16.4	14.2	13.8	14.4	14.8	16.4	14.4	11.8	15.8	16.6	12.2	13.6
61	496	472	488	496	440	328	280	312	416	312	312	352	400	336	272	312	376	344	280	304
62	448	472	488	464	424	272	192	216	344	304	280	328	376	272	208	280	416	304	256	328
63	488	448	432	432	416	320	280	264	432	376	296	328	432	344	272	312	368	312	240	296
64	496	456	480	464	432	328	256	256	280	336	312	368	392	288	232	304	416	304	232	288
65	440	432	448	456	464	336	256	280	576	336	304	368	432	344	312	344	408	280	248	312
66	472	472	488	472	472	344	336	352	480	384	368	408	464	336	304	384	432	320	280	376
67	488	456	472	464	464	336	320	368	416	400	376	424	384	392	320	352	448	368	312	360
68	488	464	480	480	440	224	272	288	424	352	352	440	416	312	280	352	392	280	224	296
69	464	448	472	480	464	400	288	312	408	368	344	400	312	320	280	328	416	312	264	328
70	488	472	480	464	464	352	344	328	432	336	312	384	536	376	312	352	336	360	288	336
71	496	480	488	488	464	360	320	312	440	352	328	368	424	328	296	352	544	352	312	376
72	488	464	472	472	472	352	336	336	408	336	336	392	416	352	320	368	392	328	272	296
73	496	496	488	504	432	328	264	264	376	312	312	368	432	336	288	368	424	352	256	320
74	488	472	480	480	456	384	352	352	504	336	312	360	440	392	344	368	440	400	328	344
75	472	488	504	480	480	320	288	328	456	368	336	376	368	360	320	360	400	312	264	288
76	472	472	472	472	456	352	280	328	424	368	344	384	472	328	280	344	424	312	264	288
77	472	464	472	464	424	360	256	272	320	352	328	360	416	344	296	344	288	312	280	328
78	448	472	464	472	408	296	208	200	456	248	240	304	400	232	184	232	544	280	208	256
79	472	480	480	472	456	360	280	312	416	344	336	368	400	360	304	344	448	328	264	312
80	488	480	488	488	400	336	248	248	368	344	336	376	432	344	296	336	424	336	264	280
81	488	488	496	496	448	320	280	320	472	352	320	360	448	344	304	352	440	328	264	328
82	480	488	488	480	464	320	288	264	424	320	280	336	392	336	248	328	408	304	240	296
83	496	448	480	488	464	352	264	336	456	352	344	352	464	352	312	384	192	416	336	384
84	480	456	456	456	432	304	216	232	408	336	288	344	408	344	280	296	696	352	248	280
85	448	440	480	448	464	296	224	256	360	336	280	344	376	288	224	296	376	272	184	224
86	472	472	480	472	464	344	288	304	512	336	312	352	464	344	272	336	400	360	280	368
87	496	472	488	480	464	208	304	312	424	320	288	360	296	368	304	384	440	304	256	328
88	488	472	456	480	448	464	304	320	440	360	344	400	544	352	312	344	8	376	296	352
89	456	448	432	456	384	280	240	232	392	336	304	344	400	336	288	328	776	320	280	296
90	464	472	448	472	424	296	240	232	400	304	280	352	392	344	240	304	392	280	216	296
91	496	456	488	496	440	344	280	312	392	344	312	336	408	344	288	344	264	312	240	288
92	480	464	480	456	424	312	264	272	400	376	320	376	224	368	312	360	576	304	248	320
93	480	472	464	456	400	352	280	288	424	360	296	312	576	344	296	320	440	344	296	320
94	480	440	472	464	464	344	320	368	432	352	360	408	456	288	256	304	432	408	320	336
95	488	464	464	480	432	336	280	264	400	392	336	368	424	376	344	376	432	336	280	336
96	488	480	488	480	448	360	312	360	480	384	360	384	440	328	304	368	408	344	272	288
97	488	456	472	456	448	368	312	352	448	400	360	392	408	320	312	368	416	360	312	360
98	496	472	480	488	424	352	264	288	448	328	320	344	432	352	304	328	416	344	288	312
99	488	496	496	480	400	296	232	256	384	336	312	360	376	328	248	304	424	320	224	264
100	480	448	480	480	448	360	288	304	472	360	344	376	472	352	328	368	432	360	296	344
101	488	480	480	496	464	304	328	320	408	352	352	392	328	368	320	368	360	376	328	376
102	480	472	488	480	424	408	256	296	440	376	328	368	504	384	344	384	472	352	280	320
103	488	488	488	472	416	328	264	272	416	328	296	312	400	360	272	288	360	320	240	272
104	480	480	488	472	488	336	256	280	400	304	288	352	384	368	280	328	368	256	208	272
105	488	480	480	480	472	368	288	320	448	328	328	392	376	328	296	352	408	328	264	288
106	496	456	488	464	440	336	256	288	408	352	320	336	408	344	304	336	376	360	296	328
107	448	448	456	448	456	304	304	352	416	376	376	416	344	360	320	352	432	360	328	368
108	480	472	488	456	424	312	232	272	440	360	336	368	432	304	240	288	416	296	288	296
109	472	472	480	488	464	352	280	304	392	352	320	376	504	360	336	376	392	304	224	288
110	472	496	488	480	440	240	256	272	272	376	336	376	464	384	336	352	408	352	304	328
111	480	448	456	456	384	296	168	144	504	272	240	312	320	304	256	312	376	288	224	256
112	464	440	488	480	448	328	272	280	448	312	280	384	512	296	232	296	424	344	240	296
113	448	464	472	440	448	320	280	304	432	304	280	352	424	360	320	328	400	296	208	264
114	488	472	496	488	464	272	376	336	440	344	336	408	416	312	280	360	432	336	272	360
115	488	464	480	472	480	432	264	288	432	352	336	376	416	320	272	312	368	328	264	320
116	480	440	464	448	400	304	248	288	448	392	352	360	424	312	320	336	408	320	272	320
117	496	464	496	496	464	352	272	312	376	304	320	352	392	312	264	312	184	328	264	312
118	488	456	456	464	416	288	264	280	392	312	280	328	432	336	280	328	688	328	280	360
119	496	488	504	496	472	280	400	384	456	368	360	400	432	376	328	368	456	368	344	392
120	488	480	480	488	424	400	272	264	416	312	304	368	392	336	264	360	40	352	280	352
avg	480	467.067	477.333	473.2	443.333	330.933	277.867	294.267	422.133	343.733	319.867	366.4	417.467	338.8	289.333	337.733	407.867	330.533	268.667	316.667
delay	2.43889	3.68827	3.63855	3.62891	6.2782	51.1487	11.1536	11.3013	25.2303	11.9317	11.6153	11.4902	43.253	15.4628	15.2032	14.9428	82.4815	20.8653	20.9598	20.2846
loss	0.0338164	0.0537547	0.0386681	0.0446837	0.0952381	0.296286	0.400977	0.367259	0.133078	0.270928	0.317108	0.232617	0.140779	0.280781	0.376078	0.284261	0.150042	0.299322	0.417462	0.327386
Command ['/home/synrg/Documents/Jiaming/ns-3.30-obss/build/scratch/simple-ofdma-adhoc', '--ofdmaEnabled=true', '--startTime=60', '--totalTime=120', '--dataMode=HeMcs5', '--datarate=5e5', '--clNum=20', '--ratio=0.375', '--RngRun=61'] terminated with signal SIGSEGV. Run it under a debugger to get more information (./waf --run <program> --command-template="gdb --args %s <args>").
