Waf: Entering directory `/home/synrg/Documents/Jiaming/ns-3.30-obss/build'
Waf: Leaving directory `/home/synrg/Documents/Jiaming/ns-3.30-obss/build'
Build commands will be stored in build/compile_commands.json
'build' finished successfully (0.673s)
--------------------------Rate[Kbps]--------------------------
Time[s]	cl-1	cl-2	cl-3	cl-4	cl-5	cl-6	cl-7	cl-8	cl-9	cl-10	cl-11	cl-12	cl-13	cl-14	cl-15	cl-16	cl-17	cl-18	cl-19	cl-20
60	15.2	15.6	16	15.4	16	13.2	17	14.4	16.4	14.2	13.8	14.4	14.8	16.4	14.6	11.8	15.8	16.2	12.2	13.6
61	384	384	376	384	344	232	136	160	344	280	216	232	328	280	192	208	304	320	208	232
62	400	400	392	400	360	256	256	256	344	328	280	296	296	344	296	296	352	328	256	264
63	400	400	400	400	384	144	272	264	360	304	264	296	368	272	192	192	320	352	248	256
64	400	400	400	400	352	384	288	296	344	312	288	296	352	344	320	320	320	328	280	288
65	400	400	400	400	384	288	272	256	344	248	232	264	328	264	216	232	272	320	232	248
66	400	400	400	400	400	256	312	296	344	328	280	288	344	296	208	224	312	360	272	296
67	400	400	400	400	392	360	296	280	360	328	264	264	328	312	240	256	376	328	264	304
68	400	400	392	400	384	264	240	264	360	312	304	320	368	288	248	264	296	320	264	280
69	400	400	400	400	360	240	216	216	352	328	280	288	336	280	224	256	336	264	184	216
70	400	400	392	400	376	216	248	264	328	336	296	312	200	320	256	288	352	296	216	248
71	400	400	400	400	352	248	184	176	344	280	240	256	448	264	216	264	280	328	224	256
72	400	400	400	400	392	296	256	264	264	312	280	304	344	320	272	280	328	312	224	240
73	400	400	384	400	360	216	240	208	432	280	216	248	336	288	224	256	208	312	208	248
74	400	400	400	400	360	256	256	248	336	272	264	296	336	272	264	272	400	304	248	288
75	400	400	400	400	376	208	256	272	360	280	256	280	304	280	256	288	320	312	224	248
76	400	400	400	400	384	344	232	256	344	280	256	288	400	304	264	280	328	280	200	240
77	392	392	384	392	384	360	288	320	368	312	320	328	360	336	288	296	192	360	296	312
78	400	400	400	400	344	304	264	272	344	264	224	224	336	344	280	296	440	304	240	264
79	400	400	392	400	360	256	264	248	376	304	264	264	384	312	256	288	336	344	248	256
80	400	400	376	400	368	104	256	272	368	304	264	272	152	312	256	264	336	360	280	280
81	400	400	400	400	384	472	248	264	352	328	288	328	488	304	248	272	336	272	224	256
82	400	400	400	400	384	264	256	264	312	280	272	296	408	320	264	272	352	344	264	288
83	400	400	400	400	376	264	280	272	328	304	288	296	328	296	208	224	320	328	240	272
84	400	400	392	400	336	288	224	248	368	280	232	248	336	296	256	272	352	296	208	264
85	400	400	400	400	360	304	288	280	328	312	296	304	368	320	296	320	336	328	280	272
86	400	400	400	400	384	144	288	272	296	312	264	288	384	312	288	304	176	320	248	264
87	400	400	400	400	368	384	232	240	376	320	296	304	344	280	248	272	480	312	216	224
88	400	400	384	400	392	272	248	240	368	280	272	296	352	336	256	288	360	336	216	240
89	400	400	400	400	368	256	240	232	312	296	280	296	336	304	256	280	328	344	272	288
90	400	400	400	400	344	248	216	200	344	280	248	256	296	304	232	240	320	304	224	256
91	400	400	400	392	360	232	224	232	288	288	256	288	328	328	272	272	312	320	256	272
92	400	400	392	400	368	280	296	312	360	336	352	352	352	328	296	296	328	344	296	304
93	400	400	392	400	376	280	248	224	264	312	248	296	336	304	248	288	336	360	240	248
94	400	400	400	400	344	208	216	216	408	328	288	296	336	320	256	272	328	352	240	248
95	400	400	400	400	360	288	280	264	384	336	288	296	376	328	288	312	352	352	280	288
96	400	400	400	400	392	216	288	256	376	256	240	280	328	344	280	304	320	336	248	264
97	400	400	400	400	376	216	256	248	336	272	256	280	304	256	240	272	280	280	240	256
98	400	400	392	400	352	440	248	232	360	312	256	296	352	320	264	272	336	296	240	264
99	400	400	400	400	376	296	240	296	376	280	256	288	336	296	232	264	336	272	192	224
100	400	400	392	400	384	328	288	296	336	328	296	312	368	328	288	296	352	312	272	312
101	400	400	400	400	360	272	240	256	344	304	264	288	328	344	272	272	360	344	272	320
102	400	400	400	400	368	272	280	288	360	320	296	320	360	320	280	296	344	328	256	256
103	400	400	392	392	368	264	240	232	344	272	264	304	352	328	232	264	288	320	248	272
104	400	400	384	400	352	264	232	256	376	344	312	320	320	312	272	272	320	344	296	304
105	400	400	392	400	376	168	264	264	400	344	288	304	344	312	256	264	304	304	224	248
106	400	400	400	400	368	400	256	272	360	320	312	304	368	280	248	288	384	328	264	264
107	400	400	392	400	376	248	232	224	336	296	256	264	336	280	208	248	296	296	208	264
108	400	400	400	400	376	160	264	240	368	304	272	296	352	320	256	256	352	336	248	264
109	400	400	400	400	384	400	248	240	360	272	216	256	360	344	256	288	336	328	232	264
110	400	400	400	400	376	288	272	280	344	320	264	272	312	296	240	280	312	312	224	256
111	400	400	400	400	368	304	240	248	296	304	280	296	384	328	264	280	208	336	280	296
112	400	400	400	400	392	256	216	288	200	320	256	280	320	272	240	280	472	240	160	184
113	400	400	400	400	376	232	288	280	536	288	264	304	336	328	280	280	312	336	272	288
114	400	400	392	400	360	344	216	216	360	304	224	264	344	312	224	248	312	288	192	224
115	400	400	400	400	376	288	288	272	344	280	256	264	368	320	256	272	320	320	256	264
116	400	400	400	400	392	232	280	240	328	264	224	232	344	312	216	248	264	296	200	232
117	400	400	400	400	352	216	232	256	352	352	304	320	240	320	296	328	320	328	264	296
118	400	400	400	400	360	256	232	232	328	256	208	232	416	288	272	288	336	272	200	248
119	400	400	400	400	392	264	248	256	312	256	232	272	344	272	216	240	304	392	264	264
120	400	400	400	400	368	256	248	256	368	304	264	280	344	304	248	288	304	288	240	256
avg	399.6	399.6	396.4	399.333	370.667	271.6	252.533	254.533	348.4	300.933	266.933	286.4	342.933	307.467	253.6	273.2	324.933	319.6	241.867	263.867
delay	1.02836	2.34067	2.3404	2.34057	4.16583	95.3368	9.44087	9.53955	25.6039	12.0935	10.2727	10.1541	35.6376	14.0512	13.7313	13.6057	30.4534	16.1356	16.3291	16.1966
loss	0.000666889	0.000666889	0.00833889	0.00133378	0.0627107	0.280212	0.326218	0.322569	0.107277	0.212216	0.288557	0.24446	0.121885	0.199861	0.324094	0.279536	0.157622	0.169726	0.349821	0.297978
Command ['/home/synrg/Documents/Jiaming/ns-3.30-obss/build/scratch/simple-ofdma-adhoc', '--ofdmaEnabled=true', '--startTime=60', '--totalTime=120', '--dataMode=HeMcs6', '--datarate=4e5', '--clNum=20', '--ratio=0.375', '--RngRun=61'] terminated with signal SIGSEGV. Run it under a debugger to get more information (./waf --run <program> --command-template="gdb --args %s <args>").
