Waf: Entering directory `/home/synrg/Documents/Jiaming/ns-3.30-obss/build'
Waf: Leaving directory `/home/synrg/Documents/Jiaming/ns-3.30-obss/build'
Build commands will be stored in build/compile_commands.json
'build' finished successfully (1.475s)
--------------------------Rate[Kbps]--------------------------
Time[s]	cl-1	cl-2	cl-3	cl-4	cl-5	cl-6	cl-7	cl-8	cl-9	cl-10	cl-11	cl-12	cl-13	cl-14	cl-15	cl-16	cl-17	cl-18	cl-19	cl-20
60	15.2	15.6	15.8	15.8	16	13	17	14.8	16.4	14.2	13.8	14.4	14.4	16.4	14.6	11.8	15.8	16.4	12.2	13.4
61	136	144	136	136	128	104	96	96	96	96	96	104	72	72	64	64	64	56	56	56
62	248	256	272	272	240	184	200	184	88	48	48	64	0	0	0	0	0	0	0	0
63	280	288	264	264	240	216	200	192	0	56	56	72	8	0	0	0	0	0	0	0
64	240	256	264	280	248	152	192	208	0	56	72	80	0	0	0	0	0	0	0	0
65	248	240	248	264	240	240	168	160	264	80	80	88	8	0	0	8	0	0	0	0
66	288	288	280	288	264	224	224	224	80	56	56	64	0	0	0	0	0	0	0	0
67	272	272	232	240	232	176	152	184	24	40	40	48	0	0	0	0	0	0	0	0
68	264	288	272	280	248	112	216	200	152	72	72	80	0	0	0	0	0	0	0	0
69	256	272	256	296	264	296	208	208	72	24	40	80	0	0	0	0	0	0	0	0
70	280	280	264	280	256	224	200	184	72	32	40	72	0	0	0	0	0	0	0	0
71	304	304	288	304	264	248	240	248	0	24	32	56	0	0	0	0	0	0	0	0
72	272	272	272	296	256	208	232	232	0	48	56	80	0	0	0	0	0	0	0	0
73	264	272	240	264	216	168	152	160	256	72	80	120	8	0	0	0	0	0	0	0
74	288	280	288	296	272	192	240	240	80	64	64	80	0	0	0	0	0	0	0	0
75	280	280	256	264	216	264	200	200	96	80	80	80	8	0	0	0	0	0	0	0
76	240	248	224	248	248	184	184	168	112	56	64	72	0	0	0	0	0	0	0	0
77	248	264	264	296	264	176	192	200	48	56	56	96	0	0	0	0	0	0	0	0
78	296	272	272	296	240	216	208	216	144	96	96	104	0	0	0	0	0	0	0	0
79	272	264	240	240	224	136	128	136	96	64	64	72	16	0	0	0	0	0	0	0
80	296	296	256	280	248	208	200	224	96	64	80	72	0	0	0	0	0	0	0	0
81	288	288	280	288	272	240	264	256	80	64	64	72	0	0	0	0	0	0	0	0
82	296	280	272	288	240	48	224	208	88	48	48	88	8	0	0	0	0	0	0	0
83	288	296	272	296	248	376	224	224	72	32	32	64	0	0	0	0	0	0	0	0
84	248	256	256	280	240	176	160	192	112	80	80	96	0	0	0	0	0	0	0	0
85	288	280	272	280	256	216	208	208	80	64	64	72	0	0	0	0	0	0	0	0
86	264	256	256	272	240	128	200	192	16	64	72	96	0	0	0	0	0	0	0	0
87	264	272	264	288	264	264	216	200	0	24	24	56	0	0	0	0	0	0	0	0
88	272	272	240	272	232	168	184	184	264	56	56	72	8	0	0	0	0	0	0	0
89	296	288	272	288	264	240	240	240	72	32	32	64	0	0	0	0	0	0	0	0
90	264	288	288	280	264	232	232	240	80	56	56	64	0	0	0	0	0	0	0	0
91	288	288	280	296	280	248	256	240	64	40	40	48	0	0	0	0	0	0	0	0
92	280	272	256	256	248	232	192	200	96	64	64	64	0	0	0	0	0	0	0	0
93	256	304	280	280	264	136	208	208	64	24	24	56	0	0	0	0	0	0	0	0
94	248	240	248	280	240	224	168	168	48	24	40	80	8	0	0	0	0	0	0	0
95	224	256	256	280	264	192	200	192	120	40	40	72	0	0	0	0	0	0	0	0
96	248	288	264	272	240	208	176	184	88	56	56	72	0	0	0	0	0	0	0	0
97	264	264	256	280	256	72	192	200	88	72	72	88	0	0	0	0	0	0	0	0
98	280	288	280	280	272	352	248	248	64	48	48	56	0	0	0	0	0	0	0	0
99	288	264	264	256	224	208	160	160	80	64	64	64	16	0	0	0	0	0	0	0
100	264	264	264	288	280	160	224	224	72	40	40	56	0	0	0	0	0	0	0	0
101	296	296	280	288	248	280	224	216	64	64	64	88	0	0	0	0	0	0	0	0
102	256	272	256	272	232	200	176	208	96	48	48	72	0	0	0	0	0	0	0	0
103	272	272	272	296	232	184	192	184	104	56	56	96	0	0	0	0	0	0	0	0
104	280	288	264	272	240	0	208	200	80	40	40	56	16	0	0	0	0	0	0	0
105	264	272	232	296	224	336	144	136	96	24	24	80	8	0	0	8	0	0	0	0
106	280	256	248	272	248	128	208	224	64	32	32	48	0	0	0	0	0	0	0	0
107	232	240	248	264	248	280	184	168	40	32	40	56	0	0	0	0	0	0	0	0
108	296	296	280	288	232	216	216	208	0	88	88	104	8	0	0	0	0	0	0	0
109	280	264	256	264	232	160	168	176	248	104	104	120	8	0	0	0	0	0	0	0
110	272	296	296	296	256	232	200	208	80	56	56	64	0	0	0	0	0	0	0	0
111	296	288	272	288	240	200	184	192	96	64	64	104	0	0	0	0	0	0	0	0
112	272	272	240	264	208	128	160	160	96	40	40	80	16	0	0	0	0	0	0	0
113	272	288	264	296	248	208	184	200	104	72	72	96	0	0	0	0	0	0	0	0
114	280	272	264	280	256	120	232	224	72	48	48	72	0	0	0	0	0	0	0	0
115	272	272	240	248	192	272	152	144	88	32	32	64	16	0	0	0	0	0	0	0
116	264	248	224	248	248	168	168	160	80	56	56	80	0	0	0	0	0	0	0	0
117	272	288	280	296	272	224	240	240	64	32	32	64	8	0	0	0	0	0	0	0
118	264	264	232	264	256	144	224	192	16	24	32	72	0	0	0	0	0	0	0	0
119	280	264	264	272	224	176	136	144	160	72	72	88	16	0	0	0	0	0	0	0
120	280	288	264	288	232	208	200	216	80	56	56	80	8	0	0	0	0	0	0	0
avg	269.333	272.267	259.733	275.6	244.4	198.533	196.8	197.2	85.8667	53.6	55.7333	76.1333	4.4	1.2	1.06667	1.33333	1.06667	0.933333	0.933333	0.933333
delay	486.492	486.473	486.36	486.512	504.751	625.342	516.986	517.3	764.966	509.782	509.979	511.52	451.606	289	266.625	315.2	264.375	239	239	239
loss	0.0820862	0.0721088	0.105408	0.060771	0.149676	0.287148	0.295043	0.292601	0.673902	0.79143	0.783282	0.709432	0.982503	0.995208	0.99574	0.994675	0.99574	0.996273	0.996273	0.996273
Command ['/home/synrg/Documents/Jiaming/ns-3.30-obss/build/scratch/simple-ofdma-adhoc', '--ofdmaEnabled=true', '--startTime=60', '--totalTime=120', '--dataMode=HeMcs0', '--datarate=3e5', '--clNum=20', '--ratio=0.375', '--RngRun=61'] terminated with signal SIGSEGV. Run it under a debugger to get more information (./waf --run <program> --command-template="gdb --args %s <args>").
