Waf: Entering directory `/home/synrg/Documents/Jiaming/ns-3.30-obss/build'
Waf: Leaving directory `/home/synrg/Documents/Jiaming/ns-3.30-obss/build'
Build commands will be stored in build/compile_commands.json
'build' finished successfully (0.670s)
--------------------------Rate[Kbps]--------------------------
Time[s]	cl-1	cl-2	cl-3	cl-4	cl-5	cl-6	cl-7	cl-8	cl-9	cl-10	cl-11	cl-12	cl-13	cl-14	cl-15	cl-16	cl-17	cl-18	cl-19	cl-20
60	15.2	15.6	16	15.4	16	13.2	17	14.4	16.4	14.2	13.8	14.4	14.8	16.4	14.6	11.8	15.8	16.2	12.2	13.6
61	472	456	480	472	472	352	280	304	456	392	384	416	416	352	296	328	400	304	216	272
62	496	472	472	488	448	336	304	288	400	344	320	384	416	360	296	320	408	376	272	304
63	488	488	472	496	456	304	256	240	456	320	288	336	408	344	264	336	432	272	184	288
64	488	480	488	496	464	360	336	336	384	328	312	392	400	352	304	368	400	304	280	352
65	480	488	480	480	456	352	296	320	448	368	336	352	168	336	320	376	456	352	264	360
66	480	488	488	480	432	344	312	320	424	400	416	416	744	384	336	368	464	400	360	376
67	480	480	472	472	472	360	264	280	384	288	248	296	400	304	288	336	384	280	208	280
68	488	480	488	496	456	320	320	320	464	368	328	368	464	376	328	376	432	360	312	368
69	504	488	496	504	448	360	304	312	480	360	344	376	408	376	320	392	448	360	312	384
70	488	488	488	488	440	296	336	352	464	440	408	448	320	416	400	448	392	368	328	368
71	472	480	472	464	432	336	280	272	224	312	304	384	512	312	240	344	448	328	272	384
72	488	488	496	472	432	312	264	304	528	296	280	336	192	344	296	344	424	304	248	304
73	488	496	488	488	440	192	320	320	384	352	344	376	616	352	304	344	424	344	296	344
74	480	464	480	480	440	480	264	264	416	360	304	352	376	352	272	296	432	328	240	272
75	504	496	488	504	448	360	336	312	432	360	328	344	416	352	304	328	432	360	288	336
76	496	488	472	496	480	184	280	296	424	336	312	368	408	336	256	296	392	336	264	304
77	496	496	504	496	472	488	344	328	384	376	328	352	440	344	296	352	432	344	280	336
78	488	464	488	472	424	328	264	256	472	336	312	352	368	296	216	296	400	264	184	240
79	488	488	480	496	440	352	232	248	408	312	272	320	424	272	208	272	392	328	232	304
80	488	464	480	472	456	272	304	256	440	328	304	384	448	320	248	328	488	312	256	352
81	464	480	472	464	424	288	224	208	392	304	272	296	392	304	232	272	432	304	224	248
82	480	480	472	480	480	360	304	336	424	360	352	384	432	352	288	360	400	368	288	368
83	496	464	480	488	424	248	176	208	392	320	272	320	368	288	216	272	464	264	192	256
84	488	456	480	488	448	304	272	280	408	336	312	368	456	360	280	336	432	384	240	280
85	496	488	496	488	440	320	280	264	440	336	280	344	416	328	264	336	376	312	224	304
86	472	480	480	464	440	336	280	280	424	368	344	384	400	336	280	344	440	328	264	312
87	496	480	504	504	432	304	192	216	400	312	288	360	408	280	248	304	408	360	240	280
88	488	488	480	480	424	248	248	248	376	328	288	376	312	304	280	376	376	256	208	328
89	504	504	504	488	464	336	240	296	432	328	288	336	504	344	256	320	400	328	232	312
90	488	480	472	464	456	328	288	328	424	352	344	408	424	336	296	352	424	336	272	336
91	488	472	472	488	464	320	272	296	440	432	368	392	416	352	296	344	408	360	288	352
92	472	464	472	456	448	360	296	304	416	344	336	352	408	352	280	280	408	352	288	288
93	464	448	472	448	472	208	328	344	408	392	360	400	456	376	312	344	384	352	280	336
94	480	456	488	488	472	488	312	344	440	368	336	416	288	320	272	320	496	312	256	352
95	488	480	472	480	440	320	296	304	464	368	352	408	528	312	296	368	400	304	232	296
96	480	472	480	488	472	368	232	264	416	328	280	328	368	368	304	328	432	304	240	272
97	496	488	496	496	472	360	328	320	440	424	408	440	464	376	352	384	416	408	344	376
98	480	480	464	488	464	320	280	272	384	280	264	328	440	304	256	328	432	352	264	296
99	480	488	488	488	432	312	248	288	392	328	304	344	272	344	288	336	360	368	296	320
100	488	480	488	488	432	304	280	264	400	320	296	376	560	280	256	336	424	328	264	288
101	496	496	480	488	448	320	264	304	408	328	296	344	408	360	296	376	392	392	304	352
102	480	480	472	464	432	336	248	248	408	328	288	304	376	304	280	312	416	296	184	240
103	488	480	504	496	464	320	280	296	464	360	336	368	488	336	264	320	408	304	232	304
104	480	456	472	480	480	312	320	344	472	360	344	408	432	344	288	344	472	384	304	360
105	496	480	480	464	456	384	328	328	408	368	376	392	432	352	312	328	448	400	336	376
106	496	480	496	496	432	352	272	288	432	344	296	352	416	368	288	344	448	288	216	272
107	480	472	488	472	440	344	248	288	424	320	320	360	384	264	248	280	392	304	232	272
108	488	480	480	488	432	296	256	256	408	304	248	312	432	328	272	312	416	344	264	336
109	488	488	480	496	456	304	256	232	424	328	280	320	400	304	256	320	384	312	232	272
110	464	448	472	464	456	352	224	264	408	344	288	344	352	320	232	272	392	280	232	272
111	472	480	480	472	464	224	320	360	264	400	368	384	440	352	320	368	288	360	296	360
112	496	488	488	488	448	456	224	232	616	352	320	360	432	312	256	312	520	352	272	288
113	496	480	496	496	416	304	256	240	432	360	304	328	424	328	256	280	328	288	192	264
114	480	440	480	472	472	312	272	280	416	328	304	360	472	280	256	336	456	352	248	304
115	496	480	480	488	456	352	272	288	424	320	296	352	352	328	304	352	352	336	280	336
116	496	488	488	488	464	360	272	296	416	368	328	360	472	288	264	296	448	328	240	320
117	504	488	504	504	488	344	312	344	440	392	336	384	432	384	328	384	408	352	304	344
118	472	472	480	480	424	296	232	288	440	336	304	384	400	328	280	312	360	360	288	352
119	504	496	496	496	448	376	288	304	408	344	344	336	416	320	248	296	384	360	288	320
120	480	448	480	480	408	304	248	280	440	384	360	400	408	360	320	344	432	376	280	320
avg	486.533	478	483.333	483.333	449.867	329.467	277.733	289.2	422.267	347.867	319.2	364.4	417.067	334.267	281.867	332.933	415.6	334.533	260.933	316.533
delay	1.42395	2.33138	2.31669	2.31724	4.75726	47.7204	8.94767	9.10834	25.1541	9.88463	9.71136	9.57849	46.3465	13.158	13.009	12.8534	29.2223	15.495	15.3648	15.2755
loss	0.0235483	0.0360312	0.0289312	0.0289312	0.0843962	0.302568	0.398672	0.37851	0.134936	0.269597	0.322197	0.236592	0.144186	0.291007	0.392529	0.293635	0.139426	0.295225	0.435046	0.326716
Command ['/home/synrg/Documents/Jiaming/ns-3.30-obss/build/scratch/simple-ofdma-adhoc', '--ofdmaEnabled=true', '--startTime=60', '--totalTime=120', '--dataMode=HeMcs6', '--datarate=5e5', '--clNum=20', '--ratio=0.375', '--RngRun=61'] terminated with signal SIGSEGV. Run it under a debugger to get more information (./waf --run <program> --command-template="gdb --args %s <args>").
