Waf: Entering directory `/home/ubuntu/ns-3.30-obss/build'
Waf: Leaving directory `/home/ubuntu/ns-3.30-obss/build'
Build commands will be stored in build/compile_commands.json
'build' finished successfully (0.694s)
--------------------------Rate[Kbps]--------------------------
Time[s]	cl-1	cl-2	cl-3	cl-4	cl-5	cl-6	cl-7	cl-8	cl-9	cl-10	cl-11	cl-12	cl-13	cl-14	cl-15	cl-16	cl-17	cl-18	cl-19	cl-20
60	15.2	16.8	17.2	14.2	16.2	13.8	12.8	14	14	13	12	14	10.6	14.6	16.8	15.2	16.8	14.8	12.8	14.2
61	0	0	0	0	0	72	32	0	104	24	112	224	152	136	48	0	80	152	112	280
62	0	0	0	0	0	288	120	160	40	120	48	136	0	104	48	96	152	208	288	200
63	0	0	0	0	0	136	72	264	184	0	104	0	80	232	144	160	64	176	296	232
64	0	0	0	0	0	208	208	0	256	176	104	232	256	256	40	48	16	8	32	256
65	0	0	0	0	0	136	160	208	224	224	224	56	16	208	128	128	104	96	176	8
66	0	0	0	0	0	192	184	176	56	80	256	144	0	160	160	152	104	40	32	144
67	0	0	0	0	0	0	200	152	40	80	56	48	72	152	104	192	48	40	40	48
68	0	0	0	0	0	0	136	24	48	152	96	0	0	0	0	0	0	0	0	0
69	0	0	0	0	0	0	0	0	0	24	48	0	0	0	0	0	0	0	0	0
70	0	0	0	0	0	0	0	0	0	72	0	0	0	0	0	0	0	0	0	0
71	0	0	0	0	0	0	0	0	152	128	72	64	0	0	0	0	0	0	0	0
72	0	0	0	0	0	0	0	0	0	96	0	104	0	0	0	0	0	0	0	0
73	0	0	0	0	0	0	0	0	160	0	0	0	0	0	0	0	0	0	0	0
74	0	0	0	0	0	0	0	0	0	72	136	80	0	0	0	0	0	0	0	0
75	0	0	0	0	0	0	0	0	24	0	144	80	0	0	0	0	0	0	0	0
76	0	0	0	0	0	0	0	0	136	88	152	280	0	0	0	0	0	0	0	0
77	0	0	0	0	0	0	0	0	144	48	224	88	0	0	0	0	0	0	0	0
78	0	0	0	0	0	0	0	0	104	32	40	200	0	0	0	0	0	0	0	0
79	0	0	0	0	0	0	0	0	0	72	40	216	0	0	0	0	0	0	0	0
80	0	8	0	0	0	0	0	0	120	256	128	0	0	0	0	0	0	0	0	0
81	0	0	0	0	0	0	0	0	160	128	64	184	0	0	0	0	0	0	0	0
82	0	0	0	0	0	0	0	0	0	232	8	304	0	0	0	0	0	0	0	0
83	0	0	0	0	0	0	0	0	104	0	112	160	0	0	0	0	0	0	0	0
84	0	0	0	0	0	0	0	0	80	0	184	8	0	0	0	0	0	0	0	0
85	0	0	0	0	0	0	0	0	0	0	0	0	0	0	0	0	0	0	0	0
86	0	0	0	0	0	0	0	0	0	0	0	0	0	0	0	0	0	0	0	0
87	0	0	0	0	0	0	0	0	0	0	0	0	0	0	0	0	0	0	0	0
88	0	0	0	0	0	0	0	0	0	0	0	0	0	0	0	0	0	0	0	0
89	0	0	0	0	0	0	0	0	0	0	0	0	0	0	0	0	0	0	0	0
90	0	0	0	0	0	0	0	0	0	0	0	0	0	0	0	0	0	0	0	0
91	0	0	0	0	0	0	0	0	0	0	0	0	0	0	0	0	0	0	0	0
92	0	0	0	0	0	0	0	0	0	0	0	0	0	0	0	0	0	0	0	0
93	0	0	0	0	0	0	0	0	0	0	0	0	0	0	0	0	0	0	0	0
94	0	0	0	0	0	0	0	0	0	0	0	0	0	0	0	0	0	0	0	0
95	0	0	0	0	0	0	0	0	0	0	0	0	0	0	0	0	0	0	0	0
96	0	0	0	0	0	0	0	0	0	0	0	0	0	0	0	0	0	0	0	0
97	0	0	0	0	0	0	0	0	0	0	0	0	0	0	0	0	0	0	0	0
98	0	0	0	0	0	0	0	0	0	0	0	0	0	0	0	0	0	0	0	0
99	0	0	0	0	0	0	0	0	0	0	0	0	0	0	0	0	0	0	0	0
100	0	0	0	0	0	0	0	0	0	0	0	0	0	0	0	0	0	0	0	0
101	0	0	0	0	0	0	0	0	0	0	0	0	0	0	0	0	0	0	0	0
102	0	0	0	0	0	0	0	0	0	0	0	0	0	0	0	0	0	0	0	0
103	0	0	0	0	0	0	0	0	0	0	0	0	0	0	0	0	0	0	0	0
104	0	0	0	0	0	0	0	0	0	0	0	0	0	0	0	0	0	0	0	0
105	0	0	0	0	0	0	0	0	0	0	0	0	0	0	0	0	0	0	0	0
106	0	0	0	0	0	0	0	0	0	0	0	0	0	0	0	0	0	0	0	0
107	0	0	0	0	0	0	0	0	0	0	0	0	0	0	0	0	0	0	0	0
108	0	0	0	0	0	0	0	0	0	0	0	0	0	0	0	0	0	0	0	0
109	0	0	0	0	0	0	0	0	0	0	0	0	0	0	0	0	0	0	0	0
110	0	0	0	0	0	0	0	0	0	0	0	0	0	0	0	0	0	0	0	0
111	0	0	0	0	0	0	0	0	0	0	0	0	0	0	0	0	0	0	0	0
112	0	0	0	0	0	0	0	0	0	0	0	0	0	0	0	0	0	0	0	0
113	0	0	0	0	0	0	0	0	0	0	0	0	0	0	0	0	0	0	0	0
114	0	0	0	0	0	0	0	0	0	0	0	0	0	0	0	0	0	0	0	0
115	0	0	0	0	0	0	0	0	0	0	0	0	0	0	0	0	0	0	0	0
116	0	0	0	0	0	0	0	0	0	0	0	0	0	0	0	0	0	0	0	0
117	0	0	0	0	0	0	0	0	0	0	0	0	0	0	0	0	0	0	0	0
118	0	0	0	0	0	0	0	0	0	0	0	0	0	0	0	0	0	0	0	0
119	0	0	0	0	0	0	0	0	0	0	0	0	0	0	0	0	0	0	0	0
120	0	0	0	0	0	0	0	0	0	0	0	0	0	0	0	0	0	0	0	0
avg	0	0.133333	0	0	0	17.2	18.5333	16.4	35.6	35.0667	39.2	43.4667	9.6	20.8	11.2	12.9333	9.46667	12	16.2667	19.4667
delay	0	496	0	0	0	160.264	316.871	264	347.824	401.015	393.871	384.776	119.486	201.41	290.214	326.594	183.606	98.3111	105.836	112.295
loss	0	0.5	0	0	0	0.866598	0.835891	0.884398	0.720419	0.697005	0.660508	0.672032	0.919463	0.84493	0.903337	0.917597	0.919592	0.900772	0.873706	0.850256
Command ['/home/ubuntu/ns-3.30-obss/build/scratch/simple-ofdma-adhoc3', '--ofdmaEnabled=false', '--rtscts=1', '--startTime=60', '--totalTime=120', '--dataMode=HeMcs0', '--datarate=3e5', '--clNum=20', '--ratio=0.375', '--RngRun=24'] terminated with signal SIGSEGV. Run it under a debugger to get more information (./waf --run <program> --command-template="gdb --args %s <args>").
