Waf: Entering directory `/home/ubuntu/ns-3.30-obss/build'
Waf: Leaving directory `/home/ubuntu/ns-3.30-obss/build'
Build commands will be stored in build/compile_commands.json
'build' finished successfully (0.738s)
--------------------------Rate[Kbps]--------------------------
Time[s]	cl-1	cl-2	cl-3	cl-4	cl-5	cl-6	cl-7	cl-8	cl-9	cl-10	cl-11	cl-12	cl-13	cl-14	cl-15	cl-16	cl-17	cl-18
60	15.8	16	13.2	11.4	15.6	16.6	12.8	13.2	14.6	12.2	17	16.2	14.2	15.2	15.2	15	15.4	14.4
61	0	0	0	0	0	0	0	0	48	0	208	248	560	624	152	0	488	0
62	0	0	0	0	0	0	144	192	592	432	440	704	256	280	192	256	296	312
63	0	0	0	0	0	0	56	216	664	720	736	104	280	0	376	288	72	392
64	0	0	0	0	0	0	312	384	0	248	56	120	456	360	248	368	408	264
65	0	0	0	0	0	0	352	384	240	128	512	0	176	160	320	288	288	208
66	0	0	0	0	0	0	0	256	472	568	328	336	360	88	512	376	616	392
67	0	0	0	0	0	0	144	424	632	104	320	648	368	408	120	432	240	424
68	0	0	0	0	0	0	64	248	320	0	32	40	272	320	16	176	0	264
69	0	0	0	0	0	0	528	296	456	144	432	392	288	576	144	248	440	312
70	0	0	0	0	0	0	552	304	728	720	192	624	304	0	216	176	376	88
71	0	0	0	0	0	0	40	24	208	664	64	616	448	256	344	328	352	336
72	0	0	0	0	0	0	224	456	248	472	240	272	696	568	96	208	104	104
73	0	0	0	0	0	0	728	280	264	304	8	528	0	656	64	216	712	152
74	0	0	0	0	0	0	136	72	0	64	368	104	184	104	160	104	288	136
75	0	0	0	0	0	0	600	168	368	120	552	48	144	48	336	208	320	400
76	0	0	0	0	0	0	168	24	88	248	0	72	128	480	664	0	568	216
77	0	0	0	0	0	0	0	160	208	560	80	8	56	184	184	400	0	472
78	0	0	0	0	0	0	264	232	272	400	120	448	280	624	176	528	256	168
79	0	0	0	0	0	0	176	552	552	248	200	144	288	392	408	240	600	336
80	0	0	0	0	0	0	24	728	608	88	192	144	440	216	744	464	160	104
81	0	0	0	0	0	0	176	200	128	208	0	0	0	64	280	208	104	136
82	0	0	0	0	0	0	400	0	280	464	416	168	64	664	112	272	640	616
83	0	0	0	0	0	0	48	504	424	304	688	192	128	560	240	128	376	568
84	0	0	0	0	0	0	176	80	64	664	24	776	776	0	0	832	840	200
85	0	0	0	0	0	0	552	432	400	376	88	464	208	328	616	56	152	600
86	0	0	0	0	0	0	0	520	96	744	224	312	632	728	168	584	56	536
87	0	0	0	0	0	0	824	224	112	480	624	800	112	200	32	712	176	0
88	0	0	0	0	0	0	464	496	96	272	376	48	104	488	176	448	600	312
89	0	0	0	0	0	0	280	584	368	0	480	0	224	776	216	0	600	0
90	0	0	0	0	0	0	288	192	40	184	0	168	848	488	752	72	720	456
91	0	0	0	0	0	0	312	224	352	176	184	0	376	48	144	88	0	88
92	0	0	0	0	0	0	536	648	240	440	472	504	40	144	136	704	88	256
93	0	0	0	0	0	0	384	112	176	560	16	728	280	88	328	576	360	72
94	0	0	0	0	0	0	296	152	112	632	520	624	568	232	0	456	784	352
95	0	0	0	0	0	0	0	192	464	0	304	784	168	768	720	728	344	256
96	0	0	0	0	0	0	96	424	72	208	0	744	128	456	784	48	168	840
97	0	0	0	0	0	0	32	80	384	304	808	920	16	240	176	328	296	328
98	0	0	0	0	0	0	680	0	184	32	584	216	448	176	344	672	0	744
99	0	0	0	0	0	0	160	592	96	0	496	496	240	272	520	616	120	0
100	0	0	0	0	0	0	432	24	408	112	64	152	792	544	552	320	752	432
101	0	0	0	0	0	0	0	536	296	456	0	536	600	304	296	328	584	48
102	0	0	0	0	0	0	200	536	240	152	320	600	808	56	0	464	72	616
103	0	0	0	0	0	0	416	472	640	536	216	24	448	176	80	456	512	280
104	0	0	0	0	0	0	184	600	160	576	264	592	440	328	224	472	392	32
105	0	0	0	0	0	0	232	392	0	272	0	296	0	360	0	232	0	72
106	0	0	0	0	0	0	392	184	328	216	344	496	288	408	336	56	272	304
107	0	0	0	0	0	0	384	256	528	120	640	176	144	504	624	528	96	144
108	0	0	0	0	0	0	0	832	912	128	72	24	0	736	224	312	680	80
109	0	0	0	0	0	0	280	248	144	328	328	440	152	384	408	152	320	232
110	0	0	0	0	0	0	288	272	432	360	104	576	600	48	264	176	584	504
111	0	0	0	0	0	0	392	320	344	0	544	512	144	216	608	200	8	512
112	0	0	0	0	0	0	336	264	104	344	576	136	288	472	592	200	544	592
113	0	0	0	0	0	0	872	32	200	256	72	64	128	288	416	528	264	112
114	0	0	0	0	0	0	384	104	280	288	0	0	120	120	840	416	176	152
115	0	0	0	0	0	0	424	168	512	880	928	1160	0	0	592	56	96	112
116	0	0	0	0	0	0	544	584	408	200	664	120	328	424	232	200	448	232
117	0	0	0	0	0	0	0	392	432	616	144	0	432	656	272	144	712	232
118	0	0	0	0	0	0	264	376	736	384	320	368	24	120	504	224	520	592
119	0	0	0	0	0	0	704	240	288	0	192	80	512	656	712	0	232	576
120	0	0	0	0	0	0	32	440	328	768	40	544	456	704	672	136	248	320
(1,19240)	(2,7783)	(3,0)	(4,2586)	
(1,10628)	(2,3373)	(3,0)	(4,451)	
(1,11242)	(2,3274)	(3,0)	(4,527)	
(1,6042)	(2,985)	(3,0)	(4,42)	
(1,6413)	(2,903)	(3,0)	(4,74)	
(1,6498)	(2,1054)	(3,0)	(4,46)	
(1,5896)	(2,1183)	(3,0)	(4,60)	
(1,1)	(2,0)	(3,0)	(4,0)	
(1,1)	(2,0)	(3,0)	(4,0)	
(1,1)	(2,0)	(3,0)	(4,0)	
(1,1)	(2,0)	(3,0)	(4,0)	
(1,1)	(2,0)	(3,0)	(4,0)	
(1,1)	(2,0)	(3,0)	(4,0)	
(1,1)	(2,0)	(3,0)	(4,0)	
(1,1)	(2,0)	(3,0)	(4,0)	
(1,1)	(2,0)	(3,0)	(4,0)	
(1,1)	(2,0)	(3,0)	(4,0)	
(1,1)	(2,0)	(3,0)	(4,0)	
(1,1)	(2,0)	(3,0)	(4,0)	
avg	0	0	0	0	0	0	282.933	305.467	312.933	321.2	286.933	340.667	300.8	342.8	327.733	307.2	342	293.6
delay	0.253165	0.2625	0.818182	0.701754	0.74359	0.879518	37.4378	23.0711	29.1964	23.8651	35.4243	58.0841	34.0403	31.562	24.0065	28.582	25.8713	30.3974
loss	0	0	0	0	0	0	0.354623	0.30869	0.3321	0.311625	0.341292	0.308712	0.335493	0.324842	0.323982	0.33755	0.319087	0.343862
Command ['/home/ubuntu/ns-3.30-obss/build/scratch/simple-ofdma-adhoc4', '--ofdmaEnabled=true', '--startTime=60', '--totalTime=120', '--dataMode=HeMcs7', '--datarate=10e5', '--ratio=0.375', '--RngRun=11', '--locationFile=my-simulations/8_ofdma7/txt/locationFile223.txt', '--routingFile=my-simulations/8_ofdma7/txt/routingFile223.txt'] terminated with signal SIGSEGV. Run it under a debugger to get more information (./waf --run <program> --command-template="gdb --args %s <args>").
