Waf: Entering directory `/home/ubuntu/ns-3.30-obss/build'
Waf: Leaving directory `/home/ubuntu/ns-3.30-obss/build'
Build commands will be stored in build/compile_commands.json
'build' finished successfully (0.791s)
--------------------------Rate[Kbps]--------------------------
Time[s]	cl-1	cl-2	cl-3	cl-4	cl-5	cl-6	cl-7	cl-8	cl-9	cl-10	cl-11	cl-12
60	15	11.4	14.8	12.2	14.2	12.6	14.2	13.4	14.2	13.6	16.6	19
61	0	0	0	168	0	152	0	88	16	0	0	24
62	0	0	0	192	176	176	184	40	72	16	64	0
63	0	0	0	160	176	120	200	160	200	200	104	160
64	0	0	0	144	24	0	8	200	0	56	0	104
65	0	0	0	40	48	72	40	104	128	96	16	160
66	0	0	0	120	200	152	48	0	136	144	160	64
67	0	0	0	144	24	64	152	80	200	184	160	184
68	0	0	0	176	0	64	112	184	144	0	144	104
69	0	0	0	160	0	176	96	192	200	104	136	24
70	0	0	0	136	24	160	32	192	168	176	176	104
71	0	0	0	96	192	208	200	152	40	112	144	40
72	0	0	0	104	168	192	160	0	168	72	32	192
73	0	0	0	0	200	120	64	144	176	168	120	144
74	0	0	0	112	112	200	200	64	200	192	0	0
75	0	0	0	152	136	64	56	176	112	88	8	144
76	0	0	0	120	96	192	8	128	0	128	104	200
77	0	0	0	128	96	128	192	0	160	104	56	128
78	0	0	0	24	200	128	120	144	16	88	144	200
79	0	0	0	32	88	88	200	136	176	8	0	152
80	0	0	0	8	64	56	16	0	128	120	96	136
81	0	0	0	192	128	0	16	120	96	96	112	88
82	0	0	0	88	112	112	168	176	64	192	80	200
83	0	0	0	56	88	168	200	96	8	104	128	96
84	0	0	0	184	16	152	168	184	120	192	112	168
85	0	0	0	64	8	200	160	24	48	152	128	104
86	0	0	0	48	48	112	56	56	136	176	48	200
87	0	0	0	120	8	104	184	104	128	0	184	96
88	0	0	0	0	104	200	80	0	48	104	120	168
89	0	0	0	72	96	80	0	96	64	128	0	200
90	0	0	0	24	184	88	152	24	160	88	104	48
91	0	0	0	0	160	200	88	32	0	88	200	72
92	0	0	0	112	160	160	48	88	200	152	80	136
93	0	0	0	200	0	0	96	0	56	176	8	168
94	0	0	0	8	80	16	96	192	56	0	32	48
95	0	0	0	176	16	136	200	16	64	24	168	200
96	0	0	0	72	56	104	128	40	176	80	56	136
97	0	0	0	0	192	88	0	24	200	40	48	0
98	0	0	0	112	200	104	56	0	168	48	24	144
99	0	0	0	200	160	32	104	80	0	0	184	200
100	0	0	0	48	0	88	200	160	72	0	104	136
101	0	0	0	88	88	48	184	0	72	72	32	8
102	0	0	0	128	192	112	176	192	48	32	120	128
103	0	0	0	24	32	200	16	72	160	192	0	16
104	0	0	0	160	24	128	184	144	104	176	40	120
105	0	0	0	0	8	40	128	80	56	8	0	120
106	0	0	0	40	144	160	56	64	200	112	128	56
107	0	0	0	184	144	200	200	48	16	200	48	200
108	0	0	0	72	184	104	96	80	192	104	56	184
109	0	0	0	112	64	56	152	120	160	112	104	184
110	0	0	0	176	8	0	104	144	8	0	152	0
111	0	0	0	192	88	24	56	200	152	136	152	72
112	0	0	0	160	72	144	168	112	160	192	168	40
113	0	0	0	0	176	120	200	144	40	104	16	136
114	0	0	0	0	152	120	136	72	200	40	120	16
115	0	0	0	72	144	40	184	80	168	176	152	168
116	0	0	0	72	40	32	184	56	104	104	64	80
117	0	0	0	88	0	0	88	48	176	96	112	48
118	0	0	0	200	56	32	64	184	128	24	168	88
119	0	0	0	24	152	8	168	168	112	184	104	144
120	0	0	0	112	112	160	88	176	24	88	192	56
(1,7791)	(2,40)	(3,0)	(4,0)	
(1,2445)	(2,5)	(3,0)	(4,0)	
(1,2609)	(2,20)	(3,0)	(4,0)	
(1,2520)	(2,17)	(3,0)	(4,0)	
(1,1)	(2,0)	(3,0)	(4,0)	
(1,1)	(2,0)	(3,0)	(4,0)	
(1,1)	(2,0)	(3,0)	(4,0)	
(1,1)	(2,0)	(3,0)	(4,0)	
(1,1)	(2,0)	(3,0)	(4,0)	
(1,1)	(2,0)	(3,0)	(4,0)	
(1,1)	(2,0)	(3,0)	(4,0)	
(1,1)	(2,0)	(3,0)	(4,0)	
(1,1)	(2,0)	(3,0)	(4,0)	
avg	0	0	0	98.2667	95.3333	106.4	115.333	98	109.733	100.8	91.8667	112.267
delay	0.24	0.22807	0.283784	1.01085	1.05035	0.961153	1.00694	1.02041	0.998785	1.0291	0.976778	0.973872
loss	0	0	0	0.00405405	0.00139665	0.00374532	0.00345622	0.0147453	0	0.015625	0.0100575	0.0035503
Command ['/home/ubuntu/ns-3.30-obss/build/scratch/simple-ofdma-adhoc4', '--ofdmaEnabled=true', '--startTime=60', '--totalTime=120', '--dataMode=HeMcs7', '--datarate=2e5', '--ratio=0.375', '--RngRun=11', '--locationFile=my-simulations/8_ofdma7/txt/locationFile33.txt', '--routingFile=my-simulations/8_ofdma7/txt/routingFile33.txt'] terminated with signal SIGSEGV. Run it under a debugger to get more information (./waf --run <program> --command-template="gdb --args %s <args>").
