Waf: Entering directory `/home/ubuntu/ns-3.30-obss/build'
Waf: Leaving directory `/home/ubuntu/ns-3.30-obss/build'
Build commands will be stored in build/compile_commands.json
'build' finished successfully (0.764s)
--------------------------Rate[Kbps]--------------------------
Time[s]	cl-1	cl-2	cl-3	cl-4	cl-5	cl-6	cl-7	cl-8	cl-9	cl-10
60	16.4	13.8	15.2	14.4	15	15.4	15.4	14.4	17.6	15
61	0	0	248	0	0	672	272	680	0	312
62	0	0	768	480	224	560	0	352	264	24
63	0	0	232	608	640	88	480	64	672	552
64	0	0	0	624	160	32	256	72	544	272
65	0	0	0	768	520	0	640	280	328	656
66	0	0	776	640	208	72	392	432	552	584
67	0	0	776	448	0	256	760	400	528	80
68	0	0	120	304	432	280	656	632	72	648
69	0	0	272	680	600	352	192	808	96	128
70	0	0	240	128	0	632	672	632	120	0
71	0	0	760	216	416	112	712	648	56	120
72	0	0	208	192	424	744	232	8	608	168
73	0	0	952	216	192	648	328	424	256	712
74	0	0	408	416	0	616	144	784	736	496
75	0	0	152	296	360	0	504	280	616	736
76	0	0	104	744	560	304	464	512	384	416
77	0	0	248	320	296	0	0	368	280	0
78	0	0	760	952	464	80	136	880	344	304
79	0	0	264	552	120	48	128	696	656	752
80	0	0	0	0	0	544	528	56	72	368
81	0	0	968	376	296	504	0	120	192	552
82	0	0	248	400	224	800	136	408	472	288
83	0	0	344	560	560	720	0	344	0	312
84	0	0	224	296	608	144	440	872	224	64
85	0	0	328	184	744	568	32	456	584	80
86	0	0	560	304	280	424	680	0	424	136
87	0	0	120	176	256	312	400	768	440	104
88	0	0	368	288	216	240	592	584	664	672
89	0	0	600	312	792	640	320	504	376	280
90	0	0	512	0	0	304	48	232	128	128
91	0	0	600	488	376	584	280	520	400	392
92	0	0	232	504	488	16	168	200	0	288
93	0	0	208	712	680	40	504	424	0	584
94	0	0	0	648	736	752	184	328	192	712
95	0	0	528	0	120	568	360	776	672	96
96	0	0	424	696	64	368	648	688	104	592
97	0	0	320	536	352	624	240	272	0	752
98	0	0	704	672	736	536	144	248	448	0
99	0	0	760	640	88	88	568	456	408	208
100	0	0	8	0	744	624	344	320	424	64
101	0	0	168	624	232	624	688	272	424	72
102	0	0	24	328	336	24	416	24	616	0
103	0	0	448	408	288	80	664	696	480	552
104	0	0	544	624	272	528	584	144	352	392
105	0	0	128	608	304	448	264	616	624	592
106	0	0	448	32	384	184	232	528	496	768
107	0	0	8	0	808	664	464	400	0	208
108	0	0	520	600	384	288	424	608	576	504
109	0	0	600	232	376	224	0	624	760	0
110	0	0	536	776	112	120	224	328	672	0
111	0	0	96	616	144	336	56	800	56	0
112	0	0	104	104	112	616	360	312	400	0
113	0	0	144	0	176	800	280	120	464	248
114	0	0	8	528	320	584	56	240	0	400
115	0	0	376	0	200	776	16	128	248	224
116	0	0	368	160	720	96	504	184	592	0
117	0	0	296	616	384	176	464	136	480	456
118	0	0	0	176	504	640	600	16	0	144
119	0	0	768	776	216	544	520	272	640	592
120	0	0	0	56	304	592	112	152	688	200
(1,14490)	(2,2412)	(3,0)	(4,1301)	
(1,7673)	(2,1359)	(3,0)	(4,367)	
(1,7362)	(2,1588)	(3,0)	(4,241)	
(1,1)	(2,0)	(3,0)	(4,0)	
(1,1)	(2,0)	(3,0)	(4,0)	
(1,1)	(2,0)	(3,0)	(4,0)	
(1,1)	(2,0)	(3,0)	(4,0)	
(1,1)	(2,0)	(3,0)	(4,0)	
(1,1)	(2,0)	(3,0)	(4,0)	
(1,1)	(2,0)	(3,0)	(4,0)	
(1,1)	(2,0)	(3,0)	(4,0)	
avg	0	0	348.8	394	342.533	387.333	341.867	402.133	365.067	316.4
delay	0.280488	0.289855	86.3899	39.4423	35.5397	15.8754	16.8744	23.4781	12.8744	44.4437
loss	0	0	0.106252	0.0651693	0.0664729	0.0742275	0.0959097	0.0563204	0.0578114	0.105541
Command ['/home/ubuntu/ns-3.30-obss/build/scratch/simple-ofdma-adhoc4', '--ofdmaEnabled=true', '--startTime=60', '--totalTime=120', '--dataMode=HeMcs1', '--datarate=8e5', '--ratio=0.375', '--RngRun=11', '--locationFile=my-simulations/8_ofdma7/txt/locationFile24.txt', '--routingFile=my-simulations/8_ofdma7/txt/routingFile24.txt'] terminated with signal SIGSEGV. Run it under a debugger to get more information (./waf --run <program> --command-template="gdb --args %s <args>").
