Waf: Entering directory `/home/ubuntu/ns-3.30-obss/build'
Waf: Leaving directory `/home/ubuntu/ns-3.30-obss/build'
Build commands will be stored in build/compile_commands.json
'build' finished successfully (0.787s)
--------------------------Rate[Kbps]--------------------------
Time[s]	cl-1	cl-2	cl-3	cl-4	cl-5	cl-6	cl-7	cl-8	cl-9	cl-10	cl-11	cl-12	cl-13	cl-14	cl-15	cl-16	cl-17	cl-18	cl-19	cl-20	cl-21
60	13.2	19.4	15.2	14	16.8	12.8	14.6	16.2	13.6	13.2	14.6	12.4	15	14.8	14.6	14.6	12.2	15.8	17.4	15.2	18.4
61	0	0	0	0	0	0	0	0	0	120	192	344	128	264	272	88	0	120	120	24	144
62	0	0	0	0	0	0	0	0	0	320	8	112	48	0	216	200	232	168	320	272	192
63	0	0	0	0	0	0	0	0	0	272	24	192	104	344	136	0	40	16	208	224	0
64	0	0	0	0	0	0	0	0	0	136	168	56	352	248	128	96	232	0	288	152	16
65	0	0	0	0	0	0	0	0	0	304	360	216	0	120	256	104	0	192	376	0	280
66	0	0	0	0	0	0	0	0	0	104	72	184	272	104	280	24	168	32	312	216	352
67	0	0	0	0	0	0	0	0	0	56	280	0	0	400	224	264	168	256	144	120	200
68	0	0	0	0	0	0	0	0	0	336	328	120	80	208	40	168	64	240	80	376	264
69	0	0	0	0	0	0	0	0	0	224	120	120	200	112	64	104	40	224	0	48	104
70	0	0	0	0	0	0	0	0	0	264	232	352	184	64	200	264	64	392	224	184	0
71	0	0	0	0	0	0	0	0	0	224	64	256	232	352	168	248	24	56	160	0	312
72	0	0	0	0	0	0	0	0	0	144	384	160	360	344	288	168	0	120	208	96	200
73	0	0	0	0	0	0	0	0	0	224	88	200	240	48	0	112	208	0	184	192	232
74	0	0	0	0	0	0	0	0	0	96	232	0	40	0	0	0	0	32	280	0	8
75	0	0	0	0	0	0	0	0	0	160	48	224	144	48	248	136	368	320	80	152	64
76	0	0	0	0	0	0	0	0	0	112	368	88	216	232	176	392	48	320	0	272	352
77	0	0	0	0	0	0	0	0	0	288	216	208	80	48	368	296	208	328	120	168	256
78	0	0	0	0	0	0	0	0	0	184	288	376	0	80	64	392	400	192	0	0	144
79	0	0	0	0	0	0	0	0	0	168	376	40	136	336	288	0	240	168	240	56	320
80	0	0	0	0	0	0	0	0	0	0	176	232	392	104	320	208	120	200	264	8	72
81	0	0	0	0	0	0	0	0	0	88	0	280	336	56	48	256	160	0	216	272	120
82	0	0	0	0	0	0	0	0	0	184	16	240	0	272	80	0	80	200	24	352	368
83	0	0	0	0	0	0	0	0	0	128	128	56	32	144	144	72	88	152	104	0	128
84	0	0	0	0	0	0	0	0	0	96	8	40	112	216	176	352	144	376	168	224	216
85	0	0	0	0	0	0	0	0	0	144	240	392	88	256	152	320	400	312	136	352	168
86	0	0	0	0	0	0	0	0	0	136	112	248	240	96	288	176	360	200	224	328	0
87	0	0	0	0	0	0	0	0	0	328	48	56	400	312	16	48	0	120	40	128	104
88	0	0	0	0	0	0	0	0	0	80	40	352	344	40	160	248	8	368	240	136	208
89	0	0	0	0	0	0	0	0	0	176	304	208	272	240	288	176	384	48	40	32	352
90	0	0	0	0	0	0	0	0	0	112	208	384	112	88	88	72	216	160	208	0	280
91	0	0	0	0	0	0	0	0	0	144	208	40	192	88	32	104	280	344	392	272	0
92	0	0	0	0	0	0	0	0	0	0	248	56	0	272	120	104	368	16	56	64	32
93	0	0	0	0	0	0	0	0	0	56	40	16	24	96	168	168	0	144	120	32	216
94	0	0	0	0	0	0	0	0	0	392	384	224	200	56	40	208	288	240	312	0	192
95	0	0	0	0	0	0	0	0	0	240	24	288	280	240	80	56	8	368	96	0	32
96	0	0	0	0	0	0	0	0	0	256	24	16	240	360	264	400	200	352	0	0	384
97	0	0	0	0	0	0	0	0	0	144	368	0	384	136	16	328	160	328	48	400	240
98	0	0	0	0	0	0	0	0	0	72	304	336	168	72	56	360	256	32	0	40	240
99	0	0	0	0	0	0	0	0	0	64	184	320	184	296	184	184	264	232	312	312	192
100	0	0	0	0	0	0	0	0	0	296	136	376	144	248	96	272	320	376	200	288	88
101	0	0	0	0	0	0	0	0	0	120	48	360	200	200	96	328	0	24	368	320	400
102	0	0	0	0	0	0	0	0	0	232	224	336	32	0	280	248	80	48	176	336	48
103	0	0	0	0	0	0	0	0	0	0	144	344	376	328	0	280	112	264	32	168	32
104	0	0	0	0	0	0	0	0	0	104	328	200	152	320	128	352	120	264	128	88	40
105	0	0	0	0	0	0	0	0	0	120	80	296	352	200	184	56	96	120	216	368	208
106	0	0	0	0	0	0	0	0	0	8	288	0	400	32	400	96	136	392	40	136	264
107	0	0	0	0	0	0	0	0	0	184	0	144	16	384	160	48	0	264	160	0	8
108	0	0	0	0	0	0	0	0	0	0	192	352	176	240	80	360	384	312	320	136	256
109	0	0	0	0	0	0	0	0	0	296	176	0	88	400	56	176	96	40	144	400	136
110	0	0	0	0	0	0	0	0	0	248	88	48	32	88	72	104	208	16	80	112	288
111	0	0	0	0	0	0	0	0	0	0	224	184	360	48	280	360	368	136	152	40	224
112	0	0	0	0	0	0	0	0	0	96	80	104	208	48	200	104	96	0	280	128	384
113	0	0	0	0	0	0	0	0	0	208	240	0	248	152	0	72	120	360	208	280	376
114	0	0	0	0	0	0	0	0	0	288	24	120	312	304	144	360	192	320	144	192	264
115	0	0	0	0	0	0	0	0	0	48	200	40	336	264	248	280	176	40	208	72	256
116	0	0	0	0	0	0	0	0	0	40	296	0	0	200	112	0	248	288	280	0	384
117	0	0	0	0	0	0	0	0	0	272	392	256	224	160	32	128	296	304	88	176	152
118	0	0	0	0	0	0	0	0	0	296	344	168	144	152	24	168	160	80	88	160	288
119	0	0	0	0	0	0	0	0	0	24	184	0	232	312	176	320	376	328	0	176	72
120	0	0	0	0	0	0	0	0	0	400	192	232	384	280	40	0	16	168	320	184	232
(1,17392)	(2,885)	(3,0)	(4,139)	
(1,5837)	(2,200)	(3,0)	(4,23)	
(1,5698)	(2,218)	(3,0)	(4,30)	
(1,5801)	(2,193)	(3,0)	(4,26)	
(1,2824)	(2,58)	(3,0)	(4,6)	
(1,2923)	(2,45)	(3,0)	(4,1)	
(1,2734)	(2,70)	(3,0)	(4,4)	
(1,2907)	(2,33)	(3,0)	(4,7)	
(1,2923)	(2,43)	(3,0)	(4,5)	
(1,2803)	(2,63)	(3,0)	(4,1)	
(1,1)	(2,0)	(3,0)	(4,0)	
(1,1)	(2,0)	(3,0)	(4,0)	
(1,1)	(2,0)	(3,0)	(4,0)	
(1,1)	(2,0)	(3,0)	(4,0)	
(1,1)	(2,0)	(3,0)	(4,0)	
(1,1)	(2,0)	(3,0)	(4,0)	
(1,1)	(2,0)	(3,0)	(4,0)	
(1,1)	(2,0)	(3,0)	(4,0)	
(1,1)	(2,0)	(3,0)	(4,0)	
(1,1)	(2,0)	(3,0)	(4,0)	
(1,1)	(2,0)	(3,0)	(4,0)	
(1,1)	(2,0)	(3,0)	(4,0)	
avg	0	0	0	0	0	0	0	0	0	164.267	179.867	176.533	187.2	185.867	149.067	183.467	164.8	191.867	166.267	154.4	189.733
delay	0.242424	0.298969	0.276316	0.728571	0.72619	0.703125	0.753425	0.679012	0.705882	8.75406	9.00371	7.01813	2.80698	3.8802	8.38283	16.8227	8.64887	5.63586	10.8806	73.5587	10.4877
loss	0	0	0	0	0	0	0	0.0121951	0	0.131171	0.119452	0.0925291	0.0936088	0.0924479	0.182749	0.14	0.126502	0.102868	0.119887	0.0995334	0.0982256
Command ['/home/ubuntu/ns-3.30-obss/build/scratch/simple-ofdma-adhoc4', '--ofdmaEnabled=true', '--startTime=60', '--totalTime=120', '--dataMode=HeMcs7', '--datarate=4e5', '--ratio=0.375', '--RngRun=11', '--locationFile=my-simulations/8_ofdma7/txt/locationFile322.txt', '--routingFile=my-simulations/8_ofdma7/txt/routingFile322.txt'] terminated with signal SIGSEGV. Run it under a debugger to get more information (./waf --run <program> --command-template="gdb --args %s <args>").
