Waf: Entering directory `/home/ubuntu/ns-3.30-obss/build'
Waf: Leaving directory `/home/ubuntu/ns-3.30-obss/build'
Build commands will be stored in build/compile_commands.json
'build' finished successfully (0.688s)
--------------------------Rate[Kbps]--------------------------
Time[s]	cl-1	cl-2	cl-3	cl-4	cl-5	cl-6	cl-7	cl-8	cl-9	cl-10	cl-11	cl-12	cl-13	cl-14	cl-15	cl-16	cl-17	cl-18	cl-19	cl-20
60	16.8	16.2	13.4	17	14.8	15.8	16.6	17.6	17.8	12.6	15	14.2	13.8	14.4	13.8	14.4	13.8	16.6	16	15.4
61	0	56	496	512	472	0	224	0	536	144	64	0	152	0	0	0	208	608	0	224
62	64	40	80	672	584	0	504	144	64	272	144	304	8	416	112	72	64	312	96	0
63	280	24	240	88	224	264	176	232	0	48	64	424	24	392	144	0	0	224	464	144
64	232	280	136	96	144	136	0	400	32	512	280	344	232	48	128	48	216	352	0	360
65	0	224	184	0	160	192	216	72	24	248	400	416	256	248	408	48	128	144	312	128
66	176	64	424	272	264	208	72	272	160	0	224	168	288	240	256	248	136	144	0	264
67	296	520	72	552	32	240	56	248	272	56	88	176	424	304	240	352	288	80	240	16
68	792	216	56	248	352	248	48	88	0	0	0	560	584	136	160	40	120	168	120	176
69	120	8	128	568	456	8	248	432	360	32	56	64	176	424	104	32	24	48	192	104
70	312	416	424	320	352	168	232	144	216	0	288	168	280	48	184	88	280	120	160	264
71	280	128	80	136	136	120	144	240	88	200	208	392	248	304	168	0	288	184	176	128
72	456	456	248	0	96	200	376	176	120	256	240	8	8	40	96	336	400	208	8	96
73	296	504	72	392	288	128	232	264	128	280	184	272	200	208	96	128	104	8	88	24
74	72	352	192	296	376	336	312	16	176	128	0	208	64	128	72	344	256	336	200	168
75	272	0	16	448	272	128	240	256	40	72	120	392	256	200	136	88	312	416	24	152
76	80	280	536	488	392	192	136	192	0	0	184	32	264	248	160	336	296	288	304	376
77	8	304	168	56	216	40	208	104	288	352	280	304	168	120	48	160	216	312	312	88
78	64	96	0	256	224	208	208	200	312	248	448	272	80	120	152	16	16	208	320	280
79	160	280	408	0	48	0	56	96	496	432	360	0	504	408	416	344	0	184	96	272
80	600	192	56	256	192	8	384	328	248	256	240	80	112	216	40	40	72	240	448	80
81	104	392	512	624	504	192	104	256	24	96	104	208	8	400	32	72	304	96	80	176
82	176	152	320	72	464	208	96	168	176	224	472	120	80	128	200	48	328	208	280	24
83	616	600	0	488	240	448	0	120	424	224	304	248	0	40	328	96	480	232	0	32
84	0	328	96	392	168	272	216	40	368	0	288	192	256	136	16	64	392	360	72	272
85	464	240	168	0	0	240	152	224	280	360	0	248	352	224	248	56	0	136	376	112
86	192	448	456	264	232	144	104	240	232	136	128	232	224	240	232	0	88	296	8	256
87	88	360	88	536	200	184	216	216	64	112	320	0	0	328	216	208	360	104	152	24
88	224	208	400	32	328	256	304	264	136	56	104	224	400	128	232	344	232	0	56	48
89	560	72	368	88	184	232	312	48	16	176	16	240	376	72	320	328	168	208	16	208
90	168	464	352	384	384	192	288	56	392	208	48	240	72	0	104	312	120	152	152	232
91	552	384	8	264	24	48	208	80	40	384	0	184	304	232	112	560	0	440	248	392
92	160	184	184	0	264	112	0	144	248	280	232	144	280	216	304	224	192	272	0	312
93	144	0	176	408	408	24	128	192	288	336	280	88	32	0	136	344	440	288	232	72
94	280	288	480	384	288	128	176	216	0	224	144	184	200	216	264	72	368	120	208	80
95	656	864	224	552	32	472	0	0	144	32	0	64	112	40	448	328	536	168	536	256
96	80	408	176	336	64	80	72	152	328	48	208	112	296	416	288	312	144	176	328	56
97	392	72	136	624	0	208	232	120	352	248	280	0	64	344	280	104	368	96	160	112
98	328	280	152	184	168	400	40	392	272	0	336	80	304	0	344	168	208	80	144	40
99	424	200	128	0	144	200	136	256	96	88	256	136	160	216	296	184	160	72	120	232
100	256	184	128	80	392	32	80	136	192	224	400	192	304	232	152	336	200	328	256	128
101	0	72	112	720	232	192	16	24	328	440	296	576	696	160	0	96	24	64	40	296
102	400	40	264	224	216	248	144	96	16	296	0	48	240	352	160	248	8	312	200	200
103	360	448	120	488	144	296	96	240	352	8	192	136	224	248	80	456	88	56	304	0
104	88	320	408	312	464	128	56	144	0	480	8	0	384	104	176	184	328	0	296	176
105	256	280	280	216	392	200	272	112	288	200	288	208	24	120	96	32	216	88	104	248
106	8	440	232	264	344	208	112	64	128	480	208	480	360	32	88	8	256	352	192	312
107	24	592	296	0	376	32	96	168	40	40	304	472	408	456	0	168	392	296	608	16
108	672	24	304	544	0	16	96	200	136	328	576	520	32	0	88	16	256	360	56	408
109	168	192	200	288	272	232	64	152	272	0	88	224	352	280	360	256	0	152	232	264
110	352	576	368	0	208	24	8	344	96	344	320	144	120	0	328	344	312	248	88	464
111	400	368	384	112	0	168	144	200	240	232	288	96	192	56	128	176	232	136	88	192
112	296	32	360	384	280	312	336	376	224	72	312	0	88	0	208	104	16	120	256	208
113	416	232	392	272	320	136	0	160	248	208	152	216	256	168	264	232	88	232	128	72
114	376	272	104	376	216	288	192	128	192	0	224	312	8	272	136	128	280	80	232	208
115	440	192	336	440	176	192	0	128	248	256	144	240	120	232	296	168	256	160	120	112
116	368	520	256	296	392	328	112	56	136	144	184	0	344	232	152	360	96	240	440	104
117	416	80	464	0	328	80	256	144	32	216	368	192	288	32	0	304	264	192	208	176
118	48	224	192	160	392	224	192	8	304	0	216	288	0	272	160	264	160	248	168	152
119	288	280	416	256	264	304	272	208	272	160	216	32	80	320	168	312	0	240	280	0
120	344	360	416	72	184	248	72	56	152	208	296	384	312	136	96	32	264	264	184	152
avg	269.067	268.533	241.2	279.867	249.467	179.2	157.867	170.533	188.933	185.067	207.867	204.8	211.333	188.8	177.6	179.467	200.8	204.267	186.8	169.467
delay	549.22	547.838	539.095	524.55	525.529	554.771	539.074	552.067	536.773	542.888	556.489	545.992	552.104	541.537	557.611	552.944	549.97	519.538	554.4	550.511
loss	0.421804	0.427723	0.419262	0.424151	0.512887	0.685168	0.661521	0.675614	0.586639	0.534448	0.563773	0.569793	0.550482	0.571342	0.571154	0.561278	0.571591	0.580159	0.557346	0.595609
Command ['/home/ubuntu/ns-3.30-obss/build/scratch/simple-ofdma-adhoc', '--ofdmaEnabled=true', '--startTime=60', '--totalTime=120', '--dataMode=HeMcs3', '--datarate=10e5', '--clNum=20', '--ratio=0.375', '--RngRun=20'] terminated with signal SIGSEGV. Run it under a debugger to get more information (./waf --run <program> --command-template="gdb --args %s <args>").
