Waf: Entering directory `/home/ubuntu/ns-3.30-obss/build'
Waf: Leaving directory `/home/ubuntu/ns-3.30-obss/build'
Build commands will be stored in build/compile_commands.json
'build' finished successfully (0.698s)
--------------------------Rate[Kbps]--------------------------
Time[s]	cl-1	cl-2	cl-3	cl-4	cl-5	cl-6	cl-7	cl-8	cl-9	cl-10	cl-11	cl-12	cl-13	cl-14	cl-15	cl-16	cl-17	cl-18	cl-19	cl-20
60	14.6	12.4	13.6	13.6	13.2	16.4	13.6	15.8	13.8	15.4	13.4	12.6	15.4	16	15.4	14.8	19.2	15.2	14.4	14.2
61	0	0	0	0	0	0	104	0	312	544	296	8	112	0	0	40	424	0	168	696
62	0	0	0	0	0	64	192	528	616	200	344	712	736	256	120	488	792	8	0	336
63	0	0	0	0	0	160	688	72	160	672	144	232	656	112	152	168	832	128	232	136
64	0	0	0	0	0	368	512	40	792	792	0	24	0	360	168	520	248	128	488	416
65	0	0	0	0	0	416	104	0	536	112	536	312	216	528	384	504	304	392	472	536
66	0	0	0	0	0	376	208	128	328	520	320	192	336	64	328	0	440	312	504	496
67	0	0	0	0	0	432	408	160	440	72	728	152	344	24	440	240	688	480	504	272
68	0	0	0	0	0	0	608	248	0	256	296	24	376	688	472	512	792	232	744	112
69	0	0	0	0	0	0	504	496	376	736	312	720	0	304	0	592	480	248	168	152
70	0	0	0	0	0	352	600	0	160	328	720	176	192	32	544	568	624	376	640	488
71	0	0	8	0	0	528	40	40	448	336	448	600	24	704	352	512	88	432	752	408
72	0	0	0	0	0	368	8	208	184	584	768	488	72	552	184	392	496	96	344	632
73	0	0	0	0	0	112	232	656	736	440	200	0	536	376	296	752	440	48	160	80
74	0	0	0	8	0	456	344	192	296	256	544	408	256	504	248	432	544	200	520	104
75	0	8	0	0	0	376	344	352	88	408	472	320	480	56	40	184	352	520	584	176
76	0	0	0	0	0	56	432	488	456	64	80	776	696	592	0	56	368	576	448	0
77	8	0	0	0	0	416	56	344	416	240	232	624	432	0	224	664	272	392	712	40
78	0	0	0	0	0	168	296	224	584	336	704	456	96	296	272	656	248	424	264	592
79	0	0	0	0	0	560	408	120	32	0	136	496	32	0	80	672	552	752	360	552
80	0	0	0	0	0	440	0	216	184	536	696	408	216	648	264	424	16	232	504	152
81	0	0	0	0	0	376	136	264	448	536	584	536	160	608	280	72	392	144	96	712
82	0	0	0	0	0	368	32	304	72	328	392	416	608	648	152	392	672	216	344	256
83	0	0	0	0	0	120	664	0	0	56	0	696	168	232	584	744	192	568	120	752
84	0	0	0	0	0	672	520	224	96	112	224	480	96	256	432	672	0	176	504	288
85	0	0	0	0	0	432	64	0	0	776	680	440	432	472	760	536	1072	296	512	0
86	0	0	0	0	0	104	496	56	576	0	688	688	656	232	336	664	248	344	304	96
87	0	8	0	0	0	136	32	488	304	432	344	416	624	184	440	416	112	368	472	584
88	0	0	0	8	0	0	0	440	0	288	120	0	384	416	144	584	192	424	344	8
89	0	0	0	0	0	24	216	48	160	0	192	192	160	440	72	424	816	552	288	312
90	0	0	0	0	0	56	144	88	376	688	0	664	808	56	72	128	664	0	680	560
91	0	0	8	0	0	0	120	328	472	600	320	712	64	168	48	552	592	584	344	624
92	0	0	0	0	0	328	128	448	264	472	744	592	344	720	320	96	40	96	136	464
93	0	0	0	0	0	320	288	280	16	0	464	48	280	8	360	776	792	160	512	128
94	0	0	0	0	0	136	448	472	56	160	608	256	136	24	472	608	632	720	528	0
95	0	0	0	0	0	232	672	296	128	712	816	712	560	24	0	272	224	232	248	88
96	0	0	0	0	8	448	344	576	0	24	16	416	448	560	456	480	88	288	128	704
97	0	0	0	0	0	160	528	264	336	688	0	480	32	344	496	0	216	568	0	528
98	0	0	0	0	0	304	0	0	0	64	792	776	0	0	488	88	0	664	272	528
99	0	0	0	0	0	456	312	216	456	256	480	600	528	560	120	368	328	112	376	48
100	0	0	0	0	0	312	528	104	576	688	264	32	240	352	232	464	224	256	752	0
101	0	8	0	0	0	248	704	0	592	408	456	64	424	128	528	400	0	744	264	280
102	0	0	0	0	0	712	544	432	704	240	440	376	680	440	0	0	392	120	0	80
103	0	0	0	0	0	208	104	472	120	232	728	32	232	248	688	448	656	0	496	488
104	8	0	0	0	0	232	336	96	112	320	456	472	472	544	632	640	640	216	224	0
105	0	0	0	0	0	248	400	160	24	368	456	608	472	496	472	104	296	328	136	368
106	0	0	0	0	0	40	264	24	112	448	0	416	240	440	24	544	112	392	816	616
107	0	0	0	0	0	352	208	0	536	576	472	456	232	112	0	0	704	488	664	32
108	0	0	0	0	0	280	280	368	16	192	328	480	424	320	720	136	624	392	672	0
109	0	0	0	0	0	288	408	552	496	96	32	544	0	432	760	624	248	8	160	232
110	0	0	8	8	0	488	16	48	344	416	632	72	752	456	408	856	720	48	96	0
111	0	0	0	0	0	360	56	0	232	432	576	168	192	184	256	136	216	224	536	600
112	0	8	0	0	0	208	256	376	0	808	400	40	0	200	544	864	0	760	416	568
113	0	0	0	0	8	408	656	440	80	408	488	184	360	16	312	696	192	384	0	32
114	0	0	0	0	0	560	80	208	64	272	360	664	496	16	608	120	184	600	504	648
115	0	0	0	0	0	512	440	448	560	0	416	472	0	264	256	88	280	368	352	520
116	0	0	0	0	0	336	624	320	216	184	352	424	456	328	480	200	160	336	304	496
117	8	0	0	0	0	0	624	440	456	0	736	104	368	488	0	152	632	248	816	0
118	0	0	0	0	0	176	0	584	344	624	216	56	176	656	312	424	616	352	632	576
119	0	0	0	0	0	80	696	64	96	632	16	704	152	0	536	840	88	216	512	0
120	0	0	0	0	0	72	56	216	408	656	616	336	752	184	56	488	456	736	624	352
(1,18291)	(2,9621)	(3,0)	(4,3704)	
(1,7022)	(2,1024)	(3,0)	(4,60)	
(1,8509)	(2,1968)	(3,0)	(4,57)	
(1,8557)	(2,1647)	(3,0)	(4,51)	
(1,8522)	(2,1933)	(3,0)	(4,110)	
(1,5730)	(2,935)	(3,0)	(4,58)	
(1,1)	(2,0)	(3,0)	(4,0)	
(1,1)	(2,0)	(3,0)	(4,0)	
(1,1)	(2,0)	(3,0)	(4,0)	
(1,1)	(2,0)	(3,0)	(4,0)	
(1,1)	(2,0)	(3,0)	(4,0)	
(1,1)	(2,0)	(3,0)	(4,0)	
(1,1)	(2,0)	(3,0)	(4,0)	
(1,1)	(2,0)	(3,0)	(4,0)	
(1,1)	(2,0)	(3,0)	(4,0)	
(1,1)	(2,0)	(3,0)	(4,0)	
(1,1)	(2,0)	(3,0)	(4,0)	
(1,1)	(2,0)	(3,0)	(4,0)	
(1,1)	(2,0)	(3,0)	(4,0)	
(1,1)	(2,0)	(3,0)	(4,0)	
(1,1)	(2,0)	(3,0)	(4,0)	
avg	0.4	0.533333	0.4	0.4	0.266667	274	308.533	244.267	283.2	360.4	398	382.533	323.6	305.867	307.067	407.867	395.2	328.4	395.867	315.733
delay	2	1.75	1.33333	2	2	8.09874	10.2606	10.3568	21.2999	4.08768	6.86202	6.51272	6.69893	11.582	5.91967	9.31634	35.3837	15.3628	9.83771	12.0675
loss	0.25	0	0	0	0.333333	0.363073	0.314979	0.349539	0.218543	0.171367	0.187704	0.214833	0.19709	0.217332	0.192213	0.186387	0.219474	0.202073	0.19708	0.195859
Command ['/home/ubuntu/ns-3.30-obss/build/scratch/simple-ofdma-adhoc4', '--ofdmaEnabled=true', '--startTime=60', '--totalTime=120', '--dataMode=HeMcs4', '--datarate=9e5', '--clNum=20', '--ratio=0.375', '--RngRun=38'] terminated with signal SIGSEGV. Run it under a debugger to get more information (./waf --run <program> --command-template="gdb --args %s <args>").
