Waf: Entering directory `/home/ubuntu/ns-3.30-obss/build'
Waf: Leaving directory `/home/ubuntu/ns-3.30-obss/build'
Build commands will be stored in build/compile_commands.json
'build' finished successfully (0.643s)
--------------------------Rate[Kbps]--------------------------
Time[s]	cl-1	cl-2	cl-3	cl-4	cl-5	cl-6	cl-7	cl-8	cl-9	cl-10	cl-11	cl-12	cl-13	cl-14	cl-15	cl-16	cl-17	cl-18	cl-19	cl-20
60	14.2	14.8	12.2	14.6	14.6	14.2	14.8	13.6	16	12.8	14.4	14.8	14.4	11.2	13.8	17.6	17.6	17.4	15	15.4
61	0	0	0	0	0	40	8	480	24	424	24	0	288	160	8	128	0	152	0	0
62	0	0	0	0	0	72	200	400	408	240	200	208	120	272	80	424	232	296	224	80
63	0	0	0	0	0	0	224	0	488	96	200	256	344	0	16	288	216	0	496	0
64	0	0	0	0	0	128	56	88	120	40	0	392	216	40	48	488	168	248	200	200
65	0	0	0	0	0	312	104	488	288	256	304	232	200	0	72	168	440	72	0	0
66	0	0	0	0	0	8	432	440	0	32	16	0	152	472	248	0	128	0	496	176
67	0	0	0	0	0	0	64	56	120	368	32	112	184	344	400	344	200	392	264	0
68	0	0	0	0	0	360	224	168	8	272	208	0	224	232	256	0	424	392	328	232
69	0	0	0	0	0	272	224	392	224	248	344	280	208	0	216	288	240	112	184	256
70	0	0	0	0	0	216	472	64	120	232	472	472	152	400	200	352	120	32	288	168
71	0	0	0	0	0	56	224	344	416	80	128	56	352	480	32	240	216	8	304	336
72	0	0	0	0	0	208	296	0	0	160	352	56	280	224	344	24	472	200	304	400
73	0	0	0	0	8	440	48	64	24	304	232	472	0	152	376	360	128	72	280	64
74	0	0	0	0	0	128	96	0	344	0	0	304	264	56	352	64	456	392	80	512
75	0	0	8	0	0	256	376	192	216	160	224	176	248	0	424	48	32	368	408	264
76	0	0	0	8	0	264	176	224	88	416	192	472	424	384	264	160	328	104	104	176
77	0	8	0	0	0	424	48	0	472	152	24	120	160	456	96	32	368	440	312	304
78	0	0	0	0	0	432	176	40	432	208	264	168	88	208	424	336	192	152	248	360
79	0	0	0	0	0	328	104	56	176	104	352	472	392	64	264	80	160	352	480	448
80	0	0	0	0	0	184	88	296	200	0	368	120	216	120	320	0	344	328	240	72
81	0	0	0	0	0	264	304	224	160	448	480	48	416	0	0	0	320	88	296	216
82	0	0	0	0	0	184	0	400	160	120	120	304	224	392	424	936	176	184	136	424
83	0	0	0	0	0	176	256	200	344	24	320	288	352	224	392	136	56	336	176	184
84	8	0	0	0	0	152	352	416	488	496	272	120	240	8	192	144	216	56	144	296
85	0	0	0	0	0	216	200	0	272	160	88	0	416	168	176	480	336	144	32	0
86	0	0	0	0	0	496	0	56	32	200	384	320	96	56	8	360	496	96	24	216
87	0	0	0	0	0	144	144	392	248	328	296	240	144	320	112	128	264	384	472	0
88	0	0	0	0	0	160	184	136	424	352	416	240	328	40	88	0	352	256	328	328
89	0	0	0	0	8	104	328	0	280	64	456	224	0	272	208	448	0	48	304	416
90	0	0	8	0	0	256	80	192	0	344	32	8	128	160	0	96	80	400	376	248
91	0	0	0	0	0	240	416	296	280	48	0	488	440	168	224	152	304	264	320	208
92	0	0	0	8	0	128	104	184	240	64	456	120	120	16	0	376	432	464	56	32
93	0	0	0	0	0	0	216	72	480	280	464	160	192	296	248	104	456	384	136	0
94	0	8	0	0	0	312	152	184	0	128	0	288	408	416	0	0	104	232	104	160
95	0	0	0	0	0	152	296	144	112	0	408	392	136	104	56	248	152	280	256	48
96	0	0	0	0	0	128	96	120	104	56	376	280	456	360	304	0	416	160	264	424
97	0	0	0	0	0	440	40	320	456	208	0	400	232	184	336	232	152	288	152	88
98	0	0	0	0	0	256	0	232	288	24	208	160	424	312	400	144	40	312	104	200
99	8	0	0	0	0	408	224	112	256	408	272	296	168	376	80	96	280	232	80	304
100	0	0	0	0	0	184	200	96	232	336	256	352	192	176	56	144	56	216	456	64
101	0	0	0	0	0	0	152	0	128	24	408	328	496	0	144	0	80	0	272	496
102	0	0	0	0	0	304	0	88	416	464	400	464	272	56	448	184	264	184	176	64
103	0	0	0	0	0	344	104	192	256	232	16	344	144	488	416	112	168	248	104	104
104	0	0	8	0	0	312	0	144	400	8	360	256	336	368	0	224	216	264	408	168
105	0	0	0	0	8	192	352	400	264	344	384	176	136	24	288	184	232	304	432	48
106	0	8	0	0	0	0	320	208	312	208	136	280	112	32	424	280	0	296	104	64
107	0	0	0	0	0	256	296	424	0	0	224	160	184	216	152	256	216	176	168	0
108	0	0	0	0	0	280	264	136	176	392	424	0	88	192	0	464	472	368	88	80
109	0	0	0	0	0	352	456	216	320	176	0	24	0	472	224	176	248	264	24	88
110	0	0	0	8	0	200	120	144	152	288	352	144	184	120	464	440	232	0	440	288
111	0	0	0	0	0	176	40	0	0	232	16	0	184	24	64	216	136	16	168	248
112	0	0	0	0	0	32	368	136	336	384	152	192	0	216	288	400	440	200	152	152
113	0	0	0	0	0	408	16	128	496	352	216	0	368	304	328	392	0	272	80	304
114	0	0	0	0	0	184	336	192	48	312	248	152	496	0	0	456	88	360	440	320
115	0	0	0	0	0	88	232	392	208	0	464	232	192	48	408	376	120	488	184	304
116	0	0	0	0	0	72	424	456	328	296	352	48	400	104	336	440	200	104	192	96
117	0	0	0	0	0	144	16	56	64	176	144	160	136	32	0	216	272	248	208	32
118	8	0	0	0	0	288	112	136	472	168	120	176	240	416	320	280	152	240	272	144
119	0	0	0	0	0	192	144	104	224	216	488	448	192	72	344	328	456	0	280	256
120	0	0	0	0	0	184	384	128	120	272	64	0	40	216	208	232	368	184	464	80
(1,18295)	(2,4122)	(3,0)	(4,583)	
(1,4815)	(2,302)	(3,0)	(4,19)	
(1,5967)	(2,665)	(3,0)	(4,11)	
(1,6004)	(2,550)	(3,0)	(4,15)	
(1,5755)	(2,638)	(3,0)	(4,79)	
(1,4284)	(2,361)	(3,0)	(4,16)	
(1,1)	(2,0)	(3,0)	(4,0)	
(1,1)	(2,0)	(3,0)	(4,0)	
(1,1)	(2,0)	(3,0)	(4,0)	
(1,1)	(2,0)	(3,0)	(4,0)	
(1,1)	(2,0)	(3,0)	(4,0)	
(1,1)	(2,0)	(3,0)	(4,0)	
(1,1)	(2,0)	(3,0)	(4,0)	
(1,1)	(2,0)	(3,0)	(4,0)	
(1,1)	(2,0)	(3,0)	(4,0)	
(1,1)	(2,0)	(3,0)	(4,0)	
(1,1)	(2,0)	(3,0)	(4,0)	
(1,1)	(2,0)	(3,0)	(4,0)	
(1,1)	(2,0)	(3,0)	(4,0)	
(1,1)	(2,0)	(3,0)	(4,0)	
(1,1)	(2,0)	(3,0)	(4,0)	
avg	0.4	0.4	0.4	0.4	0.4	208.933	189.467	187.467	229.067	207.067	236.8	211.333	230.4	191.867	210	228.4	231.867	219.2	235.2	187.333
delay	125.667	1.33333	1.33333	3	3	13.9783	11.2653	6.1138	11.7212	29.5512	4.60304	12.4984	13.1933	6.51286	4.23238	78.317	28.2289	20.7471	32.5368	32.1409
loss	0	0	0	0	0	0.15798	0.14139	0.162597	0.0708491	0.077791	0.0764431	0.0714704	0.0957614	0.078155	0.0718916	0.0541137	0.0866597	0.102074	0.062201	0.0882544
Command ['/home/ubuntu/ns-3.30-obss/build/scratch/simple-ofdma-adhoc4', '--ofdmaEnabled=true', '--startTime=60', '--totalTime=120', '--dataMode=HeMcs2', '--datarate=5e5', '--clNum=20', '--ratio=0.375', '--RngRun=37'] terminated with signal SIGSEGV. Run it under a debugger to get more information (./waf --run <program> --command-template="gdb --args %s <args>").
