Waf: Entering directory `/home/ubuntu/ns-3.30-obss/build'
Waf: Leaving directory `/home/ubuntu/ns-3.30-obss/build'
Build commands will be stored in build/compile_commands.json
'build' finished successfully (0.698s)
--------------------------Rate[Kbps]--------------------------
Time[s]	cl-1	cl-2	cl-3	cl-4	cl-5	cl-6	cl-7	cl-8	cl-9	cl-10	cl-11	cl-12	cl-13	cl-14	cl-15	cl-16	cl-17	cl-18	cl-19	cl-20
60	14	14.8	12.2	14.6	14.6	14.2	14.6	12.8	16	12.8	14.6	14.8	14.4	11.2	13.8	17.6	17.6	17.4	14.8	15.4
61	0	0	0	0	0	32	16	520	40	544	32	0	408	216	32	168	0	224	0	0
62	0	0	0	0	0	112	200	472	568	368	272	320	128	360	96	504	320	472	328	88
63	0	0	0	0	0	0	304	0	672	128	288	392	456	0	16	432	304	0	664	0
64	0	0	0	0	0	184	56	80	128	56	0	520	304	64	48	704	216	360	240	288
65	0	0	0	0	0	352	56	528	448	392	424	376	296	0	104	280	600	112	0	0
66	0	0	0	0	0	16	592	568	0	40	32	0	192	656	392	0	192	0	688	248
67	0	0	0	0	0	0	104	72	176	504	64	160	264	528	528	496	304	560	368	0
68	0	0	0	0	0	96	72	0	0	320	168	0	48	296	288	0	304	336	216	48
69	0	0	0	0	0	528	432	480	256	392	464	368	536	16	352	384	552	280	336	408
70	0	0	0	0	0	272	312	48	0	368	360	368	136	40	0	136	16	40	120	0
71	0	0	0	0	0	32	256	344	584	136	336	256	464	736	144	408	112	0	512	432
72	0	0	0	0	0	208	368	0	0	224	608	64	360	312	448	24	880	280	440	560
73	0	0	0	0	8	472	96	56	24	448	272	640	0	200	480	504	160	88	360	176
74	0	0	0	0	0	160	104	0	480	0	0	440	368	80	464	88	640	568	88	576
75	0	0	8	0	0	432	408	304	360	272	296	232	392	0	632	56	80	656	648	344
76	0	0	0	8	0	312	272	368	160	600	256	632	672	536	392	256	552	136	112	280
77	0	8	0	0	0	600	64	0	696	192	40	184	256	656	136	48	584	656	448	408
78	0	0	0	0	0	560	224	24	616	336	376	240	136	328	592	480	304	232	344	576
79	0	0	0	0	0	312	168	88	288	136	592	640	672	152	424	584	256	704	656	640
80	0	0	0	0	0	240	128	576	328	0	656	152	368	208	480	0	552	544	344	72
81	0	0	0	0	0	272	392	288	256	664	656	64	600	0	0	152	464	128	432	320
82	0	0	0	0	0	248	0	472	224	240	160	464	296	496	616	688	280	272	240	680
83	0	0	0	0	0	248	312	208	504	32	480	392	536	360	536	176	64	512	248	264
84	8	0	0	0	0	176	400	512	680	576	384	128	280	16	280	224	328	72	192	440
85	0	0	0	0	0	352	248	0	408	224	136	0	624	248	264	688	480	224	64	0
86	0	0	0	0	0	496	0	64	48	296	536	464	112	80	16	512	688	128	16	320
87	0	0	0	0	0	184	224	448	360	432	464	368	280	504	168	168	368	648	672	0
88	0	0	0	0	0	216	256	160	536	456	624	328	520	64	160	0	504	384	440	432
89	0	0	0	0	8	128	368	0	328	88	640	344	0	376	288	592	0	56	376	576
90	0	0	8	0	0	328	88	248	0	512	56	16	208	248	8	136	104	512	568	360
91	0	0	0	0	0	368	576	296	360	72	0	632	672	216	296	184	376	384	456	280
92	0	0	0	8	0	160	176	88	352	80	656	184	176	16	0	504	648	568	80	40
93	0	0	0	0	0	0	0	0	560	344	552	120	144	328	288	152	552	464	200	0
94	0	8	0	0	0	296	232	224	64	232	72	344	424	448	72	32	168	368	136	112
95	0	0	0	0	0	168	440	216	184	0	616	672	280	224	80	360	248	384	384	80
96	0	0	0	0	0	80	144	168	168	88	544	368	648	528	376	0	664	192	440	544
97	0	0	0	0	0	464	48	384	624	264	0	496	240	296	424	296	256	264	224	104
98	0	0	0	0	0	176	0	152	376	48	272	200	672	400	568	184	56	512	136	360
99	8	0	0	0	0	568	264	224	304	536	336	368	256	520	72	136	344	360	112	416
100	0	0	0	0	0	248	216	160	328	448	368	456	272	224	80	208	72	328	640	96
101	0	0	0	0	0	0	168	0	192	32	544	448	696	0	192	0	88	0	344	696
102	0	0	0	0	0	336	16	96	608	672	584	656	432	136	648	280	344	296	240	88
103	0	0	0	0	0	336	96	168	312	296	40	496	184	576	432	104	216	352	160	144
104	0	0	8	0	0	368	0	136	600	16	536	360	488	504	0	312	264	328	568	224
105	0	0	0	0	8	256	368	464	376	528	632	224	232	72	424	304	352	424	568	64
106	0	8	0	0	0	0	416	216	568	256	176	368	168	56	680	424	0	488	144	112
107	0	0	0	0	0	280	384	440	0	0	360	192	256	352	208	320	280	288	240	0
108	0	0	0	0	0	344	248	176	256	512	608	0	120	240	0	664	584	528	144	128
109	0	0	0	0	0	424	488	256	456	480	0	32	0	696	320	272	368	352	40	144
110	0	0	0	8	0	328	152	160	152	208	512	216	256	144	600	504	416	0	632	448
111	0	0	0	0	0	496	376	0	0	600	112	192	312	40	120	536	392	312	248	544
112	0	0	0	0	0	0	552	176	512	672	192	232	0	296	496	664	624	304	296	216
113	0	0	0	0	0	400	16	144	608	512	328	0	496	480	480	584	0	320	128	424
114	0	0	0	0	0	280	392	272	48	384	368	264	608	0	0	640	152	528	560	368
115	0	0	0	0	0	104	272	552	312	0	640	328	272	80	528	512	184	664	248	440
116	0	0	0	0	0	104	488	520	520	472	432	72	536	160	488	632	392	136	320	128
117	8	0	0	0	0	200	112	48	320	488	200	528	440	136	0	544	592	408	448	104
118	0	0	0	0	0	376	240	112	488	128	136	136	192	624	472	328	88	224	368	216
119	0	0	0	0	0	272	144	168	320	312	664	584	304	112	440	472	632	0	400	416
120	0	0	0	0	0	160	432	144	168	368	72	0	56	328	232	328	536	240	616	128
(1,27607)	(2,4564)	(3,0)	(4,764)	
(1,6710)	(2,362)	(3,0)	(4,53)	
(1,8671)	(2,750)	(3,0)	(4,25)	
(1,8406)	(2,686)	(3,0)	(4,36)	
(1,8445)	(2,745)	(3,0)	(4,73)	
(1,6123)	(2,384)	(3,0)	(4,54)	
(1,1)	(2,0)	(3,0)	(4,0)	
(1,1)	(2,0)	(3,0)	(4,0)	
(1,1)	(2,0)	(3,0)	(4,0)	
(1,1)	(2,0)	(3,0)	(4,0)	
(1,1)	(2,0)	(3,0)	(4,0)	
(1,1)	(2,0)	(3,0)	(4,0)	
(1,1)	(2,0)	(3,0)	(4,0)	
(1,1)	(2,0)	(3,0)	(4,0)	
(1,1)	(2,0)	(3,0)	(4,0)	
(1,1)	(2,0)	(3,0)	(4,0)	
(1,1)	(2,0)	(3,0)	(4,0)	
(1,1)	(2,0)	(3,0)	(4,0)	
(1,1)	(2,0)	(3,0)	(4,0)	
(1,1)	(2,0)	(3,0)	(4,0)	
(1,1)	(2,0)	(3,0)	(4,0)	
avg	0.4	0.4	0.4	0.4	0.4	252.667	232.933	218.133	321.733	300.4	337.067	295.333	329.067	266.8	290	322.8	334.933	320	328	260
delay	0.333333	62.3333	0.333333	0.666667	1.66667	22.7377	25.1219	40.1767	7.63448	7.71727	18.4664	13.6275	14.1835	18.6542	11.2644	12.3874	38.2341	13.6275	19.0435	17.4482
loss	0	0	0	0	0	0.269186	0.250858	0.292999	0.0712086	0.0720758	0.0595238	0.0899753	0.0801342	0.0970217	0.0861345	0.0706334	0.0798535	0.0715667	0.0772693	0.11283
Command ['/home/ubuntu/ns-3.30-obss/build/scratch/simple-ofdma-adhoc4', '--ofdmaEnabled=true', '--startTime=60', '--totalTime=120', '--dataMode=HeMcs7', '--datarate=7e5', '--clNum=20', '--ratio=0.375', '--RngRun=37'] terminated with signal SIGSEGV. Run it under a debugger to get more information (./waf --run <program> --command-template="gdb --args %s <args>").
