Waf: Entering directory `/home/ubuntu/ns-3.30-obss/build'
Waf: Leaving directory `/home/ubuntu/ns-3.30-obss/build'
Build commands will be stored in build/compile_commands.json
'build' finished successfully (0.981s)
--------------------------Rate[Kbps]--------------------------
Time[s]	cl-1	cl-2	cl-3	cl-4	cl-5	cl-6	cl-7	cl-8	cl-9	cl-10	cl-11	cl-12	cl-13	cl-14	cl-15	cl-16	cl-17	cl-18	cl-19	cl-20
60	13.8	14.8	14.6	16.4	10.6	15.2	14.2	13.4	14.2	17	13	14.8	14.4	13	18.4	14	14	15.6	13.4	17
61	0	0	0	0	0	96	216	136	320	144	104	168	0	104	8	0	32	48	80	224
62	0	0	0	0	0	40	0	256	184	224	256	152	168	0	160	0	16	232	184	72
63	0	0	0	0	0	192	152	72	72	248	272	0	72	216	0	32	72	248	88	56
64	0	0	0	0	0	64	184	0	24	224	32	216	16	56	200	296	0	16	240	192
65	0	0	0	0	0	336	0	264	136	32	40	24	128	104	160	280	168	288	128	0
66	0	0	0	0	0	72	152	240	112	72	120	48	408	80	120	144	344	0	128	16
67	0	0	0	0	0	0	104	152	120	264	272	0	48	88	80	144	80	280	240	136
68	0	0	0	0	0	56	72	0	264	0	336	128	120	0	48	168	344	112	112	264
69	0	0	0	0	0	176	64	224	168	104	152	152	208	176	40	80	192	48	0	248
70	0	0	0	0	0	120	136	32	136	96	216	0	88	120	88	320	0	144	304	232
71	0	0	0	0	0	256	256	16	80	208	136	112	200	112	72	160	48	0	120	120
72	0	0	0	0	0	264	160	0	88	136	232	200	288	152	232	56	88	16	0	72
73	0	0	0	0	0	104	48	88	120	112	160	120	192	56	40	208	104	224	80	240
74	0	0	0	0	0	280	80	144	144	144	136	72	328	144	32	224	64	96	24	96
75	0	0	8	0	0	120	16	104	216	0	208	176	152	160	32	224	160	240	48	64
76	0	0	0	0	0	184	0	64	336	88	16	32	216	216	312	8	120	32	200	120
77	0	0	0	0	0	64	136	216	56	224	136	0	344	88	56	0	240	136	232	24
78	0	0	0	0	0	104	176	216	24	48	256	120	8	64	344	144	48	24	176	24
79	0	0	0	0	0	32	248	216	0	232	80	224	96	184	40	8	56	136	296	40
80	0	0	0	0	0	176	224	72	112	16	144	200	0	200	112	24	80	72	280	144
81	0	0	0	8	0	120	40	184	120	104	16	16	232	8	144	80	96	320	272	112
82	8	0	0	0	0	80	56	88	264	160	328	112	48	0	144	0	320	8	176	320
83	0	0	0	0	0	320	240	216	48	88	80	128	208	48	80	112	72	48	120	96
84	0	0	0	0	0	176	88	136	104	224	72	16	264	192	72	0	200	152	72	184
85	0	0	0	0	0	152	48	232	72	168	112	152	72	0	168	112	144	272	72	224
86	0	0	0	0	0	136	88	96	0	120	240	184	120	24	88	280	144	264	16	192
87	0	0	0	0	0	216	0	40	72	208	0	160	304	216	200	96	0	56	208	136
88	0	0	0	0	0	104	64	16	0	120	128	144	248	104	256	256	8	136	56	168
89	0	0	0	0	0	0	208	192	0	80	0	0	88	328	200	240	184	152	136	168
90	0	0	0	0	0	128	144	160	56	104	144	104	24	0	136	184	72	288	248	48
91	0	0	0	0	0	184	144	40	32	304	424	24	64	136	232	128	120	40	128	0
92	0	0	0	0	0	184	0	200	8	264	144	152	56	272	112	40	272	200	0	8
93	0	0	0	0	8	120	264	0	32	112	88	224	200	104	104	184	16	80	176	168
94	0	0	0	0	0	40	0	184	0	72	272	88	144	0	224	104	112	208	352	32
95	0	8	0	0	0	56	152	16	144	32	104	0	176	224	224	240	64	288	240	24
96	0	0	0	0	0	208	264	232	280	160	0	8	104	0	224	120	24	0	160	128
97	8	0	0	0	0	184	176	424	40	264	64	56	0	144	264	96	152	0	64	88
98	0	0	0	0	0	184	64	32	8	56	240	40	72	112	0	280	144	248	232	248
99	0	0	0	0	0	40	0	152	0	328	208	88	64	168	256	296	192	64	32	120
100	0	0	0	0	0	144	152	80	96	264	16	16	24	88	200	168	32	160	352	232
101	0	0	0	0	0	224	112	96	224	160	160	24	48	184	184	16	160	144	144	80
102	0	0	0	0	0	72	208	144	0	72	280	32	176	40	88	120	192	208	120	176
103	0	0	0	0	0	280	0	208	256	0	32	288	160	48	0	176	120	0	320	88
104	0	0	0	0	0	248	0	160	152	144	0	160	128	24	232	0	320	144	152	152
105	0	0	0	0	0	64	136	176	320	72	192	80	0	320	128	144	0	200	32	64
106	0	0	0	0	0	24	120	224	96	280	272	64	32	56	0	80	96	288	56	216
107	0	0	0	0	0	232	320	216	72	320	16	80	16	16	32	160	8	184	224	144
108	0	0	0	0	0	16	104	224	200	104	0	8	176	112	240	264	176	48	112	200
109	0	8	0	0	0	232	48	72	176	128	8	24	200	256	0	168	216	160	48	48
110	0	0	8	0	0	48	160	152	368	0	64	328	96	64	128	72	88	72	216	336
111	0	0	0	0	0	0	160	88	112	168	184	32	136	88	280	240	8	336	104	96
112	0	0	0	0	0	64	0	16	288	104	144	128	0	200	304	56	72	232	312	136
113	0	0	0	0	0	112	152	136	288	192	152	240	112	128	32	336	168	8	48	0
114	0	0	0	0	0	24	184	72	24	0	160	160	48	216	272	320	0	240	56	248
115	0	0	0	0	0	312	240	0	168	72	64	56	184	112	112	160	48	152	224	72
116	0	0	0	0	0	0	72	152	216	264	184	88	64	216	288	32	0	0	168	144
117	0	0	0	0	0	80	176	0	120	136	0	208	272	152	0	96	184	216	112	112
118	0	0	0	0	0	232	160	88	176	0	16	96	72	408	208	96	192	200	0	88
119	0	0	0	0	0	304	160	16	152	24	360	0	72	80	152	296	24	32	200	40
120	0	0	0	0	0	0	136	16	48	24	216	96	152	216	248	120	288	24	64	224
(1,1530)	(2,10)	(3,0)	(4,5894)	
(1,1795)	(2,829)	(3,0)	(4,99)	
(1,1835)	(2,1228)	(3,0)	(4,191)	
(1,1826)	(2,1319)	(3,0)	(4,217)	
(1,1918)	(2,1310)	(3,0)	(4,188)	
(1,1)	(2,0)	(3,0)	(4,0)	
(1,1)	(2,0)	(3,0)	(4,0)	
(1,1)	(2,0)	(3,0)	(4,0)	
(1,1)	(2,0)	(3,0)	(4,0)	
(1,1)	(2,0)	(3,0)	(4,0)	
(1,2)	(2,0)	(3,0)	(4,0)	
(1,1)	(2,0)	(3,0)	(4,0)	
(1,1)	(2,0)	(3,0)	(4,0)	
(1,1)	(2,0)	(3,0)	(4,0)	
(1,1)	(2,0)	(3,0)	(4,0)	
(1,1)	(2,0)	(3,0)	(4,0)	
(1,1)	(2,0)	(3,0)	(4,0)	
(1,1)	(2,0)	(3,0)	(4,0)	
(1,1)	(2,0)	(3,0)	(4,0)	
(1,1)	(2,0)	(3,0)	(4,0)	
(1,1)	(2,0)	(3,0)	(4,0)	
avg	0.266667	0.266667	0.266667	0.133333	0.133333	134.667	121.067	124.8	125.733	135.2	141.467	100.8	128.933	123.733	140.533	141.467	116.4	137.733	146.4	129.067
delay	473.5	501	501.5	500	510	498.392	491.052	485.601	482.978	489.295	486.364	483.595	501.381	498.474	492.945	499.614	496.688	497.31	487.915	493.224
loss	0	0.333333	0.333333	0.5	0.666667	0.553295	0.536261	0.54717	0.520284	0.555068	0.497642	0.507492	0.519364	0.515357	0.479862	0.513489	0.534995	0.521055	0.500909	0.5143
Command ['/home/ubuntu/ns-3.30-obss/build/scratch/simple-ofdma-adhoc4', '--ofdmaEnabled=true', '--startTime=60', '--totalTime=120', '--dataMode=HeMcs0', '--datarate=6e5', '--clNum=20', '--ratio=0.375', '--RngRun=5'] terminated with signal SIGSEGV. Run it under a debugger to get more information (./waf --run <program> --command-template="gdb --args %s <args>").
