Waf: Entering directory `/home/synrg/Documents/Jiaming/ns-3.30-obss/build'
Waf: Leaving directory `/home/synrg/Documents/Jiaming/ns-3.30-obss/build'
Build commands will be stored in build/compile_commands.json
'build' finished successfully (0.779s)
--------------------------Rate[Kbps]--------------------------
Time[s]	cl-1	cl-2	cl-3	cl-4	cl-5	cl-6	cl-7	cl-8	cl-9	cl-10	cl-11	cl-12	cl-13	cl-14	cl-15	cl-16	cl-17	cl-18	cl-19	cl-20
60	14.2	15.2	12.4	15.4	13.2	14.8	15.6	16.6	14.6	16	18.8	16.6	14	15.4	15.2	14.8	15.2	15.2	15.2	17.8
61	288	288	280	288	272	120	176	216	256	184	184	200	248	224	200	216	264	216	176	208
62	296	296	296	296	264	256	168	192	240	248	240	232	248	240	224	224	264	216	168	200
63	304	304	304	304	280	208	184	176	280	216	208	208	240	176	144	184	240	224	208	208
64	296	296	288	296	256	80	120	120	256	176	152	192	248	176	112	152	264	184	128	152
65	304	304	296	304	288	360	200	208	256	232	232	256	264	248	224	216	272	248	216	232
66	272	280	280	280	264	224	168	192	272	200	216	224	280	192	144	168	240	216	152	184
67	304	288	296	304	280	144	176	176	248	232	200	224	240	208	176	208	232	208	176	184
68	296	288	296	296	280	216	208	200	264	232	208	232	296	224	192	208	264	200	168	208
69	296	296	296	296	280	280	176	168	264	200	176	200	216	176	136	160	192	176	136	192
70	296	296	296	296	272	248	192	216	248	240	240	232	248	200	184	200	232	248	200	200
71	296	288	280	296	288	200	184	176	232	216	216	256	248	248	208	216	232	232	176	200
72	280	264	272	272	272	200	200	176	280	184	184	224	256	176	152	184	256	200	136	168
73	304	296	304	296	304	224	200	208	248	216	200	216	248	216	192	248	256	272	192	216
74	296	288	296	280	280	64	144	152	264	208	176	240	256	192	144	168	248	208	152	160
75	304	296	304	304	280	352	160	176	248	200	200	224	232	184	168	192	240	216	136	152
76	296	280	296	296	272	168	144	160	144	184	168	176	216	176	144	192	256	200	144	152
77	296	296	288	296	288	200	152	176	336	200	192	232	232	200	176	192	224	216	184	200
78	288	288	256	288	272	200	192	184	264	216	192	224	304	192	168	232	256	232	184	208
79	304	304	304	304	272	176	176	208	264	264	216	232	264	232	208	208	232	216	176	192
80	280	288	288	280	248	224	176	176	248	216	200	208	224	192	152	184	272	192	152	184
81	288	280	288	280	296	216	176	184	264	232	184	224	224	176	152	208	240	216	160	184
82	296	288	296	296	264	144	184	184	240	184	160	160	176	168	136	160	208	232	160	160
83	288	296	288	296	280	248	184	176	160	208	208	248	312	208	168	184	248	232	168	192
84	288	280	280	288	272	224	200	192	344	232	232	256	272	224	216	224	224	232	184	208
85	288	272	280	280	280	192	152	160	264	240	240	248	216	208	144	192	248	224	144	184
86	296	288	296	296	272	232	216	216	192	240	240	256	312	232	208	224	248	224	200	200
87	304	304	296	296	280	216	184	184	320	176	176	224	248	184	152	176	264	192	144	184
88	296	296	296	296	232	168	120	160	216	200	144	176	224	192	160	168	232	168	136	168
89	304	296	296	304	272	152	128	128	248	184	168	200	208	168	112	128	232	224	128	136
90	288	280	288	288	288	264	192	224	240	224	208	216	248	200	192	192	272	248	176	176
91	272	280	280	288	272	160	144	192	192	192	192	208	264	192	152	176	232	184	152	144
92	288	280	288	288	264	256	200	192	280	240	200	224	264	168	152	200	256	216	160	176
93	296	288	304	296	272	184	144	184	256	208	208	240	256	216	152	168	240	248	200	216
94	296	296	296	280	272	160	200	200	240	176	168	200	256	208	176	232	288	192	160	184
95	304	304	296	304	280	248	184	184	240	160	152	184	256	224	184	200	248	216	168	184
96	296	288	296	296	280	184	184	176	224	208	208	216	232	224	176	184	240	216	152	176
97	304	296	304	296	280	216	176	208	264	224	208	224	256	200	176	200	264	216	184	240
98	288	288	296	288	272	200	200	200	280	256	240	256	248	264	232	256	256	248	216	248
99	296	304	296	296	248	168	184	160	248	216	224	232	264	224	192	216	216	208	152	176
100	296	288	288	288	280	192	144	152	264	232	232	248	264	176	144	168	256	216	168	200
101	304	296	288	296	288	256	216	216	272	224	208	232	256	232	208	216	272	232	184	200
102	288	272	288	280	272	200	168	152	256	200	184	200	248	208	192	224	232	176	136	144
103	288	288	296	288	288	208	208	200	248	200	208	208	248	208	168	192	264	224	184	216
104	288	296	296	296	272	216	176	176	272	208	184	200	264	224	200	216	184	208	192	208
105	296	296	296	288	304	192	232	208	272	240	224	264	264	216	192	200	176	248	224	240
106	296	296	296	296	272	184	176	176	224	200	184	248	248	192	160	184	352	224	184	200
107	296	296	288	296	272	280	184	216	264	224	208	216	264	216	208	200	240	224	192	208
108	296	296	296	288	232	160	120	152	256	200	160	176	232	200	168	208	248	200	144	184
109	304	304	296	304	264	200	128	144	224	192	160	168	256	184	160	168	232	168	128	144
110	288	288	280	280	280	136	224	208	208	224	224	256	264	216	184	200	256	248	184	200
111	296	304	304	296	304	240	192	216	312	248	192	208	256	224	216	224	184	232	176	192
112	288	288	280	288	272	232	144	176	240	184	168	184	224	184	160	200	264	208	128	168
113	296	296	296	288	296	296	232	240	280	256	240	280	296	224	208	240	256	248	216	232
114	296	272	296	296	272	240	200	208	264	216	216	248	232	232	224	232	272	208	184	208
115	296	296	296	288	264	200	152	152	264	240	192	208	248	208	176	200	216	184	160	192
116	296	296	296	296	264	208	160	184	232	256	232	232	272	216	168	168	232	224	152	176
117	304	288	304	304	280	176	192	176	272	192	168	192	152	184	128	160	104	216	136	152
118	296	280	288	296	272	200	152	168	264	192	184	208	288	208	176	184	416	208	160	184
119	296	304	280	296	272	224	176	200	200	216	208	224	264	200	184	208	240	224	176	184
120	280	288	280	280	240	168	144	128	248	192	176	200	256	192	176	208	240	176	112	160
avg	294.267	290.933	291.733	292.533	274.133	206.4	176.133	183.467	252.667	213.333	198.533	220.4	250.667	204.933	174.667	197.333	245.467	215.867	167.067	188.8
delay	2.2106	3.75905	3.74874	3.74897	7.55664	115.572	14.441	14.7066	35.4121	16.243	15.9799	15.7703	47.7305	21.5384	21.0801	20.8501	55.627	25.5593	25.0877	24.9951
loss	0.0156041	0.0250112	0.0227679	0.0205266	0.0721696	0.27583	0.368974	0.346774	0.135098	0.255695	0.298493	0.23034	0.139524	0.279288	0.376605	0.304368	0.154658	0.243697	0.396535	0.328118
Command ['/home/synrg/Documents/Jiaming/ns-3.30-obss/build/scratch/simple-ofdma-adhoc', '--ofdmaEnabled=true', '--startTime=60', '--totalTime=120', '--dataMode=HeMcs3', '--datarate=3e5', '--clNum=20', '--ratio=0.375', '--RngRun=101'] terminated with signal SIGSEGV. Run it under a debugger to get more information (./waf --run <program> --command-template="gdb --args %s <args>").
