Waf: Entering directory `/home/ubuntu/ns-3.30-obss/build'
Waf: Leaving directory `/home/ubuntu/ns-3.30-obss/build'
Build commands will be stored in build/compile_commands.json
'build' finished successfully (0.700s)
--------------------------Rate[Kbps]--------------------------
Time[s]	cl-1	cl-2	cl-3	cl-4	cl-5	cl-6	cl-7	cl-8	cl-9	cl-10	cl-11	cl-12	cl-13	cl-14	cl-15	cl-16	cl-17	cl-18	cl-19	cl-20
60	12.2	17	14.6	11.8	15.6	13.4	13.6	11.6	14	12.6	13	12	17	15	13.4	13.2	14.8	16	15.6	15
61	0	0	0	0	0	0	504	0	0	752	456	632	0	112	272	0	48	32	888	0
62	0	0	0	0	0	200	72	80	288	568	592	560	208	200	568	112	0	456	560	416
63	0	0	0	0	0	416	400	0	376	208	272	368	480	216	400	520	0	0	144	440
64	0	0	0	0	0	328	208	272	528	80	336	192	168	632	216	232	312	112	176	272
65	0	0	0	0	0	456	0	240	600	320	712	544	64	352	592	72	0	288	96	192
66	0	0	0	0	0	264	288	232	440	512	0	232	496	136	328	344	272	0	32	312
67	0	0	0	0	0	344	272	280	464	160	480	160	0	24	136	88	416	256	440	504
68	0	0	0	0	0	88	240	112	400	416	440	136	0	216	432	256	328	448	464	280
69	0	0	0	0	0	152	248	80	696	848	608	224	128	384	208	336	0	40	648	184
70	0	0	0	0	0	120	208	168	440	480	272	48	256	440	56	72	400	240	200	344
71	0	0	0	0	0	296	312	160	312	272	248	584	344	616	632	544	0	72	104	40
72	0	0	0	0	0	112	288	328	512	160	400	584	0	192	56	16	264	368	472	584
73	0	0	0	0	0	216	208	192	144	280	336	264	160	256	72	376	176	264	376	128
74	0	8	0	0	8	192	64	304	256	200	544	296	464	352	0	296	176	280	424	0
75	0	0	0	0	0	216	288	296	496	0	232	304	504	32	536	296	144	0	0	352
76	0	0	0	0	0	304	184	232	352	256	424	120	392	376	184	408	112	0	336	432
77	0	0	0	0	0	240	80	136	248	312	352	280	96	176	112	296	344	392	392	16
78	8	0	0	8	0	280	304	32	0	600	56	624	320	120	184	552	400	72	120	368
79	0	0	0	0	0	392	472	104	424	624	384	504	128	320	112	144	128	40	312	176
80	0	0	8	0	0	168	184	320	496	80	496	200	360	504	168	296	24	488	360	0
81	0	0	0	0	0	208	400	208	288	200	0	480	296	112	8	384	504	56	352	104
82	0	0	0	0	0	168	440	224	584	0	320	768	696	48	528	328	48	496	0	160
83	0	0	0	0	0	0	376	16	352	296	576	232	336	280	0	488	392	312	552	664
84	0	0	0	0	0	448	264	336	280	232	136	464	256	152	192	0	656	192	368	184
85	0	0	0	0	0	88	360	376	296	56	584	200	136	608	72	432	176	480	344	56
86	0	8	0	0	0	192	240	192	432	256	0	184	352	352	232	120	192	272	304	472
87	0	0	0	0	0	24	72	192	264	496	312	552	464	480	48	312	392	400	104	392
88	0	0	0	0	0	272	16	400	584	496	512	432	40	416	184	64	120	80	56	488
89	0	0	0	0	0	160	0	472	296	312	80	504	240	232	112	112	288	248	160	624
90	0	0	0	0	8	160	0	448	64	440	200	368	496	128	400	128	56	280	544	360
91	0	0	0	0	0	144	112	104	0	280	392	440	488	192	320	512	416	480	232	320
92	0	0	0	0	0	144	256	8	568	176	568	0	200	296	656	376	528	424	192	72
93	0	0	0	0	0	120	352	184	488	0	528	160	496	0	320	528	16	0	408	440
94	8	0	0	8	0	232	144	112	680	224	240	64	192	216	424	528	712	176	192	128
95	0	0	0	0	0	120	40	232	416	80	472	440	456	0	544	88	416	176	496	136
96	0	8	0	0	0	560	488	160	96	72	504	136	320	672	216	216	272	40	64	144
97	0	0	0	0	0	16	240	104	0	184	296	0	712	712	512	0	184	384	776	672
98	0	0	0	0	0	24	344	240	0	0	280	752	600	256	184	560	40	720	544	0
99	0	0	0	0	0	456	208	232	168	632	576	416	232	528	72	96	96	416	96	416
100	0	0	0	0	0	224	0	0	0	136	568	32	640	0	824	752	232	792	0	584
101	0	0	0	0	0	88	536	248	376	912	912	272	112	488	0	296	312	8	56	200
102	0	0	0	0	0	760	128	168	568	208	96	768	80	280	72	40	0	104	232	160
103	0	0	0	0	8	24	112	216	48	376	464	456	0	544	400	216	456	480	104	472
104	0	0	0	0	0	232	168	440	488	440	56	112	152	584	168	656	336	128	96	96
105	0	0	0	0	0	192	200	120	232	632	520	616	728	96	120	464	0	424	192	272
106	0	0	0	0	0	256	248	40	216	16	360	312	168	624	496	8	408	416	48	152
107	0	0	0	0	0	328	392	344	0	88	192	104	424	216	664	80	376	264	144	456
108	0	0	0	0	0	152	56	320	104	312	216	240	352	240	344	40	584	440	432	184
109	0	0	0	0	0	64	104	320	192	368	416	464	0	344	472	72	408	376	448	448
110	0	0	0	8	0	64	320	144	280	384	312	104	472	496	552	376	424	144	56	168
111	0	8	0	0	0	280	264	0	464	424	424	240	328	304	256	416	0	0	328	400
112	0	0	0	0	0	96	168	168	352	400	576	176	0	608	344	136	312	456	392	208
113	0	0	8	0	0	40	16	256	280	312	176	600	528	280	392	144	480	232	48	536
114	0	0	0	0	0	280	88	368	288	208	200	576	80	192	496	0	184	304	576	72
115	0	0	0	0	0	208	288	128	0	328	440	472	256	192	496	8	200	472	496	336
116	0	0	0	0	0	232	264	424	704	232	184	0	56	216	0	608	208	184	344	0
117	0	0	0	0	0	0	504	336	480	176	192	112	168	624	408	0	120	568	184	520
118	0	0	0	0	8	264	200	224	320	336	96	304	456	400	368	48	176	264	40	416
119	0	0	0	0	0	272	184	320	776	16	256	24	368	80	552	144	336	592	592	192
120	0	0	0	0	0	472	392	0	0	432	360	496	488	200	568	296	448	192	16	0
(1,5941)	(2,3088)	(3,0)	(4,11418)	
(1,5160)	(2,2070)	(3,0)	(4,87)	
(1,5336)	(2,3278)	(3,0)	(4,313)	
(1,5273)	(2,2731)	(3,0)	(4,252)	
(1,5196)	(2,2549)	(3,0)	(4,213)	
(1,3513)	(2,1553)	(3,0)	(4,117)	
(1,1)	(2,0)	(3,0)	(4,0)	
(1,1)	(2,0)	(3,0)	(4,0)	
(1,1)	(2,0)	(3,0)	(4,0)	
(1,1)	(2,0)	(3,0)	(4,0)	
(1,1)	(2,0)	(3,0)	(4,0)	
(1,1)	(2,0)	(3,0)	(4,0)	
(1,1)	(2,0)	(3,0)	(4,0)	
(1,1)	(2,0)	(3,0)	(4,0)	
(1,1)	(2,0)	(3,0)	(4,0)	
(1,1)	(2,0)	(3,0)	(4,0)	
(1,1)	(2,0)	(3,0)	(4,0)	
(1,1)	(2,0)	(3,0)	(4,0)	
(1,1)	(2,0)	(3,0)	(4,0)	
(1,1)	(2,0)	(3,0)	(4,0)	
(1,1)	(2,0)	(3,0)	(4,0)	
avg	0.266667	0.533333	0.266667	0.4	0.533333	214.133	230.133	206.533	324.933	304.933	353.867	332.133	290.533	305.733	304.667	255.467	250.8	272	285.867	279.067
delay	129	176.5	265	186	87.75	100.727	94.9722	90.0775	102.974	110.657	102.801	100.382	95.4323	111.615	96.6315	119.024	116.207	87.5201	95.93	108.155
loss	0	0	0.333333	0	0	0.555371	0.53034	0.563539	0.372392	0.32567	0.340373	0.341089	0.352644	0.363939	0.317299	0.398683	0.393812	0.352586	0.353828	0.381135
Command ['/home/ubuntu/ns-3.30-obss/build/scratch/simple-ofdma-adhoc4', '--ofdmaEnabled=true', '--startTime=60', '--totalTime=120', '--dataMode=HeMcs3', '--datarate=10e5', '--clNum=20', '--ratio=0.375', '--RngRun=2'] terminated with signal SIGSEGV. Run it under a debugger to get more information (./waf --run <program> --command-template="gdb --args %s <args>").
