Waf: Entering directory `/home/ubuntu/ns-3.30-obss/build'
Waf: Leaving directory `/home/ubuntu/ns-3.30-obss/build'
Build commands will be stored in build/compile_commands.json
'build' finished successfully (0.695s)
--------------------------Rate[Kbps]--------------------------
Time[s]	cl-1	cl-2	cl-3	cl-4	cl-5	cl-6	cl-7	cl-8	cl-9	cl-10	cl-11	cl-12	cl-13	cl-14	cl-15	cl-16	cl-17	cl-18	cl-19	cl-20
60	17.6	14	18	14.8	13.2	14.6	13.8	14.4	14.8	15.8	14.6	15.2	14.4	11.8	16.6	15.8	13.2	16.6	13.2	13.8
61	0	0	0	0	0	528	88	88	208	360	592	408	592	0	368	880	0	360	600	0
62	0	0	0	0	0	240	464	88	224	344	528	48	128	760	312	360	88	552	512	88
63	0	0	0	0	0	168	0	208	48	272	472	0	80	216	224	72	232	0	208	216
64	0	0	0	0	0	584	248	136	568	616	416	416	528	0	416	64	0	464	1096	832
65	0	0	0	0	0	592	40	272	936	648	712	352	344	472	224	48	128	640	672	232
66	0	0	0	0	0	144	560	456	112	448	600	416	784	0	24	704	200	808	48	832
67	0	0	0	0	0	288	760	128	72	120	928	0	568	56	616	1000	728	96	240	176
68	0	0	0	0	0	64	784	248	560	544	32	680	0	616	696	824	0	760	264	0
69	0	0	0	0	0	752	232	280	0	360	664	136	656	360	232	840	568	272	872	48
70	0	0	0	0	0	448	344	424	720	680	504	200	320	208	824	0	264	224	104	728
71	0	0	0	0	0	0	0	896	352	168	0	48	144	856	0	816	104	608	224	720
72	0	0	0	0	0	16	40	176	424	448	560	592	680	768	424	672	360	416	888	840
73	0	0	0	0	0	328	0	568	104	696	216	872	952	504	256	320	496	128	120	776
74	0	0	0	0	8	552	40	208	752	992	264	968	520	0	312	0	152	552	544	504
75	0	0	0	8	0	56	336	368	312	208	968	744	592	160	736	232	416	848	0	448
76	0	0	0	0	0	168	216	0	880	440	80	624	816	304	816	816	0	680	224	688
77	0	0	0	0	0	608	432	104	40	0	0	56	608	880	432	536	752	384	168	808
78	0	0	0	0	0	432	560	408	320	336	672	464	688	64	0	232	0	120	128	704
79	0	8	0	0	0	464	448	112	688	752	640	416	312	240	168	0	488	688	696	160
80	0	0	0	0	0	272	344	440	0	152	0	32	712	992	272	768	544	480	632	0
81	0	0	0	0	0	168	0	8	560	696	592	0	288	992	840	656	0	264	656	832
82	0	0	0	0	0	824	696	40	656	448	328	272	792	0	1048	944	24	208	0	112
83	0	0	0	0	0	728	768	344	696	280	136	248	480	296	296	272	112	808	216	424
84	0	0	0	0	0	224	368	304	32	552	336	672	568	384	344	520	528	296	248	216
85	0	0	0	0	0	440	72	416	616	744	56	72	152	120	704	392	304	752	672	0
86	0	0	0	0	0	152	40	456	672	520	824	680	632	552	520	0	80	448	432	520
87	0	0	0	0	0	552	408	72	408	544	784	344	392	120	320	176	216	912	664	544
88	0	0	0	0	0	152	368	288	272	232	0	480	368	632	512	672	472	440	144	504
89	0	0	0	0	0	264	120	448	528	616	144	688	0	800	864	0	672	72	344	864
90	0	0	0	0	0	48	176	792	88	360	528	168	848	496	368	88	408	24	944	680
91	0	0	0	8	8	584	352	440	712	192	144	0	416	672	800	656	656	8	640	0
92	0	0	0	0	0	328	168	128	552	40	568	400	776	248	464	496	400	376	664	432
93	0	0	0	0	0	0	0	448	488	0	48	0	360	496	1056	328	0	1112	736	960
94	8	0	0	0	0	376	640	288	1024	904	152	280	288	528	312	0	152	736	200	240
95	0	0	0	0	0	568	120	496	184	680	416	384	464	560	504	224	696	344	0	624
96	0	8	0	0	0	192	16	400	584	240	584	648	384	288	680	40	360	456	840	456
97	0	0	0	0	0	368	0	0	752	320	192	728	616	872	608	72	144	712	784	528
98	0	0	8	0	0	352	96	160	16	656	368	168	48	88	512	344	576	1008	168	880
99	0	0	0	0	0	0	64	128	104	592	64	760	936	296	280	1008	416	1008	0	216
100	0	0	0	0	0	664	296	256	200	528	968	200	640	424	0	896	104	344	608	0
101	0	0	0	0	0	296	440	576	864	336	824	0	512	0	360	480	184	0	440	304
102	0	0	0	0	0	208	8	256	72	56	0	192	56	392	400	360	472	144	120	184
103	0	0	0	8	0	360	240	376	712	48	360	776	584	312	376	72	336	40	760	544
104	0	0	0	0	0	336	728	224	648	176	728	904	104	216	200	0	696	312	344	0
105	0	0	0	0	0	512	432	560	296	248	888	432	192	472	56	880	216	232	144	104
106	0	0	0	0	0	696	104	672	256	736	64	448	872	8	168	872	288	432	104	240
107	0	0	0	0	0	368	344	232	568	816	136	376	32	576	584	144	256	560	624	328
108	0	0	0	0	8	392	536	88	344	568	688	608	200	184	544	568	368	0	488	264
109	0	0	0	0	0	512	56	200	704	736	304	408	1000	440	360	640	0	376	248	336
110	8	0	0	0	0	184	224	152	344	936	0	0	888	792	216	768	768	720	96	648
111	0	0	0	0	0	224	328	664	840	664	680	176	24	912	232	472	760	0	160	328
112	0	0	0	0	0	728	544	232	592	32	800	296	232	528	632	0	464	16	120	296
113	0	0	0	0	0	536	0	80	0	336	344	600	728	880	496	272	336	744	648	480
114	0	8	0	0	0	0	320	848	344	768	88	0	192	240	0	1024	520	1032	360	432
115	0	0	8	0	0	88	496	280	776	520	648	64	344	384	176	232	160	64	784	1032
116	0	0	0	0	0	224	384	440	696	592	376	224	112	344	0	384	480	400	664	512
117	0	0	0	0	0	640	72	368	1056	0	384	704	88	360	768	0	600	568	184	0
118	0	0	0	0	0	360	232	504	40	512	232	592	360	176	680	488	112	288	216	328
119	0	0	0	0	0	64	400	376	32	208	880	400	816	0	696	632	96	376	224	816
120	0	0	0	0	0	200	1000	0	40	0	40	424	336	80	888	1016	840	0	328	992
(1,14937)	(2,10465)	(3,0)	(4,8048)	
(1,7576)	(2,1958)	(3,0)	(4,103)	
(1,8778)	(2,3024)	(3,0)	(4,161)	
(1,9387)	(2,2970)	(3,0)	(4,151)	
(1,8520)	(2,2816)	(3,0)	(4,174)	
(1,5772)	(2,1617)	(3,0)	(4,113)	
(1,1)	(2,0)	(3,0)	(4,0)	
(1,1)	(2,0)	(3,0)	(4,0)	
(1,1)	(2,0)	(3,0)	(4,0)	
(1,1)	(2,0)	(3,0)	(4,0)	
(1,1)	(2,0)	(3,0)	(4,0)	
(1,1)	(2,0)	(3,0)	(4,0)	
(1,1)	(2,0)	(3,0)	(4,0)	
(1,1)	(2,0)	(3,0)	(4,0)	
(1,1)	(2,0)	(3,0)	(4,0)	
(1,1)	(2,0)	(3,0)	(4,0)	
(1,1)	(2,0)	(3,0)	(4,0)	
(1,1)	(2,0)	(3,0)	(4,0)	
(1,1)	(2,0)	(3,0)	(4,0)	
(1,1)	(2,0)	(3,0)	(4,0)	
(1,1)	(2,0)	(3,0)	(4,0)	
avg	0.266667	0.4	0.266667	0.4	0.4	343.6	293.2	310.8	428.133	433.6	409.067	371.467	452.4	393.6	436.933	437.867	329.867	428.533	404.267	433.333
delay	2.5	24.6667	0.5	87.6667	8	22.5712	18.2606	25.1424	16.1725	18.8613	20.6092	24.1679	16.8214	20.9306	22.1929	14.7856	28.1734	14.9866	25.3463	21.7271
loss	0.333333	0	0.333333	0	0	0.444373	0.417483	0.444338	0.273036	0.259226	0.244335	0.29264	0.264789	0.27201	0.25268	0.232531	0.285797	0.240189	0.286084	0.266034
Command ['/home/ubuntu/ns-3.30-obss/build/scratch/simple-ofdma-adhoc4', '--ofdmaEnabled=true', '--startTime=60', '--totalTime=120', '--dataMode=HeMcs6', '--datarate=12e5', '--clNum=20', '--ratio=0.375', '--RngRun=9'] terminated with signal SIGSEGV. Run it under a debugger to get more information (./waf --run <program> --command-template="gdb --args %s <args>").
