Waf: Entering directory `/home/ubuntu/ns-3.30-obss/build'
Waf: Leaving directory `/home/ubuntu/ns-3.30-obss/build'
Build commands will be stored in build/compile_commands.json
'build' finished successfully (0.662s)
--------------------------Rate[Kbps]--------------------------
Time[s]	cl-1	cl-2	cl-3	cl-4	cl-5	cl-6	cl-7	cl-8	cl-9	cl-10	cl-11	cl-12	cl-13	cl-14	cl-15	cl-16	cl-17	cl-18	cl-19	cl-20
60	17.6	14.2	18	14.8	13.2	14.6	13.4	14	15	15.8	14.6	15.2	14.4	11.8	16.4	15.8	13.2	16.6	13.2	13.8
61	0	0	0	0	0	304	48	96	104	232	320	232	368	0	208	552	0	224	400	0
62	0	0	0	0	0	224	280	104	168	200	336	24	104	488	208	224	16	328	272	48
63	0	0	0	0	0	288	0	336	32	144	392	0	80	184	104	96	0	0	0	0
64	0	0	0	0	0	392	160	40	328	432	296	216	280	40	240	32	152	224	680	704
65	0	0	0	0	0	440	24	304	536	392	512	256	200	360	160	32	112	504	432	216
66	0	0	0	0	0	88	536	352	48	312	368	296	552	0	8	464	160	600	48	608
67	0	0	0	0	0	264	536	96	64	88	632	0	328	64	416	656	456	72	192	104
68	0	0	0	0	0	24	616	224	376	352	24	512	0	440	448	600	0	568	168	0
69	0	0	0	0	0	496	208	192	0	136	344	120	424	216	160	576	376	168	512	24
70	0	0	0	0	0	312	320	384	400	496	456	208	184	160	576	0	232	184	72	416
71	0	0	0	0	0	0	0	536	216	88	0	32	96	512	0	448	56	376	136	456
72	0	0	0	0	0	32	24	232	264	248	464	408	408	400	280	408	240	272	528	640
73	0	0	0	0	0	232	0	432	56	376	112	432	648	408	144	184	296	80	80	488
74	0	0	0	0	0	192	8	0	256	304	0	432	232	0	192	0	128	280	104	232
75	0	0	0	0	0	96	256	184	296	264	632	584	320	88	440	144	264	512	120	224
76	0	0	0	0	0	112	216	0	608	344	80	352	520	256	560	576	0	440	160	456
77	0	0	0	0	0	472	376	144	8	0	0	48	376	616	264	328	552	240	136	480
78	0	0	0	0	0	424	448	304	320	232	464	392	480	32	0	136	0	72	128	432
79	0	0	0	0	0	312	256	112	560	400	440	328	200	152	112	0	392	512	520	80
80	0	0	0	0	0	176	232	264	0	104	0	16	472	600	192	432	312	352	432	0
81	8	0	0	0	0	208	0	8	416	440	392	0	200	632	592	488	0	232	496	648
82	0	0	0	0	0	528	440	24	392	288	184	168	472	0	600	632	16	128	0	56
83	0	0	0	0	0	600	512	272	456	224	112	208	328	192	176	152	56	464	152	256
84	0	0	0	0	0	184	168	296	32	408	240	416	512	248	280	336	480	184	264	112
85	0	0	0	0	0	416	40	400	528	560	40	32	112	96	624	392	224	552	576	0
86	0	0	0	0	0	128	48	392	384	256	544	392	464	336	368	0	64	296	336	336
87	0	0	0	0	0	328	224	64	272	368	496	200	264	104	264	152	112	576	400	392
88	0	0	0	0	0	192	296	272	240	232	0	384	312	568	448	512	376	384	88	352
89	0	0	0	0	0	240	88	432	376	432	104	488	0	568	592	0	496	64	224	568
90	0	0	0	0	0	24	120	600	40	240	320	112	544	400	232	112	256	16	616	496
91	0	0	0	8	8	416	240	296	472	96	96	0	288	440	504	408	392	0	400	0
92	0	0	0	0	0	280	152	56	384	8	416	296	536	264	352	384	248	264	576	352
93	0	0	0	0	0	0	0	264	320	0	32	0	216	304	696	256	0	688	488	648
94	8	0	0	0	0	280	432	168	640	672	96	168	192	352	216	0	112	480	120	136
95	0	0	0	0	0	448	72	304	128	496	280	264	344	472	360	168	520	248	0	400
96	0	8	0	0	0	152	16	304	392	184	384	456	256	192	472	32	232	360	544	352
97	0	0	0	0	0	312	0	24	512	176	104	536	448	592	416	32	80	512	488	416
98	0	0	8	0	0	208	72	136	8	416	240	112	32	72	296	216	328	584	88	568
99	0	0	0	0	0	0	64	112	56	384	56	504	592	184	192	648	288	656	0	136
100	0	0	0	0	0	368	256	208	104	400	600	144	376	312	0	680	56	208	384	0
101	0	0	0	0	0	184	432	464	512	208	544	8	376	0	240	408	232	0	280	168
102	0	0	0	0	0	168	120	488	184	88	0	416	176	480	360	264	184	104	296	320
103	0	0	0	8	0	496	40	168	536	8	288	424	240	104	264	16	336	24	424	264
104	0	0	0	0	0	280	464	176	408	120	440	616	72	120	128	0	384	184	192	0
105	0	0	0	0	0	408	312	392	216	176	640	296	128	344	40	648	152	160	72	80
106	0	0	0	0	0	480	136	528	152	440	56	352	568	32	120	520	240	296	48	200
107	0	0	0	0	0	312	304	224	360	416	112	224	24	480	400	144	192	440	464	264
108	0	0	0	0	8	368	408	88	200	480	416	448	168	160	368	456	192	0	424	160
109	0	0	0	0	0	344	32	232	496	440	184	336	632	320	248	456	0	264	144	272
110	8	0	0	0	0	120	160	96	216	624	0	0	624	496	112	520	552	424	48	408
111	0	0	0	0	0	136	184	488	560	424	424	112	24	680	160	376	448	0	136	192
112	0	0	0	0	0	648	520	176	400	24	496	224	192	368	400	0	200	16	0	72
113	0	0	0	0	0	344	0	56	0	208	264	416	448	584	368	200	280	456	552	448
114	0	8	0	0	0	0	176	544	200	544	64	0	128	144	0	656	256	640	240	288
115	0	0	8	0	0	56	424	208	496	344	440	24	232	224	120	120	88	32	488	640
116	0	0	0	0	0	296	472	368	504	440	264	168	80	240	0	296	344	264	440	384
117	0	0	0	0	0	360	64	240	608	0	296	408	56	232	440	0	416	448	160	0
118	0	0	0	0	0	256	144	304	40	424	160	376	200	88	288	384	104	144	160	248
119	0	0	0	0	0	8	288	400	24	160	320	216	616	0	560	440	48	240	216	592
120	0	0	0	0	0	72	640	0	0	0	0	0	232	56	544	632	464	0	208	592
(1,17497)	(2,7247)	(3,0)	(4,2077)	
(1,5825)	(2,838)	(3,0)	(4,20)	
(1,6394)	(2,1407)	(3,0)	(4,98)	
(1,7770)	(2,1098)	(3,0)	(4,28)	
(1,6802)	(2,1129)	(3,0)	(4,77)	
(1,4934)	(2,793)	(3,0)	(4,20)	
(1,1)	(2,0)	(3,0)	(4,0)	
(1,1)	(2,0)	(3,0)	(4,0)	
(1,1)	(2,0)	(3,0)	(4,0)	
(1,1)	(2,0)	(3,0)	(4,0)	
(1,1)	(2,0)	(3,0)	(4,0)	
(1,1)	(2,0)	(3,0)	(4,0)	
(1,1)	(2,0)	(3,0)	(4,0)	
(1,1)	(2,0)	(3,0)	(4,0)	
(1,1)	(2,0)	(3,0)	(4,0)	
(1,1)	(2,0)	(3,0)	(4,0)	
(1,1)	(2,0)	(3,0)	(4,0)	
(1,1)	(2,0)	(3,0)	(4,0)	
(1,1)	(2,0)	(3,0)	(4,0)	
(1,1)	(2,0)	(3,0)	(4,0)	
(1,1)	(2,0)	(3,0)	(4,0)	
avg	0.4	0.266667	0.266667	0.266667	0.266667	258.8	218.4	243.467	281.733	283.2	266.933	247.2	299.6	274.933	292.533	300.4	219.867	284	272.533	290.4
delay	2	0.5	0.5	3	3	12.6419	8.37057	8.17853	14.2257	26.0061	13.7158	27.4871	8.31909	13.1358	10.3145	3.8593	16.732	8.45493	23.0318	22.5308
loss	0	0.333333	0.333333	0.333333	0.333333	0.295718	0.28534	0.275397	0.190421	0.188694	0.160235	0.189685	0.177827	0.142976	0.151257	0.1182	0.189681	0.146293	0.19337	0.173121
Command ['/home/ubuntu/ns-3.30-obss/build/scratch/simple-ofdma-adhoc4', '--ofdmaEnabled=true', '--startTime=60', '--totalTime=120', '--dataMode=HeMcs3', '--datarate=7e5', '--clNum=20', '--ratio=0.375', '--RngRun=9'] terminated with signal SIGSEGV. Run it under a debugger to get more information (./waf --run <program> --command-template="gdb --args %s <args>").
