Waf: Entering directory `/home/ubuntu/ns-3.30-obss/build'
Waf: Leaving directory `/home/ubuntu/ns-3.30-obss/build'
Build commands will be stored in build/compile_commands.json
'build' finished successfully (0.646s)
--------------------------Rate[Kbps]--------------------------
Time[s]	cl-1	cl-2	cl-3	cl-4	cl-5	cl-6	cl-7	cl-8	cl-9	cl-10	cl-11	cl-12	cl-13	cl-14	cl-15	cl-16	cl-17	cl-18	cl-19	cl-20
60	17.6	14	17.8	14.8	13.2	14.2	13.4	14	14.8	15.8	14.6	15.2	14.4	11.8	16.6	15.8	13.2	16.6	13.2	13.8
61	0	0	0	0	0	216	40	48	112	208	272	216	296	0	168	440	0	160	320	0
62	0	0	0	0	0	160	200	104	136	160	232	16	80	368	176	168	48	256	224	48
63	0	0	0	0	0	224	16	216	24	328	488	16	88	208	288	112	128	0	256	336
64	0	0	0	0	0	328	192	56	360	304	128	280	224	0	80	8	0	200	488	424
65	0	0	0	0	0	352	40	176	480	368	424	224	160	312	144	24	88	424	384	176
66	0	0	0	0	0	80	392	216	64	224	280	264	432	0	16	336	120	488	40	480
67	0	0	0	0	0	152	328	80	56	72	456	0	248	48	328	496	352	40	152	64
68	0	0	0	0	0	24	376	144	312	328	16	352	0	336	376	464	0	416	144	0
69	0	0	0	0	0	416	160	128	0	152	320	104	312	224	80	448	304	168	472	24
70	0	0	0	0	0	232	264	296	416	368	272	176	168	144	408	0	216	168	96	352
71	0	0	0	0	0	0	0	360	152	72	0	24	72	352	0	352	40	256	96	344
72	0	0	0	0	0	40	16	168	224	192	344	376	344	416	264	384	264	272	496	496
73	0	0	0	0	0	168	0	280	48	328	80	392	472	248	112	136	240	56	64	384
74	0	0	0	0	8	272	16	88	384	472	120	472	272	0	176	0	96	288	232	248
75	0	0	0	8	0	48	216	144	176	144	480	472	368	104	360	128	272	496	0	240
76	0	0	0	0	0	144	240	0	496	320	64	392	504	216	504	464	0	368	168	432
77	0	0	0	0	0	432	304	136	32	0	0	40	360	504	232	312	480	184	144	448
78	0	0	8	0	0	320	384	256	320	224	456	320	472	32	0	120	0	56	120	360
79	0	8	0	0	0	344	296	88	496	472	448	272	232	152	104	0	336	472	456	88
80	0	0	0	0	0	96	120	200	0	80	0	8	344	472	136	352	256	256	320	0
81	8	0	0	0	0	72	0	24	320	376	296	0	168	488	440	416	0	160	360	456
82	0	0	0	0	0	296	272	40	304	240	120	136	360	0	456	424	16	64	0	32
83	0	0	0	0	0	336	320	96	248	152	88	136	296	192	128	104	64	304	80	168
84	0	0	0	0	0	216	240	272	56	424	192	408	472	208	224	360	440	184	168	144
85	0	0	0	0	0	336	56	392	488	496	48	24	88	88	496	336	248	480	488	0
86	0	0	0	0	0	152	64	376	424	296	448	392	352	376	288	0	56	248	296	328
87	0	0	0	0	0	248	208	64	344	304	416	152	224	120	216	160	168	472	408	360
88	0	0	0	0	0	160	392	288	240	200	0	384	304	456	368	432	352	352	80	336
89	0	0	0	0	0	184	88	264	288	328	80	400	0	424	392	0	376	40	176	440
90	0	0	0	0	0	32	56	416	56	184	280	80	392	304	176	88	184	8	488	360
91	0	0	0	8	8	248	128	136	336	88	104	0	248	352	392	304	336	16	304	0
92	0	0	0	0	0	304	144	96	320	16	352	272	464	248	336	296	264	200	456	352
93	0	0	0	0	0	0	0	136	232	0	24	0	168	232	504	176	0	488	336	448
94	8	0	0	0	0	192	312	120	480	464	72	136	168	240	176	0	88	312	96	144
95	0	0	0	0	0	312	48	288	80	424	248	256	272	376	304	128	456	208	0	336
96	0	8	0	0	0	136	8	224	328	152	296	344	224	136	336	16	208	304	464	256
97	0	0	0	0	0	296	0	8	496	168	96	456	352	464	320	40	72	480	488	312
98	0	0	8	0	0	128	40	80	8	312	176	88	24	48	240	160	280	464	72	400
99	0	0	0	0	0	0	48	56	72	264	40	352	432	128	152	488	232	488	0	88
100	0	0	0	0	0	400	192	144	96	288	488	120	312	224	0	496	72	168	336	0
101	0	0	0	0	0	144	296	336	472	208	392	8	312	0	168	288	216	0	240	152
102	0	0	0	0	0	152	184	320	104	48	0	328	192	416	256	224	152	88	216	288
103	0	0	0	8	0	440	104	192	488	16	264	376	304	80	280	32	264	16	416	248
104	0	0	0	0	0	184	352	144	344	96	360	488	72	88	96	0	376	152	176	0
105	0	0	0	0	0	224	264	296	160	152	488	224	112	232	48	496	104	144	72	56
106	0	0	0	0	0	400	88	360	160	392	40	240	456	32	104	416	208	240	56	144
107	0	0	0	0	0	352	296	296	344	504	112	232	8	480	360	104	184	432	464	256
108	0	0	0	0	8	312	368	64	232	344	448	480	200	160	400	424	280	0	352	208
109	0	0	0	0	0	256	16	176	360	368	144	208	496	208	176	336	0	192	128	184
110	8	0	0	0	0	96	88	64	152	448	0	0	448	352	112	352	400	328	32	288
111	0	0	0	0	0	120	224	408	480	352	384	96	16	480	112	280	392	0	96	168
112	0	0	0	0	0	416	344	160	264	24	392	160	144	280	280	0	240	24	88	168
113	0	0	0	0	0	328	0	40	0	176	256	344	424	504	304	184	176	408	384	288
114	0	8	0	0	0	0	112	408	184	416	56	0	112	120	0	496	240	464	200	216
115	0	0	8	0	0	48	320	160	344	248	344	32	192	168	96	112	64	32	376	480
116	0	0	0	0	0	240	344	280	472	368	208	128	48	192	0	216	328	248	400	352
117	0	0	0	0	0	248	40	184	496	0	224	304	48	184	328	0	312	376	136	0
118	0	0	0	0	0	304	280	360	32	392	232	384	288	96	408	384	112	224	136	304
119	0	0	0	0	0	16	224	336	24	160	448	248	432	0	168	328	48	192	88	168
120	0	0	0	0	0	88	240	0	0	0	16	160	104	16	552	376	280	40	184	504
(1,24139)	(2,2382)	(3,0)	(4,90)	
(1,5565)	(2,141)	(3,0)	(4,13)	
(1,7057)	(2,231)	(3,0)	(4,2)	
(1,6772)	(2,422)	(3,0)	(4,19)	
(1,6637)	(2,272)	(3,0)	(4,29)	
(1,5226)	(2,189)	(3,0)	(4,9)	
(1,1)	(2,0)	(3,0)	(4,0)	
(1,1)	(2,0)	(3,0)	(4,0)	
(1,1)	(2,0)	(3,0)	(4,0)	
(1,1)	(2,0)	(3,0)	(4,0)	
(1,1)	(2,0)	(3,0)	(4,0)	
(1,1)	(2,0)	(3,0)	(4,0)	
(1,1)	(2,0)	(3,0)	(4,0)	
(1,1)	(2,0)	(3,0)	(4,0)	
(1,1)	(2,0)	(3,0)	(4,0)	
(1,1)	(2,0)	(3,0)	(4,0)	
(1,1)	(2,0)	(3,0)	(4,0)	
(1,1)	(2,0)	(3,0)	(4,0)	
(1,1)	(2,0)	(3,0)	(4,0)	
(1,1)	(2,0)	(3,0)	(4,0)	
(1,1)	(2,0)	(3,0)	(4,0)	
avg	0.4	0.4	0.4	0.4	0.4	207.733	173.333	188.133	243.6	245.067	225.867	216.533	252.933	222.133	235.733	236.933	192.133	234.4	233.467	239.6
delay	0.333333	0.666667	0.333333	1	8	13.9833	6.20692	2.69171	1.33224	1.42329	1.37308	1.82389	3.40696	2.43938	24.0396	4.98424	7.48508	4.58532	10.5071	18.5665
loss	0	0	0	0	0	0.22089	0.209246	0.2344	0.0374078	0.0366876	0.0483146	0.0407561	0.042886	0.0430787	0.0550508	0.0368564	0.0322364	0.0414395	0.0483696	0.0566929
Command ['/home/ubuntu/ns-3.30-obss/build/scratch/simple-ofdma-adhoc4', '--ofdmaEnabled=true', '--startTime=60', '--totalTime=120', '--dataMode=HeMcs7', '--datarate=5e5', '--clNum=20', '--ratio=0.375', '--RngRun=9'] terminated with signal SIGSEGV. Run it under a debugger to get more information (./waf --run <program> --command-template="gdb --args %s <args>").
