Waf: Entering directory `/home/ubuntu/ns-3.30-obss/build'
Waf: Leaving directory `/home/ubuntu/ns-3.30-obss/build'
Build commands will be stored in build/compile_commands.json
'build' finished successfully (0.705s)
--------------------------Rate[Kbps]--------------------------
Time[s]	cl-1	cl-2	cl-3	cl-4	cl-5	cl-6	cl-7	cl-8	cl-9	cl-10	cl-11	cl-12	cl-13	cl-14	cl-15	cl-16	cl-17	cl-18	cl-19	cl-20
60	14.4	15	16.2	14	14.4	13	16.6	10.8	13	0	13.4	14	14.8	16.6	15.8	17	18.2	17	14.4	17.4
61	592	0	0	0	0	112	0	0	392	0	384	200	72	0	16	64	264	0	216	232
62	368	0	112	0	0	56	8	16	216	0	56	368	168	328	352	256	184	112	0	48
63	40	64	104	152	88	120	32	112	64	0	176	192	208	40	200	184	136	152	40	64
64	248	0	184	336	64	128	224	80	256	0	216	216	192	0	160	96	88	48	112	0
65	320	184	184	176	232	0	72	72	128	0	0	192	176	72	24	272	208	128	40	168
66	240	0	160	0	272	24	48	16	184	0	48	96	280	328	32	368	256	40	408	0
67	304	320	408	400	192	40	96	96	88	0	8	128	296	152	160	72	168	176	112	64
68	280	144	224	80	0	80	40	184	184	0	232	120	192	176	280	136	16	104	120	40
69	0	176	248	8	240	80	88	152	184	0	64	56	216	56	56	216	120	160	192	128
70	72	40	40	272	304	248	0	136	72	0	32	152	240	296	176	160	8	64	168	48
71	8	168	304	240	128	64	120	200	112	0	288	0	72	272	168	40	48	0	136	16
72	160	152	216	176	280	88	56	80	32	0	112	88	160	232	216	72	112	104	136	88
73	168	200	136	192	184	56	104	16	192	0	128	304	208	104	128	32	208	128	112	32
74	224	120	72	184	72	48	168	104	64	0	248	72	176	248	120	128	104	56	224	80
75	216	96	120	256	64	80	152	96	32	0	24	104	208	120	208	88	192	216	288	0
76	256	216	0	88	272	72	152	0	168	0	16	0	120	240	56	240	112	208	224	112
77	200	88	56	168	8	88	56	80	128	0	280	64	128	168	80	112	128	48	184	152
78	336	160	264	32	40	24	128	176	0	0	112	240	96	24	216	176	112	88	184	280
79	80	248	392	0	16	0	64	72	152	0	32	440	40	384	200	200	24	0	416	48
80	144	144	320	256	128	80	112	80	128	0	24	56	216	168	136	176	184	8	128	88
81	56	160	192	264	224	120	40	120	48	0	88	280	96	72	168	0	112	96	192	176
82	0	328	400	96	120	96	136	168	72	0	16	40	168	176	176	128	272	240	232	0
83	152	320	24	168	0	80	0	24	272	0	48	0	176	232	8	336	400	40	224	304
84	296	176	216	232	208	96	192	184	104	0	208	216	56	0	104	136	208	72	128	160
85	40	248	32	32	120	216	24	0	184	0	0	264	192	136	304	32	64	160	288	96
86	184	392	128	24	0	80	0	168	32	0	48	296	168	400	288	16	184	224	296	56
87	184	360	360	0	88	184	120	88	208	0	88	128	0	176	288	352	80	64	312	0
88	184	152	176	168	32	96	16	80	176	0	208	192	136	128	112	176	40	24	248	256
89	8	40	296	232	184	32	264	72	0	0	64	0	128	152	96	240	264	176	0	192
90	168	88	192	0	312	152	200	80	128	0	88	88	32	96	88	40	128	136	184	64
91	304	0	128	240	104	80	144	96	240	0	136	0	256	80	144	112	72	224	232	136
92	136	168	168	160	336	72	216	184	176	0	128	80	120	0	32	16	128	96	192	72
93	0	0	96	8	184	64	160	40	328	0	24	112	112	264	88	56	224	8	336	16
94	136	160	168	88	48	48	56	0	264	0	80	208	176	240	192	152	176	80	96	200
95	248	176	200	16	88	0	136	104	256	0	264	184	136	96	160	328	0	152	24	160
96	40	248	184	176	8	48	120	96	200	0	272	0	152	224	176	104	80	184	64	176
97	216	272	160	104	144	16	120	0	24	0	72	168	192	0	176	280	272	88	360	80
98	40	328	168	96	240	96	40	160	0	0	48	280	312	160	112	72	0	160	88	184
99	352	136	376	168	112	16	264	8	96	0	120	288	136	160	96	224	48	144	112	24
100	16	0	208	256	288	24	32	104	168	0	144	152	168	232	48	376	96	176	128	8
101	160	136	304	152	120	96	72	96	0	0	72	0	192	248	344	120	176	232	72	352
102	80	32	256	32	344	16	352	168	152	0	48	232	0	112	32	200	24	88	72	104
103	152	160	248	0	0	136	104	144	184	0	152	144	144	16	104	80	24	136	248	96
104	384	224	240	160	200	128	88	216	224	0	88	184	64	48	256	0	184	0	176	120
105	200	24	256	136	112	160	72	192	248	0	168	192	0	216	120	112	136	56	56	112
106	240	256	232	136	0	216	144	16	32	0	16	248	32	144	232	248	216	56	88	88
107	280	72	368	72	200	80	184	160	88	0	120	256	40	136	128	160	64	0	160	0
108	240	352	72	0	200	256	128	48	184	0	256	56	48	232	216	0	136	192	0	8
109	40	280	176	232	120	96	8	104	192	0	128	184	48	136	216	200	176	136	24	0
110	56	184	336	240	200	88	72	56	16	0	72	56	264	104	240	168	48	216	312	176
111	256	136	160	168	80	248	168	176	56	0	24	40	112	248	288	16	0	216	192	56
112	216	208	136	264	240	24	152	128	200	0	232	80	208	160	0	48	160	88	104	184
113	56	352	0	248	24	56	48	72	304	0	144	264	48	240	240	128	232	224	0	144
114	256	328	72	112	160	224	120	40	48	0	88	0	296	88	312	152	0	96	40	232
115	152	272	248	224	200	136	168	8	136	0	40	200	232	32	48	136	192	200	64	24
116	24	288	376	248	168	80	48	144	0	0	208	232	144	136	128	0	192	40	232	200
117	232	112	72	224	48	184	32	144	96	0	176	200	96	120	168	128	88	24	128	224
118	216	328	344	48	80	72	0	48	24	0	248	368	176	8	0	304	56	0	424	240
119	24	384	96	304	272	120	64	0	80	0	248	16	288	176	160	200	56	104	88	112
120	232	224	96	0	296	184	40	56	224	0	48	208	184	224	56	160	40	48	224	72
avg	175.2	177.067	191.733	142.4	141.467	95.0667	101.067	92.6667	137.333	0	120	153.733	149.867	154.267	152.133	147.067	128.667	108.933	164.667	109.867
delay	533.547	556.554	565.912	570.081	571.413	583.189	580.115	584.66	553.772	0	557.65	569.714	573.412	561.407	574.958	566.851	554.728	575.89	562.209	563.913
loss	0.634899	0.606455	0.628136	0.632611	0.660395	0.788302	0.75572	0.798375	0.714918	0	0.686785	0.692431	0.709452	0.6875	0.695894	0.708014	0.736483	0.741303	0.69001	0.691215
Command ['/home/ubuntu/ns-3.30-obss/build/scratch/simple-ofdma-adhoc', '--ofdmaEnabled=true', '--startTime=60', '--totalTime=120', '--dataMode=HeMcs1', '--datarate=10e5', '--clNum=20', '--ratio=0.375', '--RngRun=121'] terminated with signal SIGSEGV. Run it under a debugger to get more information (./waf --run <program> --command-template="gdb --args %s <args>").
