Waf: Entering directory `/home/ubuntu/ns-3.30-obss/build'
Waf: Leaving directory `/home/ubuntu/ns-3.30-obss/build'
Build commands will be stored in build/compile_commands.json
'build' finished successfully (0.668s)
--------------------------Rate[Kbps]--------------------------
Time[s]	cl-1	cl-2	cl-3	cl-4	cl-5	cl-6	cl-7	cl-8	cl-9	cl-10	cl-11	cl-12	cl-13	cl-14	cl-15	cl-16	cl-17	cl-18	cl-19	cl-20
60	14	13.8	12.8	13	13.8	13.2	13.6	16.8	15.8	14.4	16	15	15.6	15.8	14.8	15.4	11.4	13.6	15.6	17.8
61	0	0	0	0	0	40	184	0	0	0	0	208	0	0	16	200	384	536	0	104
62	0	0	0	0	0	176	160	80	112	0	24	24	120	48	256	216	0	216	48	208
63	0	0	0	0	0	72	24	120	120	176	0	56	176	160	184	168	112	64	160	0
64	0	0	0	0	0	96	24	104	144	184	144	136	216	64	128	160	64	40	144	56
65	0	0	0	0	0	80	64	120	216	96	280	184	224	0	0	320	0	112	64	16
66	0	0	0	0	0	112	8	80	176	40	80	136	80	256	128	144	192	72	136	64
67	0	0	0	0	0	64	56	72	0	272	216	0	120	64	48	176	112	104	80	216
68	0	0	0	0	0	128	104	24	176	144	136	64	32	320	152	144	184	16	0	0
69	0	0	0	0	0	0	160	0	312	64	40	88	8	48	64	280	200	168	136	120
70	0	0	0	0	0	80	16	144	16	104	112	176	96	56	128	200	144	8	72	200
71	0	0	0	0	0	112	0	152	72	184	112	128	152	160	104	0	200	72	120	72
72	0	0	0	0	0	208	16	56	16	192	232	32	96	96	152	160	232	16	160	72
73	0	0	0	0	8	8	208	176	8	48	136	152	112	32	112	144	72	248	160	216
74	0	0	0	0	0	144	128	24	0	112	64	104	16	32	176	64	128	96	224	280
75	0	0	0	0	0	136	160	32	120	8	8	160	200	256	120	0	144	208	232	80
76	0	0	0	0	0	16	160	120	88	136	0	208	96	64	144	24	200	216	104	88
77	0	0	0	0	0	168	0	88	208	192	32	200	128	296	24	0	80	176	264	8
78	0	0	0	0	0	0	96	24	152	136	40	72	112	152	192	40	72	120	152	176
79	0	0	0	0	0	8	40	112	112	168	48	144	112	112	120	224	224	64	136	168
80	8	0	0	0	0	160	80	64	104	192	152	112	136	224	120	208	48	96	0	168
81	0	0	0	0	0	24	72	0	216	704	0	296	144	176	0	72	96	128	128	0
82	0	0	0	0	0	48	0	184	80	88	40	40	264	176	176	112	112	176	80	48
83	0	0	8	0	0	72	128	224	32	264	8	16	216	256	88	160	0	0	104	184
84	0	0	0	0	0	144	160	136	72	232	200	32	192	144	40	32	136	64	16	40
85	0	0	0	0	0	32	48	144	40	0	0	168	176	0	120	216	112	216	256	32
86	0	0	0	0	0	152	0	184	72	152	0	16	408	192	136	8	0	48	208	0
87	0	0	0	0	0	112	152	80	256	8	56	224	104	128	240	128	120	16	0	168
88	0	0	0	0	0	144	136	16	16	88	144	216	264	272	80	160	0	64	80	16
89	0	0	0	0	0	144	0	168	224	88	40	208	152	136	72	120	136	0	88	136
90	0	0	0	0	0	48	48	216	112	88	72	24	176	16	104	72	176	216	240	0
91	0	0	0	0	8	0	224	24	168	120	104	0	136	216	304	152	144	176	128	64
92	0	0	0	0	0	176	256	0	64	152	8	208	176	96	48	88	184	72	40	176
93	0	8	0	0	0	96	152	160	240	0	56	120	272	0	40	16	280	0	264	0
94	0	0	0	0	0	32	56	56	176	232	0	240	208	72	120	128	0	48	232	120
95	0	0	0	0	0	16	96	16	120	200	208	328	0	248	160	288	88	8	104	24
96	0	0	0	0	0	96	0	64	8	104	176	312	72	152	216	136	160	160	24	88
97	0	0	0	0	0	112	56	80	176	64	72	8	0	56	280	96	136	104	296	160
98	0	0	0	0	0	16	32	112	264	16	184	24	72	40	0	352	0	0	296	408
99	0	0	0	0	0	40	112	0	80	216	0	0	296	232	48	176	88	136	192	160
100	0	0	8	0	0	72	16	64	80	0	80	8	88	168	64	104	352	56	336	440
101	0	0	0	0	0	8	232	16	232	40	96	88	104	216	32	0	64	240	224	80
102	0	0	0	0	0	32	64	0	8	264	216	200	248	256	168	120	264	64	152	0
103	0	0	0	0	0	112	112	8	96	136	240	0	160	184	64	248	152	88	144	64
104	0	0	0	0	0	24	112	112	0	24	96	136	120	216	224	192	80	224	192	80
105	0	0	0	0	0	128	104	136	88	24	168	80	168	40	56	40	160	176	32	136
106	0	0	0	8	0	112	160	0	32	160	168	48	24	128	128	144	192	104	128	56
107	0	0	0	0	0	24	104	160	200	120	32	56	120	296	32	168	48	0	32	128
108	0	0	0	0	0	24	0	120	96	192	72	192	240	216	144	304	24	72	24	16
109	0	0	0	0	0	24	104	168	168	128	184	88	88	96	72	0	208	176	224	112
110	0	0	0	0	0	0	112	24	192	192	408	80	72	136	184	0	192	0	80	120
111	0	0	0	0	0	104	24	64	48	56	104	0	144	128	208	0	256	208	264	72
112	0	0	0	0	0	32	40	32	96	248	152	232	112	176	152	0	232	168	136	88
113	0	0	8	0	0	80	64	56	0	224	288	288	208	48	40	160	0	264	40	104
114	8	0	0	0	0	80	88	64	144	96	0	56	136	104	120	144	136	152	184	24
115	0	0	0	0	0	96	112	120	64	0	208	144	88	0	192	208	56	208	8	72
116	0	0	0	0	0	40	64	152	80	120	104	136	168	64	176	16	80	280	136	96
117	0	0	0	0	0	152	40	192	304	184	72	176	56	80	0	144	96	0	48	0
118	0	0	0	0	0	184	0	16	296	128	0	56	0	88	152	176	296	136	8	160
119	0	0	0	0	0	32	112	8	160	192	112	104	176	48	120	136	128	120	64	152
120	0	0	0	0	0	96	8	88	184	32	136	144	16	136	224	48	144	248	192	24
(1,1516)	(2,6)	(3,0)	(4,5494)	
(1,1209)	(2,939)	(3,0)	(4,168)	
(1,1249)	(2,1114)	(3,0)	(4,319)	
(1,1309)	(2,1208)	(3,0)	(4,382)	
(1,1178)	(2,1127)	(3,0)	(4,379)	
(1,855)	(2,691)	(3,0)	(4,181)	
(1,1)	(2,0)	(3,0)	(4,0)	
(1,1)	(2,0)	(3,0)	(4,0)	
(1,1)	(2,0)	(3,0)	(4,0)	
(1,1)	(2,0)	(3,0)	(4,0)	
(1,1)	(2,0)	(3,0)	(4,0)	
(1,1)	(2,0)	(3,0)	(4,0)	
(1,1)	(2,0)	(3,0)	(4,0)	
(1,1)	(2,0)	(3,0)	(4,0)	
(1,1)	(2,0)	(3,0)	(4,0)	
(1,1)	(2,0)	(3,0)	(4,0)	
(1,1)	(2,0)	(3,0)	(4,0)	
(1,1)	(2,0)	(3,0)	(4,0)	
(1,1)	(2,0)	(3,0)	(4,0)	
(1,1)	(2,0)	(3,0)	(4,0)	
(1,1)	(2,0)	(3,0)	(4,0)	
avg	0.266667	0.133333	0.4	0.133333	0.266667	79.4667	84.8	84.2667	118.933	130.4	102.667	119.6	134.933	131.2	119.867	128.933	132	121.067	130.267	102.667
delay	505.5	507	506	511	522.5	580.752	564.511	578.07	556.37	561.133	565.593	557.894	563.768	564.659	567.089	550.193	553.86	528.423	566.444	558.666
loss	0.333333	0.666667	0	0.666667	0.333333	0.850326	0.836798	0.839268	0.757371	0.765973	0.762504	0.775106	0.770104	0.780151	0.778676	0.780123	0.771732	0.754702	0.77923	0.782976
Command ['/home/ubuntu/ns-3.30-obss/build/scratch/simple-ofdma-adhoc4', '--ofdmaEnabled=true', '--startTime=60', '--totalTime=120', '--dataMode=HeMcs0', '--datarate=12e5', '--clNum=20', '--ratio=0.375', '--RngRun=0'] terminated with signal SIGSEGV. Run it under a debugger to get more information (./waf --run <program> --command-template="gdb --args %s <args>").
