Waf: Entering directory `/home/ubuntu/ns-3.30-obss/build'
Waf: Leaving directory `/home/ubuntu/ns-3.30-obss/build'
Build commands will be stored in build/compile_commands.json
'build' finished successfully (0.648s)
--------------------------Rate[Kbps]--------------------------
Time[s]	cl-1	cl-2	cl-3	cl-4	cl-5	cl-6	cl-7	cl-8	cl-9	cl-10	cl-11	cl-12	cl-13	cl-14	cl-15	cl-16	cl-17	cl-18	cl-19	cl-20
60	18.8	13.6	15	14.8	13.4	12.6	14.8	14	15	16	13.6	17.6	15.4	15	9	13.8	15.4	14.2	16.6	14
61	0	0	0	0	0	56	0	104	0	160	56	88	96	72	0	112	280	280	96	32
62	0	0	0	0	0	96	72	224	128	128	248	280	48	280	344	248	352	192	248	0
63	0	0	0	0	0	232	96	248	16	0	280	128	160	288	224	72	336	0	16	184
64	0	0	0	0	0	240	112	208	328	296	24	168	360	72	280	32	176	360	256	32
65	0	0	0	0	0	48	16	32	0	344	64	272	224	376	360	160	312	232	0	320
66	0	0	0	0	0	280	288	96	352	256	0	200	176	176	320	152	64	96	144	272
67	0	0	0	0	0	120	232	80	32	104	416	40	376	272	368	48	56	224	88	360
68	0	0	0	0	0	168	32	248	72	0	144	32	232	104	224	184	0	344	0	72
69	0	0	0	0	0	0	40	0	16	248	24	56	96	184	192	328	144	48	272	376
70	0	0	0	0	0	96	208	120	128	176	80	8	224	32	24	0	328	280	208	96
71	0	0	0	0	0	240	32	216	248	32	72	288	8	280	312	304	112	168	144	184
72	0	0	0	0	0	272	120	8	328	16	352	128	208	128	0	88	272	88	296	144
73	0	8	0	0	0	152	104	56	256	368	88	0	376	272	8	16	296	120	144	128
74	0	0	0	0	0	248	200	80	0	224	352	24	240	352	192	472	184	32	40	0
75	0	0	0	8	0	160	288	0	224	344	32	128	176	384	88	120	248	296	0	200
76	8	0	8	0	0	152	272	160	264	160	144	352	224	160	0	24	136	144	320	112
77	0	0	0	0	0	112	288	112	344	48	88	240	336	288	400	264	0	248	328	192
78	0	0	0	0	0	72	0	264	16	96	264	248	0	240	248	72	240	280	24	208
79	0	0	0	0	0	0	144	264	0	392	168	48	216	0	136	32	144	0	344	96
80	0	0	0	0	0	152	256	232	264	136	224	112	168	504	280	136	0	104	216	16
81	0	0	0	0	0	168	248	184	88	312	0	48	104	360	232	312	144	96	0	312
82	0	0	0	0	0	304	216	104	104	280	232	64	312	224	312	128	64	72	264	120
83	0	0	0	0	0	320	112	64	144	360	88	336	80	0	256	128	40	368	96	56
84	0	0	0	0	0	272	56	224	152	184	0	120	56	240	192	264	152	96	136	216
85	0	0	0	0	0	208	0	272	312	0	320	8	120	72	104	152	64	184	352	280
86	0	0	0	0	0	0	200	304	360	280	104	312	112	88	8	136	352	288	56	368
87	0	8	0	0	0	8	288	224	224	96	0	120	384	64	104	168	224	64	264	184
88	0	0	0	0	0	184	232	184	64	224	624	400	88	400	320	384	232	296	96	144
89	0	0	0	0	0	112	80	144	240	360	64	48	104	256	200	152	160	200	264	344
90	0	0	0	0	0	360	0	40	256	232	32	40	96	56	32	200	376	296	352	176
91	0	0	0	0	0	216	176	104	168	8	264	216	16	136	192	216	112	264	288	208
92	0	0	8	0	0	208	184	256	344	176	176	360	152	248	160	0	248	376	8	0
93	8	0	0	0	0	320	240	112	328	200	360	152	208	272	272	112	0	80	296	40
94	0	0	0	0	0	136	288	72	64	184	32	104	112	0	320	0	256	240	248	352
95	0	0	0	0	0	296	16	216	16	112	200	328	232	312	160	216	24	112	328	368
96	0	0	0	0	0	144	0	272	256	0	192	144	272	184	240	312	168	216	8	272
97	0	0	0	8	0	40	208	144	320	320	320	168	160	328	304	96	0	56	216	192
98	0	0	0	0	0	216	248	112	192	328	0	88	144	288	288	96	80	336	296	104
99	0	0	0	0	0	64	224	288	192	0	88	144	48	384	152	64	0	24	0	192
100	0	0	0	0	0	224	184	264	144	80	224	328	296	264	8	88	272	216	152	224
101	0	8	0	0	0	232	280	128	24	288	264	104	112	216	176	376	56	160	200	280
102	0	0	0	0	0	72	176	120	40	272	216	208	256	0	288	304	160	312	296	320
103	0	0	0	0	0	0	0	192	344	160	96	352	224	312	312	296	272	80	320	288
104	0	0	0	0	0	280	152	64	176	72	296	240	256	264	144	328	288	176	288	288
105	0	0	0	0	0	200	336	112	8	80	304	32	80	240	288	304	136	184	160	208
106	0	0	0	0	0	240	32	128	72	224	0	328	112	128	328	384	200	224	48	304
107	0	0	0	0	0	56	360	168	0	352	224	128	96	168	24	120	176	168	16	0
108	0	0	0	0	8	0	64	0	40	152	384	0	96	80	0	272	400	208	264	360
109	0	0	0	0	0	264	152	272	224	256	104	144	24	288	232	144	16	0	0	48
110	0	0	8	0	0	96	120	168	312	64	120	328	152	48	264	248	96	272	264	64
111	0	0	0	8	0	168	280	0	112	240	40	280	0	24	288	280	152	280	80	384
112	0	0	0	0	0	344	184	136	16	296	232	384	40	336	64	136	0	0	64	216
113	0	0	0	0	0	24	24	280	144	296	56	0	56	272	56	376	232	56	384	16
114	8	0	0	0	0	224	136	280	256	328	352	72	16	288	280	184	216	0	64	160
115	0	0	0	0	0	304	304	8	120	136	296	280	328	0	216	64	232	8	304	0
116	0	8	0	0	0	168	0	40	424	304	304	80	0	344	352	160	88	24	0	144
117	0	0	0	0	0	264	48	96	24	0	344	0	40	96	120	0	360	232	112	376
118	0	0	0	0	0	280	176	224	104	136	216	144	168	456	256	216	312	264	168	120
119	0	0	0	0	0	208	320	0	48	328	24	272	200	184	0	192	256	208	168	24
120	0	0	0	0	0	48	48	152	256	176	256	0	0	304	0	392	64	184	72	352
avg	0.4	0.533333	0.4	0.4	0.133333	169.467	153.2	148.4	162.133	190.4	176.133	162.4	154.933	211.467	192.4	181.067	172.667	174.267	169.6	185.467
delay	2	2	3	2.66667	4	42.5327	30.3177	20.4124	62.634	15.4258	58.0212	9.29475	46.58	62.6999	52.289	45.5412	29.173	10.1048	21.6344	23.8526
loss	0	0	0	0	0.666667	0.248818	0.209766	0.255518	0.129563	0.118519	0.106225	0.126882	0.141168	0.0988636	0.110906	0.118754	0.107512	0.123407	0.126374	0.132793
Command ['/home/ubuntu/ns-3.30-obss/build/scratch/simple-ofdma-adhoc2', '--ofdmaEnabled=true', '--startTime=60', '--totalTime=120', '--dataMode=HeMcs4', '--datarate=4e5', '--clNum=20', '--ratio=0.375', '--RngRun=63'] terminated with signal SIGSEGV. Run it under a debugger to get more information (./waf --run <program> --command-template="gdb --args %s <args>").
