Waf: Entering directory `/home/ubuntu/ns-3.30-obss/build'
Waf: Leaving directory `/home/ubuntu/ns-3.30-obss/build'
Build commands will be stored in build/compile_commands.json
'build' finished successfully (0.687s)
--------------------------Rate[Kbps]--------------------------
Time[s]	cl-1	cl-2	cl-3	cl-4	cl-5	cl-6	cl-7	cl-8	cl-9	cl-10	cl-11	cl-12	cl-13	cl-14	cl-15	cl-16	cl-17	cl-18	cl-19	cl-20
60	16.6	15.6	15.6	14	14.4	13.2	15	15.8	12.4	12.2	14.8	13.6	17.8	17.4	15.2	13.8	13.2	15.8	14.4	15.8
61	0	0	0	0	0	144	80	328	120	0	480	160	280	320	0	128	152	104	88	144
62	0	0	0	0	0	368	144	456	312	160	40	456	160	0	96	144	216	144	280	96
63	0	0	0	0	0	104	248	32	504	16	192	504	264	88	240	320	32	200	504	200
64	0	0	0	0	0	432	448	392	256	0	328	272	232	304	16	296	384	0	264	448
65	0	0	0	0	0	384	80	0	0	376	472	552	104	376	464	136	224	240	400	304
66	0	0	0	0	0	176	16	368	456	456	256	152	0	144	384	40	368	184	456	488
67	0	0	0	0	0	56	152	96	112	304	176	104	16	112	144	232	192	0	424	464
68	0	0	0	0	0	504	248	0	136	400	376	8	104	200	352	8	464	8	184	480
69	0	0	0	0	0	16	336	464	136	504	328	224	0	440	312	80	0	128	160	368
70	0	0	0	0	0	8	104	112	272	24	504	40	272	112	360	232	152	448	304	504
71	0	0	0	0	0	280	256	104	400	456	280	32	320	264	0	224	368	224	128	112
72	0	0	0	0	0	256	176	64	496	296	88	368	64	0	232	304	272	312	384	496
73	0	8	0	0	0	0	264	400	176	432	344	136	496	360	112	136	416	136	112	312
74	0	0	0	0	0	400	0	328	0	120	488	392	160	240	72	504	168	392	0	312
75	0	0	0	8	0	480	424	144	336	160	104	360	0	240	168	232	232	496	192	336
76	0	0	0	0	0	96	352	416	216	464	32	368	344	16	152	256	456	248	184	480
77	8	0	8	0	8	48	520	360	240	168	224	408	0	32	96	176	520	8	224	128
78	0	0	0	0	0	376	152	392	352	184	160	448	216	320	96	96	376	384	160	440
79	0	0	0	0	0	472	216	112	424	72	184	344	120	360	88	480	352	8	376	224
80	0	0	0	0	0	24	216	256	80	384	216	504	56	392	152	216	496	0	0	160
81	0	0	0	0	0	504	104	288	120	456	72	112	32	480	360	392	336	408	216	352
82	0	0	0	0	0	336	48	328	88	504	472	48	256	408	392	88	336	384	496	96
83	0	8	0	0	0	504	496	224	288	176	160	496	184	376	0	496	416	0	112	0
84	0	0	0	0	0	464	440	0	264	64	416	432	96	296	448	192	432	104	144	176
85	0	0	0	0	0	96	112	264	112	304	496	0	496	496	96	424	264	264	504	208
86	0	0	0	0	0	184	488	352	96	312	456	232	504	80	40	224	80	504	400	48
87	0	0	0	0	0	440	32	0	272	240	136	400	272	0	280	160	208	344	176	112
88	0	0	0	0	0	424	160	264	104	176	216	496	32	240	32	488	64	104	56	192
89	0	0	0	0	0	312	464	512	0	272	360	80	504	96	320	16	128	264	512	80
90	0	0	0	0	0	144	408	456	424	0	224	200	112	424	0	136	176	0	136	200
91	0	0	0	8	8	208	128	288	248	256	80	504	496	8	312	224	56	88	360	128
92	8	0	0	0	0	480	264	64	112	232	136	216	312	176	64	272	40	384	16	0
93	0	0	8	0	0	504	88	440	160	168	144	520	0	352	416	384	448	264	48	320
94	0	0	0	0	0	64	0	0	400	40	8	296	40	200	464	504	0	504	24	208
95	0	0	0	0	0	16	72	440	392	288	432	504	96	504	176	488	304	296	0	56
96	0	0	0	0	0	96	72	200	16	192	504	96	64	56	64	504	168	168	432	496
97	0	0	0	0	0	456	80	128	80	416	72	272	0	0	216	360	496	160	496	240
98	0	0	0	0	0	352	168	352	72	264	208	200	40	360	48	80	136	200	480	0
99	0	0	0	0	0	184	0	0	488	424	320	0	0	288	88	0	160	144	464	256
100	0	8	0	0	0	8	456	296	448	264	304	288	480	320	88	456	184	232	256	72
101	0	0	0	0	0	424	152	248	0	0	104	424	400	352	104	288	184	40	384	328
102	0	0	0	0	0	248	120	184	224	336	224	408	24	56	168	80	0	160	344	72
103	0	0	0	0	0	280	496	232	104	360	360	280	416	240	376	88	64	264	160	416
104	0	0	0	0	0	320	80	200	336	416	0	440	0	0	336	232	200	192	456	344
105	0	0	0	0	0	40	200	120	72	288	464	104	56	392	504	328	168	8	448	0
106	8	0	0	0	0	488	160	184	168	64	328	128	496	496	480	0	336	312	384	144
107	0	0	0	0	0	240	504	48	400	376	288	296	384	320	392	312	128	152	192	504
108	0	0	0	8	8	200	296	128	216	16	104	32	312	304	320	64	360	48	0	32
109	0	0	0	0	0	280	456	88	224	0	0	0	192	184	464	104	192	112	232	176
110	0	0	8	0	0	480	400	176	0	104	272	208	72	264	216	304	336	400	488	232
111	0	0	0	0	0	56	216	504	336	272	504	288	224	288	256	208	504	400	232	312
112	0	8	0	0	0	232	88	168	472	424	448	0	320	160	384	424	48	0	296	264
113	0	0	0	0	0	184	296	232	328	448	248	376	0	432	480	456	152	80	328	312
114	0	0	0	0	0	272	296	72	400	368	240	344	328	88	96	408	288	0	512	136
115	0	0	0	0	0	72	480	320	344	256	48	24	480	0	440	96	480	448	160	168
116	0	0	0	0	0	88	80	528	0	192	184	232	360	448	176	304	24	80	80	96
117	0	0	0	0	0	504	0	288	168	200	424	192	152	232	120	72	456	160	104	0
118	0	0	0	0	0	424	120	216	0	56	496	496	168	88	496	504	480	104	208	72
119	8	0	0	0	0	120	360	368	456	56	328	152	216	456	424	320	264	224	0	432
120	0	0	0	0	0	272	176	272	512	512	144	304	192	336	0	248	96	520	176	144
avg	0.533333	0.533333	0.4	0.4	0.4	260.4	224.8	238.267	232.8	246.133	261.6	265.867	200.267	243.6	227.867	249.467	250.533	203.067	255.6	232
delay	9.5	3	43.3333	2	12	22.0261	21.8149	22.2417	13.6947	14.0693	16.5418	17.2402	16.9341	16.1412	16.4078	16.5553	18.2885	17.0709	15.6275	18.9075
loss	0	0	0	0	0	0	0	0	0	0	0	0	0	0	0	0	0	0	0	0
Command ['/home/ubuntu/ns-3.30-obss/build/scratch/simple-ofdma-adhoc3', '--ofdmaEnabled=false', '--rtscts=1', '--startTime=60', '--totalTime=120', '--dataMode=HeMcs2', '--datarate=5e5', '--clNum=20', '--ratio=0.375', '--RngRun=12'] terminated with signal SIGSEGV. Run it under a debugger to get more information (./waf --run <program> --command-template="gdb --args %s <args>").
