Waf: Entering directory `/home/ubuntu/ns-3.30-obss/build'
Waf: Leaving directory `/home/ubuntu/ns-3.30-obss/build'
Build commands will be stored in build/compile_commands.json
'build' finished successfully (0.716s)
--------------------------Rate[Kbps]--------------------------
Time[s]	cl-1	cl-2	cl-3	cl-4	cl-5	cl-6	cl-7	cl-8	cl-9	cl-10	cl-11	cl-12	cl-13	cl-14	cl-15	cl-16	cl-17	cl-18	cl-19	cl-20
60	16	16	10.8	16.8	18.2	16.6	12.2	11	13.6	15.2	16	15	14.6	11.8	13.4	14.2	11.8	12.6	12.8	15.6
61	0	0	0	0	0	104	0	288	320	0	312	416	240	56	208	448	112	80	160	360
62	0	0	0	0	0	264	280	192	168	368	224	112	0	0	104	192	208	328	112	320
63	0	0	0	0	0	128	240	0	192	168	288	16	64	344	408	280	440	176	376	8
64	0	0	0	0	0	296	272	200	248	56	384	480	64	408	0	248	432	80	0	440
65	0	0	0	0	0	224	64	24	336	248	320	376	192	272	304	0	120	376	352	304
66	0	0	0	0	0	80	392	328	152	288	48	176	8	64	416	272	288	192	272	360
67	0	0	0	0	0	16	232	248	8	48	320	408	160	304	424	184	0	64	240	0
68	0	0	0	0	0	24	352	48	48	464	368	32	80	192	0	0	400	520	296	272
69	0	0	0	0	0	376	128	408	40	136	0	72	248	320	40	192	352	360	56	400
70	0	0	0	0	0	208	208	248	280	32	88	232	336	496	160	464	384	136	448	224
71	0	0	0	0	0	176	240	192	184	160	320	448	80	232	408	184	208	184	320	208
72	0	0	0	0	0	296	280	352	288	192	0	248	0	232	88	224	288	272	152	472
73	0	0	0	0	0	224	336	96	64	368	264	392	104	232	280	344	352	32	440	24
74	8	0	0	0	8	136	80	424	176	416	0	200	376	80	376	472	464	144	208	96
75	0	0	0	0	0	136	48	184	504	0	272	176	432	168	32	288	80	152	384	272
76	0	0	0	8	0	0	240	0	376	296	384	512	144	0	0	488	96	0	216	208
77	0	0	0	0	0	248	240	112	0	304	152	144	192	64	88	0	384	264	720	304
78	0	8	0	0	0	264	248	32	184	304	168	200	488	88	40	280	360	320	128	328
79	0	0	0	0	0	136	336	288	0	72	192	528	312	520	400	0	336	112	376	48
80	0	0	0	0	0	0	24	248	280	424	112	128	400	256	320	200	232	16	416	456
81	0	0	8	0	0	80	208	224	448	104	280	224	232	320	0	464	176	400	160	344
82	0	0	0	0	0	480	144	136	8	0	424	312	288	160	400	176	24	144	192	56
83	0	0	0	0	0	64	304	168	208	416	112	120	16	48	0	88	152	0	360	536
84	0	0	0	0	0	40	360	120	352	280	104	104	56	160	192	240	40	344	240	448
85	0	0	0	0	0	40	56	200	544	232	128	160	536	0	80	24	0	472	48	0
86	0	0	0	0	0	0	320	112	272	424	456	168	296	232	664	32	312	0	56	192
87	0	0	0	0	0	384	0	0	568	8	368	72	280	32	352	416	416	16	216	216
88	0	0	0	0	8	0	264	288	176	432	216	328	56	64	40	368	0	336	280	272
89	8	0	0	0	0	104	104	40	160	168	0	376	232	392	336	392	256	136	424	120
90	0	0	0	0	0	104	0	384	16	0	136	392	320	104	264	176	152	392	96	96
91	0	0	0	0	0	376	104	160	88	368	464	160	128	368	8	192	376	216	0	0
92	0	0	0	0	0	224	328	376	96	416	48	240	0	440	24	168	88	40	216	528
93	0	0	0	0	0	352	248	128	336	56	8	504	376	80	360	72	496	504	368	176
94	0	0	0	8	0	8	104	304	184	24	80	528	0	144	200	152	280	520	56	168
95	0	0	0	0	0	0	512	440	368	336	536	336	48	80	0	432	136	200	168	168
96	0	0	0	0	0	88	216	144	320	304	456	128	0	352	184	264	240	440	440	320
97	0	8	0	0	0	112	0	400	80	280	240	0	248	120	440	368	152	352	176	24
98	0	0	0	0	0	320	192	24	440	80	0	272	232	440	160	440	272	184	400	504
99	0	0	0	0	0	272	80	152	384	480	344	112	336	224	224	0	264	0	408	296
100	0	0	0	0	0	416	88	0	424	280	424	0	472	80	448	240	480	424	0	240
101	0	0	0	0	0	24	128	208	72	192	104	456	0	184	224	536	248	464	248	512
102	8	0	0	0	0	48	336	296	0	264	120	280	24	328	456	40	88	24	144	24
103	0	0	0	0	0	280	280	176	152	120	192	8	176	368	272	288	128	40	144	272
104	0	0	0	0	0	296	80	16	448	328	56	16	288	0	232	352	408	256	488	456
105	0	0	0	0	0	88	16	16	136	400	96	0	0	448	552	448	224	8	80	24
106	0	0	0	0	0	432	224	448	456	128	392	24	40	352	0	64	0	256	256	240
107	0	0	0	0	0	176	0	0	0	256	112	16	72	496	48	256	552	552	248	80
108	0	0	0	0	0	0	288	248	280	112	0	112	184	432	464	312	464	88	232	320
109	0	0	0	0	0	384	504	208	440	432	136	128	16	456	88	512	72	0	112	0
110	0	0	0	8	0	0	120	288	0	40	280	120	312	136	200	296	496	152	448	448
111	0	0	0	0	0	176	224	32	208	72	272	432	264	256	160	144	192	440	336	216
112	0	0	8	0	0	488	112	384	0	424	128	216	72	280	0	96	0	296	224	368
113	0	0	0	0	0	160	280	280	176	328	320	192	248	288	328	0	368	0	0	336
114	0	8	0	0	0	136	80	32	40	368	456	320	80	24	464	56	416	408	272	208
115	0	0	0	0	0	32	8	0	552	384	216	0	120	312	64	72	16	304	328	384
116	0	0	0	0	0	480	48	72	272	168	8	440	64	448	40	16	320	0	16	288
117	8	0	0	0	0	328	80	0	168	224	320	288	296	320	96	256	312	376	392	96
118	0	0	0	0	0	264	48	280	312	192	232	200	248	0	536	424	128	304	32	112
119	0	0	0	0	0	248	24	248	424	152	360	0	376	120	304	288	392	288	200	248
120	0	0	0	0	0	264	328	72	120	416	208	80	96	328	240	352	168	72	56	0
avg	0.533333	0.4	0.266667	0.4	0.266667	185.067	184.667	183.6	226.267	233.867	217.467	219.333	184.133	229.067	220.667	237.867	247.333	220.933	237.2	240.667
delay	4.25	2.66667	4.5	4.33333	9	24.3377	34.8737	22.7373	16.1414	18.0684	34.2213	40.2766	13.9377	16.2264	42.0441	16.8919	35.7315	32.304	23.8196	27.2244
loss	0	0	0.333333	0	0.333333	0.351843	0.339056	0.366728	0.209595	0.189838	0.188557	0.214047	0.204035	0.198694	0.1915	0.203125	0.204886	0.181639	0.196477	0.194915
Command ['/home/ubuntu/ns-3.30-obss/build/scratch/simple-ofdma-adhoc2', '--ofdmaEnabled=true', '--startTime=60', '--totalTime=120', '--dataMode=HeMcs4', '--datarate=6e5', '--clNum=20', '--ratio=0.375', '--RngRun=131'] terminated with signal SIGSEGV. Run it under a debugger to get more information (./waf --run <program> --command-template="gdb --args %s <args>").
