Waf: Entering directory `/home/ubuntu/ns-3.30-obss/build'
Waf: Leaving directory `/home/ubuntu/ns-3.30-obss/build'
Build commands will be stored in build/compile_commands.json
'build' finished successfully (0.748s)
--------------------------Rate[Kbps]--------------------------
Time[s]	cl-1	cl-2	cl-3	cl-4	cl-5	cl-6	cl-7	cl-8	cl-9	cl-10	cl-11	cl-12	cl-13	cl-14	cl-15	cl-16	cl-17	cl-18	cl-19	cl-20
60	15.8	16.2	15.6	14	14	15.6	15	12.8	14.8	13	15.6	17	15	12.4	17	11.4	14.4	16.4	15.8	14.6
61	0	0	0	0	0	88	0	16	0	0	0	152	0	128	176	0	0	56	152	88
62	0	0	0	0	0	40	120	40	32	16	16	80	184	32	120	88	16	168	176	200
63	0	0	0	0	0	32	192	32	104	200	200	16	144	144	176	200	160	160	128	56
64	0	0	0	0	0	40	32	168	200	96	144	0	16	152	40	24	48	136	200	0
65	0	0	0	0	0	160	80	168	144	208	80	80	48	0	200	128	192	0	120	24
66	0	0	0	0	0	152	176	144	16	64	192	16	184	104	144	72	160	104	56	184
67	0	0	0	0	0	80	96	192	8	24	16	8	48	120	176	56	152	64	0	176
68	0	0	0	0	0	144	0	128	56	0	80	200	152	56	120	56	0	0	48	112
69	0	0	0	0	0	88	144	184	80	72	56	64	16	104	168	120	48	184	16	0
70	0	0	0	0	0	16	192	96	40	128	184	56	144	152	56	72	104	168	152	144
71	0	0	0	0	0	24	160	192	128	88	72	16	48	192	176	0	152	72	200	72
72	0	0	0	0	0	160	0	200	0	80	0	8	56	96	24	160	168	144	104	0
73	0	0	0	8	0	104	128	200	8	128	144	168	0	40	88	56	0	96	152	32
74	0	0	0	0	0	120	192	24	0	0	200	24	40	120	16	16	16	48	168	152
75	0	0	0	0	0	8	72	8	112	80	32	88	72	8	112	64	104	0	72	80
76	0	0	0	0	0	136	120	64	88	88	200	152	0	200	120	136	0	40	32	80
77	0	0	0	0	8	200	136	0	168	40	16	160	32	168	136	88	24	80	88	0
78	0	0	0	0	0	128	80	0	192	96	72	8	40	184	40	0	0	64	152	104
79	8	8	8	0	0	32	96	56	144	200	72	0	160	128	0	192	40	0	16	200
80	0	0	0	0	0	120	96	136	112	128	88	168	184	24	88	192	0	32	184	104
81	0	0	0	0	0	168	16	8	64	192	0	96	56	96	0	200	144	128	144	88
82	0	0	0	0	0	192	56	200	104	192	120	16	96	120	40	152	152	48	184	136
83	0	0	0	0	0	72	64	8	56	160	104	16	80	144	128	208	200	112	24	16
84	0	0	0	0	0	136	184	176	32	80	0	200	200	0	56	40	72	144	104	40
85	0	0	0	0	0	56	88	152	0	200	128	40	64	40	104	24	72	160	120	0
86	0	0	0	0	0	160	128	208	112	144	160	112	128	128	192	200	192	24	32	64
87	0	0	0	8	0	0	56	88	136	0	56	96	0	120	16	80	104	96	104	136
88	0	0	0	0	0	112	48	96	112	24	0	184	64	0	208	112	176	200	192	80
89	0	0	0	0	0	152	200	0	96	200	184	0	40	40	96	88	48	72	128	48
90	0	0	0	0	0	0	96	72	200	128	88	152	24	24	0	64	8	64	96	152
91	0	0	0	0	0	136	56	168	120	16	88	192	136	144	184	120	0	8	152	112
92	0	8	0	0	8	184	120	128	56	40	80	168	0	104	88	32	72	80	120	192
93	8	0	0	0	0	128	200	72	64	96	48	160	64	136	96	64	40	104	56	144
94	0	0	0	0	0	0	128	208	88	168	72	176	120	56	24	56	192	80	72	176
95	0	0	0	0	0	120	144	128	0	56	16	152	152	200	200	200	200	40	24	56
96	0	0	0	0	0	152	200	80	160	184	0	24	128	200	160	88	72	64	72	8
97	0	0	0	0	0	96	56	48	80	136	96	0	48	192	0	0	0	144	40	160
98	0	0	8	0	0	104	200	192	72	72	64	144	128	0	24	96	176	200	192	0
99	0	0	0	0	0	32	72	88	128	16	200	168	200	168	0	136	32	176	24	168
100	0	0	0	0	0	184	80	200	200	128	64	120	128	88	72	176	48	0	8	168
101	0	0	0	0	0	144	192	112	40	48	64	32	184	104	104	128	136	160	88	64
102	0	0	0	0	0	8	72	40	104	32	168	88	32	40	32	48	200	32	88	16
103	0	0	0	0	8	160	160	32	192	32	136	0	80	48	96	176	16	48	48	32
104	0	0	0	0	0	192	80	8	80	136	32	72	64	32	200	64	120	184	200	104
105	0	0	0	0	0	80	40	176	168	0	192	40	192	72	112	200	56	120	144	56
106	0	0	0	8	0	40	104	128	64	72	144	160	0	152	200	152	0	208	0	40
107	8	8	0	0	0	56	56	0	24	24	104	200	40	80	112	0	16	40	168	0
108	0	0	0	0	0	16	184	32	144	192	200	32	48	0	0	72	24	128	168	176
109	0	0	0	0	0	24	104	40	104	144	80	56	56	88	64	32	144	32	104	200
110	0	0	0	0	0	24	56	168	120	160	192	152	96	104	128	200	88	56	200	48
111	0	0	0	0	0	104	192	96	40	144	112	88	160	16	200	24	168	192	112	16
112	0	0	0	0	0	24	96	0	104	192	200	0	0	128	80	200	200	88	104	184
113	0	0	0	0	0	56	32	16	160	32	176	0	176	168	152	72	64	192	0	112
114	0	0	0	0	0	96	128	168	200	104	176	136	160	8	192	72	0	144	64	8
115	0	0	8	0	0	72	184	176	152	0	80	200	24	40	16	8	152	200	192	200
116	0	0	0	0	0	128	80	104	0	96	32	152	184	16	8	144	112	64	152	120
117	0	0	0	0	0	168	48	112	176	72	0	72	56	200	16	64	96	24	16	200
118	0	0	0	0	0	120	8	200	160	200	176	64	24	16	96	136	80	184	176	192
119	0	0	0	0	0	80	112	72	0	144	136	104	24	80	176	160	8	192	136	168
120	0	0	0	0	8	160	136	24	200	64	0	32	184	192	40	144	176	80	144	96
(1,12167)	(2,215)	(3,0)	(4,0)	
(1,2605)	(2,20)	(3,0)	(4,0)	
(1,3161)	(2,12)	(3,0)	(4,0)	
(1,3088)	(2,34)	(3,0)	(4,0)	
(1,3126)	(2,63)	(3,0)	(4,0)	
(1,2485)	(2,31)	(3,0)	(4,0)	
(1,1)	(2,0)	(3,0)	(4,0)	
(1,1)	(2,0)	(3,0)	(4,0)	
(1,1)	(2,0)	(3,0)	(4,0)	
(1,1)	(2,0)	(3,0)	(4,0)	
(1,1)	(2,0)	(3,0)	(4,0)	
(1,1)	(2,0)	(3,0)	(4,0)	
(1,1)	(2,0)	(3,0)	(4,0)	
(1,1)	(2,0)	(3,0)	(4,0)	
(1,1)	(2,0)	(3,0)	(4,0)	
(1,1)	(2,0)	(3,0)	(4,0)	
(1,1)	(2,0)	(3,0)	(4,0)	
(1,1)	(2,0)	(3,0)	(4,0)	
(1,1)	(2,0)	(3,0)	(4,0)	
(1,1)	(2,0)	(3,0)	(4,0)	
(1,1)	(2,0)	(3,0)	(4,0)	
avg	0.4	0.4	0.4	0.4	0.533333	96.8	106.133	101.2	95.7333	97.6	97.2	89.3333	86.8	95.6	98.1333	99.2	87.3333	98.8	106.8	96.4
delay	0.333333	0.333333	0.333333	0.333333	1	1.73453	1.68342	1.80237	1.17967	1.08197	1.0727	1.10448	1.16436	18.9874	1.17391	1.08871	1.13435	1.07962	1.13109	1.11065
loss	0	0	0	0	0	0.0254692	0.0184957	0.0343511	0.0244565	0.00947226	0.00545703	0.00740741	0.0121396	0.0231608	0.0186667	0.00667557	0.00455927	0.0146277	0.00988875	0.0109439
Command ['/home/ubuntu/ns-3.30-obss/build/scratch/simple-ofdma-adhoc4', '--ofdmaEnabled=true', '--startTime=60', '--totalTime=120', '--dataMode=HeMcs6', '--datarate=2e5', '--clNum=20', '--ratio=0.375', '--RngRun=3'] terminated with signal SIGSEGV. Run it under a debugger to get more information (./waf --run <program> --command-template="gdb --args %s <args>").
