Waf: Entering directory `/home/ubuntu/ns-3.30-obss/build'
Waf: Leaving directory `/home/ubuntu/ns-3.30-obss/build'
Build commands will be stored in build/compile_commands.json
'build' finished successfully (0.717s)
--------------------------Rate[Kbps]--------------------------
Time[s]	cl-1	cl-2	cl-3	cl-4	cl-5	cl-6	cl-7	cl-8	cl-9	cl-10	cl-11	cl-12	cl-13	cl-14	cl-15	cl-16	cl-17	cl-18	cl-19	cl-20
60	15.8	16.2	15.6	14	14	15.6	14.6	12.8	14.8	13	15.8	16.8	15	12.4	17	11.2	14.4	16.6	15.8	14.8
61	0	0	0	0	0	216	0	0	0	0	0	328	0	248	392	0	0	32	264	128
62	0	0	0	0	0	0	32	32	0	0	0	280	144	192	240	16	16	296	376	280
63	0	0	0	0	0	24	128	32	40	168	112	0	160	88	168	184	64	184	296	192
64	0	0	0	0	0	8	120	24	240	152	224	16	112	136	80	88	112	136	160	0
65	0	0	0	0	0	64	0	240	296	192	48	0	0	112	136	48	72	56	256	0
66	0	0	0	0	0	96	128	96	64	80	128	72	104	8	96	240	288	0	56	144
67	0	0	0	0	0	208	168	200	0	0	104	0	144	112	168	0	112	120	8	152
68	0	0	0	0	0	72	0	176	8	0	0	176	48	288	392	160	112	0	48	272
69	0	0	0	0	0	272	40	128	176	144	136	216	208	88	96	40	0	120	24	0
70	0	0	0	0	0	0	120	104	0	8	256	64	72	56	200	256	88	256	96	72
71	0	0	0	0	0	8	136	56	200	104	248	0	176	192	144	0	184	56	248	80
72	0	0	0	0	0	72	64	176	0	24	0	40	112	288	88	0	184	288	264	64
73	0	0	0	0	0	88	8	216	0	320	8	128	48	0	176	184	152	64	56	0
74	0	0	0	0	0	168	160	80	8	48	272	136	0	88	32	0	0	96	288	152
75	0	0	0	0	0	32	184	0	48	208	208	0	64	0	352	0	184	0	408	120
76	0	0	0	0	0	8	144	24	304	0	96	336	120	104	8	192	96	48	0	232
77	0	0	0	0	0	112	32	0	120	152	192	184	0	360	320	176	24	0	112	0
78	0	0	0	0	0	176	40	0	360	160	0	152	128	240	72	16	0	136	168	64
79	0	0	0	0	0	72	88	72	360	320	112	0	16	256	16	256	0	0	200	136
80	0	0	0	0	0	16	104	24	280	208	264	96	112	288	0	320	64	0	32	120
81	0	0	0	0	0	224	0	64	144	96	24	104	72	0	56	328	56	72	264	16
82	0	0	0	0	0	104	8	56	56	224	48	56	88	192	0	192	128	32	128	208
83	0	0	0	0	0	112	80	48	56	176	144	8	64	176	112	216	264	144	80	56
84	0	0	0	0	0	72	64	0	96	104	16	144	208	96	272	192	224	80	96	40
85	0	0	0	0	0	24	96	192	0	288	72	272	88	48	16	0	16	200	136	48
86	0	0	0	0	0	40	88	48	72	144	256	8	176	24	176	168	128	192	96	8
87	0	0	0	0	0	24	112	128	48	64	104	208	40	232	120	32	160	0	8	128
88	0	0	0	0	0	8	0	144	248	0	120	48	0	40	168	88	168	472	416	120
89	0	0	0	0	0	72	56	24	112	216	96	96	88	0	208	240	160	224	248	88
90	0	0	0	0	0	64	224	32	312	256	144	24	24	168	0	0	0	136	144	120
91	0	0	0	0	0	64	0	96	264	200	0	352	184	136	104	120	0	24	64	96
92	0	0	0	0	0	160	80	136	80	104	184	144	56	16	160	0	48	0	104	248
93	0	0	0	0	0	88	144	16	0	0	40	384	0	256	312	112	8	144	24	216
94	0	0	0	0	0	72	96	152	72	88	80	192	72	32	0	0	240	24	80	280
95	0	0	0	0	0	16	168	176	24	104	16	280	184	152	248	128	176	56	40	160
96	0	0	0	0	0	104	144	128	40	208	0	64	128	160	176	152	152	72	56	0
97	0	0	0	0	0	32	48	32	192	264	160	48	48	440	40	72	0	208	0	248
98	0	0	8	0	0	168	80	64	160	120	0	40	176	240	0	16	48	168	216	72
99	0	0	0	0	0	8	104	120	32	32	264	352	104	128	16	136	152	184	112	32
100	0	0	0	0	0	144	0	112	208	64	312	216	176	176	88	128	0	128	8	168
101	0	0	0	0	0	176	112	128	144	112	0	56	104	40	72	144	120	56	72	120
102	0	0	0	0	0	8	112	24	64	56	240	8	152	176	72	216	176	88	112	80
103	0	0	0	0	0	64	64	0	400	0	256	232	0	56	232	152	368	64	0	72
104	0	0	0	0	0	192	160	0	176	144	144	160	192	32	120	200	48	48	104	0
105	0	0	0	0	0	168	0	112	152	104	80	0	104	72	144	72	64	216	328	192
106	0	0	0	0	0	0	96	168	152	56	264	104	200	88	264	216	56	144	24	16
107	0	0	0	0	0	64	80	40	48	72	64	280	0	200	304	64	48	224	160	40
108	0	0	0	0	0	16	24	8	152	80	344	280	120	0	88	0	0	96	432	72
109	0	0	0	0	0	24	240	40	88	192	288	64	0	112	120	48	136	96	88	136
110	0	0	0	0	0	0	32	96	200	232	176	104	56	104	32	288	16	0	336	216
111	0	0	0	0	0	16	56	72	104	96	184	168	168	168	184	168	152	192	160	0
112	0	0	0	0	0	96	160	80	0	120	208	0	88	120	232	144	240	80	216	104
113	0	0	0	0	0	16	0	0	472	248	264	0	40	176	72	128	96	312	8	288
114	0	0	0	0	0	112	40	80	232	56	120	40	160	216	200	88	64	112	0	64
115	0	0	0	0	0	0	216	120	192	24	32	216	72	0	72	24	112	288	152	200
116	0	0	0	0	0	176	136	112	16	48	40	112	112	32	56	88	224	128	208	192
117	0	0	0	0	0	80	48	8	112	56	88	256	224	184	0	136	64	8	120	216
118	0	0	0	0	0	64	40	144	240	280	96	16	16	120	16	160	64	216	88	216
119	0	0	0	0	0	160	8	120	48	160	184	64	56	0	176	128	88	192	176	136
120	0	0	0	0	0	64	112	0	112	208	56	0	200	264	112	152	160	160	88	264
(1,1519)	(2,14)	(3,0)	(4,5600)	
(1,1516)	(2,843)	(3,0)	(4,153)	
(1,1629)	(2,1202)	(3,0)	(4,250)	
(1,1679)	(2,1110)	(3,0)	(4,237)	
(1,1546)	(2,1106)	(3,0)	(4,299)	
(1,1017)	(2,635)	(3,0)	(4,146)	
(1,1)	(2,0)	(3,0)	(4,0)	
(1,1)	(2,0)	(3,0)	(4,0)	
(1,1)	(2,0)	(3,0)	(4,0)	
(1,1)	(2,0)	(3,0)	(4,0)	
(1,1)	(2,0)	(3,0)	(4,0)	
(1,1)	(2,0)	(3,0)	(4,0)	
(1,1)	(2,0)	(3,0)	(4,0)	
(1,1)	(2,0)	(3,0)	(4,0)	
(1,1)	(2,0)	(3,0)	(4,0)	
(1,1)	(2,0)	(3,0)	(4,0)	
(1,1)	(2,0)	(3,0)	(4,0)	
(1,1)	(2,0)	(3,0)	(4,0)	
(1,1)	(2,0)	(3,0)	(4,0)	
(1,1)	(2,0)	(3,0)	(4,0)	
(1,1)	(2,0)	(3,0)	(4,0)	
avg	0	0	0.133333	0	0	80.1333	83.7333	80	130.4	123.067	126.933	123.733	96.8	133.6	133.6	118.533	102.933	119.467	142.533	119.733
delay	0	0	505	0	0	508.184	532.084	537.33	520.704	518.88	517.962	492.448	524.047	501.604	493.589	519.937	527.239	522.988	504.863	506.878
loss	0	0	0.5	0	0	0.791551	0.802821	0.806202	0.653126	0.682709	0.666082	0.65386	0.71423	0.65956	0.662967	0.696038	0.694587	0.684618	0.663108	0.67628
Command ['/home/ubuntu/ns-3.30-obss/build/scratch/simple-ofdma-adhoc4', '--ofdmaEnabled=true', '--startTime=60', '--totalTime=120', '--dataMode=HeMcs0', '--datarate=9e5', '--clNum=20', '--ratio=0.375', '--RngRun=3'] terminated with signal SIGSEGV. Run it under a debugger to get more information (./waf --run <program> --command-template="gdb --args %s <args>").
