Waf: Entering directory `/home/ubuntu/ns-3.30-obss/build'
Waf: Leaving directory `/home/ubuntu/ns-3.30-obss/build'
Build commands will be stored in build/compile_commands.json
'build' finished successfully (0.703s)
--------------------------Rate[Kbps]--------------------------
Time[s]	cl-1	cl-2	cl-3	cl-4	cl-5	cl-6	cl-7	cl-8	cl-9	cl-10	cl-11	cl-12	cl-13	cl-14	cl-15	cl-16	cl-17	cl-18	cl-19	cl-20
60	15.6	12.6	17.2	18	13.4	15.6	14.4	16.6	14.2	14.2	14.6	12.8	12.4	11.6	14.8	15.2	14.4	14	18.4	14.2
61	0	0	0	0	0	0	112	224	216	48	232	0	48	0	168	288	112	8	56	8
62	0	0	0	0	0	24	56	96	280	256	352	184	328	120	56	112	80	56	152	376
63	0	0	0	0	0	8	144	144	88	264	264	232	56	184	224	184	184	48	192	16
64	0	0	0	0	0	120	176	112	120	80	336	96	152	384	0	72	48	96	360	128
65	0	0	0	0	0	160	32	40	232	16	304	288	16	152	56	24	56	112	160	24
66	0	0	0	0	0	0	264	16	320	104	72	256	80	48	120	296	184	224	176	200
67	0	0	0	0	0	120	32	88	120	32	240	168	248	0	304	144	0	296	176	40
68	0	0	0	0	0	16	0	192	128	144	160	192	0	360	72	352	288	56	224	168
69	0	0	0	0	0	56	56	0	40	0	200	0	352	112	64	216	376	0	200	176
70	0	0	0	0	0	120	72	0	128	112	64	152	320	8	368	304	376	96	16	64
71	0	0	0	0	0	184	0	168	408	56	176	136	0	16	64	192	184	88	0	0
72	0	0	0	0	0	208	56	128	0	320	200	144	56	0	360	136	120	32	192	32
73	0	0	0	0	0	32	136	0	240	272	0	360	120	320	48	40	248	88	24	264
74	0	0	0	0	0	128	0	80	320	40	104	272	152	120	0	280	0	336	200	224
75	0	0	0	0	8	40	160	240	112	264	152	0	0	112	288	0	88	64	120	0
76	0	8	8	0	0	224	112	160	248	296	304	64	64	32	192	40	72	264	0	80
77	8	0	0	0	0	88	160	160	352	88	56	304	40	16	192	8	304	176	288	128
78	0	0	0	0	0	0	320	0	336	48	0	0	232	168	8	0	80	24	184	264
79	0	0	0	0	0	112	32	72	312	56	168	160	80	376	24	232	16	56	184	72
80	0	0	0	0	0	0	32	152	0	272	192	264	200	192	128	240	160	320	168	280
81	0	0	0	0	0	48	88	96	192	168	472	264	64	232	0	96	136	264	40	280
82	0	0	0	0	0	152	152	112	216	0	256	0	168	0	192	144	104	288	296	240
83	0	0	0	0	0	176	56	192	160	152	48	48	64	232	152	48	96	112	280	56
84	0	0	0	8	0	72	112	112	264	200	0	80	112	224	320	64	256	48	200	72
85	0	0	0	0	0	192	16	96	248	224	152	40	256	0	16	256	0	16	248	136
86	0	0	0	0	0	80	192	32	320	296	368	232	152	8	80	0	88	240	16	256
87	0	0	0	0	0	56	24	136	96	136	64	264	192	320	240	224	264	280	112	8
88	0	0	0	0	8	120	80	96	0	288	64	288	152	256	88	192	64	64	0	304
89	0	0	0	0	0	112	8	48	256	224	296	208	296	96	200	8	312	224	24	216
90	0	0	0	0	0	80	24	0	184	416	384	224	376	0	96	336	88	0	144	64
91	8	0	8	0	0	8	80	168	32	176	272	0	232	208	136	208	224	224	0	120
92	0	0	0	0	0	248	224	72	152	232	240	72	144	48	72	112	304	112	16	24
93	0	0	0	0	0	88	104	152	256	176	184	232	104	272	128	48	16	272	248	0
94	0	8	0	0	0	136	72	248	64	232	0	40	216	8	40	224	312	160	208	160
95	0	0	0	0	0	176	96	32	112	232	240	256	120	48	120	248	272	176	104	120
96	0	0	0	8	0	80	120	64	0	104	360	336	216	96	0	64	200	192	208	296
97	0	0	0	0	0	48	176	72	72	0	176	128	216	0	32	280	264	232	144	64
98	0	0	0	0	0	128	24	152	272	72	256	216	0	96	368	248	24	168	40	128
99	0	0	0	0	0	176	56	0	0	16	392	248	224	128	216	200	144	40	32	160
100	0	0	0	0	0	40	152	104	192	56	176	240	32	160	0	192	56	264	256	264
101	0	0	0	0	0	32	16	120	152	88	32	256	248	168	200	248	40	208	184	192
102	0	0	0	0	0	152	192	136	168	64	152	96	192	288	168	296	200	24	0	0
103	0	0	0	0	0	160	56	176	32	0	192	304	280	160	144	0	280	272	176	112
104	0	0	0	0	0	72	40	64	376	288	392	168	240	88	296	216	0	168	16	328
105	0	0	0	0	0	120	168	104	232	264	88	0	200	152	88	176	32	112	128	216
106	0	8	0	0	8	152	192	144	112	80	104	32	16	232	152	216	88	56	272	192
107	0	0	0	0	0	160	176	184	248	72	296	152	88	40	192	32	184	392	40	8
108	0	0	0	0	0	128	200	176	8	32	80	192	176	56	64	216	320	136	224	160
109	8	0	0	0	0	104	128	8	16	112	256	24	312	304	104	280	192	152	184	112
110	0	0	0	0	0	240	160	24	224	256	120	264	40	0	144	0	328	192	192	184
111	0	0	0	0	0	104	0	48	176	304	200	168	368	192	336	248	272	32	296	120
112	0	0	0	0	0	80	80	152	216	104	216	0	184	368	152	88	0	120	184	80
113	0	0	8	0	0	80	48	0	368	0	368	192	344	112	0	128	256	376	0	0
114	0	0	0	0	0	112	0	112	248	272	296	24	192	48	208	192	168	80	160	112
115	0	0	0	0	0	64	32	120	288	232	40	304	80	240	240	272	24	232	120	24
116	0	0	0	0	0	40	32	48	152	56	224	240	256	192	232	248	408	344	0	352
117	0	0	0	0	0	176	32	40	48	192	96	272	272	56	352	392	160	80	64	64
118	0	0	0	0	0	0	0	0	72	0	328	272	232	0	464	216	16	168	248	384
119	0	0	0	0	0	0	144	88	0	80	288	24	272	232	152	200	280	136	328	216
120	0	0	0	0	0	136	152	104	160	120	232	248	264	0	96	80	296	72	16	0
avg	0.4	0.4	0.4	0.266667	0.4	99.4667	94.2667	98.4	173.067	146.4	199.6	165.333	168.933	134.667	150.267	168.267	162.4	152.8	142	139.467
delay	45.3333	200.667	10	60.5	157.333	107.864	126.57	132.467	107.686	102.2	93.8677	95.6026	91.7182	108.437	100.272	91.3073	92.7119	110.45	98.4761	107.001
loss	0	0	0	0	0	0.598176	0.595538	0.608144	0.289157	0.32371	0.240487	0.319277	0.282965	0.300138	0.255122	0.288364	0.314254	0.338329	0.328499	0.325161
Command ['/home/ubuntu/ns-3.30-obss/build/scratch/simple-ofdma-adhoc3', '--ofdmaEnabled=true', '--startTime=60', '--totalTime=120', '--dataMode=HeMcs2', '--datarate=5e5', '--clNum=20', '--ratio=0.375', '--RngRun=82'] terminated with signal SIGSEGV. Run it under a debugger to get more information (./waf --run <program> --command-template="gdb --args %s <args>").
