Waf: Entering directory `/home/ubuntu/ns-3.30-obss/build'
Waf: Leaving directory `/home/ubuntu/ns-3.30-obss/build'
Build commands will be stored in build/compile_commands.json
'build' finished successfully (0.700s)
--------------------------Rate[Kbps]--------------------------
Time[s]	cl-1	cl-2	cl-3	cl-4	cl-5	cl-6	cl-7	cl-8	cl-9	cl-10	cl-11	cl-12	cl-13	cl-14	cl-15	cl-16	cl-17	cl-18	cl-19	cl-20
60	14.8	13.2	14.4	13.8	16.4	15.8	13.4	14.2	17	15	14.8	17.2	15.2	15	19	13.4	15.6	14.4	14.2	16
61	0	0	0	0	0	72	248	64	88	184	160	384	112	64	256	120	0	32	112	0
62	0	0	0	0	0	40	64	8	264	200	136	88	376	184	352	328	152	16	144	56
63	0	0	0	0	0	0	112	200	0	184	112	0	232	32	344	288	192	208	240	32
64	0	0	0	0	0	144	160	264	144	376	104	224	136	72	120	168	72	192	312	344
65	0	0	0	0	0	136	56	168	368	144	152	168	240	64	128	56	56	280	200	376
66	0	0	0	0	0	208	200	160	40	360	144	16	160	296	272	0	264	0	32	160
67	0	0	0	0	0	152	88	32	24	352	280	136	0	168	0	320	0	224	136	248
68	0	0	0	0	0	0	152	112	144	232	200	200	104	136	160	216	256	0	128	384
69	0	0	0	0	0	88	96	0	288	312	0	288	304	0	0	80	376	232	376	224
70	0	0	0	0	0	136	88	184	104	176	152	120	264	128	192	304	144	208	256	48
71	0	0	0	0	0	0	120	192	0	0	376	456	0	344	0	0	136	240	16	112
72	0	0	0	0	0	96	200	0	240	184	112	192	264	0	128	256	200	208	320	24
73	0	0	0	0	0	56	136	144	176	128	208	208	296	176	192	328	360	224	200	216
74	0	0	0	8	0	64	320	104	200	464	112	352	224	24	80	216	296	256	424	232
75	0	0	0	0	0	216	144	280	152	136	24	112	200	24	328	120	256	296	272	272
76	0	0	0	0	0	112	0	192	80	96	216	176	208	240	152	200	24	248	360	48
77	0	0	0	0	0	104	104	64	288	176	88	120	272	296	216	24	264	0	104	216
78	0	8	0	0	0	304	120	320	224	328	192	184	352	72	88	288	160	216	8	88
79	0	0	0	0	0	152	408	344	0	232	64	208	104	0	192	320	336	280	96	112
80	0	0	8	0	0	136	328	216	344	0	120	144	0	16	336	368	288	248	0	40
81	0	0	0	0	0	48	264	192	96	176	72	200	128	344	160	184	0	64	224	232
82	0	0	0	0	0	224	272	0	280	344	0	152	64	104	112	272	152	312	0	312
83	0	0	0	0	0	184	344	112	184	264	136	368	0	256	296	32	296	48	136	152
84	0	0	0	0	0	64	280	184	264	272	32	80	120	0	304	80	184	88	360	272
85	0	0	0	0	0	152	152	184	160	168	216	152	64	288	176	208	320	232	104	64
86	0	0	0	0	0	0	344	280	168	160	392	152	200	184	144	344	240	0	40	224
87	0	0	0	0	0	152	104	176	192	208	0	272	440	0	0	104	0	8	288	120
88	0	0	0	0	0	280	208	24	80	104	552	56	368	184	200	80	248	0	208	0
89	0	0	0	0	0	112	56	0	192	96	160	0	248	232	144	384	312	376	96	232
90	8	0	0	0	0	0	96	16	152	136	240	200	288	224	0	216	168	176	40	48
91	0	8	0	0	0	176	128	136	48	168	136	224	400	136	112	328	152	0	328	320
92	0	0	0	0	0	184	200	336	288	128	0	128	224	176	248	0	0	192	0	120
93	0	0	0	8	8	304	312	80	168	24	56	376	176	264	320	264	280	208	304	0
94	0	0	0	0	0	168	120	40	8	232	120	96	0	96	296	288	376	32	192	200
95	0	0	0	0	0	328	248	176	0	256	248	296	200	176	24	296	16	112	104	304
96	0	0	8	0	0	0	232	88	184	208	24	136	208	192	112	72	320	240	296	312
97	0	0	0	0	0	56	296	32	136	272	360	0	368	0	184	8	208	128	32	208
98	0	0	0	0	0	304	224	280	288	128	248	0	32	176	184	144	88	64	128	256
99	0	0	0	0	0	184	264	152	184	40	216	240	0	296	336	48	320	96	0	328
100	0	0	0	0	0	320	0	24	152	24	96	312	0	344	40	144	176	80	112	144
101	0	0	0	0	0	216	192	168	192	240	208	88	272	296	0	48	0	0	128	120
102	0	0	0	0	0	232	64	152	112	136	32	24	256	304	328	32	264	232	464	264
103	0	0	0	0	0	112	192	104	208	0	216	0	296	200	312	320	176	0	96	272
104	0	0	0	0	0	192	368	224	184	240	136	120	352	0	152	104	40	32	0	128
105	0	0	0	0	0	240	312	376	120	56	344	120	176	328	144	136	344	168	208	112
106	8	0	0	0	0	192	296	168	320	16	384	128	296	160	344	0	232	8	176	40
107	0	8	0	0	0	168	288	136	232	0	56	272	72	0	0	264	0	152	328	128
108	0	0	0	8	8	344	168	232	152	208	152	320	208	176	224	128	72	176	72	96
109	0	0	0	0	0	104	0	40	56	88	368	152	280	368	64	0	256	0	80	80
110	0	0	0	0	0	120	208	64	0	136	192	104	176	56	336	272	0	128	0	0
111	0	0	0	0	0	264	328	248	0	0	88	0	80	104	32	24	160	224	168	288
112	0	0	8	0	0	192	0	328	280	280	192	160	88	336	72	168	0	272	24	144
113	0	0	0	0	0	416	384	208	0	64	0	216	8	336	0	0	96	88	72	376
114	0	0	0	0	0	0	152	272	344	224	112	200	144	184	256	112	328	24	184	144
115	0	0	0	0	0	104	184	280	0	48	136	56	320	248	352	256	0	240	88	80
116	0	0	0	0	0	0	256	256	232	0	288	280	0	0	128	168	256	264	0	272
117	0	0	0	0	0	176	0	144	256	192	280	280	168	96	32	128	152	232	184	96
118	0	0	0	0	0	224	64	0	64	184	224	240	176	352	88	384	160	288	0	120
119	0	8	0	0	0	296	24	104	392	40	336	272	264	160	72	32	8	88	384	216
120	0	0	0	0	0	280	288	40	88	96	208	80	176	216	192	0	320	56	272	248
avg	0.266667	0.533333	0.4	0.4	0.266667	155.467	184.267	151.733	160.4	165.333	170.133	172.133	186.4	165.467	167.6	167.867	175.867	145.6	160.933	171.733
delay	2.5	3.25	3	3.33333	4.5	29.2033	22.3357	20.4438	82.0274	41.8573	64.4248	25.7645	23.9485	19.4972	35.6675	35.1533	14.0895	18.7015	38.1798	32.2847
loss	0.333333	0	0	0	0.333333	0.240391	0.169471	0.216793	0.121256	0.121813	0.101408	0.0953048	0.0945596	0.121727	0.119131	0.115249	0.112979	0.116505	0.0911145	0.112259
Command ['/home/ubuntu/ns-3.30-obss/build/scratch/simple-ofdma-adhoc2', '--ofdmaEnabled=true', '--startTime=60', '--totalTime=120', '--dataMode=HeMcs4', '--datarate=4e5', '--clNum=20', '--ratio=0.375', '--RngRun=119'] terminated with signal SIGSEGV. Run it under a debugger to get more information (./waf --run <program> --command-template="gdb --args %s <args>").
