Waf: Entering directory `/home/ubuntu/ns-3.30-obss/build'
Waf: Leaving directory `/home/ubuntu/ns-3.30-obss/build'
Build commands will be stored in build/compile_commands.json
'build' finished successfully (0.892s)
--------------------------Rate[Kbps]--------------------------
Time[s]	cl-1	cl-2	cl-3	cl-4	cl-5	cl-6	cl-7	cl-8	cl-9
60	13.8	15.2	13.6	12.2	17.8	15	17	14	13.4
61	0	0	0	352	560	0	0	712	608
62	0	0	0	496	0	696	568	392	0
63	0	0	0	0	344	360	224	136	352
64	0	0	0	336	0	392	224	456	416
65	0	0	0	152	72	384	528	624	216
66	0	0	0	16	56	0	632	568	384
67	0	0	0	800	464	536	616	0	712
68	0	0	0	192	0	792	0	648	600
69	0	0	0	464	584	704	400	400	560
70	0	0	0	552	64	768	0	552	40
71	0	0	0	760	0	0	456	752	0
72	0	0	0	480	536	432	632	744	528
73	0	0	0	56	336	0	456	48	0
74	0	0	0	648	432	176	0	48	112
75	0	0	0	800	424	0	664	16	0
76	0	0	0	264	16	608	216	736	296
77	0	0	0	720	648	680	24	640	376
78	0	0	0	752	608	0	176	0	512
79	0	0	0	768	352	624	16	624	488
80	0	0	0	0	792	360	184	456	680
81	0	0	0	224	360	0	536	440	624
82	0	0	0	0	0	376	0	248	392
83	0	0	0	640	248	216	240	600	800
84	0	0	0	408	432	40	768	472	648
85	0	0	0	504	336	768	680	32	0
86	0	0	0	664	800	0	72	616	24
87	0	0	0	640	728	336	528	152	144
88	0	0	0	80	544	784	688	440	576
89	0	0	0	336	0	400	600	0	464
90	0	0	0	352	144	728	504	568	624
91	0	0	0	608	112	784	800	664	240
92	0	0	0	800	776	208	144	200	616
93	0	0	0	128	672	648	368	0	176
94	0	0	0	640	272	352	672	456	440
95	0	0	0	600	16	568	344	0	120
96	0	0	0	488	64	512	0	632	600
97	0	0	0	88	224	0	448	216	24
98	0	0	0	168	592	728	0	544	40
99	0	0	0	800	328	288	744	464	800
100	0	0	0	520	688	32	112	208	656
101	0	0	0	528	152	0	800	768	0
102	0	0	0	440	48	416	168	256	88
103	0	0	0	664	496	0	472	344	800
104	0	0	0	136	488	672	592	480	648
105	0	0	0	0	320	520	208	200	472
106	0	0	0	328	424	224	632	800	624
107	0	0	0	656	608	624	472	440	336
108	0	0	0	536	336	592	0	384	720
109	0	0	0	624	360	56	120	296	32
110	0	0	0	752	136	760	592	568	0
111	0	0	0	168	0	0	616	496	304
112	0	0	0	720	568	112	352	184	368
113	0	0	0	568	224	112	600	480	104
114	0	0	0	0	432	288	776	320	360
115	0	0	0	480	432	408	344	368	792
116	0	0	0	464	728	656	224	552	0
117	0	0	0	424	272	0	160	512	24
118	0	0	0	488	264	192	632	488	144
119	0	0	0	200	376	152	264	464	560
120	0	0	0	800	40	0	136	0	736
(1,16962)	(2,514)	(3,0)	(4,1)	
(1,5921)	(2,73)	(3,0)	(4,0)	
(1,5520)	(2,93)	(3,0)	(4,4)	
(1,5780)	(2,78)	(3,0)	(4,0)	
(1,1)	(2,0)	(3,0)	(4,0)	
(1,1)	(2,0)	(3,0)	(4,0)	
(1,1)	(2,0)	(3,0)	(4,0)	
(1,1)	(2,0)	(3,0)	(4,0)	
(1,1)	(2,0)	(3,0)	(4,0)	
(1,1)	(2,0)	(3,0)	(4,0)	
avg	0	0	0	437.867	338.8	351.067	373.733	398.4	366.667
delay	0.246377	0.25	0.25	1.47838	1.87288	1.70642	1.75633	1.68675	1.532
loss	0	0	0	0.0102471	0.0147344	0.0251759	0.0192442	0.00862641	0.0100792
Command ['/home/ubuntu/ns-3.30-obss/build/scratch/simple-ofdma-adhoc4', '--ofdmaEnabled=true', '--startTime=60', '--totalTime=120', '--dataMode=HeMcs3', '--datarate=8e5', '--ratio=0.375', '--RngRun=43', '--locationFile=my-simulations/8_ofdma7/txt/locationFile32.txt', '--routingFile=my-simulations/8_ofdma7/txt/routingFile32.txt'] terminated with signal SIGSEGV. Run it under a debugger to get more information (./waf --run <program> --command-template="gdb --args %s <args>").
