Waf: Entering directory `/home/ubuntu/ns-3.30-obss/build'
Waf: Leaving directory `/home/ubuntu/ns-3.30-obss/build'
Build commands will be stored in build/compile_commands.json
'build' finished successfully (0.825s)
--------------------------Rate[Kbps]--------------------------
Time[s]	cl-1	cl-2	cl-3	cl-4	cl-5	cl-6	cl-7	cl-8	cl-9	cl-10	cl-11	cl-12
60	11.4	11.4	15	13.8	15.8	15	12.4	13.2	14.4	15.8	17	12.6
61	0	0	0	232	320	112	144	0	0	808	0	88
62	0	0	0	448	992	144	296	496	424	544	112	296
63	0	0	0	176	440	1000	952	944	0	0	120	664
64	0	0	0	0	0	512	480	248	176	480	96	712
65	0	0	0	848	256	536	552	352	560	648	216	0
66	0	0	0	528	288	664	496	352	440	264	128	640
67	0	0	0	208	40	40	128	536	912	0	104	384
68	0	0	0	472	648	712	376	256	272	632	256	848
69	0	0	0	688	808	568	280	464	520	48	664	472
70	0	0	0	368	880	104	808	704	200	136	744	608
71	0	0	0	840	688	0	328	1000	520	224	592	256
72	0	0	0	528	504	552	0	456	632	760	920	472
73	0	0	0	360	856	896	344	376	0	0	240	176
74	0	0	0	0	688	184	776	296	936	656	768	0
75	0	0	0	64	0	320	440	680	200	608	584	608
76	0	0	0	376	912	616	488	760	456	0	184	888
77	0	0	0	256	400	432	856	280	880	568	304	600
78	0	0	0	0	648	272	472	128	592	928	120	0
79	0	0	0	632	616	584	0	592	488	728	640	32
80	0	0	0	584	0	72	384	904	336	384	968	168
81	0	0	0	648	808	0	616	568	0	624	256	392
82	0	0	0	480	816	288	1152	416	800	800	0	688
83	0	0	0	24	504	704	480	440	168	336	640	200
84	0	0	0	128	48	152	992	144	0	88	784	384
85	0	0	0	232	448	144	544	832	712	256	488	752
86	0	0	0	568	864	336	352	552	320	272	928	360
87	0	0	0	728	600	152	488	968	56	0	704	272
88	0	0	0	752	720	408	0	560	48	384	704	736
89	0	0	0	584	24	992	832	184	296	0	0	592
90	0	0	0	472	0	784	768	296	528	440	376	16
91	0	0	0	216	728	104	672	384	192	840	0	720
92	0	0	0	232	264	184	832	760	256	912	352	352
93	0	0	0	584	840	312	816	592	640	200	896	208
94	0	0	0	184	832	528	200	408	392	120	32	0
95	0	0	0	0	600	88	504	648	304	0	0	0
96	0	0	0	152	176	40	528	272	584	808	208	1232
97	0	0	0	0	928	704	448	616	480	312	136	288
98	0	0	0	120	320	368	584	776	144	832	0	752
99	0	0	0	224	288	176	760	592	160	64	312	864
100	0	0	0	376	840	488	768	192	416	840	808	872
101	0	0	0	616	0	416	616	128	0	728	576	720
102	0	0	0	432	704	0	624	464	512	0	440	472
103	0	0	0	872	584	16	904	480	856	928	0	536
104	0	0	0	0	360	488	280	344	216	992	744	120
105	0	0	0	1032	656	544	232	320	32	960	512	64
106	0	0	0	968	544	0	0	112	0	520	368	256
107	0	0	0	336	960	280	928	400	552	248	632	264
108	0	0	0	680	872	768	272	664	488	672	408	120
109	0	0	0	8	184	472	136	0	792	288	328	288
110	0	0	0	480	584	760	632	368	0	400	0	0
111	0	0	0	808	0	960	992	656	760	128	144	0
112	0	0	0	528	704	0	32	312	56	504	952	1224
113	0	0	0	80	0	304	320	224	440	960	200	528
114	0	0	0	104	48	0	616	1000	152	232	200	80
115	0	0	0	752	224	104	480	600	408	248	48	448
116	0	0	0	912	952	912	248	296	672	864	160	112
117	0	0	0	448	200	328	272	776	816	0	536	520
118	0	0	0	200	0	168	392	920	888	240	104	992
119	0	0	0	744	720	784	760	760	704	336	480	24
120	0	0	0	504	328	0	928	0	368	480	984	328
(1,22802)	(2,3910)	(3,0)	(4,530)	
(1,8535)	(2,845)	(3,0)	(4,4)	
(1,9236)	(2,825)	(3,0)	(4,65)	
(1,8009)	(2,729)	(3,0)	(4,118)	
(1,1)	(2,0)	(3,0)	(4,0)	
(1,1)	(2,0)	(3,0)	(4,0)	
(1,1)	(2,0)	(3,0)	(4,0)	
(1,1)	(2,0)	(3,0)	(4,0)	
(1,1)	(2,0)	(3,0)	(4,0)	
(1,1)	(2,0)	(3,0)	(4,0)	
(1,1)	(2,0)	(3,0)	(4,0)	
(1,1)	(2,0)	(3,0)	(4,0)	
(1,1)	(2,0)	(3,0)	(4,0)	
avg	0	0	0	413.6	487.6	376.267	510	480.8	395.867	437.867	386.667	411.467
delay	0.263158	0.263158	0.253333	15.5464	2.60077	7.06024	47.2024	9.80782	6.03671	17.1982	10.3252	138.412
loss	0	0	0	0.0690276	0.0424195	0.0686469	0.0899358	0.0432475	0.0887047	0.0960639	0.062702	0.0875222
Command ['/home/ubuntu/ns-3.30-obss/build/scratch/simple-ofdma-adhoc4', '--ofdmaEnabled=true', '--startTime=60', '--totalTime=120', '--dataMode=HeMcs3', '--datarate=10e5', '--ratio=0.375', '--RngRun=43', '--locationFile=my-simulations/8_ofdma7/txt/locationFile33.txt', '--routingFile=my-simulations/8_ofdma7/txt/routingFile33.txt'] terminated with signal SIGSEGV. Run it under a debugger to get more information (./waf --run <program> --command-template="gdb --args %s <args>").
