Waf: Entering directory `/home/ubuntu/ns-3.30-obss/build'
Waf: Leaving directory `/home/ubuntu/ns-3.30-obss/build'
Build commands will be stored in build/compile_commands.json
'build' finished successfully (0.725s)
--------------------------Rate[Kbps]--------------------------
Time[s]	cl-1	cl-2	cl-3	cl-4	cl-5	cl-6	cl-7	cl-8	cl-9	cl-10	cl-11	cl-12	cl-13	cl-14	cl-15	cl-16	cl-17	cl-18	cl-19	cl-20	cl-21
60	14.6	15.4	11.6	12.6	15.8	14.8	16	12.2	16.6	17.8	15.2	15.6	14.6	13.8	16.4	16.4	13	15.6	14.2	13.8	15.2
61	0	0	0	0	0	0	0	0	0	0	256	24	32	152	0	208	24	136	216	152	200
62	0	0	0	0	0	0	0	0	0	328	56	248	32	384	56	40	72	0	432	176	80
63	0	0	0	0	0	0	0	0	0	264	40	176	448	392	64	224	384	80	144	0	168
64	0	0	0	0	0	0	0	0	0	256	48	376	136	168	0	192	192	248	184	144	200
65	0	0	0	0	0	0	0	0	0	64	384	80	24	272	8	48	344	352	136	368	472
66	0	0	0	0	0	0	0	0	0	160	272	56	296	0	240	560	32	24	200	0	112
67	0	0	0	0	0	0	0	0	0	336	240	88	0	112	144	376	304	0	416	152	144
68	0	0	0	0	0	0	0	0	0	448	144	440	88	0	64	296	0	136	0	88	192
69	0	0	0	0	0	0	0	0	0	0	24	120	344	24	312	296	264	8	224	16	336
70	0	0	0	0	0	0	0	0	0	328	360	48	192	32	176	0	72	128	144	296	288
71	0	0	0	0	0	0	0	0	0	56	328	128	232	488	352	280	0	104	120	32	0
72	0	0	0	0	0	0	0	0	0	136	248	72	112	8	344	320	8	264	192	176	288
73	0	0	0	0	0	0	0	0	0	240	408	216	424	112	272	96	40	0	288	0	248
74	0	0	0	0	0	0	0	0	0	80	192	264	184	208	152	232	64	88	216	56	224
75	0	0	0	0	0	0	0	0	0	288	240	232	152	0	64	56	256	136	264	128	48
76	0	0	0	0	0	0	0	0	0	480	0	224	48	224	24	24	408	24	400	272	0
77	0	0	0	0	0	0	0	0	0	56	296	304	376	256	0	104	48	176	88	408	232
78	0	0	0	0	0	0	0	0	0	80	352	152	392	248	248	32	56	0	232	272	160
79	0	0	0	0	0	0	0	0	0	56	112	24	0	320	264	320	40	272	432	352	160
80	0	0	0	0	0	0	0	0	0	248	8	80	216	0	232	232	256	288	208	120	208
81	0	0	0	0	0	0	0	0	0	288	96	32	232	64	352	0	312	240	168	16	272
82	0	0	0	0	0	0	0	0	0	128	344	0	328	112	104	152	176	384	120	0	328
83	0	0	0	0	0	0	0	0	0	248	256	128	8	128	448	432	288	296	40	0	0
84	0	0	0	0	0	0	0	0	0	400	280	240	192	88	208	160	0	40	336	8	272
85	0	0	0	0	0	0	0	0	0	320	96	24	152	336	128	168	200	144	248	384	40
86	0	0	0	0	0	0	0	0	0	40	16	224	336	88	200	208	368	256	96	288	88
87	0	0	0	0	0	0	0	0	0	344	64	232	24	424	136	272	112	120	0	0	272
88	0	0	0	0	0	0	0	0	0	24	8	96	408	152	0	56	424	368	304	144	328
89	0	0	0	0	0	0	0	0	0	272	360	112	168	96	240	256	120	256	0	48	208
90	0	0	0	0	0	0	0	0	0	264	8	96	488	16	96	352	312	8	88	216	112
91	0	0	0	0	0	0	0	0	0	72	240	232	256	40	56	24	256	232	296	192	224
92	0	0	0	0	0	0	0	0	0	296	392	0	192	24	48	56	488	224	248	208	16
93	0	0	0	0	0	0	0	0	0	256	328	232	104	136	224	168	48	432	232	48	64
94	0	0	0	0	0	0	0	0	0	48	224	80	320	56	224	176	0	216	200	368	352
95	0	0	0	0	0	0	0	0	0	144	120	144	24	96	216	344	64	80	376	360	200
96	0	0	0	0	0	0	0	0	0	152	120	288	112	96	120	176	0	272	328	112	24
97	0	0	0	0	0	0	0	0	0	88	48	144	0	392	160	320	128	32	192	56	384
98	0	0	0	0	0	0	0	0	0	48	384	256	80	96	224	48	152	368	136	392	16
99	0	0	0	0	0	0	0	0	0	96	104	240	120	248	40	232	240	192	32	200	128
100	0	0	0	0	0	0	0	0	0	128	160	72	328	208	408	200	16	0	368	48	200
101	0	0	0	0	0	0	0	0	0	208	56	72	248	224	0	232	184	168	216	80	224
102	0	0	0	0	0	0	0	0	0	216	104	240	224	64	296	0	192	160	128	392	120
103	0	0	0	0	0	0	0	0	0	8	112	136	120	0	264	8	192	8	8	112	0
104	0	0	0	0	0	0	0	0	0	128	192	224	312	104	56	168	168	8	280	0	208
105	0	0	0	0	0	0	0	0	0	128	376	256	264	272	192	88	112	232	24	8	48
106	0	0	0	0	0	0	0	0	0	168	96	48	72	0	120	256	400	408	240	32	136
107	0	0	0	0	0	0	0	0	0	152	248	64	504	312	120	0	328	0	248	96	320
108	0	0	0	0	0	0	0	0	0	360	128	448	112	72	152	88	80	360	184	152	200
109	0	0	0	0	0	0	0	0	0	248	80	192	96	344	0	240	408	280	120	24	96
110	0	0	0	0	0	0	0	0	0	32	240	96	0	72	376	80	16	0	144	488	488
111	0	0	0	0	0	0	0	0	0	0	0	120	160	0	208	264	496	16	328	320	304
112	0	0	0	0	0	0	0	0	0	352	224	72	56	256	304	400	216	0	120	128	96
113	0	0	0	0	0	0	0	0	0	216	184	128	192	232	56	160	0	32	136	112	328
114	0	0	0	0	0	0	0	0	0	0	24	0	280	304	72	288	288	280	424	112	0
115	0	0	0	0	0	0	0	0	0	136	280	120	200	0	80	248	224	320	144	128	224
116	0	0	0	0	0	0	0	0	0	248	168	208	64	176	208	232	272	88	0	224	120
117	0	0	0	0	0	0	0	0	0	160	32	184	256	152	88	280	32	376	304	280	40
118	0	0	0	0	0	0	0	0	0	80	168	136	456	264	72	176	16	80	280	64	344
119	0	0	0	0	0	0	0	0	0	464	232	0	424	96	248	328	344	0	72	184	64
120	0	0	0	0	0	0	0	0	0	360	0	48	304	144	48	72	352	128	120	360	336
(1,8466)	(2,3826)	(3,0)	(4,3004)	
(1,4376)	(2,1434)	(3,0)	(4,114)	
(1,4310)	(2,1296)	(3,0)	(4,139)	
(1,4198)	(2,1473)	(3,0)	(4,118)	
(1,2592)	(2,320)	(3,0)	(4,11)	
(1,2453)	(2,354)	(3,0)	(4,6)	
(1,2294)	(2,274)	(3,0)	(4,12)	
(1,2391)	(2,425)	(3,0)	(4,17)	
(1,2668)	(2,280)	(3,0)	(4,4)	
(1,2453)	(2,312)	(3,0)	(4,10)	
(1,1)	(2,0)	(3,0)	(4,0)	
(1,1)	(2,0)	(3,0)	(4,0)	
(1,1)	(2,0)	(3,0)	(4,0)	
(1,1)	(2,0)	(3,0)	(4,0)	
(1,1)	(2,0)	(3,0)	(4,0)	
(1,1)	(2,0)	(3,0)	(4,0)	
(1,1)	(2,0)	(3,0)	(4,0)	
(1,1)	(2,0)	(3,0)	(4,0)	
(1,1)	(2,0)	(3,0)	(4,0)	
(1,1)	(2,0)	(3,0)	(4,0)	
(1,1)	(2,0)	(3,0)	(4,0)	
(1,1)	(2,0)	(3,0)	(4,0)	
avg	0	0	0	0	0	0	0	0	0	187.067	176.667	150.267	199.067	156.4	160.133	189.067	181.467	159.467	197.733	159.867	183.067
delay	0.356164	0.285714	0.293103	15.2381	0.78481	0.905405	0.8375	0.852459	0.891566	20.7327	35.3713	35.2201	27.0047	27.2896	42.3106	23.8265	38.7891	23.2717	23.8565	17.7123	22.2717
loss	0.0135135	0	0	0.0597015	0.0246914	0	0	0	0.0119048	0.336015	0.364508	0.391797	0.351152	0.36403	0.379649	0.343822	0.355282	0.375783	0.361446	0.348724	0.367281
Command ['/home/ubuntu/ns-3.30-obss/build/scratch/simple-ofdma-adhoc4', '--ofdmaEnabled=true', '--startTime=60', '--totalTime=120', '--dataMode=HeMcs1', '--datarate=6e5', '--ratio=0.375', '--RngRun=43', '--locationFile=my-simulations/8_ofdma7/txt/locationFile322.txt', '--routingFile=my-simulations/8_ofdma7/txt/routingFile322.txt'] terminated with signal SIGSEGV. Run it under a debugger to get more information (./waf --run <program> --command-template="gdb --args %s <args>").
