Waf: Entering directory `/home/ubuntu/ns-3.30-obss/build'
Waf: Leaving directory `/home/ubuntu/ns-3.30-obss/build'
Build commands will be stored in build/compile_commands.json
'build' finished successfully (0.768s)
--------------------------Rate[Kbps]--------------------------
Time[s]	cl-1	cl-2	cl-3	cl-4	cl-5	cl-6	cl-7	cl-8	cl-9	cl-10	cl-11	cl-12	cl-13	cl-14	cl-15	cl-16	cl-17	cl-18
60	14.4	15	15.4	12.4	15.4	17.2	15.2	14.6	14.8	15.6	13.8	12.6	15.6	14.4	12.8	13.4	15.4	16.6
61	0	0	0	0	0	0	216	0	0	104	120	64	208	0	0	0	0	144
62	0	0	0	88	40	216	80	256	136	256	400	168	192	192	128	16	352	160
63	0	0	0	336	0	128	280	384	400	88	352	48	32	248	232	160	288	376
64	0	0	0	136	328	0	256	216	184	312	336	56	208	232	72	392	104	232
65	0	0	0	312	160	104	176	0	136	104	160	48	208	0	232	224	352	320
66	0	0	0	208	40	56	392	320	288	88	40	296	344	56	192	304	248	384
67	0	0	0	88	96	16	56	328	304	400	216	240	96	0	248	120	376	360
68	0	0	0	320	200	272	112	320	200	208	360	152	184	8	0	312	64	160
69	0	0	0	48	288	0	128	0	32	240	320	344	392	0	184	200	120	80
70	0	0	0	136	80	208	144	216	176	288	0	288	256	136	400	376	272	352
71	0	0	0	256	8	272	384	40	224	176	160	16	168	0	224	216	336	8
72	0	0	0	400	392	96	208	224	328	0	176	256	176	72	128	112	328	0
73	0	0	0	168	264	24	96	272	24	136	168	152	176	312	88	248	288	560
74	0	0	0	304	352	152	248	288	192	0	256	8	64	288	120	328	264	96
75	0	0	0	376	232	232	360	0	0	680	152	184	264	120	64	8	216	0
76	0	0	0	0	192	136	288	208	64	288	0	272	184	336	240	304	200	16
77	0	0	0	0	384	360	320	312	144	56	232	344	200	240	256	272	320	248
78	0	0	0	40	88	280	8	96	256	288	168	344	104	400	152	72	96	280
79	0	0	0	8	400	280	24	240	280	216	40	144	168	80	240	200	384	248
80	0	0	0	392	296	40	40	392	0	288	328	224	336	344	328	184	328	80
81	0	0	0	176	0	384	176	304	184	32	152	136	392	256	72	16	224	136
82	0	0	0	152	232	200	48	96	192	160	336	16	160	0	96	0	192	96
83	0	0	0	360	0	280	144	8	112	312	296	184	184	120	120	344	376	48
84	0	0	0	352	296	392	88	336	0	280	216	376	160	112	264	80	352	280
85	0	0	0	128	88	56	24	336	328	304	368	104	8	240	0	288	64	264
86	0	0	0	392	128	160	360	192	240	160	392	280	224	392	80	144	216	0
87	0	0	0	216	128	72	120	256	40	168	32	104	0	376	328	0	192	280
88	0	0	0	296	104	96	160	168	328	0	160	344	0	0	256	224	192	80
89	0	0	0	312	392	0	344	224	256	240	344	264	544	80	264	368	328	192
90	0	0	0	104	224	136	312	336	264	48	272	248	112	0	136	272	216	304
91	0	0	0	0	96	304	160	392	144	208	248	0	368	104	24	0	304	40
92	0	0	0	312	208	328	400	264	96	360	232	296	192	16	112	128	264	400
93	0	0	0	200	200	256	144	168	192	336	0	216	328	72	0	80	136	280
94	0	0	0	352	296	296	144	0	8	104	400	400	0	400	328	16	144	400
95	0	0	0	392	384	312	360	72	72	0	352	184	88	344	176	288	368	272
96	0	0	0	272	400	16	152	256	184	224	208	192	112	72	112	16	136	112
97	0	0	0	336	216	256	336	272	112	344	72	120	0	16	264	0	352	96
98	0	0	0	0	48	96	272	104	224	264	0	96	136	0	0	80	120	0
99	0	0	0	248	88	288	168	232	16	296	376	176	272	128	232	392	8	16
100	0	0	0	72	8	368	400	48	96	48	184	400	192	312	400	216	120	176
101	0	0	0	16	400	0	368	360	280	320	0	48	64	120	128	152	240	168
102	0	0	0	0	360	64	328	128	368	0	360	24	184	64	256	360	392	240
103	0	0	0	200	344	192	376	8	176	16	360	0	200	120	224	400	128	0
104	0	0	0	400	168	232	0	376	360	216	400	272	392	0	168	184	8	88
105	0	0	0	192	184	144	232	0	376	232	216	392	224	96	264	16	104	0
106	0	0	0	352	344	240	352	224	168	328	400	152	184	368	288	304	344	264
107	0	0	0	240	392	392	88	72	32	0	216	280	312	160	368	376	0	320
108	0	0	0	136	320	112	264	296	232	128	144	312	64	16	384	360	176	392
109	0	0	0	200	104	144	296	112	304	136	0	360	176	336	184	32	248	208
110	0	0	0	0	256	56	56	48	96	160	24	264	400	256	64	256	208	152
111	0	0	0	176	320	400	216	24	336	272	128	48	112	48	80	384	384	112
112	0	0	0	344	112	40	0	200	248	224	56	232	296	192	80	96	176	104
113	0	0	0	0	400	48	96	0	80	344	72	136	264	144	0	256	80	232
114	0	0	0	72	136	240	392	312	208	384	392	288	88	240	368	280	168	280
115	0	0	0	376	56	0	104	280	16	392	288	80	152	0	344	0	296	248
116	0	0	0	320	0	160	400	128	352	384	256	144	0	240	88	40	368	120
117	0	0	0	160	160	376	88	304	136	368	168	8	184	256	176	312	344	232
118	0	0	0	400	208	352	328	0	0	352	336	160	128	0	400	272	112	0
119	0	0	0	344	192	64	248	304	80	400	128	256	184	64	200	248	16	296
120	0	0	0	120	168	328	336	288	256	208	192	256	312	400	128	360	160	128
(1,19688)	(2,1762)	(3,0)	(4,250)	
(1,7094)	(2,445)	(3,0)	(4,12)	
(1,6900)	(2,464)	(3,0)	(4,37)	
(1,6378)	(2,478)	(3,0)	(4,63)	
(1,1)	(2,0)	(3,0)	(4,0)	
(1,1)	(2,0)	(3,0)	(4,0)	
(1,1)	(2,0)	(3,0)	(4,0)	
(1,1)	(2,0)	(3,0)	(4,0)	
(1,1)	(2,0)	(3,0)	(4,0)	
(1,1)	(2,0)	(3,0)	(4,0)	
(1,1)	(2,0)	(3,0)	(4,0)	
(1,1)	(2,0)	(3,0)	(4,0)	
(1,1)	(2,0)	(3,0)	(4,0)	
(1,1)	(2,0)	(3,0)	(4,0)	
(1,1)	(2,0)	(3,0)	(4,0)	
(1,1)	(2,0)	(3,0)	(4,0)	
(1,1)	(2,0)	(3,0)	(4,0)	
(1,1)	(2,0)	(3,0)	(4,0)	
(1,1)	(2,0)	(3,0)	(4,0)	
avg	0	0	0	205.6	200	179.2	211.6	194	176	216.133	212.667	191.6	189.2	153.733	183.067	194.8	219.867	186
delay	0.347222	0.373333	0.272727	3.50649	7.094	8.14955	10.7587	10.6076	18.097	63.1937	2.9768	16.8107	62.9225	33.9428	30.8099	28.2745	16.7241	29.5075
loss	0	0	0	0.0344396	0.0208877	0.0344828	0.0445515	0.0685019	0.0434783	0.0447849	0.0232701	0.0400802	0.0546302	0.0610749	0.0412011	0.0305242	0.040163	0.0418956
Command ['/home/ubuntu/ns-3.30-obss/build/scratch/simple-ofdma-adhoc4', '--ofdmaEnabled=true', '--startTime=60', '--totalTime=120', '--dataMode=HeMcs3', '--datarate=4e5', '--ratio=0.375', '--RngRun=43', '--locationFile=my-simulations/8_ofdma7/txt/locationFile35.txt', '--routingFile=my-simulations/8_ofdma7/txt/routingFile35.txt'] terminated with signal SIGSEGV. Run it under a debugger to get more information (./waf --run <program> --command-template="gdb --args %s <args>").
