Waf: Entering directory `/home/synrg/Documents/Jiaming/ns-3.30/build'
Waf: Leaving directory `/home/synrg/Documents/Jiaming/ns-3.30/build'
Build commands will be stored in build/compile_commands.json
'build' finished successfully (0.744s)
--------------------------Rate[Kbps]--------------------------
Time[s]	cl-1	cl-2	cl-3	cl-4	cl-5	cl-6	cl-7	cl-8	cl-9	cl-10	cl-11	cl-12	cl-13	cl-14	cl-15	cl-16	cl-17	cl-18	cl-19	cl-20
60	15.6	15.4	15.6	13.2	15	13.2	17	17.6	13.4	15.8	15.4	15.4	18.2	14.4	12.4	14.4	12	15.2	15.4	15.6
61	296	296	288	296	280	128	168	144	264	176	152	192	256	208	168	184	232	232	128	136
62	296	296	296	296	272	208	192	208	272	264	240	248	224	216	184	208	216	224	168	200
63	304	304	304	304	280	264	200	200	264	240	240	280	304	248	216	232	296	224	184	216
64	296	296	296	296	272	192	184	208	240	264	208	216	240	240	208	232	248	208	184	216
65	304	304	304	304	288	240	224	224	272	264	240	240	248	256	216	216	264	256	208	216
66	296	296	296	296	296	208	184	192	248	216	216	248	320	240	168	192	264	256	216	232
67	304	304	304	304	248	192	184	184	272	272	248	256	256	240	184	200	264	256	192	200
68	296	296	296	296	280	160	200	160	272	216	144	152	272	240	160	176	256	272	176	184
69	304	304	304	304	288	184	176	184	256	256	216	232	264	240	192	208	272	224	168	200
70	296	296	296	296	288	192	224	224	248	208	216	240	264	224	184	192	248	240	192	208
71	304	304	296	304	280	200	144	160	240	208	184	192	248	200	152	176	232	248	160	160
72	296	296	296	296	264	160	192	192	248	232	200	216	256	248	184	184	232	240	176	184
73	304	304	304	304	280	216	224	240	264	248	240	248	240	240	240	248	256	248	224	240
74	296	296	296	296	256	192	136	160	272	224	208	224	248	176	144	176	248	232	168	200
75	304	304	304	304	264	56	176	176	240	192	184	216	272	216	152	192	240	248	184	200
76	296	296	288	296	264	344	176	176	208	224	208	232	136	216	176	200	264	208	144	168
77	304	304	304	304	296	216	152	152	320	216	168	200	336	200	144	160	208	232	160	184
78	296	296	296	296	280	224	200	208	208	208	216	232	264	224	192	200	280	256	216	224
79	304	304	304	304	280	192	224	200	280	232	200	216	264	232	184	208	256	256	192	208
80	296	296	296	296	288	200	176	176	272	192	144	168	240	232	136	160	224	200	152	200
81	304	304	296	304	264	192	200	192	240	248	240	256	264	248	232	248	264	240	200	216
82	296	296	288	296	280	200	160	168	184	192	160	168	208	240	168	192	264	240	192	232
83	304	304	304	304	280	208	168	192	264	248	240	248	264	208	192	200	232	216	176	192
84	296	296	288	296	280	216	184	184	272	200	176	200	200	240	208	232	200	208	168	192
85	304	304	304	304	304	240	192	200	256	216	192	208	336	208	184	208	256	208	168	184
86	296	296	296	296	288	200	240	216	272	224	176	192	256	240	192	184	264	264	224	248
87	304	304	304	304	296	216	224	216	208	240	216	232	256	232	208	224	240	216	200	248
88	296	296	296	296	280	232	200	208	232	224	216	232	272	216	160	160	240	272	200	200
89	304	304	296	304	280	120	192	200	264	248	224	232	264	200	160	176	256	208	176	192
90	296	296	296	296	280	304	136	136	256	184	184	216	280	192	168	208	224	200	152	168
91	304	304	296	304	288	80	224	224	248	248	224	232	152	256	224	240	280	264	208	240
92	296	296	288	296	272	248	200	208	248	240	216	224	352	240	192	224	152	232	192	216
93	304	304	296	304	296	256	248	248	264	264	248	248	256	248	208	208	384	248	240	248
94	296	296	296	296	280	304	176	176	248	200	176	192	248	224	200	240	264	232	184	208
95	304	304	304	304	296	208	200	200	232	216	184	208	280	224	144	152	232	224	168	192
96	296	296	288	296	288	184	160	176	272	208	168	176	184	240	200	240	248	240	176	208
97	304	304	304	304	264	224	200	216	272	272	240	256	312	224	200	216	256	264	224	232
98	296	296	296	296	256	168	144	192	240	200	208	216	216	232	184	184	272	272	200	216
99	304	304	304	304	296	240	184	208	272	248	216	216	288	184	144	192	248	240	184	200
100	296	296	296	296	272	176	176	176	248	240	208	224	280	240	208	224	232	256	192	200
101	304	304	304	296	304	224	168	192	248	256	216	224	176	200	176	216	256	232	176	184
102	296	296	288	296	280	216	208	224	272	232	216	232	360	256	216	216	256	256	200	208
103	304	304	304	304	264	200	184	192	224	216	208	224	248	224	184	192	224	224	176	176
104	296	296	296	296	288	200	192	176	296	208	208	232	256	224	184	224	248	240	184	208
105	304	304	304	304	296	240	184	200	256	208	184	216	232	216	192	224	288	232	160	200
106	296	296	288	296	288	200	184	200	264	240	216	224	272	256	208	216	264	184	152	200
107	304	304	304	304	296	184	152	168	200	208	184	224	208	208	168	184	216	224	144	144
108	296	296	296	296	264	176	176	184	264	216	200	232	240	240	168	176	224	240	168	192
109	304	304	304	304	288	248	176	192	312	200	176	208	248	232	208	232	280	232	184	216
110	296	296	296	296	264	192	160	152	296	240	192	192	280	248	184	216	224	240	168	192
111	304	304	304	304	296	184	224	232	288	248	240	256	224	240	216	240	256	248	200	216
112	296	296	296	296	296	264	208	192	224	224	200	208	320	248	208	232	232	232	176	184
113	304	304	304	304	288	232	216	216	248	192	192	224	256	224	184	208	280	256	208	232
114	296	296	296	296	256	184	152	152	224	216	160	168	232	224	208	216	240	200	176	184
115	304	304	304	304	272	192	144	144	256	216	192	216	256	160	144	168	256	168	104	160
116	296	296	296	296	288	200	192	208	248	240	208	216	208	192	144	176	232	232	160	176
117	304	304	296	304	280	176	192	192	280	272	232	256	288	248	208	240	248	200	168	184
118	296	296	288	296	288	200	168	160	248	192	192	200	256	192	152	152	88	264	176	192
119	304	304	296	304	296	240	208	216	272	248	224	248	256	248	208	216	376	248	208	216
120	296	296	296	296	272	152	136	160	240	256	208	224	256	176	96	128	136	256	168	200
avg	299.867	299.867	297.733	299.733	280.8	204.8	186.133	190.933	255.2	227.333	203.867	220.8	256.533	225.467	183.6	202.8	247.2	235.2	181.2	201.2
delay	1.108	2.50178	2.50134	2.50156	4.44139	83.4925	9.97709	10.0635	32.5381	11.8763	10.9301	10.8189	55.587	14.8664	14.6284	14.4455	35.9105	17.1864	17.3493	17.1781
loss	0	0	0.00578549	0.000444444	0.0547331	0.278065	0.336972	0.321175	0.126426	0.212009	0.282364	0.230019	0.122607	0.211924	0.343497	0.283765	0.144439	0.184381	0.350835	0.2874
Command ['/home/synrg/Documents/Jiaming/ns-3.30/build/scratch/simple-ofdma-adhoc', '--ofdmaEnabled=true', '--startTime=60', '--totalTime=120', '--dataMode=HeMcs5', '--datarate=3e5', '--clNum=20', '--ratio=0.375', '--RngRun=7'] terminated with signal SIGSEGV. Run it under a debugger to get more information (./waf --run <program> --command-template="gdb --args %s <args>").
