Waf: Entering directory `/home/ubuntu/ns-3.30-obss/build'
Waf: Leaving directory `/home/ubuntu/ns-3.30-obss/build'
Build commands will be stored in build/compile_commands.json
'build' finished successfully (0.757s)
--------------------------Rate[Kbps]--------------------------
Time[s]	cl-1	cl-2	cl-3	cl-4	cl-5	cl-6	cl-7	cl-8	cl-9	cl-10	cl-11	cl-12	cl-13	cl-14	cl-15	cl-16
60	15.4	14	14.2	16.4	13.4	15.6	11.8	15.8	17.2	14.4	15.2	12	12.2	15.2	15.2	12
61	0	0	0	0	128	184	184	0	0	328	0	72	40	400	144	224
62	0	0	0	0	272	440	0	184	224	536	256	256	376	304	168	448
63	0	0	0	0	520	208	184	376	0	224	376	176	152	384	256	352
64	0	0	0	0	280	504	296	416	384	72	72	480	256	160	432	104
65	0	0	0	0	96	176	168	152	536	128	264	0	160	520	496	264
66	0	0	0	0	8	328	48	96	296	536	544	360	24	560	0	512
67	0	0	0	0	216	216	280	440	32	64	80	472	48	536	392	0
68	0	0	0	0	168	560	120	464	440	0	528	584	216	192	0	304
69	0	0	0	0	248	456	280	320	56	216	200	248	288	48	400	328
70	0	0	0	0	232	448	448	120	80	424	272	480	416	256	368	112
71	0	0	0	0	304	160	48	568	568	0	80	312	0	48	440	280
72	0	0	0	0	0	456	400	208	392	200	544	360	0	320	160	576
73	0	0	0	0	320	408	0	472	0	56	288	64	552	168	256	264
74	0	0	0	0	200	312	344	144	256	168	424	424	200	80	512	200
75	0	0	0	0	0	304	560	144	464	280	360	328	0	416	112	576
76	0	0	0	0	368	448	72	272	488	160	488	0	248	0	168	528
77	0	0	0	0	520	336	176	88	520	0	176	456	0	144	440	416
78	0	0	0	0	360	384	248	392	56	320	0	368	32	456	504	296
79	0	0	0	0	440	480	0	264	328	264	400	320	464	232	440	32
80	0	0	0	0	48	96	496	304	128	488	144	408	528	560	168	336
81	0	0	0	0	48	8	592	200	0	80	280	336	376	120	80	592
82	0	0	0	0	240	520	504	192	496	104	40	240	272	48	504	320
83	0	0	0	0	0	168	328	304	424	160	528	480	112	256	248	344
84	0	0	0	0	488	112	128	432	408	0	176	568	72	432	8	216
85	0	0	0	0	248	80	328	504	520	448	288	288	112	440	248	240
86	0	0	0	0	96	272	200	272	120	432	208	160	512	496	88	24
87	0	0	0	0	0	600	392	200	592	0	200	376	120	264	320	216
88	0	0	0	0	240	248	0	344	376	384	312	448	200	0	0	432
89	0	0	0	0	416	120	224	120	144	464	0	240	200	400	272	528
90	0	0	0	0	56	496	456	216	456	344	208	184	496	64	248	232
91	0	0	0	0	40	464	296	392	320	424	392	224	128	280	328	328
92	0	0	0	0	0	0	288	48	0	48	192	288	120	88	0	0
93	0	0	0	0	320	240	152	256	88	696	128	528	72	104	656	376
94	0	0	0	0	552	88	520	392	272	392	272	0	560	24	144	72
95	0	0	0	0	160	504	400	40	432	128	176	112	424	480	120	488
96	0	0	0	0	80	96	424	40	568	392	208	368	232	64	424	176
97	0	0	0	0	80	200	304	328	152	344	40	32	528	8	224	272
98	0	0	0	0	424	448	16	264	88	248	248	496	344	480	192	488
99	0	0	0	0	48	160	240	368	200	248	48	440	144	432	208	424
100	0	0	0	0	424	208	152	160	592	456	16	0	240	328	120	544
101	0	0	0	0	488	520	448	456	336	0	48	232	512	72	168	32
102	0	0	0	0	488	224	408	0	440	0	280	488	328	152	376	192
103	0	0	0	0	184	0	72	208	480	256	192	304	288	80	328	456
104	0	0	0	0	392	320	64	456	352	0	312	160	360	248	544	168
105	0	0	0	0	384	32	32	464	0	360	264	40	248	304	48	568
106	0	0	0	0	256	280	0	264	248	592	504	232	0	208	128	96
107	0	0	0	0	0	248	416	352	120	96	440	0	272	80	72	328
108	0	0	0	0	64	432	368	512	176	328	480	328	448	32	160	280
109	0	0	0	0	200	288	504	448	32	440	304	456	160	272	288	40
110	0	0	0	0	0	280	248	536	72	280	152	144	328	528	16	576
111	0	0	0	0	312	0	360	144	560	520	344	24	96	208	416	400
112	0	0	0	0	496	360	184	0	352	0	216	400	312	272	56	528
113	0	0	0	0	200	120	440	408	496	376	0	496	88	104	352	424
114	0	0	0	0	152	352	240	368	528	0	104	120	424	192	536	464
115	0	0	0	0	232	520	40	0	224	128	136	24	280	560	312	0
116	0	0	0	0	152	128	40	192	304	144	528	440	448	256	40	480
117	0	0	0	0	48	72	112	576	584	216	280	160	120	128	184	480
118	0	0	0	0	48	592	0	544	160	24	128	0	16	456	40	312
119	0	0	0	0	344	200	200	248	440	328	0	360	160	176	480	344
120	0	0	0	0	344	376	232	0	240	360	232	520	280	0	472	176
(1,14653)	(2,4206)	(3,0)	(4,1297)	
(1,4823)	(2,683)	(3,0)	(4,25)	
(1,5315)	(2,668)	(3,0)	(4,26)	
(1,4821)	(2,667)	(3,0)	(4,45)	
(1,5171)	(2,753)	(3,0)	(4,7)	
(1,1)	(2,0)	(3,0)	(4,0)	
(1,1)	(2,0)	(3,0)	(4,0)	
(1,1)	(2,0)	(3,0)	(4,0)	
(1,1)	(2,0)	(3,0)	(4,0)	
(1,1)	(2,0)	(3,0)	(4,0)	
(1,1)	(2,0)	(3,0)	(4,0)	
(1,1)	(2,0)	(3,0)	(4,0)	
(1,1)	(2,0)	(3,0)	(4,0)	
(1,1)	(2,0)	(3,0)	(4,0)	
(1,1)	(2,0)	(3,0)	(4,0)	
(1,1)	(2,0)	(3,0)	(4,0)	
(1,1)	(2,0)	(3,0)	(4,0)	
avg	0	0	0	0	224.533	288	245.067	277.867	294	245.067	240	281.733	240.533	248.667	255.067	313.467
delay	0.428571	0.3	0.28169	0.390244	15.2601	7.94074	13.2612	21.9746	5.82086	37.8988	23.72	14.5374	40.2422	36.7512	11.3988	16.3815
loss	0	0.0140845	0	0	0.129716	0.0939597	0.122673	0.119932	0.0719697	0.118465	0.135031	0.102716	0.142178	0.116532	0.081172	0.105744
Command ['/home/ubuntu/ns-3.30-obss/build/scratch/simple-ofdma-adhoc4', '--ofdmaEnabled=true', '--startTime=60', '--totalTime=120', '--dataMode=HeMcs1', '--datarate=6e5', '--ratio=0.375', '--RngRun=14', '--locationFile=my-simulations/8_ofdma7/txt/locationFile43.txt', '--routingFile=my-simulations/8_ofdma7/txt/routingFile43.txt'] terminated with signal SIGSEGV. Run it under a debugger to get more information (./waf --run <program> --command-template="gdb --args %s <args>").
