Waf: Entering directory `/home/ubuntu/ns-3.30-obss/build'
Waf: Leaving directory `/home/ubuntu/ns-3.30-obss/build'
Build commands will be stored in build/compile_commands.json
'build' finished successfully (0.747s)
--------------------------Rate[Kbps]--------------------------
Time[s]	cl-1	cl-2	cl-3	cl-4	cl-5	cl-6	cl-7	cl-8	cl-9	cl-10	cl-11	cl-12	cl-13	cl-14
60	14.8	18	16.4	18.2	14.2	16.8	14.2	15.8	14	15	14	11.6	12.6	17.6
61	0	0	0	0	0	0	0	0	360	112	56	624	616	16
62	0	0	0	0	0	0	224	216	96	624	40	128	264	624
63	0	0	0	0	0	0	568	80	304	440	584	136	328	32
64	0	0	0	0	0	0	128	328	200	712	584	600	88	560
65	0	0	0	0	0	0	120	104	240	328	672	216	656	664
66	0	0	0	0	0	0	648	448	512	560	112	248	80	360
67	0	0	0	0	0	0	280	544	152	376	736	408	464	40
68	0	0	0	0	0	0	16	48	560	240	160	328	752	544
69	0	0	0	0	0	0	432	392	40	0	768	312	488	0
70	0	0	0	0	0	0	248	512	640	384	80	248	120	472
71	0	0	0	0	0	0	328	152	528	600	64	264	248	600
72	0	0	0	0	0	0	160	248	472	144	496	488	168	224
73	0	0	0	0	0	0	504	448	8	640	40	496	152	656
74	0	0	0	0	0	0	544	176	176	208	96	440	0	672
75	0	0	0	0	0	0	16	192	232	440	224	576	680	576
76	0	0	0	0	0	0	56	224	312	416	416	336	0	192
77	0	0	0	0	0	0	424	336	456	400	392	264	352	544
78	0	0	0	0	0	0	72	248	104	152	600	592	304	696
79	0	0	0	0	0	0	456	624	584	184	72	0	496	632
80	0	0	0	0	0	0	464	568	288	368	80	344	384	0
81	0	0	0	0	0	0	0	88	0	0	24	272	136	664
82	0	0	0	0	0	0	240	48	280	528	584	632	448	384
83	0	0	0	0	0	0	16	680	376	120	504	424	504	312
84	0	0	0	0	0	0	616	152	728	352	352	0	72	336
85	0	0	0	0	0	0	432	136	48	104	184	200	384	592
86	0	0	0	0	0	0	0	448	8	0	776	264	624	760
87	0	0	0	0	0	0	448	680	536	240	192	0	232	368
88	0	0	0	0	0	0	216	0	232	88	384	248	0	800
89	0	0	0	0	0	0	424	8	496	104	96	304	240	400
90	0	0	0	0	0	0	96	688	400	0	488	88	680	0
91	0	0	0	0	0	0	496	688	472	512	312	24	0	592
92	0	0	0	0	0	0	56	448	472	648	48	128	640	400
93	0	0	0	0	0	0	56	0	0	152	488	176	72	336
94	0	0	0	0	0	0	640	400	304	272	40	472	352	0
95	0	0	0	0	0	0	88	0	72	0	496	536	160	456
96	0	0	0	0	0	0	560	376	40	112	112	552	104	224
97	0	0	0	0	0	0	560	616	576	536	168	136	136	208
98	0	0	0	0	0	0	64	24	104	296	392	696	744	112
99	0	0	0	0	0	0	48	120	40	376	0	504	480	448
100	0	0	0	0	0	0	592	240	136	384	168	720	0	584
101	0	0	0	0	0	0	360	472	136	608	192	464	272	424
102	0	0	0	0	0	0	360	520	24	496	328	528	384	256
103	0	0	0	0	0	0	352	712	152	64	544	80	192	416
104	0	0	0	0	0	0	360	504	488	0	120	392	368	352
105	0	0	0	0	0	0	320	464	56	504	200	240	592	632
106	0	0	0	0	0	0	576	480	312	0	376	24	296	56
107	0	0	0	0	0	0	280	224	424	232	528	632	432	40
108	0	0	0	0	0	0	520	0	0	520	88	520	0	464
109	0	0	0	0	0	0	32	296	264	192	224	456	0	0
110	0	0	0	0	0	0	400	240	144	240	344	232	320	48
111	0	0	0	0	0	0	712	672	48	96	192	56	80	640
112	0	0	0	0	0	0	144	192	168	624	272	360	16	80
113	0	0	0	0	0	0	248	24	352	576	616	32	136	144
114	0	0	0	0	0	0	568	360	16	224	48	16	736	712
115	0	0	0	0	0	0	176	344	32	304	224	536	192	560
116	0	0	0	0	0	0	552	296	408	88	472	320	576	536
117	0	0	0	0	0	0	96	368	312	208	280	216	376	472
118	0	0	0	0	0	0	560	296	392	384	672	136	0	192
119	0	0	0	0	0	0	688	512	192	688	24	576	472	200
120	0	0	0	0	0	0	64	80	8	624	216	264	768	0
(1,16604)	(2,3113)	(3,0)	(4,442)	
(1,8000)	(2,1229)	(3,0)	(4,105)	
(1,8663)	(2,1330)	(3,0)	(4,99)	
(1,4476)	(2,312)	(3,0)	(4,23)	
(1,4181)	(2,296)	(3,0)	(4,13)	
(1,4232)	(2,371)	(3,0)	(4,51)	
(1,4870)	(2,376)	(3,0)	(4,12)	
(1,1)	(2,0)	(3,0)	(4,0)	
(1,1)	(2,0)	(3,0)	(4,0)	
(1,1)	(2,0)	(3,0)	(4,0)	
(1,1)	(2,0)	(3,0)	(4,0)	
(1,1)	(2,0)	(3,0)	(4,0)	
(1,1)	(2,0)	(3,0)	(4,0)	
(1,1)	(2,0)	(3,0)	(4,0)	
(1,1)	(2,0)	(3,0)	(4,0)	
avg	0	0	0	0	0	0	311.733	313.067	258.533	313.733	300.667	325.067	314.267	371.733
delay	0.256757	0.377778	0.707317	0.725275	0.859155	0.761905	16.9683	8.62947	10.2392	10.918	30.4514	19.3573	11.5405	11.1808
loss	0	0	0	0	0	0	0.196011	0.183304	0.185558	0.180995	0.174597	0.175794	0.191424	0.16226
Command ['/home/ubuntu/ns-3.30-obss/build/scratch/simple-ofdma-adhoc4', '--ofdmaEnabled=true', '--startTime=60', '--totalTime=120', '--dataMode=HeMcs3', '--datarate=8e5', '--ratio=0.375', '--RngRun=20', '--locationFile=my-simulations/8_ofdma7/txt/locationFile222.txt', '--routingFile=my-simulations/8_ofdma7/txt/routingFile222.txt'] terminated with signal SIGSEGV. Run it under a debugger to get more information (./waf --run <program> --command-template="gdb --args %s <args>").
