Waf: Entering directory `/home/ubuntu/ns-3.30-obss/build'
Waf: Leaving directory `/home/ubuntu/ns-3.30-obss/build'
Build commands will be stored in build/compile_commands.json
'build' finished successfully (0.677s)
--------------------------Rate[Kbps]--------------------------
Time[s]	cl-1	cl-2	cl-3	cl-4	cl-5	cl-6	cl-7	cl-8	cl-9	cl-10	cl-11	cl-12
60	14	12	17.2	16	13.2	15.6	15.8	13.4	14.8	14.2	15.4	15.4
61	0	0	0	0	136	0	0	40	104	192	104	88
62	0	0	0	0	0	56	136	32	0	152	200	0
63	0	0	0	0	136	144	88	160	136	0	8	8
64	0	0	0	0	192	192	152	160	32	136	80	48
65	0	0	0	0	96	136	40	200	200	200	184	16
66	0	0	0	0	16	0	8	24	144	56	184	0
67	0	0	0	0	136	136	176	32	104	72	16	184
68	0	0	0	0	200	200	112	136	72	120	144	0
69	0	0	0	0	56	120	120	0	200	0	40	160
70	0	0	0	0	64	192	56	64	104	136	0	200
71	0	0	0	0	96	120	0	8	0	0	176	112
72	0	0	0	0	56	200	56	176	128	96	32	8
73	0	0	0	0	64	88	0	152	176	128	48	64
74	0	0	0	0	88	136	184	200	72	8	184	200
75	0	0	0	0	200	0	48	160	32	136	24	144
76	0	0	0	0	72	48	72	72	200	48	136	192
77	0	0	0	0	0	176	128	88	176	104	80	168
78	0	0	0	0	64	192	88	152	176	120	16	64
79	0	0	0	0	128	80	192	56	152	176	56	56
80	0	0	0	0	192	120	88	184	72	168	96	192
81	0	0	0	0	192	200	168	32	168	0	192	0
82	0	0	0	0	200	80	24	200	112	8	88	32
83	0	0	0	0	152	0	144	80	0	144	16	144
84	0	0	0	0	56	96	16	0	168	120	160	200
85	0	0	0	0	144	104	136	24	16	48	120	40
86	0	0	0	0	0	200	0	88	144	16	40	32
87	0	0	0	0	64	144	8	128	8	88	0	96
88	0	0	0	0	160	152	120	120	104	72	64	64
89	0	0	0	0	80	176	88	96	200	152	0	0
90	0	0	0	0	176	136	0	64	56	0	80	56
91	0	0	0	0	136	176	112	176	80	40	0	48
92	0	0	0	0	160	64	72	8	96	48	112	120
93	0	0	0	0	144	56	72	184	56	0	80	88
94	0	0	0	0	176	32	144	48	16	120	152	168
95	0	0	0	0	72	192	96	168	0	128	200	192
96	0	0	0	0	184	136	168	88	160	112	48	112
97	0	0	0	0	64	24	160	0	184	168	200	64
98	0	0	0	0	72	0	40	88	48	64	48	160
99	0	0	0	0	88	104	80	176	80	64	0	32
100	0	0	0	0	200	128	0	96	128	112	184	184
101	0	0	0	0	104	104	16	0	160	8	112	168
102	0	0	0	0	0	48	152	32	200	24	48	152
103	0	0	0	0	88	200	88	128	40	200	0	88
104	0	0	0	0	136	64	136	0	40	96	88	160
105	0	0	0	0	16	120	128	128	200	0	112	168
106	0	0	0	0	0	104	104	128	96	144	200	112
107	0	0	0	0	120	32	48	136	128	112	48	96
108	0	0	0	0	184	192	176	200	0	0	160	176
109	0	0	0	0	152	192	56	136	104	80	160	80
110	0	0	0	0	104	32	0	104	32	16	88	168
111	0	0	0	0	8	64	72	24	120	40	128	16
112	0	0	0	0	64	64	64	8	200	168	32	40
113	0	0	0	0	72	72	136	64	136	72	0	88
114	0	0	0	0	56	104	192	96	40	32	88	40
115	0	0	0	0	8	96	120	136	104	64	80	0
116	0	0	0	0	0	48	16	128	120	0	24	40
117	0	0	0	0	184	16	128	168	136	0	176	96
118	0	0	0	0	120	48	104	192	48	0	48	88
119	0	0	0	0	0	104	0	88	64	184	56	0
120	0	0	0	0	72	0	8	192	40	56	128	56
(1,6544)	(2,19)	(3,0)	(4,0)	
(1,1664)	(2,9)	(3,0)	(4,0)	
(1,1536)	(2,9)	(3,0)	(4,0)	
(1,1508)	(2,5)	(3,0)	(4,0)	
(1,1505)	(2,13)	(3,0)	(4,0)	
(1,1)	(2,0)	(3,0)	(4,0)	
(1,1)	(2,0)	(3,0)	(4,0)	
(1,1)	(2,0)	(3,0)	(4,0)	
(1,1)	(2,0)	(3,0)	(4,0)	
(1,1)	(2,0)	(3,0)	(4,0)	
(1,1)	(2,0)	(3,0)	(4,0)	
(1,1)	(2,0)	(3,0)	(4,0)	
(1,1)	(2,0)	(3,0)	(4,0)	
avg	0	0	0	0	100	104	85.6	100.8	101.867	80.8	89.4667	92.8
delay	0.257143	0.283333	0.267442	0.375	1.53467	1.32051	1.35981	1.3545	1.40314	1.38944	1.31744	1.44397
loss	0	0	0	0	0.00662252	0.00383142	0.0107858	0.001321	0	0.00655738	0	0.012766
Command ['/home/ubuntu/ns-3.30-obss/build/scratch/simple-ofdma-adhoc4', '--ofdmaEnabled=true', '--startTime=60', '--totalTime=120', '--dataMode=HeMcs3', '--datarate=2e5', '--ratio=0.375', '--RngRun=20', '--locationFile=my-simulations/8_ofdma7/txt/locationFile42.txt', '--routingFile=my-simulations/8_ofdma7/txt/routingFile42.txt'] terminated with signal SIGSEGV. Run it under a debugger to get more information (./waf --run <program> --command-template="gdb --args %s <args>").
