Waf: Entering directory `/home/ubuntu/ns-3.30-obss/build'
Waf: Leaving directory `/home/ubuntu/ns-3.30-obss/build'
Build commands will be stored in build/compile_commands.json
'build' finished successfully (0.716s)
--------------------------Rate[Kbps]--------------------------
Time[s]	cl-1	cl-2	cl-3	cl-4	cl-5	cl-6	cl-7	cl-8	cl-9	cl-10	cl-11	cl-12	cl-13	cl-14	cl-15	cl-16	cl-17	cl-18	cl-19	cl-20
60	16.8	16.4	13.2	16.8	14.8	16.2	16.6	17.6	17.8	12.4	15	14	14	14.4	13.8	14.4	13.6	16.8	15.6	15.4
61	0	0	0	0	0	0	0	0	408	120	128	0	128	0	0	0	112	424	0	160
62	0	0	0	0	0	0	0	0	0	192	40	504	0	528	64	56	40	320	248	40
63	0	0	0	0	0	0	0	0	64	408	240	432	272	280	184	32	0	424	232	504
64	0	0	0	0	0	0	0	0	0	448	400	528	64	120	384	0	416	520	176	416
65	0	0	0	0	0	0	0	0	136	112	576	416	568	232	464	176	0	88	240	184
66	0	0	0	0	0	0	0	0	320	64	64	88	352	448	328	520	456	392	32	320
67	0	0	0	0	0	0	0	0	104	0	96	352	88	112	152	144	160	16	248	184
68	0	0	0	0	0	0	0	0	136	0	0	256	768	384	136	0	0	136	184	0
69	0	0	0	0	0	0	0	0	488	136	328	128	104	104	280	200	304	208	464	432
70	0	0	0	0	0	0	0	0	336	0	528	536	472	216	480	0	368	80	16	504
71	0	0	0	0	0	0	0	0	0	168	0	256	208	256	24	24	152	184	192	56
72	0	0	0	0	0	0	0	0	184	528	560	192	96	168	328	272	536	352	0	8
73	0	0	0	0	0	0	0	0	104	456	48	376	328	496	128	384	120	232	352	264
74	0	0	0	0	0	0	0	0	264	0	32	416	232	128	0	240	552	560	24	160
75	0	0	0	0	0	0	0	0	0	40	192	232	72	472	360	320	296	408	104	472
76	0	0	0	0	0	0	0	0	216	280	256	304	280	0	0	216	416	368	536	128
77	0	0	0	0	0	0	0	0	552	304	480	528	16	320	40	88	64	456	320	288
78	0	0	0	0	0	0	0	0	464	320	408	96	448	152	432	336	16	56	320	488
79	0	0	0	0	0	0	0	0	208	312	392	96	216	280	168	192	0	456	344	64
80	0	0	0	0	0	0	0	0	224	40	232	136	168	600	48	112	304	120	328	144
81	0	0	0	0	0	0	0	0	40	144	424	360	96	392	352	136	368	64	120	136
82	0	0	0	0	0	0	0	0	464	456	384	8	0	56	128	0	584	336	248	0
83	0	0	0	0	0	0	0	0	240	0	552	456	120	0	216	88	600	248	0	376
84	0	0	0	0	0	0	0	0	544	184	88	72	488	560	88	184	208	368	312	304
85	0	0	0	0	0	0	0	0	360	400	0	312	576	320	432	48	0	352	176	400
86	0	0	0	0	0	0	0	0	384	120	512	272	64	320	368	40	408	488	0	144
87	0	0	0	0	0	0	0	0	8	0	392	72	168	400	32	528	360	0	312	32
88	0	0	0	0	0	0	0	0	152	192	24	504	440	0	424	152	432	80	0	192
89	0	0	0	0	0	0	0	0	128	56	0	88	112	32	16	216	176	96	112	128
90	0	0	0	0	0	0	0	0	328	544	48	408	152	96	240	432	0	280	200	304
91	0	0	0	0	0	0	0	0	160	232	96	216	400	304	264	504	104	440	48	528
92	0	0	0	0	0	0	0	0	408	520	408	32	144	136	304	256	520	312	200	112
93	0	0	0	0	0	0	0	0	216	200	488	400	184	128	160	144	448	376	416	272
94	0	0	0	0	0	0	0	0	112	248	0	312	264	272	328	216	536	200	120	0
95	0	0	0	0	0	0	0	0	192	8	128	104	232	240	392	368	128	72	504	184
96	0	0	0	0	0	0	0	0	456	232	264	40	224	496	256	200	552	368	120	96
97	0	0	0	0	0	0	0	0	224	176	368	104	304	120	216	88	384	0	400	152
98	0	0	0	0	0	0	0	0	416	0	504	240	120	72	520	112	184	272	112	280
99	0	0	0	0	0	0	0	0	128	248	384	200	304	296	440	264	264	240	136	160
100	0	0	0	0	0	0	0	0	400	136	552	376	368	112	0	336	0	272	16	536
101	0	0	0	0	0	0	0	0	8	536	0	320	552	432	128	72	64	288	304	160
102	0	0	0	0	0	0	0	0	336	88	288	0	96	336	192	512	0	376	200	200
103	0	0	0	0	0	0	0	0	160	256	16	120	480	376	8	304	256	0	560	0
104	0	0	0	0	0	0	0	0	192	312	232	96	176	64	248	312	392	120	232	480
105	0	0	0	0	0	0	0	0	376	528	392	560	88	88	0	0	504	160	72	112
106	0	0	0	0	0	0	0	0	104	152	0	400	472	240	72	200	48	464	520	248
107	0	0	0	0	0	0	0	0	0	256	536	544	216	208	88	48	536	224	328	264
108	0	0	0	0	0	0	0	0	400	48	432	440	288	152	280	88	24	488	192	296
109	0	0	0	0	0	0	0	0	128	184	88	256	328	152	384	512	48	248	184	536
110	0	0	0	0	0	0	0	0	328	504	496	304	272	96	184	344	584	96	104	472
111	0	0	0	0	0	0	0	0	400	80	528	0	280	0	312	72	288	368	136	288
112	0	0	0	0	0	0	0	0	344	360	400	104	392	104	480	312	0	168	280	48
113	0	0	0	0	0	0	0	0	88	0	136	176	40	152	184	168	168	256	176	120
114	0	0	0	0	0	0	0	0	464	240	240	448	32	296	360	224	544	280	208	272
115	0	0	0	0	0	0	0	0	432	56	488	160	272	384	448	432	352	408	368	80
116	0	0	0	0	0	0	0	0	0	368	384	72	496	48	0	472	280	176	400	184
117	0	0	0	0	0	0	0	0	256	24	544	480	128	328	56	384	544	512	304	128
118	0	0	0	0	0	0	0	0	408	16	160	208	0	320	384	488	32	376	464	48
119	0	0	0	0	0	0	0	0	304	520	408	344	432	360	0	320	184	400	248	112
120	0	0	0	0	0	0	0	0	0	176	464	560	248	320	496	192	544	104	136	56
(1,21266)	(2,2497)	(3,0)	(4,301)	
(1,10318)	(2,1250)	(3,0)	(4,70)	
(1,10147)	(2,983)	(3,0)	(4,130)	
(1,3559)	(2,100)	(3,0)	(4,2)	
(1,4291)	(2,73)	(3,0)	(4,9)	
(1,3551)	(2,128)	(3,0)	(4,58)	
(1,3406)	(2,116)	(3,0)	(4,8)	
(1,4105)	(2,129)	(3,0)	(4,15)	
(1,3492)	(2,70)	(3,0)	(4,18)	
(1,1)	(2,0)	(3,0)	(4,0)	
(1,1)	(2,0)	(3,0)	(4,0)	
(1,1)	(2,0)	(3,0)	(4,0)	
(1,1)	(2,0)	(3,0)	(4,0)	
(1,1)	(2,0)	(3,0)	(4,0)	
(1,1)	(2,0)	(3,0)	(4,0)	
(1,1)	(2,0)	(3,0)	(4,0)	
(1,1)	(2,0)	(3,0)	(4,0)	
(1,1)	(2,0)	(3,0)	(4,0)	
(1,1)	(2,0)	(3,0)	(4,0)	
(1,1)	(2,0)	(3,0)	(4,0)	
(1,1)	(2,0)	(3,0)	(4,0)	
avg	0	0	0	0	0	0	0	0	238.267	212.133	280.8	267.333	248.8	235.067	224.667	218	266	269.6	222.133	220.933
delay	0.333333	0.292683	0.727273	0.72619	0.891892	0.679012	0.951807	0.704545	6.1634	3.92709	8.0337	13.0554	40.2824	16.5998	5.40831	11.6697	18.9559	14.0955	13.4742	23.8944
loss	0	0	0.0149254	0.0117647	0.0133333	0	0	0.011236	0.141691	0.147374	0.081517	0.0898774	0.149111	0.117559	0.136783	0.148438	0.101351	0.102928	0.141237	0.126055
Command ['/home/ubuntu/ns-3.30-obss/build/scratch/simple-ofdma-adhoc4', '--ofdmaEnabled=true', '--startTime=60', '--totalTime=120', '--dataMode=HeMcs5', '--datarate=6e5', '--ratio=0.375', '--RngRun=20', '--locationFile=my-simulations/8_ofdma7/txt/locationFile232.txt', '--routingFile=my-simulations/8_ofdma7/txt/routingFile232.txt'] terminated with signal SIGSEGV. Run it under a debugger to get more information (./waf --run <program> --command-template="gdb --args %s <args>").
