Waf: Entering directory `/home/ubuntu/ns-3.30-obss/build'
Waf: Leaving directory `/home/ubuntu/ns-3.30-obss/build'
Build commands will be stored in build/compile_commands.json
'build' finished successfully (0.724s)
--------------------------Rate[Kbps]--------------------------
Time[s]	cl-1	cl-2	cl-3	cl-4	cl-5	cl-6	cl-7	cl-8	cl-9
60	14.2	16.4	12.8	12.4	13.2	15.2	16.4	14	13
61	0	0	0	16	312	304	104	0	0
62	0	0	0	552	48	0	112	304	304
63	0	0	0	0	496	552	600	272	560
64	0	0	0	104	544	552	0	0	24
65	0	0	0	552	128	408	296	936	768
66	0	0	0	136	344	592	320	176	416
67	0	0	0	0	64	512	112	600	480
68	0	0	0	352	216	48	216	0	288
69	0	0	0	544	176	568	80	424	560
70	0	0	0	128	584	216	40	368	0
71	0	0	0	528	536	600	24	456	72
72	0	0	0	208	288	432	472	384	600
73	0	0	0	552	88	0	480	560	320
74	0	0	0	408	232	280	472	152	584
75	0	0	0	152	432	112	8	120	32
76	0	0	0	216	336	344	272	288	424
77	0	0	0	208	40	296	600	96	408
78	0	0	0	472	544	80	400	232	0
79	0	0	0	424	392	208	560	8	424
80	0	0	0	232	488	0	416	568	32
81	0	0	0	176	152	176	600	512	520
82	0	0	0	416	112	432	320	16	328
83	0	0	0	0	352	216	136	40	104
84	0	0	0	360	360	0	200	400	360
85	0	0	0	552	600	184	424	152	256
86	0	0	0	64	416	120	464	560	400
87	0	0	0	328	592	136	104	552	424
88	0	0	0	368	512	200	136	608	48
89	0	0	0	0	368	360	0	392	16
90	0	0	0	232	160	16	520	480	328
91	0	0	0	192	432	600	552	592	264
92	0	0	0	584	72	264	160	480	208
93	0	0	0	320	32	0	248	576	352
94	0	0	0	176	528	440	240	496	464
95	0	0	0	0	560	416	72	0	80
96	0	0	0	160	8	176	336	536	72
97	0	0	0	8	8	240	112	296	360
98	0	0	0	224	216	320	584	600	232
99	0	0	0	480	384	56	336	528	104
100	0	0	0	168	264	360	400	584	296
101	0	0	0	16	456	488	592	368	80
102	0	0	0	224	560	0	328	24	272
103	0	0	0	104	544	272	280	600	208
104	0	0	0	288	336	576	0	128	560
105	0	0	0	592	152	528	144	592	280
106	0	0	0	152	456	384	64	80	88
107	0	0	0	96	0	296	376	184	496
108	0	0	0	456	400	584	216	600	584
109	0	0	0	40	520	600	0	272	576
110	0	0	0	56	24	328	512	96	592
111	0	0	0	560	600	600	576	192	464
112	0	0	0	216	264	352	272	0	0
113	0	0	0	64	0	480	544	80	296
114	0	0	0	168	344	304	0	352	576
115	0	0	0	600	304	0	96	312	104
116	0	0	0	256	0	312	464	120	392
117	0	0	0	0	512	352	0	472	144
118	0	0	0	408	408	0	392	344	256
119	0	0	0	320	360	464	592	376	144
120	0	0	0	128	32	56	272	424	0
(1,13542)	(2,342)	(3,0)	(4,0)	
(1,4385)	(2,38)	(3,0)	(4,0)	
(1,4566)	(2,18)	(3,0)	(4,0)	
(1,4649)	(2,98)	(3,0)	(4,11)	
(1,1)	(2,0)	(3,0)	(4,0)	
(1,1)	(2,0)	(3,0)	(4,0)	
(1,1)	(2,0)	(3,0)	(4,0)	
(1,1)	(2,0)	(3,0)	(4,0)	
(1,1)	(2,0)	(3,0)	(4,0)	
(1,1)	(2,0)	(3,0)	(4,0)	
avg	0	0	0	255.6	311.467	296.533	287.467	332.667	293.733
delay	0.253521	0.256098	0.25	1.51591	1.46533	1.52788	1.56911	35.9335	6.14526
loss	0	0	0	0.0254194	0.0180748	0.0115556	0.0195543	0.0204162	0.0143177
Command ['/home/ubuntu/ns-3.30-obss/build/scratch/simple-ofdma-adhoc4', '--ofdmaEnabled=true', '--startTime=60', '--totalTime=120', '--dataMode=HeMcs3', '--datarate=6e5', '--ratio=0.375', '--RngRun=20', '--locationFile=my-simulations/8_ofdma7/txt/locationFile32.txt', '--routingFile=my-simulations/8_ofdma7/txt/routingFile32.txt'] terminated with signal SIGSEGV. Run it under a debugger to get more information (./waf --run <program> --command-template="gdb --args %s <args>").
