Waf: Entering directory `/home/ubuntu/ns-3.30-obss/build'
Waf: Leaving directory `/home/ubuntu/ns-3.30-obss/build'
Build commands will be stored in build/compile_commands.json
'build' finished successfully (0.902s)
--------------------------Rate[Kbps]--------------------------
Time[s]	cl-1	cl-2	cl-3	cl-4	cl-5	cl-6	cl-7	cl-8	cl-9	cl-10	cl-11	cl-12	cl-13	cl-14	cl-15	cl-16	cl-17	cl-18	cl-19	cl-20
60	14.2	11.6	17.2	16.8	16.2	13.8	16.4	13.6	16	13.8	13.4	15	14.4	11.6	15.2	14	14	16	16.4	14.2
61	0	0	0	0	0	0	352	272	336	352	0	288	136	0	144	0	0	40	48	0
62	0	0	0	0	0	0	264	48	192	216	88	160	152	208	16	32	184	80	56	200
63	0	0	0	0	0	24	0	80	152	8	8	224	272	168	288	64	176	40	248	376
64	0	0	0	0	0	80	8	96	32	0	416	240	0	0	232	376	192	64	256	0
65	0	0	0	0	0	88	168	40	232	80	72	56	48	168	272	184	152	80	112	240
66	0	0	0	0	0	0	8	192	152	152	8	136	336	0	136	64	104	312	136	224
67	0	0	0	0	0	232	248	16	24	24	112	48	112	208	64	72	232	240	192	192
68	0	0	0	0	0	112	184	272	16	128	0	120	160	0	280	0	16	40	128	320
69	0	0	0	0	0	112	176	112	64	232	32	32	112	88	176	168	200	152	160	32
70	0	0	0	0	0	176	144	88	160	88	216	224	120	8	0	120	176	112	0	264
71	0	0	0	0	0	24	288	88	8	0	72	256	0	192	200	296	128	152	56	184
72	0	0	0	0	0	256	176	0	16	200	200	200	96	120	8	88	160	168	224	0
73	0	0	0	0	0	80	0	88	280	56	40	64	192	288	80	8	32	208	360	88
74	0	0	0	0	0	104	168	64	88	224	224	0	232	192	64	128	176	32	104	96
75	0	0	0	0	0	120	256	0	240	256	0	120	96	96	64	40	48	216	256	64
76	0	0	0	0	0	32	24	192	208	0	80	272	88	168	264	200	160	216	88	24
77	0	0	0	0	0	216	80	400	48	56	192	0	120	32	0	280	224	48	128	152
78	0	0	0	0	0	320	0	104	64	112	0	48	168	224	280	240	240	40	64	0
79	0	0	0	0	0	72	168	104	32	80	56	144	392	24	392	64	0	304	160	208
80	0	0	0	0	0	64	184	168	272	40	136	0	96	120	144	208	264	112	64	16
81	0	0	0	0	0	192	24	136	8	112	16	216	272	88	296	32	72	88	304	0
82	0	0	0	0	0	16	48	296	288	0	56	0	72	296	0	176	288	0	288	224
83	0	0	0	0	0	96	144	184	8	160	224	80	0	24	96	272	128	168	248	0
84	0	0	0	0	0	0	88	336	200	120	144	328	88	0	96	96	168	152	216	72
85	8	0	0	0	0	128	8	216	16	168	232	96	256	208	0	0	0	72	192	16
86	0	0	0	0	0	248	24	200	216	80	40	40	80	192	96	120	248	32	112	80
87	0	0	0	0	0	192	224	40	200	168	56	8	72	24	344	144	256	144	8	16
88	0	0	0	0	0	224	304	256	192	112	168	232	56	208	80	96	104	40	8	0
89	0	0	0	0	0	184	176	16	320	152	200	88	272	0	160	280	0	80	80	72
90	0	0	0	0	0	296	0	112	144	88	40	184	72	64	168	32	40	200	352	80
91	0	0	0	0	0	232	136	320	0	32	304	40	240	136	88	32	32	336	24	0
92	0	0	0	0	0	304	352	104	104	56	224	120	128	24	88	16	224	0	160	24
93	0	0	0	0	0	120	88	240	16	16	200	72	0	96	184	128	216	96	264	272
94	0	0	0	0	8	168	304	112	8	24	56	24	136	48	248	128	48	160	208	256
95	0	0	0	0	0	120	56	56	160	280	64	120	136	208	64	48	296	280	48	64
96	0	0	0	0	0	184	96	152	320	56	184	48	0	64	232	8	64	200	248	80
97	0	0	0	0	0	280	72	184	72	16	296	304	216	0	8	8	0	344	8	0
98	0	0	0	0	0	184	24	0	0	184	256	280	0	32	88	56	0	368	296	248
99	0	0	0	0	0	24	288	32	328	344	0	216	24	40	192	0	320	0	48	104
100	0	0	0	0	0	240	88	112	232	32	64	24	264	24	56	0	264	136	264	144
101	0	0	0	0	0	144	72	200	136	24	88	64	80	144	0	216	120	200	200	208
102	0	0	0	0	0	0	136	200	120	176	392	104	32	144	32	184	88	72	200	72
103	0	0	0	8	0	72	80	40	0	216	312	120	120	96	24	256	160	160	112	192
104	8	0	0	0	0	72	168	248	104	112	104	136	0	120	224	0	368	0	248	136
105	0	0	0	0	0	248	112	296	128	120	224	152	56	0	176	88	88	56	48	232
106	0	0	0	0	0	136	216	128	80	168	248	112	264	152	256	0	0	80	0	152
107	0	0	0	0	0	152	48	0	128	88	128	200	144	176	152	88	8	64	200	200
108	0	0	0	0	0	184	152	88	8	32	224	136	72	112	160	272	144	176	144	96
109	0	0	0	0	0	0	56	144	216	224	376	120	256	0	80	32	0	344	72	240
110	0	8	0	0	0	88	48	128	360	152	0	240	32	16	0	344	24	152	336	96
111	0	0	0	0	0	368	16	32	112	128	248	320	16	24	104	312	0	0	144	168
112	0	0	0	0	0	272	336	184	56	72	72	168	96	56	128	32	104	192	176	136
113	0	0	0	0	0	184	264	72	88	248	248	8	24	120	48	24	320	88	0	200
114	0	0	0	0	0	0	296	192	200	96	344	40	272	328	0	0	200	0	56	0
115	0	0	0	0	0	0	184	128	40	72	88	216	136	288	16	128	200	248	272	80
116	0	0	0	0	0	16	96	0	288	112	144	184	264	48	96	152	328	88	40	160
117	0	0	0	0	0	96	0	64	272	80	208	376	112	48	280	384	64	24	32	40
118	0	0	0	0	0	0	40	64	192	256	16	120	200	64	200	232	0	200	48	224
119	0	0	0	0	0	72	144	0	144	0	288	0	0	192	0	152	232	296	280	280
120	0	0	0	0	0	280	144	200	32	24	240	56	112	72	8	16	248	376	216	0
(1,1485)	(2,11)	(3,0)	(4,5898)	
(1,1910)	(2,941)	(3,0)	(4,67)	
(1,1892)	(2,1296)	(3,0)	(4,204)	
(1,1922)	(2,1160)	(3,0)	(4,131)	
(1,1873)	(2,1328)	(3,0)	(4,219)	
(1,1)	(2,0)	(3,0)	(4,0)	
(1,1)	(2,0)	(3,0)	(4,0)	
(1,1)	(2,0)	(3,0)	(4,0)	
(1,1)	(2,0)	(3,0)	(4,0)	
(1,1)	(2,0)	(3,0)	(4,0)	
(1,1)	(2,0)	(3,0)	(4,0)	
(1,1)	(2,0)	(3,0)	(4,0)	
(1,1)	(2,0)	(3,0)	(4,0)	
(1,1)	(2,0)	(3,0)	(4,0)	
(1,1)	(2,0)	(3,0)	(4,0)	
(1,1)	(2,0)	(3,0)	(4,0)	
(1,1)	(2,0)	(3,0)	(4,0)	
(1,1)	(2,0)	(3,0)	(4,0)	
(1,1)	(2,0)	(3,0)	(4,0)	
(1,1)	(2,0)	(3,0)	(4,0)	
(1,1)	(2,0)	(3,0)	(4,0)	
avg	0.266667	0.133333	0	0.133333	0.133333	132.133	134.133	132.267	135.867	115.067	146.133	133.733	126.667	104.667	127.867	120.267	138.8	139.467	150.667	122.4
delay	500.5	481	0	503	515	501.195	478.499	489.842	480.353	482.592	500.612	481.954	497.526	499	496.816	522.124	504.036	499.711	498.452	502.052
loss	0	0.666667	0	0.5	0.666667	0.540166	0.529907	0.521384	0.511739	0.54266	0.479582	0.525319	0.54305	0.532105	0.505658	0.503304	0.503802	0.508435	0.487783	0.510139
Command ['/home/ubuntu/ns-3.30-obss/build/scratch/simple-ofdma-adhoc4', '--ofdmaEnabled=true', '--startTime=60', '--totalTime=120', '--dataMode=HeMcs0', '--datarate=6e5', '--clNum=20', '--ratio=0.375', '--RngRun=6'] terminated with signal SIGSEGV. Run it under a debugger to get more information (./waf --run <program> --command-template="gdb --args %s <args>").
