Waf: Entering directory `/home/synrg/Documents/Jiaming/ns-3.30-obss/build'
Waf: Leaving directory `/home/synrg/Documents/Jiaming/ns-3.30-obss/build'
Build commands will be stored in build/compile_commands.json
'build' finished successfully (0.564s)
--------------------------Rate[Kbps]--------------------------
Time[s]	cl-1	cl-2	cl-3	cl-4	cl-5	cl-6	cl-7	cl-8	cl-9	cl-10	cl-11	cl-12	cl-13	cl-14	cl-15	cl-16	cl-17	cl-18	cl-19	cl-20
60	14.6	14.6	13	10.8	15.6	14.4	16.6	14.4	11.4	15	12.8	15.2	13.8	16.2	13.8	14.2	16.2	14	13.4	13.2
61	488	480	488	472	424	280	264	272	408	320	296	360	384	320	264	336	384	312	264	304
62	488	472	488	488	440	232	368	352	384	368	344	400	400	360	312	352	440	376	312	344
63	496	488	496	496	464	544	280	328	408	368	336	368	432	376	328	352	416	392	328	344
64	472	472	448	464	440	368	280	312	392	360	336	336	448	352	320	352	448	376	288	304
65	488	472	488	488	456	368	328	344	432	368	352	384	392	312	288	312	408	352	272	296
66	464	456	472	464	456	312	296	320	440	328	288	360	408	320	264	344	432	304	232	312
67	496	488	496	488	480	352	344	328	424	376	352	400	376	352	328	400	448	360	304	360
68	480	456	480	480	456	328	248	280	432	352	296	368	504	272	240	320	408	336	256	296
69	504	488	504	504	496	392	320	344	408	376	360	392	328	288	280	352	416	376	296	328
70	488	480	480	488	424	304	296	280	360	288	280	312	416	360	320	336	368	304	224	280
71	496	480	472	480	472	344	288	296	448	368	360	400	432	344	296	344	408	360	280	304
72	488	472	472	480	472	320	296	296	424	392	336	376	416	288	280	320	368	336	224	264
73	496	464	480	496	456	312	256	312	408	376	336	368	392	312	256	288	400	320	232	296
74	464	472	464	464	448	352	264	296	384	376	400	400	352	328	248	296	432	296	240	296
75	480	432	464	480	440	312	256	296	408	312	280	336	320	368	312	344	416	336	280	328
76	488	472	480	488	440	312	296	248	480	312	296	376	456	312	264	320	384	288	224	304
77	504	496	504	504	440	320	304	320	408	320	328	400	392	360	304	344	392	336	264	344
78	480	488	472	472	416	296	248	264	368	360	312	328	424	344	272	296	384	344	264	312
79	480	464	480	480	456	304	336	288	400	312	296	360	488	312	256	304	400	312	256	296
80	496	464	488	488	448	344	256	272	408	328	304	344	416	352	296	328	416	296	232	272
81	504	504	496	504	448	368	304	312	384	336	288	328	440	360	272	296	408	360	264	288
82	488	464	488	472	424	320	296	304	432	392	384	432	448	424	328	360	440	400	320	352
83	496	480	480	488	488	360	328	368	440	392	376	424	416	344	312	352	424	408	320	360
84	488	464	496	472	448	272	280	256	384	312	304	400	416	352	264	336	424	352	256	296
85	480	472	480	472	440	352	312	288	416	344	336	384	440	360	328	352	472	344	272	320
86	496	480	480	488	432	312	256	264	432	320	296	328	432	384	296	328	440	320	296	360
87	504	504	504	504	464	336	328	328	432	392	368	408	432	336	288	368	432	336	296	376
88	496	472	488	496	456	336	304	304	440	376	376	400	400	320	296	368	440	360	296	312
89	480	488	488	488	448	320	264	288	360	344	344	368	416	296	272	304	336	312	216	216
90	496	464	488	496	456	344	288	312	440	376	360	424	432	336	296	344	408	360	272	304
91	504	504	504	504	424	336	288	304	424	408	408	416	400	360	328	336	400	368	328	344
92	496	488	472	488	400	312	240	208	408	352	312	376	416	328	272	328	408	304	232	272
93	480	456	464	488	448	352	264	288	392	312	288	320	408	304	296	280	376	344	264	296
94	496	488	496	496	448	344	336	336	456	400	368	392	440	424	336	352	440	416	328	344
95	496	496	480	488	480	344	296	296	424	368	328	360	256	360	312	368	424	328	256	304
96	472	464	464	456	424	360	296	296	464	368	336	360	504	336	296	336	424	344	280	312
97	504	504	504	504	448	368	296	280	376	360	304	360	472	328	280	336	424	312	248	304
98	488	496	496	496	448	288	256	240	400	336	320	344	376	328	272	328	352	312	208	248
99	488	456	480	480	472	288	304	312	432	352	328	384	424	296	264	304	408	320	240	304
100	480	448	472	480	472	216	280	312	408	304	296	384	424	336	288	336	384	328	256	336
101	496	496	496	496	448	472	352	312	384	368	312	368	408	328	272	360	392	368	296	368
102	464	472	480	464	472	320	288	352	416	360	344	392	384	376	312	352	440	360	312	328
103	504	504	504	496	480	400	312	328	328	368	360	392	488	328	280	344	400	336	272	352
104	456	472	456	456	456	336	256	248	528	336	312	368	408	344	280	320	360	312	248	272
105	496	488	496	488	464	320	240	240	296	296	280	336	416	280	192	256	440	304	232	288
106	472	480	480	488	480	368	352	320	528	320	296	376	376	368	312	352	424	352	272	352
107	496	496	496	480	456	328	288	272	424	312	288	360	376	296	248	320	384	320	248	312
108	488	472	488	488	456	360	296	320	448	344	328	368	408	368	320	368	432	416	336	376
109	488	480	496	496	504	344	328	384	464	392	376	432	472	392	352	400	440	376	320	368
110	496	496	496	496	448	280	264	280	448	392	336	360	400	336	296	384	424	336	256	312
111	496	480	480	464	464	368	288	320	336	328	320	368	424	352	288	328	384	336	296	312
112	488	464	488	488	440	296	304	296	552	392	360	376	400	328	272	360	392	352	264	304
113	496	480	496	496	464	336	296	320	440	296	280	344	424	376	296	376	360	312	232	288
114	488	456	480	480	464	288	312	280	392	312	304	384	400	328	232	328	432	288	232	304
115	488	480	480	488	456	312	232	272	448	296	280	344	408	304	256	344	400	296	208	264
116	496	472	448	480	464	320	304	304	400	400	320	368	416	360	280	320	384	408	320	360
117	496	472	488	496	448	288	248	296	408	352	296	336	384	296	280	336	392	312	272	296
118	480	472	488	464	432	344	272	344	456	344	336	368	392	336	296	376	360	328	272	320
119	480	488	480	480	400	288	192	208	400	264	264	312	376	304	232	248	432	296	208	248
120	488	480	488	488	432	280	280	288	416	320	296	344	392	296	272	344	448	336	232	280
avg	488.667	477.467	484	484.933	452	331.2	289.067	298.8	418	348.267	324.933	370.933	412	337.333	286.533	336.133	409.2	339.733	267.467	312.267
delay	1.41392	2.31137	2.29642	2.2964	4.75811	57.6316	8.91513	9.03704	19.9528	9.90008	9.71481	9.59993	45.1233	13.1632	12.9632	12.8386	25.9664	15.4835	15.321	15.2553
loss	0.0190043	0.0365886	0.0260263	0.0244099	0.0793047	0.293113	0.374495	0.358064	0.142271	0.262147	0.3055	0.220291	0.148056	0.284097	0.379619	0.289058	0.152678	0.279208	0.417538	0.330283
Command ['/home/synrg/Documents/Jiaming/ns-3.30-obss/build/scratch/simple-ofdma-adhoc', '--ofdmaEnabled=true', '--startTime=60', '--totalTime=120', '--dataMode=HeMcs6', '--datarate=5e5', '--clNum=20', '--ratio=0.375', '--RngRun=66'] terminated with signal SIGSEGV. Run it under a debugger to get more information (./waf --run <program> --command-template="gdb --args %s <args>").
