Waf: Entering directory `/home/synrg/Documents/Jiaming/ns-3.30-obss/build'
Waf: Leaving directory `/home/synrg/Documents/Jiaming/ns-3.30-obss/build'
Build commands will be stored in build/compile_commands.json
'build' finished successfully (0.519s)
--------------------------Rate[Kbps]--------------------------
Time[s]	cl-1	cl-2	cl-3	cl-4	cl-5	cl-6	cl-7	cl-8	cl-9	cl-10	cl-11	cl-12	cl-13	cl-14	cl-15	cl-16	cl-17	cl-18	cl-19	cl-20
60	14.6	14.6	13	10.8	15.6	14.4	16.6	14.4	11.4	15	12.8	15.2	13.8	16.2	13.8	14.2	16.2	14	13.4	13.2
61	528	512	520	464	472	360	272	272	424	360	272	336	456	336	240	280	448	320	264	296
62	488	520	496	488	440	352	296	280	352	408	360	400	456	368	336	368	424	368	256	304
63	496	496	496	480	448	312	240	256	464	392	352	384	432	376	296	328	472	352	304	328
64	456	496	496	464	416	344	224	248	520	336	256	320	416	368	296	296	400	280	232	248
65	480	536	576	600	488	256	272	176	232	264	296	200	280	240	256	208	256	168	344	200
66	488	488	520	568	464	296	288	184	304	312	312	328	336	296	368	264	328	248	272	304
67	440	536	560	568	480	264	256	232	384	304	344	280	344	304	304	296	248	352	352	376
68	504	480	456	472	384	264	280	256	328	240	344	304	320	328	320	320	344	256	360	328
69	520	568	544	488	448	296	272	248	328	344	392	240	280	312	336	368	400	320	344	320
70	496	488	560	488	384	216	240	184	328	256	296	224	264	288	248	272	280	232	312	304
71	504	496	496	488	400	240	224	144	296	232	280	184	280	312	208	296	376	264	320	232
72	496	560	552	536	360	224	256	168	320	240	328	192	264	256	312	296	344	152	280	216
73	520	512	528	480	368	248	304	280	344	280	328	320	344	320	336	360	376	376	384	304
74	544	520	536	504	464	256	312	248	336	256	328	272	320	320	328	336	368	360	344	264
75	544	552	552	512	448	248	296	288	424	376	360	288	360	344	312	360	344	256	384	360
76	544	536	520	544	464	240	272	232	368	256	336	288	280	360	280	280	336	328	320	216
77	504	544	544	456	360	288	208	168	336	224	280	296	216	264	224	304	320	240	304	256
78	480	528	512	440	408	240	264	232	216	240	320	336	304	248	344	296	336	232	312	304
79	520	440	440	488	416	224	264	184	296	288	248	272	264	328	312	336	352	288	288	248
80	528	544	424	392	392	240	296	224	304	280	280	256	288	248	288	288	320	336	280	328
81	528	448	408	328	368	224	240	232	304	344	288	312	240	192	272	336	304	272	312	280
82	448	528	504	400	392	184	256	168	296	240	304	272	264	184	288	344	304	216	192	208
83	480	544	568	488	408	208	280	224	320	288	328	328	280	280	368	272	304	280	344	288
84	464	528	520	496	432	272	344	304	336	328	336	320	368	352	360	344	352	360	312	312
85	480	504	488	416	440	288	336	296	320	352	376	352	376	296	336	336	360	296	344	376
86	496	528	496	440	376	312	256	256	304	320	280	280	280	232	360	320	328	304	312	344
87	504	480	528	448	424	232	296	216	344	304	328	320	320	288	256	312	280	264	304	304
88	440	520	520	392	408	272	248	240	304	320	336	296	296	296	264	408	344	296	304	328
89	520	536	536	480	496	264	320	280	280	328	344	360	424	368	368	360	312	248	320	312
90	520	496	528	440	424	240	184	144	248	224	256	296	328	272	320	280	344	272	280	312
91	480	488	560	456	368	232	352	168	272	328	392	288	280	240	312	304	288	256	296	288
92	472	504	512	440	392	240	256	240	320	288	328	304	272	272	320	304	384	304	288	256
93	544	440	520	480	392	248	240	200	304	256	336	328	256	240	272	368	328	248	288	240
94	488	536	480	504	440	296	240	160	288	264	352	256	328	240	336	336	352	304	304	312
95	504	520	504	464	392	272	288	224	344	272	328	240	296	280	288	264	368	224	344	344
96	552	464	480	480	360	256	312	288	336	368	320	248	272	248	288	312	328	296	272	328
97	512	536	536	504	384	272	280	232	312	288	336	384	368	352	352	336	312	328	296	256
98	480	512	496	488	432	288	280	256	392	296	400	320	352	272	360	336	336	312	328	336
99	464	512	488	480	408	264	320	256	360	360	392	352	344	328	344	384	376	360	304	264
100	464	456	496	456	368	208	248	216	320	280	296	280	248	280	216	296	256	216	264	280
101	568	504	480	472	408	272	304	192	328	296	296	280	368	320	312	320	312	328	272	272
102	480	536	472	440	368	264	304	144	312	216	208	200	256	184	336	272	320	312	288	208
103	520	552	552	456	432	240	248	200	248	312	344	312	296	280	312	296	304	272	312	336
104	456	504	536	448	448	256	288	248	328	328	264	280	296	192	328	296	328	320	336	288
105	464	472	464	416	344	208	296	192	240	208	272	216	288	192	264	264	312	256	216	240
106	520	520	568	464	376	272	240	248	336	240	360	272	272	248	264	248	312	280	368	320
107	504	552	512	504	416	240	312	240	312	264	248	312	320	288	288	312	328	336	288	344
108	504	536	496	504	440	288	336	304	352	304	384	352	400	352	392	368	352	384	376	384
109	520	536	536	424	360	264	288	272	264	328	328	296	288	320	360	352	328	208	296	272
110	512	440	520	496	392	272	272	272	256	280	312	328	288	272	264	320	328	296	280	272
111	448	488	520	480	440	256	312	232	288	280	328	288	272	280	328	304	288	304	336	320
112	512	520	544	496	336	152	272	200	296	280	320	256	296	352	280	272	328	208	280	264
113	520	552	464	488	408	240	304	264	376	312	352	320	328	320	344	352	336	328	336	344
114	488	544	552	504	424	280	248	184	344	296	328	328	320	312	336	304	288	328	352	416
115	456	544	560	544	440	312	280	216	304	328	408	360	368	312	328	336	376	344	344	248
116	520	512	552	504	448	280	216	216	344	344	360	320	408	368	312	344	344	304	344	344
117	512	520	480	464	424	328	280	216	304	272	328	320	344	336	312	376	400	360	336	320
118	448	504	488	480	448	320	216	192	328	288	336	312	336	272	288	312	312	288	296	296
119	528	472	432	520	440	288	232	216	320	272	368	288	312	304	328	312	384	360	432	352
120	448	544	496	544	408	168	240	192	304	176	280	240	256	232	264	288	248	240	256	264
avg	497.467	513.067	512	477.467	413.467	261.333	273.333	225.733	323.2	292.667	323.2	295.6	316.8	291.067	307.733	315.867	336	290.667	310.133	296.8
delay	363.11	365.018	363.485	362.997	363.613	368.99	371.619	368.18	367.368	365.284	370.394	367.945	366.616	365.571	371.779	369.259	365.816	366.821	372.503	370.858
loss	0.145667	0.125482	0.124687	0.182315	0.275589	0.519706	0.496569	0.578331	0.417147	0.465693	0.419239	0.463303	0.42888	0.472135	0.442757	0.428743	0.394724	0.472833	0.441459	0.462798
Command ['/home/synrg/Documents/Jiaming/ns-3.30-obss/build/scratch/simple-ofdma-adhoc', '--ofdmaEnabled=true', '--startTime=60', '--totalTime=120', '--dataMode=HeMcs6', '--datarate=6e5', '--clNum=20', '--ratio=0.375', '--RngRun=66'] terminated with signal SIGSEGV. Run it under a debugger to get more information (./waf --run <program> --command-template="gdb --args %s <args>").
