Waf: Entering directory `/home/ubuntu/ns-3.30-obss/build'
Waf: Leaving directory `/home/ubuntu/ns-3.30-obss/build'
Build commands will be stored in build/compile_commands.json
'build' finished successfully (0.660s)
--------------------------Rate[Kbps]--------------------------
Time[s]	cl-1	cl-2	cl-3	cl-4	cl-5	cl-6	cl-7	cl-8	cl-9	cl-10	cl-11	cl-12	cl-13	cl-14	cl-15	cl-16	cl-17	cl-18	cl-19	cl-20
60	16.4	17.6	15.2	16.2	15.8	15.2	14.2	16.6	15.6	15.2	14.6	13	15.2	13	16	12.6	16	13.8	11.8	16.2
61	0	0	0	0	0	256	104	384	0	248	120	0	136	104	0	0	352	0	304	0
62	0	0	0	0	0	80	0	200	96	224	480	344	168	200	136	24	136	40	496	136
63	0	0	0	0	0	192	144	128	184	368	376	216	144	128	104	0	264	0	160	488
64	0	0	0	0	0	400	152	408	504	280	168	208	392	240	32	64	120	200	256	120
65	0	0	0	0	0	376	32	320	120	456	456	488	224	8	328	264	280	224	32	408
66	0	0	0	0	0	448	64	240	192	200	312	120	448	0	88	384	216	184	88	360
67	0	0	0	0	0	224	200	360	328	88	32	224	240	232	464	368	472	368	32	224
68	0	0	0	0	0	16	0	176	24	376	464	144	472	368	224	280	104	424	200	0
69	0	0	0	0	0	352	368	112	256	24	368	272	448	320	312	376	312	424	424	128
70	0	0	0	0	0	184	240	16	336	48	328	256	296	192	352	456	144	320	8	64
71	0	0	0	0	0	72	32	184	232	72	208	0	248	80	424	152	368	440	192	0
72	0	0	0	0	0	360	48	16	64	136	224	144	0	16	72	488	256	440	376	40
73	0	0	0	0	0	328	32	248	0	48	48	168	208	400	408	240	312	176	0	200
74	0	0	0	0	0	288	288	216	160	296	112	288	264	80	128	312	264	0	280	232
75	0	8	8	0	0	168	128	32	320	416	488	304	168	192	464	48	24	400	248	0
76	0	0	0	0	0	304	440	184	336	16	40	144	120	424	288	280	240	328	192	408
77	8	0	0	0	0	104	144	360	64	32	240	576	8	352	72	504	128	448	392	424
78	0	0	0	8	0	56	64	56	96	280	208	120	304	296	296	144	0	48	0	0
79	0	0	0	0	0	256	40	440	328	368	144	424	416	136	176	136	232	120	208	8
80	0	0	0	0	0	208	272	272	224	0	488	296	224	248	360	320	0	16	0	0
81	0	0	0	0	0	336	384	264	504	176	64	232	248	448	280	0	144	192	216	352
82	0	0	0	0	0	416	320	168	304	200	496	208	464	144	232	88	0	0	32	72
83	0	0	0	0	0	0	0	176	280	296	120	16	152	352	216	0	248	288	248	344
84	0	0	0	0	0	24	24	256	120	432	480	248	184	304	248	152	120	208	432	384
85	0	0	0	0	0	472	400	368	88	168	264	496	288	32	128	392	48	224	472	96
86	0	0	0	0	0	320	144	0	232	8	304	464	280	312	392	288	160	472	8	56
87	0	0	0	0	0	40	152	352	408	280	168	312	128	104	72	0	184	112	352	496
88	0	0	8	0	0	320	456	0	240	464	160	216	400	160	208	400	488	16	0	496
89	0	8	0	0	0	360	56	232	120	224	480	64	216	176	168	176	352	120	24	56
90	0	0	0	0	0	312	72	432	432	240	8	432	192	416	248	360	216	256	200	328
91	0	0	0	0	0	0	0	232	8	456	224	248	24	184	136	480	40	496	0	56
92	0	0	0	0	0	120	288	0	208	344	480	224	448	40	296	56	296	328	120	416
93	0	0	0	0	8	232	440	168	392	48	152	392	320	208	112	120	32	368	0	88
94	0	0	0	0	0	224	0	0	64	448	88	408	136	440	328	344	0	376	320	280
95	0	0	0	0	0	160	64	336	120	432	480	488	400	64	264	432	112	0	440	328
96	0	0	0	8	0	248	504	0	0	184	360	440	248	104	368	256	264	184	72	256
97	0	0	0	0	0	152	400	168	288	344	120	408	472	232	128	288	248	464	184	488
98	0	0	0	0	0	168	56	328	32	280	232	488	344	336	480	464	296	224	376	240
99	8	0	0	0	0	184	112	456	184	304	24	88	160	216	128	8	384	376	40	152
100	0	0	0	0	0	120	304	456	296	0	256	176	496	480	0	80	360	224	232	400
101	0	0	0	0	0	216	144	240	0	328	296	280	0	456	304	136	272	0	368	240
102	0	0	0	0	0	120	144	104	136	16	272	48	168	240	352	280	288	288	24	352
103	0	0	0	0	0	304	208	0	216	64	384	344	320	272	208	248	432	96	432	8
104	0	0	8	0	0	128	232	288	56	192	304	240	504	376	0	248	0	224	296	408
105	0	8	0	0	0	368	216	368	272	184	0	384	200	432	368	248	24	72	408	152
106	0	0	0	0	0	400	360	160	80	0	232	16	208	496	400	424	352	232	264	288
107	0	0	0	0	0	344	288	176	112	288	208	448	104	216	128	184	0	312	8	432
108	0	0	0	0	0	80	192	352	200	472	24	0	32	328	192	384	136	72	424	320
109	0	0	0	8	0	216	376	336	0	280	216	328	296	472	360	392	216	272	264	432
110	0	0	0	0	0	272	128	336	424	296	328	392	464	376	16	216	0	184	432	240
111	0	0	0	0	0	464	88	0	144	32	296	440	336	0	416	168	328	0	360	320
112	0	0	0	0	8	328	408	128	0	0	264	352	392	8	184	96	272	320	0	0
113	0	0	0	0	0	208	0	8	432	48	272	88	440	408	384	168	64	424	360	248
114	0	0	0	0	0	88	232	456	472	112	112	136	112	0	160	312	248	248	0	384
115	8	0	0	0	0	256	0	192	208	160	480	8	456	472	40	176	376	336	224	160
116	0	0	0	0	0	280	408	392	504	0	72	408	328	304	40	432	8	328	0	96
117	0	0	0	0	0	400	56	368	152	224	0	0	384	56	504	392	496	136	152	104
118	0	0	0	0	0	144	32	480	320	184	296	112	32	256	264	424	248	240	0	464
119	0	0	0	0	0	144	304	184	432	232	192	40	448	232	328	168	40	128	304	0
120	0	0	0	0	0	0	424	208	192	96	480	480	192	288	128	376	56	168	440	152
(1,22858)	(2,2573)	(3,0)	(4,293)	
(1,4984)	(2,285)	(3,0)	(4,18)	
(1,6792)	(2,261)	(3,0)	(4,32)	
(1,7245)	(2,367)	(3,0)	(4,8)	
(1,6115)	(2,364)	(3,0)	(4,53)	
(1,4566)	(2,338)	(3,0)	(4,16)	
(1,1)	(2,0)	(3,0)	(4,0)	
(1,1)	(2,0)	(3,0)	(4,0)	
(1,1)	(2,0)	(3,0)	(4,0)	
(1,1)	(2,0)	(3,0)	(4,0)	
(1,1)	(2,0)	(3,0)	(4,0)	
(1,1)	(2,0)	(3,0)	(4,0)	
(1,1)	(2,0)	(3,0)	(4,0)	
(1,1)	(2,0)	(3,0)	(4,0)	
(1,1)	(2,0)	(3,0)	(4,0)	
(1,1)	(2,0)	(3,0)	(4,0)	
(1,1)	(2,0)	(3,0)	(4,0)	
(1,1)	(2,0)	(3,0)	(4,0)	
(1,1)	(2,0)	(3,0)	(4,0)	
(1,1)	(2,0)	(3,0)	(4,0)	
(1,1)	(2,0)	(3,0)	(4,0)	
avg	0.4	0.4	0.4	0.4	0.266667	227.333	186.8	225.333	208.933	208.533	249.867	255.467	265.733	240.933	232.267	244.933	201.2	226.8	206.933	223.733
delay	0.333333	1	0.333333	0.666667	1	14.9777	9.52534	15.3761	14.582	14.7922	9.82444	7.32203	6.16909	12.5612	9.94432	11.1225	20.9636	16.5414	26.6082	39.18
loss	0	0	0	0	0.333333	0.106862	0.105364	0.107181	0.0462568	0.0684932	0.0414322	0.0357323	0.0708625	0.0573813	0.0599029	0.0608384	0.0748007	0.0874464	0.049602	0.0729282
Command ['/home/ubuntu/ns-3.30-obss/build/scratch/simple-ofdma-adhoc4', '--ofdmaEnabled=true', '--startTime=60', '--totalTime=120', '--dataMode=HeMcs5', '--datarate=5e5', '--clNum=20', '--ratio=0.375', '--RngRun=40'] terminated with signal SIGSEGV. Run it under a debugger to get more information (./waf --run <program> --command-template="gdb --args %s <args>").
