Waf: Entering directory `/home/ubuntu/ns-3.30-obss/build'
Waf: Leaving directory `/home/ubuntu/ns-3.30-obss/build'
Build commands will be stored in build/compile_commands.json
'build' finished successfully (0.900s)
--------------------------Rate[Kbps]--------------------------
Time[s]	cl-1	cl-2	cl-3	cl-4	cl-5	cl-6	cl-7	cl-8	cl-9	cl-10	cl-11	cl-12	cl-13	cl-14	cl-15	cl-16	cl-17	cl-18	cl-19	cl-20
60	14.4	15.2	12.4	12.4	13.6	14.4	13.8	13.6	16.2	13.2	15.4	14.8	15	16.2	18.6	13.8	15.8	15	11	17.6
61	0	0	0	0	0	72	0	8	184	72	0	0	264	0	0	400	0	320	0	360
62	0	0	0	0	0	328	144	184	152	168	48	200	464	504	352	208	104	336	80	584
63	0	0	0	0	0	432	56	408	200	96	560	584	592	392	104	152	136	504	264	280
64	0	0	0	0	0	0	0	0	280	0	112	592	256	344	416	224	296	368	40	184
65	0	0	0	0	0	128	288	240	288	408	136	176	96	0	192	272	0	264	240	488
66	0	0	0	0	0	360	288	112	416	424	544	288	224	288	0	456	352	216	336	464
67	0	0	0	0	0	0	528	336	184	200	512	568	224	416	96	504	280	416	232	192
68	0	0	0	0	0	376	192	264	592	560	560	208	56	8	72	224	584	600	48	456
69	0	0	0	0	0	208	0	0	288	200	128	528	544	328	80	24	224	208	176	592
70	0	0	0	0	0	504	400	368	336	376	0	192	440	144	480	112	600	200	456	16
71	0	0	0	0	0	232	248	48	528	152	128	584	584	272	584	0	520	360	0	320
72	0	0	0	0	0	168	576	176	408	264	424	0	296	552	0	408	176	504	136	408
73	0	0	0	0	0	160	192	584	24	32	440	432	520	144	192	576	264	480	16	224
74	0	0	0	0	0	424	48	392	120	880	464	176	208	240	328	56	104	184	488	240
75	0	0	0	0	0	0	360	392	336	304	552	528	96	360	120	64	528	400	512	360
76	0	8	0	0	8	336	88	360	72	352	128	296	96	0	0	160	184	320	136	264
77	0	0	8	8	0	544	0	32	104	136	328	304	376	24	584	536	472	32	176	376
78	0	0	0	0	0	592	232	136	216	216	464	0	392	80	440	240	248	216	448	40
79	0	0	0	0	0	0	560	128	120	296	136	112	0	560	0	504	440	336	0	528
80	0	0	0	0	0	240	232	256	0	48	32	64	120	328	88	216	0	328	16	176
81	0	0	0	0	0	312	384	280	320	376	536	336	72	536	200	240	496	184	104	0
82	0	0	0	0	0	496	400	440	264	128	600	80	248	176	528	72	328	496	0	184
83	0	0	0	0	0	24	72	488	72	384	448	160	224	40	352	448	64	264	328	192
84	0	0	0	0	0	48	0	48	136	592	608	264	344	528	208	0	336	544	192	0
85	0	0	0	0	0	496	128	304	152	248	80	424	368	88	392	488	368	296	464	496
86	0	0	0	0	0	360	0	56	256	264	104	224	584	0	40	456	416	64	0	240
87	0	0	0	0	0	536	496	344	304	160	512	544	496	472	112	88	272	240	280	448
88	0	0	0	0	0	48	248	264	576	464	536	48	520	440	80	96	408	448	520	240
89	0	0	0	8	0	408	544	256	232	496	256	40	232	112	88	120	0	400	0	0
90	0	8	0	0	0	144	104	304	448	408	72	152	80	88	224	0	176	0	528	528
91	0	0	0	0	8	320	344	200	456	584	120	0	0	416	520	512	88	528	520	520
92	0	0	8	0	0	512	72	16	552	504	312	256	312	144	56	424	248	512	120	456
93	8	0	0	0	0	472	24	0	472	560	416	512	160	0	504	0	600	0	232	464
94	0	0	0	0	0	88	136	136	0	344	296	568	0	144	544	112	96	280	312	72
95	0	0	0	0	0	528	280	112	480	0	600	560	104	376	480	96	440	512	80	328
96	0	0	0	0	0	184	0	352	200	256	32	424	536	576	112	584	184	120	0	280
97	0	0	0	0	0	480	416	472	104	520	8	0	344	408	408	536	320	472	264	184
98	0	0	0	0	0	472	432	512	544	248	32	416	240	0	416	120	224	0	176	512
99	0	0	0	0	0	464	208	248	80	136	472	144	448	152	360	208	136	136	144	320
100	0	0	0	0	0	456	96	424	88	0	240	352	72	40	184	472	0	464	296	464
101	0	0	0	0	0	312	152	456	0	248	496	168	456	216	272	176	480	216	24	168
102	0	0	0	0	8	512	128	0	88	344	184	544	576	256	232	472	368	344	256	504
103	0	0	0	0	0	192	416	424	0	0	248	72	104	112	128	40	16	424	496	592
104	0	0	0	0	0	544	536	280	176	64	304	584	280	264	248	240	184	96	0	424
105	0	0	0	0	0	440	40	232	256	480	408	264	216	264	568	40	464	56	272	552
106	0	0	8	8	0	0	400	208	376	464	376	528	248	384	224	80	552	496	584	416
107	8	0	0	0	0	232	264	208	432	328	336	480	72	592	0	384	456	376	160	592
108	0	0	0	0	0	408	600	544	520	392	368	280	592	528	88	0	48	0	296	80
109	0	8	0	0	0	416	416	456	368	552	552	432	352	592	56	464	96	320	0	248
110	0	0	0	0	0	200	184	408	272	0	0	464	344	256	56	576	96	432	224	336
111	0	0	0	0	0	360	0	96	424	56	224	0	0	24	112	152	576	416	224	16
112	0	0	0	0	0	96	224	296	0	24	576	216	360	312	608	472	232	344	136	0
113	0	0	0	0	0	0	592	288	176	296	160	192	200	424	208	176	360	512	136	480
114	0	0	0	0	0	152	8	8	488	424	200	464	152	288	96	232	24	96	48	552
115	0	0	0	0	0	136	232	192	208	0	216	176	304	200	80	328	344	128	128	56
116	0	0	0	0	0	400	584	352	448	256	0	344	200	368	168	560	456	232	288	256
117	0	0	0	0	0	16	488	312	440	608	208	464	192	552	208	160	264	208	536	432
118	0	0	0	0	8	280	0	0	0	208	536	568	480	72	592	112	520	304	592	608
119	0	0	0	0	0	592	264	72	192	240	560	456	368	40	200	96	176	344	592	256
120	0	0	0	0	0	360	520	368	0	536	240	208	216	144	560	360	152	248	400	0
(1,25719)	(2,3577)	(3,0)	(4,489)	
(1,5886)	(2,259)	(3,0)	(4,36)	
(1,7889)	(2,645)	(3,0)	(4,53)	
(1,7754)	(2,302)	(3,0)	(4,52)	
(1,8115)	(2,492)	(3,0)	(4,25)	
(1,1)	(2,0)	(3,0)	(4,0)	
(1,1)	(2,0)	(3,0)	(4,0)	
(1,1)	(2,0)	(3,0)	(4,0)	
(1,1)	(2,0)	(3,0)	(4,0)	
(1,1)	(2,0)	(3,0)	(4,0)	
(1,1)	(2,0)	(3,0)	(4,0)	
(1,1)	(2,0)	(3,0)	(4,0)	
(1,1)	(2,0)	(3,0)	(4,0)	
(1,1)	(2,0)	(3,0)	(4,0)	
(1,1)	(2,0)	(3,0)	(4,0)	
(1,1)	(2,0)	(3,0)	(4,0)	
(1,1)	(2,0)	(3,0)	(4,0)	
(1,1)	(2,0)	(3,0)	(4,0)	
(1,1)	(2,0)	(3,0)	(4,0)	
(1,1)	(2,0)	(3,0)	(4,0)	
(1,1)	(2,0)	(3,0)	(4,0)	
avg	0.266667	0.4	0.4	0.4	0.533333	293.333	247.733	248	257.467	289.6	302.8	304	282.4	260.133	244	258.8	276.267	302.4	229.2	317.467
delay	1	160	0.666667	31.3333	121.5	16.3332	16.1389	22.5522	10.3019	40.3195	11.561	13.0987	16.6294	11.2793	16.2415	13.8805	12.8847	15.56	8.6655	9.96388
loss	0.333333	0	0	0	0	0.0760185	0.0558943	0.077381	0.0566683	0.0765306	0.0576763	0.0727938	0.0569902	0.0588519	0.0493506	0.057767	0.0482315	0.0795455	0.0621931	0.0603788
Command ['/home/ubuntu/ns-3.30-obss/build/scratch/simple-ofdma-adhoc4', '--ofdmaEnabled=true', '--startTime=60', '--totalTime=120', '--dataMode=HeMcs6', '--datarate=6e5', '--clNum=20', '--ratio=0.375', '--RngRun=24'] terminated with signal SIGSEGV. Run it under a debugger to get more information (./waf --run <program> --command-template="gdb --args %s <args>").
