Waf: Entering directory `/home/ubuntu/ns-3.30-obss/build'
Waf: Leaving directory `/home/ubuntu/ns-3.30-obss/build'
Build commands will be stored in build/compile_commands.json
'build' finished successfully (0.798s)
--------------------------Rate[Kbps]--------------------------
Time[s]	cl-1	cl-2	cl-3	cl-4	cl-5	cl-6	cl-7	cl-8	cl-9	cl-10	cl-11	cl-12	cl-13	cl-14	cl-15	cl-16	cl-17	cl-18	cl-19	cl-20
60	13.6	13.6	13.6	14.2	14	10.6	14.6	12.6	15.8	14	12	15.4	14.4	13.8	13	11.6	15.2	16.6	14.4	17.2
61	0	0	0	0	336	0	0	272	136	104	336	0	640	24	480	120	704	200	400	0
62	0	0	0	0	640	608	504	632	152	176	728	144	0	768	376	368	328	240	320	440
63	0	0	0	0	288	480	360	104	688	440	592	552	592	736	8	0	536	760	104	568
64	0	0	0	0	280	408	16	560	48	520	232	72	248	560	256	296	344	568	288	712
65	0	0	0	0	592	536	240	728	208	768	280	224	0	336	144	152	408	528	56	376
66	0	0	0	0	0	536	360	120	768	352	56	0	328	600	296	576	328	408	784	728
67	0	0	0	0	456	696	424	352	224	160	72	304	784	624	320	304	288	632	32	208
68	0	0	0	0	216	504	408	0	280	480	416	40	120	544	272	0	72	128	200	320
69	0	0	0	0	768	440	8	408	168	40	80	440	112	296	432	584	72	544	544	408
70	0	0	0	0	248	184	552	456	768	0	168	512	48	0	448	296	480	0	184	56
71	0	0	0	0	320	280	504	304	80	664	0	464	768	280	312	0	776	112	216	552
72	0	0	0	0	200	624	0	648	360	344	264	0	40	32	336	448	232	224	504	0
73	0	0	0	0	384	320	104	304	248	0	240	440	600	8	768	720	248	16	208	520
74	0	0	0	0	504	0	736	608	752	440	552	144	0	256	160	128	600	48	680	696
75	0	0	0	0	304	352	672	640	512	400	96	328	96	0	280	312	408	184	728	120
76	0	0	0	0	0	528	512	440	16	136	520	0	392	464	96	88	0	328	0	136
77	0	0	0	0	432	264	0	160	120	336	712	24	128	0	48	624	72	784	448	168
78	0	0	0	0	640	312	520	488	312	744	80	408	48	400	152	696	280	680	224	528
79	0	0	0	0	264	688	232	224	136	248	472	392	112	664	32	472	392	248	488	136
80	0	0	0	0	608	112	0	88	528	408	288	0	680	520	216	696	32	120	432	440
81	0	0	0	0	472	0	272	592	488	344	472	64	648	16	672	616	592	112	184	136
82	0	0	0	0	600	536	536	32	152	240	48	104	168	720	632	336	616	512	392	680
83	0	0	0	0	600	152	304	544	304	392	296	424	536	176	176	560	256	352	320	224
84	0	0	0	0	592	312	456	504	360	152	520	208	440	584	408	392	360	704	504	0
85	0	0	0	0	64	488	168	136	512	344	0	408	0	568	0	312	256	304	104	376
86	0	0	0	0	32	664	176	704	656	568	56	528	96	0	304	232	312	416	696	696
87	0	0	0	0	24	616	720	784	504	744	0	592	664	56	328	488	320	400	424	360
88	0	0	0	0	408	688	472	200	312	192	288	560	680	0	400	472	648	352	0	0
89	0	0	0	0	48	56	152	624	8	0	416	520	560	592	456	496	408	248	200	304
90	0	0	0	0	96	688	24	192	480	584	640	208	280	24	656	480	80	288	640	272
91	0	0	0	0	712	0	632	656	640	488	440	544	400	696	456	136	104	656	160	264
92	0	0	0	0	480	424	160	472	384	280	568	0	560	368	104	240	104	488	272	592
93	0	0	0	0	0	416	448	656	592	632	216	328	320	0	312	432	16	240	768	368
94	0	0	0	0	432	512	728	184	400	504	0	0	296	400	144	480	0	0	312	704
95	0	0	0	0	560	472	528	232	608	640	424	248	376	440	688	0	464	536	416	672
96	0	0	0	0	288	128	352	0	392	240	552	136	432	352	512	240	464	656	208	0
97	0	0	0	0	216	576	408	744	328	16	288	0	312	216	64	400	256	168	0	176
98	0	0	0	0	216	400	400	712	376	320	560	440	736	296	488	408	560	544	536	0
99	0	0	0	0	464	768	336	416	0	744	384	168	104	728	0	392	600	744	560	120
100	0	0	0	0	512	408	72	648	496	400	272	784	416	184	320	424	760	88	696	312
101	0	0	0	0	472	128	280	568	88	504	280	696	160	72	344	568	448	680	304	152
102	0	0	0	0	360	528	0	464	392	672	448	672	736	0	360	0	760	712	120	464
103	0	0	0	0	0	288	360	744	424	0	216	88	152	248	232	472	392	64	784	272
104	0	0	0	0	304	24	520	576	56	224	736	304	0	112	248	776	224	72	712	0
105	0	0	0	0	432	128	288	672	752	712	240	464	392	16	360	712	408	784	0	272
106	0	0	0	0	664	224	512	704	192	456	488	728	656	352	200	416	48	584	240	456
107	0	0	0	0	200	0	184	272	400	448	288	728	0	288	480	424	576	368	168	56
108	0	0	0	0	224	544	512	712	584	736	152	192	128	0	424	120	32	56	520	600
109	0	0	0	0	688	536	264	344	512	72	624	672	280	280	248	424	728	472	480	504
110	0	0	0	0	728	544	400	64	240	216	616	312	712	232	104	656	584	0	0	0
111	0	0	0	0	0	728	312	512	464	0	272	224	264	744	680	696	272	616	312	224
112	0	0	0	0	616	384	416	504	624	568	0	376	472	544	144	296	168	744	664	648
113	0	0	0	0	416	248	352	664	96	768	176	0	32	480	192	112	680	440	320	40
114	0	0	0	0	216	576	0	144	464	768	80	8	256	344	720	736	408	160	888	512
115	0	0	0	0	688	376	368	648	696	480	56	104	32	664	416	88	328	496	288	152
116	0	0	0	0	752	568	248	640	544	328	280	0	664	288	496	0	296	264	0	280
117	0	0	0	0	408	352	536	440	152	304	0	408	120	368	248	120	0	544	216	0
118	0	0	0	0	152	488	0	696	416	288	424	192	232	760	712	720	280	240	336	320
119	0	0	0	0	0	600	216	800	696	768	272	440	0	88	552	520	304	264	456	0
120	0	0	0	0	296	0	408	760	368	736	640	472	232	328	512	352	232	368	760	368
(1,28634)	(2,8143)	(3,0)	(4,1009)	
(1,10063)	(2,1218)	(3,0)	(4,26)	
(1,8983)	(2,1122)	(3,0)	(4,37)	
(1,9304)	(2,900)	(3,0)	(4,40)	
(1,9196)	(2,1033)	(3,0)	(4,58)	
(1,1)	(2,0)	(3,0)	(4,0)	
(1,1)	(2,0)	(3,0)	(4,0)	
(1,1)	(2,0)	(3,0)	(4,0)	
(1,1)	(2,0)	(3,0)	(4,0)	
(1,1)	(2,0)	(3,0)	(4,0)	
(1,1)	(2,0)	(3,0)	(4,0)	
(1,1)	(2,0)	(3,0)	(4,0)	
(1,1)	(2,0)	(3,0)	(4,0)	
(1,1)	(2,0)	(3,0)	(4,0)	
(1,1)	(2,0)	(3,0)	(4,0)	
(1,1)	(2,0)	(3,0)	(4,0)	
(1,1)	(2,0)	(3,0)	(4,0)	
(1,1)	(2,0)	(3,0)	(4,0)	
(1,1)	(2,0)	(3,0)	(4,0)	
(1,1)	(2,0)	(3,0)	(4,0)	
(1,1)	(2,0)	(3,0)	(4,0)	
avg	0	0	0	0	365.2	390.667	327.867	458.267	377.6	393.867	315.2	297.2	321.333	328.933	337.067	377.067	349.067	374.8	363.333	311.467
delay	0.235294	0.25	0.235294	0.28169	10.5469	10.8761	6.98902	7.35729	11.7348	12.0829	19.7948	6.8417	17.6191	8.28253	14.8513	15.9611	8.96791	18.1096	30.5567	20.3527
loss	0	0	0	0	0.104024	0.0973506	0.0858736	0.0834667	0.0975143	0.0696063	0.0980542	0.101531	0.0973783	0.0729049	0.0873646	0.09504	0.0916031	0.0899968	0.0709171	0.095275
Command ['/home/ubuntu/ns-3.30-obss/build/scratch/simple-ofdma-adhoc4', '--ofdmaEnabled=true', '--startTime=60', '--totalTime=120', '--dataMode=HeMcs7', '--datarate=8e5', '--ratio=0.375', '--RngRun=44', '--locationFile=my-simulations/8_ofdma7/txt/locationFile44.txt', '--routingFile=my-simulations/8_ofdma7/txt/routingFile44.txt'] terminated with signal SIGSEGV. Run it under a debugger to get more information (./waf --run <program> --command-template="gdb --args %s <args>").
