Waf: Entering directory `/home/ubuntu/ns-3.30-obss/build'
Waf: Leaving directory `/home/ubuntu/ns-3.30-obss/build'
Build commands will be stored in build/compile_commands.json
'build' finished successfully (0.804s)
--------------------------Rate[Kbps]--------------------------
Time[s]	cl-1	cl-2	cl-3	cl-4	cl-5	cl-6	cl-7	cl-8	cl-9	cl-10	cl-11	cl-12	cl-13	cl-14	cl-15	cl-16	cl-17	cl-18	cl-19	cl-20
60	13.6	13.6	13.6	14.2	14.2	10.6	14.6	12.8	15.8	14	12	15.4	14.2	14.4	12.8	11.8	15.2	16.6	14.4	17
61	0	0	0	0	0	0	0	136	64	48	168	0	320	8	240	64	352	112	192	0
62	0	0	0	0	0	336	248	312	80	88	400	72	8	400	192	200	160	120	152	240
63	0	0	0	0	0	296	208	56	336	208	304	288	304	376	8	0	288	400	56	312
64	0	0	0	0	0	216	8	304	32	296	120	40	128	304	136	152	184	296	168	352
65	0	0	0	0	0	272	136	400	104	392	144	136	0	168	72	96	216	288	32	200
66	0	0	0	0	0	272	192	56	392	184	24	0	168	320	152	312	160	200	392	360
67	0	0	0	0	0	352	224	200	184	144	112	176	400	360	160	120	160	320	16	104
68	0	0	0	0	0	400	344	0	104	352	192	40	72	400	200	0	96	72	104	240
69	0	0	0	0	0	200	0	216	72	16	56	240	64	128	200	304	40	264	296	168
70	0	0	0	0	0	104	288	232	392	0	72	264	24	0	224	152	264	0	80	32
71	0	0	0	0	0	144	264	160	40	336	0	248	392	144	152	0	400	64	112	280
72	0	0	0	0	0	400	0	400	216	168	144	0	168	16	336	384	120	112	328	0
73	0	0	0	0	0	240	80	224	144	0	176	352	328	8	400	368	160	24	56	400
74	0	0	0	0	0	0	400	328	400	248	296	80	0	136	80	80	320	24	376	384
75	0	0	0	0	0	176	384	344	288	200	56	176	56	0	160	192	248	96	376	48
76	0	0	0	0	0	240	272	264	32	144	344	40	272	240	48	120	64	368	0	152
77	0	0	0	0	0	136	0	96	80	120	368	8	32	0	24	376	24	304	320	0
78	0	0	0	0	0	152	272	320	208	400	48	248	24	192	88	400	144	376	120	280
79	0	0	0	0	0	336	120	136	104	128	248	232	56	360	16	296	208	120	216	56
80	0	0	0	0	0	56	0	48	280	208	152	0	352	264	112	376	16	72	216	216
81	0	0	0	0	0	0	200	360	232	176	272	24	312	8	352	360	400	64	112	80
82	0	0	0	0	0	256	240	16	96	96	32	64	80	360	344	160	344	288	200	376
83	0	0	0	0	0	72	176	296	192	184	160	248	272	96	112	280	168	176	176	112
84	0	0	0	0	0	208	224	272	208	88	264	120	256	336	216	208	192	360	248	0
85	0	0	0	0	0	256	80	64	248	168	0	208	0	288	0	160	128	152	56	184
86	0	0	0	0	0	400	112	352	352	320	32	280	48	0	184	144	208	256	376	368
87	0	0	0	0	0	360	376	400	24	152	0	344	344	24	184	248	200	192	256	216
88	0	0	0	0	0	296	152	104	304	272	120	288	320	0	184	200	296	128	0	0
89	0	0	0	0	0	24	80	312	0	0	224	264	280	320	224	264	200	128	112	168
90	0	0	0	0	0	360	16	120	256	296	328	112	136	8	320	256	40	160	336	144
91	0	0	0	0	0	0	344	368	384	288	256	304	232	360	256	72	80	376	80	152
92	0	0	0	0	0	272	96	264	248	144	328	0	360	208	56	136	56	320	184	312
93	0	0	0	0	0	264	216	344	336	352	104	176	192	0	160	248	8	120	352	200
94	0	0	0	0	0	272	376	88	208	256	0	0	200	208	72	240	0	0	152	352
95	0	0	0	0	0	240	280	136	328	336	216	120	192	224	376	0	256	272	208	360
96	0	0	0	0	0	64	192	0	240	120	312	72	248	184	320	120	256	360	120	0
97	0	0	0	0	0	320	208	392	192	8	144	0	176	112	32	216	128	104	0	96
98	0	0	0	0	0	216	232	400	192	184	312	224	400	176	248	216	296	312	296	0
99	0	0	0	0	0	384	176	208	0	400	224	96	56	400	0	184	304	400	296	64
100	0	0	0	0	0	216	16	352	272	216	152	400	232	136	176	280	392	64	400	176
101	0	0	0	0	0	88	144	288	56	272	144	360	96	48	184	280	224	344	168	88
102	0	0	0	0	0	272	0	256	208	336	224	360	352	0	192	0	400	392	64	248
103	0	0	0	0	0	160	192	384	216	0	104	48	64	128	120	240	208	24	400	128
104	0	0	0	0	0	16	272	288	32	112	392	160	0	56	128	400	112	32	360	0
105	0	0	0	0	0	56	136	368	400	400	120	256	208	8	184	376	256	400	0	144
106	0	0	0	0	0	120	280	376	104	240	256	400	336	216	88	200	32	320	152	264
107	0	0	0	0	0	0	104	144	200	232	160	384	0	144	248	224	296	176	96	16
108	0	0	0	0	0	312	272	368	304	400	64	96	64	0	232	56	16	24	272	328
109	0	0	0	0	0	320	152	192	296	32	336	376	176	152	160	232	400	304	264	296
110	0	0	0	0	0	288	184	32	120	120	304	168	384	120	56	344	312	0	0	0
111	0	0	0	0	0	400	160	240	240	0	160	136	128	384	376	392	152	304	160	144
112	0	0	0	0	0	224	240	296	400	328	0	216	264	328	72	176	112	400	352	392
113	0	0	0	0	0	136	168	344	56	400	96	0	16	264	96	72	352	240	368	24
114	0	0	0	0	0	328	0	64	256	368	40	0	152	168	400	400	224	88	264	296
115	0	0	0	0	0	200	208	352	392	248	32	56	16	352	232	24	208	264	168	80
116	0	0	0	0	0	344	128	384	312	168	144	0	336	152	248	0	176	152	0	168
117	0	0	0	0	0	176	280	224	72	152	0	200	56	184	128	64	0	280	112	0
118	0	0	0	0	0	264	0	368	240	160	224	112	144	400	392	384	160	120	176	176
119	0	0	0	0	0	312	120	400	368	400	136	216	0	40	288	288	144	128	232	0
120	0	0	0	0	0	0	200	392	200	392	328	256	128	184	264	184	120	200	400	168
(1,21343)	(2,1006)	(3,0)	(4,71)	
(1,4755)	(2,147)	(3,0)	(4,0)	
(1,4324)	(2,143)	(3,0)	(4,19)	
(1,3970)	(2,86)	(3,0)	(4,1)	
(1,4363)	(2,126)	(3,0)	(4,1)	
(1,4378)	(2,92)	(3,0)	(4,0)	
(1,1)	(2,0)	(3,0)	(4,0)	
(1,1)	(2,0)	(3,0)	(4,0)	
(1,1)	(2,0)	(3,0)	(4,0)	
(1,1)	(2,0)	(3,0)	(4,0)	
(1,1)	(2,0)	(3,0)	(4,0)	
(1,1)	(2,0)	(3,0)	(4,0)	
(1,1)	(2,0)	(3,0)	(4,0)	
(1,1)	(2,0)	(3,0)	(4,0)	
(1,1)	(2,0)	(3,0)	(4,0)	
(1,1)	(2,0)	(3,0)	(4,0)	
(1,1)	(2,0)	(3,0)	(4,0)	
(1,1)	(2,0)	(3,0)	(4,0)	
(1,1)	(2,0)	(3,0)	(4,0)	
(1,1)	(2,0)	(3,0)	(4,0)	
(1,1)	(2,0)	(3,0)	(4,0)	
avg	0	0	0	0	0	213.733	174.533	247.333	205.6	208.267	169.467	163.067	173.733	176.667	181.733	205.333	191.333	200.933	192.933	169.067
delay	0.235294	0.235294	0.235294	0.28169	0.253521	4.77355	2.27731	1.43181	19.2724	18.1389	1.24862	7.02535	5.95012	1.2	1.90609	5.36948	5.41394	1.34174	1.132	1.25
loss	0	0	0	0	0	0.0284848	0.0332349	0.0205913	0.0380536	0.0243598	0.0356601	0.0216	0.0319465	0.017791	0.0298932	0.0271636	0.017796	0.0327343	0.0222973	0.0342727
Command ['/home/ubuntu/ns-3.30-obss/build/scratch/simple-ofdma-adhoc4', '--ofdmaEnabled=true', '--startTime=60', '--totalTime=120', '--dataMode=HeMcs7', '--datarate=4e5', '--ratio=0.375', '--RngRun=44', '--locationFile=my-simulations/8_ofdma7/txt/locationFile53.txt', '--routingFile=my-simulations/8_ofdma7/txt/routingFile53.txt'] terminated with signal SIGSEGV. Run it under a debugger to get more information (./waf --run <program> --command-template="gdb --args %s <args>").
