Waf: Entering directory `/home/ubuntu/ns-3.30-obss/build'
Waf: Leaving directory `/home/ubuntu/ns-3.30-obss/build'
Build commands will be stored in build/compile_commands.json
'build' finished successfully (0.713s)
--------------------------Rate[Kbps]--------------------------
Time[s]	cl-1	cl-2	cl-3	cl-4	cl-5	cl-6	cl-7	cl-8	cl-9	cl-10	cl-11	cl-12	cl-13	cl-14	cl-15	cl-16	cl-17	cl-18	cl-19	cl-20
60	14.6	15	15.6	16.8	13.8	15.2	12.4	17.8	15.6	11.8	14.2	18.2	12.6	12.2	15.2	15.4	14	12.2	12.4	16.8
61	328	664	88	512	0	248	576	0	200	0	0	0	88	96	328	560	40	24	256	0
62	64	728	768	496	144	448	200	0	320	192	216	24	0	408	144	528	144	0	80	472
63	8	184	544	280	0	192	328	184	432	496	456	432	160	344	392	24	384	176	0	96
64	272	376	248	112	88	176	168	320	464	216	520	312	352	280	352	304	248	56	312	328
65	776	688	280	360	240	288	224	40	32	352	488	272	104	64	96	448	216	240	416	320
66	528	224	320	328	480	200	0	168	8	384	416	272	400	200	264	0	280	440	280	40
67	768	224	128	136	504	48	152	416	512	360	312	168	248	368	120	88	72	40	544	128
68	192	632	904	352	176	104	384	176	264	40	0	0	480	0	520	248	464	432	504	128
69	0	592	40	624	200	184	216	64	128	456	400	336	368	88	448	48	104	592	0	544
70	488	408	560	336	384	0	104	296	0	336	368	240	344	0	264	360	416	336	120	280
71	552	232	144	304	360	336	440	32	376	304	152	432	360	440	128	248	456	0	424	0
72	200	0	352	592	184	120	328	272	328	288	312	360	216	184	64	88	248	160	384	360
73	584	144	592	184	360	104	328	48	176	168	280	96	120	136	296	376	360	408	360	456
74	248	160	376	680	552	96	320	120	248	120	200	440	504	488	288	0	232	360	440	0
75	616	536	192	512	288	24	128	232	144	288	208	288	392	0	336	224	432	104	480	32
76	352	504	24	80	176	168	32	432	400	504	288	160	56	168	32	688	160	184	576	24
77	264	0	176	8	328	488	48	472	280	96	256	48	208	544	0	264	112	584	488	264
78	88	368	448	128	424	312	280	296	248	240	360	392	8	232	224	48	64	40	352	440
79	456	0	504	0	496	264	296	16	440	0	248	280	104	488	224	424	104	296	288	192
80	472	288	416	336	368	112	424	88	216	264	40	136	432	8	0	280	264	368	504	304
81	680	680	240	16	208	0	152	304	120	472	432	280	0	112	360	528	520	160	80	400
82	416	432	376	552	440	24	328	280	336	56	192	456	8	208	232	160	176	264	104	208
83	536	272	56	408	96	248	232	248	248	400	488	112	272	368	0	120	456	0	328	208
84	0	416	704	0	0	504	0	88	312	0	216	592	488	200	336	216	456	480	400	272
85	280	544	480	168	128	120	248	224	432	112	256	320	416	424	0	88	392	376	0	352
86	400	40	480	104	432	160	136	320	144	376	232	176	112	80	400	352	376	136	432	160
87	856	272	872	0	312	128	96	160	272	392	632	0	296	0	336	120	368	664	520	0
88	256	664	272	680	16	448	72	192	264	440	0	248	272	504	120	328	552	216	184	352
89	456	448	584	176	96	56	112	256	288	0	64	0	352	408	496	544	488	368	448	544
90	120	176	360	608	560	136	176	432	56	160	144	304	192	384	184	392	304	352	0	280
91	400	400	552	0	208	400	360	240	448	392	8	472	0	208	0	440	136	312	136	0
92	472	640	336	16	448	56	360	0	0	208	592	384	408	168	112	208	576	464	0	272
93	24	96	560	576	200	400	400	96	32	88	296	448	416	0	496	48	368	432	264	0
94	248	472	96	328	136	120	112	304	64	360	360	8	248	400	504	0	104	520	472	320
95	208	0	328	272	0	0	392	136	408	176	320	32	160	480	576	272	432	272	400	56
96	216	752	112	480	552	416	384	376	432	608	448	0	448	64	0	120	0	16	0	40
97	480	496	504	320	344	224	160	280	296	200	304	112	248	320	120	280	8	280	232	136
98	440	48	392	464	240	136	0	200	136	96	312	184	408	344	392	368	392	272	384	0
99	448	472	536	416	376	392	144	192	160	208	520	40	128	56	248	304	408	416	312	272
100	192	56	384	48	456	168	392	40	104	448	208	336	392	472	560	168	40	488	208	96
101	672	712	672	0	232	160	32	64	472	160	424	544	272	208	120	456	152	472	376	80
102	344	344	728	208	344	208	360	336	344	208	264	336	0	16	24	360	464	0	368	8
103	368	0	184	72	600	208	168	264	176	96	416	208	112	80	344	64	192	312	304	360
104	672	392	488	400	568	120	0	16	488	480	248	408	544	520	304	104	360	96	160	0
105	776	144	800	768	272	96	344	136	552	64	24	0	360	616	48	400	512	168	400	176
106	656	368	288	584	416	256	328	248	232	24	144	280	0	72	472	424	192	464	208	152
107	416	488	144	144	40	272	328	0	288	488	376	320	248	528	312	0	392	304	0	176
108	464	72	648	432	464	136	168	232	136	448	152	240	432	16	112	120	336	288	200	296
109	224	208	600	792	600	416	64	128	24	288	8	128	488	152	504	248	168	112	352	656
110	56	272	624	424	336	408	208	264	96	400	168	392	272	80	120	200	168	328	312	56
111	288	584	168	400	384	248	272	104	416	360	32	0	416	56	472	248	208	32	288	128
112	416	120	0	0	192	320	104	296	80	80	448	192	272	8	144	400	392	280	64	344
113	200	24	368	264	128	144	520	64	288	0	0	272	592	200	272	16	40	624	344	192
114	672	640	0	584	224	272	240	168	120	472	368	8	0	488	576	488	32	40	248	24
115	120	440	240	448	376	8	200	168	160	224	280	104	224	224	232	240	296	152	240	272
116	56	440	344	400	368	96	144	184	256	280	312	144	264	184	72	272	48	288	208	264
117	104	192	48	680	512	88	136	184	432	256	480	176	512	0	120	328	176	288	120	328
118	168	664	304	264	560	264	32	312	8	96	376	264	560	552	176	608	40	0	192	352
119	664	368	904	136	592	0	104	24	272	240	0	0	360	328	792	240	288	552	184	464
120	0	224	296	264	192	208	224	248	384	0	104	280	0	192	320	344	280	288	0	320
avg	362	350.4	386.267	320.933	306.667	199.6	220.133	191.333	249.867	249.333	269.467	224.8	268.933	237.6	258.8	264.4	268.133	273.6	271.333	217.067
delay	543.833	536.917	530.354	540.015	559.465	541.546	538.78	568.704	543.698	556.413	561.55	577.35	574.227	552.707	557.384	525.32	558.695	551.526	560.901	559.925
loss	0.369338	0.350284	0.364711	0.37963	0.502913	0.638575	0.60274	0.671245	0.525329	0.547763	0.559477	0.553146	0.532747	0.525685	0.519763	0.523604	0.553536	0.525733	0.552255	0.529157
Command ['/home/ubuntu/ns-3.30-obss/build/scratch/simple-ofdma-adhoc', '--ofdmaEnabled=true', '--startTime=60', '--totalTime=120', '--dataMode=HeMcs4', '--datarate=12e5', '--clNum=20', '--ratio=0.375', '--RngRun=99'] terminated with signal SIGSEGV. Run it under a debugger to get more information (./waf --run <program> --command-template="gdb --args %s <args>").
