Waf: Entering directory `/home/ubuntu/ns-3.30-obss/build'
Waf: Leaving directory `/home/ubuntu/ns-3.30-obss/build'
Build commands will be stored in build/compile_commands.json
'build' finished successfully (0.840s)
--------------------------Rate[Kbps]--------------------------
Time[s]	cl-1	cl-2	cl-3	cl-4	cl-5	cl-6	cl-7	cl-8	cl-9	cl-10	cl-11	cl-12	cl-13	cl-14	cl-15	cl-16	cl-17	cl-18	cl-19	cl-20
60	12.2	17	14.6	11.8	15.6	13.4	13.4	11.6	14	12.6	13.2	12	17	15.2	13.4	13.2	14.8	16	15.6	15
61	0	0	0	0	0	0	160	0	0	224	144	208	0	32	88	0	16	24	288	0
62	0	0	0	0	0	120	80	56	120	248	224	216	80	112	232	40	0	160	208	200
63	0	0	0	0	0	216	248	0	192	80	72	104	200	128	176	192	32	0	40	256
64	0	0	0	0	0	208	56	136	216	0	200	56	32	264	72	72	128	40	56	88
65	0	0	0	0	0	256	0	168	248	104	288	240	24	136	208	32	0	136	32	96
66	0	0	0	0	0	176	216	192	248	240	0	128	168	72	96	184	128	0	40	144
67	0	0	0	0	0	184	208	208	208	96	216	72	0	8	80	24	216	192	248	256
68	0	0	0	0	0	24	128	80	128	216	232	120	0	216	240	232	56	200	224	72
69	0	0	0	0	0	48	96	112	304	280	176	48	64	80	16	72	0	0	192	48
70	0	0	0	0	0	144	216	144	184	176	120	24	104	216	32	64	176	112	88	192
71	0	0	0	0	0	152	128	104	104	96	64	224	40	264	272	224	0	0	32	24
72	0	0	0	0	0	96	208	200	232	56	200	256	0	96	32	0	104	208	200	264
73	0	0	0	0	0	200	200	216	64	136	176	152	224	160	48	160	104	160	168	48
74	0	0	0	0	0	168	72	216	176	72	232	104	176	128	24	152	72	112	192	0
75	0	0	0	0	0	200	256	192	240	0	144	88	232	32	216	192	56	0	0	232
76	0	0	0	0	0	224	120	192	184	152	136	112	48	176	24	176	104	24	160	120
77	0	0	0	8	0	240	168	8	72	184	144	152	200	88	120	256	208	128	104	24
78	8	0	0	0	0	208	168	80	0	208	40	288	32	72	96	224	136	40	64	168
79	0	0	0	0	0	264	280	32	176	232	144	144	56	176	32	96	0	24	96	80
80	0	0	8	0	0	72	112	224	192	40	240	96	176	216	72	128	24	216	200	8
81	0	0	0	0	0	144	272	160	160	64	0	192	136	32	8	200	272	32	168	56
82	0	0	0	0	0	88	192	104	216	0	120	280	248	8	192	120	32	176	0	48
83	0	0	0	0	0	0	192	8	144	136	232	120	120	104	0	256	144	120	216	280
84	0	0	0	0	0	272	160	208	88	104	64	192	104	64	48	8	240	96	168	80
85	0	8	0	0	0	64	240	216	104	32	200	96	64	208	16	168	48	216	208	40
86	0	0	0	0	0	120	208	112	136	96	8	120	176	136	152	88	104	120	192	128
87	0	0	0	0	0	56	64	160	136	256	112	216	168	232	64	120	160	184	48	288
88	0	0	0	0	0	152	16	216	256	184	248	200	0	200	64	48	88	16	8	272
89	0	0	0	0	0	136	0	304	112	152	24	208	120	80	72	24	128	112	72	280
90	0	0	0	0	8	152	8	280	40	192	104	184	272	72	200	56	40	144	256	168
91	0	0	0	0	0	112	120	72	0	120	168	168	240	136	176	248	200	248	120	168
92	0	0	0	0	0	144	136	8	240	96	248	0	80	96	256	192	264	144	128	0
93	8	0	0	0	0	104	256	144	184	0	240	56	232	16	176	280	8	0	200	248
94	0	0	0	8	0	96	88	88	256	72	88	24	72	112	136	184	272	80	80	48
95	0	0	8	0	0	160	40	208	160	40	184	240	224	24	240	64	192	48	208	24
96	0	8	0	0	0	296	248	80	32	24	176	32	88	280	56	80	128	8	8	112
97	0	0	0	0	0	8	96	56	0	80	136	0	256	256	200	0	80	128	288	216
98	0	0	0	0	0	0	136	88	0	0	80	272	248	88	80	224	16	232	192	0
99	0	0	0	0	0	200	112	128	64	248	232	152	64	208	16	32	32	168	48	168
100	0	0	0	0	0	64	0	0	0	56	192	16	232	0	272	248	96	280	0	176
101	0	0	0	0	0	32	168	80	128	304	288	96	40	152	0	80	96	8	16	64
102	0	0	0	0	0	296	72	96	200	88	48	296	32	104	40	16	0	56	80	72
103	0	0	0	0	8	16	72	144	24	72	216	216	0	288	176	104	192	264	56	224
104	0	0	0	0	0	128	168	248	232	304	24	72	64	272	72	280	160	80	56	32
105	0	0	0	0	0	104	80	64	80	224	184	272	232	48	16	144	0	176	88	112
106	0	0	0	0	0	272	296	16	96	8	136	168	56	264	256	0	232	248	8	88
107	0	0	0	0	0	200	160	200	0	32	56	32	168	64	256	32	184	112	48	192
108	0	0	0	0	0	128	24	168	56	144	96	112	120	72	144	24	168	176	152	88
109	0	0	0	0	0	0	16	224	40	128	224	240	16	160	256	24	240	24	144	136
110	0	0	0	8	0	112	280	48	176	216	104	0	240	248	224	200	120	112	32	104
111	0	8	0	0	0	176	128	88	152	168	216	64	72	160	32	144	8	48	224	224
112	0	0	0	0	0	24	80	80	136	216	224	160	64	256	200	48	176	256	104	96
113	8	0	8	0	0	8	64	200	192	136	24	288	224	64	104	40	120	8	24	240
114	0	0	0	0	0	248	0	288	96	56	88	232	8	88	192	0	0	160	272	0
115	0	0	0	0	0	184	216	88	8	192	136	176	120	120	176	16	176	200	240	120
116	0	0	0	0	0	184	184	280	296	88	64	0	0	40	0	288	128	112	136	0
117	0	0	0	0	0	0	192	200	176	72	72	56	64	272	184	0	48	216	48	224
118	0	0	0	0	8	168	136	208	168	136	24	128	192	168	184	16	96	8	24	216
119	0	0	0	0	0	112	80	128	288	16	88	16	120	24	208	40	120	344	192	80
120	0	0	0	0	0	256	232	0	0	144	128	176	168	72	240	104	152	112	24	0
(1,8294)	(2,2683)	(3,0)	(4,1177)	
(1,2789)	(2,386)	(3,0)	(4,15)	
(1,3404)	(2,628)	(3,0)	(4,16)	
(1,3125)	(2,549)	(3,0)	(4,15)	
(1,2934)	(2,581)	(3,0)	(4,16)	
(1,1)	(2,0)	(3,0)	(4,0)	
(1,1)	(2,0)	(3,0)	(4,0)	
(1,1)	(2,0)	(3,0)	(4,0)	
(1,1)	(2,0)	(3,0)	(4,0)	
(1,1)	(2,0)	(3,0)	(4,0)	
(1,1)	(2,0)	(3,0)	(4,0)	
(1,1)	(2,0)	(3,0)	(4,0)	
(1,1)	(2,0)	(3,0)	(4,0)	
(1,1)	(2,0)	(3,0)	(4,0)	
(1,1)	(2,0)	(3,0)	(4,0)	
(1,1)	(2,0)	(3,0)	(4,0)	
(1,1)	(2,0)	(3,0)	(4,0)	
(1,1)	(2,0)	(3,0)	(4,0)	
(1,1)	(2,0)	(3,0)	(4,0)	
(1,1)	(2,0)	(3,0)	(4,0)	
(1,1)	(2,0)	(3,0)	(4,0)	
avg	0.4	0.4	0.4	0.4	0.4	136.933	139.2	134.133	136	125.6	141.467	140	116.667	132.667	126	112.667	108.667	117.467	120.133	123.867
delay	4.33333	9.33333	8	2.33333	10	21.483	17.1408	15.2038	13.4843	28.0722	13.7898	13.041	64.824	13.4211	15.0508	14.2308	43.7104	57.4007	15.7392	21.0538
loss	0	0.25	0	0	0.25	0.129661	0.118243	0.14601	0.165985	0.117151	0.140891	0.114671	0.160269	0.120248	0.10596	0.136874	0.158058	0.125124	0.138623	0.130964
Command ['/home/ubuntu/ns-3.30-obss/build/scratch/simple-ofdma-adhoc4', '--ofdmaEnabled=true', '--startTime=60', '--totalTime=120', '--dataMode=HeMcs0', '--datarate=3e5', '--clNum=20', '--ratio=0.375', '--RngRun=2'] terminated with signal SIGSEGV. Run it under a debugger to get more information (./waf --run <program> --command-template="gdb --args %s <args>").
