Waf: Entering directory `/home/ubuntu/ns-3.30-obss/build'
Waf: Leaving directory `/home/ubuntu/ns-3.30-obss/build'
Build commands will be stored in build/compile_commands.json
'build' finished successfully (0.965s)
--------------------------Rate[Kbps]--------------------------
Time[s]	cl-1	cl-2	cl-3	cl-4	cl-5	cl-6	cl-7	cl-8	cl-9	cl-10	cl-11	cl-12	cl-13	cl-14	cl-15	cl-16	cl-17	cl-18	cl-19	cl-20
60	12.2	17	14.6	11.8	15.6	13.4	13.6	11.6	14	12.6	13.2	12	16.6	15.2	13.4	13.2	14.8	16	15.6	15
61	0	0	0	0	0	0	448	0	0	632	416	592	0	104	280	0	64	64	824	0
62	0	0	0	0	0	264	120	96	312	592	616	528	192	232	528	144	0	496	552	424
63	0	0	0	0	0	592	624	0	480	232	216	240	464	272	432	512	80	0	88	600
64	0	0	0	0	0	568	136	416	600	0	560	184	112	696	224	224	344	144	144	176
65	0	0	0	0	0	704	0	464	616	288	736	608	48	432	632	88	0	368	80	208
66	0	0	0	0	0	456	544	480	616	568	0	376	480	168	328	424	280	0	112	344
67	0	0	0	0	0	512	440	472	496	216	480	176	0	40	152	72	464	360	568	528
68	0	0	0	0	0	64	256	144	304	536	576	328	0	448	600	544	176	400	568	160
69	0	0	0	0	0	184	296	272	832	800	472	104	160	208	16	152	0	0	600	144
70	0	0	0	0	0	408	640	344	472	336	328	72	264	456	64	136	360	256	264	448
71	0	0	0	0	0	296	296	264	352	312	152	640	352	672	680	512	0	40	88	88
72	0	0	0	0	0	224	496	480	656	128	488	592	0	200	56	0	240	408	544	592
73	0	0	0	0	0	416	400	464	144	240	336	368	232	376	96	352	216	408	456	168
74	0	8	0	0	8	456	256	608	448	184	608	328	560	360	64	448	152	296	376	0
75	0	0	0	0	0	480	720	456	592	0	296	264	536	96	632	408	160	0	0	624
76	0	0	0	0	0	448	256	416	464	432	448	240	200	376	48	432	216	88	392	280
77	0	0	0	8	0	472	464	64	128	440	240	368	384	184	192	504	536	320	216	24
78	8	0	0	0	0	512	384	176	32	504	72	680	48	200	176	616	304	136	160	560
79	0	0	0	0	0	624	704	192	592	632	416	400	112	520	112	280	0	88	288	216
80	0	0	8	0	0	224	328	616	568	112	552	208	512	504	136	400	56	560	544	16
81	0	0	0	0	0	272	656	328	464	184	0	376	272	96	16	536	688	72	424	152
82	0	0	0	0	0	264	528	312	592	0	368	808	744	48	496	352	72	440	0	144
83	0	0	0	0	0	0	520	32	360	360	608	216	392	264	0	592	488	264	608	720
84	0	0	0	0	0	792	448	616	296	272	144	488	288	176	192	0	696	208	432	240
85	0	8	0	0	0	120	624	600	296	96	544	128	176	512	40	424	128	600	400	120
86	0	0	0	0	0	288	528	280	384	296	40	304	408	288	392	248	248	344	480	632
87	0	0	0	0	0	128	120	384	472	544	224	480	456	552	152	328	408	440	136	472
88	0	0	0	0	0	464	56	664	776	472	608	472	0	480	184	184	232	32	40	776
89	0	0	0	0	0	360	0	768	328	344	48	576	248	264	200	112	320	224	176	760
90	0	0	0	0	8	352	16	688	80	440	192	456	600	168	456	128	64	352	632	424
91	0	0	0	0	0	296	240	168	0	208	400	360	544	280	360	560	416	568	224	416
92	0	0	0	0	0	360	360	16	624	232	720	0	192	248	752	456	720	408	328	0
93	8	0	0	0	0	256	624	320	488	0	648	192	560	0	312	632	0	0	448	552
94	0	0	0	8	0	304	248	232	736	208	264	72	144	368	408	536	792	152	240	136
95	0	0	8	0	0	288	80	520	480	120	504	520	504	16	512	168	424	120	544	160
96	0	8	0	0	0	776	624	208	176	72	544	48	304	792	144	200	304	40	8	288
97	0	0	0	0	0	16	232	96	0	192	296	0	632	656	520	0	192	312	736	600
98	0	0	0	0	0	16	416	336	16	0	224	760	624	200	144	504	40	664	440	0
99	0	0	0	0	0	552	240	288	192	656	744	432	224	552	72	88	80	440	96	440
100	0	0	0	0	0	192	0	0	0	160	552	32	584	0	736	664	296	752	0	560
101	0	0	0	0	0	96	536	224	368	872	824	304	120	432	0	256	248	0	56	192
102	0	0	0	0	0	792	232	248	592	240	160	800	80	280	88	40	0	160	264	184
103	0	0	0	0	8	32	216	368	48	432	464	496	0	680	328	200	392	576	112	464
104	0	0	0	0	0	352	416	672	552	464	64	184	208	656	168	728	384	160	104	56
105	0	0	0	0	0	256	256	152	224	664	456	672	728	120	88	456	0	440	168	312
106	0	0	0	0	0	640	672	48	176	16	360	384	120	568	672	0	600	608	24	232
107	0	0	0	0	0	552	576	536	0	136	168	80	504	184	752	96	400	320	136	512
108	0	0	0	0	0	320	104	384	176	296	232	320	368	280	344	48	592	408	456	232
109	0	0	0	0	0	56	120	576	112	312	560	568	72	528	640	32	648	272	424	288
110	0	0	0	8	0	176	664	136	352	496	200	0	656	624	560	480	360	152	56	288
111	0	0	0	0	0	448	360	200	424	440	520	208	208	384	112	384	8	56	424	544
112	0	0	0	0	0	72	160	176	376	456	504	352	120	600	488	176	488	656	240	232
113	8	0	0	0	0	32	208	536	520	336	88	712	560	136	264	104	528	56	56	560
114	0	0	0	0	0	520	0	696	224	88	344	616	32	192	592	0	48	352	664	0
115	0	0	0	0	0	384	496	240	32	368	488	400	304	224	504	16	232	424	544	368
116	0	0	0	0	0	464	424	744	760	200	176	0	0	112	0	728	304	248	416	0
117	0	0	0	0	0	0	584	496	488	192	192	128	224	712	480	0	136	600	184	600
118	0	0	0	0	0	392	280	472	360	352	80	368	528	416	504	48	240	384	80	520
119	0	0	0	0	0	320	232	344	816	40	192	24	416	56	600	168	320	680	624	224
120	0	0	0	0	0	584	664	0	0	440	408	520	520	152	592	280	456	248	16	0
(1,13130)	(2,6615)	(3,0)	(4,6449)	
(1,6174)	(2,1709)	(3,0)	(4,22)	
(1,7364)	(2,2389)	(3,0)	(4,161)	
(1,6789)	(2,2090)	(3,0)	(4,150)	
(1,6645)	(2,2066)	(3,0)	(4,92)	
(1,1)	(2,0)	(3,0)	(4,0)	
(1,1)	(2,0)	(3,0)	(4,0)	
(1,1)	(2,0)	(3,0)	(4,0)	
(1,1)	(2,0)	(3,0)	(4,0)	
(1,1)	(2,0)	(3,0)	(4,0)	
(1,1)	(2,0)	(3,0)	(4,0)	
(1,1)	(2,0)	(3,0)	(4,0)	
(1,1)	(2,0)	(3,0)	(4,0)	
(1,1)	(2,0)	(3,0)	(4,0)	
(1,1)	(2,0)	(3,0)	(4,0)	
(1,1)	(2,0)	(3,0)	(4,0)	
(1,1)	(2,0)	(3,0)	(4,0)	
(1,1)	(2,0)	(3,0)	(4,0)	
(1,1)	(2,0)	(3,0)	(4,0)	
(1,1)	(2,0)	(3,0)	(4,0)	
(1,1)	(2,0)	(3,0)	(4,0)	
avg	0.4	0.4	0.266667	0.4	0.4	341.467	359.467	342.133	367.733	314.667	369.333	352.533	305.333	330.667	321.867	286.667	277.333	294.4	305.067	316.667
delay	1.33333	29.3333	15	2	45	17.0219	14.0586	14.0148	13.4184	17.4229	16.5063	15.9176	15.5782	16.473	12.8608	16.9442	21.6317	14.731	16.9738	15.2122
loss	0	0	0	0	0	0.251826	0.225065	0.252331	0.23325	0.240669	0.247011	0.240597	0.260813	0.243672	0.223794	0.262689	0.272981	0.24693	0.252043	0.241941
Command ['/home/ubuntu/ns-3.30-obss/build/scratch/simple-ofdma-adhoc4', '--ofdmaEnabled=true', '--startTime=60', '--totalTime=120', '--dataMode=HeMcs3', '--datarate=9e5', '--clNum=20', '--ratio=0.375', '--RngRun=2'] terminated with signal SIGSEGV. Run it under a debugger to get more information (./waf --run <program> --command-template="gdb --args %s <args>").
