Waf: Entering directory `/home/ubuntu/ns-3.30-obss/build'
Waf: Leaving directory `/home/ubuntu/ns-3.30-obss/build'
Build commands will be stored in build/compile_commands.json
'build' finished successfully (0.733s)
--------------------------Rate[Kbps]--------------------------
Time[s]	cl-1	cl-2	cl-3	cl-4	cl-5	cl-6	cl-7	cl-8	cl-9	cl-10	cl-11	cl-12	cl-13	cl-14	cl-15	cl-16	cl-17	cl-18
60	12	14.2	15.8	14	16.2	14.2	15.6	11.8	13.2	16	11.4	15.6	15.4	15.2	14.2	12	14.8	13.2
61	0	0	0	0	0	0	48	40	40	48	88	48	120	0	64	40	96	0
62	0	0	0	0	0	0	104	104	0	32	112	24	96	96	16	24	136	112
63	0	0	0	0	0	0	8	120	80	152	168	80	80	72	176	128	64	64
64	0	0	0	0	0	0	16	32	168	0	56	88	160	24	80	184	200	56
65	0	0	0	0	0	0	16	0	112	136	56	80	72	64	120	160	64	112
66	0	0	0	0	0	0	152	160	176	56	112	200	56	120	72	160	192	168
67	0	0	0	0	0	0	0	200	96	16	88	200	0	200	48	56	32	80
68	0	0	0	0	0	0	120	72	112	144	24	56	8	192	40	112	0	192
69	0	0	0	0	0	0	112	88	104	0	56	192	0	40	152	144	128	136
70	0	0	0	0	0	0	120	136	64	32	112	48	152	184	192	96	0	104
71	0	0	0	0	0	0	176	120	184	64	200	184	184	96	136	24	32	0
72	0	0	0	0	0	0	48	88	104	40	192	184	0	32	96	72	0	136
73	0	0	0	0	0	0	152	144	0	48	136	120	40	0	16	200	88	168
74	0	0	0	0	0	0	152	200	56	64	200	112	16	136	32	56	104	144
75	0	0	0	0	0	0	192	96	128	32	56	32	152	16	160	176	200	8
76	0	0	0	0	0	0	96	24	112	192	32	104	80	0	120	16	176	152
77	0	0	0	0	0	0	0	56	200	64	80	0	32	24	160	0	56	152
78	0	0	0	0	0	0	80	56	32	8	8	168	56	200	0	152	120	184
79	0	0	0	0	0	0	160	120	64	64	136	88	56	152	136	104	96	168
80	0	0	0	0	0	0	80	192	56	200	168	56	168	8	32	0	80	168
81	0	0	0	0	0	0	40	40	80	80	144	0	72	24	192	112	152	40
82	0	0	0	0	0	0	168	64	200	192	8	152	160	72	32	64	80	144
83	0	0	0	0	0	0	0	200	64	0	168	184	200	48	0	104	104	88
84	0	0	0	0	0	0	72	176	56	72	200	136	16	0	176	24	120	136
85	0	0	0	0	0	0	96	160	168	8	80	120	56	40	48	64	176	120
86	0	0	0	0	0	0	184	176	96	200	72	112	144	104	32	160	144	88
87	0	0	0	0	0	0	112	40	200	40	64	16	40	0	200	192	0	120
88	0	0	0	0	0	0	8	112	168	136	152	112	144	96	96	120	0	72
89	0	0	0	0	0	0	144	64	32	24	24	0	176	120	72	200	0	104
90	0	0	0	0	0	0	72	192	40	184	120	168	0	192	152	144	120	0
91	0	0	0	0	0	0	176	112	32	160	184	128	72	192	200	40	96	168
92	0	0	0	0	0	0	0	144	56	24	152	0	40	200	0	24	200	184
93	0	0	0	0	0	0	88	8	96	144	168	112	24	48	24	136	88	136
94	0	0	0	0	0	0	96	0	32	104	152	200	184	184	40	200	144	136
95	0	0	0	0	0	0	16	184	144	0	112	120	72	128	192	24	16	184
96	0	0	0	0	0	0	0	168	160	96	120	64	0	160	48	24	96	144
97	0	0	0	0	0	0	128	200	0	112	112	8	144	8	8	0	72	32
98	0	0	0	0	0	0	0	136	136	24	0	152	128	16	128	136	24	32
99	0	0	0	0	0	0	192	128	144	176	96	128	136	0	168	0	48	112
100	0	0	0	0	0	0	168	32	8	128	136	0	200	8	56	168	64	88
101	0	0	0	0	0	0	200	144	0	64	40	144	32	136	40	144	0	0
102	0	0	0	0	0	0	104	200	160	176	32	184	72	40	160	48	24	104
103	0	0	0	0	0	0	0	72	32	136	48	88	32	0	88	0	32	80
104	0	0	0	0	0	0	72	200	96	120	56	32	32	120	144	104	16	72
105	0	0	0	0	0	0	0	88	64	152	0	192	0	104	136	200	32	200
106	0	0	0	0	0	0	112	144	96	184	72	128	72	56	104	40	0	56
107	0	0	0	0	0	0	192	128	200	32	96	24	32	16	168	0	112	0
108	0	0	0	0	0	0	128	72	0	16	0	136	128	192	72	136	184	128
109	0	0	0	0	0	0	112	40	16	96	16	72	64	112	136	64	152	168
110	0	0	0	0	0	0	0	120	24	168	64	8	0	56	80	144	72	160
111	0	0	0	0	0	0	160	184	136	144	128	160	152	0	200	80	0	16
112	0	0	0	0	0	0	112	56	8	152	96	120	32	152	96	80	96	200
113	0	0	0	0	0	0	0	40	112	104	0	0	0	184	24	64	192	200
114	0	0	0	0	0	0	96	192	40	120	120	96	64	120	64	144	48	112
115	0	0	0	0	0	0	0	136	48	0	24	192	96	8	24	0	152	96
116	0	0	0	0	0	0	144	120	0	176	40	0	96	72	184	104	56	80
117	0	0	0	0	0	0	168	24	152	32	96	120	112	24	192	72	88	200
118	0	0	0	0	0	0	56	184	0	136	120	144	80	16	160	104	0	120
119	0	0	0	0	0	0	32	120	8	104	160	144	144	0	152	88	96	136
120	0	0	0	0	0	0	0	56	24	64	0	40	120	40	48	200	176	128
(1,9654)	(2,163)	(3,0)	(4,0)	
(1,4679)	(2,110)	(3,0)	(4,0)	
(1,4583)	(2,120)	(3,0)	(4,0)	
(1,2290)	(2,31)	(3,0)	(4,0)	
(1,2288)	(2,37)	(3,0)	(4,0)	
(1,2124)	(2,42)	(3,0)	(4,0)	
(1,2355)	(2,33)	(3,0)	(4,0)	
(1,1)	(2,0)	(3,0)	(4,0)	
(1,1)	(2,0)	(3,0)	(4,0)	
(1,1)	(2,0)	(3,0)	(4,0)	
(1,1)	(2,0)	(3,0)	(4,0)	
(1,1)	(2,0)	(3,0)	(4,0)	
(1,1)	(2,0)	(3,0)	(4,0)	
(1,1)	(2,0)	(3,0)	(4,0)	
(1,1)	(2,0)	(3,0)	(4,0)	
(1,1)	(2,0)	(3,0)	(4,0)	
(1,1)	(2,0)	(3,0)	(4,0)	
(1,1)	(2,0)	(3,0)	(4,0)	
(1,1)	(2,0)	(3,0)	(4,0)	
avg	0	0	0	0	0	0	88	111.733	83.6	91.2	92.5333	100	81.6	79.0667	99.7333	94.2667	85.6	111.467
delay	0.3	0.267606	0.746835	0.742857	0.740741	0.760563	2.40909	2.38425	2.36204	2.34942	2.48271	2.448	2.54412	2.49916	2.44385	2.35502	2.3162	2.46292
loss	0	0	0.0125	0	0	0	0.0322581	0.019883	0.0294118	0.0172414	0.0361111	0.0335052	0.0331754	0.0357724	0.0385604	0.0301783	0.0302115	0.0412844
Command ['/home/ubuntu/ns-3.30-obss/build/scratch/simple-ofdma-adhoc4', '--ofdmaEnabled=true', '--startTime=60', '--totalTime=120', '--dataMode=HeMcs3', '--datarate=2e5', '--ratio=0.375', '--RngRun=31', '--locationFile=my-simulations/8_ofdma7/txt/locationFile223.txt', '--routingFile=my-simulations/8_ofdma7/txt/routingFile223.txt'] terminated with signal SIGSEGV. Run it under a debugger to get more information (./waf --run <program> --command-template="gdb --args %s <args>").
