Waf: Entering directory `/home/ubuntu/ns-3.30-obss/build'
Waf: Leaving directory `/home/ubuntu/ns-3.30-obss/build'
Build commands will be stored in build/compile_commands.json
'build' finished successfully (0.717s)
--------------------------Rate[Kbps]--------------------------
Time[s]	cl-1	cl-2	cl-3	cl-4	cl-5	cl-6	cl-7	cl-8	cl-9	cl-10	cl-11	cl-12	cl-13	cl-14	cl-15
60	12.4	13.6	16	15	19.2	14	13.6	11.6	16.4	13.2	17.4	14.8	12.4	13.2	17.4
61	0	0	0	0	0	136	0	72	520	432	0	272	80	320	0
62	0	0	0	0	0	600	384	352	96	216	416	352	424	592	16
63	0	0	0	0	0	296	368	320	528	192	600	24	32	312	400
64	0	0	0	0	0	312	368	592	528	576	168	240	192	192	456
65	0	0	0	0	0	176	376	424	336	320	328	552	280	88	424
66	0	0	0	0	0	344	0	472	176	88	344	584	368	256	496
67	0	0	0	0	0	376	480	0	168	24	0	304	552	280	0
68	0	0	0	0	0	600	392	176	240	104	296	304	232	232	424
69	0	0	0	0	0	152	552	528	392	296	312	536	232	272	336
70	0	0	0	0	0	0	80	376	216	216	336	152	288	296	272
71	0	0	0	0	0	224	584	136	312	176	448	152	328	144	384
72	0	0	0	0	0	72	184	504	248	112	136	264	16	512	560
73	0	0	0	0	0	0	0	40	600	0	448	280	280	224	184
74	0	0	0	0	0	0	0	72	216	352	0	32	0	0	248
75	0	0	0	0	0	336	856	48	512	312	176	112	544	416	88
76	0	0	0	0	0	560	600	320	248	216	320	104	120	264	192
77	0	0	0	0	0	120	280	56	8	152	600	312	504	376	528
78	0	0	0	0	0	128	392	88	544	0	264	600	168	576	512
79	0	0	0	0	0	176	40	352	208	192	280	280	0	0	472
80	0	0	0	0	0	528	360	80	560	448	432	0	544	536	560
81	0	0	0	0	0	328	488	288	80	40	336	96	64	568	288
82	0	0	0	0	0	0	0	128	56	144	504	472	320	528	128
83	0	0	0	0	0	144	456	152	184	272	0	216	552	136	232
84	0	0	0	0	0	0	0	488	224	0	456	88	104	136	328
85	0	0	0	0	0	416	376	256	376	104	0	224	64	72	160
86	0	0	0	0	0	504	0	376	152	264	128	552	424	472	584
87	0	0	0	0	0	160	448	336	448	288	320	304	344	376	128
88	0	0	0	0	0	288	320	600	136	72	112	96	304	232	16
89	0	0	0	0	0	336	520	176	168	600	576	240	0	600	440
90	0	0	0	0	0	488	296	448	0	416	120	488	296	400	224
91	0	0	0	0	0	416	416	520	416	112	200	160	72	496	328
92	0	0	0	0	0	544	0	96	600	0	296	32	384	232	224
93	0	0	0	0	0	344	336	0	280	304	304	368	400	432	0
94	0	0	0	0	0	592	72	440	392	288	0	16	368	272	496
95	0	0	0	0	0	448	0	0	344	80	264	360	176	472	56
96	0	0	0	0	0	216	552	200	336	200	568	528	88	0	152
97	0	0	0	0	0	136	488	600	488	600	288	304	224	552	256
98	0	0	0	0	0	104	520	400	416	480	16	352	504	328	328
99	0	0	0	0	0	304	0	456	216	304	240	304	152	512	504
100	0	0	0	0	0	496	408	216	464	440	208	528	360	504	456
101	0	0	0	0	0	448	296	112	0	424	568	264	8	456	0
102	0	0	0	0	0	40	0	264	144	0	48	368	0	400	176
103	0	0	0	0	0	408	336	544	128	344	400	72	488	376	120
104	0	0	0	0	0	368	64	336	288	400	528	280	400	48	312
105	0	0	0	0	0	0	496	472	584	352	280	544	0	0	184
106	0	0	0	0	0	8	328	96	272	568	592	336	184	512	208
107	0	0	0	0	0	216	288	224	464	32	24	464	464	40	472
108	0	0	0	0	0	0	448	368	320	320	376	216	24	112	248
109	0	0	0	0	0	544	464	328	304	0	40	416	232	568	0
110	0	0	0	0	0	296	72	232	496	232	592	400	648	552	248
111	0	0	0	0	0	200	352	0	504	448	400	464	208	360	40
112	0	0	0	0	0	592	448	344	224	72	464	368	544	280	0
113	0	0	0	0	0	528	280	0	336	200	0	400	312	296	440
114	0	0	0	0	0	560	288	376	280	0	88	376	0	256	456
115	0	0	0	0	0	352	400	272	88	312	408	528	152	24	232
116	0	0	0	0	0	464	0	0	0	312	32	0	240	0	64
117	0	0	0	0	0	432	496	480	208	0	400	80	240	496	192
118	0	0	0	0	0	264	584	240	568	600	576	16	56	336	400
119	0	0	0	0	0	216	432	400	256	512	128	64	0	576	96
120	0	0	0	0	0	96	568	0	208	328	240	416	528	152	192
(1,19480)	(2,1552)	(3,0)	(4,311)	
(1,4294)	(2,135)	(3,0)	(4,64)	
(1,4222)	(2,118)	(3,0)	(4,45)	
(1,4056)	(2,82)	(3,0)	(4,23)	
(1,4093)	(2,86)	(3,0)	(4,11)	
(1,4438)	(2,105)	(3,0)	(4,20)	
(1,1)	(2,0)	(3,0)	(4,0)	
(1,1)	(2,0)	(3,0)	(4,0)	
(1,1)	(2,0)	(3,0)	(4,0)	
(1,1)	(2,0)	(3,0)	(4,0)	
(1,1)	(2,0)	(3,0)	(4,0)	
(1,1)	(2,0)	(3,0)	(4,0)	
(1,1)	(2,0)	(3,0)	(4,0)	
(1,1)	(2,0)	(3,0)	(4,0)	
(1,1)	(2,0)	(3,0)	(4,0)	
(1,1)	(2,0)	(3,0)	(4,0)	
avg	0	0	0	0	0	290.533	310.533	271.2	301.733	248.133	283.733	287.6	251.867	317.467	266
delay	0.306452	0.323529	0.375	0.333333	0.291667	41.8779	61.5294	23.4902	24.8281	26.7587	23.703	10.1892	12.5289	16.9462	19.476
loss	0	0.0144928	0	0	0	0.0400881	0.0739563	0.0762943	0.050755	0.0505102	0.0683012	0.0613577	0.0545546	0.0532803	0.0602637
Command ['/home/ubuntu/ns-3.30-obss/build/scratch/simple-ofdma-adhoc4', '--ofdmaEnabled=true', '--startTime=60', '--totalTime=120', '--dataMode=HeMcs3', '--datarate=6e5', '--ratio=0.375', '--RngRun=31', '--locationFile=my-simulations/8_ofdma7/txt/locationFile52.txt', '--routingFile=my-simulations/8_ofdma7/txt/routingFile52.txt'] terminated with signal SIGSEGV. Run it under a debugger to get more information (./waf --run <program> --command-template="gdb --args %s <args>").
