Waf: Entering directory `/home/ubuntu/ns-3.30-obss/build'
Waf: Leaving directory `/home/ubuntu/ns-3.30-obss/build'
Build commands will be stored in build/compile_commands.json
'build' finished successfully (0.867s)
--------------------------Rate[Kbps]--------------------------
Time[s]	cl-1	cl-2	cl-3	cl-4	cl-5	cl-6	cl-7	cl-8	cl-9	cl-10	cl-11	cl-12	cl-13	cl-14	cl-15	cl-16	cl-17	cl-18
60	13.4	15.6	17.2	13	15.4	12.6	15.6	13.6	15.8	14.2	15.8	15.6	15.2	15.4	16	14.2	11.2	12.6
61	0	0	0	104	24	0	0	144	56	24	360	0	0	16	264	0	24	0
62	0	0	0	0	176	312	216	128	304	392	80	128	16	288	376	72	304	32
63	0	0	0	120	0	8	384	144	392	288	80	224	400	0	384	24	216	176
64	0	0	0	40	376	120	336	376	384	384	392	160	272	56	184	288	184	256
65	0	0	0	112	312	0	384	392	112	136	240	72	136	72	384	0	96	280
66	0	0	0	208	312	152	272	184	32	336	64	96	120	0	88	104	0	216
67	0	0	0	392	0	360	344	352	280	120	176	152	128	96	408	400	40	88
68	0	0	0	240	264	0	248	400	32	320	0	320	400	88	184	112	368	0
69	0	0	0	272	208	320	400	240	264	240	200	48	88	152	288	56	168	384
70	0	0	0	288	144	40	280	360	272	8	0	0	0	400	0	40	0	400
71	0	0	0	304	8	280	48	80	400	288	264	40	120	32	336	0	232	8
72	0	0	0	312	336	280	56	320	136	368	96	104	272	376	0	64	312	8
73	0	0	0	80	216	0	112	216	240	64	0	400	400	128	352	344	0	400
74	0	0	0	0	360	296	0	400	352	0	280	256	200	240	200	344	48	72
75	0	0	0	128	120	144	288	192	56	272	176	384	136	32	32	24	296	0
76	0	0	0	352	360	304	72	0	248	136	392	272	392	128	296	384	248	424
77	0	0	0	48	320	376	144	64	400	200	80	256	320	0	120	272	0	176
78	0	0	0	0	392	152	0	200	168	376	72	288	312	136	208	32	176	16
79	0	0	0	288	232	328	336	264	144	0	192	104	0	392	184	104	224	0
80	0	0	0	144	0	192	48	48	304	128	304	232	128	72	128	216	216	224
81	0	0	0	400	384	384	176	96	200	0	160	320	56	0	296	160	168	328
82	0	0	0	208	376	200	104	128	64	248	216	120	280	48	0	240	352	152
83	0	0	0	72	48	136	224	0	160	232	400	0	168	200	288	232	72	344
84	0	0	0	304	160	368	72	304	40	384	112	232	344	400	304	376	152	0
85	0	0	0	168	0	320	136	328	248	88	32	216	256	272	0	224	120	304
86	0	0	0	32	144	128	256	400	152	128	120	48	384	272	280	72	168	248
87	0	0	0	152	8	392	128	120	72	264	384	120	312	288	368	224	328	296
88	0	0	0	0	256	8	392	104	344	280	184	128	352	88	176	368	32	392
89	0	0	0	320	0	232	240	288	0	56	208	392	72	200	360	312	344	352
90	0	0	0	360	64	40	80	304	56	352	176	192	264	256	40	216	248	208
91	0	0	0	200	200	184	224	200	400	0	320	232	400	96	64	320	272	0
92	0	0	0	400	352	72	248	80	208	248	232	120	40	224	0	376	200	168
93	0	0	0	48	232	0	176	0	328	168	208	256	160	336	264	128	240	400
94	0	0	0	264	88	224	160	264	392	336	136	344	200	360	288	184	176	248
95	0	0	0	64	176	184	312	392	296	24	280	320	0	312	72	88	96	24
96	0	0	0	96	352	392	64	368	0	248	336	264	176	384	0	208	64	232
97	0	0	0	56	296	0	392	384	48	328	144	248	48	168	160	0	136	280
98	0	0	0	136	264	16	344	384	296	0	200	232	280	0	336	24	0	16
99	0	0	0	112	240	48	248	280	64	0	96	328	312	256	368	72	256	272
100	0	0	0	392	104	336	392	168	120	0	88	144	304	200	328	0	112	304
101	0	0	0	344	176	136	112	184	240	352	248	72	368	296	176	296	368	160
102	0	0	0	248	152	224	296	336	128	0	248	392	272	384	216	0	216	232
103	0	0	0	384	392	368	0	280	88	16	232	224	216	272	64	120	0	368
104	0	0	0	336	392	16	112	320	0	64	384	240	56	72	136	320	104	144
105	0	0	0	336	72	240	168	32	232	200	152	136	96	64	400	320	192	0
106	0	0	0	240	0	144	112	88	248	256	400	64	0	400	360	264	224	192
107	0	0	0	0	352	184	176	400	0	0	112	232	192	296	152	216	208	40
108	0	0	0	16	152	104	64	56	16	240	248	400	152	32	240	200	160	40
109	0	0	0	72	368	184	400	368	48	344	208	184	360	24	16	376	72	392
110	0	0	0	352	176	0	216	184	248	0	168	304	0	0	136	376	296	376
111	0	0	0	0	312	272	0	320	160	168	280	0	336	136	312	0	280	400
112	0	0	0	120	208	272	400	88	336	136	360	312	0	328	208	176	16	8
113	0	0	0	392	256	368	104	104	288	96	104	256	40	80	336	208	400	368
114	0	0	0	304	48	88	136	56	144	168	312	128	184	80	128	272	224	256
115	0	0	0	56	208	0	272	48	0	0	312	360	96	80	248	40	88	160
116	0	0	0	104	400	312	80	400	288	72	0	176	248	112	0	120	0	112
117	0	0	0	32	88	280	312	240	88	40	272	32	376	152	264	400	88	0
118	0	0	0	40	152	0	32	144	256	360	232	168	120	200	128	248	400	360
119	0	0	0	144	0	168	88	184	0	280	216	128	200	0	296	392	272	152
120	0	0	0	144	392	176	0	392	168	160	256	272	288	280	296	288	40	128
(1,20758)	(2,1243)	(3,0)	(4,76)	
(1,7308)	(2,270)	(3,0)	(4,1)	
(1,7027)	(2,287)	(3,0)	(4,36)	
(1,6900)	(2,278)	(3,0)	(4,14)	
(1,1)	(2,0)	(3,0)	(4,0)	
(1,1)	(2,0)	(3,0)	(4,0)	
(1,1)	(2,0)	(3,0)	(4,0)	
(1,1)	(2,0)	(3,0)	(4,0)	
(1,1)	(2,0)	(3,0)	(4,0)	
(1,1)	(2,0)	(3,0)	(4,0)	
(1,1)	(2,0)	(3,0)	(4,0)	
(1,1)	(2,0)	(3,0)	(4,0)	
(1,1)	(2,0)	(3,0)	(4,0)	
(1,1)	(2,0)	(3,0)	(4,0)	
(1,1)	(2,0)	(3,0)	(4,0)	
(1,1)	(2,0)	(3,0)	(4,0)	
(1,1)	(2,0)	(3,0)	(4,0)	
(1,1)	(2,0)	(3,0)	(4,0)	
(1,1)	(2,0)	(3,0)	(4,0)	
avg	0	0	0	181.333	203.333	181.067	190.267	222	184	173.6	203.733	197.867	197.467	172.533	208.667	188.933	172.267	193.6
delay	0.38806	0.269231	0.360465	6.01618	2.33246	2.29529	2.05957	1.1982	10.8652	7.0914	11.2297	3.42925	12.2377	5.3609	2.13227	4.01976	5.20356	21.0702
loss	0	0	0	0.035461	0.0199229	0.0223182	0.0312288	0.0188568	0.0149893	0.0180995	0.0211403	0.0268852	0.0358073	0.0189538	0.0224859	0.0132312	0.0271084	0.0169262
Command ['/home/ubuntu/ns-3.30-obss/build/scratch/simple-ofdma-adhoc4', '--ofdmaEnabled=true', '--startTime=60', '--totalTime=120', '--dataMode=HeMcs5', '--datarate=4e5', '--ratio=0.375', '--RngRun=47', '--locationFile=my-simulations/8_ofdma7/txt/locationFile35.txt', '--routingFile=my-simulations/8_ofdma7/txt/routingFile35.txt'] terminated with signal SIGSEGV. Run it under a debugger to get more information (./waf --run <program> --command-template="gdb --args %s <args>").
