Waf: Entering directory `/home/ubuntu/ns-3.30-obss/build'
Waf: Leaving directory `/home/ubuntu/ns-3.30-obss/build'
Build commands will be stored in build/compile_commands.json
'build' finished successfully (0.753s)
--------------------------Rate[Kbps]--------------------------
Time[s]	cl-1	cl-2	cl-3	cl-4	cl-5	cl-6	cl-7	cl-8	cl-9
60	13.8	15.8	14.8	15.2	16.2	13.2	17.2	15.6	17.2
61	0	0	0	352	0	728	624	0	80
62	0	0	0	440	32	704	208	64	328
63	0	0	0	472	128	800	800	8	0
64	0	0	0	104	0	440	552	776	568
65	0	0	0	0	672	616	24	640	112
66	0	0	0	744	344	528	320	96	256
67	0	0	0	104	0	448	552	688	192
68	0	0	0	32	472	624	800	680	0
69	0	0	0	616	64	0	512	576	360
70	0	0	0	720	672	224	520	256	632
71	0	0	0	504	0	712	56	184	88
72	0	0	0	320	568	328	424	624	280
73	0	0	0	296	88	808	600	0	40
74	0	0	0	768	528	520	632	312	800
75	0	0	0	400	0	544	792	640	416
76	0	0	0	264	176	512	304	800	752
77	0	0	0	328	24	632	576	304	664
78	0	0	0	240	776	272	480	256	0
79	0	0	0	504	632	96	0	520	224
80	0	0	0	0	536	528	392	160	72
81	0	0	0	400	728	296	144	584	888
82	0	0	0	400	496	112	336	16	328
83	0	0	0	744	560	768	680	568	136
84	0	0	0	456	232	680	256	800	408
85	0	0	0	144	416	352	0	464	296
86	0	0	0	0	376	560	304	96	744
87	0	0	0	536	672	544	696	296	328
88	0	0	0	48	0	648	168	560	0
89	0	0	0	512	656	520	264	800	248
90	0	0	0	552	280	512	160	352	192
91	0	0	0	720	232	728	576	264	0
92	0	0	0	392	800	472	792	0	640
93	0	0	0	632	184	624	80	448	672
94	0	0	0	752	184	768	688	288	440
95	0	0	0	240	528	40	24	792	704
96	0	0	0	624	736	72	800	488	88
97	0	0	0	120	0	64	536	592	216
98	0	0	0	432	352	0	424	568	776
99	0	0	0	32	656	328	600	0	688
100	0	0	0	40	576	0	392	248	304
101	0	0	0	464	648	208	0	0	296
102	0	0	0	0	640	528	408	544	112
103	0	0	0	272	0	744	352	760	376
104	0	0	0	800	480	736	0	64	776
105	0	0	0	232	216	712	88	584	344
106	0	0	0	800	448	800	736	160	304
107	0	0	0	496	16	312	792	264	792
108	0	0	0	744	792	696	56	0	0
109	0	0	0	328	352	800	376	368	128
110	0	0	0	152	104	512	800	264	800
111	0	0	0	384	144	400	328	80	184
112	0	0	0	560	32	168	696	792	656
113	0	0	0	144	776	776	800	224	440
114	0	0	0	376	416	328	88	592	192
115	0	0	0	640	248	680	288	144	576
116	0	0	0	744	688	72	56	448	728
117	0	0	0	552	672	272	344	0	512
118	0	0	0	792	432	240	368	80	392
119	0	0	0	576	168	8	624	368	32
120	0	0	0	0	584	296	640	0	512
(1,17172)	(2,673)	(3,0)	(4,118)	
(1,5800)	(2,113)	(3,0)	(4,7)	
(1,6081)	(2,355)	(3,0)	(4,3)	
(1,5235)	(2,133)	(3,0)	(4,66)	
(1,1)	(2,0)	(3,0)	(4,0)	
(1,2)	(2,0)	(3,0)	(4,0)	
(1,1)	(2,0)	(3,0)	(4,0)	
(1,1)	(2,0)	(3,0)	(4,0)	
(1,1)	(2,0)	(3,0)	(4,0)	
(1,1)	(2,0)	(3,0)	(4,0)	
avg	0	0	0	400.667	370.533	457.333	415.467	359.067	368.533
delay	0.246377	0.253165	0.256757	6.58536	6.27168	5.71341	2.45475	30.7185	20.275
loss	0	0	0	0.0141076	0.0296788	0.0230704	0.0170347	0.0281487	0.0362622
Command ['/home/ubuntu/ns-3.30-obss/build/scratch/simple-ofdma-adhoc4', '--ofdmaEnabled=true', '--startTime=60', '--totalTime=120', '--dataMode=HeMcs3', '--datarate=8e5', '--ratio=0.375', '--RngRun=47', '--locationFile=my-simulations/8_ofdma7/txt/locationFile32.txt', '--routingFile=my-simulations/8_ofdma7/txt/routingFile32.txt'] terminated with signal SIGSEGV. Run it under a debugger to get more information (./waf --run <program> --command-template="gdb --args %s <args>").
