Waf: Entering directory `/home/ubuntu/ns-3.30-obss/build'
Waf: Leaving directory `/home/ubuntu/ns-3.30-obss/build'
Build commands will be stored in build/compile_commands.json
'build' finished successfully (0.700s)
--------------------------Rate[Kbps]--------------------------
Time[s]	cl-1	cl-2	cl-3	cl-4	cl-5	cl-6	cl-7	cl-8	cl-9	cl-10	cl-11	cl-12
60	16.4	12.8	14	14.2	14.8	15.4	14.4	14.8	17.2	17.8	15	14.6
61	0	0	0	688	392	512	0	496	440	256	56	192
62	0	0	0	784	424	744	288	440	480	184	408	152
63	0	0	0	384	312	416	136	784	280	192	0	552
64	0	0	0	120	16	480	8	304	224	448	504	408
65	0	0	0	144	0	240	128	616	776	616	624	144
66	0	0	0	272	520	0	160	0	320	800	376	408
67	0	0	0	520	800	728	616	576	264	520	264	736
68	0	0	0	440	472	504	432	664	248	88	528	672
69	0	0	0	800	88	776	400	664	200	408	392	128
70	0	0	0	528	744	24	624	96	144	800	512	800
71	0	0	0	128	400	696	696	736	800	192	720	112
72	0	0	0	208	304	680	128	664	256	552	632	408
73	0	0	0	336	232	432	40	384	552	568	0	176
74	0	0	0	280	0	464	600	0	456	192	176	368
75	0	0	0	328	448	424	384	304	56	344	0	328
76	0	0	0	784	344	792	72	560	96	520	280	328
77	0	0	0	160	184	344	512	32	0	384	248	264
78	0	0	0	72	80	128	240	400	384	0	392	184
79	0	0	0	560	344	216	104	184	424	328	256	800
80	0	0	0	248	424	56	408	464	0	0	488	480
81	0	0	0	144	608	552	800	88	392	672	120	776
82	0	0	0	0	464	200	328	224	704	600	656	0
83	0	0	0	232	616	0	784	688	216	392	408	472
84	0	0	0	120	312	56	472	640	520	800	40	800
85	0	0	0	104	104	0	264	248	72	560	40	16
86	0	0	0	704	464	592	288	0	40	0	432	168
87	0	0	0	0	440	800	584	304	512	376	240	568
88	0	0	0	328	480	736	0	680	720	192	96	584
89	0	0	0	568	232	56	592	248	368	56	296	336
90	0	0	0	376	752	224	432	520	672	304	720	80
91	0	0	0	0	48	16	744	680	800	272	696	232
92	0	0	0	472	496	544	416	544	40	0	272	568
93	0	0	0	456	432	488	728	64	528	120	56	416
94	0	0	0	400	0	480	128	632	80	104	208	360
95	0	0	0	408	376	0	0	400	296	664	800	0
96	0	0	0	0	480	752	608	528	504	800	392	248
97	0	0	0	448	600	88	128	0	640	368	184	768
98	0	0	0	704	528	368	496	672	552	176	160	424
99	0	0	0	0	728	664	680	88	472	0	448	528
100	0	0	0	584	616	496	576	552	608	264	152	504
101	0	0	0	776	648	720	448	320	496	152	664	208
102	0	0	0	168	160	48	416	384	768	248	664	0
103	0	0	0	48	776	288	288	280	296	640	48	520
104	0	0	0	664	408	0	72	440	704	104	200	720
105	0	0	0	384	208	512	0	264	496	720	800	0
106	0	0	0	784	584	208	568	48	416	456	328	704
107	0	0	0	792	392	344	144	432	320	320	336	792
108	0	0	0	64	0	272	40	96	608	384	160	24
109	0	0	0	64	232	176	128	192	776	32	384	552
110	0	0	0	0	768	312	56	144	128	104	336	784
111	0	0	0	560	800	120	48	608	800	400	0	24
112	0	0	0	96	296	736	432	480	672	784	56	0
113	0	0	0	544	528	0	264	112	784	80	80	240
114	0	0	0	632	16	424	752	648	592	72	272	648
115	0	0	0	288	8	0	472	800	112	216	312	104
116	0	0	0	296	8	312	256	160	800	312	688	256
117	0	0	0	0	368	752	760	80	744	240	792	208
118	0	0	0	688	752	464	496	304	112	96	296	416
119	0	0	0	608	176	216	0	0	296	800	240	456
120	0	0	0	0	368	240	40	240	744	416	776	736
(1,23746)	(2,1381)	(3,0)	(4,22)	
(1,8021)	(2,321)	(3,0)	(4,1)	
(1,8479)	(2,230)	(3,0)	(4,27)	
(1,8083)	(2,158)	(3,0)	(4,13)	
(1,1)	(2,0)	(3,0)	(4,0)	
(1,1)	(2,0)	(3,0)	(4,0)	
(1,1)	(2,0)	(3,0)	(4,0)	
(1,1)	(2,0)	(3,0)	(4,0)	
(1,1)	(2,0)	(3,0)	(4,0)	
(1,1)	(2,0)	(3,0)	(4,0)	
(1,1)	(2,0)	(3,0)	(4,0)	
(1,1)	(2,0)	(3,0)	(4,0)	
(1,1)	(2,0)	(3,0)	(4,0)	
avg	0	0	0	354.8	380	365.2	345.067	370	430	344.8	345.067	381.333
delay	0.243902	0.25	0.314286	1.19241	2.73228	1.23658	8.72913	10.4404	2.61953	2.10982	2.11747	1.13217
loss	0	0	0	0.0213314	0.0299523	0.0228327	0.0277986	0.0269986	0.0315315	0.024519	0.0397032	0.0175198
Command ['/home/ubuntu/ns-3.30-obss/build/scratch/simple-ofdma-adhoc4', '--ofdmaEnabled=true', '--startTime=60', '--totalTime=120', '--dataMode=HeMcs7', '--datarate=8e5', '--ratio=0.375', '--RngRun=47', '--locationFile=my-simulations/8_ofdma7/txt/locationFile33.txt', '--routingFile=my-simulations/8_ofdma7/txt/routingFile33.txt'] terminated with signal SIGSEGV. Run it under a debugger to get more information (./waf --run <program> --command-template="gdb --args %s <args>").
