Waf: Entering directory `/home/ubuntu/ns-3.30-obss/build'
Waf: Leaving directory `/home/ubuntu/ns-3.30-obss/build'
Build commands will be stored in build/compile_commands.json
'build' finished successfully (0.748s)
--------------------------Rate[Kbps]--------------------------
Time[s]	cl-1	cl-2	cl-3	cl-4	cl-5	cl-6	cl-7	cl-8	cl-9	cl-10	cl-11	cl-12	cl-13	cl-14	cl-15	cl-16	cl-17	cl-18	cl-19	cl-20
60	14.6	12.4	13.4	13.6	13.2	16.4	13.6	15.8	14	15.4	13.4	12.6	15.4	16	15.4	14.8	19.2	15.2	14.4	14.2
61	0	0	0	0	0	0	64	0	200	360	192	8	72	0	0	24	280	0	112	480
62	0	0	0	0	0	72	192	488	480	144	264	576	544	256	64	376	592	0	0	264
63	0	0	0	0	0	136	544	72	144	448	128	184	464	96	104	152	576	80	184	104
64	0	0	0	0	0	328	416	40	568	560	0	16	0	272	128	360	168	120	304	304
65	0	0	0	0	0	392	96	0	336	88	416	216	224	424	280	376	184	248	376	488
66	0	0	0	0	0	400	280	176	240	192	272	160	216	48	264	0	352	192	376	408
67	0	0	0	0	0	232	152	64	248	160	240	48	48	0	112	80	216	128	120	112
68	0	0	0	0	0	8	560	224	16	216	328	0	368	480	376	344	576	192	608	72
69	0	0	0	0	0	0	416	400	328	496	248	640	0	232	0	432	280	168	184	104
70	0	0	0	0	0	416	488	0	40	296	520	128	184	32	432	432	528	264	448	328
71	0	0	0	0	0	512	56	64	368	216	320	440	16	504	224	392	72	336	552	352
72	0	0	0	0	0	384	16	264	168	440	536	344	64	408	144	336	360	88	248	440
73	0	0	0	0	0	104	176	512	536	320	144	0	384	288	224	480	336	56	120	88
74	0	0	0	8	0	424	336	256	272	208	408	344	176	376	224	360	392	136	440	96
75	0	8	0	0	0	512	392	376	64	432	440	360	440	48	48	144	328	368	512	152
76	0	0	0	0	0	48	496	544	352	56	72	536	472	448	0	40	272	440	352	0
77	8	0	0	0	8	400	80	256	376	184	168	424	232	0	152	560	232	320	560	24
78	0	0	0	0	0	176	232	184	400	232	464	352	64	272	160	440	216	272	176	472
79	0	0	0	0	0	448	344	80	32	0	96	432	24	8	32	528	368	472	304	416
80	0	0	0	0	0	416	0	200	136	352	528	328	168	536	168	256	8	176	456	120
81	0	0	0	0	0	312	136	160	288	448	424	352	200	408	224	56	272	144	88	528
82	0	0	0	0	0	288	40	296	64	224	304	272	416	448	104	280	544	144	248	144
83	0	0	0	0	0	96	488	0	0	40	0	480	136	184	432	568	200	464	88	536
84	0	0	0	0	0	584	384	208	64	64	160	336	128	176	304	464	176	120	400	200
85	0	0	0	0	0	328	72	0	0	480	504	344	336	296	472	368	552	240	344	0
86	0	0	0	0	0	152	480	136	472	0	496	464	440	152	296	432	200	312	216	80
87	0	8	0	0	0	160	80	408	272	328	280	328	224	152	352	344	88	280	416	448
88	0	0	0	8	0	80	32	528	0	192	224	0	0	272	0	312	544	568	424	144
89	0	0	0	0	0	0	536	32	304	0	128	312	736	592	288	672	528	376	352	280
90	0	0	0	0	0	80	192	80	304	472	0	480	584	0	24	80	440	0	424	392
91	0	0	8	0	0	0	128	304	368	424	272	536	40	72	0	224	416	472	272	448
92	8	0	0	0	0	64	48	208	168	240	256	248	16	184	216	216	0	72	72	184
93	0	0	0	0	0	320	272	264	16	16	496	96	216	144	272	432	456	96	392	136
94	0	0	0	0	0	184	504	480	72	104	544	216	88	0	376	456	536	504	496	0
95	0	0	0	0	0	224	480	232	104	448	576	480	384	8	0	184	168	168	168	72
96	0	0	0	0	8	400	360	568	0	24	0	336	360	360	328	336	72	192	136	520
97	0	0	0	0	0	168	560	280	272	536	0	360	32	328	384	0	152	448	0	416
98	0	0	0	0	0	232	0	0	0	64	584	528	0	0	344	64	0	456	184	384
99	0	0	0	0	0	488	256	232	392	256	352	472	432	464	80	232	360	80	344	32
100	0	0	0	0	0	320	504	128	384	560	176	40	192	208	160	288	200	192	528	0
101	0	8	0	0	0	176	528	0	448	320	384	56	320	128	392	280	0	584	192	216
102	0	0	0	0	0	552	408	384	576	144	360	216	528	288	0	0	320	72	0	72
103	0	0	0	0	0	40	128	304	88	0	296	0	168	128	248	120	96	0	0	96
104	0	0	0	0	0	336	288	256	24	256	368	200	240	264	512	480	600	152	464	216
105	0	0	0	0	0	272	336	192	40	280	392	416	352	352	424	120	272	296	128	232
106	0	0	0	0	0	24	184	24	56	304	0	240	144	288	24	320	72	256	576	392
107	0	0	0	0	0	240	144	0	408	440	336	288	152	80	0	0	488	344	488	24
108	0	0	0	0	0	240	200	176	16	184	224	432	400	264	552	136	560	280	512	0
109	0	0	0	0	0	96	408	392	160	0	24	200	0	120	296	304	40	0	72	32
110	0	0	0	8	0	376	32	120	256	224	328	136	384	352	320	496	544	32	80	80
111	0	0	0	0	0	264	56	0	160	296	400	128	128	112	176	80	152	152	368	384
112	0	8	0	0	0	168	160	248	0	512	272	32	0	176	368	576	0	536	288	400
113	0	0	0	0	8	368	536	384	40	288	424	168	248	16	264	544	128	352	0	40
114	0	0	0	0	0	416	112	256	56	208	328	552	424	16	464	56	144	440	440	520
115	0	0	0	0	0	520	424	544	456	0	344	344	0	208	224	56	224	304	360	472
116	0	0	0	0	0	296	536	272	144	128	248	360	368	256	368	112	136	288	256	416
117	8	0	0	0	0	24	496	320	272	0	448	80	272	312	0	88	400	200	488	0
118	0	0	0	0	0	168	0	456	280	424	168	80	120	432	232	376	392	264	408	360
119	0	0	0	0	0	72	512	128	64	424	8	456	56	0	376	552	96	160	400	16
120	0	0	0	0	0	96	32	232	256	432	376	232	504	136	56	352	336	560	520	312
(1,16280)	(2,5687)	(3,0)	(4,1932)	
(1,5038)	(2,657)	(3,0)	(4,31)	
(1,6375)	(2,1048)	(3,0)	(4,80)	
(1,5908)	(2,975)	(3,0)	(4,104)	
(1,6586)	(2,1137)	(3,0)	(4,57)	
(1,1)	(2,0)	(3,0)	(4,0)	
(1,1)	(2,0)	(3,0)	(4,0)	
(1,1)	(2,0)	(3,0)	(4,0)	
(1,1)	(2,0)	(3,0)	(4,0)	
(1,1)	(2,0)	(3,0)	(4,0)	
(1,1)	(2,0)	(3,0)	(4,0)	
(1,1)	(2,0)	(3,0)	(4,0)	
(1,1)	(2,0)	(3,0)	(4,0)	
(1,1)	(2,0)	(3,0)	(4,0)	
(1,1)	(2,0)	(3,0)	(4,0)	
(1,1)	(2,0)	(3,0)	(4,0)	
(1,1)	(2,0)	(3,0)	(4,0)	
(1,1)	(2,0)	(3,0)	(4,0)	
(1,1)	(2,0)	(3,0)	(4,0)	
(1,1)	(2,0)	(3,0)	(4,0)	
(1,1)	(2,0)	(3,0)	(4,0)	
avg	0.4	0.533333	0.133333	0.4	0.4	243.867	273.467	223.867	210.8	253.067	288.133	280.533	232.133	218.4	218.133	286.133	287.333	244.267	301.067	234.133
delay	1.33333	2.5	4	82.3333	3.33333	29.8874	31.9395	44.3792	31.618	26.7218	33.8783	30.2182	63.3957	28.4267	47.9138	40.2824	40.5714	13.0786	24.8384	24.5074
loss	0.25	0	0.666667	0	0	0.178347	0.115948	0.150228	0.133224	0.129358	0.128278	0.150928	0.144472	0.167683	0.155395	0.149425	0.154178	0.133333	0.102544	0.12767
Command ['/home/ubuntu/ns-3.30-obss/build/scratch/simple-ofdma-adhoc4', '--ofdmaEnabled=true', '--startTime=60', '--totalTime=120', '--dataMode=HeMcs2', '--datarate=6e5', '--clNum=20', '--ratio=0.375', '--RngRun=38'] terminated with signal SIGSEGV. Run it under a debugger to get more information (./waf --run <program> --command-template="gdb --args %s <args>").
