Waf: Entering directory `/home/ubuntu/ns-3.30-obss/build'
Waf: Leaving directory `/home/ubuntu/ns-3.30-obss/build'
Build commands will be stored in build/compile_commands.json
'build' finished successfully (0.745s)
--------------------------Rate[Kbps]--------------------------
Time[s]	cl-1	cl-2	cl-3	cl-4	cl-5	cl-6	cl-7	cl-8	cl-9	cl-10	cl-11	cl-12	cl-13	cl-14	cl-15	cl-16	cl-17	cl-18	cl-19	cl-20
60	14.6	12.4	13.6	13.6	13.2	16.4	13.6	15.8	14	15.4	13.4	12.6	15.2	16	15.4	14.8	19.2	15.2	14.4	14.2
61	0	0	0	0	0	0	64	8	192	368	224	0	56	0	0	0	256	0	128	496
62	0	0	0	0	0	0	184	160	248	104	40	208	224	88	0	160	232	0	0	192
63	0	0	0	0	0	16	184	144	136	128	128	176	312	56	72	160	280	56	64	16
64	0	0	0	0	0	112	384	0	216	336	0	40	104	160	8	40	280	40	136	88
65	0	0	0	0	0	240	96	8	256	272	88	24	0	152	80	232	8	56	80	320
66	0	0	0	0	0	216	32	104	88	104	264	248	56	24	104	64	272	256	88	144
67	0	0	0	0	0	336	160	24	232	184	168	96	48	0	168	8	128	120	104	224
68	0	0	0	0	0	56	168	56	8	0	232	0	352	192	168	224	184	216	232	0
69	0	0	0	0	0	0	264	120	136	208	0	136	0	280	120	264	168	24	240	40
70	0	0	0	0	0	96	248	128	40	120	216	232	64	0	64	240	216	128	80	96
71	0	0	0	0	0	160	168	0	80	96	136	96	8	136	160	144	72	240	112	144
72	0	0	0	0	0	160	0	0	8	104	256	288	0	408	80	176	152	24	256	152
73	0	0	0	0	0	176	24	304	136	312	232	56	72	48	120	208	112	72	40	80
74	0	0	0	0	0	80	160	288	240	32	104	24	80	240	176	168	136	0	200	24
75	0	0	0	0	0	208	72	72	24	168	120	328	176	24	0	192	224	152	200	0
76	0	0	0	0	0	168	128	296	40	176	128	248	176	128	8	0	96	200	216	48
77	0	0	0	0	0	48	136	144	296	8	64	320	224	16	32	144	72	312	96	24
78	0	0	0	0	0	256	0	248	248	104	40	192	8	160	80	264	104	48	152	40
79	0	0	0	0	0	104	192	0	80	40	80	392	32	8	72	224	80	376	0	296
80	0	0	0	0	0	352	32	232	0	72	224	72	112	176	0	208	144	144	272	56
81	0	0	0	0	0	128	0	0	152	320	360	104	0	168	80	96	24	144	168	120
82	0	0	0	0	0	208	72	304	0	192	248	120	160	200	0	144	160	8	40	104
83	0	0	0	0	0	56	96	32	32	0	24	288	200	160	160	112	184	176	144	248
84	0	0	0	0	0	184	360	48	0	16	24	144	0	80	128	320	0	216	136	312
85	0	0	0	0	0	320	80	96	24	112	208	184	72	104	232	168	208	72	64	0
86	0	0	0	0	0	48	88	0	168	56	184	248	320	32	152	336	192	32	72	32
87	0	8	0	0	0	88	120	120	280	8	72	88	272	112	200	160	16	96	240	144
88	0	0	0	0	0	80	0	264	8	232	0	64	192	176	64	328	136	312	224	128
89	0	0	0	0	0	48	176	104	64	0	136	32	8	216	88	248	256	336	160	200
90	0	0	0	0	0	56	280	24	208	56	48	208	256	96	56	88	248	80	168	40
91	0	0	0	0	0	0	0	136	72	384	80	264	256	8	0	64	192	104	280	272
92	8	0	0	0	0	8	80	104	208	248	272	296	16	120	120	136	88	144	64	192
93	0	0	0	0	0	184	88	208	0	16	232	120	336	176	0	288	272	0	136	88
94	0	0	0	0	0	96	240	176	16	0	296	128	0	0	232	216	136	128	312	48
95	0	0	0	0	0	40	304	96	32	280	368	104	168	0	32	48	168	64	208	0
96	0	0	0	0	0	112	344	304	8	112	160	184	296	96	0	248	0	32	32	112
97	0	0	0	0	8	240	144	176	32	72	0	144	48	272	256	40	64	128	24	336
98	0	0	0	0	0	0	208	0	96	240	240	288	8	56	200	48	0	312	136	336
99	0	0	0	0	0	240	88	8	56	8	344	360	104	96	168	16	32	216	88	72
100	0	0	0	0	0	232	184	128	80	136	56	216	96	224	56	176	152	0	144	8
101	0	0	0	0	0	24	456	0	144	152	64	0	24	8	368	264	0	304	176	0
102	0	8	0	0	0	112	256	64	320	64	56	136	288	232	72	32	32	136	40	104
103	0	0	0	0	0	96	152	360	256	24	240	16	192	104	136	56	232	56	24	120
104	0	0	0	0	0	104	56	144	24	48	232	120	24	64	288	192	256	40	288	0
105	0	0	0	0	0	128	160	120	0	216	40	80	192	176	264	160	240	160	32	32
106	0	0	0	0	0	120	168	0	0	64	80	296	184	320	128	72	40	48	176	232
107	0	0	0	0	0	0	128	16	168	328	8	80	96	72	0	184	128	288	344	56
108	0	0	0	0	0	256	16	24	88	80	344	216	120	0	96	0	304	168	288	8
109	0	0	0	0	0	16	328	312	88	56	16	160	56	232	224	160	176	0	208	16
110	0	0	8	0	0	264	56	112	240	48	56	104	56	80	72	176	208	0	96	56
111	0	0	0	0	0	232	32	0	72	80	240	0	192	192	136	216	272	104	88	112
112	0	0	0	0	0	120	8	16	40	272	296	112	16	176	128	112	0	112	328	352
113	0	0	0	0	8	80	336	240	0	176	152	40	120	0	152	416	72	128	0	112
114	0	0	0	0	0	176	176	120	40	88	224	184	144	16	176	152	0	208	32	176
115	0	0	0	0	0	256	40	144	128	0	72	288	72	96	120	16	120	176	192	224
116	0	0	0	0	0	288	192	104	168	32	200	64	32	168	176	40	48	120	64	240
117	0	0	0	0	0	16	240	64	256	32	296	192	288	88	24	16	80	240	264	64
118	8	0	0	0	0	64	144	328	48	112	232	0	24	264	40	112	288	8	264	96
119	0	0	0	0	0	56	128	24	168	104	0	96	144	112	232	160	168	216	200	152
120	0	0	0	0	0	0	224	24	144	296	80	280	128	48	80	256	32	168	248	8
(1,1568)	(2,22)	(3,0)	(4,5809)	
(1,1825)	(2,848)	(3,0)	(4,94)	
(1,1844)	(2,1231)	(3,0)	(4,234)	
(1,1862)	(2,1156)	(3,0)	(4,205)	
(1,1821)	(2,1336)	(3,0)	(4,228)	
(1,1)	(2,0)	(3,0)	(4,0)	
(1,1)	(2,0)	(3,0)	(4,0)	
(1,1)	(2,0)	(3,0)	(4,0)	
(1,1)	(2,0)	(3,0)	(4,0)	
(1,1)	(2,0)	(3,0)	(4,0)	
(1,1)	(2,0)	(3,0)	(4,0)	
(1,1)	(2,0)	(3,0)	(4,0)	
(1,1)	(2,0)	(3,0)	(4,0)	
(1,1)	(2,0)	(3,0)	(4,0)	
(1,1)	(2,0)	(3,0)	(4,0)	
(1,1)	(2,0)	(3,0)	(4,0)	
(1,1)	(2,0)	(3,0)	(4,0)	
(1,1)	(2,0)	(3,0)	(4,0)	
(1,1)	(2,0)	(3,0)	(4,0)	
(1,1)	(2,0)	(3,0)	(4,0)	
(1,1)	(2,0)	(3,0)	(4,0)	
avg	0.266667	0.266667	0.133333	0	0.266667	126	149.067	114.667	110.533	128.267	150.4	153.733	121.733	118.933	110.8	153.2	140.667	129.067	148.133	123.867
delay	504.5	504.5	501	0	521	508.729	500.92	506.464	493.865	481.149	496.041	504.01	500.041	509.198	512.075	504.993	490.386	511.235	499.724	467.852
loss	0.5	0.333333	0.666667	0	0.333333	0.605922	0.54883	0.575099	0.587357	0.579704	0.576246	0.571853	0.581702	0.589508	0.59064	0.573437	0.622095	0.554383	0.577727	0.55949
Command ['/home/ubuntu/ns-3.30-obss/build/scratch/simple-ofdma-adhoc4', '--ofdmaEnabled=true', '--startTime=60', '--totalTime=120', '--dataMode=HeMcs0', '--datarate=7e5', '--clNum=20', '--ratio=0.375', '--RngRun=38'] terminated with signal SIGSEGV. Run it under a debugger to get more information (./waf --run <program> --command-template="gdb --args %s <args>").
