Waf: Entering directory `/home/ubuntu/ns-3.30-obss/build'
Waf: Leaving directory `/home/ubuntu/ns-3.30-obss/build'
Build commands will be stored in build/compile_commands.json
'build' finished successfully (0.989s)
--------------------------Rate[Kbps]--------------------------
Time[s]	cl-1	cl-2	cl-3	cl-4	cl-5	cl-6	cl-7	cl-8	cl-9	cl-10	cl-11	cl-12	cl-13	cl-14	cl-15	cl-16	cl-17	cl-18	cl-19	cl-20
60	14.6	12.4	13.4	13.6	13.2	16.4	13.6	15.8	14	15.4	13.4	12.6	15.4	16	15.4	14.8	19.2	15.2	14.4	14.2
61	0	0	0	0	0	0	16	0	64	120	64	0	24	0	0	8	96	0	32	152
62	0	0	0	0	0	24	80	168	176	48	80	200	200	88	24	136	200	0	0	96
63	0	0	0	0	0	40	192	32	48	136	48	64	152	32	48	48	184	40	80	40
64	0	0	0	0	0	120	152	8	200	192	0	0	0	104	48	128	64	40	112	104
65	0	0	0	0	0	200	32	0	160	32	168	136	80	160	120	160	104	144	168	200
66	0	0	0	0	0	184	136	120	192	184	136	96	128	24	128	0	168	128	160	184
67	0	0	0	0	0	144	112	40	64	24	192	40	88	8	120	64	176	128	128	72
68	0	0	0	0	0	0	200	88	0	72	88	8	104	192	128	144	200	64	200	32
69	0	0	0	0	0	0	152	152	120	176	88	200	0	88	0	160	120	72	64	32
70	0	0	0	0	0	168	200	0	24	112	200	48	64	8	168	152	200	104	168	152
71	0	0	8	0	0	192	24	24	144	80	128	176	8	200	88	152	32	136	200	128
72	0	0	0	0	0	152	0	96	64	160	192	120	24	152	56	120	136	32	88	176
73	0	0	0	0	0	32	56	192	200	112	56	0	136	96	72	184	120	16	40	24
74	0	0	0	8	0	176	120	88	96	80	144	120	64	144	88	136	160	56	160	40
75	0	8	0	0	0	200	160	152	24	160	176	136	176	16	24	64	144	160	200	56
76	0	0	0	0	0	16	144	192	128	24	24	192	176	152	0	16	96	168	128	0
77	8	0	0	0	8	176	32	96	136	48	64	192	120	0	64	200	88	120	200	16
78	0	0	0	0	0	72	96	80	168	96	184	136	16	104	80	184	96	104	80	176
79	0	0	0	0	0	176	120	40	8	0	24	144	8	0	16	200	120	184	112	160
80	0	0	0	0	0	152	0	72	56	136	200	120	64	192	64	96	8	56	152	40
81	0	0	0	0	0	160	72	88	112	160	168	152	80	168	80	24	128	48	40	192
82	0	0	0	0	0	128	8	120	24	88	112	112	152	160	32	112	200	56	80	56
83	0	0	0	0	0	32	168	0	0	16	0	176	64	80	152	192	72	176	40	200
84	0	0	0	0	0	184	128	72	24	24	56	112	32	64	112	176	72	48	144	80
85	0	0	0	0	0	160	24	0	0	192	160	128	104	136	208	144	200	72	128	0
86	0	0	0	0	0	64	192	72	184	0	200	168	160	48	104	176	72	128	88	32
87	0	8	0	0	0	72	24	184	88	144	112	128	184	56	144	120	48	96	184	192
88	0	0	0	8	0	32	16	184	0	64	80	0	96	128	48	160	192	200	152	48
89	0	0	0	0	0	0	192	8	112	0	40	128	96	192	56	208	200	152	112	112
90	0	0	0	0	0	24	64	40	112	176	0	160	200	0	8	24	160	0	168	136
91	0	0	8	0	0	0	48	104	128	144	104	176	8	40	8	152	152	168	96	152
92	8	0	0	0	0	128	48	160	72	136	200	168	104	192	88	32	16	24	48	144
93	0	0	0	0	0	96	88	80	8	0	128	16	64	0	96	192	192	40	136	40
94	0	0	0	0	0	80	200	184	32	40	200	80	24	8	144	176	200	200	184	0
95	0	0	0	0	0	72	168	96	32	176	192	184	136	8	0	80	56	56	56	24
96	0	0	0	0	8	144	136	200	0	0	8	136	120	136	128	128	32	72	48	200
97	0	0	0	0	0	64	200	96	120	208	0	152	16	128	128	0	72	176	0	152
98	0	0	0	0	0	72	8	0	0	16	200	184	0	0	120	24	0	152	64	136
99	0	0	0	0	0	200	96	104	152	120	136	200	168	160	32	128	128	24	120	16
100	0	0	0	0	0	120	152	56	144	184	72	16	64	88	64	128	80	72	200	0
101	0	8	0	0	0	64	192	0	160	112	128	16	112	48	144	104	0	200	64	72
102	0	0	0	0	0	200	144	136	184	56	120	96	192	120	0	0	128	32	0	8
103	0	0	0	0	0	88	48	176	24	80	200	8	48	88	176	128	88	0	40	88
104	8	0	0	0	0	96	120	32	16	64	96	112	104	120	152	152	0	0	0	0
105	0	0	0	0	0	104	136	80	24	136	152	184	112	128	160	56	304	136	160	128
106	0	0	0	0	0	16	64	8	24	120	0	96	56	104	16	128	24	0	200	136
107	0	0	0	0	0	80	40	0	144	152	112	104	56	32	0	0	168	0	160	8
108	0	0	0	0	0	72	128	120	8	72	56	160	144	96	192	48	200	304	192	0
109	0	0	0	0	0	104	144	192	136	32	16	152	0	104	200	160	64	0	40	80
110	0	0	8	8	0	144	0	16	80	112	152	32	176	104	96	200	184	8	32	0
111	0	0	0	0	0	88	16	0	48	104	120	40	40	48	64	24	48	56	120	136
112	0	8	0	0	0	72	64	112	0	192	96	8	0	56	136	208	0	192	96	152
113	0	0	0	0	8	144	208	152	24	120	152	72	112	8	96	192	56	136	0	16
114	0	0	0	0	0	168	40	80	24	88	120	200	152	8	176	32	40	208	160	200
115	0	0	0	0	0	200	168	200	192	0	136	144	0	104	80	24	96	128	128	184
116	0	0	0	0	0	104	192	96	64	56	80	128	128	96	128	48	40	96	88	136
117	8	0	0	0	0	8	176	120	120	0	176	32	112	128	0	48	152	72	200	0
118	0	0	0	0	0	72	0	208	104	184	64	24	48	184	104	144	184	112	168	176
119	0	0	0	0	0	40	200	48	24	176	8	176	56	0	136	200	72	72	152	0
120	0	0	0	0	0	40	8	88	104	184	160	80	200	48	24	144	112	192	176	112
(1,11928)	(2,333)	(3,0)	(4,57)	
(1,2482)	(2,17)	(3,0)	(4,0)	
(1,3150)	(2,79)	(3,0)	(4,3)	
(1,2972)	(2,83)	(3,0)	(4,6)	
(1,3257)	(2,56)	(3,0)	(4,18)	
(1,1)	(2,0)	(3,0)	(4,0)	
(1,1)	(2,0)	(3,0)	(4,0)	
(1,1)	(2,0)	(3,0)	(4,0)	
(1,1)	(2,0)	(3,0)	(4,0)	
(1,1)	(2,0)	(3,0)	(4,0)	
(1,1)	(2,0)	(3,0)	(4,0)	
(1,1)	(2,0)	(3,0)	(4,0)	
(1,1)	(2,0)	(3,0)	(4,0)	
(1,1)	(2,0)	(3,0)	(4,0)	
(1,1)	(2,0)	(3,0)	(4,0)	
(1,1)	(2,0)	(3,0)	(4,0)	
(1,1)	(2,0)	(3,0)	(4,0)	
(1,1)	(2,0)	(3,0)	(4,0)	
(1,1)	(2,0)	(3,0)	(4,0)	
(1,1)	(2,0)	(3,0)	(4,0)	
(1,1)	(2,0)	(3,0)	(4,0)	
avg	0.533333	0.533333	0.4	0.4	0.4	99.3333	102.4	89.2	82	98.6667	109.467	109.467	89.2	86.2667	86.1333	112.8	112.4	94.2667	112.267	90.4
delay	1.25	0.75	0.333333	1.66667	1.66667	3.84161	3.74609	6.44694	4.02927	6.66351	5.42996	5.21681	4.90284	5.48377	6.62074	5.01418	41.6074	63.8586	31.9691	5.29056
loss	0	0	0	0	0	0.021025	0.0278481	0.0161765	0.016	0.0172643	0.0249406	0.022619	0.0415473	0.038633	0.0212121	0.0162791	0.0288018	0.0288462	0.0152047	0.0173913
Command ['/home/ubuntu/ns-3.30-obss/build/scratch/simple-ofdma-adhoc4', '--ofdmaEnabled=true', '--startTime=60', '--totalTime=120', '--dataMode=HeMcs2', '--datarate=2e5', '--clNum=20', '--ratio=0.375', '--RngRun=38'] terminated with signal SIGSEGV. Run it under a debugger to get more information (./waf --run <program> --command-template="gdb --args %s <args>").
