Waf: Entering directory `/home/ubuntu/ns-3.30-obss/build'
Waf: Leaving directory `/home/ubuntu/ns-3.30-obss/build'
Build commands will be stored in build/compile_commands.json
'build' finished successfully (0.787s)
--------------------------Rate[Kbps]--------------------------
Time[s]	cl-1	cl-2	cl-3	cl-4	cl-5	cl-6	cl-7	cl-8	cl-9	cl-10	cl-11	cl-12	cl-13	cl-14
60	18.2	12	17.2	16.2	15.2	16.4	14.4	14	14	17.4	14	12.8	12	15.8
61	0	0	0	0	0	0	120	48	64	56	32	136	32	0
62	0	0	0	0	0	0	184	152	128	24	72	104	0	72
63	0	0	0	0	0	0	152	16	0	8	88	136	56	176
64	0	0	0	0	0	0	0	200	72	0	200	112	96	144
65	0	0	0	0	0	0	56	88	40	104	120	176	144	176
66	0	0	0	0	0	0	72	144	0	88	40	8	120	32
67	0	0	0	0	0	0	192	16	24	56	184	8	72	192
68	0	0	0	0	0	0	112	48	176	24	104	56	120	144
69	0	0	0	0	0	0	192	160	0	104	32	152	168	88
70	0	0	0	0	0	0	88	72	176	104	56	0	0	104
71	0	0	0	0	0	0	8	88	128	16	72	104	88	184
72	0	0	0	0	0	0	144	136	88	120	48	32	56	32
73	0	0	0	0	0	0	200	160	184	200	200	112	120	144
74	0	0	0	0	0	0	184	128	88	32	136	0	168	200
75	0	0	0	0	0	0	112	136	128	160	0	160	120	104
76	0	0	0	0	0	0	168	200	112	152	56	48	136	0
77	0	0	0	0	0	0	192	128	152	32	104	56	184	144
78	0	0	0	0	0	0	152	192	144	120	16	104	16	88
79	0	0	0	0	0	0	136	120	112	88	192	40	160	24
80	0	0	0	0	0	0	24	120	192	0	72	88	80	0
81	0	0	0	0	0	0	104	160	48	136	40	200	0	40
82	0	0	0	0	0	0	152	48	104	56	120	160	152	80
83	0	0	0	0	0	0	168	72	128	24	0	88	200	120
84	0	0	0	0	0	0	0	176	192	128	16	16	24	112
85	0	0	0	0	0	0	136	40	152	24	24	200	176	160
86	0	0	0	0	0	0	128	184	24	184	32	144	0	8
87	0	0	0	0	0	0	56	184	0	0	16	136	200	144
88	0	0	0	0	0	0	192	64	200	104	32	184	128	80
89	0	0	0	0	0	0	80	16	56	56	40	0	96	0
90	0	0	0	0	0	0	16	96	16	120	192	48	8	152
91	0	0	0	0	0	0	136	104	152	128	48	96	48	112
92	0	0	0	0	0	0	120	200	96	0	56	0	80	200
93	0	0	0	0	0	0	80	104	152	168	72	184	168	32
94	0	0	0	0	0	0	112	0	160	192	24	184	48	88
95	0	0	0	0	0	0	56	32	88	0	200	8	88	152
96	0	0	0	0	0	0	48	0	200	160	24	48	136	40
97	0	0	0	0	0	0	48	120	184	152	128	32	104	16
98	0	0	0	0	0	0	136	136	200	80	96	0	120	48
99	0	0	0	0	0	0	152	112	72	72	24	152	120	112
100	0	0	0	0	0	0	152	40	152	112	184	128	40	160
101	0	0	0	0	0	0	152	120	192	48	128	72	24	0
102	0	0	0	0	0	0	72	184	64	48	64	56	112	128
103	0	0	0	0	0	0	64	200	72	40	88	152	120	136
104	0	0	0	0	0	0	160	56	24	80	0	112	184	24
105	0	0	0	0	0	0	104	200	176	160	96	192	104	32
106	0	0	0	0	0	0	56	152	24	144	40	16	56	128
107	0	0	0	0	0	0	80	0	192	104	24	48	160	184
108	0	0	0	0	0	0	0	96	88	128	200	0	80	72
109	0	0	0	0	0	0	200	48	0	72	0	40	0	0
110	0	0	0	0	0	0	168	136	144	32	8	192	104	136
111	0	0	0	0	0	0	144	200	104	128	56	40	200	0
112	0	0	0	0	0	0	80	48	120	144	0	184	72	104
113	0	0	0	0	0	0	104	24	40	72	64	152	24	128
114	0	0	0	0	0	0	168	168	48	200	32	0	0	48
115	0	0	0	0	0	0	48	120	24	128	32	72	24	168
116	0	0	0	0	0	0	160	32	176	0	160	0	96	72
117	0	0	0	0	0	0	176	192	64	96	200	72	136	40
118	0	0	0	0	0	0	0	64	80	96	64	160	112	120
119	0	0	0	0	0	0	88	144	88	112	40	72	56	0
120	0	0	0	0	0	0	16	56	128	144	8	168	120	72
(1,6789)	(2,71)	(3,0)	(4,0)	
(1,3526)	(2,37)	(3,0)	(4,1)	
(1,2987)	(2,64)	(3,0)	(4,0)	
(1,1751)	(2,21)	(3,0)	(4,0)	
(1,1611)	(2,3)	(3,0)	(4,0)	
(1,1381)	(2,4)	(3,0)	(4,0)	
(1,1514)	(2,15)	(3,0)	(4,0)	
(1,1)	(2,0)	(3,0)	(4,0)	
(1,1)	(2,0)	(3,0)	(4,0)	
(1,1)	(2,0)	(3,0)	(4,0)	
(1,1)	(2,0)	(3,0)	(4,0)	
(1,1)	(2,0)	(3,0)	(4,0)	
(1,1)	(2,0)	(3,0)	(4,0)	
(1,1)	(2,0)	(3,0)	(4,0)	
(1,1)	(2,0)	(3,0)	(4,0)	
avg	0	0	0	0	0	0	110	108	103.867	89.3333	74.9333	90.6667	94.2667	91.6
delay	0.252747	0.25	0.895349	0.777778	0.789474	0.719512	2.23394	2.23827	2.24134	2.40299	2.40391	2.20735	2.26308	2.43668
loss	0	0	0	0.0357143	0	0.0120482	0.0213523	0.0252708	0.0164141	0.0387374	0.0276817	0.0130624	0.0288462	0.0269122
Command ['/home/ubuntu/ns-3.30-obss/build/scratch/simple-ofdma-adhoc4', '--ofdmaEnabled=true', '--startTime=60', '--totalTime=120', '--dataMode=HeMcs3', '--datarate=2e5', '--ratio=0.375', '--RngRun=42', '--locationFile=my-simulations/8_ofdma7/txt/locationFile222.txt', '--routingFile=my-simulations/8_ofdma7/txt/routingFile222.txt'] terminated with signal SIGSEGV. Run it under a debugger to get more information (./waf --run <program> --command-template="gdb --args %s <args>").
