Waf: Entering directory `/home/ubuntu/ns-3.30-obss/build'
Waf: Leaving directory `/home/ubuntu/ns-3.30-obss/build'
Build commands will be stored in build/compile_commands.json
'build' finished successfully (0.824s)
--------------------------Rate[Kbps]--------------------------
Time[s]	cl-1	cl-2	cl-3	cl-4	cl-5	cl-6	cl-7	cl-8	cl-9	cl-10	cl-11	cl-12	cl-13	cl-14	cl-15	cl-16	cl-17	cl-18
60	17.6	14.8	12.2	12	14.2	15	15.2	15	16.4	15.2	15.2	15	17	14.8	15.8	15.6	12.2	13.2
61	0	0	0	0	88	64	528	176	560	464	216	152	64	0	0	608	0	240
62	0	0	0	0	544	240	496	248	344	376	480	424	344	0	0	200	128	208
63	0	0	0	216	48	0	88	432	472	288	32	416	16	224	408	0	600	392
64	0	0	0	424	400	256	0	248	176	192	8	24	344	544	504	552	64	0
65	0	0	0	384	40	608	584	72	288	152	96	48	152	256	208	288	352	304
66	0	0	0	248	0	536	168	48	256	336	80	464	168	96	360	208	192	448
67	0	0	0	72	520	24	0	424	296	496	728	416	152	16	336	0	136	304
68	0	0	0	368	464	288	376	336	80	208	176	248	160	216	344	352	336	24
69	0	0	0	336	264	104	384	256	232	464	88	200	32	192	296	488	160	200
70	0	0	0	520	280	0	0	392	40	208	784	376	88	0	0	168	216	632
71	0	0	0	160	0	112	424	256	600	376	0	176	440	400	112	184	272	64
72	0	0	0	0	112	0	664	400	568	600	72	368	0	216	304	168	120	152
73	0	0	0	232	432	272	40	8	88	472	104	600	280	328	248	120	304	144
74	0	0	0	432	224	160	160	144	344	8	456	88	432	0	440	8	568	256
75	0	0	0	88	312	200	256	88	152	312	208	136	248	376	488	176	440	320
76	0	0	0	456	88	280	96	256	448	352	0	400	152	440	128	264	120	288
77	0	0	0	264	448	368	288	304	144	248	232	0	208	96	104	352	512	216
78	0	0	0	320	384	192	16	368	168	96	336	368	8	264	536	416	200	104
79	0	0	0	336	136	296	0	216	8	96	416	312	280	392	272	232	328	456
80	0	0	0	336	120	544	472	0	72	240	488	96	352	24	432	424	40	168
81	0	0	0	232	312	256	184	160	0	200	184	208	408	304	280	304	688	96
82	0	0	0	240	264	680	16	320	360	0	0	120	0	0	456	632	568	240
83	0	0	0	272	320	400	144	312	120	488	240	136	240	56	272	400	160	96
84	0	0	0	368	128	120	200	344	400	240	304	88	480	264	0	0	488	344
85	0	0	0	368	96	72	336	224	208	0	336	304	168	488	360	360	520	112
86	0	0	0	336	64	328	32	392	592	432	280	0	184	64	208	304	784	0
87	0	0	0	280	480	72	56	360	192	320	584	56	168	272	296	352	304	112
88	0	0	0	0	688	144	232	96	88	232	368	256	24	616	0	464	400	104
89	0	0	0	352	432	216	576	224	264	272	72	184	184	352	432	0	64	0
90	0	0	0	224	168	296	208	464	480	264	224	368	240	0	528	56	72	184
91	0	0	0	112	184	336	168	328	272	624	0	432	488	176	216	80	0	160
92	0	0	0	80	200	400	256	368	16	96	320	440	200	48	448	736	144	48
93	0	0	0	0	456	328	400	0	264	24	200	0	176	376	520	280	512	264
94	0	0	0	328	416	640	232	112	128	256	0	456	0	224	368	240	272	144
95	0	0	0	336	152	0	424	288	0	264	320	192	248	368	0	496	672	0
96	0	0	0	0	176	312	496	304	200	96	432	472	168	448	88	112	216	272
97	0	0	0	224	248	48	208	320	496	240	272	264	16	208	360	136	648	24
98	0	0	0	16	456	336	144	352	40	216	8	376	216	320	384	384	432	72
99	0	0	0	296	344	0	392	200	216	64	64	232	280	200	576	208	424	280
100	0	0	0	16	392	408	264	344	336	8	432	0	128	56	392	264	600	48
101	0	0	0	0	384	392	408	112	352	0	104	368	88	312	376	312	312	128
102	0	0	0	344	72	296	256	328	32	504	472	160	136	400	32	320	248	48
103	0	0	0	400	168	136	592	408	0	376	176	280	0	176	80	472	448	208
104	0	0	0	88	416	288	528	0	456	224	448	48	184	184	304	440	128	8
105	0	0	0	184	168	0	808	280	352	8	424	0	200	160	56	608	616	72
106	0	0	0	112	432	32	488	40	184	336	464	224	256	0	408	248	160	376
107	0	0	0	352	224	288	312	96	280	304	488	160	304	72	80	144	184	272
108	0	0	0	136	280	680	80	144	440	128	104	472	80	432	0	320	232	224
109	0	0	0	48	544	280	480	320	0	40	144	432	440	456	264	144	0	208
110	0	0	0	0	272	328	320	488	184	272	152	344	80	200	600	0	312	280
111	0	0	0	400	16	248	272	488	32	544	0	96	0	472	104	544	344	240
112	0	0	0	432	328	424	320	48	360	208	248	160	72	368	200	320	0	432
113	0	0	0	168	448	96	232	320	328	264	160	360	176	296	40	280	328	200
114	0	0	0	0	664	136	240	216	392	144	312	0	144	168	256	592	272	112
115	0	0	0	0	0	624	264	0	280	104	192	344	352	280	184	448	464	96
116	0	0	0	336	376	240	192	216	40	56	120	456	272	304	136	664	120	104
117	0	0	0	136	440	0	264	480	144	136	0	600	272	280	504	104	304	56
118	0	0	0	224	408	160	456	168	400	88	384	464	112	0	208	376	0	160
119	0	0	0	432	544	8	432	0	304	240	320	168	536	40	0	552	176	40
120	0	0	0	216	344	376	96	0	184	232	464	144	304	248	328	312	112	312
(1,1414)	(2,22)	(3,0)	(4,9903)	
(1,2586)	(2,2794)	(3,0)	(4,859)	
(1,2558)	(2,2583)	(3,0)	(4,769)	
(1,2529)	(2,2636)	(3,0)	(4,932)	
(1,1)	(2,0)	(3,0)	(4,0)	
(1,1)	(2,0)	(3,0)	(4,0)	
(1,1)	(2,0)	(3,0)	(4,0)	
(1,1)	(2,0)	(3,0)	(4,0)	
(1,1)	(2,0)	(3,0)	(4,0)	
(1,1)	(2,0)	(3,0)	(4,0)	
(1,1)	(2,0)	(3,0)	(4,0)	
(1,1)	(2,0)	(3,0)	(4,0)	
(1,1)	(2,0)	(3,0)	(4,0)	
(1,1)	(2,0)	(3,0)	(4,0)	
(1,1)	(2,0)	(3,0)	(4,0)	
(1,1)	(2,0)	(3,0)	(4,0)	
(1,1)	(2,0)	(3,0)	(4,0)	
(1,1)	(2,0)	(3,0)	(4,0)	
(1,1)	(2,0)	(3,0)	(4,0)	
avg	0	0	0	221.333	290.133	249.467	284.133	238.933	245.867	242.133	246.933	252.933	199.067	229.467	264.4	303.6	296.933	184.933
delay	0.284091	0.283784	0.278689	515.097	497.632	500.866	483.109	495.256	482.881	490.808	483.185	503.07	510.955	512.26	502.139	478.846	491.392	495.842
loss	0	0	0	0.507255	0.402961	0.394498	0.395461	0.491631	0.474943	0.455146	0.373478	0.375782	0.500165	0.487233	0.401984	0.368086	0.396323	0.505334
Command ['/home/ubuntu/ns-3.30-obss/build/scratch/simple-ofdma-adhoc4', '--ofdmaEnabled=true', '--startTime=60', '--totalTime=120', '--dataMode=HeMcs1', '--datarate=10e5', '--ratio=0.375', '--RngRun=42', '--locationFile=my-simulations/8_ofdma7/txt/locationFile35.txt', '--routingFile=my-simulations/8_ofdma7/txt/routingFile35.txt'] terminated with signal SIGSEGV. Run it under a debugger to get more information (./waf --run <program> --command-template="gdb --args %s <args>").
