Waf: Entering directory `/home/ubuntu/ns-3.30-obss/build'
Waf: Leaving directory `/home/ubuntu/ns-3.30-obss/build'
Build commands will be stored in build/compile_commands.json
'build' finished successfully (0.685s)
--------------------------Rate[Kbps]--------------------------
Time[s]	cl-1	cl-2	cl-3	cl-4	cl-5	cl-6	cl-7	cl-8	cl-9	cl-10	cl-11	cl-12	cl-13	cl-14	cl-15	cl-16	cl-17	cl-18	cl-19	cl-20
60	16.6	12.2	15	13.2	17.4	15.8	14	15	13.6	11.6	13.8	15	15	15	15	17	14	13.6	14.6	15.8
61	0	0	0	0	200	128	368	72	328	432	376	48	320	56	160	152	664	0	56	392
62	0	0	0	0	32	208	344	344	184	264	0	624	640	360	160	216	656	352	48	272
63	0	0	0	0	64	0	400	568	200	80	560	608	384	128	456	280	184	264	0	696
64	0	0	0	0	344	200	520	0	312	88	504	0	16	0	488	712	672	384	480	288
65	0	0	0	0	40	632	592	304	400	664	248	432	120	200	64	128	320	104	432	472
66	0	0	0	0	584	96	16	80	680	616	0	576	712	0	192	96	0	760	112	440
67	0	0	0	0	64	424	192	96	624	160	544	248	592	352	288	176	568	352	296	168
68	0	0	0	0	288	408	0	224	584	112	296	128	584	696	400	0	40	304	192	344
69	0	0	0	0	0	256	208	432	224	360	88	112	0	752	488	168	192	752	192	16
70	0	0	0	0	136	472	696	488	144	208	208	552	168	120	304	280	112	136	0	560
71	0	0	0	0	0	0	8	160	624	528	96	16	640	160	728	496	600	144	496	168
72	0	0	0	0	192	304	688	128	496	520	448	0	0	680	24	384	136	552	64	640
73	0	0	0	0	136	360	416	144	696	664	464	208	416	312	168	0	136	312	264	144
74	0	0	0	0	96	552	216	560	184	408	720	120	248	256	200	248	0	416	264	648
75	0	0	0	0	160	496	240	392	88	48	568	344	592	0	392	272	672	416	352	136
76	0	0	0	0	552	0	128	240	552	208	416	552	528	80	72	176	328	528	104	536
77	0	0	0	0	640	472	416	600	384	0	120	160	328	520	360	400	520	176	0	232
78	0	0	0	0	296	0	216	432	120	176	400	376	592	440	392	0	504	488	288	672
79	0	0	0	0	48	440	496	192	448	456	152	328	440	504	512	312	216	0	288	288
80	0	0	0	0	656	552	552	48	312	0	112	392	344	232	720	176	376	144	344	240
81	0	0	0	0	560	0	312	8	40	248	160	624	512	256	696	40	200	496	344	88
82	0	0	0	0	160	360	432	48	64	344	640	208	120	584	208	312	576	424	304	480
83	0	0	0	0	208	144	272	568	168	0	320	128	592	312	272	616	280	320	352	40
84	0	0	0	0	104	344	256	432	192	360	336	584	24	312	104	480	288	160	584	512
85	0	0	0	0	336	0	760	0	0	304	0	104	104	432	232	456	576	632	472	304
86	0	0	0	0	520	232	496	192	272	416	360	232	608	256	712	216	240	0	376	160
87	0	0	0	0	0	0	456	304	536	280	96	544	184	736	184	176	400	624	128	56
88	0	0	0	0	32	416	248	520	608	264	648	216	48	288	648	96	392	568	0	320
89	0	0	0	0	144	392	120	488	24	264	272	360	232	184	184	624	56	632	120	664
90	0	0	0	0	176	0	8	472	208	320	688	320	48	432	88	416	0	440	240	568
91	0	0	0	0	688	144	432	16	152	392	144	0	272	560	8	616	272	624	672	344
92	0	0	0	0	168	728	0	0	104	568	632	64	288	376	0	88	224	136	104	424
93	0	0	0	0	336	328	24	424	24	312	120	496	0	0	144	160	216	0	0	72
94	0	0	0	0	112	192	176	208	304	504	336	224	408	528	280	424	576	48	232	544
95	0	0	0	0	104	576	584	152	544	240	584	456	112	240	56	704	344	88	344	104
96	0	0	0	0	200	104	616	608	616	88	240	592	168	144	312	464	72	680	80	224
97	0	0	0	0	640	240	408	0	288	288	112	0	656	368	24	560	144	464	16	80
98	0	0	0	0	80	352	152	192	208	640	680	24	440	560	264	456	200	520	0	312
99	0	0	0	0	568	664	112	576	352	248	392	208	0	328	32	0	72	616	480	704
100	0	0	0	0	256	696	120	528	336	16	232	296	104	456	120	384	408	40	128	320
101	0	0	0	0	312	40	560	0	248	368	360	312	184	232	296	576	536	40	256	88
102	0	0	0	0	416	168	504	336	416	312	576	232	504	40	0	384	168	448	384	224
103	0	0	0	0	416	320	0	448	80	160	544	432	360	24	368	400	384	520	472	216
104	0	0	0	0	392	160	184	16	208	520	440	432	288	552	520	136	504	488	152	8
105	0	0	0	0	0	448	304	24	456	200	408	456	448	256	240	464	352	496	320	320
106	0	0	0	0	224	264	448	568	608	416	0	0	72	672	0	312	104	608	112	504
107	0	0	0	0	440	608	152	616	80	0	8	528	176	32	600	208	712	448	264	456
108	0	0	0	0	392	240	584	560	160	0	584	152	656	488	24	80	520	8	0	488
109	0	0	0	0	128	8	248	136	688	0	448	32	424	112	392	512	8	744	608	448
110	0	0	0	0	448	280	184	80	48	56	352	232	600	448	568	0	328	264	360	376
111	0	0	0	0	144	576	136	136	0	160	0	352	400	520	304	248	400	456	560	96
112	0	0	0	0	528	560	560	504	312	16	40	536	192	240	408	448	256	160	352	112
113	0	0	0	0	176	464	304	488	592	464	200	152	32	152	304	0	456	0	648	656
114	0	0	0	0	296	0	0	536	216	0	216	304	168	48	648	392	640	328	192	240
115	0	0	0	0	384	48	520	264	104	128	376	528	400	600	328	288	0	512	632	120
116	0	0	0	0	416	0	256	64	0	640	544	472	0	512	472	224	256	264	424	224
117	0	0	0	0	544	352	624	552	256	152	0	464	400	232	184	168	560	256	64	528
118	0	0	0	0	680	592	192	360	336	0	72	480	392	72	0	432	136	392	32	512
119	0	0	0	0	88	336	280	664	184	8	152	64	328	608	656	0	88	744	344	584
120	0	0	0	0	600	384	136	104	160	272	80	200	392	72	496	368	152	560	0	232
(1,14800)	(2,8301)	(3,0)	(4,4314)	
(1,7100)	(2,1582)	(3,0)	(4,67)	
(1,6827)	(2,1599)	(3,0)	(4,84)	
(1,6758)	(2,1929)	(3,0)	(4,61)	
(1,7484)	(2,1847)	(3,0)	(4,30)	
(1,1)	(2,0)	(3,0)	(4,0)	
(1,1)	(2,0)	(3,0)	(4,0)	
(1,1)	(2,0)	(3,0)	(4,0)	
(1,1)	(2,0)	(3,0)	(4,0)	
(1,1)	(2,0)	(3,0)	(4,0)	
(1,1)	(2,0)	(3,0)	(4,0)	
(1,1)	(2,0)	(3,0)	(4,0)	
(1,1)	(2,0)	(3,0)	(4,0)	
(1,1)	(2,0)	(3,0)	(4,0)	
(1,1)	(2,0)	(3,0)	(4,0)	
(1,1)	(2,0)	(3,0)	(4,0)	
(1,1)	(2,0)	(3,0)	(4,0)	
(1,1)	(2,0)	(3,0)	(4,0)	
(1,1)	(2,0)	(3,0)	(4,0)	
(1,1)	(2,0)	(3,0)	(4,0)	
(1,1)	(2,0)	(3,0)	(4,0)	
avg	0	0	0	0	282.4	296	314.533	294.933	296.267	266	311.867	297.733	316.667	318.533	299.067	293.333	316.533	363.867	257.067	335.067
delay	0.253012	0.245902	0.253333	0.257576	15.6091	14.9806	8.23442	16.6153	10.7003	21.2075	14.9252	21.7456	9.39916	10.2064	13.7329	13.6968	13.5484	6.02968	9.56898	17.1707
loss	0	0	0	0	0.20852	0.191846	0.17199	0.19797	0.223077	0.205812	0.166132	0.220865	0.226384	0.178191	0.17989	0.217082	0.224943	0.164421	0.189916	0.221017
Command ['/home/ubuntu/ns-3.30-obss/build/scratch/simple-ofdma-adhoc4', '--ofdmaEnabled=true', '--startTime=60', '--totalTime=120', '--dataMode=HeMcs3', '--datarate=8e5', '--ratio=0.375', '--RngRun=42', '--locationFile=my-simulations/8_ofdma7/txt/locationFile44.txt', '--routingFile=my-simulations/8_ofdma7/txt/routingFile44.txt'] terminated with signal SIGSEGV. Run it under a debugger to get more information (./waf --run <program> --command-template="gdb --args %s <args>").
