Waf: Entering directory `/home/ubuntu/ns-3.30-obss/build'
Waf: Leaving directory `/home/ubuntu/ns-3.30-obss/build'
Build commands will be stored in build/compile_commands.json
'build' finished successfully (0.786s)
--------------------------Rate[Kbps]--------------------------
Time[s]	cl-1	cl-2	cl-3	cl-4	cl-5	cl-6	cl-7	cl-8	cl-9	cl-10	cl-11	cl-12	cl-13	cl-14	cl-15
60	14	14.6	15.8	15.6	14	16.6	16.6	17.2	13.6	15.6	14.4	15.4	12.4	11.2	14.4
61	0	0	0	0	0	0	224	0	344	416	448	0	368	80	8
62	0	0	0	0	0	120	176	144	544	216	312	120	376	48	136
63	0	0	0	0	0	400	0	600	120	312	536	0	400	264	528
64	0	0	0	0	0	592	392	456	344	360	320	400	560	40	152
65	0	0	0	0	0	368	328	456	264	200	456	592	112	384	72
66	0	0	0	0	0	336	224	408	144	168	464	304	464	184	456
67	0	0	0	0	0	400	0	600	512	592	600	512	360	416	384
68	0	0	0	0	0	0	600	160	0	184	296	592	408	256	280
69	0	0	0	0	0	112	272	24	408	0	112	312	248	240	360
70	0	0	0	0	0	216	216	0	0	0	352	576	464	0	392
71	0	0	0	0	0	280	160	256	128	0	280	72	216	240	0
72	0	0	0	0	0	200	216	752	736	344	424	8	104	296	128
73	0	0	0	0	0	360	592	512	320	72	0	24	288	344	440
74	0	0	0	0	0	448	80	416	136	584	328	176	384	0	208
75	0	0	0	0	0	224	0	232	304	512	504	352	56	408	328
76	0	0	0	0	0	328	328	64	0	0	208	0	0	176	0
77	0	0	0	0	0	0	480	536	320	312	272	200	56	160	184
78	0	0	0	0	0	112	288	8	200	384	344	472	472	528	296
79	0	0	0	0	0	496	592	392	520	584	232	200	472	520	472
80	0	0	0	0	0	240	0	552	0	64	40	480	416	544	208
81	0	0	0	0	0	168	256	160	56	40	64	144	376	584	480
82	0	0	0	0	0	536	584	40	16	272	352	56	248	232	288
83	0	0	0	0	0	0	0	24	240	344	184	272	512	240	560
84	0	0	0	0	0	168	24	256	112	48	432	568	88	504	32
85	0	0	0	0	0	8	448	424	400	176	104	272	0	600	512
86	0	0	0	0	0	168	464	224	352	472	288	0	488	184	600
87	0	0	0	0	0	536	360	144	312	168	40	344	176	56	168
88	0	0	0	0	0	512	592	0	152	360	176	488	472	264	48
89	0	0	0	0	0	512	264	272	512	472	32	32	24	0	424
90	0	0	0	0	0	360	168	448	576	568	232	432	232	488	208
91	0	0	0	0	0	592	560	408	520	200	0	0	568	304	512
92	0	0	0	0	0	248	472	160	456	288	592	496	424	304	448
93	0	0	0	0	0	48	368	184	568	552	144	600	56	600	360
94	0	0	0	0	0	120	544	600	176	184	264	544	184	208	0
95	0	0	0	0	0	32	32	248	448	120	144	328	32	48	280
96	0	0	0	0	0	360	536	64	248	520	224	240	32	152	160
97	0	0	0	0	0	304	560	8	536	304	0	128	88	440	352
98	0	0	0	0	0	552	0	600	544	280	296	600	104	240	416
99	0	0	0	0	0	112	112	120	40	0	280	472	544	288	40
100	0	0	0	0	0	200	64	512	0	56	224	96	264	0	40
101	0	0	0	0	0	16	392	344	224	56	584	104	592	296	576
102	0	0	0	0	0	288	600	568	96	304	472	400	552	416	496
103	0	0	0	0	0	184	328	224	376	0	192	328	560	392	376
104	0	0	0	0	0	16	0	296	208	248	0	240	304	0	0
105	0	0	0	0	0	568	632	120	488	560	528	312	272	392	720
106	0	0	0	0	0	64	400	120	144	240	528	208	216	232	304
107	0	0	0	0	0	232	552	32	328	432	88	56	224	64	352
108	0	0	0	0	0	328	352	208	160	136	80	0	392	0	40
109	0	0	0	0	0	0	328	0	600	168	0	8	272	48	176
110	0	0	0	0	0	488	400	184	360	280	392	384	24	600	600
111	0	0	0	0	0	472	72	336	160	344	400	312	568	200	320
112	0	0	0	0	0	192	536	184	592	488	560	0	496	280	0
113	0	0	0	0	0	200	360	40	520	472	560	304	176	560	280
114	0	0	0	0	0	544	88	240	264	304	344	176	448	0	200
115	0	0	0	0	0	280	424	376	0	200	552	0	16	144	8
116	0	0	0	0	0	160	160	112	296	584	184	304	552	0	0
117	0	0	0	0	0	496	88	136	328	96	392	8	552	152	496
118	0	0	0	0	0	272	80	552	208	184	240	416	576	200	400
119	0	0	0	0	0	592	408	360	272	0	440	216	576	560	248
120	0	0	0	0	0	232	224	568	104	256	536	368	24	0	144
(1,20221)	(2,1071)	(3,0)	(4,148)	
(1,4439)	(2,64)	(3,0)	(4,2)	
(1,4177)	(2,114)	(3,0)	(4,20)	
(1,4341)	(2,55)	(3,0)	(4,6)	
(1,4414)	(2,46)	(3,0)	(4,0)	
(1,4040)	(2,66)	(3,0)	(4,18)	
(1,1)	(2,0)	(3,0)	(4,0)	
(1,1)	(2,0)	(3,0)	(4,0)	
(1,1)	(2,0)	(3,0)	(4,0)	
(1,1)	(2,0)	(3,0)	(4,0)	
(1,1)	(2,0)	(3,0)	(4,0)	
(1,1)	(2,0)	(3,0)	(4,0)	
(1,1)	(2,0)	(3,0)	(4,0)	
(1,1)	(2,0)	(3,0)	(4,0)	
(1,1)	(2,0)	(3,0)	(4,0)	
(1,1)	(2,0)	(3,0)	(4,0)	
avg	0	0	0	0	0	273.2	300	274.4	288.933	268	294.533	260.8	308.8	256.667	278.267
delay	0.242857	0.287671	0.253165	0.294872	0.242857	4.07955	6.79378	27.7881	15.7333	4.02985	5.44952	4.6544	6.05268	18.7579	20.3282
loss	0	0	0	0	0	0.0321209	0.0322581	0.018598	0.0351736	0.0313253	0.0324135	0.0383481	0.0223723	0.0403789	0.0346901
Command ['/home/ubuntu/ns-3.30-obss/build/scratch/simple-ofdma-adhoc4', '--ofdmaEnabled=true', '--startTime=60', '--totalTime=120', '--dataMode=HeMcs5', '--datarate=6e5', '--ratio=0.375', '--RngRun=42', '--locationFile=my-simulations/8_ofdma7/txt/locationFile52.txt', '--routingFile=my-simulations/8_ofdma7/txt/routingFile52.txt'] terminated with signal SIGSEGV. Run it under a debugger to get more information (./waf --run <program> --command-template="gdb --args %s <args>").
