Waf: Entering directory `/home/ubuntu/ns-3.30-obss/build'
Waf: Leaving directory `/home/ubuntu/ns-3.30-obss/build'
Build commands will be stored in build/compile_commands.json
'build' finished successfully (0.778s)
--------------------------Rate[Kbps]--------------------------
Time[s]	cl-1	cl-2	cl-3	cl-4	cl-5	cl-6	cl-7	cl-8	cl-9	cl-10	cl-11	cl-12	cl-13	cl-14	cl-15	cl-16	cl-17	cl-18	cl-19	cl-20
60	15	13.6	12.6	14	17.2	11.6	15	14.2	14.2	11.6	13.8	15	13.4	15	14	14.4	15	12.4	17.8	15.2
61	0	0	0	0	0	0	592	192	136	488	96	24	0	0	0	376	192	0	72	176
62	0	0	0	0	368	32	80	336	400	8	280	400	528	352	408	32	0	224	40	16
63	0	0	0	0	400	16	152	424	0	544	560	536	0	472	128	592	512	328	0	160
64	0	0	0	0	576	424	560	136	176	192	248	56	384	320	48	384	240	240	512	0
65	0	0	0	0	64	0	328	0	352	200	280	184	592	336	464	264	456	432	384	336
66	0	0	0	0	0	120	120	288	392	0	504	528	176	336	240	304	496	592	504	424
67	0	0	0	0	520	424	504	448	216	240	8	336	456	248	136	96	232	168	456	552
68	0	0	0	0	352	304	248	400	32	456	352	168	280	64	80	0	504	312	568	480
69	0	0	0	0	480	552	584	160	216	400	576	32	536	176	472	528	128	216	232	208
70	0	0	0	0	504	584	192	584	496	392	136	488	232	352	320	408	232	240	184	392
71	0	0	0	0	328	352	424	88	112	520	432	472	216	488	0	248	224	536	0	104
72	0	0	0	0	464	96	336	456	216	576	296	0	488	552	96	376	152	32	336	56
73	0	0	0	0	96	144	600	80	360	240	0	328	544	304	24	40	344	80	0	40
74	0	0	0	0	472	320	520	368	8	256	48	264	488	296	16	368	152	464	144	312
75	0	0	0	0	144	32	280	592	248	480	368	24	448	72	296	0	0	184	456	448
76	0	0	0	0	544	392	8	392	384	376	184	256	464	408	0	184	152	168	136	168
77	0	0	0	0	488	272	528	144	120	312	152	176	448	232	288	128	416	32	216	240
78	0	0	0	0	0	376	64	88	224	520	592	0	64	0	56	216	440	232	96	0
79	0	0	0	0	208	344	152	504	376	16	336	488	336	200	160	288	480	608	328	160
80	0	0	0	0	592	104	296	232	592	352	96	232	336	344	432	592	312	0	560	152
81	0	0	0	0	376	168	336	376	520	464	344	584	360	0	56	568	248	152	240	56
82	0	0	0	0	0	192	416	240	512	552	584	120	192	416	8	472	560	576	192	456
83	0	0	0	0	392	408	104	576	192	304	288	104	408	72	592	312	200	472	416	40
84	0	0	0	0	400	488	168	0	56	552	448	120	304	488	128	0	544	112	576	320
85	0	0	0	0	432	544	544	352	152	0	296	224	136	512	56	552	0	376	368	240
86	0	0	0	0	184	40	272	288	600	168	8	104	200	512	592	240	216	512	104	520
87	0	0	0	0	24	112	472	560	320	544	544	472	520	232	56	48	528	536	128	432
88	0	0	0	0	144	0	96	96	552	344	144	64	0	192	16	80	280	136	336	496
89	0	0	0	0	384	248	200	0	0	424	264	480	296	64	152	440	272	40	264	600
90	0	0	0	0	600	392	0	40	64	0	64	0	96	24	256	80	464	192	448	160
91	0	0	0	0	112	208	192	312	384	336	576	240	72	152	184	24	592	0	152	128
92	0	0	0	0	360	96	352	336	520	448	368	0	312	512	280	112	280	336	344	416
93	0	0	0	0	144	48	592	440	128	264	64	320	184	360	264	336	0	504	416	520
94	0	0	0	0	456	296	144	264	240	224	256	528	336	368	592	112	24	208	168	208
95	0	0	0	0	272	176	88	440	592	288	168	256	288	0	72	232	88	408	600	592
96	0	0	0	0	104	336	432	0	520	280	536	320	200	400	200	0	248	0	152	440
97	0	0	0	0	0	0	0	0	376	344	376	352	104	152	0	8	0	224	144	0
98	0	0	0	0	168	520	240	264	264	80	304	80	208	552	48	688	328	384	400	24
99	0	0	0	0	0	464	0	336	160	536	352	336	64	424	144	8	320	456	520	576
100	0	0	0	0	136	0	352	320	560	24	256	440	424	136	168	232	296	480	0	288
101	0	0	0	0	0	264	384	600	88	48	120	448	0	152	384	128	96	240	448	184
102	0	0	0	0	432	248	456	432	352	400	32	168	16	528	264	24	600	128	496	128
103	0	0	0	0	88	136	320	560	312	536	0	16	0	64	160	392	152	264	120	600
104	0	0	0	0	576	176	360	432	576	384	64	488	352	448	552	160	0	240	600	264
105	0	0	0	0	560	552	440	0	240	560	152	544	408	160	352	208	128	528	184	80
106	0	0	0	0	560	360	408	520	24	552	16	176	136	0	440	80	296	256	360	120
107	0	0	0	0	368	592	328	576	8	576	336	56	112	56	312	392	112	128	184	240
108	0	0	0	0	384	208	0	96	568	432	400	480	72	400	264	480	16	560	256	336
109	0	0	0	0	0	200	368	600	328	576	320	512	280	224	568	0	0	488	0	0
110	0	0	0	0	128	336	552	288	584	312	208	400	272	400	128	208	392	24	552	376
111	0	0	0	0	416	136	248	0	296	288	152	552	216	496	0	448	464	336	504	384
112	0	0	0	0	384	312	160	88	112	360	80	488	96	0	24	328	264	168	0	312
113	0	0	0	0	16	112	0	304	168	248	568	368	248	224	408	376	592	16	136	584
114	0	0	0	0	272	120	344	248	560	304	448	176	192	224	552	440	240	600	40	16
115	0	0	0	0	584	8	360	384	496	248	192	72	560	160	496	528	464	232	536	520
116	0	0	0	0	488	512	0	240	80	0	208	440	0	520	408	0	416	288	424	152
117	0	0	0	0	424	464	136	264	224	16	184	208	240	96	288	88	456	440	424	8
118	0	0	0	0	344	568	280	368	576	512	160	184	592	48	560	128	336	0	384	512
119	0	0	0	0	568	376	424	280	480	496	120	64	0	32	176	312	144	320	0	496
120	0	0	0	0	568	144	144	0	368	264	520	112	40	384	160	488	376	96	248	0
(1,28583)	(2,3668)	(3,0)	(4,200)	
(1,8406)	(2,394)	(3,0)	(4,6)	
(1,8188)	(2,604)	(3,0)	(4,2)	
(1,7348)	(2,376)	(3,0)	(4,19)	
(1,8012)	(2,418)	(3,0)	(4,23)	
(1,1)	(2,0)	(3,0)	(4,0)	
(1,1)	(2,0)	(3,0)	(4,0)	
(1,1)	(2,0)	(3,0)	(4,0)	
(1,1)	(2,0)	(3,0)	(4,0)	
(1,1)	(2,0)	(3,0)	(4,0)	
(1,1)	(2,0)	(3,0)	(4,0)	
(1,1)	(2,0)	(3,0)	(4,0)	
(1,1)	(2,0)	(3,0)	(4,0)	
(1,1)	(2,0)	(3,0)	(4,0)	
(1,1)	(2,0)	(3,0)	(4,0)	
(1,1)	(2,0)	(3,0)	(4,0)	
(1,1)	(2,0)	(3,0)	(4,0)	
(1,1)	(2,0)	(3,0)	(4,0)	
(1,1)	(2,0)	(3,0)	(4,0)	
(1,1)	(2,0)	(3,0)	(4,0)	
(1,1)	(2,0)	(3,0)	(4,0)	
avg	0	0	0	0	307.467	257.467	288	290.533	303.467	330.933	267.733	268.133	259.2	262.267	233.733	252.933	278.267	275.733	284.8	270.8
delay	0.24	0.264706	0.253968	0.242857	3.6405	3.85034	5.10602	3.96971	4.47935	1.82917	2.67629	3.32571	4.34208	13.8063	2.29093	12.9457	6.59751	4.99855	5.66011	2.3033
loss	0	0	0	0	0.0455298	0.0603406	0.0555313	0.0488869	0.0504798	0.0446497	0.0438095	0.0580796	0.0484581	0.0474576	0.0357536	0.062747	0.0539438	0.0565693	0.0352304	0.041529
Command ['/home/ubuntu/ns-3.30-obss/build/scratch/simple-ofdma-adhoc4', '--ofdmaEnabled=true', '--startTime=60', '--totalTime=120', '--dataMode=HeMcs7', '--datarate=6e5', '--ratio=0.375', '--RngRun=17', '--locationFile=my-simulations/8_ofdma7/txt/locationFile44.txt', '--routingFile=my-simulations/8_ofdma7/txt/routingFile44.txt'] terminated with signal SIGSEGV. Run it under a debugger to get more information (./waf --run <program> --command-template="gdb --args %s <args>").
