Waf: Entering directory `/home/ubuntu/ns-3.30-obss/build'
Waf: Leaving directory `/home/ubuntu/ns-3.30-obss/build'
Build commands will be stored in build/compile_commands.json
'build' finished successfully (0.699s)
--------------------------Rate[Kbps]--------------------------
Time[s]	cl-1	cl-2	cl-3	cl-4	cl-5	cl-6	cl-7	cl-8	cl-9	cl-10
60	15.2	13.2	13.6	17.4	15.2	17.2	13.2	13.2	14.4	12.4
61	0	0	8	0	208	0	0	0	248	0
62	0	0	368	160	304	96	256	248	384	104
63	0	0	192	344	0	208	392	400	0	8
64	0	0	192	208	80	280	392	280	104	48
65	0	0	40	56	232	64	56	224	312	136
66	0	0	320	88	88	0	264	0	400	0
67	0	0	0	376	312	208	400	312	0	320
68	0	0	352	144	336	56	304	0	184	312
69	0	0	216	8	200	0	176	88	400	400
70	0	0	56	64	128	0	32	248	296	72
71	0	0	48	32	232	600	384	16	152	256
72	0	0	128	32	264	0	288	144	112	304
73	0	0	64	368	96	392	96	264	120	0
74	0	0	176	184	0	304	256	216	120	256
75	0	0	360	104	200	280	192	64	400	112
76	0	0	0	360	216	304	0	384	56	64
77	0	0	208	256	96	0	240	0	0	144
78	0	0	320	56	400	304	224	216	240	256
79	0	0	400	304	216	384	0	16	216	96
80	0	0	176	136	0	344	104	112	152	248
81	0	0	16	280	296	288	232	328	56	272
82	0	0	80	232	400	200	112	136	216	312
83	0	0	104	184	352	176	280	264	128	128
84	0	0	0	192	304	368	344	248	0	352
85	0	0	184	304	400	104	232	160	216	288
86	0	0	224	160	240	312	304	312	48	328
87	0	0	352	88	176	312	368	72	16	224
88	0	0	400	264	0	400	112	120	240	208
89	0	0	248	208	200	200	312	40	88	264
90	0	0	288	280	304	160	376	296	136	344
91	0	0	0	360	224	0	376	16	112	48
92	0	0	24	120	0	232	336	256	320	288
93	0	0	16	200	168	256	296	224	368	400
94	0	0	224	200	400	16	40	192	112	128
95	0	0	0	0	360	40	208	400	32	328
96	0	0	104	248	344	384	400	312	320	400
97	0	0	168	320	208	200	296	368	272	0
98	0	0	312	120	0	400	48	368	344	208
99	0	0	400	376	272	104	96	312	256	352
100	0	0	200	104	64	120	288	344	80	400
101	0	0	0	200	232	72	32	64	232	128
102	0	0	120	16	168	0	248	336	32	248
103	0	0	376	64	312	152	344	296	64	144
104	0	0	32	64	0	352	128	304	384	192
105	0	0	384	32	208	240	56	288	296	328
106	0	0	328	64	24	256	96	184	240	144
107	0	0	16	144	264	152	104	0	0	0
108	0	0	224	264	224	0	88	80	200	304
109	0	0	0	208	376	160	96	400	392	88
110	0	0	392	200	400	256	400	240	248	224
111	0	0	376	392	184	320	368	296	64	368
112	0	0	304	152	104	200	344	400	248	40
113	0	0	360	0	352	8	48	64	0	96
114	0	0	312	192	320	328	480	400	288	192
115	0	0	120	192	312	200	80	176	216	40
116	0	0	80	136	112	0	208	24	304	280
117	0	0	80	296	248	104	216	8	64	224
118	0	0	336	256	224	0	136	168	136	216
119	0	0	8	336	384	112	72	368	280	168
120	0	0	296	376	216	248	96	400	200	152
(1,12401)	(2,137)	(3,0)	(4,52)	
(1,5702)	(2,192)	(3,0)	(4,26)	
(1,6019)	(2,129)	(3,0)	(4,30)	
(1,1)	(2,0)	(3,0)	(4,0)	
(1,1)	(2,0)	(3,0)	(4,0)	
(1,1)	(2,0)	(3,0)	(4,0)	
(1,1)	(2,0)	(3,0)	(4,0)	
(1,1)	(2,0)	(3,0)	(4,0)	
(1,1)	(2,0)	(3,0)	(4,0)	
(1,1)	(2,0)	(3,0)	(4,0)	
(1,1)	(2,0)	(3,0)	(4,0)	
avg	0	0	185.2	185.067	216.4	187.6	212.533	208.267	185.733	199.733
delay	0.236842	0.257576	5.41109	6.61888	9.82132	147.423	19.6757	13.8156	4.48672	3.71362
loss	0	0	0.00927247	0.0300489	0.0163636	0.0422056	0.0117793	0.00572884	0.00712758	0.0125247
Command ['/home/ubuntu/ns-3.30-obss/build/scratch/simple-ofdma-adhoc4', '--ofdmaEnabled=true', '--startTime=60', '--totalTime=120', '--dataMode=HeMcs5', '--datarate=4e5', '--ratio=0.375', '--RngRun=17', '--locationFile=my-simulations/8_ofdma7/txt/locationFile24.txt', '--routingFile=my-simulations/8_ofdma7/txt/routingFile24.txt'] terminated with signal SIGSEGV. Run it under a debugger to get more information (./waf --run <program> --command-template="gdb --args %s <args>").
