Waf: Entering directory `/home/ubuntu/ns-3.30-obss/build'
Waf: Leaving directory `/home/ubuntu/ns-3.30-obss/build'
Build commands will be stored in build/compile_commands.json
'build' finished successfully (0.773s)
--------------------------Rate[Kbps]--------------------------
Time[s]	cl-1	cl-2	cl-3	cl-4	cl-5	cl-6	cl-7	cl-8	cl-9	cl-10	cl-11	cl-12	cl-13	cl-14	cl-15
60	14.2	14.8	14.8	10.6	15	14.2	14.4	15.2	14.4	16.2	12	11.8	13.6	13.2	15.2
61	0	0	0	0	0	0	0	296	0	0	80	248	88	536	0
62	0	0	0	0	0	224	536	936	536	456	0	536	0	568	832
63	0	0	0	0	0	816	944	128	960	752	336	0	376	736	96
64	0	0	0	0	0	528	936	976	816	168	688	600	376	928	128
65	0	0	0	0	0	0	464	224	760	336	0	152	64	152	904
66	0	0	0	0	0	176	0	24	792	0	456	88	488	992	712
67	0	0	0	0	0	320	928	0	120	880	848	792	0	472	632
68	0	0	0	0	0	544	408	576	512	688	864	584	880	160	400
69	0	0	0	0	0	616	872	656	168	552	832	552	168	936	912
70	0	0	0	0	0	584	112	408	368	464	80	296	72	504	368
71	0	0	0	0	0	280	936	632	264	488	688	648	384	0	0
72	0	0	0	0	0	48	632	0	1000	224	552	960	200	352	192
73	0	0	0	0	0	64	808	864	0	384	712	112	800	208	432
74	0	0	0	0	0	440	800	976	64	0	1000	424	0	912	360
75	0	0	0	0	0	72	328	912	760	536	24	808	392	608	0
76	0	0	0	0	0	488	184	192	864	264	280	208	104	592	312
77	0	0	0	0	0	464	496	64	0	152	1000	264	0	736	456
78	0	0	0	0	0	304	224	136	344	0	488	464	64	248	456
79	0	0	0	0	0	528	448	920	872	304	320	512	624	360	504
80	0	0	0	0	0	600	440	776	0	904	96	584	544	512	408
81	0	0	0	0	0	0	688	432	704	264	872	624	192	952	912
82	0	0	0	0	0	560	184	864	832	248	424	968	552	352	544
83	0	0	0	0	0	0	352	504	96	664	200	504	936	16	920
84	0	0	0	0	0	760	104	704	424	368	656	904	704	496	16
85	0	0	0	0	0	536	208	320	648	0	8	568	216	384	984
86	0	0	0	0	0	472	944	392	792	40	56	664	0	424	816
87	0	0	0	0	0	0	576	688	32	408	808	344	648	680	360
88	0	0	0	0	0	384	616	520	464	592	856	608	872	912	408
89	0	0	0	0	0	864	408	584	680	624	544	16	416	256	32
90	0	0	0	0	0	584	648	768	944	112	368	280	520	600	680
91	0	0	0	0	0	912	624	112	296	912	896	560	472	528	192
92	0	0	0	0	0	544	40	96	832	992	720	584	504	896	640
93	0	0	0	0	0	0	672	328	104	304	112	120	304	896	632
94	0	0	0	0	0	616	408	0	0	128	320	768	720	760	640
95	0	0	0	0	0	968	944	704	560	264	624	136	904	296	536
96	0	0	0	0	0	856	392	440	0	872	832	16	672	360	0
97	0	0	0	0	0	880	456	648	456	624	176	808	456	864	528
98	0	0	0	0	0	520	0	336	768	0	0	0	976	264	840
99	0	0	0	0	0	0	0	56	184	528	272	472	0	0	416
100	0	0	0	0	0	1168	984	744	208	536	0	912	168	776	624
101	0	0	0	0	0	0	720	808	0	272	616	376	0	272	384
102	0	0	0	0	0	808	944	112	768	8	952	200	720	672	392
103	0	0	0	0	0	528	368	296	16	112	288	936	0	512	912
104	0	0	0	0	0	0	368	520	88	552	752	456	384	16	472
105	0	0	0	0	0	688	0	0	208	0	712	496	0	160	624
106	0	0	0	0	0	800	552	280	320	312	232	160	520	0	288
107	0	0	0	0	0	0	232	176	136	800	808	472	784	152	376
108	0	0	0	0	0	48	984	216	32	0	544	760	8	368	216
109	0	0	0	0	0	72	608	152	392	600	0	768	312	304	320
110	0	0	0	0	0	536	864	752	568	640	504	656	720	752	528
111	0	0	0	0	0	664	160	432	360	272	696	272	368	936	184
112	0	0	0	0	0	600	288	56	912	0	48	384	464	248	488
113	0	0	0	0	0	200	496	432	8	16	72	416	80	1112	736
114	0	0	0	0	0	704	520	32	296	632	368	0	968	144	400
115	0	0	0	0	0	0	56	664	272	416	520	360	432	176	24
116	0	0	0	0	0	832	656	280	304	720	640	896	0	0	976
117	0	0	0	0	0	464	0	432	584	584	456	808	824	112	72
118	0	0	0	0	0	952	616	0	392	880	408	736	552	424	520
119	0	0	0	0	0	656	976	72	872	456	432	40	864	232	944
120	0	0	0	0	0	408	168	680	800	808	592	208	416	136	664
(1,28461)	(2,3906)	(3,0)	(4,349)	
(1,6879)	(2,210)	(3,0)	(4,55)	
(1,6237)	(2,284)	(3,0)	(4,21)	
(1,6638)	(2,149)	(3,0)	(4,1)	
(1,6606)	(2,183)	(3,0)	(4,2)	
(1,6652)	(2,347)	(3,0)	(4,47)	
(1,1)	(2,0)	(3,0)	(4,0)	
(1,1)	(2,0)	(3,0)	(4,0)	
(1,1)	(2,0)	(3,0)	(4,0)	
(1,1)	(2,0)	(3,0)	(4,0)	
(1,1)	(2,0)	(3,0)	(4,0)	
(1,1)	(2,0)	(3,0)	(4,0)	
(1,1)	(2,0)	(3,0)	(4,0)	
(1,1)	(2,0)	(3,0)	(4,0)	
(1,1)	(2,0)	(3,0)	(4,0)	
(1,1)	(2,0)	(3,0)	(4,0)	
avg	0	0	0	0	0	444.667	488.667	422.133	425.867	401.867	462.133	468.133	404.533	465.867	472.4
delay	0.239437	0.243243	0.27027	0.283019	0.24	21.0744	40.2382	10.0243	48.5877	2.26012	4.19735	8.25377	2.49407	21.0856	10.9111
loss	0	0	0	0	0	0.0837912	0.0855788	0.0923165	0.107821	0.0590072	0.0675276	0.0477353	0.0667487	0.0587284	0.0693459
Command ['/home/ubuntu/ns-3.30-obss/build/scratch/simple-ofdma-adhoc4', '--ofdmaEnabled=true', '--startTime=60', '--totalTime=120', '--dataMode=HeMcs7', '--datarate=10e5', '--ratio=0.375', '--RngRun=17', '--locationFile=my-simulations/8_ofdma7/txt/locationFile52.txt', '--routingFile=my-simulations/8_ofdma7/txt/routingFile52.txt'] terminated with signal SIGSEGV. Run it under a debugger to get more information (./waf --run <program> --command-template="gdb --args %s <args>").
