Waf: Entering directory `/home/ubuntu/ns-3.30-obss/build'
Waf: Leaving directory `/home/ubuntu/ns-3.30-obss/build'
Build commands will be stored in build/compile_commands.json
'build' finished successfully (0.721s)
--------------------------Rate[Kbps]--------------------------
Time[s]	cl-1	cl-2	cl-3	cl-4	cl-5	cl-6	cl-7	cl-8	cl-9	cl-10	cl-11	cl-12
60	13.8	13	15.4	12.6	13.6	16.2	14.6	15	17.2	15.2	15.6	11.8
61	0	0	136	72	80	120	8	48	160	48	184	160
62	0	0	80	88	16	168	8	0	24	8	160	64
63	0	0	184	136	120	40	200	112	40	184	72	72
64	0	0	0	120	200	0	160	200	192	200	64	56
65	0	0	24	40	72	16	56	0	80	168	192	0
66	0	0	0	24	184	128	200	40	48	56	120	8
67	0	0	192	112	144	32	144	184	88	8	64	200
68	0	0	56	80	200	128	72	64	200	112	0	96
69	0	0	40	160	144	160	16	40	120	192	72	0
70	0	0	48	128	104	0	184	72	144	56	24	144
71	0	0	80	168	184	104	88	128	88	0	112	104
72	0	0	104	88	168	200	16	112	152	192	160	80
73	0	0	104	80	88	88	0	136	160	128	24	0
74	0	0	56	176	120	144	96	24	184	104	0	64
75	0	0	0	16	16	0	88	136	168	56	48	112
76	0	0	200	104	96	120	184	88	24	0	104	32
77	0	0	192	192	96	184	0	0	0	112	32	80
78	0	0	48	200	56	8	8	200	200	56	200	64
79	0	0	0	128	168	48	32	112	160	104	80	0
80	0	0	152	200	0	200	24	24	40	184	88	104
81	0	0	16	56	160	128	80	96	16	96	160	120
82	0	0	104	200	192	144	192	0	0	200	168	56
83	0	0	64	24	184	24	120	112	184	56	56	72
84	0	0	80	48	128	128	56	120	160	32	120	16
85	0	0	24	80	176	200	200	24	200	144	184	176
86	0	0	120	192	136	80	88	40	120	8	176	80
87	0	0	0	96	96	40	176	112	0	144	168	0
88	0	0	104	96	96	40	72	104	8	0	112	128
89	0	0	32	0	152	48	8	152	120	152	192	168
90	0	0	32	120	168	64	184	104	136	64	152	0
91	0	0	88	120	200	144	40	200	184	32	16	48
92	0	0	72	56	144	136	56	72	160	136	88	176
93	0	0	104	104	144	192	104	168	136	200	200	56
94	0	0	72	136	120	96	32	200	184	176	136	104
95	0	0	8	32	72	120	64	8	104	0	0	72
96	0	0	8	104	64	0	8	144	0	200	104	80
97	0	0	200	200	72	104	56	168	56	168	16	152
98	0	0	136	184	64	192	200	176	0	104	128	48
99	0	0	64	160	136	56	192	160	88	144	72	144
100	0	0	88	0	0	176	40	56	168	64	152	112
101	0	0	56	48	160	200	56	192	80	88	168	136
102	0	0	200	8	112	32	80	0	200	168	160	16
103	0	0	64	24	200	200	48	80	152	176	24	176
104	0	0	160	96	144	160	56	200	136	184	0	104
105	0	0	0	56	200	0	192	24	200	8	176	32
106	0	0	80	80	40	56	128	176	88	48	168	136
107	0	0	200	64	80	112	144	8	80	0	168	200
108	0	0	40	200	40	0	160	96	168	16	80	88
109	0	0	96	152	72	88	112	88	144	48	88	120
110	0	0	72	128	80	176	24	200	120	88	48	72
111	0	0	128	56	200	0	112	112	160	96	0	64
112	0	0	144	144	32	120	200	184	160	104	128	88
113	0	0	72	0	128	152	16	64	24	192	40	160
114	0	0	8	56	0	88	56	80	88	120	48	152
115	0	0	0	48	160	120	40	160	176	136	32	48
116	0	0	184	120	160	16	104	160	72	96	160	88
117	0	0	96	136	200	80	80	200	120	112	176	0
118	0	0	128	0	128	64	0	64	0	0	64	112
119	0	0	104	8	32	0	104	64	80	8	0	200
120	0	0	112	40	72	48	160	144	128	24	88	64
(1,8148)	(2,87)	(3,0)	(4,0)	
(1,3914)	(2,48)	(3,0)	(4,0)	
(1,4047)	(2,56)	(3,0)	(4,0)	
(1,1)	(2,0)	(3,0)	(4,0)	
(1,1)	(2,0)	(3,0)	(4,0)	
(1,1)	(2,0)	(3,0)	(4,0)	
(1,1)	(2,0)	(3,0)	(4,0)	
(1,1)	(2,0)	(3,0)	(4,0)	
(1,1)	(2,0)	(3,0)	(4,0)	
(1,1)	(2,0)	(3,0)	(4,0)	
(1,1)	(2,0)	(3,0)	(4,0)	
(1,1)	(2,0)	(3,0)	(4,0)	
(1,1)	(2,0)	(3,0)	(4,0)	
avg	0	0	84.2667	96.4	116.667	95.2	90.4	103.867	111.2	96.6667	100.267	88.4
delay	0.246377	0.230769	1.07437	1.09682	1.136	1.09944	1.02065	1.11682	1.06355	1.07862	1.04654	1.0724
loss	0	0	0.00472441	0.00413223	0.00793651	0.0110803	0.00732064	0.0101652	0.0106762	0.00548697	0.00660502	0.00748503
Command ['/home/ubuntu/ns-3.30-obss/build/scratch/simple-ofdma-adhoc4', '--ofdmaEnabled=true', '--startTime=60', '--totalTime=120', '--dataMode=HeMcs5', '--datarate=2e5', '--ratio=0.375', '--RngRun=17', '--locationFile=my-simulations/8_ofdma7/txt/locationFile25.txt', '--routingFile=my-simulations/8_ofdma7/txt/routingFile25.txt'] terminated with signal SIGSEGV. Run it under a debugger to get more information (./waf --run <program> --command-template="gdb --args %s <args>").
