Waf: Entering directory `/home/ubuntu/ns-3.30-obss/build'
Waf: Leaving directory `/home/ubuntu/ns-3.30-obss/build'
Build commands will be stored in build/compile_commands.json
'build' finished successfully (0.780s)
--------------------------Rate[Kbps]--------------------------
Time[s]	cl-1	cl-2	cl-3	cl-4	cl-5	cl-6	cl-7	cl-8	cl-9	cl-10	cl-11	cl-12	cl-13	cl-14	cl-15	cl-16	cl-17	cl-18	cl-19	cl-20	cl-21
60	13	11.6	14.6	13.8	12.6	16.4	14	12.8	11.8	15.8	14.6	16.2	17	15.8	13	16.8	14.2	15.2	14	11.6	17.8
61	0	0	0	0	0	0	0	0	0	32	8	40	80	72	160	128	48	48	136	64	0
62	0	0	0	0	0	0	0	0	0	72	56	184	0	0	40	184	152	0	88	0	144
63	0	0	0	0	0	0	0	0	0	136	32	0	8	112	176	8	16	80	168	152	72
64	0	0	0	0	0	0	0	0	0	72	0	16	48	64	8	144	0	56	192	112	48
65	0	0	0	0	0	0	0	0	0	192	112	160	0	152	72	48	184	104	72	56	56
66	0	0	0	0	0	0	0	0	0	120	88	40	32	48	80	0	120	136	56	128	96
67	0	0	0	0	0	0	0	0	0	136	64	168	0	104	120	24	144	136	152	128	184
68	0	0	0	0	0	0	0	0	0	176	152	144	112	96	0	120	16	24	136	120	32
69	0	0	0	0	0	0	0	0	0	56	112	64	120	0	112	160	104	96	192	200	0
70	0	0	0	0	0	0	0	0	0	96	200	88	120	64	128	112	184	200	32	32	64
71	0	0	0	0	0	0	0	0	0	152	96	96	200	136	128	120	128	0	120	8	192
72	0	0	0	0	0	0	0	0	0	200	184	88	72	16	136	80	104	24	0	8	128
73	0	0	0	0	0	0	0	0	0	0	16	176	200	200	0	104	56	72	88	96	104
74	0	0	0	0	0	0	0	0	0	176	120	48	128	48	32	128	112	168	104	144	144
75	0	0	0	0	0	0	0	0	0	184	128	0	104	144	48	72	160	152	96	200	144
76	0	0	0	0	0	0	0	0	0	48	0	88	144	104	160	0	168	56	32	40	120
77	0	0	0	0	0	0	0	0	0	192	128	192	24	0	112	8	144	120	0	128	48
78	0	0	0	0	0	0	0	0	0	176	104	112	184	136	64	168	200	104	136	200	8
79	0	0	0	0	0	0	0	0	0	152	16	32	48	32	72	192	48	136	72	24	176
80	0	0	0	0	0	0	0	0	0	96	168	160	80	112	80	168	88	104	104	32	184
81	0	0	0	0	0	0	0	0	0	192	16	104	144	32	104	128	32	16	88	24	120
82	0	0	0	0	0	0	0	0	0	128	48	168	16	200	88	184	80	8	144	96	0
83	0	0	0	0	0	0	0	0	0	200	192	112	72	112	104	120	88	104	80	32	96
84	0	0	0	0	0	0	0	0	0	112	152	16	80	64	184	40	152	48	184	192	48
85	0	0	0	0	0	0	0	0	0	168	40	8	56	168	56	72	184	8	80	0	168
86	0	0	0	0	0	0	0	0	0	80	0	0	136	96	200	160	40	104	56	40	176
87	0	0	0	0	0	0	0	0	0	136	64	64	160	184	40	0	160	104	0	56	184
88	0	0	0	0	0	0	0	0	0	64	128	0	40	56	56	16	112	56	24	96	104
89	0	0	0	0	0	0	0	0	0	160	144	128	152	120	64	128	56	80	24	200	24
90	0	0	0	0	0	0	0	0	0	160	200	88	112	200	152	152	96	200	32	32	80
91	0	0	0	0	0	0	0	0	0	104	24	192	96	40	192	56	80	40	200	80	152
92	0	0	0	0	0	0	0	0	0	104	0	128	80	88	0	64	0	160	24	120	104
93	0	0	0	0	0	0	0	0	0	40	64	24	8	152	32	64	88	80	0	0	88
94	0	0	0	0	0	0	0	0	0	64	104	0	8	152	176	176	80	192	136	72	96
95	0	0	0	0	0	0	0	0	0	184	168	72	96	88	88	192	80	112	96	32	0
96	0	0	0	0	0	0	0	0	0	168	152	192	56	120	80	152	0	160	0	24	64
97	0	0	0	0	0	0	0	0	0	56	24	56	48	48	48	48	48	88	136	0	16
98	0	0	0	0	0	0	0	0	0	192	40	0	176	136	104	0	120	192	56	96	72
99	0	0	0	0	0	0	0	0	0	160	152	40	16	112	200	88	88	104	184	48	0
100	0	0	0	0	0	0	0	0	0	64	112	80	32	120	40	176	32	152	128	0	184
101	0	0	0	0	0	0	0	0	0	0	0	24	0	72	0	200	56	96	8	120	56
102	0	0	0	0	0	0	0	0	0	176	56	48	32	40	136	104	24	16	24	120	72
103	0	0	0	0	0	0	0	0	0	120	104	56	112	152	56	80	16	16	128	16	0
104	0	0	0	0	0	0	0	0	0	32	160	200	104	56	112	16	136	64	80	120	40
105	0	0	0	0	0	0	0	0	0	104	88	144	136	200	0	112	64	200	32	64	168
106	0	0	0	0	0	0	0	0	0	0	104	112	192	104	136	192	104	160	120	160	176
107	0	0	0	0	0	0	0	0	0	0	24	192	96	16	136	152	184	0	128	176	96
108	0	0	0	0	0	0	0	0	0	56	104	96	192	128	192	48	24	112	192	56	112
109	0	0	0	0	0	0	0	0	0	8	0	0	128	128	128	136	128	0	104	72	200
110	0	0	0	0	0	0	0	0	0	48	32	104	0	56	0	184	136	152	48	200	144
111	0	0	0	0	0	0	0	0	0	24	56	120	104	88	136	112	160	160	40	0	152
112	0	0	0	0	0	0	0	0	0	0	72	168	200	120	136	0	80	48	168	48	88
113	0	0	0	0	0	0	0	0	0	64	120	0	112	176	24	184	200	80	144	64	112
114	0	0	0	0	0	0	0	0	0	96	72	112	56	72	72	0	120	72	136	56	184
115	0	0	0	0	0	0	0	0	0	40	192	80	168	16	192	80	72	160	0	0	136
116	0	0	0	0	0	0	0	0	0	152	72	120	8	24	72	0	0	0	80	48	144
117	0	0	0	0	0	0	0	0	0	96	8	200	32	72	176	160	64	64	24	0	88
118	0	0	0	0	0	0	0	0	0	8	0	184	160	72	64	160	184	192	32	200	96
119	0	0	0	0	0	0	0	0	0	32	112	104	200	88	24	64	80	200	72	112	200
120	0	0	0	0	0	0	0	0	0	152	136	40	136	184	0	8	96	160	128	64	160
(1,10175)	(2,145)	(3,0)	(4,0)	
(1,3309)	(2,29)	(3,0)	(4,0)	
(1,3394)	(2,41)	(3,0)	(4,0)	
(1,3262)	(2,16)	(3,0)	(4,0)	
(1,1612)	(2,4)	(3,0)	(4,0)	
(1,1575)	(2,1)	(3,0)	(4,0)	
(1,1613)	(2,2)	(3,0)	(4,0)	
(1,1634)	(2,17)	(3,0)	(4,0)	
(1,1559)	(2,8)	(3,0)	(4,0)	
(1,1567)	(2,2)	(3,0)	(4,0)	
(1,1)	(2,0)	(3,0)	(4,0)	
(1,1)	(2,0)	(3,0)	(4,0)	
(1,1)	(2,0)	(3,0)	(4,0)	
(1,1)	(2,0)	(3,0)	(4,0)	
(1,1)	(2,0)	(3,0)	(4,0)	
(1,1)	(2,0)	(3,0)	(4,0)	
(1,1)	(2,0)	(3,0)	(4,0)	
(1,1)	(2,0)	(3,0)	(4,0)	
(1,1)	(2,0)	(3,0)	(4,0)	
(1,1)	(2,0)	(3,0)	(4,0)	
(1,1)	(2,0)	(3,0)	(4,0)	
(1,1)	(2,0)	(3,0)	(4,0)	
avg	0	0	0	0	0	0	0	0	0	103.467	85.3333	91.2	90.9333	96.5333	92.1333	99.6	95.3333	96.2667	88.9333	80.1333	102.4
delay	0.230769	0.258621	0.260274	0.73913	0.68254	0.756098	0.7	0.71875	0.711864	1.75	1.85938	1.75292	1.94135	1.87569	1.80318	1.82865	1.93287	1.70499	1.82459	1.79201	1.80859
loss	0	0.0169492	0.0135135	0	0	0	0	0	0	0.0348259	0.0643275	0.0460251	0.0670315	0.0741688	0.0508242	0.0484076	0.0653595	0.0334672	0.0539007	0.0653188	0.0387985
Command ['/home/ubuntu/ns-3.30-obss/build/scratch/simple-ofdma-adhoc4', '--ofdmaEnabled=true', '--startTime=60', '--totalTime=120', '--dataMode=HeMcs5', '--datarate=2e5', '--ratio=0.375', '--RngRun=17', '--locationFile=my-simulations/8_ofdma7/txt/locationFile322.txt', '--routingFile=my-simulations/8_ofdma7/txt/routingFile322.txt'] terminated with signal SIGSEGV. Run it under a debugger to get more information (./waf --run <program> --command-template="gdb --args %s <args>").
