Waf: Entering directory `/home/ubuntu/ns-3.30-obss/build'
Waf: Leaving directory `/home/ubuntu/ns-3.30-obss/build'
Build commands will be stored in build/compile_commands.json
'build' finished successfully (0.691s)
--------------------------Rate[Kbps]--------------------------
Time[s]	cl-1	cl-2	cl-3	cl-4	cl-5	cl-6	cl-7	cl-8	cl-9	cl-10	cl-11	cl-12	cl-13	cl-14	cl-15	cl-16	cl-17	cl-18	cl-19	cl-20
60	16.4	16.6	14.4	15.2	15.2	15.6	13.8	15.2	14.2	14	15	15.2	13.6	15.2	16.2	15	11.6	13.6	12.4	12.6
61	0	0	0	0	0	112	0	56	280	400	0	72	0	0	0	832	0	120	176	288
62	0	0	0	0	0	240	0	0	144	368	408	0	88	352	0	368	168	168	360	160
63	0	0	0	0	0	32	192	224	184	16	48	112	80	520	160	176	248	16	368	104
64	0	0	0	0	0	72	24	248	576	240	120	504	56	8	112	96	56	368	80	520
65	0	0	0	0	0	104	112	0	176	408	176	360	72	168	296	352	176	456	152	0
66	0	0	0	0	0	312	24	16	128	296	0	280	296	352	24	320	248	112	344	80
67	0	0	0	0	0	280	208	32	184	0	120	0	184	304	72	536	280	184	168	128
68	0	0	0	0	0	128	40	72	256	200	416	120	136	64	440	304	312	200	192	192
69	0	0	0	0	0	160	40	88	0	144	152	232	552	288	328	520	112	96	0	544
70	0	0	0	0	0	280	8	104	288	280	88	16	80	208	352	504	400	0	176	80
71	0	0	0	0	0	176	296	56	440	272	0	0	160	48	72	160	88	160	200	296
72	0	0	0	0	0	0	80	120	376	312	40	256	0	104	440	40	208	504	160	480
73	0	0	0	0	0	120	80	192	0	328	328	152	88	144	240	264	72	248	256	176
74	0	0	0	0	8	24	216	232	184	216	96	440	264	296	160	120	312	136	120	240
75	0	0	0	0	0	232	264	160	344	184	152	336	208	0	96	200	312	184	240	0
76	0	0	0	0	0	0	0	32	512	200	232	544	144	200	176	472	200	32	344	336
77	0	0	0	0	0	240	72	48	376	344	416	0	160	384	536	112	24	0	0	160
78	0	0	0	0	0	216	264	64	8	400	144	96	192	160	464	96	304	64	16	184
79	0	0	0	0	0	104	48	96	192	176	256	648	0	576	144	72	64	400	224	272
80	8	0	0	8	0	0	336	64	0	304	224	288	40	240	328	72	240	272	240	88
81	0	0	0	0	0	88	336	24	128	200	248	0	48	368	168	120	184	152	448	320
82	0	0	0	0	0	224	440	208	272	304	56	16	16	152	240	224	56	88	216	312
83	0	0	0	0	0	80	96	40	448	400	80	104	288	320	504	48	88	464	160	112
84	0	0	0	0	0	320	0	16	136	264	88	192	288	256	176	208	256	224	0	432
85	0	0	0	0	0	0	248	160	0	96	40	528	224	416	128	256	112	392	144	192
86	0	0	0	0	0	88	0	296	128	96	336	328	280	184	0	400	0	32	336	152
87	0	0	0	0	0	32	336	144	0	0	192	80	0	336	440	528	272	80	168	432
88	0	0	0	0	0	264	320	200	160	264	0	128	72	136	88	416	192	16	48	344
89	0	0	0	0	0	192	0	280	288	424	200	224	40	576	0	200	0	184	48	304
90	0	0	8	0	0	16	32	56	544	480	248	64	112	128	408	168	448	0	480	8
91	0	0	0	0	0	408	272	232	16	112	0	112	8	272	440	8	184	152	304	224
92	0	0	0	0	0	168	160	40	184	144	400	0	288	112	536	320	192	184	32	528
93	0	0	0	0	0	40	152	248	312	0	200	192	280	352	16	104	16	368	240	144
94	0	8	0	0	0	312	192	256	0	384	296	224	216	312	112	0	96	112	272	24
95	0	0	0	8	0	88	144	0	360	56	432	152	40	24	520	240	88	64	128	560
96	0	0	0	0	0	312	240	40	72	112	384	264	344	312	392	0	0	96	248	144
97	0	0	0	0	0	16	144	16	200	456	360	264	544	192	0	112	240	320	512	104
98	8	0	0	0	0	216	200	296	32	280	0	32	400	112	240	360	128	240	56	0
99	0	0	0	0	0	32	128	96	456	312	352	88	400	32	496	400	96	56	120	248
100	0	0	0	0	0	120	8	56	480	328	248	224	736	0	248	656	216	16	48	0
101	0	0	0	0	0	40	224	280	312	336	280	312	376	240	120	96	32	384	56	24
102	0	0	0	0	0	176	208	200	152	264	296	368	376	216	392	16	48	24	72	136
103	0	0	0	0	0	264	360	328	232	136	480	80	224	88	152	40	0	384	24	8
104	0	0	0	0	0	224	48	0	144	392	64	0	400	8	464	152	360	416	48	16
105	0	0	0	0	0	64	0	152	344	264	48	432	160	288	56	408	368	160	200	176
106	0	0	0	0	0	56	136	0	0	280	56	584	360	240	280	80	552	0	496	56
107	0	0	0	0	0	160	72	152	272	280	384	16	264	120	360	312	184	176	264	8
108	0	0	0	0	0	0	240	168	328	232	280	8	296	192	64	208	184	432	0	328
109	0	0	0	0	0	64	272	48	440	392	304	120	376	72	96	0	160	216	344	312
110	0	0	0	0	0	136	208	120	152	128	120	272	32	400	424	296	0	376	8	216
111	0	0	0	0	0	144	8	224	336	224	456	304	160	208	80	0	168	0	240	168
112	0	0	0	0	0	360	0	0	352	408	128	24	576	160	328	0	272	0	104	424
113	8	0	0	8	0	200	88	224	56	272	160	32	48	288	560	520	64	264	80	136
114	0	0	0	0	0	128	336	0	88	192	192	456	0	144	24	0	392	256	464	416
115	0	0	0	0	0	56	168	184	304	112	0	352	200	632	696	208	104	32	104	8
116	0	0	0	0	0	200	224	264	240	320	56	280	128	400	0	256	0	8	72	32
117	0	0	0	0	0	72	304	136	384	0	24	176	0	328	64	216	360	400	128	88
118	0	0	8	0	0	232	264	224	80	136	368	136	32	320	112	24	136	232	304	144
119	0	0	0	0	0	176	96	128	0	104	464	72	56	336	88	200	312	328	144	368
120	0	0	0	0	0	0	120	136	296	96	0	352	432	424	88	200	0	48	448	248
(1,1620)	(2,26)	(3,0)	(4,9687)	
(1,2584)	(2,1490)	(3,0)	(4,184)	
(1,2609)	(2,2100)	(3,0)	(4,440)	
(1,2661)	(2,2196)	(3,0)	(4,441)	
(1,2525)	(2,1940)	(3,0)	(4,328)	
(1,1696)	(2,1082)	(3,0)	(4,218)	
(1,1)	(2,0)	(3,0)	(4,0)	
(1,1)	(2,0)	(3,0)	(4,0)	
(1,1)	(2,0)	(3,0)	(4,0)	
(1,1)	(2,0)	(3,0)	(4,0)	
(1,1)	(2,0)	(3,0)	(4,0)	
(1,1)	(2,0)	(3,0)	(4,0)	
(1,1)	(2,0)	(3,0)	(4,0)	
(1,1)	(2,0)	(3,0)	(4,0)	
(1,1)	(2,0)	(3,0)	(4,0)	
(1,1)	(2,0)	(3,0)	(4,0)	
(1,1)	(2,0)	(3,0)	(4,0)	
(1,1)	(2,0)	(3,0)	(4,0)	
(1,1)	(2,0)	(3,0)	(4,0)	
(1,1)	(2,0)	(3,0)	(4,0)	
(1,1)	(2,0)	(3,0)	(4,0)	
avg	0.4	0.133333	0.266667	0.4	0.133333	143.333	152.133	126.267	222.933	239.467	195.6	200.8	198.667	235.2	234	226.933	173.067	184.933	190.4	203.733
delay	442.667	491	497	502	507	493.891	509.345	500.147	481.158	479.312	495.891	500.431	497.068	489.887	498.716	454.304	500.477	495.816	493.179	485.715
loss	0	0.666667	0.5	0	0.666667	0.653561	0.655391	0.673532	0.521453	0.515772	0.50119	0.495832	0.513443	0.496452	0.481842	0.461903	0.560596	0.525418	0.541987	0.526348
Command ['/home/ubuntu/ns-3.30-obss/build/scratch/simple-ofdma-adhoc4', '--ofdmaEnabled=true', '--startTime=60', '--totalTime=120', '--dataMode=HeMcs1', '--datarate=10e5', '--clNum=20', '--ratio=0.375', '--RngRun=16'] terminated with signal SIGSEGV. Run it under a debugger to get more information (./waf --run <program> --command-template="gdb --args %s <args>").
