Waf: Entering directory `/home/ubuntu/ns-3.30-obss/build'
Waf: Leaving directory `/home/ubuntu/ns-3.30-obss/build'
Build commands will be stored in build/compile_commands.json
'build' finished successfully (0.743s)
--------------------------Rate[Kbps]--------------------------
Time[s]	cl-1	cl-2	cl-3	cl-4	cl-5	cl-6	cl-7	cl-8	cl-9	cl-10	cl-11	cl-12	cl-13	cl-14	cl-15	cl-16	cl-17	cl-18	cl-19	cl-20
60	16.4	16.6	14.4	15.2	15.2	15.8	13.8	15.2	14.2	14	15	15.2	13.6	15.6	16.2	15	11.6	13.8	12.4	12.6
61	0	0	0	0	0	192	0	48	344	464	0	64	0	0	0	856	0	144	248	344
62	0	0	0	0	0	384	312	160	360	456	520	0	240	800	104	744	416	224	680	224
63	0	0	0	0	0	184	152	808	368	328	0	504	0	512	80	0	320	368	344	552
64	0	0	0	0	0	40	224	80	648	400	296	496	96	304	456	480	240	392	0	352
65	0	0	0	0	0	336	88	0	248	424	0	320	240	24	48	368	304	376	216	0
66	0	0	0	0	0	472	312	104	144	400	104	424	632	512	40	672	552	464	776	56
67	0	0	0	0	0	640	200	168	664	0	416	0	144	448	528	624	488	200	80	656
68	0	0	0	0	0	32	440	120	40	504	584	616	728	0	832	576	352	88	288	288
69	0	0	0	0	0	536	0	80	256	0	224	0	464	728	416	872	232	144	368	552
70	0	0	0	0	0	632	352	168	616	792	0	24	0	0	280	776	560	8	0	400
71	0	0	0	0	0	104	560	0	816	128	16	192	288	136	248	8	272	752	368	880
72	0	0	0	0	0	176	0	536	120	744	328	456	160	504	720	456	160	728	672	448
73	0	0	8	0	0	96	464	368	112	392	384	592	296	320	528	592	432	184	424	552
74	0	0	0	0	8	344	272	424	728	480	0	768	288	232	144	8	752	496	312	288
75	0	0	0	0	0	136	152	552	464	360	512	648	432	80	152	752	656	144	768	104
76	0	0	0	0	0	360	0	0	888	360	224	400	328	448	512	280	0	64	152	376
77	0	0	0	0	0	592	544	192	208	824	600	0	336	344	784	336	264	0	64	672
78	0	8	0	0	0	312	448	128	368	640	0	528	88	776	656	88	472	288	248	136
79	8	0	0	8	0	248	408	184	0	160	840	704	24	480	296	168	72	544	344	592
80	0	0	0	0	0	136	568	0	168	656	184	160	0	672	792	200	712	528	560	176
81	0	0	0	0	0	688	672	472	312	320	560	0	176	432	32	72	232	24	720	752
82	0	0	0	0	0	40	312	232	712	856	24	24	240	688	768	368	160	640	48	128
83	0	0	0	0	0	552	80	56	544	696	224	432	440	376	648	8	88	560	200	536
84	0	0	0	0	0	368	296	56	168	0	0	472	280	712	240	560	664	600	192	680
85	0	0	0	0	0	0	224	720	224	176	520	816	824	304	48	512	168	520	576	368
86	0	0	0	0	0	344	184	472	0	264	440	224	32	808	416	816	64	0	200	496
87	0	0	0	0	0	40	392	232	0	56	312	160	0	24	96	208	304	168	224	312
88	0	0	0	0	0	680	432	672	408	584	0	128	176	488	56	560	336	32	256	752
89	0	0	0	0	0	0	0	376	880	696	560	432	160	624	232	224	448	216	440	136
90	0	0	8	0	0	312	456	424	424	704	72	168	32	272	848	152	776	0	528	320
91	0	0	0	0	0	592	768	328	64	8	360	32	0	560	736	136	304	616	488	512
92	0	0	0	0	0	0	240	248	784	336	600	392	640	264	448	536	120	488	0	584
93	0	8	0	0	0	448	152	552	280	264	208	128	552	632	0	48	272	560	648	40
94	0	0	0	0	0	304	840	248	176	480	376	552	0	112	608	312	224	88	136	528
95	0	0	0	8	0	472	168	56	568	200	704	104	400	336	696	88	0	120	296	696
96	0	0	0	0	0	384	328	72	248	256	448	536	744	312	152	120	416	408	808	176
97	8	0	0	0	0	240	376	368	32	728	296	112	560	440	0	312	8	72	264	104
98	0	0	0	0	0	104	656	448	288	408	336	248	664	0	560	384	512	352	488	144
99	0	0	0	0	0	200	0	128	832	704	256	0	672	48	736	680	24	64	0	216
100	0	0	0	0	0	224	312	240	544	440	672	528	776	160	0	512	256	336	128	0
101	0	0	0	0	0	208	456	512	616	704	304	632	576	664	648	200	256	352	16	48
102	0	0	0	0	0	184	712	464	120	576	728	376	664	280	384	40	0	256	104	328
103	0	0	8	0	0	824	416	264	600	136	320	104	216	16	632	296	184	768	152	0
104	0	0	0	0	0	344	112	304	392	696	304	312	784	208	232	408	824	552	0	224
105	0	0	0	0	8	0	176	96	416	256	0	808	264	648	136	352	712	56	824	400
106	0	0	0	0	0	392	192	208	200	760	400	456	808	392	720	168	696	0	600	0
107	0	0	0	0	0	8	680	264	560	160	648	32	512	256	560	792	120	712	184	400
108	0	0	0	0	0	0	160	384	392	432	248	0	120	120	0	8	320	496	0	504
109	0	8	0	0	0	32	496	0	536	544	264	272	624	456	440	232	136	424	416	640
110	0	0	0	0	0	504	152	496	512	160	576	624	264	408	600	232	0	280	344	160
111	0	0	0	0	0	584	80	192	744	744	440	344	576	616	32	0	424	8	504	536
112	8	0	0	0	0	736	96	264	144	160	240	48	448	16	840	328	568	0	104	632
113	0	0	0	0	0	88	424	232	224	688	504	336	0	552	448	376	128	808	272	312
114	0	0	0	0	0	232	720	0	0	328	24	744	136	552	464	0	544	632	520	576
115	0	0	0	0	0	168	48	408	640	176	64	280	176	504	544	296	0	0	56	0
116	0	0	0	0	0	264	680	416	792	312	0	312	160	776	0	440	424	480	40	392
117	0	0	8	0	0	352	440	320	400	192	344	672	136	496	320	368	568	448	440	56
118	0	0	0	0	0	304	168	352	0	0	408	32	0	432	0	0	184	264	176	408
119	0	0	0	0	0	224	440	88	224	288	336	472	472	400	264	544	264	472	416	384
120	0	0	0	0	8	128	216	488	696	40	0	704	560	768	0	0	256	424	792	328
(1,22982)	(2,8386)	(3,0)	(4,2350)	
(1,7161)	(2,816)	(3,0)	(4,79)	
(1,8914)	(2,1579)	(3,0)	(4,56)	
(1,9402)	(2,1288)	(3,0)	(4,74)	
(1,8331)	(2,1259)	(3,0)	(4,159)	
(1,6038)	(2,791)	(3,0)	(4,79)	
(1,1)	(2,0)	(3,0)	(4,0)	
(1,1)	(2,0)	(3,0)	(4,0)	
(1,1)	(2,0)	(3,0)	(4,0)	
(1,1)	(2,0)	(3,0)	(4,0)	
(1,1)	(2,0)	(3,0)	(4,0)	
(1,1)	(2,0)	(3,0)	(4,0)	
(1,1)	(2,0)	(3,0)	(4,0)	
(1,1)	(2,0)	(3,0)	(4,0)	
(1,1)	(2,0)	(3,0)	(4,0)	
(1,1)	(2,0)	(3,0)	(4,0)	
(1,1)	(2,0)	(3,0)	(4,0)	
(1,1)	(2,0)	(3,0)	(4,0)	
(1,1)	(2,0)	(3,0)	(4,0)	
(1,1)	(2,0)	(3,0)	(4,0)	
(1,1)	(2,0)	(3,0)	(4,0)	
avg	0.4	0.4	0.533333	0.266667	0.4	292	320.8	271.2	387.6	400.667	305.867	332.4	327.467	391.2	370	342.4	320.667	323.867	325.2	357.6
delay	1	133.333	1.75	0.5	2.66667	27.8763	24.7776	25.5983	17.7152	23.6216	13.6905	17.7449	37.4267	22.7164	8.14414	25.1114	23.8956	24.0387	31.5211	31.2118
loss	0	0	0	0	0.25	0.268293	0.246004	0.273831	0.145503	0.140446	0.166121	0.154055	0.159767	0.145852	0.128181	0.131258	0.158208	0.160677	0.183462	0.144498
Command ['/home/ubuntu/ns-3.30-obss/build/scratch/simple-ofdma-adhoc4', '--ofdmaEnabled=true', '--startTime=60', '--totalTime=120', '--dataMode=HeMcs5', '--datarate=9e5', '--clNum=20', '--ratio=0.375', '--RngRun=16'] terminated with signal SIGSEGV. Run it under a debugger to get more information (./waf --run <program> --command-template="gdb --args %s <args>").
