Waf: Entering directory `/home/ubuntu/ns-3.30-obss/build'
Waf: Leaving directory `/home/ubuntu/ns-3.30-obss/build'
Build commands will be stored in build/compile_commands.json
'build' finished successfully (0.785s)
--------------------------Rate[Kbps]--------------------------
Time[s]	cl-1	cl-2	cl-3	cl-4	cl-5	cl-6	cl-7	cl-8	cl-9	cl-10	cl-11	cl-12	cl-13	cl-14	cl-15	cl-16
60	15.4	15.2	15.4	14.6	14.6	15.8	14.4	16.8	11.6	12.4	12.6	15.6	13.8	15.6	16.4	13
61	0	0	0	0	0	152	48	0	64	0	24	16	0	56	0	32
62	0	0	0	0	88	136	136	56	192	144	200	200	192	0	40	72
63	0	0	0	0	128	72	40	96	64	88	48	48	128	112	168	128
64	0	0	0	0	176	152	112	200	192	152	136	0	128	80	184	40
65	0	0	0	0	112	0	160	64	96	8	40	160	104	176	136	0
66	0	0	0	0	96	48	24	48	144	64	56	64	16	56	16	200
67	0	0	0	0	144	96	200	0	0	0	160	80	136	136	152	128
68	0	0	0	0	0	168	144	136	104	80	192	136	152	48	184	192
69	0	0	0	0	8	136	200	40	0	0	40	16	200	200	80	96
70	0	0	0	0	0	176	152	0	56	168	24	72	136	88	176	64
71	0	0	0	0	80	120	104	152	192	88	200	120	32	0	64	56
72	0	0	0	0	0	120	24	192	160	80	32	200	184	40	152	128
73	0	0	0	0	128	64	16	160	128	136	40	32	32	152	0	88
74	0	0	0	0	200	96	0	192	0	168	80	56	8	72	160	128
75	0	0	0	0	168	80	192	160	144	0	192	0	96	200	112	144
76	0	0	0	0	64	0	168	176	152	136	128	160	136	144	56	160
77	0	0	0	0	32	88	16	120	48	144	0	200	136	104	64	184
78	0	0	0	0	32	0	200	176	0	0	0	152	80	104	144	200
79	0	0	0	0	192	176	72	112	88	40	24	72	192	128	176	8
80	0	0	0	0	112	128	136	200	0	16	200	56	56	64	104	16
81	0	0	0	0	72	200	144	64	16	200	24	152	0	136	88	32
82	0	0	0	0	112	160	40	16	96	128	104	152	0	96	200	176
83	0	0	0	0	176	136	160	96	0	8	120	88	40	88	56	200
84	0	0	0	0	24	0	176	136	88	104	136	40	120	184	0	104
85	0	0	0	0	48	88	8	8	176	168	32	192	56	136	160	0
86	0	0	0	0	128	80	0	88	112	128	88	176	200	160	56	160
87	0	0	0	0	64	152	112	112	56	104	192	168	64	32	48	8
88	0	0	0	0	104	56	8	0	104	80	104	80	80	48	168	80
89	0	0	0	0	16	80	16	64	104	80	16	80	200	200	88	32
90	0	0	0	0	0	0	48	128	128	24	8	40	168	176	8	64
91	0	0	0	0	192	32	0	128	184	32	200	200	80	40	40	200
92	0	0	0	0	144	32	80	96	24	32	160	112	0	96	136	192
93	0	0	0	0	192	64	8	184	40	24	104	96	56	16	152	64
94	0	0	0	0	88	200	152	0	24	24	80	200	48	120	168	144
95	0	0	0	0	144	0	16	72	144	24	112	24	112	96	176	128
96	0	0	0	0	8	184	176	0	144	56	24	0	40	88	112	200
97	0	0	0	0	0	160	120	184	104	24	72	112	160	192	120	136
98	0	0	0	0	168	144	104	144	104	40	144	64	88	168	128	120
99	0	0	0	0	56	200	64	144	136	128	200	56	0	0	0	0
100	0	0	0	0	0	64	96	56	88	208	152	112	96	80	104	104
101	0	0	0	0	168	72	144	200	96	56	168	192	200	168	16	72
102	0	0	0	0	0	112	120	24	88	16	120	200	128	152	200	200
103	0	0	0	0	80	152	184	96	72	120	120	56	160	32	112	120
104	0	0	0	0	8	96	176	64	40	32	16	96	48	152	168	32
105	0	0	0	0	112	112	16	168	0	144	200	80	184	0	200	16
106	0	0	0	0	32	200	16	136	136	104	128	88	80	184	24	16
107	0	0	0	0	80	152	136	88	40	168	176	160	152	48	0	152
108	0	0	0	0	96	200	120	128	160	120	152	16	104	56	64	80
109	0	0	0	0	112	64	104	72	24	16	56	168	160	0	160	192
110	0	0	0	0	8	24	0	0	112	16	0	192	120	32	16	0
111	0	0	0	0	176	136	88	192	0	56	144	176	152	104	0	40
112	0	0	0	0	120	160	48	128	136	184	192	200	96	0	192	104
113	0	0	0	0	8	168	128	16	0	112	184	104	40	0	16	200
114	0	0	0	0	192	64	96	120	0	120	200	136	136	56	168	168
115	0	0	0	0	80	72	8	32	72	64	56	128	168	200	160	32
116	0	0	0	0	184	144	200	16	200	160	96	104	168	8	0	112
117	0	0	0	0	48	160	56	88	112	136	176	0	72	40	48	88
118	0	0	0	0	48	168	0	184	112	80	64	184	176	200	112	48
119	0	0	0	0	104	112	104	168	88	72	88	32	136	88	0	160
120	0	0	0	0	40	8	80	72	144	32	104	192	144	0	136	8
(1,9898)	(2,62)	(3,0)	(4,0)	
(1,2367)	(2,7)	(3,0)	(4,0)	
(1,2225)	(2,16)	(3,0)	(4,0)	
(1,2586)	(2,17)	(3,0)	(4,0)	
(1,2417)	(2,14)	(3,0)	(4,0)	
(1,1)	(2,0)	(3,0)	(4,0)	
(1,1)	(2,0)	(3,0)	(4,0)	
(1,1)	(2,0)	(3,0)	(4,0)	
(1,1)	(2,0)	(3,0)	(4,0)	
(1,1)	(2,0)	(3,0)	(4,0)	
(1,1)	(2,0)	(3,0)	(4,0)	
(1,1)	(2,0)	(3,0)	(4,0)	
(1,1)	(2,0)	(3,0)	(4,0)	
(1,1)	(2,0)	(3,0)	(4,0)	
(1,1)	(2,0)	(3,0)	(4,0)	
(1,1)	(2,0)	(3,0)	(4,0)	
(1,1)	(2,0)	(3,0)	(4,0)	
avg	0	0	0	0	86.5333	106.933	91.6	99.8667	88.8	82.2667	105.467	108.133	106.267	93.8667	99.4667	100.8
delay	0.363636	0.263158	0.376623	0.260274	1.14946	1.02369	1.04221	1.06809	1.06306	1.11183	1.10114	1.04809	1.07026	1.03125	1.11796	1.15476
loss	0	0.012987	0	0.0135135	0.0151745	0.00248756	0.00290276	0.00531208	0.0118694	0.00161812	0.00503145	0.0036855	0.00499376	0.00283286	0.00533333	0.0104712
Command ['/home/ubuntu/ns-3.30-obss/build/scratch/simple-ofdma-adhoc4', '--ofdmaEnabled=true', '--startTime=60', '--totalTime=120', '--dataMode=HeMcs5', '--datarate=2e5', '--ratio=0.375', '--RngRun=15', '--locationFile=my-simulations/8_ofdma7/txt/locationFile43.txt', '--routingFile=my-simulations/8_ofdma7/txt/routingFile43.txt'] terminated with signal SIGSEGV. Run it under a debugger to get more information (./waf --run <program> --command-template="gdb --args %s <args>").
