Waf: Entering directory `/home/ubuntu/ns-3.30-obss/build'
Waf: Leaving directory `/home/ubuntu/ns-3.30-obss/build'
Build commands will be stored in build/compile_commands.json
'build' finished successfully (0.693s)
--------------------------Rate[Kbps]--------------------------
Time[s]	cl-1	cl-2	cl-3	cl-4	cl-5	cl-6	cl-7	cl-8	cl-9	cl-10	cl-11	cl-12
60	15.2	14.6	15	12.8	17.8	15.8	13.8	15.4	16.8	13.2	12.4	14.8
61	0	0	0	176	608	72	368	280	568	352	176	128
62	0	0	0	232	104	256	264	368	600	328	536	208
63	0	0	0	616	560	112	600	624	576	704	0	600
64	0	0	0	496	792	320	712	688	552	520	160	720
65	0	0	0	48	464	424	800	552	0	336	432	144
66	0	0	0	616	248	72	728	768	32	656	72	784
67	0	0	0	168	648	16	392	552	592	224	288	312
68	0	0	0	416	24	208	96	656	176	736	160	144
69	0	0	0	592	720	736	392	0	88	648	216	544
70	0	0	0	592	136	488	32	376	568	0	512	488
71	0	0	0	240	504	0	232	496	0	456	80	0
72	0	0	0	752	0	552	0	8	672	72	312	0
73	0	0	0	584	168	240	168	160	512	560	832	0
74	0	0	0	32	776	184	760	336	488	200	584	1168
75	0	0	0	424	8	760	488	792	384	88	576	752
76	0	0	0	312	264	152	688	688	432	8	0	24
77	0	0	0	280	112	72	144	456	384	376	768	0
78	0	0	0	192	360	704	688	784	520	616	168	616
79	0	0	0	168	408	0	720	488	400	800	720	248
80	0	0	0	528	128	384	136	592	400	336	528	256
81	0	0	0	512	752	640	504	344	112	328	632	752
82	0	0	0	0	32	336	496	208	8	584	168	184
83	0	0	0	512	624	336	0	176	704	272	600	136
84	0	0	0	208	720	256	400	384	240	752	768	696
85	0	0	0	96	776	168	256	32	728	304	456	496
86	0	0	0	472	520	864	0	440	456	0	200	264
87	0	0	0	752	240	536	336	0	544	480	304	424
88	0	0	0	8	0	648	376	184	0	488	304	56
89	0	0	0	704	576	304	144	720	440	168	272	88
90	0	0	0	144	16	224	224	152	720	416	640	672
91	0	0	0	416	208	752	584	560	480	712	144	488
92	0	0	0	352	712	0	648	152	752	304	488	0
93	0	0	0	64	272	440	248	680	600	24	464	600
94	0	0	0	520	648	752	776	624	624	264	312	344
95	0	0	0	392	248	264	8	504	672	424	256	0
96	0	0	0	0	328	176	528	376	80	24	792	176
97	0	0	0	24	424	664	40	640	328	272	544	648
98	0	0	0	392	208	104	0	496	648	0	304	680
99	0	0	0	40	0	680	152	24	320	448	120	800
100	0	0	0	144	344	168	224	784	0	624	240	584
101	0	0	0	248	80	728	800	72	560	40	672	592
102	0	0	0	168	312	464	568	280	184	160	272	328
103	0	0	0	736	568	248	312	8	704	0	560	792
104	0	0	0	592	440	704	0	648	512	88	208	368
105	0	0	0	776	632	376	456	0	40	0	528	776
106	0	0	0	352	152	480	184	328	464	752	32	536
107	0	0	0	0	0	152	688	512	464	312	64	536
108	0	0	0	488	384	728	0	800	744	0	728	800
109	0	0	0	488	0	496	504	40	752	616	152	616
110	0	0	0	408	360	80	280	392	496	384	424	680
111	0	0	0	336	728	272	632	56	304	720	0	344
112	0	0	0	448	392	0	328	24	360	760	88	440
113	0	0	0	232	0	16	464	0	648	784	648	96
114	0	0	0	800	400	208	648	392	88	736	664	192
115	0	0	0	208	528	648	232	632	504	0	784	96
116	0	0	0	760	0	784	416	496	80	256	360	184
117	0	0	0	48	48	280	784	0	256	32	128	616
118	0	0	0	432	0	0	584	544	704	136	792	800
119	0	0	0	544	168	520	176	232	784	0	208	544
120	0	0	0	600	296	264	344	584	504	448	576	480
(1,22649)	(2,2369)	(3,0)	(4,26)	
(1,7633)	(2,402)	(3,0)	(4,0)	
(1,8783)	(2,321)	(3,0)	(4,0)	
(1,8330)	(2,273)	(3,0)	(4,53)	
(1,1)	(2,0)	(3,0)	(4,0)	
(1,1)	(2,0)	(3,0)	(4,0)	
(1,1)	(2,0)	(3,0)	(4,0)	
(1,1)	(2,0)	(3,0)	(4,0)	
(1,1)	(2,0)	(3,0)	(4,0)	
(1,1)	(2,0)	(3,0)	(4,0)	
(1,1)	(2,0)	(3,0)	(4,0)	
(1,1)	(2,0)	(3,0)	(4,0)	
(1,1)	(2,0)	(3,0)	(4,0)	
avg	0	0	0	364.667	336.133	358.533	379.2	386.4	425.867	352.133	383.6	417.333
delay	0.25	0.315068	0.266667	21.6369	1.87545	6.86017	1.94128	1.93099	2.02129	4.04277	8.36705	70.207
loss	0	0	0	0.0427021	0.0167707	0.0474672	0.0359322	0.0126065	0.0350453	0.0336503	0.0260664	0.0436908
Command ['/home/ubuntu/ns-3.30-obss/build/scratch/simple-ofdma-adhoc4', '--ofdmaEnabled=true', '--startTime=60', '--totalTime=120', '--dataMode=HeMcs3', '--datarate=8e5', '--ratio=0.375', '--RngRun=15', '--locationFile=my-simulations/8_ofdma7/txt/locationFile33.txt', '--routingFile=my-simulations/8_ofdma7/txt/routingFile33.txt'] terminated with signal SIGSEGV. Run it under a debugger to get more information (./waf --run <program> --command-template="gdb --args %s <args>").
