Waf: Entering directory `/home/ubuntu/ns-3.30-obss/build'
Waf: Leaving directory `/home/ubuntu/ns-3.30-obss/build'
Build commands will be stored in build/compile_commands.json
'build' finished successfully (0.680s)
--------------------------Rate[Kbps]--------------------------
Time[s]	cl-1	cl-2	cl-3	cl-4	cl-5	cl-6	cl-7	cl-8	cl-9	cl-10	cl-11	cl-12
60	15.2	14.6	15	12.8	17.8	15.8	13.8	15.4	16.8	13.2	12.6	14.8
61	0	0	520	192	768	88	416	368	704	440	232	160
62	0	0	936	288	120	312	312	440	712	368	592	264
63	0	0	376	792	712	160	760	808	720	888	0	688
64	0	0	608	648	952	432	904	808	720	664	248	912
65	0	0	0	64	520	520	960	648	0	440	512	160
66	0	0	456	680	328	104	272	920	16	952	88	928
67	0	0	760	216	816	24	952	680	720	368	360	368
68	0	0	0	520	24	264	120	808	208	928	176	200
69	0	0	216	808	888	992	512	0	120	816	256	688
70	0	0	1000	808	168	664	40	456	776	0	640	776
71	0	0	648	288	624	0	296	624	0	552	104	376
72	0	0	608	936	0	680	0	8	808	80	936	232
73	0	0	968	720	208	312	216	200	536	728	504	184
74	0	0	920	40	976	264	944	384	648	208	664	624
75	0	0	56	504	8	944	632	928	464	80	704	912
76	0	0	568	392	320	184	872	856	536	24	8	24
77	0	0	1000	376	144	96	208	544	528	464	1000	0
78	0	0	256	216	440	880	832	840	672	752	232	784
79	0	0	32	224	488	0	864	552	456	960	896	304
80	0	0	744	808	152	600	168	768	592	448	672	360
81	0	0	808	608	944	816	632	384	144	496	792	1000
82	0	0	464	200	40	480	664	216	8	784	216	216
83	0	0	264	424	776	440	0	216	936	352	736	176
84	0	0	216	288	824	344	616	488	272	968	888	968
85	0	0	432	136	928	456	344	48	976	384	528	648
86	0	0	16	112	512	376	0	352	456	0	232	72
87	0	0	920	1304	384	1040	376	160	744	600	384	808
88	0	0	232	8	0	808	480	224	0	600	352	64
89	0	0	0	928	720	384	168	872	592	224	328	104
90	0	0	576	168	16	248	304	176	872	496	808	856
91	0	0	416	560	264	944	744	616	576	880	184	608
92	0	0	392	504	872	0	776	184	968	376	632	0
93	0	0	744	112	344	544	280	848	752	32	640	728
94	0	0	512	616	768	904	928	760	800	344	384	536
95	0	0	672	480	320	336	16	624	832	544	328	0
96	0	0	832	0	408	216	640	496	88	40	1000	240
97	0	0	456	24	496	848	48	824	392	336	624	792
98	0	0	144	496	256	136	0	632	816	0	360	840
99	0	0	1000	48	0	840	192	32	400	560	152	1000
100	0	0	216	136	384	200	224	904	0	776	304	688
101	0	0	968	320	104	968	1000	80	760	48	792	776
102	0	0	328	208	384	576	712	352	240	200	344	400
103	0	0	920	880	720	272	360	8	920	0	664	928
104	0	0	16	712	544	856	0	816	672	104	224	512
105	0	0	400	952	776	464	640	0	64	0	656	888
106	0	0	520	424	208	552	224	416	528	904	40	664
107	0	0	424	0	0	184	816	600	536	352	88	648
108	0	0	408	360	208	640	0	512	480	0	408	488
109	0	0	472	768	272	728	512	392	1104	704	488	1056
110	0	0	848	512	448	96	368	504	576	456	504	816
111	0	0	552	424	912	344	808	80	480	912	0	448
112	0	0	568	520	520	0	392	32	472	912	104	504
113	0	0	496	320	0	8	568	0	736	936	824	144
114	0	0	104	952	456	224	736	384	128	896	784	264
115	0	0	400	240	640	808	296	856	608	0	920	96
116	0	0	56	928	0	936	568	608	112	336	448	256
117	0	0	88	64	64	344	1000	0	288	32	160	792
118	0	0	832	512	0	0	720	752	952	168	960	864
119	0	0	464	704	208	688	248	272	968	0	264	672
120	0	0	896	728	400	312	424	800	664	640	688	568
(1,29374)	(2,3675)	(3,0)	(4,334)	
(1,14171)	(2,1569)	(3,0)	(4,196)	
(1,15178)	(2,1844)	(3,0)	(4,82)	
(1,1)	(2,0)	(3,0)	(4,0)	
(1,1)	(2,0)	(3,0)	(4,0)	
(1,1)	(2,0)	(3,0)	(4,0)	
(1,1)	(2,0)	(3,0)	(4,0)	
(1,1)	(2,0)	(3,0)	(4,0)	
(1,1)	(2,0)	(3,0)	(4,0)	
(1,1)	(2,0)	(3,0)	(4,0)	
(1,1)	(2,0)	(3,0)	(4,0)	
(1,1)	(2,0)	(3,0)	(4,0)	
(1,1)	(2,0)	(3,0)	(4,0)	
avg	0	0	495.733	453.333	412.933	448	468.4	469.333	530.8	442.533	467.6	517.867
delay	0.236842	0.287671	18.191	21.0388	12.8999	18.992	21.3752	12.1963	14.7054	3.07894	9.33105	12.7992
loss	0	0	0.0415055	0.0441383	0.0336973	0.0451833	0.0466757	0.0429581	0.041185	0.0278266	0.0451947	0.0468597
Command ['/home/ubuntu/ns-3.30-obss/build/scratch/simple-ofdma-adhoc4', '--ofdmaEnabled=true', '--startTime=60', '--totalTime=120', '--dataMode=HeMcs7', '--datarate=10e5', '--ratio=0.375', '--RngRun=15', '--locationFile=my-simulations/8_ofdma7/txt/locationFile25.txt', '--routingFile=my-simulations/8_ofdma7/txt/routingFile25.txt'] terminated with signal SIGSEGV. Run it under a debugger to get more information (./waf --run <program> --command-template="gdb --args %s <args>").
