Waf: Entering directory `/home/ubuntu/ns-3.30-obss/build'
Waf: Leaving directory `/home/ubuntu/ns-3.30-obss/build'
Build commands will be stored in build/compile_commands.json
'build' finished successfully (0.781s)
--------------------------Rate[Kbps]--------------------------
Time[s]	cl-1	cl-2	cl-3	cl-4	cl-5	cl-6	cl-7	cl-8	cl-9	cl-10	cl-11	cl-12	cl-13	cl-14	cl-15	cl-16	cl-17	cl-18	cl-19	cl-20
60	12.4	13.2	14.2	16.8	15.2	14.8	14.8	10.8	15.4	15.2	16.6	14.8	15.6	13.8	14.6	16.2	14.8	15	14.6	15.2
61	0	0	0	0	0	368	104	488	232	0	0	696	360	128	8	0	288	48	328	264
62	0	0	0	0	0	408	648	552	40	280	584	432	88	0	144	104	240	264	120	56
63	0	0	0	0	0	96	288	16	536	480	32	104	464	560	648	160	520	640	0	256
64	0	0	0	0	0	0	0	360	464	0	80	408	0	80	544	104	160	160	320	744
65	0	0	0	0	0	72	192	472	520	472	312	152	392	168	112	552	240	80	192	376
66	0	0	0	0	0	344	232	72	128	96	248	208	72	448	392	480	328	384	496	312
67	0	0	0	0	0	56	152	120	240	464	472	248	512	120	328	416	464	312	408	296
68	0	0	0	0	0	80	8	600	56	664	432	664	184	24	176	0	88	320	696	528
69	0	0	0	0	0	256	64	176	368	104	152	336	160	368	856	256	608	256	440	424
70	0	0	0	0	0	280	176	184	432	8	200	0	384	496	496	352	296	144	368	392
71	0	0	0	0	0	480	8	40	40	696	40	320	408	112	592	0	0	440	640	184
72	0	0	0	0	0	32	392	272	0	512	200	80	0	472	488	208	400	576	752	40
73	8	0	0	0	0	336	336	336	472	184	520	336	424	168	232	456	224	40	128	56
74	0	0	0	0	0	312	0	584	752	656	272	168	456	0	104	104	528	80	24	0
75	0	0	0	0	0	136	0	176	520	128	128	128	120	712	472	408	0	16	264	32
76	0	0	8	0	8	320	568	104	696	104	744	0	152	264	0	520	128	104	384	448
77	0	0	0	0	0	96	232	104	200	392	544	48	464	248	280	504	552	192	80	304
78	0	0	0	0	0	440	368	216	600	240	192	80	624	120	344	112	240	0	192	472
79	0	8	0	0	0	120	576	464	144	0	184	112	552	96	112	136	648	632	656	0
80	0	0	0	8	0	352	232	328	232	168	0	16	232	552	40	512	512	344	376	56
81	0	0	0	0	0	192	112	320	488	328	408	104	192	536	416	408	144	88	416	264
82	0	0	0	0	0	296	184	120	48	568	72	336	224	216	232	560	448	472	216	352
83	0	0	0	0	0	80	96	176	208	448	760	664	136	176	176	272	568	472	16	720
84	0	0	0	0	0	440	112	200	56	192	456	664	0	376	584	80	408	352	0	200
85	0	0	0	0	0	576	112	112	48	120	104	480	176	520	88	64	432	368	272	656
86	0	0	0	0	0	232	0	232	272	528	536	328	528	368	536	408	144	48	288	168
87	0	0	0	0	0	616	24	0	0	328	264	456	184	144	392	128	592	432	408	560
88	0	0	0	0	0	384	184	72	248	552	488	392	64	56	504	120	384	64	560	544
89	0	0	0	0	0	272	232	392	384	64	160	216	632	568	128	576	248	80	208	168
90	0	0	8	0	0	200	272	160	608	448	0	0	424	152	640	576	0	600	0	320
91	8	0	0	0	0	0	280	320	96	288	72	256	144	0	272	0	72	320	232	200
92	0	8	0	0	8	168	104	296	272	200	432	536	8	464	0	104	424	552	528	352
93	0	0	0	0	0	192	40	392	240	592	136	0	360	608	328	128	152	184	392	64
94	0	0	0	0	0	520	456	24	32	48	496	472	656	232	72	432	152	280	168	488
95	0	0	0	0	0	0	592	160	320	0	232	368	648	216	0	0	408	320	136	608
96	0	0	0	0	0	160	432	224	560	472	584	0	456	152	192	472	208	128	80	168
97	0	0	0	8	0	96	464	224	200	64	304	144	536	80	256	424	328	288	384	632
98	0	0	0	0	0	48	0	112	0	688	0	0	336	344	168	368	624	160	24	528
99	0	0	0	0	0	152	480	312	440	32	336	32	432	224	0	536	104	168	480	528
100	0	0	0	0	0	424	24	0	384	64	56	480	528	616	416	328	152	200	336	392
101	0	0	0	0	0	32	96	496	0	280	168	536	312	408	704	672	0	560	112	232
102	0	0	0	0	0	256	200	16	504	360	368	440	136	560	392	160	176	584	0	336
103	0	0	0	0	0	208	48	624	0	0	0	408	456	160	544	600	0	504	584	592
104	0	0	0	0	0	392	176	472	72	600	600	416	288	96	72	280	88	368	0	600
105	0	0	0	0	0	96	320	264	672	536	368	8	536	104	280	152	496	0	312	296
106	0	0	0	0	0	288	240	264	384	32	0	496	16	376	256	648	240	336	632	24
107	0	8	0	0	8	40	448	0	0	496	584	432	88	464	272	288	344	408	472	312
108	8	0	0	0	0	88	240	536	344	224	216	216	392	352	416	104	80	584	496	24
109	0	0	8	0	0	0	0	520	616	664	0	312	0	112	352	168	384	200	560	264
110	0	0	0	8	0	144	40	32	480	40	312	632	296	248	0	328	552	664	344	584
111	0	0	0	0	0	160	152	224	480	80	528	400	288	432	152	176	448	192	456	152
112	0	0	0	0	0	344	104	488	0	168	440	304	632	0	232	440	416	144	408	288
113	0	0	0	0	0	104	448	56	432	160	520	232	144	384	528	344	96	80	0	536
114	0	0	0	0	0	48	152	368	520	664	272	272	0	296	56	632	0	0	536	160
115	0	0	0	0	0	344	448	280	616	336	440	0	344	0	144	648	472	408	160	0
116	0	0	0	0	0	568	224	240	0	160	472	160	344	520	592	16	432	328	120	144
117	0	0	0	0	0	80	232	288	88	480	416	72	328	440	320	80	424	344	520	240
118	0	0	0	0	0	344	360	128	432	360	464	304	80	328	256	160	248	232	120	432
119	0	0	0	0	0	256	0	192	376	208	240	376	528	184	184	440	136	88	328	424
120	0	0	0	0	8	72	248	0	512	296	672	304	304	88	456	360	376	296	432	376
(1,14228)	(2,7221)	(3,0)	(4,4420)	
(1,5552)	(2,1133)	(3,0)	(4,45)	
(1,6652)	(2,1850)	(3,0)	(4,105)	
(1,6730)	(2,1766)	(3,0)	(4,113)	
(1,7222)	(2,1737)	(3,0)	(4,90)	
(1,4413)	(2,1018)	(3,0)	(4,47)	
(1,1)	(2,0)	(3,0)	(4,0)	
(1,1)	(2,0)	(3,0)	(4,0)	
(1,1)	(2,0)	(3,0)	(4,0)	
(1,1)	(2,0)	(3,0)	(4,0)	
(1,1)	(2,0)	(3,0)	(4,0)	
(1,1)	(2,0)	(3,0)	(4,0)	
(1,1)	(2,0)	(3,0)	(4,0)	
(1,1)	(2,0)	(3,0)	(4,0)	
(1,1)	(2,0)	(3,0)	(4,0)	
(1,1)	(2,0)	(3,0)	(4,0)	
(1,1)	(2,0)	(3,0)	(4,0)	
(1,1)	(2,0)	(3,0)	(4,0)	
(1,1)	(2,0)	(3,0)	(4,0)	
(1,1)	(2,0)	(3,0)	(4,0)	
(1,1)	(2,0)	(3,0)	(4,0)	
avg	0.4	0.4	0.4	0.4	0.533333	224.933	215.867	250	301.733	296.933	305.2	279.733	303.733	278.933	299.6	301.067	297.733	282.133	310	319.467
delay	173.667	104.333	2	2.66667	84.75	12.5874	23.4268	26.7291	34.6173	15.6507	19.903	20.9886	14.2959	13.8174	27.4802	8.093	13.4975	21.0567	19.1295	16.6511
loss	0	0	0	0	0	0.388103	0.361845	0.371438	0.21369	0.229145	0.20576	0.220364	0.207101	0.219985	0.19893	0.234836	0.239182	0.223771	0.232166	0.213395
Command ['/home/ubuntu/ns-3.30-obss/build/scratch/simple-ofdma-adhoc4', '--ofdmaEnabled=true', '--startTime=60', '--totalTime=120', '--dataMode=HeMcs3', '--datarate=8e5', '--clNum=20', '--ratio=0.375', '--RngRun=33'] terminated with signal SIGSEGV. Run it under a debugger to get more information (./waf --run <program> --command-template="gdb --args %s <args>").
