Waf: Entering directory `/home/ubuntu/ns-3.30-obss/build'
Waf: Leaving directory `/home/ubuntu/ns-3.30-obss/build'
Build commands will be stored in build/compile_commands.json
'build' finished successfully (0.811s)
--------------------------Rate[Kbps]--------------------------
Time[s]	cl-1	cl-2	cl-3	cl-4	cl-5	cl-6	cl-7	cl-8	cl-9	cl-10	cl-11	cl-12
60	14.4	13	16	14.8	15.8	17	13.4	12	13.8	12.8	16.8	12.4
61	0	0	0	0	160	64	56	0	0	704	280	312
62	0	0	0	0	200	896	528	224	504	736	328	920
63	0	0	0	0	272	456	816	208	648	720	824	824
64	0	0	0	0	936	272	344	0	976	968	608	936
65	0	0	0	0	664	784	640	520	640	440	464	800
66	0	0	0	0	0	568	632	928	520	960	1008	1000
67	0	0	0	0	704	784	408	392	128	400	64	872
68	0	0	0	0	544	48	976	288	520	432	144	80
69	0	0	0	0	424	968	752	0	488	832	776	840
70	0	0	0	0	872	976	800	792	48	648	728	480
71	0	0	0	0	912	448	512	904	384	0	160	352
72	0	0	0	0	360	784	976	1000	240	184	320	520
73	0	0	0	0	848	0	352	48	432	608	368	280
74	0	0	0	0	48	360	320	296	376	536	0	968
75	0	0	0	0	640	336	968	992	224	256	152	480
76	0	0	0	0	984	304	536	608	704	520	480	976
77	0	0	0	0	664	728	120	448	0	992	304	792
78	0	0	0	0	1000	280	752	480	184	48	968	720
79	0	0	0	0	408	0	832	208	0	744	128	24
80	0	0	0	0	136	776	0	432	760	992	184	168
81	0	0	0	0	104	416	600	592	824	144	856	256
82	0	0	0	0	848	136	672	384	0	520	528	96
83	0	0	0	0	112	456	416	1000	96	0	992	144
84	0	0	0	0	0	8	248	744	672	760	344	944
85	0	0	0	0	216	392	664	536	504	872	440	144
86	0	0	0	0	528	448	984	80	424	496	984	32
87	0	0	0	0	1000	864	376	72	984	104	96	960
88	0	0	0	0	832	480	0	392	80	136	216	440
89	0	0	0	0	408	0	608	600	728	512	584	296
90	0	0	0	0	432	160	184	488	560	264	320	936
91	0	0	0	0	1000	472	608	608	608	512	672	312
92	0	0	0	0	600	728	688	456	336	832	72	48
93	0	0	0	0	200	664	0	392	168	288	472	368
94	0	0	0	0	528	0	8	304	24	776	480	32
95	0	0	0	0	856	560	168	888	944	400	592	648
96	0	0	0	0	600	64	0	488	312	0	968	680
97	0	0	0	0	680	352	680	672	352	840	592	712
98	0	0	0	0	512	256	696	0	216	696	624	440
99	0	0	0	0	48	112	432	16	0	352	712	664
100	0	0	0	0	920	792	912	480	416	392	0	912
101	0	0	0	0	592	880	960	952	112	112	824	632
102	0	0	0	0	936	272	744	864	696	576	856	0
103	0	0	0	0	208	104	432	400	768	768	600	24
104	0	0	0	0	552	632	368	392	0	208	1000	200
105	0	0	0	0	1000	0	0	352	272	104	392	160
106	0	0	0	0	312	576	576	448	24	1000	24	264
107	0	0	0	0	464	472	384	288	936	568	312	312
108	0	0	0	0	152	584	112	272	640	40	712	0
109	0	0	0	0	712	424	896	0	832	280	992	64
110	0	0	0	0	984	152	432	592	904	592	8	56
111	0	0	0	0	280	464	288	912	560	776	160	856
112	0	0	0	0	112	912	984	160	392	0	936	560
113	0	0	0	0	592	216	392	120	656	832	640	456
114	0	0	0	0	0	472	0	688	264	864	424	80
115	0	0	0	0	328	920	16	0	976	160	0	0
116	0	0	0	0	648	208	632	512	592	752	784	280
117	0	0	0	0	280	200	824	1000	704	632	712	160
118	0	0	0	0	0	360	0	832	0	504	568	616
119	0	0	0	0	872	432	776	88	824	784	224	856
120	0	0	0	0	768	872	672	424	760	0	120	168
(1,25538)	(2,2409)	(3,0)	(4,114)	
(1,7198)	(2,176)	(3,0)	(4,1)	
(1,7150)	(2,196)	(3,0)	(4,0)	
(1,6917)	(2,306)	(3,0)	(4,14)	
(1,6825)	(2,284)	(3,0)	(4,21)	
(1,1)	(2,0)	(3,0)	(4,0)	
(1,1)	(2,0)	(3,0)	(4,0)	
(1,1)	(2,0)	(3,0)	(4,0)	
(1,1)	(2,0)	(3,0)	(4,0)	
(1,1)	(2,0)	(3,0)	(4,0)	
(1,1)	(2,0)	(3,0)	(4,0)	
(1,1)	(2,0)	(3,0)	(4,0)	
(1,1)	(2,0)	(3,0)	(4,0)	
avg	0	0	0	0	516.533	439.067	495.867	454.267	448.933	502.8	485.333	452.533
delay	0.25	0.230769	0.25	0.243243	3.96231	3.31795	2.34391	5.59407	5.68102	2.71387	2.42665	17.2994
loss	0	0	0	0	0.0322258	0.0399417	0.034026	0.0496513	0.04265	0.0441065	0.0332005	0.0587909
Command ['/home/ubuntu/ns-3.30-obss/build/scratch/simple-ofdma-adhoc4', '--ofdmaEnabled=true', '--startTime=60', '--totalTime=120', '--dataMode=HeMcs5', '--datarate=10e5', '--ratio=0.375', '--RngRun=5', '--locationFile=my-simulations/8_ofdma7/txt/locationFile42.txt', '--routingFile=my-simulations/8_ofdma7/txt/routingFile42.txt'] terminated with signal SIGSEGV. Run it under a debugger to get more information (./waf --run <program> --command-template="gdb --args %s <args>").
