Waf: Entering directory `/home/ubuntu/ns-3.30-obss/build'
Waf: Leaving directory `/home/ubuntu/ns-3.30-obss/build'
Build commands will be stored in build/compile_commands.json
'build' finished successfully (0.742s)
--------------------------Rate[Kbps]--------------------------
Time[s]	cl-1	cl-2	cl-3	cl-4	cl-5	cl-6	cl-7	cl-8	cl-9	cl-10	cl-11	cl-12	cl-13	cl-14	cl-15	cl-16
60	14.4	13.4	16.2	14	17.8	16.8	12.6	13.8	16.4	13.2	15	17.4	15	15.4	14.2	17.4
61	0	0	0	0	152	280	248	32	112	8	136	96	208	80	96	48
62	0	0	0	0	392	8	80	88	344	272	240	24	328	192	400	368
63	0	0	0	0	144	152	312	328	192	256	0	96	256	40	144	248
64	0	0	0	0	248	216	224	400	296	96	248	0	80	328	0	24
65	0	0	0	0	400	8	192	208	264	248	392	80	128	40	160	400
66	0	0	0	0	136	128	208	288	0	0	344	328	240	288	392	312
67	0	0	0	0	304	272	88	208	344	192	80	128	232	264	208	64
68	0	0	0	0	208	0	88	360	64	120	0	24	208	288	0	72
69	0	0	0	0	288	336	80	160	0	96	176	24	160	152	216	272
70	0	0	0	0	272	72	0	112	200	312	328	176	296	208	352	304
71	0	0	0	0	384	24	136	216	264	0	288	120	352	280	88	256
72	0	0	0	0	232	152	32	96	288	376	48	16	288	160	184	96
73	0	0	0	0	0	160	384	256	256	168	240	152	88	304	368	8
74	0	0	0	0	184	128	72	368	184	232	360	64	328	280	208	120
75	0	0	0	0	144	128	360	200	104	0	400	40	144	0	240	96
76	0	0	0	0	264	120	208	384	272	344	32	328	40	264	152	176
77	0	0	0	0	104	192	336	0	48	128	240	304	200	216	80	376
78	0	0	0	0	312	184	176	160	152	392	336	0	136	288	0	32
79	0	0	0	0	0	152	208	0	120	32	360	168	248	0	136	8
80	0	0	0	0	88	288	376	232	56	280	240	168	224	160	0	128
81	0	0	0	0	256	208	360	216	120	0	296	232	200	176	336	336
82	0	0	0	0	392	0	280	56	120	176	304	280	400	32	312	168
83	0	0	0	0	40	56	184	0	400	392	352	288	152	0	328	400
84	0	0	0	0	256	376	88	168	112	144	248	72	48	216	72	256
85	0	0	0	0	104	88	400	56	32	344	200	200	0	376	8	88
86	0	0	0	0	352	0	240	64	400	248	296	48	24	256	8	296
87	0	0	0	0	288	232	136	176	216	384	0	0	0	264	160	136
88	0	0	0	0	176	144	368	32	168	96	80	304	304	144	112	80
89	0	0	0	0	56	360	200	312	344	248	248	392	376	0	392	408
90	0	0	0	0	344	384	0	272	304	128	56	24	352	328	200	104
91	0	0	0	0	0	344	288	392	384	176	264	320	112	240	56	384
92	0	0	0	0	248	344	296	200	88	40	168	312	184	0	0	64
93	0	0	0	0	96	184	224	400	88	352	24	264	264	328	344	192
94	0	0	0	0	232	208	0	8	176	168	72	160	0	272	144	64
95	0	0	0	0	200	296	208	16	376	64	144	176	224	0	312	136
96	0	0	0	0	32	256	392	136	120	128	328	264	392	144	384	376
97	0	0	0	0	48	304	40	328	96	168	56	0	264	400	88	176
98	0	0	0	0	256	0	280	384	208	296	64	224	384	336	168	24
99	0	0	0	0	80	120	312	296	208	216	296	0	192	400	256	112
100	0	0	0	0	392	376	304	96	248	232	96	80	0	376	176	144
101	0	0	0	0	312	216	312	0	280	0	48	360	272	208	0	184
102	0	0	0	0	256	72	400	264	0	136	80	296	0	312	88	240
103	0	0	0	0	368	88	352	120	176	232	320	256	152	56	0	80
104	0	0	0	0	392	216	360	208	144	176	344	112	328	336	336	104
105	0	0	0	0	336	144	360	352	352	240	40	144	224	232	96	264
106	0	0	0	0	168	328	160	352	152	0	240	312	400	56	64	64
107	0	0	0	0	296	104	400	0	232	328	0	72	360	112	144	88
108	0	0	0	0	392	200	40	112	104	0	344	160	296	400	328	376
109	0	0	0	0	104	56	184	384	280	112	128	88	48	80	384	208
110	0	0	0	0	40	8	352	152	64	192	352	48	0	8	224	80
111	0	0	0	0	232	104	312	216	344	40	328	80	80	0	368	152
112	0	0	0	0	296	56	184	8	176	0	368	376	64	240	40	152
113	0	0	0	0	16	272	400	264	248	392	280	368	352	304	288	40
114	0	0	0	0	0	168	88	0	8	272	400	192	0	0	0	272
115	0	0	0	0	320	72	0	32	80	48	248	248	312	192	392	0
116	0	0	0	0	280	288	256	184	56	400	400	192	264	232	256	88
117	0	0	0	0	24	72	136	48	384	312	88	40	128	392	40	280
118	0	0	0	0	400	64	272	176	304	72	192	216	248	392	280	152
119	0	0	0	0	344	192	392	16	200	192	104	0	0	0	400	248
120	0	0	0	0	384	0	32	0	256	256	240	40	232	160	200	400
(1,17351)	(2,735)	(3,0)	(4,0)	
(1,4571)	(2,160)	(3,0)	(4,0)	
(1,4236)	(2,109)	(3,0)	(4,0)	
(1,4377)	(2,87)	(3,0)	(4,0)	
(1,4446)	(2,50)	(3,0)	(4,0)	
(1,1)	(2,0)	(3,0)	(4,0)	
(1,1)	(2,0)	(3,0)	(4,0)	
(1,1)	(2,0)	(3,0)	(4,0)	
(1,1)	(2,0)	(3,0)	(4,0)	
(1,1)	(2,0)	(3,0)	(4,0)	
(1,1)	(2,0)	(3,0)	(4,0)	
(1,1)	(2,0)	(3,0)	(4,0)	
(1,1)	(2,0)	(3,0)	(4,0)	
(1,1)	(2,0)	(3,0)	(4,0)	
(1,1)	(2,0)	(3,0)	(4,0)	
(1,1)	(2,0)	(3,0)	(4,0)	
(1,1)	(2,0)	(3,0)	(4,0)	
avg	0	0	0	0	217.733	166.667	223.333	176.533	193.467	182.533	210.4	159.6	196.933	197.2	186.8	180.4
delay	0.291667	0.253731	0.283951	0.257143	1.73362	1.6872	1.71642	1.65106	1.66092	1.6092	1.57921	1.65915	1.61679	1.64638	1.67095	1.66445
loss	0	0	0	0	0.0215698	0.0234375	0.0227538	0.0214339	0.0294314	0.0249288	0.0106583	0.0228571	0.0218543	0.0224719	0.0147679	0.0195652
Command ['/home/ubuntu/ns-3.30-obss/build/scratch/simple-ofdma-adhoc4', '--ofdmaEnabled=true', '--startTime=60', '--totalTime=120', '--dataMode=HeMcs3', '--datarate=4e5', '--ratio=0.375', '--RngRun=5', '--locationFile=my-simulations/8_ofdma7/txt/locationFile43.txt', '--routingFile=my-simulations/8_ofdma7/txt/routingFile43.txt'] terminated with signal SIGSEGV. Run it under a debugger to get more information (./waf --run <program> --command-template="gdb --args %s <args>").
