Waf: Entering directory `/home/ubuntu/ns-3.30-obss/build'
Waf: Leaving directory `/home/ubuntu/ns-3.30-obss/build'
Build commands will be stored in build/compile_commands.json
'build' finished successfully (0.676s)
--------------------------Rate[Kbps]--------------------------
Time[s]	cl-1	cl-2	cl-3	cl-4	cl-5	cl-6	cl-7	cl-8	cl-9	cl-10	cl-11	cl-12	cl-13	cl-14	cl-15
60	11.8	16.6	14.4	16.8	13.4	12.8	14.6	16	16.2	13.6	13	12.6	18.8	16.4	16
61	0	0	0	0	0	320	336	296	0	400	200	792	0	760	376
62	0	0	0	688	472	296	248	760	712	400	0	256	184	704	720
63	0	0	0	8	968	8	32	0	800	0	352	0	592	512	0
64	0	0	0	48	688	568	248	208	728	752	256	1304	920	664	296
65	0	0	0	280	16	640	0	160	384	72	0	744	400	784	208
66	0	0	0	512	192	0	136	200	976	0	576	616	312	0	416
67	0	0	0	840	232	824	0	288	328	944	72	192	344	504	648
68	0	0	0	192	0	24	608	656	64	472	504	816	216	504	0
69	0	0	0	584	816	256	872	0	760	328	56	312	144	640	424
70	0	0	0	656	608	256	328	600	208	912	176	272	744	0	224
71	0	0	0	600	904	432	528	640	184	240	504	232	232	272	464
72	0	0	0	656	336	432	64	0	496	176	248	744	936	784	0
73	0	0	0	608	256	920	872	624	728	0	128	440	544	0	8
74	0	0	0	792	336	480	488	888	224	152	664	496	112	264	104
75	0	0	0	416	296	56	728	216	296	832	632	656	504	872	312
76	0	0	0	40	352	120	920	624	520	248	8	112	920	840	352
77	0	0	0	512	352	832	232	328	512	152	480	624	0	624	624
78	0	0	0	864	0	360	280	536	688	200	952	592	144	0	536
79	0	0	0	128	32	0	472	0	0	0	0	328	224	288	312
80	0	0	0	704	0	568	280	744	152	712	616	856	0	448	656
81	0	0	0	176	320	896	520	472	720	608	104	144	264	0	544
82	0	0	0	816	736	112	280	0	272	720	192	320	960	760	176
83	0	0	0	456	72	728	112	656	0	816	720	784	664	376	344
84	0	0	0	224	728	632	792	736	672	272	160	424	816	264	152
85	0	0	0	40	536	680	264	856	752	104	24	616	344	696	480
86	0	0	0	440	368	512	0	488	48	552	272	0	512	616	0
87	0	0	0	696	248	216	880	0	336	72	440	120	24	48	776
88	0	0	0	88	504	400	656	448	376	168	408	568	112	0	456
89	0	0	0	320	240	544	664	104	368	832	864	104	728	64	112
90	0	0	0	240	368	304	0	424	464	488	136	0	696	160	352
91	0	0	0	448	120	840	608	576	0	128	352	808	872	592	128
92	0	0	0	632	784	832	248	640	336	360	240	24	784	352	544
93	0	0	0	320	0	760	24	376	872	0	184	416	688	856	640
94	0	0	0	408	688	16	856	72	792	480	240	640	0	192	608
95	0	0	0	784	888	0	240	288	656	0	832	624	680	328	512
96	0	0	0	312	88	768	280	424	352	136	168	688	912	96	728
97	0	0	0	696	688	216	88	16	424	544	552	736	144	416	560
98	0	0	0	696	64	584	0	880	48	0	832	912	720	560	136
99	0	0	0	512	296	480	840	704	24	0	160	24	456	896	736
100	0	0	0	712	808	48	448	0	440	528	784	792	288	520	536
101	0	0	0	368	504	0	392	176	760	808	600	368	856	0	760
102	0	0	0	0	0	312	104	384	368	112	224	576	408	512	552
103	0	0	0	520	640	0	760	176	312	704	480	688	528	736	792
104	0	0	0	752	728	432	0	0	712	312	504	448	672	704	456
105	0	0	0	608	0	696	464	344	944	872	640	528	504	96	0
106	0	0	0	0	440	272	224	640	456	216	688	0	168	704	840
107	0	0	0	520	624	0	800	320	504	896	296	776	360	280	64
108	0	0	0	720	736	384	648	208	784	568	80	584	424	352	352
109	0	0	0	680	384	0	120	272	200	32	504	0	80	144	688
110	0	0	0	536	240	376	632	704	288	88	520	520	616	800	328
111	0	0	0	192	664	424	520	608	184	416	632	416	784	560	232
112	0	0	0	280	176	432	528	264	624	848	696	208	24	616	824
113	0	0	0	848	560	424	488	248	904	168	168	704	200	320	96
114	0	0	0	104	224	664	752	72	800	904	32	200	480	896	608
115	0	0	0	872	344	16	560	120	712	0	944	360	464	192	472
116	0	0	0	528	632	752	752	888	968	432	120	160	120	216	96
117	0	0	0	520	168	760	848	0	640	512	72	168	296	920	320
118	0	0	0	760	592	696	616	280	632	344	704	16	144	608	152
119	0	0	0	800	808	184	0	200	872	832	32	232	440	480	120
120	0	0	0	176	120	280	344	736	0	0	992	864	0	560	344
(1,15705)	(2,8050)	(3,0)	(4,3617)	
(1,7955)	(2,2564)	(3,0)	(4,267)	
(1,7915)	(2,2513)	(3,0)	(4,145)	
(1,8648)	(2,2410)	(3,0)	(4,239)	
(1,1)	(2,0)	(3,0)	(4,0)	
(1,1)	(2,0)	(3,0)	(4,0)	
(1,1)	(2,0)	(3,0)	(4,0)	
(1,1)	(2,0)	(3,0)	(4,0)	
(1,1)	(2,0)	(3,0)	(4,0)	
(1,1)	(2,0)	(3,0)	(4,0)	
(1,1)	(2,0)	(3,0)	(4,0)	
(1,1)	(2,0)	(3,0)	(4,0)	
(1,1)	(2,0)	(3,0)	(4,0)	
(1,1)	(2,0)	(3,0)	(4,0)	
(1,1)	(2,0)	(3,0)	(4,0)	
(1,1)	(2,0)	(3,0)	(4,0)	
avg	0	0	0	465.467	399.733	401.067	417.067	376.133	472.933	381.067	383.6	449.067	428.4	449.2	388.267
delay	0.254237	0.253012	0.416667	20.4325	14.0577	9.05253	38.7562	25.3162	20.1373	12.7834	20.2231	52.7096	18.498	15.0246	26.7318
loss	0	0	0	0.178008	0.122365	0.114513	0.156376	0.168092	0.107448	0.122775	0.161469	0.184109	0.119485	0.108258	0.191785
Command ['/home/ubuntu/ns-3.30-obss/build/scratch/simple-ofdma-adhoc4', '--ofdmaEnabled=true', '--startTime=60', '--totalTime=120', '--dataMode=HeMcs3', '--datarate=10e5', '--ratio=0.375', '--RngRun=5', '--locationFile=my-simulations/8_ofdma7/txt/locationFile34.txt', '--routingFile=my-simulations/8_ofdma7/txt/routingFile34.txt'] terminated with signal SIGSEGV. Run it under a debugger to get more information (./waf --run <program> --command-template="gdb --args %s <args>").
