Waf: Entering directory `/home/ubuntu/ns-3.30-obss/build'
Waf: Leaving directory `/home/ubuntu/ns-3.30-obss/build'
Build commands will be stored in build/compile_commands.json
'build' finished successfully (0.846s)
--------------------------Rate[Kbps]--------------------------
Time[s]	cl-1	cl-2	cl-3	cl-4	cl-5	cl-6	cl-7	cl-8	cl-9	cl-10	cl-11	cl-12	cl-13	cl-14	cl-15	cl-16	cl-17	cl-18	cl-19	cl-20
60	13.8	14.8	14.6	16.6	10.6	15	14.2	13.4	14.2	17.2	13	14.8	14.4	13	18.2	14	13.8	15.6	13.4	16.4
61	0	0	0	0	0	0	0	0	160	88	80	112	0	48	32	0	24	56	64	80
62	0	0	0	0	0	0	0	0	184	192	200	48	88	64	32	24	80	184	64	64
63	0	0	0	0	0	0	0	0	40	200	112	48	64	64	48	112	16	64	144	40
64	0	0	0	0	0	0	0	0	56	96	40	104	0	152	56	160	64	112	184	88
65	0	0	0	0	0	0	0	0	160	16	0	64	184	8	160	136	200	104	72	8
66	0	0	0	0	0	0	0	0	16	120	160	0	136	88	48	40	80	72	96	0
67	0	0	0	0	0	0	0	0	168	48	160	32	32	16	0	160	120	160	176	160
68	0	0	0	0	0	0	0	0	96	32	152	128	144	88	56	8	168	32	0	136
69	0	0	0	0	0	0	0	0	152	200	112	24	160	168	128	152	40	88	88	160
70	0	0	0	0	0	0	0	0	152	72	192	24	128	40	16	168	0	96	152	200
71	0	0	0	0	0	0	0	0	24	152	80	96	168	144	136	120	32	0	40	8
72	0	0	0	0	0	0	0	0	144	72	88	144	144	64	80	96	152	96	112	112
73	0	0	0	0	0	0	0	0	24	200	144	104	120	160	144	200	168	144	24	152
74	0	0	0	0	0	0	0	0	192	96	160	32	200	184	40	168	0	72	136	16
75	0	0	0	0	0	0	0	0	144	0	32	88	64	104	96	80	152	64	0	112
76	0	0	0	0	0	0	0	0	112	192	0	16	200	136	64	0	80	128	200	0
77	0	0	0	0	0	0	0	0	128	96	192	0	80	48	128	80	200	88	56	96
78	0	0	0	0	0	0	0	0	0	160	168	192	104	200	160	112	96	136	160	0
79	0	0	0	0	0	0	0	0	32	120	104	144	32	104	24	0	0	64	200	64
80	0	0	0	0	0	0	0	0	112	24	24	56	80	56	112	48	120	128	120	80
81	0	0	0	0	0	0	0	0	96	104	96	104	80	16	88	0	128	80	200	176
82	0	0	0	0	0	0	0	0	128	80	128	64	64	0	144	8	136	8	16	144
83	0	0	0	0	0	0	0	0	0	168	0	72	176	176	8	112	80	80	128	16
84	0	0	0	0	0	0	0	0	168	152	56	72	64	32	152	48	192	176	56	192
85	0	0	0	0	0	0	0	0	0	176	184	88	152	24	176	160	160	160	32	192
86	0	0	0	0	0	0	0	0	0	112	80	160	64	48	104	152	16	128	104	64
87	0	0	0	0	0	0	0	0	40	96	88	112	184	128	96	96	0	80	144	144
88	0	0	0	0	0	0	0	0	0	96	80	0	64	128	120	168	72	16	32	168
89	0	0	0	0	0	0	0	0	64	16	16	56	88	80	200	112	72	184	184	48
90	0	0	0	0	0	0	0	0	24	200	200	64	48	0	88	160	0	152	136	32
91	0	0	0	0	0	0	0	0	0	168	144	64	72	160	160	16	136	104	0	0
92	0	0	0	0	0	0	0	0	128	168	184	168	96	184	32	120	160	200	32	96
93	0	0	0	0	0	0	0	0	0	32	64	48	160	0	8	0	40	104	200	128
94	0	0	0	0	0	0	0	0	40	64	96	40	120	64	192	152	72	112	168	24
95	0	0	0	0	0	0	0	0	176	0	80	16	96	72	128	184	48	88	176	64
96	0	0	0	0	0	0	0	0	128	192	0	24	8	80	192	0	16	0	32	64
97	0	0	0	0	0	0	0	0	0	32	112	0	24	32	56	104	168	56	88	80
98	0	0	0	0	0	0	0	0	32	136	136	128	16	192	96	160	88	176	72	200
99	0	0	0	0	0	0	0	0	0	200	80	32	48	88	160	168	96	40	120	112
100	0	0	0	0	0	0	0	0	152	144	88	8	112	168	160	88	8	200	144	80
101	0	0	0	0	0	0	0	0	24	136	184	88	48	64	160	48	192	168	88	112
102	0	0	0	0	0	0	0	0	112	40	144	144	144	0	0	136	80	72	136	104
103	0	0	0	0	0	0	0	0	64	8	0	104	128	24	24	16	152	0	168	40
104	0	0	0	0	0	0	0	0	168	152	96	56	16	72	168	88	80	144	80	40
105	0	0	0	0	0	0	0	0	168	160	192	0	72	120	16	112	8	200	32	128
106	0	0	0	0	0	0	0	0	0	184	80	112	0	32	16	144	72	176	40	128
107	0	0	0	0	0	0	0	0	136	160	0	56	24	0	120	80	56	0	176	112
108	0	0	0	0	0	0	0	0	192	40	24	8	200	152	64	200	200	136	48	32
109	0	0	0	0	0	0	0	0	200	80	0	192	184	144	8	88	96	88	144	192
110	0	0	0	0	0	0	0	0	144	0	64	72	64	0	176	144	64	136	120	144
111	0	0	0	0	0	0	0	0	32	112	176	32	16	128	200	112	40	168	152	16
112	0	0	0	0	0	0	0	0	200	88	72	168	32	40	80	80	120	48	120	32
113	0	0	0	0	0	0	0	0	80	72	144	168	80	104	120	192	8	120	0	56
114	0	0	0	0	0	0	0	0	40	0	32	8	112	152	56	160	24	184	160	176
115	0	0	0	0	0	0	0	0	176	152	112	112	80	40	176	72	0	48	72	32
116	0	0	0	0	0	0	0	0	160	192	0	88	144	160	80	96	56	104	152	200
117	0	0	0	0	0	0	0	0	88	40	16	128	176	200	32	0	200	200	16	64
118	0	0	0	0	0	0	0	0	64	0	96	0	24	136	152	160	48	48	48	0
119	0	0	0	0	0	0	0	0	144	32	200	56	104	48	48	48	72	40	144	112
120	0	0	0	0	0	0	0	0	48	40	184	32	120	160	120	88	176	184	0	80
(1,9861)	(2,267)	(3,0)	(4,1)	
(1,4613)	(2,148)	(3,0)	(4,1)	
(1,4867)	(2,145)	(3,0)	(4,0)	
(1,1592)	(2,15)	(3,0)	(4,5)	
(1,1391)	(2,30)	(3,0)	(4,0)	
(1,1523)	(2,12)	(3,0)	(4,0)	
(1,1634)	(2,10)	(3,0)	(4,0)	
(1,1578)	(2,18)	(3,0)	(4,0)	
(1,1585)	(2,12)	(3,0)	(4,0)	
(1,1)	(2,0)	(3,0)	(4,0)	
(1,1)	(2,0)	(3,0)	(4,0)	
(1,1)	(2,0)	(3,0)	(4,0)	
(1,1)	(2,0)	(3,0)	(4,0)	
(1,1)	(2,0)	(3,0)	(4,0)	
(1,1)	(2,0)	(3,0)	(4,0)	
(1,1)	(2,0)	(3,0)	(4,0)	
(1,1)	(2,0)	(3,0)	(4,0)	
(1,1)	(2,0)	(3,0)	(4,0)	
(1,1)	(2,0)	(3,0)	(4,0)	
(1,1)	(2,0)	(3,0)	(4,0)	
(1,1)	(2,0)	(3,0)	(4,0)	
avg	0	0	0	0	0	0	0	0	91.8667	103.333	98.8	73.3333	93.8667	89.7333	95.6	98.9333	87.0667	104.933	100.8	90
delay	0.275362	0.27027	0.726027	0.746988	0.792453	0.76	0.732394	0.746269	6.77649	5.86065	2.49393	2.54545	2.48864	2.66716	2.43794	2.50943	2.71363	2.38501	2.50661	2.67556
loss	0	0	0	0	0	0.025974	0	0	0.0470263	0.039653	0.0401554	0.0248227	0.0486486	0.0507757	0.0258152	0.0571792	0.0368732	0.0283951	0.0393901	0.0559441
Command ['/home/ubuntu/ns-3.30-obss/build/scratch/simple-ofdma-adhoc4', '--ofdmaEnabled=true', '--startTime=60', '--totalTime=120', '--dataMode=HeMcs3', '--datarate=2e5', '--ratio=0.375', '--RngRun=5', '--locationFile=my-simulations/8_ofdma7/txt/locationFile232.txt', '--routingFile=my-simulations/8_ofdma7/txt/routingFile232.txt'] terminated with signal SIGSEGV. Run it under a debugger to get more information (./waf --run <program> --command-template="gdb --args %s <args>").
