Waf: Entering directory `/home/ubuntu/ns-3.30-obss/build'
Waf: Leaving directory `/home/ubuntu/ns-3.30-obss/build'
Build commands will be stored in build/compile_commands.json
'build' finished successfully (0.750s)
--------------------------Rate[Kbps]--------------------------
Time[s]	cl-1	cl-2	cl-3	cl-4	cl-5	cl-6	cl-7	cl-8	cl-9	cl-10	cl-11	cl-12
60	14.4	13	16	14.8	15.8	17	13.4	12	13.8	12.8	16.8	12.4
61	0	0	0	304	64	24	24	0	0	280	112	120
62	0	0	232	184	88	352	208	88	224	272	128	392
63	0	0	64	200	112	168	344	80	272	320	352	368
64	0	0	368	248	400	128	152	0	400	400	264	400
65	0	0	384	32	264	336	240	224	272	200	192	328
66	0	0	344	400	0	248	288	400	216	400	384	384
67	0	0	232	256	288	328	168	160	48	176	24	352
68	0	0	288	0	232	16	384	120	208	176	64	32
69	0	0	192	88	168	400	304	0	200	328	312	352
70	0	0	80	344	392	384	320	368	16	296	312	192
71	0	0	136	136	360	168	208	368	168	0	56	144
72	0	0	360	232	136	312	400	392	96	96	120	224
73	0	0	56	136	344	0	168	16	176	256	152	128
74	0	0	0	136	24	160	144	128	160	224	0	400
75	0	0	72	160	256	136	384	400	88	112	56	200
76	0	0	248	112	400	144	216	264	296	224	200	400
77	0	0	120	344	272	296	56	192	0	400	120	336
78	0	0	24	400	400	112	320	224	80	16	400	320
79	0	0	64	296	160	0	344	88	0	296	56	8
80	0	0	56	0	64	312	0	184	312	400	88	80
81	0	0	112	32	40	168	240	248	328	64	352	112
82	0	0	8	64	344	56	272	152	0	200	208	40
83	0	0	80	48	48	192	168	400	40	0	392	48
84	0	0	400	208	0	0	104	304	272	296	144	376
85	0	0	56	72	88	160	272	224	200	344	176	64
86	0	0	176	144	216	184	400	24	192	200	392	8
87	0	0	216	0	400	368	152	32	400	40	32	392
88	0	0	400	40	328	208	0	160	32	56	88	176
89	0	0	128	232	168	0	248	280	328	232	256	280
90	0	0	56	16	264	88	96	256	328	144	152	368
91	0	0	168	16	368	192	248	224	256	208	264	120
92	0	0	288	0	232	320	288	184	160	344	32	24
93	0	0	176	144	88	304	0	184	80	152	224	152
94	0	0	336	192	216	0	0	136	8	312	192	16
95	0	0	312	336	360	240	88	360	384	192	272	272
96	0	0	0	184	240	24	0	200	128	0	392	272
97	0	0	272	0	280	144	296	264	152	352	280	296
98	0	0	56	32	200	104	296	0	104	288	248	184
99	0	0	136	136	24	48	168	8	0	144	280	272
100	0	0	0	304	400	360	368	200	200	200	0	400
101	0	0	368	0	232	368	400	400	48	56	352	264
102	0	0	360	176	392	136	320	256	152	112	272	0
103	0	0	48	336	88	48	128	208	352	368	280	8
104	0	0	120	248	224	248	152	168	0	80	400	80
105	0	0	192	384	400	0	0	136	112	40	160	64
106	0	0	88	400	128	240	240	192	8	400	8	104
107	0	0	224	256	192	184	152	96	376	256	96	128
108	0	0	392	248	56	232	48	96	256	16	272	0
109	0	0	176	376	272	160	264	0	328	120	352	24
110	0	0	144	256	400	64	240	240	376	240	0	24
111	0	0	152	264	112	216	128	400	248	304	72	376
112	0	0	88	0	48	368	400	56	168	0	400	216
113	0	0	120	136	256	96	184	48	264	352	280	208
114	0	0	240	192	0	184	0	280	104	352	168	32
115	0	0	240	280	120	368	8	0	392	72	0	0
116	0	0	360	240	272	88	280	208	264	360	320	112
117	0	0	0	160	112	80	328	400	296	248	280	64
118	0	0	376	336	0	144	0	344	0	208	232	248
119	0	0	176	0	360	200	368	32	344	296	88	400
120	0	0	128	232	304	352	296	192	304	0	56	72
(1,14790)	(2,321)	(3,0)	(4,34)	
(1,7174)	(2,218)	(3,0)	(4,7)	
(1,7080)	(2,253)	(3,0)	(4,33)	
(1,1)	(2,0)	(3,0)	(4,0)	
(1,1)	(2,0)	(3,0)	(4,0)	
(1,1)	(2,0)	(3,0)	(4,0)	
(1,1)	(2,0)	(3,0)	(4,0)	
(1,1)	(2,0)	(3,0)	(4,0)	
(1,1)	(2,0)	(3,0)	(4,0)	
(1,1)	(2,0)	(3,0)	(4,0)	
(1,1)	(2,0)	(3,0)	(4,0)	
(1,1)	(2,0)	(3,0)	(4,0)	
(1,1)	(2,0)	(3,0)	(4,0)	
avg	0	0	178.133	178.8	211.6	182.667	205.2	188.133	186.933	208.667	197.6	190.933
delay	0.25	0.230769	2.77021	5.76361	1.78513	1.19854	4.53736	6.60524	16.8837	14.8754	7.65115	1.38408
loss	0	0	0.0162003	0.0218818	0.011215	0.00796524	0.0128287	0.0214979	0.0112835	0.0138626	0.0211361	0.0164835
Command ['/home/ubuntu/ns-3.30-obss/build/scratch/simple-ofdma-adhoc4', '--ofdmaEnabled=true', '--startTime=60', '--totalTime=120', '--dataMode=HeMcs5', '--datarate=4e5', '--ratio=0.375', '--RngRun=5', '--locationFile=my-simulations/8_ofdma7/txt/locationFile25.txt', '--routingFile=my-simulations/8_ofdma7/txt/routingFile25.txt'] terminated with signal SIGSEGV. Run it under a debugger to get more information (./waf --run <program> --command-template="gdb --args %s <args>").
