Waf: Entering directory `/home/ubuntu/ns-3.30-obss/build'
Waf: Leaving directory `/home/ubuntu/ns-3.30-obss/build'
Build commands will be stored in build/compile_commands.json
'build' finished successfully (0.698s)
--------------------------Rate[Kbps]--------------------------
Time[s]	cl-1	cl-2	cl-3	cl-4	cl-5	cl-6	cl-7	cl-8	cl-9	cl-10	cl-11	cl-12
60	14.4	13	16	14.8	15.8	17	13.4	12	13.8	12.8	16.8	12.4
61	0	0	0	0	128	48	48	0	0	560	224	248
62	0	0	0	0	176	720	424	176	448	592	264	760
63	0	0	0	0	216	352	672	152	520	600	680	720
64	0	0	0	0	736	248	264	0	776	712	496	792
65	0	0	0	0	472	624	480	432	536	400	384	664
66	0	0	0	0	0	432	576	800	432	800	800	800
67	0	0	0	0	576	656	336	320	96	352	56	688
68	0	0	0	0	456	40	776	240	416	352	120	64
69	0	0	0	0	336	800	624	0	392	640	624	712
70	0	0	0	0	760	760	640	712	40	576	616	368
71	0	0	0	0	720	352	416	752	328	0	128	280
72	0	0	0	0	256	584	792	760	184	160	272	400
73	0	0	0	0	720	0	328	32	336	504	296	280
74	0	0	0	0	40	320	280	240	312	440	0	776
75	0	0	0	0	504	272	760	784	160	208	104	384
76	0	0	0	0	800	288	464	496	600	408	368	744
77	0	0	0	0	544	600	112	368	0	784	248	656
78	0	0	0	0	752	224	640	456	160	40	800	648
79	0	0	0	0	328	0	680	176	0	592	104	16
80	0	0	0	0	120	624	0	360	616	800	184	160
81	0	0	0	0	80	328	480	496	632	120	696	224
82	0	0	0	0	696	120	544	304	0	408	424	72
83	0	0	0	0	88	376	344	728	80	0	784	112
84	0	0	0	0	0	8	152	520	536	520	256	712
85	0	0	0	0	176	296	544	408	368	704	336	136
86	0	0	0	0	432	320	792	48	376	392	784	24
87	0	0	0	0	800	728	280	72	792	88	56	792
88	0	0	0	0	664	408	0	312	64	112	176	344
89	0	0	0	0	320	0	488	568	656	440	464	496
90	0	0	0	0	520	184	192	528	624	296	312	736
91	0	0	0	0	744	344	480	480	520	384	536	248
92	0	0	0	0	480	648	432	72	312	712	64	24
93	0	0	0	0	104	296	104	528	64	160	160	104
94	0	0	0	0	432	0	0	256	16	600	376	24
95	0	0	0	0	672	456	168	744	792	376	544	608
96	0	0	0	0	480	48	0	392	264	0	784	584
97	0	0	0	0	544	288	560	576	296	696	536	568
98	0	0	0	0	416	200	576	0	200	576	496	376
99	0	0	0	0	40	88	344	16	0	280	568	536
100	0	0	0	0	736	680	720	400	384	352	0	752
101	0	0	0	0	472	688	744	800	80	80	704	576
102	0	0	0	0	752	272	632	704	528	448	648	0
103	0	0	0	0	176	96	344	320	608	632	480	16
104	0	0	0	0	432	464	296	328	0	160	800	160
105	0	0	0	0	800	0	0	280	224	80	312	120
106	0	0	0	0	240	464	480	352	16	800	16	208
107	0	0	0	0	384	376	312	240	768	472	216	248
108	0	0	0	0	120	472	80	216	504	32	560	0
109	0	0	0	0	520	304	688	0	624	240	776	56
110	0	0	0	0	800	120	352	480	752	464	8	48
111	0	0	0	0	232	400	248	784	488	616	144	704
112	0	0	0	0	96	720	800	120	336	0	800	424
113	0	0	0	0	504	184	352	96	504	656	576	400
114	0	0	0	0	0	376	0	560	216	704	336	72
115	0	0	0	0	256	728	16	0	776	136	0	0
116	0	0	0	0	560	176	560	360	536	720	672	224
117	0	0	0	0	216	144	656	704	552	456	560	112
118	0	0	0	0	0	288	0	680	0	424	440	464
119	0	0	0	0	728	376	728	64	680	576	152	776
120	0	0	0	0	624	712	592	384	616	0	96	136
(1,22017)	(2,1269)	(3,0)	(4,66)	
(1,5653)	(2,208)	(3,0)	(4,6)	
(1,5966)	(2,40)	(3,0)	(4,16)	
(1,5769)	(2,169)	(3,0)	(4,1)	
(1,5818)	(2,100)	(3,0)	(4,4)	
(1,1)	(2,0)	(3,0)	(4,0)	
(1,1)	(2,0)	(3,0)	(4,0)	
(1,1)	(2,0)	(3,0)	(4,0)	
(1,1)	(2,0)	(3,0)	(4,0)	
(1,1)	(2,0)	(3,0)	(4,0)	
(1,1)	(2,0)	(3,0)	(4,0)	
(1,1)	(2,0)	(3,0)	(4,0)	
(1,1)	(2,0)	(3,0)	(4,0)	
avg	0	0	0	0	416.267	352	406.533	369.6	368.933	407.2	390.267	372.933
delay	0.25	0.230769	0.25	0.243243	2.16176	3.71477	5.19351	16.9953	2.11673	3.31631	3.0533	2.20665
loss	0	0	0	0	0.0292289	0.0410461	0.0211878	0.0317848	0.0219159	0.0341556	0.033036	0.0338515
Command ['/home/ubuntu/ns-3.30-obss/build/scratch/simple-ofdma-adhoc4', '--ofdmaEnabled=true', '--startTime=60', '--totalTime=120', '--dataMode=HeMcs5', '--datarate=8e5', '--ratio=0.375', '--RngRun=5', '--locationFile=my-simulations/8_ofdma7/txt/locationFile42.txt', '--routingFile=my-simulations/8_ofdma7/txt/routingFile42.txt'] terminated with signal SIGSEGV. Run it under a debugger to get more information (./waf --run <program> --command-template="gdb --args %s <args>").
