Waf: Entering directory `/home/ubuntu/ns-3.30-obss/build'
Waf: Leaving directory `/home/ubuntu/ns-3.30-obss/build'
Build commands will be stored in build/compile_commands.json
'build' finished successfully (0.702s)
--------------------------Rate[Kbps]--------------------------
Time[s]	cl-1	cl-2	cl-3	cl-4	cl-5	cl-6	cl-7	cl-8	cl-9	cl-10	cl-11	cl-12
60	14.4	13	16	14.8	15.8	17	13.4	12	13.8	12.8	16.8	12.4
61	0	0	0	672	120	32	48	0	0	552	224	248
62	0	0	0	336	176	648	416	176	448	576	264	768
63	0	0	0	392	216	368	640	152	536	576	664	720
64	0	0	0	456	760	240	256	0	768	744	496	752
65	0	0	0	56	528	632	472	432	520	400	416	656
66	0	0	0	736	0	408	480	792	392	768	760	736
67	0	0	0	496	576	648	320	320	96	352	56	680
68	0	0	0	0	456	40	784	240	400	352	120	64
69	0	0	0	168	344	792	608	0	368	664	616	696
70	0	0	0	608	736	504	632	704	40	536	600	352
71	0	0	0	248	720	408	408	752	304	0	128	264
72	0	0	0	448	240	664	808	784	184	144	264	368
73	0	0	0	264	680	0	328	32	360	504	296	256
74	0	0	0	272	40	320	288	248	312	440	0	800
75	0	0	0	320	520	264	744	776	160	200	104	368
76	0	0	0	216	760	288	456	536	584	392	368	720
77	0	0	0	672	504	600	112	304	0	760	208	616
78	0	0	0	800	752	224	632	448	160	40	776	648
79	0	0	0	584	320	0	672	176	0	592	104	16
80	0	0	0	0	120	624	0	360	616	800	184	160
81	0	0	0	64	80	328	424	496	648	120	672	224
82	0	0	0	120	688	120	544	304	0	360	416	64
83	0	0	0	112	88	368	344	736	72	0	800	120
84	0	0	0	352	0	0	200	504	232	88	248	248
85	0	0	0	136	152	192	480	432	504	1000	352	536
86	0	0	0	304	440	376	792	56	368	392	784	24
87	0	0	0	0	800	720	288	72	800	88	72	792
88	0	0	0	64	664	408	0	312	64	112	176	344
89	0	0	0	464	336	0	488	560	664	456	480	552
90	0	0	0	24	528	184	192	544	632	304	312	744
91	0	0	0	56	776	368	496	488	520	392	528	256
92	0	0	0	0	488	648	456	416	312	704	64	40
93	0	0	0	288	184	608	0	368	152	280	448	296
94	0	0	0	384	432	0	0	264	16	624	376	24
95	0	0	0	616	680	424	240	752	704	336	576	576
96	0	0	0	328	480	48	0	392	264	0	776	544
97	0	0	0	0	552	264	576	584	304	672	536	584
98	0	0	0	56	416	192	576	0	200	584	504	376
99	0	0	0	272	40	88	344	16	0	280	560	528
100	0	0	0	544	768	648	688	376	336	304	0	752
101	0	0	0	0	464	704	728	800	72	80	704	512
102	0	0	0	312	744	232	632	672	528	376	680	0
103	0	0	0	784	168	96	344	320	616	632	472	8
104	0	0	0	480	432	448	296	328	0	160	800	160
105	0	0	0	776	800	0	0	264	216	80	312	120
106	0	0	0	800	248	456	480	360	8	784	16	216
107	0	0	0	600	376	368	304	240	728	464	232	224
108	0	0	0	464	120	464	80	216	504	32	552	0
109	0	0	0	624	496	264	552	0	528	240	768	40
110	0	0	0	0	760	120	352	480	728	416	8	48
111	0	0	0	1000	240	392	248	800	464	568	144	680
112	0	0	0	0	96	720	800	120	344	0	800	432
113	0	0	0	272	496	168	360	88	472	712	576	408
114	0	0	0	352	0	384	0	560	216	704	336	72
115	0	0	0	568	240	728	16	0	776	136	0	0
116	0	0	0	456	536	176	552	440	480	696	656	200
117	0	0	0	320	208	128	664	768	520	424	552	112
118	0	0	0	664	0	272	0	696	0	400	448	464
119	0	0	0	8	680	368	720	64	648	576	176	720
120	0	0	0	448	568	688	568	368	616	0	104	104
(1,21694)	(2,2673)	(3,0)	(4,132)	
(1,7552)	(2,564)	(3,0)	(4,38)	
(1,7875)	(2,492)	(3,0)	(4,13)	
(1,8115)	(2,467)	(3,0)	(4,33)	
(1,1)	(2,0)	(3,0)	(4,0)	
(1,1)	(2,0)	(3,0)	(4,0)	
(1,1)	(2,0)	(3,0)	(4,0)	
(1,1)	(2,0)	(3,0)	(4,0)	
(1,1)	(2,0)	(3,0)	(4,0)	
(1,1)	(2,0)	(3,0)	(4,0)	
(1,1)	(2,0)	(3,0)	(4,0)	
(1,1)	(2,0)	(3,0)	(4,0)	
(1,1)	(2,0)	(3,0)	(4,0)	
avg	0	0	0	347.6	413.867	347.733	398.8	374.8	358.4	399.467	394.4	367.2
delay	0.263889	0.246154	0.2625	29.7568	5.93267	29.9015	12.8539	5.7243	8.30655	13.2677	4.13624	13.4401
loss	0	0	0	0.0450549	0.028482	0.0488694	0.0388817	0.0246357	0.042735	0.0497938	0.0234401	0.04375
Command ['/home/ubuntu/ns-3.30-obss/build/scratch/simple-ofdma-adhoc4', '--ofdmaEnabled=true', '--startTime=60', '--totalTime=120', '--dataMode=HeMcs3', '--datarate=8e5', '--ratio=0.375', '--RngRun=5', '--locationFile=my-simulations/8_ofdma7/txt/locationFile33.txt', '--routingFile=my-simulations/8_ofdma7/txt/routingFile33.txt'] terminated with signal SIGSEGV. Run it under a debugger to get more information (./waf --run <program> --command-template="gdb --args %s <args>").
