Waf: Entering directory `/home/ubuntu/ns-3.30-obss/build'
Waf: Leaving directory `/home/ubuntu/ns-3.30-obss/build'
Build commands will be stored in build/compile_commands.json
'build' finished successfully (0.875s)
--------------------------Rate[Kbps]--------------------------
Time[s]	cl-1	cl-2	cl-3	cl-4	cl-5	cl-6	cl-7	cl-8	cl-9	cl-10	cl-11	cl-12	cl-13	cl-14	cl-15	cl-16	cl-17	cl-18	cl-19	cl-20
60	14.8	16.2	13	15	16.8	16.6	13.8	14.4	14.6	14.4	16.2	14	15.8	14.2	14.2	18.2	11	15	14.6	15
61	0	0	0	0	0	248	328	264	728	264	152	272	176	88	464	0	176	632	200	424
62	0	0	0	0	0	864	24	480	600	40	384	472	808	0	0	264	240	680	432	336
63	0	0	0	0	0	368	152	616	0	520	0	112	376	40	0	0	512	544	0	392
64	0	0	0	0	0	408	144	296	344	520	528	408	432	648	784	408	176	616	72	0
65	0	0	0	0	0	128	304	672	464	336	592	288	320	0	248	128	0	32	96	336
66	0	0	0	0	0	616	792	112	456	504	720	64	224	144	680	384	776	192	248	72
67	0	0	0	0	0	536	296	432	336	16	128	344	96	0	0	0	16	0	120	0
68	0	0	0	0	0	472	440	512	312	80	760	264	672	408	344	256	552	600	296	632
69	0	0	0	0	0	648	304	336	456	280	752	752	240	408	472	456	0	144	536	512
70	0	0	0	0	0	152	168	344	136	64	632	512	464	784	792	416	600	424	552	376
71	0	0	0	0	0	712	664	424	0	224	704	568	640	48	16	384	408	448	384	848
72	0	0	0	0	0	312	264	352	104	408	200	448	792	496	56	688	376	472	480	720
73	8	0	0	0	0	8	552	456	440	264	64	40	56	264	112	136	280	72	464	840
74	0	0	0	0	8	632	128	312	608	224	360	320	0	392	768	152	192	832	336	792
75	0	0	0	8	0	384	344	400	32	400	768	624	568	256	704	0	824	784	800	88
76	0	0	0	0	0	656	456	600	440	680	328	432	16	560	536	328	440	512	528	208
77	0	0	0	0	0	216	0	264	728	480	792	272	632	792	464	64	0	680	0	264
78	0	0	0	0	0	160	416	360	208	568	48	552	584	48	0	808	392	72	464	136
79	0	0	0	0	0	824	480	192	320	440	464	0	72	768	32	568	456	616	0	24
80	0	0	8	0	0	120	568	0	616	0	0	272	376	0	248	296	312	424	64	48
81	0	8	0	0	0	336	0	528	312	0	520	752	552	680	560	736	488	0	648	392
82	0	0	0	0	0	352	224	528	328	272	816	128	784	248	672	160	336	432	552	152
83	0	0	0	0	0	48	408	0	288	656	328	56	200	248	24	808	88	248	536	392
84	0	0	0	0	0	368	0	304	0	176	0	480	224	120	856	408	576	456	504	216
85	0	0	0	0	0	840	776	304	256	120	400	112	360	472	384	824	296	608	416	832
86	0	0	0	0	0	504	776	672	760	304	0	112	352	592	136	312	520	224	432	416
87	0	0	0	0	0	784	408	296	584	584	112	120	552	0	640	280	744	752	96	184
88	0	0	0	0	0	680	184	312	136	120	192	824	416	256	488	488	648	400	472	544
89	0	0	0	0	0	0	640	176	0	608	336	264	360	328	312	800	800	208	480	56
90	0	0	0	8	0	208	472	40	336	0	32	568	368	304	584	680	832	672	0	456
91	0	0	0	0	0	648	240	568	584	40	0	480	440	352	808	760	736	808	144	360
92	0	0	0	0	8	616	480	792	440	304	520	296	0	576	576	48	816	656	104	128
93	8	0	0	0	0	104	768	0	848	0	760	800	464	528	0	128	864	560	288	328
94	0	0	8	0	0	16	560	40	0	304	768	272	840	792	600	792	216	48	824	488
95	0	0	0	0	0	488	160	584	200	144	232	272	208	384	416	656	488	264	448	0
96	0	0	0	0	0	208	640	344	632	520	248	656	472	776	160	224	792	608	184	136
97	0	0	0	0	0	216	672	0	560	0	496	280	480	768	232	832	88	632	248	800
98	0	0	0	0	0	136	576	440	512	408	200	16	488	728	544	192	224	656	160	256
99	0	0	0	0	0	320	144	624	144	448	208	40	544	328	440	72	560	640	800	584
100	0	0	0	0	0	784	712	480	304	128	224	784	272	408	784	128	544	112	568	744
101	0	0	0	0	0	592	24	472	240	816	352	416	816	776	560	0	800	80	40	240
102	0	0	0	0	0	736	120	0	0	272	440	0	312	608	288	472	120	640	344	224
103	0	0	0	0	0	456	400	208	424	240	408	312	280	96	168	400	336	144	456	328
104	0	0	0	8	8	776	624	880	624	0	24	648	312	496	112	392	80	168	216	672
105	0	0	0	0	0	600	440	0	240	416	304	256	232	504	344	280	624	312	640	640
106	0	0	0	0	0	0	0	0	0	0	0	0	0	0	0	0	0	0	0	0
107	0	0	0	0	0	0	0	0	0	0	0	0	0	0	0	0	0	0	0	0
108	0	0	0	0	0	0	0	0	0	0	0	0	0	0	0	0	0	0	0	0
109	0	0	0	0	0	0	0	0	0	0	0	0	0	0	0	0	0	0	0	0
110	0	0	0	0	0	0	0	0	0	0	0	0	0	0	0	0	0	0	0	0
111	0	0	0	0	0	0	0	0	0	0	0	0	0	0	0	0	0	0	0	0
112	0	0	0	0	0	0	0	0	0	0	0	0	0	0	0	0	0	0	0	0
113	0	0	0	0	0	0	0	0	0	0	0	0	0	0	0	0	0	0	0	0
114	0	0	0	0	0	0	0	0	0	0	0	0	0	0	0	0	0	0	0	0
115	0	0	0	0	0	0	0	0	0	0	0	0	0	0	0	0	0	0	0	0
116	0	0	0	0	0	0	0	0	0	0	0	0	0	0	0	0	0	0	0	0
117	0	0	0	0	0	0	0	0	0	0	0	0	0	0	0	0	0	0	0	0
118	0	0	0	0	0	0	0	0	0	0	0	0	0	0	0	0	0	0	0	0
119	0	0	0	0	0	0	0	0	0	0	0	0	0	0	0	0	0	0	0	0
120	0	0	0	0	0	0	0	0	0	0	0	0	0	0	0	0	0	0	0	0
(1,20422)	(2,6336)	(3,0)	(4,1429)	
(1,6312)	(2,552)	(3,0)	(4,32)	
(1,6814)	(2,868)	(3,0)	(4,62)	
(1,7684)	(2,953)	(3,0)	(4,73)	
(1,7807)	(2,1009)	(3,0)	(4,49)	
(1,1)	(2,0)	(3,0)	(4,0)	
(1,1)	(2,0)	(3,0)	(4,0)	
(1,1)	(2,0)	(3,0)	(4,0)	
(1,1)	(2,0)	(3,0)	(4,0)	
(1,1)	(2,0)	(3,0)	(4,0)	
(1,1)	(2,0)	(3,0)	(4,0)	
(1,1)	(2,0)	(3,0)	(4,0)	
(1,1)	(2,0)	(3,0)	(4,0)	
(1,1)	(2,0)	(3,0)	(4,0)	
(1,1)	(2,0)	(3,0)	(4,0)	
(1,1)	(2,0)	(3,0)	(4,0)	
(1,1)	(2,0)	(3,0)	(4,0)	
(1,1)	(2,0)	(3,0)	(4,0)	
(1,1)	(2,0)	(3,0)	(4,0)	
(1,1)	(2,0)	(3,0)	(4,0)	
(1,1)	(2,0)	(3,0)	(4,0)	
avg	0.266667	0.133333	0.266667	0.4	0.4	321.333	287.867	266.933	268	219.867	271.6	266	297.867	291.867	290.133	276.8	322.4	318.4	261.2	276.933
delay	0.5	0	217.5	17.6667	1.33333	24.9722	21.7791	17.2233	33.8398	21.5221	30.216	30.0602	19.427	24.8812	20.1733	22.9807	24.8809	25.8978	18.9612	11.3409
loss	0.333333	0.5	0	0	0	0.288035	0.290036	0.300733	0.232532	0.294092	0.276377	0.343318	0.267301	0.213721	0.211308	0.208841	0.230181	0.214732	0.294308	0.201461
Command ['/home/ubuntu/ns-3.30-obss/build/scratch/simple-ofdma-adhoc4', '--ofdmaEnabled=true', '--startTime=60', '--totalTime=120', '--dataMode=HeMcs6', '--datarate=9e5', '--clNum=20', '--ratio=0.375', '--RngRun=36'] terminated with signal SIGSEGV. Run it under a debugger to get more information (./waf --run <program> --command-template="gdb --args %s <args>").
