Waf: Entering directory `/home/ubuntu/ns-3.30-obss/build'
Waf: Leaving directory `/home/ubuntu/ns-3.30-obss/build'
Build commands will be stored in build/compile_commands.json
'build' finished successfully (0.731s)
--------------------------Rate[Kbps]--------------------------
Time[s]	cl-1	cl-2	cl-3	cl-4	cl-5	cl-6	cl-7	cl-8	cl-9	cl-10	cl-11	cl-12	cl-13	cl-14	cl-15	cl-16
60	11.8	13.6	13.2	15.2	12.2	18.2	14.2	12.6	11.8	15.4	15.6	16.2	14	14.6	14.6	16.2
61	0	0	0	0	464	584	0	0	496	80	80	760	160	464	0	176
62	0	0	0	0	240	664	392	160	376	0	472	616	640	464	512	216
63	0	0	0	0	32	48	0	656	624	800	368	72	272	120	16	616
64	0	0	0	0	784	360	312	200	488	560	184	576	184	8	144	248
65	0	0	0	0	600	256	608	248	504	608	16	592	160	88	760	160
66	0	0	0	0	624	368	648	624	504	712	488	448	520	400	424	728
67	0	0	0	0	600	712	280	480	800	184	0	24	448	224	96	624
68	0	0	0	0	200	792	520	800	192	728	608	24	0	72	680	0
69	0	0	0	0	752	360	368	488	200	472	712	88	352	0	0	448
70	0	0	0	0	784	48	672	816	120	496	632	128	0	456	704	624
71	0	0	0	0	736	616	40	80	0	640	640	304	216	424	0	168
72	0	0	0	0	0	256	296	416	304	792	272	544	632	352	72	472
73	0	0	0	0	288	680	224	688	376	360	128	520	256	240	528	248
74	0	0	0	0	56	96	136	56	600	680	352	104	648	720	784	0
75	0	0	0	0	88	688	192	152	0	688	304	656	480	792	456	16
76	0	0	0	0	104	384	552	440	544	0	0	88	504	48	0	536
77	0	0	0	0	136	240	800	176	560	488	664	304	184	168	600	496
78	0	0	0	0	688	0	312	640	0	672	632	248	48	192	640	352
79	0	0	0	0	184	520	184	456	608	0	264	664	632	0	200	576
80	0	0	0	0	0	608	408	528	168	280	296	0	344	96	16	664
81	0	0	0	0	0	24	112	152	40	400	344	56	96	360	272	392
82	0	0	0	0	200	632	192	624	496	136	416	488	608	840	408	192
83	0	0	0	0	544	0	656	224	232	712	744	128	256	392	144	224
84	0	0	0	0	712	584	32	0	448	32	712	0	224	496	800	696
85	0	0	0	0	144	144	472	544	144	568	512	400	584	656	704	192
86	0	0	0	0	496	584	16	648	456	32	136	648	0	408	720	776
87	0	0	0	0	240	328	736	760	304	552	0	272	208	64	248	448
88	0	0	0	0	672	0	16	712	104	768	488	440	720	416	240	360
89	0	0	0	0	296	632	344	472	448	648	328	0	664	392	0	120
90	0	0	0	0	736	304	736	736	328	392	0	376	736	680	624	160
91	0	0	0	0	312	544	632	408	504	472	376	760	56	632	320	272
92	0	0	0	0	184	408	336	0	184	672	504	512	480	176	0	192
93	0	0	0	0	408	384	80	48	272	416	608	704	0	288	344	296
94	0	0	0	0	784	0	144	296	616	48	0	0	496	80	640	720
95	0	0	0	0	64	448	464	488	600	120	384	632	528	168	456	128
96	0	0	0	0	184	552	232	360	704	0	312	256	736	272	0	776
97	0	0	0	0	40	104	312	432	0	304	376	488	248	120	496	248
98	0	0	0	0	392	232	608	440	344	152	208	352	360	312	192	384
99	0	0	0	0	360	72	192	440	648	616	160	744	560	256	376	0
100	0	0	0	0	616	112	392	416	64	160	728	648	456	576	112	136
101	0	0	0	0	480	240	0	336	560	184	560	136	792	704	0	272
102	0	0	0	0	312	184	168	0	0	0	112	0	64	496	480	488
103	0	0	0	0	24	616	224	968	816	768	128	624	0	504	664	24
104	0	0	0	0	280	480	296	216	0	512	128	256	672	576	0	168
105	0	0	0	0	0	0	456	64	40	712	552	208	0	720	440	304
106	0	0	0	0	744	472	152	512	688	496	720	80	232	240	688	64
107	0	0	0	0	64	632	224	0	472	696	296	520	736	352	336	384
108	0	0	0	0	504	784	0	168	792	80	712	16	720	344	544	304
109	0	0	0	0	120	80	584	120	160	104	256	248	448	416	800	424
110	0	0	0	0	128	312	384	224	728	776	480	256	240	272	592	136
111	0	0	0	0	184	688	560	640	704	296	472	24	400	688	360	248
112	0	0	0	0	0	320	632	248	656	232	0	584	288	96	424	480
113	0	0	0	0	472	752	760	752	120	280	320	728	800	584	0	264
114	0	0	0	0	256	568	232	336	64	312	648	208	256	384	184	792
115	0	0	0	0	296	696	352	544	672	304	616	0	360	184	448	616
116	0	0	0	0	472	592	336	472	568	528	160	672	800	160	0	456
117	0	0	0	0	336	32	744	800	32	744	456	392	664	336	248	744
118	0	0	0	0	24	552	472	472	376	184	208	296	496	24	72	624
119	0	0	0	0	472	136	0	592	40	0	744	456	512	312	104	728
120	0	0	0	0	512	456	584	24	568	632	288	0	560	0	792	736
(1,26539)	(2,4249)	(3,0)	(4,570)	
(1,7862)	(2,373)	(3,0)	(4,21)	
(1,7723)	(2,736)	(3,0)	(4,84)	
(1,7893)	(2,467)	(3,0)	(4,44)	
(1,8043)	(2,300)	(3,0)	(4,3)	
(1,1)	(2,0)	(3,0)	(4,0)	
(1,1)	(2,0)	(3,0)	(4,0)	
(1,1)	(2,0)	(3,0)	(4,0)	
(1,1)	(2,0)	(3,0)	(4,0)	
(1,1)	(2,0)	(3,0)	(4,0)	
(1,1)	(2,0)	(3,0)	(4,0)	
(1,1)	(2,0)	(3,0)	(4,0)	
(1,1)	(2,0)	(3,0)	(4,0)	
(1,1)	(2,0)	(3,0)	(4,0)	
(1,1)	(2,0)	(3,0)	(4,0)	
(1,1)	(2,0)	(3,0)	(4,0)	
(1,1)	(2,0)	(3,0)	(4,0)	
avg	0	0	0	0	340.4	382.667	346.8	396.533	374.267	404.667	371.733	339.467	395.6	338.4	348.4	372.267
delay	0.288136	0.235294	0.242424	0.25	9.99687	14.2387	11.5909	25.4015	26.5786	23.804	11.9896	17.2038	13.6458	10.3294	7.24148	8.2106
loss	0	0	0	0	0.0558432	0.0696921	0.0640518	0.0849231	0.0790682	0.0786278	0.0734463	0.084502	0.066394	0.0811007	0.0717584	0.0630872
Command ['/home/ubuntu/ns-3.30-obss/build/scratch/simple-ofdma-adhoc4', '--ofdmaEnabled=true', '--startTime=60', '--totalTime=120', '--dataMode=HeMcs5', '--datarate=8e5', '--ratio=0.375', '--RngRun=9', '--locationFile=my-simulations/8_ofdma7/txt/locationFile43.txt', '--routingFile=my-simulations/8_ofdma7/txt/routingFile43.txt'] terminated with signal SIGSEGV. Run it under a debugger to get more information (./waf --run <program> --command-template="gdb --args %s <args>").
