Waf: Entering directory `/home/ubuntu/ns-3.30-obss/build'
Waf: Leaving directory `/home/ubuntu/ns-3.30-obss/build'
Build commands will be stored in build/compile_commands.json
'build' finished successfully (0.829s)
--------------------------Rate[Kbps]--------------------------
Time[s]	cl-1	cl-2	cl-3	cl-4	cl-5	cl-6	cl-7	cl-8	cl-9	cl-10	cl-11	cl-12	cl-13	cl-14	cl-15
60	15.8	13.2	16.2	14	14.8	13.6	13	16.6	13.2	15	12	13	13	13.4	13.8
61	0	0	0	0	0	0	64	80	160	88	112	72	80	104	176
62	0	0	0	0	0	0	96	112	184	0	40	0	176	16	96
63	0	0	0	0	0	120	88	176	96	152	176	64	56	56	200
64	0	0	0	0	0	72	184	8	96	64	120	160	120	152	128
65	0	0	0	0	0	56	104	32	200	88	192	16	136	136	160
66	0	0	0	0	0	200	48	96	0	40	152	72	64	8	200
67	0	0	0	0	0	144	0	80	72	160	64	40	184	200	48
68	0	0	0	0	0	64	152	0	120	136	32	0	56	120	152
69	0	0	0	0	0	184	96	72	200	152	40	56	112	16	8
70	0	0	0	0	0	128	136	0	168	128	80	32	128	88	0
71	0	0	0	0	0	168	200	72	16	0	128	0	0	128	72
72	0	0	0	0	0	144	16	32	184	184	112	32	0	184	120
73	0	0	0	0	0	200	136	88	24	184	144	32	80	192	192
74	0	0	0	0	0	48	184	80	200	8	0	144	112	200	192
75	0	0	0	0	0	192	200	112	104	32	72	112	0	120	200
76	0	0	0	0	0	128	40	80	152	160	200	192	72	184	56
77	0	0	0	0	0	128	8	104	168	144	16	152	56	112	192
78	0	0	0	0	0	32	96	104	112	136	104	200	112	168	0
79	0	0	0	0	0	200	160	80	112	120	112	88	64	176	8
80	0	0	0	0	0	168	176	0	80	128	48	0	128	56	0
81	0	0	0	0	0	96	64	136	136	0	0	0	96	40	176
82	0	0	0	0	0	112	104	0	88	0	0	48	40	48	72
83	0	0	0	0	0	88	176	16	40	368	384	32	32	0	184
84	0	0	0	0	0	48	104	200	128	0	128	128	48	120	0
85	0	0	0	0	0	144	64	112	40	56	88	128	192	56	80
86	0	0	0	0	0	160	72	152	200	48	200	0	88	136	48
87	0	0	0	0	0	16	136	0	200	152	152	96	64	200	176
88	0	0	0	0	0	72	0	40	200	200	200	48	184	48	168
89	0	0	0	0	0	200	56	200	16	184	16	184	128	24	200
90	0	0	0	0	0	80	112	136	40	24	168	72	0	72	48
91	0	0	0	0	0	0	0	0	96	104	136	8	96	32	8
92	0	0	0	0	0	16	48	168	72	88	72	200	144	80	200
93	0	0	0	0	0	0	184	200	200	88	0	72	88	72	128
94	0	0	0	0	0	56	104	168	128	144	96	200	120	144	48
95	0	0	0	0	0	0	8	104	0	72	16	112	40	184	200
96	0	0	0	0	0	176	200	160	112	176	112	88	200	184	8
97	0	0	0	0	0	160	160	64	200	16	80	80	72	56	184
98	0	0	0	0	0	200	136	200	96	112	32	96	80	8	144
99	0	0	0	0	0	160	0	64	0	72	112	48	200	128	200
100	0	0	0	0	0	80	80	48	56	40	160	40	96	40	80
101	0	0	0	0	0	0	88	112	184	200	160	56	8	168	88
102	0	0	0	0	0	160	200	96	40	112	200	192	152	176	64
103	0	0	0	0	0	200	64	88	40	200	16	104	168	160	24
104	0	0	0	0	0	136	16	16	200	72	168	192	0	56	72
105	0	0	0	0	0	128	48	56	120	80	104	96	136	128	112
106	0	0	0	0	0	0	176	72	0	40	8	16	152	88	160
107	0	0	0	0	0	64	104	128	80	168	72	96	152	120	200
108	0	0	0	0	0	0	0	160	144	120	184	112	200	184	24
109	0	0	0	0	0	128	88	64	56	160	8	200	120	80	64
110	0	0	0	0	0	40	176	0	200	32	160	104	120	176	168
111	0	0	0	0	0	72	32	160	144	80	152	160	40	88	152
112	0	0	0	0	0	200	48	56	200	0	104	0	0	32	0
113	0	0	0	0	0	112	0	120	96	88	0	168	168	200	168
114	0	0	0	0	0	200	104	152	8	0	104	88	104	136	144
115	0	0	0	0	0	72	200	96	104	24	0	80	176	120	40
116	0	0	0	0	0	144	120	200	24	104	24	48	96	88	0
117	0	0	0	0	0	80	184	40	120	200	88	160	40	16	88
118	0	0	0	0	0	200	88	176	184	56	80	32	88	72	120
119	0	0	0	0	0	80	136	128	16	128	64	160	48	32	136
120	0	0	0	0	0	200	152	144	136	56	152	32	152	104	24
(1,8542)	(2,56)	(3,0)	(4,14)	
(1,1693)	(2,3)	(3,0)	(4,0)	
(1,1682)	(2,6)	(3,0)	(4,0)	
(1,1575)	(2,3)	(3,0)	(4,16)	
(1,1529)	(2,3)	(3,0)	(4,0)	
(1,1733)	(2,2)	(3,0)	(4,0)	
(1,1)	(2,0)	(3,0)	(4,0)	
(1,1)	(2,0)	(3,0)	(4,0)	
(1,1)	(2,0)	(3,0)	(4,0)	
(1,1)	(2,0)	(3,0)	(4,0)	
(1,1)	(2,0)	(3,0)	(4,0)	
(1,1)	(2,0)	(3,0)	(4,0)	
(1,1)	(2,0)	(3,0)	(4,0)	
(1,1)	(2,0)	(3,0)	(4,0)	
(1,1)	(2,0)	(3,0)	(4,0)	
(1,1)	(2,0)	(3,0)	(4,0)	
avg	0	0	0	0	0	107.6	100.267	94	109.867	99.4667	99.0667	87.3333	97.7333	105.2	106.667
delay	0.278481	0.30303	0.246914	0.3	0.283784	2.39405	3.58777	0.982979	1.60922	47.4303	64.1871	1.9771	1.0109	0.967047	2.18625
loss	0	0	0	0	0	0.00247219	0.0118265	0.0194715	0.0108043	0.0209974	0.015894	0.0135542	0.0174029	0.00754717	0.00990099
Command ['/home/ubuntu/ns-3.30-obss/build/scratch/simple-ofdma-adhoc4', '--ofdmaEnabled=true', '--startTime=60', '--totalTime=120', '--dataMode=HeMcs7', '--datarate=2e5', '--ratio=0.375', '--RngRun=9', '--locationFile=my-simulations/8_ofdma7/txt/locationFile52.txt', '--routingFile=my-simulations/8_ofdma7/txt/routingFile52.txt'] terminated with signal SIGSEGV. Run it under a debugger to get more information (./waf --run <program> --command-template="gdb --args %s <args>").
