Waf: Entering directory `/home/ubuntu/ns-3.30-obss/build'
Waf: Leaving directory `/home/ubuntu/ns-3.30-obss/build'
Build commands will be stored in build/compile_commands.json
'build' finished successfully (0.839s)
--------------------------Rate[Kbps]--------------------------
Time[s]	cl-1	cl-2	cl-3	cl-4	cl-5	cl-6	cl-7	cl-8	cl-9	cl-10	cl-11	cl-12
60	16.2	15	16.2	9.4	15	16.8	15.2	13.4	14	12.6	13.2	16.8
61	0	0	0	0	232	120	256	8	56	0	168	32
62	0	0	0	0	392	144	400	304	200	104	392	0
63	0	0	0	0	120	304	160	192	200	184	328	272
64	0	0	0	0	168	296	272	288	96	184	328	216
65	0	0	0	0	152	88	104	216	0	160	40	120
66	0	0	0	0	264	152	0	240	256	280	336	336
67	0	0	0	0	72	96	288	328	208	320	0	24
68	0	0	0	0	272	0	304	224	352	96	240	112
69	0	0	0	0	112	384	400	0	384	296	24	32
70	0	0	0	0	152	192	88	336	400	56	8	0
71	0	0	0	0	112	0	224	248	336	400	320	392
72	0	0	0	0	184	96	104	368	0	304	304	176
73	0	0	0	0	88	384	232	224	112	0	0	192
74	0	0	0	0	152	0	376	8	240	160	168	24
75	0	0	0	0	0	128	32	32	0	184	360	240
76	0	0	0	0	48	0	112	336	136	88	184	0
77	0	0	0	0	200	328	136	168	168	16	544	376
78	0	0	0	0	104	256	216	176	344	256	32	216
79	0	0	0	0	208	392	240	264	360	208	264	144
80	0	0	0	0	0	184	264	0	8	304	208	152
81	0	0	0	0	56	224	280	384	144	248	304	0
82	0	0	0	0	176	280	192	296	224	96	384	168
83	0	0	0	0	304	376	112	208	240	208	8	112
84	0	0	0	0	136	112	184	16	128	120	88	168
85	0	0	0	0	0	392	80	304	160	0	232	264
86	0	0	0	0	192	176	304	32	400	280	72	400
87	0	0	0	0	208	32	0	208	224	224	56	208
88	0	0	0	0	80	64	144	232	192	208	72	0
89	0	0	0	0	184	328	256	256	296	168	0	280
90	0	0	0	0	128	136	400	272	240	56	312	104
91	0	0	0	0	56	224	168	264	384	328	240	96
92	0	0	0	0	288	104	328	112	296	320	376	16
93	0	0	0	0	232	256	48	392	336	392	80	344
94	0	0	0	0	224	248	128	264	392	72	152	360
95	0	0	0	0	304	104	0	200	200	104	304	208
96	0	0	0	0	120	208	120	0	16	240	216	336
97	0	0	0	0	208	192	376	304	0	344	296	184
98	0	0	0	0	120	184	72	400	352	248	112	312
99	0	0	0	0	56	304	176	40	64	264	216	0
100	0	0	0	0	336	72	40	144	32	56	216	192
101	0	0	0	0	256	0	248	240	400	400	272	192
102	0	0	0	0	384	184	200	88	360	8	384	360
103	0	0	0	0	336	96	8	256	112	8	368	280
104	0	0	0	0	376	320	392	16	280	0	56	328
105	0	0	0	0	352	400	80	352	0	320	312	400
106	0	0	0	0	32	256	0	0	168	0	104	256
107	0	0	0	0	352	72	368	144	176	80	232	200
108	0	0	0	0	64	128	328	40	80	384	200	376
109	0	0	0	0	368	288	256	40	392	200	320	280
110	0	0	0	0	312	72	224	24	208	360	168	248
111	0	0	0	0	384	112	232	208	0	192	208	224
112	0	0	0	0	144	80	0	288	376	248	248	288
113	0	0	0	0	312	112	224	400	240	88	80	200
114	0	0	0	0	160	352	368	280	24	192	184	32
115	0	0	0	0	216	240	152	8	64	112	176	264
116	0	0	0	0	0	392	304	56	216	328	240	144
117	0	0	0	0	200	40	80	32	384	392	400	80
118	0	0	0	0	304	168	0	400	376	24	208	0
119	0	0	0	0	176	216	88	360	400	208	288	280
120	0	0	0	0	232	360	368	216	56	264	160	272
(1,11732)	(2,492)	(3,0)	(4,44)	
(1,2955)	(2,58)	(3,0)	(4,1)	
(1,2919)	(2,48)	(3,0)	(4,17)	
(1,2921)	(2,122)	(3,0)	(4,0)	
(1,3062)	(2,66)	(3,0)	(4,4)	
(1,1)	(2,0)	(3,0)	(4,0)	
(1,1)	(2,0)	(3,0)	(4,0)	
(1,1)	(2,0)	(3,0)	(4,0)	
(1,1)	(2,0)	(3,0)	(4,0)	
(1,1)	(2,0)	(3,0)	(4,0)	
(1,1)	(2,0)	(3,0)	(4,0)	
(1,1)	(2,0)	(3,0)	(4,0)	
(1,1)	(2,0)	(3,0)	(4,0)	
avg	0	0	0	0	190	190.8	192.267	195.6	208.133	189.733	209.867	191.867
delay	0.419753	0.333333	0.407407	0.276596	8.07088	2.78686	18.5153	43.2324	7.00448	2.59592	7.35832	2.9173
loss	0	0	0.0121951	0.0408163	0.0292916	0.0185185	0.0116518	0.0174146	0.0163831	0.0213205	0.0229671	0.0190866
Command ['/home/ubuntu/ns-3.30-obss/build/scratch/simple-ofdma-adhoc4', '--ofdmaEnabled=true', '--startTime=60', '--totalTime=120', '--dataMode=HeMcs1', '--datarate=4e5', '--ratio=0.375', '--RngRun=18', '--locationFile=my-simulations/8_ofdma7/txt/locationFile42.txt', '--routingFile=my-simulations/8_ofdma7/txt/routingFile42.txt'] terminated with signal SIGSEGV. Run it under a debugger to get more information (./waf --run <program> --command-template="gdb --args %s <args>").
