Waf: Entering directory `/home/ubuntu/ns-3.30-obss/build'
Waf: Leaving directory `/home/ubuntu/ns-3.30-obss/build'
Build commands will be stored in build/compile_commands.json
'build' finished successfully (0.811s)
--------------------------Rate[Kbps]--------------------------
Time[s]	cl-1	cl-2	cl-3	cl-4	cl-5	cl-6	cl-7	cl-8	cl-9	cl-10	cl-11	cl-12	cl-13	cl-14	cl-15	cl-16	cl-17	cl-18	cl-19	cl-20
60	15.8	13.2	15.6	15.4	15.2	15.6	16.6	11.2	15	13.6	13.6	14	14	14.6	14.6	13.2	14.4	14.2	13.6	16.8
61	0	0	0	0	0	0	0	0	112	0	0	296	480	496	0	280	512	280	0	448
62	0	0	0	0	0	0	0	0	240	48	240	160	112	184	96	160	288	8	200	136
63	0	0	0	0	0	0	0	0	16	160	320	24	72	16	96	184	232	216	240	160
64	0	0	0	0	0	0	0	0	200	424	440	288	464	80	224	64	0	360	168	120
65	0	0	0	0	0	0	0	0	0	0	208	664	392	72	656	560	0	224	0	360
66	0	0	0	0	0	0	0	0	424	320	408	152	136	0	48	520	0	168	336	408
67	0	0	0	0	0	0	0	0	128	104	432	336	352	200	8	0	664	408	24	280
68	0	0	0	0	0	0	0	0	448	168	320	0	392	56	96	312	104	104	368	392
69	0	0	0	0	0	0	0	0	96	336	504	80	176	288	200	328	264	120	72	144
70	0	0	0	0	0	0	0	0	184	344	88	32	424	296	0	152	288	296	296	304
71	0	0	0	0	0	0	0	0	208	112	384	8	288	208	504	280	0	136	704	192
72	0	0	0	0	0	0	0	0	72	232	568	16	368	344	488	152	240	96	128	200
73	0	0	0	0	0	0	0	0	128	56	360	488	24	432	400	128	400	56	40	320
74	0	0	0	0	0	0	0	0	456	0	128	432	0	400	0	256	248	440	496	360
75	0	0	0	0	0	0	0	0	144	0	160	416	112	176	360	288	24	480	464	160
76	0	0	0	0	0	0	0	0	0	504	520	272	16	448	344	176	296	0	488	144
77	0	0	0	0	0	0	0	0	128	216	224	208	16	448	472	432	288	48	424	48
78	0	0	0	0	0	0	0	0	336	360	600	504	0	112	0	216	440	296	0	312
79	0	0	0	0	0	0	0	0	384	56	352	128	344	56	352	272	120	136	200	328
80	0	0	0	0	0	0	0	0	392	336	40	496	152	360	296	280	176	40	64	48
81	0	0	0	0	0	0	0	0	376	368	128	368	96	160	176	8	432	160	0	392
82	0	0	0	0	0	0	0	0	104	152	216	40	424	168	288	168	472	488	256	152
83	0	0	0	0	0	0	0	0	200	120	296	592	224	8	336	256	344	88	296	232
84	0	0	0	0	0	0	0	0	192	168	440	248	0	160	152	272	176	232	216	168
85	0	0	0	0	0	0	0	0	144	384	144	104	376	288	80	240	40	504	96	280
86	0	0	0	0	0	0	0	0	0	176	296	48	384	272	344	208	280	656	536	128
87	0	0	0	0	0	0	0	0	112	0	24	592	200	56	464	504	368	408	376	32
88	0	0	0	0	0	0	0	0	264	136	184	552	120	128	208	56	152	544	48	592
89	0	0	0	0	0	0	0	0	184	424	312	192	88	192	344	0	80	208	456	320
90	0	0	0	0	0	0	0	0	296	336	392	528	128	248	176	360	0	296	32	192
91	0	0	0	0	0	0	0	0	120	0	280	0	648	680	384	200	80	48	80	320
92	0	0	0	0	0	0	0	0	320	48	632	520	120	0	536	376	552	104	144	0
93	0	0	0	0	0	0	0	0	272	448	96	552	168	240	304	168	280	0	176	272
94	0	0	0	0	0	0	0	0	272	184	248	192	208	328	240	280	144	320	56	40
95	0	0	0	0	0	0	0	0	112	224	176	40	400	64	0	304	0	616	280	512
96	0	0	0	0	0	0	0	0	416	536	0	0	80	0	416	328	200	528	0	456
97	0	0	0	0	0	0	0	0	136	424	24	472	176	128	344	224	496	112	416	72
98	0	0	0	0	0	0	0	0	296	224	80	440	456	256	48	192	192	448	96	136
99	0	0	0	0	0	0	0	0	0	264	528	368	376	488	40	184	88	488	16	192
100	0	0	0	0	0	0	0	0	224	0	48	224	168	568	528	0	384	0	376	584
101	0	0	0	0	0	0	0	0	0	216	80	304	200	512	264	344	360	80	488	240
102	0	0	0	0	0	0	0	0	248	48	0	128	0	400	80	744	104	400	544	312
103	0	0	0	0	0	0	0	0	104	104	288	536	264	144	336	88	392	0	448	208
104	0	0	0	0	0	0	0	0	280	264	416	0	248	96	368	304	320	96	560	96
105	0	0	0	0	0	0	0	0	0	504	248	128	120	144	144	536	232	240	464	40
106	0	0	0	0	0	0	0	0	240	176	464	368	264	200	304	152	96	144	256	352
107	0	0	0	0	0	0	0	0	72	0	488	216	352	392	288	64	0	480	224	128
108	0	0	0	0	0	0	0	0	128	120	456	504	24	80	136	256	400	408	232	320
109	0	0	0	0	0	0	0	0	576	168	232	0	240	360	0	64	528	128	416	0
110	0	0	0	0	0	0	0	0	344	464	0	104	0	72	312	232	528	248	504	256
111	0	0	0	0	0	0	0	0	624	248	400	648	88	192	0	112	16	104	120	584
112	0	0	0	0	0	0	0	0	216	376	504	192	0	464	200	192	344	208	96	136
113	0	0	0	0	0	0	0	0	344	240	288	232	184	64	368	208	456	136	16	240
114	0	0	0	0	0	0	0	0	136	200	328	0	64	256	168	160	240	456	216	344
115	0	0	0	0	0	0	0	0	360	120	56	520	608	0	400	0	464	24	592	56
116	0	0	0	0	0	0	0	0	352	568	80	184	432	88	280	240	0	272	120	304
117	0	0	0	0	0	0	0	0	488	256	560	488	0	528	0	376	168	200	144	80
118	0	0	0	0	0	0	0	0	120	80	384	328	408	344	104	112	512	0	192	248
119	0	0	0	0	0	0	0	0	208	200	48	208	360	208	416	0	224	208	320	392
120	0	0	0	0	0	0	0	0	368	248	288	88	224	312	0	208	32	384	288	320
(1,13304)	(2,7271)	(3,0)	(4,2660)	
(1,7960)	(2,3140)	(3,0)	(4,406)	
(1,8121)	(2,3263)	(3,0)	(4,330)	
(1,3270)	(2,410)	(3,0)	(4,25)	
(1,4195)	(2,391)	(3,0)	(4,5)	
(1,3328)	(2,439)	(3,0)	(4,48)	
(1,3592)	(2,340)	(3,0)	(4,24)	
(1,3856)	(2,294)	(3,0)	(4,14)	
(1,3707)	(2,465)	(3,0)	(4,25)	
(1,1)	(2,0)	(3,0)	(4,0)	
(1,1)	(2,0)	(3,0)	(4,0)	
(1,1)	(2,0)	(3,0)	(4,0)	
(1,1)	(2,0)	(3,0)	(4,0)	
(1,1)	(2,0)	(3,0)	(4,0)	
(1,1)	(2,0)	(3,0)	(4,0)	
(1,1)	(2,0)	(3,0)	(4,0)	
(1,1)	(2,0)	(3,0)	(4,0)	
(1,1)	(2,0)	(3,0)	(4,0)	
(1,1)	(2,0)	(3,0)	(4,0)	
(1,1)	(2,0)	(3,0)	(4,0)	
(1,1)	(2,0)	(3,0)	(4,0)	
avg	0	0	0	0	0	0	0	0	222.4	216.533	274.133	270.8	220.667	232.667	236.933	229.333	246	239.6	248.4	243.2
delay	0.253165	0.257576	0.74359	0.805195	0.881579	0.769231	0.746988	0.75	11.1648	13.4175	13.5554	7.20876	17.1341	14.1295	10.9077	13.7269	30.4553	11.2593	15.4305	13.4537
loss	0	0	0	0	0.012987	0	0.0119048	0	0.379323	0.408163	0.299966	0.288367	0.410046	0.408475	0.395373	0.384478	0.32368	0.308314	0.413043	0.391464
Command ['/home/ubuntu/ns-3.30-obss/build/scratch/simple-ofdma-adhoc4', '--ofdmaEnabled=true', '--startTime=60', '--totalTime=120', '--dataMode=HeMcs3', '--datarate=8e5', '--ratio=0.375', '--RngRun=18', '--locationFile=my-simulations/8_ofdma7/txt/locationFile232.txt', '--routingFile=my-simulations/8_ofdma7/txt/routingFile232.txt'] terminated with signal SIGSEGV. Run it under a debugger to get more information (./waf --run <program> --command-template="gdb --args %s <args>").
