Waf: Entering directory `/home/ubuntu/ns-3.30-obss/build'
Waf: Leaving directory `/home/ubuntu/ns-3.30-obss/build'
Build commands will be stored in build/compile_commands.json
'build' finished successfully (0.822s)
--------------------------Rate[Kbps]--------------------------
Time[s]	cl-1	cl-2	cl-3	cl-4	cl-5	cl-6	cl-7	cl-8	cl-9
60	12.6	17.4	15.2	14.4	16.4	14.6	13.2	16.8	17.6
61	0	0	0	40	944	648	672	464	208
62	0	0	0	168	248	992	952	584	592
63	0	0	0	472	16	488	256	368	624
64	0	0	0	392	16	640	0	88	408
65	0	0	0	32	704	416	256	664	632
66	0	0	0	464	848	792	560	936	696
67	0	0	0	952	376	872	472	72	832
68	0	0	0	960	728	464	784	16	624
69	0	0	0	136	1000	0	0	696	984
70	0	0	0	984	544	904	672	160	312
71	0	0	0	208	184	784	648	1000	616
72	0	0	0	392	440	944	0	464	672
73	0	0	0	592	8	664	320	816	0
74	0	0	0	976	608	448	24	944	560
75	0	0	0	832	808	120	32	872	816
76	0	0	0	224	456	480	272	616	160
77	0	0	0	536	160	232	0	0	624
78	0	0	0	960	160	0	632	144	552
79	0	0	0	536	752	816	432	600	896
80	0	0	0	544	976	544	776	8	0
81	0	0	0	720	280	392	0	664	920
82	0	0	0	0	304	0	240	0	304
83	0	0	0	472	624	688	40	504	496
84	0	0	0	792	768	408	904	472	104
85	0	0	0	480	792	304	856	304	984
86	0	0	0	456	376	0	0	56	208
87	0	0	0	816	152	688	104	0	304
88	0	0	0	776	864	928	312	48	856
89	0	0	0	0	400	776	824	312	856
90	0	0	0	792	280	304	1000	936	160
91	0	0	0	656	0	368	880	784	680
92	0	0	0	976	320	0	872	624	192
93	0	0	0	536	664	856	928	352	888
94	0	0	0	944	0	392	520	488	160
95	0	0	0	712	232	0	800	648	320
96	0	0	0	912	472	816	504	312	0
97	0	0	0	856	256	912	656	568	792
98	0	0	0	472	592	592	760	584	848
99	0	0	0	216	952	688	0	512	336
100	0	0	0	152	848	0	384	648	912
101	0	0	0	304	152	400	712	312	208
102	0	0	0	904	432	920	0	912	424
103	0	0	0	312	0	728	352	240	520
104	0	0	0	792	760	856	832	544	72
105	0	0	0	0	784	688	0	688	736
106	0	0	0	344	48	864	712	864	624
107	0	0	0	984	896	320	464	368	640
108	0	0	0	936	944	488	408	312	392
109	0	0	0	672	248	664	240	1000	664
110	0	0	0	576	992	1000	864	584	360
111	0	0	0	56	672	384	928	688	1000
112	0	0	0	840	504	392	576	616	728
113	0	0	0	984	680	1000	48	472	64
114	0	0	0	696	976	472	776	616	968
115	0	0	0	16	80	312	960	240	352
116	0	0	0	792	368	464	168	360	64
117	0	0	0	392	288	432	568	0	800
118	0	0	0	408	368	688	904	768	400
119	0	0	0	456	320	672	992	296	96
120	0	0	0	648	160	376	560	8	264
(1,21989)	(2,1086)	(3,0)	(4,0)	
(1,7702)	(2,188)	(3,0)	(4,0)	
(1,7636)	(2,213)	(3,0)	(4,0)	
(1,7102)	(2,278)	(3,0)	(4,2)	
(1,1)	(2,0)	(3,0)	(4,0)	
(1,1)	(2,0)	(3,0)	(4,0)	
(1,1)	(2,0)	(3,0)	(4,0)	
(1,1)	(2,0)	(3,0)	(4,0)	
(1,1)	(2,0)	(3,0)	(4,0)	
(1,1)	(2,0)	(3,0)	(4,0)	
avg	0	0	0	554.133	480.4	541.333	490.133	470.267	508.4
delay	0.238095	0.241379	0.236842	3.44177	1.16236	1.1	1.27476	1.16133	1.38893
loss	0	0	0	0.0257853	0.0211899	0.0207429	0.0290544	0.0202778	0.028535
Command ['/home/ubuntu/ns-3.30-obss/build/scratch/simple-ofdma-adhoc4', '--ofdmaEnabled=true', '--startTime=60', '--totalTime=120', '--dataMode=HeMcs7', '--datarate=10e5', '--ratio=0.375', '--RngRun=18', '--locationFile=my-simulations/8_ofdma7/txt/locationFile32.txt', '--routingFile=my-simulations/8_ofdma7/txt/routingFile32.txt'] terminated with signal SIGSEGV. Run it under a debugger to get more information (./waf --run <program> --command-template="gdb --args %s <args>").
