Waf: Entering directory `/home/ubuntu/ns-3.30-obss/build'
Waf: Leaving directory `/home/ubuntu/ns-3.30-obss/build'
Build commands will be stored in build/compile_commands.json
'build' finished successfully (0.780s)
--------------------------Rate[Kbps]--------------------------
Time[s]	cl-1	cl-2	cl-3	cl-4	cl-5	cl-6	cl-7	cl-8
60	16.2	14.8	13.4	17.4	17	13.4	15.6	16.6
61	0	0	160	0	0	80	88	40
62	0	0	136	80	160	168	0	0
63	0	0	168	136	192	136	72	184
64	0	0	8	48	176	24	80	184
65	0	0	40	16	192	200	112	0
66	0	0	168	104	0	128	80	160
67	0	0	152	0	16	200	72	184
68	0	0	160	88	72	112	176	192
69	0	0	200	160	24	32	0	192
70	0	0	64	88	8	200	128	32
71	0	0	104	0	40	192	192	200
72	0	0	64	48	56	24	200	96
73	0	0	40	16	200	80	120	200
74	0	0	160	136	24	72	200	112
75	0	0	32	80	8	200	168	32
76	0	0	32	0	200	0	128	136
77	0	0	64	200	184	48	32	200
78	0	0	40	112	160	104	200	96
79	0	0	184	0	24	184	168	64
80	0	0	128	136	184	160	184	80
81	0	0	112	8	104	192	56	96
82	0	0	152	0	32	192	16	112
83	0	0	120	88	64	96	192	168
84	0	0	40	200	192	32	72	32
85	0	0	120	48	32	0	136	16
86	0	0	200	176	104	32	40	128
87	0	0	152	200	64	56	120	64
88	0	0	176	8	32	144	200	0
89	0	0	64	104	0	0	96	112
90	0	0	32	64	48	72	96	152
91	0	0	120	200	8	0	192	16
92	0	0	200	168	168	88	160	120
93	0	0	56	200	160	168	80	200
94	0	0	88	8	120	200	176	0
95	0	0	0	136	0	48	16	120
96	0	0	96	80	160	8	120	80
97	0	0	176	0	88	96	120	152
98	0	0	56	176	160	88	144	200
99	0	0	72	48	56	56	200	160
100	0	0	8	64	96	40	64	152
101	0	0	200	176	48	120	160	72
102	0	0	112	192	32	136	96	192
103	0	0	88	72	0	192	80	168
104	0	0	152	40	104	192	104	104
105	0	0	200	128	32	128	0	160
106	0	0	64	136	200	200	40	56
107	0	0	0	200	152	32	184	200
108	0	0	136	64	200	16	32	168
109	0	0	88	176	192	0	104	184
110	0	0	200	0	112	136	24	0
111	0	0	112	24	72	144	48	40
112	0	0	128	56	192	32	160	160
113	0	0	200	200	200	24	112	176
114	0	0	8	56	104	112	184	72
115	0	0	72	176	128	16	0	152
116	0	0	56	64	200	200	144	120
117	0	0	136	168	112	16	200	104
118	0	0	120	112	200	24	72	200
119	0	0	200	0	40	72	0	160
120	0	0	64	24	0	200	72	160
(1,5309)	(2,2)	(3,0)	(4,0)	
(1,2446)	(2,16)	(3,0)	(4,0)	
(1,2664)	(2,8)	(3,0)	(4,0)	
(1,1)	(2,0)	(3,0)	(4,0)	
(1,1)	(2,0)	(3,0)	(4,0)	
(1,1)	(2,0)	(3,0)	(4,0)	
(1,1)	(2,0)	(3,0)	(4,0)	
(1,1)	(2,0)	(3,0)	(4,0)	
(1,1)	(2,0)	(3,0)	(4,0)	
avg	0	0	108	91.4667	98.8	99.0667	108.533	118.533
delay	0.259259	0.256757	1.27037	1.32945	1.35358	1.28398	1.33047	1.35546
loss	0	0	0	0	0.00269179	0.00134409	0.00122699	0
Command ['/home/ubuntu/ns-3.30-obss/build/scratch/simple-ofdma-adhoc4', '--ofdmaEnabled=true', '--startTime=60', '--totalTime=120', '--dataMode=HeMcs3', '--datarate=2e5', '--ratio=0.375', '--RngRun=18', '--locationFile=my-simulations/8_ofdma7/txt/locationFile23.txt', '--routingFile=my-simulations/8_ofdma7/txt/routingFile23.txt'] terminated with signal SIGSEGV. Run it under a debugger to get more information (./waf --run <program> --command-template="gdb --args %s <args>").
