Waf: Entering directory `/home/ubuntu/ns-3.30-obss/build'
Waf: Leaving directory `/home/ubuntu/ns-3.30-obss/build'
Build commands will be stored in build/compile_commands.json
'build' finished successfully (0.778s)
--------------------------Rate[Kbps]--------------------------
Time[s]	cl-1	cl-2	cl-3	cl-4	cl-5	cl-6	cl-7	cl-8	cl-9	cl-10	cl-11	cl-12	cl-13	cl-14	cl-15	cl-16	cl-17	cl-18	cl-19	cl-20
60	15.8	13.2	15.6	15.4	15.4	15.6	16.8	11.2	14.8	13.4	13	14	14	14.8	14.6	13.6	15	14	13.8	16.8
61	0	0	0	0	0	0	120	144	40	0	0	144	192	176	0	120	184	104	0	168
62	0	0	0	0	0	48	80	144	120	40	128	56	56	96	120	128	192	0	160	152
63	0	0	0	0	0	0	192	112	0	168	192	16	96	56	56	120	80	136	184	104
64	0	0	0	0	0	160	64	40	96	176	160	104	192	48	128	32	24	136	64	32
65	0	0	0	0	0	112	48	56	8	0	64	200	128	32	200	200	16	80	0	152
66	0	0	0	0	0	72	64	136	120	104	128	48	40	0	16	160	48	48	120	136
67	0	0	0	0	0	120	16	136	104	104	192	152	184	160	32	24	184	176	40	152
68	0	0	0	0	0	144	8	192	200	96	136	0	200	48	72	144	40	48	200	144
69	0	0	0	0	0	160	192	16	48	192	176	24	144	144	200	200	152	88	72	112
70	0	0	0	0	0	80	48	200	96	184	64	32	200	144	0	80	136	96	152	144
71	0	0	0	0	0	72	8	168	64	40	96	0	88	48	136	72	0	32	192	48
72	0	0	0	0	0	144	32	200	24	88	184	16	160	144	200	56	80	32	56	112
73	0	0	0	0	0	152	88	112	56	32	120	192	24	200	160	88	168	24	16	136
74	0	0	0	0	0	72	8	16	168	0	56	136	0	136	0	80	80	136	184	160
75	0	0	0	0	0	200	152	40	88	8	80	168	88	96	160	112	8	184	200	96
76	0	0	0	0	0	168	32	104	0	168	168	80	8	168	152	80	120	0	200	80
77	0	0	0	0	0	200	0	0	72	112	120	104	8	184	168	176	112	32	184	24
78	0	0	0	0	0	120	120	72	136	128	176	152	0	56	0	64	168	128	8	136
79	0	0	0	0	0	0	56	32	184	48	120	56	192	24	168	144	64	64	136	184
80	0	0	0	0	0	144	88	0	160	200	16	200	104	192	168	152	104	24	96	40
81	0	0	0	0	0	136	176	136	168	192	64	120	80	96	104	8	136	56	0	168
82	0	0	0	0	0	160	0	88	48	48	96	16	200	96	160	88	184	200	144	88
83	0	0	0	0	0	128	8	176	80	56	104	200	112	24	120	112	112	48	184	96
84	0	0	0	0	0	64	0	32	128	136	192	152	0	112	120	200	128	128	184	128
85	0	0	0	0	0	144	24	200	56	200	64	40	128	176	56	144	16	176	88	152
86	0	0	0	0	0	200	0	24	0	72	96	16	136	104	112	64	88	200	200	40
87	0	0	0	0	0	192	112	120	56	0	8	184	72	32	160	176	128	136	144	16
88	0	0	0	0	0	136	160	0	120	56	64	184	56	72	88	32	56	200	16	192
89	0	0	0	0	0	0	112	48	96	152	88	72	40	80	128	0	24	80	184	112
90	0	0	0	0	0	72	0	72	112	120	128	168	64	88	72	136	0	104	16	112
91	0	0	0	0	0	120	176	184	48	0	96	0	200	192	104	72	32	16	24	96
92	0	0	0	0	0	32	8	120	120	24	200	168	48	0	200	128	184	32	64	8
93	0	0	0	0	0	176	200	88	104	200	24	176	96	112	144	80	112	0	72	80
94	0	0	0	0	0	32	120	160	200	128	104	112	144	200	176	128	80	160	48	48
95	0	0	0	0	0	192	152	120	80	80	64	24	144	40	0	144	0	200	152	200
96	0	0	0	0	0	176	144	192	144	160	0	0	16	0	144	104	64	144	0	160
97	0	0	0	0	0	40	104	64	80	200	16	176	96	80	168	72	176	48	184	32
98	0	0	0	0	0	88	136	72	128	136	48	176	200	152	24	104	88	192	40	72
99	0	0	0	0	0	56	8	200	0	120	192	152	144	184	8	112	48	184	8	96
100	0	0	0	0	0	56	184	72	64	0	8	88	96	200	192	0	160	0	136	200
101	0	0	0	0	0	88	0	80	0	88	32	112	64	176	112	112	112	24	176	88
102	0	0	0	0	0	0	184	128	72	8	0	56	0	128	24	200	24	104	144	104
103	0	0	0	0	0	56	104	0	40	64	112	168	144	112	112	32	128	0	184	128
104	0	0	0	0	0	72	0	144	136	88	152	0	112	40	160	120	104	48	200	40
105	0	0	0	0	0	0	136	128	0	160	88	48	64	80	40	152	64	88	160	32
106	0	0	0	0	0	64	200	128	128	80	176	128	104	64	144	80	40	64	120	144
107	0	0	0	0	0	136	160	136	80	0	200	96	192	192	160	32	0	184	112	72
108	0	0	0	0	0	192	104	16	72	56	160	176	8	32	64	112	160	152	120	168
109	0	0	0	0	0	144	24	56	176	56	80	0	88	112	0	40	200	40	200	0
110	0	0	0	0	0	192	8	200	104	136	0	32	0	48	104	96	152	80	176	80
111	0	0	0	0	0	48	0	48	200	96	112	200	32	80	0	56	16	24	40	192
112	0	0	0	0	0	136	64	176	120	200	200	104	0	200	96	96	152	88	80	104
113	0	0	0	0	0	120	40	72	184	128	144	112	88	80	200	112	200	56	24	176
114	0	0	0	0	0	120	160	56	96	136	168	0	48	184	104	96	104	200	152	200
115	0	0	0	0	0	160	16	120	152	48	8	152	200	0	136	0	128	16	200	16
116	0	0	0	0	0	56	104	120	152	184	32	72	152	40	128	128	0	120	80	128
117	0	0	0	0	0	72	48	200	168	80	192	152	0	152	0	120	72	64	72	32
118	0	0	0	0	0	0	0	184	72	56	176	152	184	168	56	64	200	0	120	152
119	0	0	0	0	0	80	80	120	88	96	16	72	176	112	184	0	88	72	152	160
120	0	0	0	0	0	192	0	80	200	144	128	48	104	160	0	152	16	152	160	200
(1,12676)	(2,111)	(3,0)	(4,0)	
(1,2350)	(2,14)	(3,0)	(4,3)	
(1,2415)	(2,38)	(3,0)	(4,0)	
(1,2507)	(2,5)	(3,0)	(4,0)	
(1,2434)	(2,18)	(3,0)	(4,0)	
(1,2549)	(2,27)	(3,0)	(4,0)	
(1,1)	(2,0)	(3,0)	(4,0)	
(1,1)	(2,0)	(3,0)	(4,0)	
(1,1)	(2,0)	(3,0)	(4,0)	
(1,1)	(2,0)	(3,0)	(4,0)	
(1,1)	(2,0)	(3,0)	(4,0)	
(1,1)	(2,0)	(3,0)	(4,0)	
(1,1)	(2,0)	(3,0)	(4,0)	
(1,1)	(2,0)	(3,0)	(4,0)	
(1,1)	(2,0)	(3,0)	(4,0)	
(1,1)	(2,0)	(3,0)	(4,0)	
(1,1)	(2,0)	(3,0)	(4,0)	
(1,1)	(2,0)	(3,0)	(4,0)	
(1,1)	(2,0)	(3,0)	(4,0)	
(1,1)	(2,0)	(3,0)	(4,0)	
(1,1)	(2,0)	(3,0)	(4,0)	
avg	0	0	0	0	0	104.933	77.8667	104.667	97.6	97.8667	103.467	99.7333	98.9333	105.867	104	98.9333	95.6	90.8	113.733	110.4
delay	0.240506	0.242424	0.24359	0.25974	0.324675	1.21474	2.96233	2.24713	1.14754	1.21798	1.09794	1.08021	1.07278	1.09572	1.11795	1.12129	1.11855	1.08811	1.1102	1.1087
loss	0	0	0	0	0	0.0113065	0.00680272	0.00758534	0.024	0.0239362	0.0164766	0.00927152	0.0106667	0.016109	0.00889454	0.011984	0.0137552	0.00728863	0.0104408	0.00719424
Command ['/home/ubuntu/ns-3.30-obss/build/scratch/simple-ofdma-adhoc4', '--ofdmaEnabled=true', '--startTime=60', '--totalTime=120', '--dataMode=HeMcs5', '--datarate=2e5', '--ratio=0.375', '--RngRun=18', '--locationFile=my-simulations/8_ofdma7/txt/locationFile53.txt', '--routingFile=my-simulations/8_ofdma7/txt/routingFile53.txt'] terminated with signal SIGSEGV. Run it under a debugger to get more information (./waf --run <program> --command-template="gdb --args %s <args>").
