Waf: Entering directory `/home/ubuntu/ns-3.30-obss/build'
Waf: Leaving directory `/home/ubuntu/ns-3.30-obss/build'
Build commands will be stored in build/compile_commands.json
'build' finished successfully (0.671s)
--------------------------Rate[Kbps]--------------------------
Time[s]	cl-1	cl-2	cl-3	cl-4	cl-5	cl-6	cl-7	cl-8	cl-9	cl-10	cl-11	cl-12	cl-13	cl-14	cl-15	cl-16	cl-17	cl-18	cl-19	cl-20
60	17	10.6	13	15.6	16.4	14	12.8	14.8	13.6	14	12.2	14.2	16	15	13.2	13.8	16.8	15.2	13.6	12.8
61	0	0	0	0	0	272	144	272	96	0	328	0	152	304	0	592	192	120	80	72
62	0	0	0	0	0	200	256	0	0	352	344	24	16	128	304	48	224	304	280	224
63	0	0	0	0	0	64	224	168	8	144	488	112	456	192	296	432	104	56	360	0
64	0	0	0	0	0	160	176	0	512	352	200	32	208	360	88	304	192	96	32	136
65	0	0	0	0	0	232	224	176	112	248	64	32	392	0	416	0	64	224	448	144
66	0	0	0	0	0	216	256	32	128	0	152	232	40	328	96	312	280	136	416	192
67	0	0	0	0	0	96	112	216	0	176	320	328	240	192	320	288	152	184	168	112
68	0	0	0	0	0	0	184	184	264	8	328	232	440	168	24	392	352	0	320	208
69	0	0	0	0	0	0	112	288	328	360	48	56	416	0	32	248	200	24	72	608
70	0	0	0	0	0	0	24	24	128	360	96	320	208	296	392	448	144	488	264	400
71	0	0	0	0	0	152	56	0	472	168	48	72	168	136	320	424	240	448	216	16
72	0	0	0	0	0	32	376	8	296	0	0	376	112	120	48	24	392	512	472	288
73	0	0	0	0	0	312	152	232	0	72	200	376	96	312	112	24	208	0	288	96
74	0	0	0	8	0	232	240	72	64	72	368	48	208	104	480	160	0	232	0	480
75	0	0	0	0	0	176	104	40	0	64	280	192	480	120	504	0	104	336	24	392
76	0	8	0	0	0	120	176	48	0	224	0	24	152	536	344	224	128	320	496	360
77	0	0	0	0	0	200	80	16	96	168	128	288	320	304	408	328	344	168	112	312
78	8	0	0	0	0	24	240	0	176	384	312	168	336	0	392	304	248	216	200	416
79	0	0	0	0	0	96	184	64	80	80	240	40	336	136	136	328	312	24	336	360
80	0	0	0	0	0	192	8	56	376	272	400	408	32	376	96	192	56	320	248	112
81	0	0	0	0	0	64	176	48	176	0	136	472	72	424	8	8	120	488	424	544
82	0	0	0	0	0	80	160	152	272	240	0	264	296	272	160	32	96	160	168	184
83	0	0	0	0	0	168	0	200	352	416	48	496	224	304	416	328	72	24	96	88
84	0	0	0	0	0	176	184	0	80	416	8	184	504	232	384	72	432	64	0	8
85	0	0	0	0	0	72	160	152	576	24	24	152	320	0	16	120	464	368	32	568
86	0	0	0	0	0	256	0	24	344	296	0	416	200	400	336	0	0	136	24	440
87	0	0	0	0	0	24	64	200	0	312	336	32	112	264	472	336	24	432	392	128
88	0	0	0	0	0	0	200	168	160	96	400	208	296	288	384	304	224	256	288	56
89	0	0	0	0	0	104	232	144	224	0	320	272	240	248	384	192	80	88	312	96
90	0	0	0	0	0	80	256	16	312	320	320	160	144	168	152	144	256	304	64	248
91	0	0	0	0	0	296	72	144	304	160	0	48	352	8	520	104	160	48	296	80
92	0	0	0	0	0	168	152	400	104	144	24	192	352	360	144	504	208	88	0	32
93	0	0	0	0	0	232	48	8	336	520	376	32	0	376	8	0	464	0	224	144
94	8	0	0	8	0	280	168	64	160	48	0	24	440	240	344	96	440	144	600	0
95	0	0	8	0	0	104	104	128	104	144	128	0	240	360	416	192	376	280	288	280
96	0	0	0	0	8	56	0	184	424	360	240	96	200	360	128	472	216	136	384	96
97	0	0	0	0	0	56	88	280	232	184	352	32	320	392	56	176	136	32	472	128
98	0	0	0	0	0	168	248	160	160	48	192	56	152	96	112	320	104	312	280	136
99	0	0	0	0	0	184	136	0	128	320	400	32	320	208	400	0	72	256	80	520
100	0	0	0	0	0	0	0	8	632	48	248	0	0	328	272	384	80	496	600	600
101	0	0	0	0	0	200	216	152	304	104	192	80	248	408	48	216	120	0	144	320
102	0	0	0	0	0	256	0	112	256	328	0	208	392	168	352	280	8	192	80	256
103	0	0	0	0	0	64	256	112	120	376	136	96	240	56	312	424	288	0	0	168
104	0	0	0	0	0	120	192	176	264	360	272	232	112	64	152	312	232	240	368	0
105	0	0	0	0	0	168	80	176	368	216	392	432	24	24	64	336	96	32	280	288
106	0	0	0	0	0	32	0	304	328	288	184	24	272	0	528	104	96	272	192	400
107	0	0	0	0	0	88	160	136	464	128	208	184	0	168	280	0	312	248	288	384
108	0	0	0	0	0	24	352	112	184	16	216	72	272	144	24	200	320	496	0	0
109	8	8	0	8	0	32	168	32	368	0	152	80	80	472	384	384	480	96	176	264
110	0	0	8	0	0	48	0	24	64	248	280	248	208	440	392	112	0	536	616	184
111	0	0	0	0	0	144	232	96	176	256	288	0	368	176	264	144	224	136	192	320
112	0	0	0	0	8	184	200	200	408	112	208	368	112	16	64	344	192	104	96	160
113	0	0	0	0	0	264	16	144	424	0	64	368	0	32	200	360	256	144	272	216
114	0	0	0	0	0	104	176	136	144	184	320	0	144	184	336	80	368	96	256	376
115	0	0	0	0	0	112	192	176	160	208	368	536	128	168	168	176	184	256	128	0
116	0	0	0	0	0	0	224	16	352	120	24	464	232	0	224	48	512	72	440	264
117	0	0	0	0	0	168	0	264	368	392	0	208	0	200	248	48	248	64	248	360
118	0	0	0	0	0	192	232	136	192	80	376	408	272	296	256	96	136	200	40	0
119	0	0	0	0	0	176	104	48	304	128	408	208	80	88	288	432	344	0	128	200
120	0	0	0	0	0	0	96	264	0	208	0	200	464	184	352	136	464	192	208	320
(1,1545)	(2,45)	(3,0)	(4,9749)	
(1,2467)	(2,1504)	(3,0)	(4,149)	
(1,2582)	(2,1890)	(3,0)	(4,403)	
(1,2459)	(2,2243)	(3,0)	(4,463)	
(1,2467)	(2,2179)	(3,0)	(4,485)	
(1,1605)	(2,1136)	(3,0)	(4,165)	
(1,1)	(2,0)	(3,0)	(4,0)	
(1,1)	(2,0)	(3,0)	(4,0)	
(1,1)	(2,0)	(3,0)	(4,0)	
(1,1)	(2,0)	(3,0)	(4,0)	
(1,1)	(2,0)	(3,0)	(4,0)	
(1,1)	(2,0)	(3,0)	(4,0)	
(1,1)	(2,0)	(3,0)	(4,0)	
(1,1)	(2,0)	(3,0)	(4,0)	
(1,1)	(2,0)	(3,0)	(4,0)	
(1,1)	(2,0)	(3,0)	(4,0)	
(1,1)	(2,0)	(3,0)	(4,0)	
(1,1)	(2,0)	(3,0)	(4,0)	
(1,1)	(2,0)	(3,0)	(4,0)	
(1,1)	(2,0)	(3,0)	(4,0)	
(1,1)	(2,0)	(3,0)	(4,0)	
avg	0.4	0.266667	0.266667	0.4	0.266667	128.667	144.533	119.867	224.4	189.2	199.733	182.4	220.667	212.133	247.6	218.133	214	194.933	233.467	229.733
delay	469	501.5	501	492.667	506.5	494.053	500.378	493.514	501.914	492.555	499.356	507.576	500.357	495.477	500.481	483.812	494.611	487.291	494.43	488.812
loss	0	0.333333	0.333333	0	0.333333	0.705523	0.671416	0.687956	0.512032	0.52535	0.523537	0.506815	0.524369	0.517836	0.497708	0.513337	0.534104	0.526554	0.500711	0.528626
Command ['/home/ubuntu/ns-3.30-obss/build/scratch/simple-ofdma-adhoc4', '--ofdmaEnabled=true', '--startTime=60', '--totalTime=120', '--dataMode=HeMcs1', '--datarate=10e5', '--clNum=20', '--ratio=0.375', '--RngRun=21'] terminated with signal SIGSEGV. Run it under a debugger to get more information (./waf --run <program> --command-template="gdb --args %s <args>").
