Waf: Entering directory `/home/ubuntu/ns-3.30-obss/build'
Waf: Leaving directory `/home/ubuntu/ns-3.30-obss/build'
Build commands will be stored in build/compile_commands.json
'build' finished successfully (0.647s)
--------------------------Rate[Kbps]--------------------------
Time[s]	cl-1	cl-2	cl-3	cl-4	cl-5	cl-6	cl-7	cl-8	cl-9	cl-10	cl-11	cl-12	cl-13	cl-14	cl-15	cl-16	cl-17	cl-18	cl-19	cl-20
60	17	10.6	13	15.6	16.6	14.2	12.8	14.8	13.6	14	12.2	14.2	16	15.2	13.2	13.8	16.8	15.4	13.6	13
61	0	0	0	0	0	376	248	296	104	0	344	0	136	224	0	464	160	48	0	88
62	0	0	0	0	0	376	312	64	16	352	512	16	296	400	264	304	520	488	472	376
63	0	0	0	0	0	176	216	192	208	216	384	144	288	344	280	448	24	0	208	0
64	0	0	0	0	0	552	472	296	520	432	144	0	528	104	280	0	304	240	184	360
65	0	0	0	0	0	520	376	48	0	184	0	240	288	200	320	144	392	320	696	272
66	0	0	0	0	0	328	448	336	208	176	472	496	128	528	488	640	280	120	176	72
67	0	0	0	0	0	0	272	128	152	120	528	624	640	248	352	400	384	288	536	376
68	0	0	0	0	0	0	520	280	608	160	376	0	464	176	24	536	544	24	392	328
69	0	0	0	0	0	16	0	456	200	480	24	224	304	0	88	296	0	136	0	688
70	0	0	0	0	0	272	320	0	488	504	104	256	368	480	440	664	472	656	392	240
71	0	0	0	0	0	120	264	0	696	40	40	192	216	0	440	400	504	624	608	168
72	0	0	0	0	0	368	696	272	32	0	16	672	104	472	0	32	672	184	600	472
73	0	0	0	8	0	672	552	368	8	248	576	360	0	256	464	88	88	0	160	504
74	0	0	0	0	0	312	192	24	64	0	432	320	560	0	624	160	128	456	32	696
75	0	8	0	0	0	264	360	256	8	232	184	0	536	424	600	0	80	496	336	512
76	0	0	8	0	0	320	152	0	0	288	0	280	280	616	432	616	344	248	320	400
77	0	0	0	0	0	272	272	0	480	544	552	472	424	0	360	440	608	112	576	544
78	8	0	0	0	0	0	456	184	0	472	360	0	696	72	544	360	360	312	136	600
79	0	0	0	0	0	176	160	0	88	0	296	128	200	216	0	288	288	24	248	256
80	0	0	0	0	0	312	16	248	552	328	568	584	0	728	136	232	240	664	696	384
81	0	0	0	0	0	192	552	256	136	56	0	600	416	280	0	0	152	376	512	512
82	0	0	0	0	0	400	88	528	688	496	104	336	616	480	544	208	0	272	208	176
83	0	0	0	0	0	392	104	120	160	576	0	592	408	480	472	424	376	120	0	0
84	0	0	0	0	0	208	472	32	472	432	112	232	616	32	424	184	624	96	40	320
85	0	0	0	0	0	400	112	296	696	8	0	336	176	216	48	0	232	528	0	528
86	0	0	0	0	0	200	144	432	96	664	288	360	160	552	648	240	0	360	344	488
87	0	0	0	0	0	32	192	232	0	192	608	160	480	600	528	600	288	632	560	0
88	0	0	0	0	0	176	552	464	520	136	648	584	632	384	584	104	200	256	512	112
89	0	0	0	0	0	32	128	48	104	8	504	424	112	240	408	504	24	232	192	472
90	0	0	0	0	0	408	208	152	552	248	160	96	248	152	336	8	352	280	328	192
91	0	0	0	0	0	432	168	496	288	304	24	320	648	232	472	392	200	104	144	16
92	0	0	0	0	0	624	336	448	400	416	360	80	128	656	0	344	432	32	184	416
93	8	0	0	0	0	560	184	16	304	336	144	0	224	192	192	0	696	112	504	72
94	0	8	8	8	0	280	328	64	264	0	0	56	576	640	528	264	416	328	672	168
95	0	0	0	0	8	192	112	504	496	480	600	184	0	344	552	528	592	136	304	480
96	0	0	0	0	0	0	0	416	392	536	256	8	632	640	0	584	72	200	504	200
97	0	0	0	0	0	392	400	616	352	128	488	96	32	136	192	232	432	312	568	0
98	0	0	0	0	0	568	464	120	104	64	432	40	424	512	392	248	184	560	240	528
99	0	0	0	0	0	192	56	40	416	304	272	0	280	88	320	144	16	416	280	608
100	0	0	0	0	0	136	304	176	648	192	296	96	72	672	312	680	368	272	384	624
101	0	0	0	0	0	624	184	648	248	312	264	16	688	528	440	392	0	32	240	448
102	0	0	0	0	0	440	224	48	632	576	0	416	576	0	528	344	352	272	72	704
103	0	0	0	0	0	328	560	328	192	520	464	96	328	144	312	560	384	192	144	120
104	0	0	0	0	0	336	8	432	616	544	288	672	0	0	0	528	536	280	592	112
105	0	0	0	0	0	184	88	240	488	296	600	344	384	48	432	504	16	400	32	416
106	0	0	0	0	0	88	160	544	408	152	72	32	112	168	416	0	352	32	400	584
107	0	0	0	0	0	24	8	32	496	160	536	392	176	0	200	64	256	560	136	320
108	8	8	0	0	0	128	512	232	320	16	48	0	120	408	304	360	344	440	0	80
109	0	0	8	8	0	0	0	48	128	168	440	432	224	528	696	424	424	248	632	472
110	0	0	0	0	0	328	312	160	344	504	248	0	480	384	472	24	248	464	424	480
111	0	0	0	0	0	136	592	312	288	344	296	176	512	152	600	552	520	240	368	488
112	0	0	0	0	0	200	8	136	392	120	216	376	0	40	40	344	176	112	0	88
113	0	0	0	0	0	248	336	272	456	24	368	152	80	104	528	400	400	16	576	488
114	0	0	0	0	0	456	280	536	64	264	608	216	584	488	232	320	432	480	24	208
115	0	0	0	0	0	0	416	24	288	224	160	632	184	0	192	0	472	192	432	0
116	0	0	0	0	0	96	288	56	576	472	0	368	88	160	352	96	624	0	176	616
117	0	0	0	0	0	464	216	1048	440	120	248	600	176	600	568	8	264	400	280	248
118	0	0	0	0	0	456	176	96	488	288	656	584	432	512	208	456	272	144	0	0
119	0	0	0	0	0	64	376	472	40	320	216	344	280	24	648	312	672	224	208	672
120	0	0	0	0	0	160	256	312	8	424	0	568	656	584	344	600	568	16	656	352
(1,24663)	(2,5508)	(3,0)	(4,1056)	
(1,6148)	(2,411)	(3,0)	(4,137)	
(1,7714)	(2,747)	(3,0)	(4,47)	
(1,8695)	(2,882)	(3,0)	(4,22)	
(1,7879)	(2,1028)	(3,0)	(4,76)	
(1,5481)	(2,444)	(3,0)	(4,98)	
(1,1)	(2,0)	(3,0)	(4,0)	
(1,1)	(2,0)	(3,0)	(4,0)	
(1,1)	(2,0)	(3,0)	(4,0)	
(1,1)	(2,0)	(3,0)	(4,0)	
(1,1)	(2,0)	(3,0)	(4,0)	
(1,1)	(2,0)	(3,0)	(4,0)	
(1,1)	(2,0)	(3,0)	(4,0)	
(1,1)	(2,0)	(3,0)	(4,0)	
(1,1)	(2,0)	(3,0)	(4,0)	
(1,1)	(2,0)	(3,0)	(4,0)	
(1,1)	(2,0)	(3,0)	(4,0)	
(1,1)	(2,0)	(3,0)	(4,0)	
(1,1)	(2,0)	(3,0)	(4,0)	
(1,1)	(2,0)	(3,0)	(4,0)	
(1,1)	(2,0)	(3,0)	(4,0)	
avg	0.4	0.4	0.4	0.4	0.133333	266.8	270.133	248	307.2	270	282.267	267.067	323.6	298.133	343.333	308.133	322.667	263.467	310.667	335.733
delay	1	1.66667	1	0.666667	4	34.9655	36.156	52.8903	17.6558	15.9832	24.4629	20.0544	12.4588	16.6006	8.65243	17.7598	11.7459	25.5369	13.2489	9.35941
loss	0	0	0	0	0.5	0.183265	0.196669	0.179532	0.10559	0.106355	0.0991489	0.0824553	0.0768061	0.107029	0.0881728	0.0937255	0.100706	0.125664	0.110347	0.0860254
Command ['/home/ubuntu/ns-3.30-obss/build/scratch/simple-ofdma-adhoc4', '--ofdmaEnabled=true', '--startTime=60', '--totalTime=120', '--dataMode=HeMcs5', '--datarate=7e5', '--clNum=20', '--ratio=0.375', '--RngRun=21'] terminated with signal SIGSEGV. Run it under a debugger to get more information (./waf --run <program> --command-template="gdb --args %s <args>").
