Waf: Entering directory `/home/ubuntu/ns-3.30-obss/build'
Waf: Leaving directory `/home/ubuntu/ns-3.30-obss/build'
Build commands will be stored in build/compile_commands.json
'build' finished successfully (0.706s)
--------------------------Rate[Kbps]--------------------------
Time[s]	cl-1	cl-2	cl-3	cl-4	cl-5	cl-6	cl-7	cl-8	cl-9	cl-10	cl-11	cl-12	cl-13	cl-14	cl-15	cl-16	cl-17	cl-18	cl-19	cl-20
60	17	10.6	13	15.6	16.6	14	12.8	14.6	13.6	14	12.2	14	15.8	14.8	12.8	13.8	16.8	15.2	13.6	13
61	0	0	0	0	0	120	0	192	0	0	160	0	152	312	0	624	216	0	0	0
62	0	0	0	0	0	240	200	64	96	96	312	0	16	24	88	40	80	120	96	152
63	0	0	0	0	0	96	104	40	8	136	200	112	192	264	184	120	56	64	120	40
64	0	0	0	0	0	112	40	0	336	168	96	24	176	288	24	80	88	0	64	24
65	0	0	0	0	0	80	88	136	32	208	96	0	328	0	248	0	16	208	192	96
66	0	0	0	0	0	112	144	0	72	0	136	136	16	232	40	208	112	96	160	96
67	0	0	0	0	0	64	88	56	0	96	168	144	40	136	176	144	104	184	128	88
68	0	0	0	0	0	0	112	56	112	0	160	120	232	120	0	184	296	48	328	136
69	0	0	0	0	0	0	104	184	280	104	48	0	168	0	24	144	120	8	16	400
70	0	0	0	0	0	0	0	48	40	320	32	312	152	40	104	216	56	184	160	272
71	0	0	0	0	0	80	64	0	264	128	64	40	120	72	168	312	192	208	128	8
72	0	0	0	0	0	24	176	0	168	0	0	216	72	64	16	32	240	280	288	136
73	0	0	0	0	0	200	224	64	0	64	72	256	40	144	24	0	56	0	216	96
74	0	0	0	0	0	192	176	32	0	64	232	32	96	72	344	80	0	112	0	264
75	0	0	0	0	0	128	48	40	0	64	208	128	328	56	304	0	88	168	16	208
76	0	8	8	0	0	104	64	80	0	120	0	32	56	248	288	128	96	176	184	248
77	0	0	0	0	0	64	32	32	48	104	32	152	232	128	328	320	96	40	72	80
78	0	0	0	0	0	24	80	0	120	264	208	152	208	0	128	168	200	112	96	248
79	0	0	0	0	0	72	152	24	8	88	184	16	232	144	112	176	248	48	128	216
80	0	0	0	0	0	136	48	104	160	184	160	208	0	184	40	56	48	176	144	48
81	0	0	0	0	0	32	96	32	128	0	80	280	32	232	8	16	40	176	256	328
82	0	0	0	0	0	88	112	136	96	144	0	128	256	168	128	16	80	104	120	120
83	0	0	0	0	0	104	0	184	208	144	32	232	96	200	152	208	24	0	56	64
84	0	0	0	0	0	112	152	0	32	264	0	152	264	208	320	72	256	32	0	0
85	0	0	0	0	0	24	96	104	304	64	8	96	112	0	32	96	312	152	24	360
86	0	0	0	0	0	112	8	24	240	136	0	232	168	312	144	0	0	112	24	240
87	0	0	0	0	0	48	32	168	0	216	224	32	80	176	192	128	8	208	200	64
88	0	0	0	0	0	0	56	72	64	80	264	96	256	152	232	160	112	88	200	40
89	0	0	0	0	0	80	216	40	160	0	200	120	128	104	160	112	56	136	192	32
90	0	0	0	0	0	48	88	40	144	176	96	144	144	128	40	88	128	152	48	112
91	0	0	0	0	0	192	72	104	232	120	0	32	176	0	224	56	104	24	224	16
92	0	0	0	0	0	80	40	160	128	72	24	80	296	224	184	232	88	16	0	48
93	0	0	0	0	0	176	56	32	192	312	208	64	0	176	8	16	224	0	136	152
94	0	0	0	0	0	208	96	32	96	16	0	24	224	112	184	16	304	88	368	0
95	0	0	0	0	0	112	80	56	56	56	96	0	184	152	192	144	184	160	192	232
96	0	0	0	0	8	24	0	72	224	248	112	64	104	176	192	176	104	72	192	80
97	0	0	0	0	0	24	56	224	120	56	224	8	224	256	40	80	96	24	216	64
98	0	0	0	0	0	128	192	184	152	56	136	24	120	32	104	184	96	112	112	128
99	0	0	0	0	0	96	88	0	32	216	232	32	200	184	304	0	96	144	96	224
100	0	0	0	0	0	0	0	0	400	0	200	0	0	144	136	160	40	392	368	368
101	0	0	0	0	0	104	104	64	80	112	144	0	144	184	48	152	144	0	96	224
102	0	0	0	0	0	128	0	56	120	328	24	88	232	48	136	96	8	96	96	168
103	0	0	0	0	0	80	192	96	160	264	56	32	112	16	168	280	152	8	0	184
104	0	0	0	0	0	40	72	64	312	240	240	112	96	32	104	192	112	192	72	0
105	0	0	0	0	0	32	24	168	160	144	176	328	16	24	40	224	120	56	144	112
106	0	0	0	0	0	48	0	128	152	144	128	32	144	0	280	56	24	152	96	256
107	0	0	0	0	0	112	88	96	184	72	168	104	0	88	136	0	248	128	240	248
108	0	0	0	0	0	72	280	72	80	8	64	24	168	104	0	184	240	312	0	48
109	0	0	0	0	0	32	104	16	200	0	88	40	40	208	288	272	184	96	152	248
110	0	0	8	0	0	56	0	8	16	128	224	176	112	216	280	80	48	288	384	112
111	0	0	0	0	0	16	88	88	96	224	136	0	168	48	144	72	144	112	88	176
112	0	0	0	0	8	200	136	72	224	168	208	200	128	0	56	104	128	32	72	104
113	0	0	0	0	0	104	16	112	144	0	80	168	0	48	144	304	176	104	128	80
114	0	0	0	0	0	48	216	72	136	56	128	0	120	72	184	24	160	72	128	112
115	0	0	0	0	0	80	152	56	144	144	176	384	96	72	80	80	136	200	24	0
116	0	0	0	0	0	0	168	24	200	56	16	312	184	0	32	16	336	40	216	88
117	0	0	0	0	0	104	0	96	224	192	0	184	0	152	144	8	128	32	112	256
118	0	0	0	0	0	112	128	120	152	56	208	176	64	208	128	48	88	96	32	8
119	0	0	0	0	0	72	104	24	192	128	248	168	64	40	128	216	248	0	40	120
120	0	0	0	0	0	0	72	224	0	152	0	184	232	96	192	96	240	88	144	296
(1,1457)	(2,5)	(3,0)	(4,5493)	
(1,1261)	(2,913)	(3,0)	(4,139)	
(1,1283)	(2,1119)	(3,0)	(4,319)	
(1,1244)	(2,1197)	(3,0)	(4,386)	
(1,1261)	(2,1183)	(3,0)	(4,361)	
(1,891)	(2,652)	(3,0)	(4,158)	
(1,1)	(2,0)	(3,0)	(4,0)	
(1,1)	(2,0)	(3,0)	(4,0)	
(1,1)	(2,0)	(3,0)	(4,0)	
(1,1)	(2,0)	(3,0)	(4,0)	
(1,1)	(2,0)	(3,0)	(4,0)	
(1,1)	(2,0)	(3,0)	(4,0)	
(1,1)	(2,0)	(3,0)	(4,0)	
(1,1)	(2,0)	(3,0)	(4,0)	
(1,1)	(2,0)	(3,0)	(4,0)	
(1,1)	(2,0)	(3,0)	(4,0)	
(1,1)	(2,0)	(3,0)	(4,0)	
(1,1)	(2,0)	(3,0)	(4,0)	
(1,1)	(2,0)	(3,0)	(4,0)	
(1,1)	(2,0)	(3,0)	(4,0)	
(1,1)	(2,0)	(3,0)	(4,0)	
avg	0	0.133333	0.266667	0	0.266667	82.9333	90.4	74.5333	128.8	120	120.267	110.533	134	122	138.8	124.933	130.4	108.8	130.4	139.467
delay	0	506	503.5	0	508.5	564.746	574.988	551.068	570.122	562.019	570.307	556.677	556.923	544.196	552.466	530.382	549.579	562.312	555.108	550.146
loss	0	0.666667	0.333333	0	0.333333	0.842492	0.827481	0.838533	0.761305	0.74613	0.754758	0.744635	0.756822	0.769056	0.759669	0.763581	0.75614	0.77607	0.76046	0.757077
Command ['/home/ubuntu/ns-3.30-obss/build/scratch/simple-ofdma-adhoc4', '--ofdmaEnabled=true', '--startTime=60', '--totalTime=120', '--dataMode=HeMcs0', '--datarate=12e5', '--clNum=20', '--ratio=0.375', '--RngRun=21'] terminated with signal SIGSEGV. Run it under a debugger to get more information (./waf --run <program> --command-template="gdb --args %s <args>").
