Waf: Entering directory `/home/ubuntu/ns-3.30-obss/build'
Waf: Leaving directory `/home/ubuntu/ns-3.30-obss/build'
Build commands will be stored in build/compile_commands.json
'build' finished successfully (0.679s)
--------------------------Rate[Kbps]--------------------------
Time[s]	cl-1	cl-2	cl-3	cl-4	cl-5	cl-6	cl-7	cl-8	cl-9	cl-10	cl-11	cl-12	cl-13	cl-14	cl-15	cl-16	cl-17	cl-18	cl-19	cl-20
60	12.2	17	14.6	11.8	15.6	13.2	13.6	11.6	14	12.6	13.2	12	17	15.2	13.4	13.2	14.8	16	15.6	15
61	0	0	0	0	0	0	408	0	0	576	368	544	0	88	264	0	40	64	672	0
62	0	0	0	0	0	256	168	96	352	568	640	520	256	216	592	160	0	384	520	392
63	0	0	0	0	0	560	648	0	536	216	144	280	520	360	400	520	72	0	88	600
64	0	0	0	0	0	536	144	336	536	0	512	168	72	656	192	208	384	144	136	168
65	0	0	0	0	0	544	0	416	568	216	680	632	56	320	560	80	0	344	80	248
66	0	0	0	0	0	376	488	400	584	592	0	336	440	136	264	432	344	16	104	376
67	0	0	0	0	0	600	488	496	592	312	560	144	0	32	184	72	504	416	488	536
68	0	0	0	0	0	56	280	200	344	560	520	304	0	368	600	504	240	472	600	152
69	0	0	0	0	0	160	240	288	776	704	464	88	144	200	32	160	0	0	568	136
70	0	0	0	0	0	432	568	320	504	480	240	64	336	528	8	176	392	248	232	432
71	0	0	0	0	0	312	296	256	288	312	208	560	360	640	664	544	0	8	48	96
72	0	0	0	0	0	264	528	448	576	128	432	640	0	208	64	8	264	440	544	552
73	0	0	0	0	0	368	384	416	104	224	360	304	336	352	88	304	256	400	344	104
74	0	0	0	0	0	408	184	600	432	144	592	272	576	296	56	424	176	224	496	0
75	0	0	0	0	0	456	696	456	536	0	408	264	640	64	584	432	152	0	24	504
76	0	0	0	0	0	416	280	496	472	440	384	256	200	328	40	448	336	192	448	248
77	0	0	0	0	0	608	416	16	160	520	328	408	464	216	248	600	496	344	200	32
78	0	0	0	0	0	552	416	208	16	552	104	680	80	192	184	576	296	128	176	472
79	0	0	0	0	0	624	688	168	552	528	424	360	144	520	80	256	0	96	288	208
80	0	0	0	0	0	216	288	560	544	112	512	168	512	536	168	352	72	544	544	8
81	0	0	0	0	0	328	720	360	448	192	0	424	304	72	24	456	656	48	400	120
82	0	0	0	0	0	232	512	232	472	0	288	752	688	40	480	296	72	384	0	120
83	0	0	0	0	0	0	456	24	360	360	496	272	400	256	0	616	416	312	552	688
84	0	0	0	0	0	728	464	600	296	264	136	488	288	192	184	0	736	216	384	208
85	0	0	0	0	0	192	616	664	352	88	544	104	208	608	48	384	120	584	400	128
86	0	0	0	0	0	232	496	256	344	208	40	312	424	328	328	224	224	256	472	616
87	0	0	0	0	0	136	104	464	288	616	248	512	552	552	144	320	328	400	120	432
88	0	0	0	0	0	496	40	592	776	456	624	512	0	488	176	160	208	40	32	568
89	0	0	0	0	0	296	0	704	272	352	56	504	304	224	184	88	320	240	168	696
90	0	0	0	0	0	376	24	680	104	504	240	448	728	184	376	136	96	352	632	360
91	0	0	0	0	0	256	280	184	0	240	440	336	632	280	352	552	368	568	272	416
92	0	0	0	0	0	320	328	24	552	248	680	0	152	232	656	448	616	384	304	0
93	0	0	0	0	0	240	648	312	504	0	616	168	648	24	408	632	8	0	472	504
94	0	0	0	0	0	288	240	192	632	208	208	72	176	256	352	456	696	176	216	104
95	0	0	0	0	0	368	56	496	448	88	464	496	496	56	488	224	456	96	600	168
96	0	0	0	0	0	736	648	216	120	64	456	88	248	752	128	208	304	40	8	304
97	0	0	0	0	0	8	240	136	0	200	296	0	656	656	504	0	176	296	696	520
98	0	0	0	0	0	16	464	336	16	0	248	704	584	224	192	608	40	688	472	0
99	0	0	0	0	0	496	216	296	160	624	632	376	216	544	64	96	88	432	88	376
100	0	0	0	0	0	184	0	0	0	152	456	32	504	0	664	576	280	648	0	464
101	0	0	0	0	0	96	488	192	344	784	712	272	112	408	0	256	216	0	48	160
102	0	0	0	0	0	784	200	248	536	224	176	744	88	240	96	40	0	168	272	224
103	0	0	0	0	0	24	160	408	56	352	472	448	0	624	400	240	408	600	112	536
104	0	0	0	0	0	368	368	736	560	568	64	192	176	712	176	728	360	184	128	104
105	0	0	0	0	0	224	272	168	168	640	488	616	640	112	80	352	0	432	192	256
106	0	0	0	0	0	536	656	32	208	32	392	320	160	488	552	0	656	624	0	192
107	0	0	0	0	0	464	464	496	0	120	160	80	416	144	616	96	440	272	112	480
108	0	0	0	0	0	336	104	480	128	344	240	344	360	272	392	56	480	472	520	240
109	0	0	0	0	0	40	72	568	96	288	504	536	48	424	624	56	536	240	344	304
110	0	0	0	0	0	200	672	128	440	520	216	0	616	624	584	536	296	128	72	256
111	0	0	0	0	0	472	320	232	512	384	608	176	200	480	96	352	16	112	464	520
112	0	0	0	0	0	64	120	152	344	536	536	320	120	608	520	160	424	568	224	200
113	0	0	0	0	0	16	176	512	472	328	56	728	576	144	304	80	528	72	88	560
114	0	0	0	0	0	608	0	720	240	128	288	616	40	216	552	0	56	376	680	0
115	0	0	0	0	0	360	544	192	72	424	416	368	240	272	416	48	152	432	528	296
116	0	0	0	0	0	464	448	688	696	192	168	0	0	112	0	712	280	280	352	0
117	0	0	0	0	0	0	568	528	440	184	176	128	176	616	416	0	136	568	144	552
118	0	0	0	0	0	440	344	552	392	336	72	352	528	456	464	40	224	368	72	464
119	0	0	0	0	0	288	224	336	712	24	216	16	352	48	544	168	256	544	528	192
120	0	0	0	0	0	600	552	0	0	472	392	488	448	184	568	328	464	248	8	0
(1,17651)	(2,7988)	(3,0)	(4,3206)	
(1,6721)	(2,1030)	(3,0)	(4,8)	
(1,6537)	(2,1132)	(3,0)	(4,14)	
(1,6465)	(2,980)	(3,0)	(4,24)	
(1,6113)	(2,734)	(3,0)	(4,4)	
(1,5562)	(2,1033)	(3,0)	(4,22)	
(1,1)	(2,0)	(3,0)	(4,0)	
(1,1)	(2,0)	(3,0)	(4,0)	
(1,1)	(2,0)	(3,0)	(4,0)	
(1,1)	(2,0)	(3,0)	(4,0)	
(1,1)	(2,0)	(3,0)	(4,0)	
(1,1)	(2,0)	(3,0)	(4,0)	
(1,1)	(2,0)	(3,0)	(4,0)	
(1,1)	(2,0)	(3,0)	(4,0)	
(1,1)	(2,0)	(3,0)	(4,0)	
(1,1)	(2,0)	(3,0)	(4,0)	
(1,1)	(2,0)	(3,0)	(4,0)	
(1,1)	(2,0)	(3,0)	(4,0)	
(1,1)	(2,0)	(3,0)	(4,0)	
(1,1)	(2,0)	(3,0)	(4,0)	
(1,1)	(2,0)	(3,0)	(4,0)	
avg	0	0	0	0	0	334.267	348.533	338.533	350.533	315.467	356.667	338.933	310.667	323.467	307.067	283.067	269.333	288.533	296.267	293.2
delay	0.278689	0.388235	0.246575	0.254237	0.25641	5.34304	4.88676	4.59	9.01788	5.52071	5.45271	5.28324	5.16137	6.01731	7.73383	5.81959	5.86584	6.87893	6.03465	8.99409
loss	0	0	0	0	0	0.191812	0.163252	0.18176	0.187577	0.159204	0.189148	0.185517	0.157324	0.184538	0.17396	0.187835	0.208154	0.179682	0.188755	0.212675
Command ['/home/ubuntu/ns-3.30-obss/build/scratch/simple-ofdma-adhoc4', '--ofdmaEnabled=true', '--startTime=60', '--totalTime=120', '--dataMode=HeMcs3', '--datarate=8e5', '--ratio=0.375', '--RngRun=2', '--locationFile=my-simulations/8_ofdma7/txt/locationFile53.txt', '--routingFile=my-simulations/8_ofdma7/txt/routingFile53.txt'] terminated with signal SIGSEGV. Run it under a debugger to get more information (./waf --run <program> --command-template="gdb --args %s <args>").
