Waf: Entering directory `/home/ubuntu/ns-3.30-obss/build'
Waf: Leaving directory `/home/ubuntu/ns-3.30-obss/build'
Build commands will be stored in build/compile_commands.json
'build' finished successfully (0.857s)
--------------------------Rate[Kbps]--------------------------
Time[s]	cl-1	cl-2	cl-3	cl-4	cl-5	cl-6	cl-7	cl-8	cl-9	cl-10	cl-11	cl-12	cl-13	cl-14	cl-15	cl-16	cl-17	cl-18	cl-19	cl-20
60	12.2	17	14.6	11.6	15.6	13.2	13.6	11.6	14	12.4	13.2	12	17	15	13.4	13.2	14.8	16	15.6	15
61	0	0	0	0	0	0	0	0	0	392	248	392	0	64	200	0	40	56	568	0
62	0	0	0	0	0	0	0	0	400	424	440	520	248	176	456	112	0	328	336	232
63	0	0	0	0	0	0	0	0	472	136	144	256	384	272	336	352	56	0	96	472
64	0	0	0	0	0	0	0	0	392	0	392	120	72	512	128	168	296	112	112	136
65	0	0	0	0	0	0	0	0	416	112	512	480	16	192	320	48	0	224	56	192
66	0	0	0	0	0	0	0	0	584	448	0	336	456	112	248	368	344	0	104	400
67	0	0	0	0	0	0	0	0	552	280	568	152	0	40	192	48	456	424	504	512
68	0	0	0	0	0	0	0	0	264	408	408	224	0	280	512	320	224	360	456	112
69	0	0	0	0	0	0	0	0	536	472	280	88	136	128	16	80	0	0	360	104
70	0	0	0	0	0	0	0	0	376	352	304	80	320	488	56	168	392	256	312	312
71	0	0	0	0	0	0	0	0	224	256	176	504	296	552	528	456	0	0	64	56
72	0	0	0	0	0	0	0	0	432	96	352	432	0	200	56	8	200	408	360	512
73	0	0	0	0	0	0	0	0	160	392	448	368	288	456	88	376	384	496	408	128
74	0	0	0	0	0	0	0	0	352	112	464	240	400	240	64	344	168	200	352	0
75	0	0	0	0	0	0	0	0	544	0	280	184	496	72	560	320	112	0	16	440
76	0	0	0	0	0	0	0	0	432	408	320	232	184	352	56	408	288	184	592	208
77	0	0	0	0	0	0	0	0	80	40	176	152	16	72	104	304	192	320	240	0
78	0	0	0	0	0	0	0	0	32	464	176	512	168	160	192	288	304	96	128	288
79	0	0	0	0	0	0	0	0	416	440	320	304	112	336	96	232	0	56	240	176
80	0	0	0	0	0	0	0	0	384	56	384	192	288	320	128	248	48	408	288	16
81	0	0	0	0	0	0	0	0	368	192	0	400	280	80	16	416	600	56	376	112
82	0	0	0	0	0	0	0	0	440	0	240	600	504	24	368	208	56	312	0	88
83	0	0	0	0	0	0	0	0	216	216	512	184	272	144	0	488	368	240	480	480
84	0	0	0	0	0	0	0	0	296	192	136	432	232	168	152	8	520	184	328	152
85	0	0	0	0	0	0	0	0	264	96	464	176	160	528	48	368	168	520	440	112
86	0	0	0	0	0	0	0	0	304	200	24	200	352	264	208	152	216	296	448	488
87	0	0	0	0	0	0	0	0	336	352	192	400	312	512	80	160	280	408	104	296
88	0	0	0	0	0	0	0	0	568	336	504	408	0	400	152	136	184	24	24	520
89	0	0	0	0	0	0	0	0	224	256	56	408	152	176	128	104	248	200	120	536
90	0	0	0	0	0	0	0	0	64	416	200	368	544	136	352	96	72	272	496	328
91	0	0	0	0	0	0	0	0	0	208	464	360	480	248	352	504	416	552	248	448
92	0	0	0	0	0	0	0	0	496	192	552	0	120	208	520	352	576	328	232	0
93	0	0	0	0	0	0	0	0	344	0	400	200	352	24	184	488	0	0	424	328
94	0	0	0	0	0	0	0	0	488	136	184	48	120	224	256	376	544	136	160	96
95	0	0	0	0	0	0	0	0	496	80	504	512	456	40	528	216	456	96	560	160
96	0	0	0	0	0	0	0	0	104	48	368	64	200	568	96	160	248	32	8	224
97	0	0	0	0	0	0	0	0	0	144	256	0	488	472	360	0	128	232	560	432
98	0	0	0	0	0	0	0	0	16	0	192	544	480	192	144	440	32	504	392	0
99	0	0	0	0	0	0	0	0	120	392	464	280	128	392	40	72	72	272	72	296
100	0	0	0	0	0	0	0	0	0	88	304	24	424	8	464	400	152	496	0	312
101	0	0	0	0	0	0	0	0	224	520	512	168	80	312	0	144	184	0	40	128
102	0	0	0	0	0	0	0	0	376	168	144	576	40	192	80	32	0	152	216	144
103	0	0	0	0	0	0	0	0	80	304	440	456	0	448	272	200	400	544	112	320
104	0	0	0	0	0	0	0	0	344	368	48	112	152	456	128	560	336	168	80	56
105	0	0	0	0	0	0	0	0	240	496	440	536	552	136	88	336	0	368	144	256
106	0	0	0	0	0	0	0	0	256	32	240	312	88	376	464	0	504	464	0	128
107	0	0	0	0	0	0	0	0	0	56	128	72	344	136	456	72	360	184	96	320
108	0	0	0	0	0	0	0	0	120	320	240	328	256	328	328	40	384	392	464	176
109	0	0	0	0	0	0	0	0	112	192	424	480	48	416	536	48	472	256	272	288
110	0	0	0	0	0	0	0	0	328	448	176	0	584	448	432	432	280	136	32	272
111	0	0	0	0	0	0	0	0	368	416	528	216	248	448	144	400	16	88	512	520
112	0	0	0	0	0	0	0	0	320	352	456	368	88	552	312	112	392	480	184	176
113	0	0	0	0	0	0	0	0	368	216	64	584	456	136	328	120	384	40	56	480
114	0	0	0	0	0	0	0	0	160	96	264	472	32	168	440	0	40	328	528	0
115	0	0	0	0	0	0	0	0	56	336	424	376	272	312	368	24	184	392	368	312
116	0	0	0	0	0	0	0	0	584	168	136	0	0	88	0	576	224	200	280	0
117	0	0	0	0	0	0	0	0	328	128	120	96	128	496	304	0	88	432	128	416
118	0	0	0	0	0	0	0	0	320	272	48	304	360	328	384	32	160	328	40	376
119	0	0	0	0	0	0	0	0	528	24	160	16	304	40	440	128	168	456	352	96
120	0	0	0	0	0	0	0	0	0	344	312	424	384	160	488	160	320	184	16	0
(1,21636)	(2,2921)	(3,0)	(4,132)	
(1,11108)	(2,1280)	(3,0)	(4,78)	
(1,10275)	(2,1098)	(3,0)	(4,10)	
(1,4066)	(2,110)	(3,0)	(4,7)	
(1,4373)	(2,177)	(3,0)	(4,1)	
(1,3840)	(2,137)	(3,0)	(4,11)	
(1,3545)	(2,109)	(3,0)	(4,22)	
(1,3618)	(2,141)	(3,0)	(4,0)	
(1,3774)	(2,106)	(3,0)	(4,4)	
(1,1)	(2,0)	(3,0)	(4,0)	
(1,1)	(2,0)	(3,0)	(4,0)	
(1,1)	(2,0)	(3,0)	(4,0)	
(1,1)	(2,0)	(3,0)	(4,0)	
(1,1)	(2,0)	(3,0)	(4,0)	
(1,1)	(2,0)	(3,0)	(4,0)	
(1,1)	(2,0)	(3,0)	(4,0)	
(1,1)	(2,0)	(3,0)	(4,0)	
(1,1)	(2,0)	(3,0)	(4,0)	
(1,1)	(2,0)	(3,0)	(4,0)	
(1,1)	(2,0)	(3,0)	(4,0)	
(1,1)	(2,0)	(3,0)	(4,0)	
avg	0	0	0	0	0	0	0	0	288.4	234.8	295.2	287.867	239.2	263.467	246.267	220.133	228.933	244.667	249.733	236.133
delay	0.262295	0.270588	0.69863	0.706897	0.679487	0.893939	0.852941	0.672414	5.30837	9.09483	6.50678	5.38119	9.69175	7.0496	22.8592	8.77832	4.6028	2.4485	2.3716	3.40203
loss	0	0	0	0.0169492	0	0.0149254	0	0	0.113525	0.168555	0.118981	0.0996664	0.146933	0.13181	0.130824	0.164051	0.10666	0.0870647	0.0951691	0.167763
Command ['/home/ubuntu/ns-3.30-obss/build/scratch/simple-ofdma-adhoc4', '--ofdmaEnabled=true', '--startTime=60', '--totalTime=120', '--dataMode=HeMcs7', '--datarate=6e5', '--ratio=0.375', '--RngRun=2', '--locationFile=my-simulations/8_ofdma7/txt/locationFile232.txt', '--routingFile=my-simulations/8_ofdma7/txt/routingFile232.txt'] terminated with signal SIGSEGV. Run it under a debugger to get more information (./waf --run <program> --command-template="gdb --args %s <args>").
