Waf: Entering directory `/home/ubuntu/ns-3.30-obss/build'
Waf: Leaving directory `/home/ubuntu/ns-3.30-obss/build'
Build commands will be stored in build/compile_commands.json
'build' finished successfully (0.711s)
--------------------------Rate[Kbps]--------------------------
Time[s]	cl-1	cl-2	cl-3	cl-4	cl-5	cl-6	cl-7	cl-8	cl-9	cl-10	cl-11	cl-12	cl-13	cl-14	cl-15	cl-16
60	12.8	12.4	14.8	15.6	16.8	15.8	14	19.8	13.4	14.2	16.4	17.4	17.4	17.2	19.4	15.8
61	0	0	0	0	0	0	0	0	424	288	240	16	368	112	320	144
62	0	0	0	0	392	0	272	304	312	440	344	168	544	136	600	176
63	0	0	0	0	304	528	264	576	440	40	416	344	0	376	184	152
64	0	0	0	0	112	336	600	216	552	176	560	600	360	224	104	424
65	0	0	0	0	32	0	392	448	136	600	152	152	128	64	144	488
66	0	0	0	0	568	544	328	0	504	336	0	472	384	512	352	264
67	0	0	0	0	488	312	456	336	232	176	224	280	256	280	360	520
68	0	0	0	0	344	424	552	144	0	88	0	0	560	88	64	128
69	0	0	0	0	504	600	56	32	176	24	48	360	296	600	104	0
70	0	0	0	0	40	384	496	264	296	368	216	464	152	248	136	520
71	0	0	0	0	416	440	96	376	592	256	0	112	336	208	0	352
72	0	0	0	0	32	72	88	0	136	560	96	400	56	312	8	312
73	0	0	0	0	32	104	80	232	432	144	592	584	32	0	296	600
74	0	0	0	0	448	384	128	600	560	208	280	320	0	208	168	256
75	0	0	0	0	0	64	360	8	160	184	8	408	424	0	112	168
76	0	0	0	0	200	32	320	152	344	0	0	104	568	512	424	280
77	0	0	0	0	408	80	216	304	600	424	328	0	56	544	128	152
78	0	0	0	0	392	192	528	0	552	184	0	504	296	280	0	104
79	0	0	0	0	472	96	0	16	32	96	496	72	352	560	256	576
80	0	0	0	0	448	336	152	328	312	600	408	392	352	472	448	48
81	0	0	0	0	304	80	384	584	0	304	0	192	512	0	0	72
82	0	0	0	0	304	488	320	312	448	544	440	48	504	120	544	416
83	0	0	0	0	264	288	432	120	328	176	344	192	384	280	536	120
84	0	0	0	0	448	576	504	48	400	0	432	408	104	600	344	192
85	0	0	0	0	488	304	392	408	568	560	80	136	304	96	240	472
86	0	0	0	0	352	544	528	264	424	536	384	376	0	568	0	0
87	0	0	0	0	152	536	168	416	0	272	416	576	80	272	40	368
88	0	0	0	0	0	344	120	232	512	256	24	600	240	0	280	336
89	0	0	0	0	160	0	592	16	128	200	304	448	184	72	352	600
90	0	0	0	0	104	320	424	352	344	584	24	544	0	240	256	104
91	0	0	0	0	600	464	80	488	488	424	104	0	456	48	200	408
92	0	0	0	0	264	264	328	592	600	280	520	488	600	344	0	0
93	0	0	0	0	528	360	8	336	144	0	288	0	136	184	520	392
94	0	0	0	0	352	320	176	192	496	8	576	120	184	272	408	72
95	0	0	0	0	432	528	480	176	112	512	328	16	552	528	392	208
96	0	0	0	0	320	368	576	400	280	64	552	600	88	64	344	0
97	0	0	0	0	512	432	192	64	360	280	400	520	480	416	208	72
98	0	0	0	0	488	544	184	432	176	128	600	184	72	424	528	272
99	0	0	0	0	424	200	344	592	184	352	184	64	600	0	312	216
100	0	0	0	0	232	120	328	376	56	496	112	512	360	576	480	504
101	0	0	0	0	88	288	176	352	288	304	0	0	0	328	464	224
102	0	0	0	0	288	560	328	24	360	184	176	456	368	448	552	160
103	0	0	0	0	248	264	592	544	440	304	240	608	512	256	256	320
104	0	0	0	0	168	504	160	176	368	600	64	488	0	48	560	184
105	0	0	0	0	312	0	112	312	456	320	24	352	360	72	0	376
106	0	0	0	0	200	352	344	520	64	400	232	336	248	496	472	192
107	0	0	0	0	312	472	568	24	72	496	104	352	128	272	344	152
108	0	0	0	0	0	384	216	592	0	0	32	488	224	352	0	112
109	0	0	0	0	176	8	128	352	424	352	120	472	488	336	216	216
110	0	0	0	0	528	368	592	0	0	24	352	208	256	392	96	344
111	0	0	0	0	432	528	184	248	112	600	536	432	504	376	360	0
112	0	0	0	0	104	200	504	560	576	440	184	40	120	280	528	376
113	0	0	0	0	312	528	320	544	320	64	352	464	88	488	568	0
114	0	0	0	0	344	528	0	528	16	568	32	600	416	24	528	416
115	0	0	0	0	384	360	104	408	248	0	592	272	352	120	152	464
116	0	0	0	0	216	432	192	112	456	376	120	0	312	496	8	264
117	0	0	0	0	544	176	136	136	0	600	56	144	0	0	56	136
118	0	0	0	0	320	48	384	384	416	400	0	208	472	424	192	24
119	0	0	0	0	328	136	312	208	368	296	440	144	72	200	360	264
120	0	0	0	0	272	192	608	104	144	104	392	416	400	136	352	144
(1,23389)	(2,2014)	(3,0)	(4,116)	
(1,6636)	(2,254)	(3,0)	(4,19)	
(1,6462)	(2,249)	(3,0)	(4,4)	
(1,6302)	(2,153)	(3,0)	(4,5)	
(1,6174)	(2,121)	(3,0)	(4,0)	
(1,1)	(2,0)	(3,0)	(4,0)	
(1,1)	(2,0)	(3,0)	(4,0)	
(1,1)	(2,0)	(3,0)	(4,0)	
(1,1)	(2,0)	(3,0)	(4,0)	
(1,1)	(2,0)	(3,0)	(4,0)	
(1,1)	(2,0)	(3,0)	(4,0)	
(1,1)	(2,0)	(3,0)	(4,0)	
(1,1)	(2,0)	(3,0)	(4,0)	
(1,1)	(2,0)	(3,0)	(4,0)	
(1,1)	(2,0)	(3,0)	(4,0)	
(1,1)	(2,0)	(3,0)	(4,0)	
(1,1)	(2,0)	(3,0)	(4,0)	
avg	0	0	0	0	298.933	305.6	298.4	281.067	299.467	293.333	242.8	304.267	278	273.067	270.933	247.6
delay	0.3125	0.241935	0.243243	0.24359	11.3613	3.37173	12.1899	1.61148	4.14114	2.17409	5.52086	5.35583	5.16115	1.76855	5.4936	2.50673
loss	0	0	0	0	0.0410607	0.0325032	0.0265333	0.0361225	0.0277056	0.030837	0.0267094	0.0235344	0.0373961	0.0366886	0.0235464	0.031804
Command ['/home/ubuntu/ns-3.30-obss/build/scratch/simple-ofdma-adhoc4', '--ofdmaEnabled=true', '--startTime=60', '--totalTime=120', '--dataMode=HeMcs5', '--datarate=6e5', '--ratio=0.375', '--RngRun=2', '--locationFile=my-simulations/8_ofdma7/txt/locationFile43.txt', '--routingFile=my-simulations/8_ofdma7/txt/routingFile43.txt'] terminated with signal SIGSEGV. Run it under a debugger to get more information (./waf --run <program> --command-template="gdb --args %s <args>").
