Waf: Entering directory `/home/ubuntu/ns-3.30-obss/build'
Waf: Leaving directory `/home/ubuntu/ns-3.30-obss/build'
Build commands will be stored in build/compile_commands.json
'build' finished successfully (0.837s)
--------------------------Rate[Kbps]--------------------------
Time[s]	cl-1	cl-2	cl-3	cl-4	cl-5	cl-6	cl-7	cl-8	cl-9	cl-10	cl-11	cl-12
60	16	15	13	13	14	15	11.4	17.4	9.8	15.8	15.2	15.8
61	0	0	0	376	120	152	0	72	328	0	0	248
62	0	0	0	136	328	376	288	168	352	104	24	240
63	0	0	0	24	88	256	384	48	0	0	200	320
64	0	0	0	112	400	112	120	32	160	264	96	0
65	0	0	0	24	240	24	64	200	40	264	0	232
66	0	0	0	0	336	304	216	168	272	120	336	328
67	0	0	0	240	0	232	152	200	0	88	0	376
68	0	0	0	376	344	200	192	120	296	264	120	152
69	0	0	0	328	280	96	0	152	216	168	88	168
70	0	0	0	88	272	304	328	48	400	64	144	176
71	0	0	0	40	104	368	312	168	304	400	56	224
72	0	0	0	104	248	24	152	192	312	160	392	8
73	0	0	0	136	136	104	232	280	152	88	256	192
74	0	0	0	400	400	176	96	32	72	64	16	64
75	0	0	0	128	152	88	400	144	56	344	184	176
76	0	0	0	120	88	224	264	184	400	248	400	200
77	0	0	0	320	0	192	408	112	208	336	200	264
78	0	0	0	8	368	24	144	288	160	72	352	352
79	0	0	0	152	280	368	352	160	136	56	8	264
80	0	0	0	400	400	152	136	320	0	368	232	360
81	0	0	0	320	344	216	168	320	16	168	400	240
82	0	0	0	232	32	16	400	72	40	112	160	320
83	0	0	0	184	256	320	144	96	376	184	392	368
84	0	0	0	152	376	328	8	392	256	232	200	328
85	0	0	0	184	152	200	288	304	208	128	16	104
86	0	0	0	256	72	8	104	72	336	392	184	0
87	0	0	0	0	208	304	336	0	144	144	216	304
88	0	0	0	272	328	184	16	376	312	16	24	288
89	0	0	0	96	0	296	24	272	232	32	400	0
90	0	0	0	256	24	136	40	128	88	176	136	360
91	0	0	0	0	0	0	152	0	0	248	64	184
92	0	0	0	296	304	336	88	16	336	184	120	240
93	0	0	0	400	40	136	160	0	264	0	0	0
94	0	0	0	192	264	0	0	120	128	304	440	56
95	0	0	0	192	280	256	80	240	280	336	296	464
96	0	0	0	384	248	392	200	256	272	40	72	312
97	0	0	0	168	400	384	0	104	24	104	392	360
98	0	0	0	200	384	304	240	216	88	240	48	208
99	0	0	0	240	304	120	240	64	96	184	200	272
100	0	0	0	304	288	168	32	328	200	400	328	24
101	0	0	0	392	224	136	104	288	24	96	72	80
102	0	0	0	240	336	160	304	304	320	88	192	400
103	0	0	0	0	400	160	320	240	56	400	392	184
104	0	0	0	88	128	0	0	320	392	312	256	344
105	0	0	0	112	40	256	240	256	160	0	8	144
106	0	0	0	0	400	288	208	384	112	120	392	352
107	0	0	0	352	144	296	288	88	112	96	184	376
108	0	0	0	272	392	96	232	0	0	400	0	328
109	0	0	0	104	160	216	184	64	368	232	384	344
110	0	0	0	112	328	288	392	224	56	216	48	0
111	0	0	0	88	72	224	128	80	0	56	200	200
112	0	0	0	360	0	224	112	328	360	168	376	64
113	0	0	0	400	352	0	72	296	104	0	200	184
114	0	0	0	168	200	240	200	184	232	72	192	240
115	0	0	0	280	136	168	216	32	176	320	120	32
116	0	0	0	320	400	288	112	360	144	160	176	184
117	0	0	0	376	336	376	400	368	176	360	208	264
118	0	0	0	0	216	80	216	296	0	320	0	288
119	0	0	0	48	192	392	104	296	352	16	240	152
120	0	0	0	360	304	248	40	144	368	208	288	216
(1,12719)	(2,703)	(3,0)	(4,72)	
(1,4652)	(2,121)	(3,0)	(4,26)	
(1,4019)	(2,144)	(3,0)	(4,19)	
(1,4189)	(2,181)	(3,0)	(4,30)	
(1,1)	(2,0)	(3,0)	(4,0)	
(1,1)	(2,0)	(3,0)	(4,0)	
(1,1)	(2,0)	(3,0)	(4,0)	
(1,1)	(2,0)	(3,0)	(4,0)	
(1,1)	(2,0)	(3,0)	(4,0)	
(1,1)	(2,0)	(3,0)	(4,0)	
(1,1)	(2,0)	(3,0)	(4,0)	
(1,1)	(2,0)	(3,0)	(4,0)	
(1,1)	(2,0)	(3,0)	(4,0)	
avg	0	0	0	198.533	227.467	200.267	180.533	183.6	184.533	178.933	185.333	219.2
delay	0.3125	0.293333	0.276923	23.7824	19.2057	17.4308	11.3368	10.3348	9.96171	30.2407	49.6317	4.62105
loss	0	0	0	0.0229659	0.021789	0.0284605	0.014556	0.0164286	0.0239774	0.0261248	0.0211268	0.0202622
Command ['/home/ubuntu/ns-3.30-obss/build/scratch/simple-ofdma-adhoc4', '--ofdmaEnabled=true', '--startTime=60', '--totalTime=120', '--dataMode=HeMcs1', '--datarate=4e5', '--ratio=0.375', '--RngRun=26', '--locationFile=my-simulations/8_ofdma7/txt/locationFile33.txt', '--routingFile=my-simulations/8_ofdma7/txt/routingFile33.txt'] terminated with signal SIGSEGV. Run it under a debugger to get more information (./waf --run <program> --command-template="gdb --args %s <args>").
