Waf: Entering directory `/home/ubuntu/ns-3.30-obss/build'
Waf: Leaving directory `/home/ubuntu/ns-3.30-obss/build'
Build commands will be stored in build/compile_commands.json
'build' finished successfully (0.352s)
--------------------------Rate[Kbps]--------------------------
Time[s]	cl-1	cl-2	cl-3	cl-4	cl-5	cl-6	cl-7	cl-8	cl-9	cl-10	cl-11	cl-12	cl-13	cl-14	cl-15
60	13.6	18.8	11.6	16	15.2	12	16.8	17.2	16	15.8	15.8	13.8	12.4	17	14.8
61	0	0	0	0	0	0	32	24	0	176	112	0	0	0	0
62	0	0	0	0	0	0	0	184	120	104	128	104	120	96	72
63	0	0	0	0	0	0	16	136	0	16	144	104	0	32	176
64	0	0	0	0	0	0	72	144	120	136	160	176	32	32	80
65	0	0	0	0	0	0	48	88	48	120	32	0	88	32	200
66	0	0	0	0	0	0	136	88	152	120	144	48	24	0	160
67	0	0	0	0	0	0	184	160	120	136	80	64	160	112	104
68	0	0	0	0	0	0	168	0	0	184	88	16	160	112	200
69	0	0	0	0	0	0	0	144	136	200	56	48	200	64	32
70	0	0	0	0	0	0	192	56	80	64	0	32	88	160	96
71	0	0	0	0	0	0	56	88	104	48	184	0	0	8	184
72	0	0	0	0	0	0	128	120	24	96	144	136	32	200	176
73	0	0	0	0	0	0	152	24	32	120	184	112	8	32	120
74	0	0	0	0	0	0	104	32	168	72	176	72	160	8	0
75	0	0	0	0	0	0	64	0	0	200	176	192	120	72	144
76	0	0	0	0	0	0	128	104	0	168	72	72	152	176	0
77	0	0	0	0	0	0	0	0	88	200	16	32	16	128	80
78	0	0	0	0	0	0	200	48	168	88	8	48	8	184	200
79	0	0	0	0	0	0	88	200	56	200	200	112	184	120	88
80	0	0	0	0	0	0	72	72	80	16	176	0	56	168	80
81	0	0	0	0	0	0	104	0	160	144	160	80	88	96	16
82	0	0	0	0	0	0	128	56	72	160	56	120	16	48	176
83	0	0	0	0	0	0	176	16	48	88	192	200	192	24	200
84	0	0	0	0	0	0	0	88	200	192	48	160	120	200	152
85	0	0	0	0	0	0	0	0	160	120	80	184	56	152	0
86	0	0	0	0	0	0	168	24	200	0	88	0	112	80	176
87	0	0	0	0	0	0	88	184	104	40	184	0	136	160	64
88	0	0	0	0	0	0	16	0	8	144	72	152	200	0	184
89	0	0	0	0	0	0	160	24	200	72	80	160	152	40	80
90	0	0	0	0	0	0	56	80	120	104	136	96	96	88	72
91	0	0	0	0	0	0	64	192	8	192	128	24	168	176	136
92	0	0	0	0	0	0	64	152	48	80	152	104	160	200	184
93	0	0	0	0	0	0	152	96	160	40	192	120	128	80	160
94	0	0	0	0	0	0	184	0	8	104	152	96	112	80	0
95	0	0	0	0	0	0	192	104	104	48	104	104	0	200	192
96	0	0	0	0	0	0	184	200	80	8	16	192	184	176	40
97	0	0	0	0	0	0	96	144	8	184	0	176	104	152	56
98	0	0	0	0	0	0	184	200	16	48	64	120	16	104	112
99	0	0	0	0	0	0	0	96	128	0	32	0	120	0	168
100	0	0	0	0	0	0	152	152	176	56	40	88	176	152	136
101	0	0	0	0	0	0	16	80	184	96	40	40	48	176	128
102	0	0	0	0	0	0	120	64	136	32	120	40	96	80	88
103	0	0	0	0	0	0	48	8	176	104	24	0	96	168	168
104	0	0	0	0	0	0	112	16	152	200	88	160	200	96	160
105	0	0	0	0	0	0	64	160	152	72	128	104	64	16	192
106	0	0	0	0	0	0	24	56	64	192	32	72	48	8	176
107	0	0	0	0	0	0	8	24	24	144	0	200	200	96	8
108	0	0	0	0	0	0	120	160	144	152	144	88	32	160	88
109	0	0	0	0	0	0	144	192	88	88	72	112	128	72	192
110	0	0	0	0	0	0	0	192	144	8	192	88	128	48	88
111	0	0	0	0	0	0	16	0	80	120	184	24	24	24	16
112	0	0	0	0	0	0	0	8	56	200	96	24	80	136	0
113	0	0	0	0	0	0	56	8	80	96	144	64	192	80	184
114	0	0	0	0	0	0	192	184	128	32	56	8	120	152	128
115	0	0	0	0	0	0	200	0	56	32	24	192	0	56	200
116	0	0	0	0	0	0	48	48	40	80	88	184	56	0	120
117	0	0	0	0	0	0	80	56	40	72	176	152	136	56	128
118	0	0	0	0	0	0	144	176	112	0	32	0	32	200	88
119	0	0	0	0	0	0	56	200	88	32	176	72	200	136	152
120	0	0	0	0	0	0	104	112	104	48	144	88	80	112	144
(1,7730)	(2,11)	(3,0)	(4,0)	
(1,840)	(2,0)	(3,0)	(4,0)	
(1,1506)	(2,7)	(3,0)	(4,0)	
(1,1699)	(2,1)	(3,0)	(4,0)	
(1,1542)	(2,0)	(3,0)	(4,0)	
(1,1766)	(2,0)	(3,0)	(4,0)	
(1,1)	(2,0)	(3,0)	(4,0)	
(1,1)	(2,0)	(3,0)	(4,0)	
(1,1)	(2,0)	(3,0)	(4,0)	
(1,1)	(2,0)	(3,0)	(4,0)	
(1,1)	(2,0)	(3,0)	(4,0)	
(1,1)	(2,0)	(3,0)	(4,0)	
(1,1)	(2,0)	(3,0)	(4,0)	
(1,1)	(2,0)	(3,0)	(4,0)	
(1,1)	(2,0)	(3,0)	(4,0)	
(1,1)	(2,0)	(3,0)	(4,0)	
avg	0	0	0	0	0	0	92.6667	87.7333	92.5333	101.467	103.6	87.6	98.4	96.9333	115.733
delay	0.352941	0.361702	0.258621	0.2625	0.263158	0.866667	0.953957	0.981763	1.00576	1.01051	0.975547	0.998478	0.96206	0.965612	0.964286
loss	0	0	0	0	0	0	0	0.00151745	0.00143885	0.0039267	0.00384615	0.0135135	0.00806452	0.00137363	0.00572738
Command ['/home/ubuntu/ns-3.30-obss/build/scratch/simple-ofdma-adhoc4', '--ofdmaEnabled=true', '--startTime=60', '--totalTime=120', '--dataMode=HeMcs7', '--datarate=2e5', '--ratio=0.375', '--RngRun=0', '--locationFile=my-simulations/8_ofdma7/locationFile52.txt', '--routingFile=my-simulations/8_ofdma7/routingFile52.txt'] terminated with signal SIGSEGV. Run it under a debugger to get more information (./waf --run <program> --command-template="gdb --args %s <args>").
