Waf: Entering directory `/home/ubuntu/ns-3.30-obss/build'
Waf: Leaving directory `/home/ubuntu/ns-3.30-obss/build'
Build commands will be stored in build/compile_commands.json
'build' finished successfully (0.414s)
--------------------------Rate[Kbps]--------------------------
Time[s]	cl-1	cl-2	cl-3	cl-4	cl-5	cl-6	cl-7	cl-8	cl-9	cl-10	cl-11	cl-12	cl-13	cl-14	cl-15	cl-16	cl-17	cl-18	cl-19	cl-20
60	14	13.8	12.8	13	13.8	13.4	13.6	17	15.8	14.4	16	15	15.6	15.8	14.8	15.4	11.4	13.6	15.6	17.8
61	0	0	0	0	0	0	448	32	0	0	0	216	0	0	216	360	256	552	112	312
62	0	0	0	0	0	0	432	440	408	112	112	0	384	200	352	464	176	304	160	72
63	0	0	0	0	0	0	96	264	160	376	160	288	384	264	352	344	344	0	224	0
64	0	0	0	0	0	0	144	384	392	344	408	288	432	24	0	368	0	256	216	88
65	0	0	0	0	0	0	40	272	344	80	376	336	296	128	192	544	224	16	408	0
66	0	0	0	0	0	0	0	280	256	344	264	16	264	272	72	232	456	304	8	384
67	0	0	0	0	0	0	352	0	184	456	464	64	248	520	344	552	16	72	144	96
68	0	0	0	0	0	0	536	104	312	288	48	280	0	264	272	320	512	248	0	72
69	0	0	0	0	0	0	152	216	296	0	16	296	152	152	376	504	328	128	424	384
70	0	0	0	0	0	0	32	288	8	464	256	136	216	264	120	64	352	96	304	272
71	0	0	0	0	0	0	0	192	0	56	72	208	256	464	176	80	232	0	8	0
72	0	0	0	0	8	0	64	184	136	400	368	216	144	88	320	456	320	184	368	184
73	0	0	0	8	0	0	472	312	40	144	184	432	184	0	8	144	288	384	200	384
74	0	0	0	0	0	0	344	0	128	0	16	296	336	328	360	0	312	320	616	264
75	0	0	0	0	0	0	344	160	216	192	0	176	328	328	328	16	152	304	368	312
76	0	0	0	0	0	0	256	520	104	168	48	312	136	344	144	32	384	544	408	112
77	0	8	0	0	0	0	224	120	576	480	88	200	272	528	0	8	8	96	376	288
78	0	0	0	0	0	0	224	40	240	272	128	224	352	40	304	184	304	256	368	328
79	0	0	0	0	0	0	280	280	32	248	96	256	176	288	296	328	248	24	344	224
80	8	0	0	0	0	0	88	0	128	504	80	216	224	368	40	200	0	88	0	176
81	0	0	0	0	0	0	56	264	160	296	48	256	368	328	144	344	392	312	440	0
82	0	0	8	0	0	0	88	560	248	368	0	0	520	560	184	96	24	136	344	432
83	0	0	0	0	0	0	528	312	0	472	232	152	360	384	256	280	184	168	0	272
84	0	0	0	0	0	0	384	480	120	160	296	160	368	104	248	344	456	216	192	32
85	0	0	0	0	0	0	48	584	160	8	0	64	560	96	152	224	24	112	544	16
86	0	0	0	0	0	0	152	344	368	296	0	336	232	240	544	312	168	0	40	248
87	0	0	0	0	0	0	472	160	336	56	384	376	440	440	144	264	0	120	80	192
88	0	0	0	8	0	0	176	64	216	352	96	336	392	448	336	416	120	0	296	128
89	0	0	0	0	0	0	136	416	344	80	312	368	416	192	72	312	384	152	200	88
90	0	0	0	0	8	0	448	168	416	240	0	0	296	280	472	408	56	200	432	0
91	0	0	0	0	0	0	416	56	72	360	208	128	328	352	200	112	392	384	0	312
92	0	0	0	0	0	0	464	360	456	72	0	520	128	0	152	216	392	16	200	168
93	0	0	0	0	0	0	224	152	456	128	64	240	544	48	0	0	280	144	640	104
94	0	0	0	0	0	0	112	304	96	408	72	560	8	312	400	448	104	64	464	144
95	0	0	0	0	0	0	184	104	80	416	368	496	16	560	384	456	16	80	40	328
96	0	0	0	0	0	0	0	256	120	112	248	248	152	56	512	152	568	408	264	208
97	0	0	0	0	0	0	320	504	552	48	296	40	0	0	280	376	64	32	416	264
98	0	0	0	0	0	0	216	0	80	344	40	0	416	368	0	560	0	120	384	448
99	8	0	0	0	0	0	16	16	248	152	0	8	248	464	232	112	408	232	560	504
100	0	0	8	0	0	0	344	168	320	0	120	0	224	320	0	136	312	208	456	392
101	0	0	0	0	0	0	160	8	232	432	376	280	472	432	360	96	312	232	208	0
102	0	0	0	0	0	0	312	64	16	504	400	168	224	376	280	392	336	128	376	136
103	0	0	0	0	0	0	288	24	88	128	432	104	240	400	192	424	296	448	360	80
104	0	0	0	0	0	0	304	360	128	32	144	464	464	176	264	168	16	400	32	440
105	0	0	0	0	0	0	368	184	152	312	352	312	120	96	24	320	464	440	280	72
106	0	0	0	0	0	0	136	264	320	168	240	0	80	472	248	248	296	96	240	136
107	0	0	0	0	0	8	224	192	192	456	96	248	312	352	32	584	0	0	0	256
108	0	8	0	0	0	0	112	432	56	136	160	320	136	376	128	136	344	344	408	200
109	0	0	0	0	8	0	120	152	320	512	432	0	328	176	384	0	368	56	448	384
110	0	0	0	0	0	0	296	264	168	64	408	0	112	328	280	56	336	232	192	216
111	0	0	0	0	0	0	136	64	224	216	0	192	400	336	272	0	304	432	416	256
112	0	0	0	0	0	0	120	184	0	392	344	480	64	168	72	248	160	416	32	0
113	8	0	8	0	0	0	384	40	128	352	184	272	320	80	152	416	160	360	240	200
114	0	0	0	0	0	0	376	368	256	128	152	104	288	80	336	320	112	256	208	176
115	0	0	0	0	0	0	408	328	24	168	240	352	112	0	520	80	320	504	64	32
116	0	0	0	0	0	0	144	248	352	224	288	408	400	160	0	320	424	72	128	128
117	0	0	0	0	0	0	0	256	520	304	0	128	56	240	128	136	296	168	0	24
118	0	0	0	8	0	0	136	0	400	448	56	240	200	32	432	464	328	160	32	424
119	0	0	0	0	0	0	184	144	432	208	176	360	136	88	264	320	264	328	296	136
120	0	0	0	0	0	0	0	192	464	80	256	352	144	496	336	216	328	472	312	0
(1,10333)	(2,4273)	(3,0)	(4,3567)	
(1,3280)	(2,324)	(3,0)	(4,22)	
(1,4111)	(2,769)	(3,0)	(4,11)	
(1,4436)	(2,933)	(3,0)	(4,52)	
(1,4328)	(2,1003)	(3,0)	(4,36)	
(1,4109)	(2,819)	(3,0)	(4,30)	
(1,1)	(2,0)	(3,0)	(4,0)	
(1,1)	(2,0)	(3,0)	(4,0)	
(1,1)	(2,0)	(3,0)	(4,0)	
(1,1)	(2,0)	(3,0)	(4,0)	
(1,1)	(2,0)	(3,0)	(4,0)	
(1,1)	(2,0)	(3,0)	(4,0)	
(1,1)	(2,0)	(3,0)	(4,0)	
(1,1)	(2,0)	(3,0)	(4,0)	
(1,1)	(2,0)	(3,0)	(4,0)	
(1,1)	(2,0)	(3,0)	(4,0)	
(1,1)	(2,0)	(3,0)	(4,0)	
(1,1)	(2,0)	(3,0)	(4,0)	
(1,1)	(2,0)	(3,0)	(4,0)	
(1,1)	(2,0)	(3,0)	(4,0)	
(1,1)	(2,0)	(3,0)	(4,0)	
avg	0.4	0.266667	0.4	0.4	0.4	0.133333	225.333	218.8	221.333	242.667	178.4	225.467	256.8	254.667	228.133	261.867	245.333	213.733	255.333	192.133
delay	77	1	1.33333	31.6667	90	4	26.0657	34.8605	28.356	27.0297	30.728	53.1514	28.0322	37.4749	32.8118	28.9073	31.0418	24.6313	31.7008	24.9042
loss	0	0.333333	0	0.25	0	0.666667	0.1875	0.223746	0.174129	0.190031	0.224348	0.217854	0.173036	0.191705	0.212609	0.171308	0.210978	0.211898	0.167029	0.217273
Command ['/home/ubuntu/ns-3.30-obss/build/scratch/simple-ofdma-adhoc4', '--ofdmaEnabled=true', '--startTime=60', '--totalTime=120', '--dataMode=HeMcs1', '--datarate=6e5', '--clNum=20', '--ratio=0.375', '--RngRun=0', '--locationFile=./my-simulations/8_ofdma7/locationFile53.txt', '--routingFile=./my-simulations/8_ofdma7/routingFile53.txt'] terminated with signal SIGSEGV. Run it under a debugger to get more information (./waf --run <program> --command-template="gdb --args %s <args>").
