Waf: Entering directory `/home/ubuntu/ns-3.30-obss/build'
Waf: Leaving directory `/home/ubuntu/ns-3.30-obss/build'
Build commands will be stored in build/compile_commands.json
'build' finished successfully (0.375s)
--------------------------Rate[Kbps]--------------------------
Time[s]	cl-1	cl-2	cl-3	cl-4	cl-5	cl-6	cl-7	cl-8	cl-9	cl-10	cl-11	cl-12	cl-13	cl-14	cl-15	cl-16	cl-17	cl-18	cl-19	cl-20
60	14.2	13.6	15.4	17.4	15.4	16	14.2	13.2	15	12.8	14.8	17.2	15.4	16	15.8	12.2	13.8	14.2	11.8	16.2
61	0	440	624	0	0	0	168	360	312	160	0	264	96	120	56	368	160	56	64	456
62	0	528	40	600	8	40	256	184	368	48	240	32	368	632	136	552	216	640	80	352
63	528	96	208	480	240	152	320	272	112	392	568	176	120	224	304	528	328	432	216	488
64	72	40	696	448	0	392	208	264	312	432	24	56	160	64	544	528	72	144	464	552
65	408	0	568	624	424	344	272	160	0	576	272	0	48	568	32	144	224	608	32	48
66	512	568	104	368	264	336	192	168	32	64	288	232	560	432	264	16	592	432	520	344
67	72	176	200	256	544	416	216	112	624	448	400	584	0	128	0	192	520	128	0	432
68	424	0	520	624	392	280	120	328	400	304	320	400	56	160	560	192	112	368	336	320
69	552	552	328	616	208	200	0	352	72	120	312	440	112	144	264	304	496	384	416	512
70	224	488	320	440	248	0	200	192	160	600	48	416	360	368	88	536	0	584	40	368
71	344	320	80	584	320	272	360	0	264	120	312	352	312	352	0	320	296	40	416	400
72	208	488	304	96	488	368	160	8	24	384	200	32	200	424	280	0	416	48	704	584
73	0	664	96	400	408	312	472	0	120	360	136	120	112	448	152	504	0	144	456	576
74	368	0	592	0	32	160	360	312	160	24	576	184	64	32	376	432	120	480	504	424
75	672	80	264	512	312	200	184	240	536	224	56	304	8	96	536	488	488	320	168	416
76	720	440	464	560	168	160	96	240	264	264	208	520	504	48	128	288	48	408	216	560
77	696	96	0	344	240	80	136	112	8	256	600	232	224	520	512	296	368	152	648	304
78	136	720	368	0	176	40	384	0	264	376	528	416	48	0	192	472	8	648	320	104
79	0	480	728	568	112	424	184	360	104	368	376	376	248	40	288	224	352	152	96	216
80	336	488	464	0	248	8	200	88	224	384	200	632	56	120	624	288	512	40	152	560
81	592	160	688	568	240	96	328	488	112	224	272	568	192	320	160	512	296	144	72	8
82	416	264	48	456	392	512	88	112	88	616	664	208	600	136	40	0	64	0	544	256
83	336	0	352	248	72	88	416	168	0	272	120	424	168	592	576	24	160	360	344	128
84	0	488	304	0	24	360	496	240	280	176	112	328	408	0	40	0	112	112	488	456
85	680	344	112	168	72	472	128	16	592	152	328	264	432	504	248	312	328	352	424	24
86	640	16	488	688	384	208	272	72	152	48	560	224	512	552	584	184	40	264	312	400
87	376	616	728	512	280	0	80	208	0	456	192	472	552	216	440	328	224	576	192	704
88	296	440	584	736	0	240	376	456	448	0	288	352	256	112	264	128	208	376	560	88
89	664	256	712	400	448	160	448	200	192	312	0	256	552	0	0	344	0	568	336	624
90	120	592	72	112	232	0	184	104	224	448	488	184	328	136	456	184	224	152	96	176
91	144	648	248	136	344	144	488	328	168	328	16	152	328	248	456	232	216	72	232	544
92	144	24	488	248	480	208	248	328	8	392	528	344	456	440	136	16	168	480	192	208
93	376	0	296	624	136	224	280	0	136	504	416	128	152	512	584	424	504	168	224	376
94	416	120	768	184	0	80	376	72	0	392	288	336	584	400	480	648	208	320	0	208
95	264	248	280	512	152	128	152	232	368	328	520	160	120	416	128	288	288	496	464	512
96	296	432	552	288	360	16	312	352	480	16	248	224	400	0	352	0	16	456	528	312
97	432	304	536	0	264	208	360	376	192	104	256	120	440	360	544	416	272	88	360	272
98	488	64	624	520	520	8	256	240	352	304	24	0	120	280	536	472	264	552	64	416
99	696	208	536	616	40	56	472	24	416	296	496	168	568	0	64	400	304	120	568	240
100	728	120	400	0	184	464	512	40	0	560	304	328	472	400	480	0	48	24	488	352
101	384	184	80	296	208	240	144	96	232	408	152	192	448	456	160	544	360	256	576	320
102	360	728	616	0	368	392	408	72	440	248	416	248	176	56	392	56	0	344	248	344
103	296	56	16	72	400	416	0	408	0	144	224	104	464	104	448	576	232	208	296	0
104	0	80	672	0	0	64	136	176	376	568	288	24	624	304	672	0	616	8	616	224
105	360	0	0	264	616	488	464	152	176	192	0	408	160	168	48	416	264	40	96	232
106	272	464	208	696	32	200	144	0	328	664	184	424	184	56	144	616	504	104	448	0
107	176	64	704	456	24	72	104	168	128	272	136	384	32	0	352	664	568	16	432	544
108	8	272	728	560	416	368	0	8	192	0	504	136	200	968	592	408	448	240	568	248
109	472	432	560	72	168	224	256	0	368	440	112	392	56	480	504	392	288	432	176	488
110	208	248	0	608	496	288	392	200	232	16	376	488	0	416	424	0	400	88	192	224
111	0	432	672	320	160	416	376	200	536	144	600	40	512	32	232	240	48	120	200	336
112	536	248	384	256	136	32	288	440	376	400	384	216	336	560	168	32	320	544	0	192
113	440	496	216	576	176	368	200	264	688	0	216	376	0	272	288	120	256	360	72	96
114	408	120	56	536	176	448	248	120	24	360	288	448	312	224	648	416	160	520	160	0
115	616	0	464	352	288	256	0	344	16	448	416	376	80	0	256	504	376	376	384	120
116	40	656	592	224	352	80	368	352	80	0	120	408	352	456	40	176	400	640	432	216
117	184	632	144	0	64	368	280	88	248	456	520	520	504	488	360	40	16	248	288	0
118	560	0	120	352	472	368	40	384	464	544	512	0	240	232	368	392	0	136	0	352
119	192	56	504	304	8	56	224	448	640	192	360	192	144	48	248	256	688	0	464	96
120	664	216	448	216	168	176	336	64	616	216	568	392	280	216	128	168	304	136	352	72
avg	342.533	289.867	382.8	344.933	236.4	219.6	252.8	196.533	245.467	292.4	302.667	279.6	273.333	268	306.267	293.333	258.667	278.4	305.6	307.067
delay	39.1121	36.0906	36.131	42.6258	51.079	42.3817	50.4135	54.4199	57.8816	42.5399	45.5848	45.5026	58.3595	83.01	54.2721	46.512	44.3196	46.3396	39.4991	45.8901
loss	0.0957409	0.0884696	0.0934638	0.115556	0.262479	0.419309	0.38601	0.431985	0.236733	0.232143	0.215002	0.24296	0.254816	0.242081	0.25106	0.262399	0.253272	0.239898	0.229062	0.265156
Command ['/home/ubuntu/ns-3.30-obss/build/scratch/simple-ofdma-adhoc', '--ofdmaEnabled=true', '--startTime=60', '--totalTime=120', '--dataMode=HeMcs6', '--datarate=8e5', '--clNum=20', '--ratio=0.375', '--RngRun=84'] terminated with signal SIGSEGV. Run it under a debugger to get more information (./waf --run <program> --command-template="gdb --args %s <args>").
