Waf: Entering directory `/home/synrg/Documents/Jiaming/ns-3.30/build'
Waf: Leaving directory `/home/synrg/Documents/Jiaming/ns-3.30/build'
Build commands will be stored in build/compile_commands.json
'build' finished successfully (0.432s)
--------------------------Rate[Kbps]--------------------------
Time[s]	cl-1	cl-2	cl-3	cl-4	cl-5	cl-6	cl-7	cl-8	cl-9	cl-10	cl-11	cl-12	cl-13	cl-14	cl-15	cl-16	cl-17	cl-18	cl-19	cl-20
60	13	13	13.2	16.4	14.6	17.8	14	16	14.6	15	14.4	16.2	13.8	18.4	15.8	14.4	15.6	13.2	12	16
61	416	400	400	384	344	288	208	224	344	328	272	288	352	328	264	272	320	384	304	304
62	424	368	408	400	328	232	216	200	328	256	280	288	344	264	240	296	336	296	248	248
63	288	336	472	480	352	144	264	208	232	168	224	176	232	216	184	168	216	96	248	200
64	424	424	504	504	432	304	328	304	304	240	328	320	352	264	328	320	304	248	312	288
65	360	432	456	456	344	176	224	256	272	168	304	224	272	200	216	200	256	104	248	224
66	320	384	464	480	360	192	240	184	288	200	312	352	272	192	200	232	272	120	296	296
67	384	392	488	480	464	304	248	176	304	256	344	320	320	200	320	280	288	216	320	312
68	368	392	464	504	400	224	296	184	256	160	264	248	320	112	296	248	288	80	304	224
69	392	464	480	488	416	240	248	176	304	224	288	216	312	168	280	272	304	136	304	232
70	376	416	496	512	408	224	272	264	328	264	312	328	280	224	288	224	280	152	296	272
71	376	464	480	488	400	192	216	208	280	248	256	216	248	96	240	216	264	160	312	232
72	376	432	440	448	440	232	312	144	232	200	304	208	272	136	232	224	264	136	288	208
73	424	464	512	488	400	248	264	168	344	272	272	240	328	144	312	320	304	168	304	280
74	336	432	496	488	424	208	296	248	296	232	288	264	248	200	256	208	240	72	272	208
75	376	456	448	432	400	176	208	232	304	232	216	160	224	72	288	240	240	80	224	200
76	384	376	464	488	424	248	264	176	296	240	344	304	312	208	296	312	304	208	280	296
77	416	424	488	464	416	224	280	176	288	216	288	320	256	224	280	264	264	208	248	288
78	368	448	464	480	392	232	248	216	360	184	312	312	304	240	272	264	296	224	296	304
79	392	472	520	496	448	272	232	176	248	192	272	192	272	120	288	312	280	128	312	272
80	352	360	464	448	400	232	288	184	280	168	248	184	248	72	208	112	240	64	192	112
81	400	392	456	472	352	136	184	160	248	152	224	232	272	176	216	216	256	144	256	216
82	376	384	488	512	376	240	280	176	312	200	312	280	368	184	320	256	256	136	296	208
83	376	424	496	504	376	176	192	184	328	184	320	248	296	104	304	264	240	88	216	192
84	384	392	424	448	352	176	224	200	312	144	320	240	272	152	272	216	272	136	280	232
85	360	440	512	520	400	240	208	200	304	200	296	272	288	168	272	216	232	136	248	168
86	392	416	440	488	376	200	216	168	232	184	256	240	280	184	240	200	272	104	264	232
87	416	392	504	520	424	224	200	176	280	208	288	288	320	136	312	232	240	104	256	216
88	424	416	472	496	328	144	240	168	288	216	296	240	280	96	232	184	216	32	256	216
89	320	392	512	536	440	224	256	144	304	256	256	256	312	184	216	184	248	104	288	264
90	416	440	448	456	392	216	232	184	280	216	280	264	320	200	264	256	280	160	272	280
91	408	464	464	448	408	264	200	136	280	176	272	248	288	168	240	176	256	136	280	200
92	424	488	480	504	400	208	296	232	320	288	280	320	320	200	280	280	280	160	320	296
93	416	440	448	464	408	256	320	304	400	264	328	312	328	216	336	296	360	216	368	320
94	408	392	472	488	424	240	208	200	352	248	272	288	320	216	288	264	272	200	304	296
95	400	472	464	512	432	200	184	168	272	176	280	184	288	128	320	224	240	128	256	184
96	384	400	488	480	408	224	240	224	312	192	280	248	328	232	272	288	272	240	248	224
97	392	400	488	520	392	288	328	256	344	288	304	296	288	216	312	256	296	216	304	272
98	432	432	504	480	416	168	192	160	264	248	224	208	256	120	208	168	272	120	288	224
99	408	456	480	480	352	136	200	152	280	160	296	264	296	112	248	224	264	192	272	200
100	376	384	456	472	392	216	176	168	280	136	240	200	304	136	304	200	256	136	272	216
101	400	424	440	448	400	224	160	104	312	184	296	192	304	144	280	248	264	96	232	192
102	424	448	448	488	424	224	200	144	312	168	200	152	320	152	208	168	272	128	264	184
103	336	408	448	464	424	240	216	192	312	232	240	176	240	128	256	176	280	136	280	240
104	400	392	464	456	392	224	296	248	256	176	280	240	288	160	304	232	272	104	224	216
105	432	432	464	488	440	328	384	352	312	256	328	296	328	200	336	272	336	216	328	256
106	376	392	488	496	384	192	288	224	280	232	288	272	240	176	296	272	288	128	296	256
107	456	472	496	520	384	192	184	112	288	136	224	216	240	104	256	240	224	120	256	208
108	320	440	480	424	384	176	248	168	224	160	216	168	256	136	208	240	264	136	224	200
109	376	408	440	488	360	160	192	72	296	216	232	192	248	80	248	192	288	104	272	208
110	368	392	480	520	368	232	248	192	264	120	280	272	248	200	216	256	240	128	240	224
111	424	408	488	488	424	288	264	272	344	272	360	352	352	328	368	304	408	296	288	288
112	384	408	472	496	408	240	320	256	328	248	280	272	344	232	320	224	328	200	344	240
113	376	456	400	464	384	208	200	128	312	200	248	208	240	192	232	256	248	176	216	208
114	408	472	528	520	352	168	192	176	304	208	272	288	280	136	232	208	232	88	264	248
115	376	416	448	456	440	296	256	200	320	304	256	304	304	224	280	248	240	120	312	240
116	336	400	480	464	376	176	184	144	280	160	208	216	264	88	280	264	264	128	272	192
117	416	448	488	472	384	168	152	152	248	176	240	200	272	152	232	208	240	128	240	160
118	392	456	456	488	440	240	280	216	280	208	232	208	336	128	296	232	296	144	320	224
119	392	392	488	496	416	216	192	152	288	232	296	280	328	208	256	280	264	152	328	224
120	352	432	472	472	344	208	264	200	280	168	264	232	264	136	240	216	256	152	280	240
avg	386.8	420.8	471.2	480.267	396.133	219.467	240.8	192.8	295.333	210.667	276.533	250.4	291.467	171.867	268.133	238.667	272.4	150.8	277.2	235.067
delay	425.412	425.886	426.963	426.339	428.999	431.996	435.703	433.619	429.699	426.345	436.818	432.011	433.4	430.178	437.923	432.306	433.625	424.825	434.988	429.311
loss	0.32747	0.277689	0.200316	0.187162	0.312789	0.598929	0.561969	0.644559	0.472809	0.614505	0.501201	0.547074	0.479934	0.68193	0.518191	0.567013	0.510888	0.719029	0.50429	0.57174
Command ['/home/synrg/Documents/Jiaming/ns-3.30/build/scratch/simple-ofdma-adhoc', '--ofdmaEnabled=true', '--startTime=60', '--totalTime=120', '--dataMode=HeMcs4', '--datarate=6e5', '--clNum=20', '--ratio=0.375', '--RngRun=51'] terminated with signal SIGSEGV. Run it under a debugger to get more information (./waf --run <program> --command-template="gdb --args %s <args>").
