Waf: Entering directory `/home/ubuntu/ns-3.30-obss/build'
Waf: Leaving directory `/home/ubuntu/ns-3.30-obss/build'
Build commands will be stored in build/compile_commands.json
'build' finished successfully (0.757s)
--------------------------Rate[Kbps]--------------------------
Time[s]	cl-1	cl-2	cl-3	cl-4	cl-5	cl-6	cl-7	cl-8	cl-9	cl-10	cl-11	cl-12	cl-13	cl-14	cl-15	cl-16	cl-17	cl-18	cl-19	cl-20
60	12.2	15.2	12	16	14	12.2	15.6	15.4	12.4	16	13.6	14.6	14.4	15.4	14.6	17.2	12	13.4	16.8	15.4
61	0	0	0	0	0	280	24	272	80	208	232	128	472	288	184	88	0	80	176	360
62	0	0	0	0	0	384	448	392	224	232	424	224	152	144	280	320	464	200	136	176
63	0	0	0	0	0	104	264	248	472	192	232	320	224	464	232	168	320	416	368	32
64	0	0	0	0	0	464	0	88	280	504	264	0	504	240	120	504	504	472	496	0
65	0	0	0	0	0	440	304	328	384	368	264	344	368	272	288	296	400	168	360	432
66	0	0	0	0	0	168	448	448	400	120	0	80	448	0	400	336	496	8	400	8
67	0	0	0	0	0	16	112	496	168	200	144	504	24	192	112	144	496	336	152	24
68	0	0	0	0	0	352	128	304	80	296	456	296	352	88	368	80	248	216	328	376
69	0	0	0	0	0	472	136	152	120	400	288	56	256	96	280	392	104	240	472	248
70	0	0	0	0	0	0	208	80	496	464	248	304	0	224	496	192	0	472	72	40
71	0	0	0	0	0	248	456	8	424	296	240	360	480	208	72	96	256	368	240	392
72	0	0	0	0	0	136	184	432	328	352	120	216	432	168	184	128	104	304	0	440
73	0	0	0	0	0	448	456	496	504	160	152	392	448	496	144	168	304	0	344	104
74	8	0	8	0	0	320	256	160	272	504	88	488	0	152	288	216	408	360	264	232
75	0	0	0	8	0	0	360	504	160	200	8	280	32	224	0	320	320	328	384	136
76	0	0	0	0	0	416	216	104	296	144	296	120	232	40	200	352	56	0	488	144
77	0	0	0	0	0	280	208	192	200	448	184	424	160	48	0	232	160	264	8	432
78	0	8	0	0	0	496	424	288	496	376	416	208	488	192	168	264	336	488	0	152
79	0	0	0	0	0	448	192	48	288	88	296	0	152	216	248	312	40	504	432	392
80	0	0	0	0	0	32	96	40	504	504	392	24	152	144	288	136	0	144	272	0
81	0	0	0	0	0	280	496	384	216	176	160	160	264	304	400	472	376	328	496	168
82	0	0	0	0	0	120	488	144	504	0	320	408	328	0	376	312	168	504	384	328
83	0	0	0	0	0	328	504	280	48	376	272	352	296	152	176	232	64	208	448	200
84	0	0	0	0	8	208	56	224	424	376	304	480	504	320	360	216	192	384	16	376
85	0	0	0	0	0	504	208	504	312	0	128	176	480	192	128	56	424	16	296	144
86	0	0	0	0	0	80	24	472	112	312	32	344	208	112	248	400	144	16	320	72
87	0	0	0	0	0	96	104	192	504	376	88	432	72	240	56	432	352	0	48	32
88	0	0	0	0	0	416	0	504	280	72	488	96	192	104	64	312	504	408	0	352
89	0	0	0	0	0	0	368	416	104	40	16	40	472	8	216	432	184	448	256	136
90	8	0	0	0	0	48	304	480	392	112	408	504	496	408	448	256	336	408	96	464
91	0	0	8	8	0	0	440	368	472	248	184	280	48	344	432	0	344	8	376	8
92	0	0	0	0	0	288	120	304	168	0	384	256	208	0	16	96	296	136	360	160
93	0	8	0	0	0	272	376	0	240	248	504	360	192	176	392	216	64	88	272	496
94	0	0	0	0	0	80	24	456	176	0	80	496	368	240	216	400	168	8	40	224
95	0	0	0	0	0	192	72	320	312	176	280	200	472	0	184	336	112	184	464	160
96	0	0	0	0	0	192	464	504	0	32	0	112	392	296	64	240	504	376	152	304
97	0	0	0	0	0	472	0	136	416	152	504	456	296	280	184	464	344	168	0	0
98	0	0	0	0	0	16	336	0	416	48	480	216	160	288	232	24	0	288	360	112
99	0	0	0	0	0	128	472	384	224	48	504	192	160	320	104	240	232	496	216	168
100	0	0	0	0	0	472	240	232	400	0	472	0	128	472	0	0	432	144	336	360
101	0	0	0	0	0	0	152	48	344	360	136	296	400	0	152	16	424	112	280	208
102	0	0	0	0	8	200	88	280	472	0	384	392	176	64	328	240	232	456	288	312
103	0	0	0	0	0	296	496	424	432	168	264	96	424	288	464	256	112	240	504	504
104	0	0	0	0	0	480	384	328	504	208	240	440	280	248	16	432	504	496	312	32
105	0	0	0	0	0	312	8	232	208	312	488	480	360	504	168	296	152	240	448	248
106	0	8	0	0	0	240	504	504	0	368	96	352	312	344	48	304	344	96	64	320
107	0	0	0	8	0	240	184	16	336	56	232	48	432	208	320	232	0	368	504	264
108	0	0	0	0	0	8	144	456	96	448	88	496	184	432	384	224	152	264	40	120
109	0	0	0	0	0	200	448	408	64	0	472	128	248	248	0	216	272	96	384	120
110	0	0	0	0	0	184	216	176	416	184	280	400	48	0	288	0	128	248	16	136
111	0	0	8	0	0	360	480	40	160	0	448	336	432	336	504	392	184	368	456	40
112	8	0	0	0	0	144	440	496	496	264	400	496	0	104	176	480	376	320	32	320
113	0	0	0	0	0	280	128	152	280	440	336	496	216	128	456	0	200	336	168	504
114	0	0	0	0	0	0	0	168	0	0	488	256	104	0	376	104	424	64	56	296
115	0	0	0	0	0	56	440	496	88	240	232	0	24	360	24	392	224	496	496	360
116	0	0	0	0	0	424	24	304	56	16	400	304	184	264	392	272	192	408	400	0
117	0	0	0	0	0	504	320	320	24	104	184	152	184	320	456	448	56	0	496	464
118	0	0	0	0	0	152	504	168	456	296	272	80	400	496	24	208	96	280	48	48
119	0	8	0	0	0	504	144	232	56	488	0	504	488	232	112	136	280	264	96	16
120	0	0	0	0	8	184	408	208	464	504	224	408	312	208	264	320	368	16	248	304
avg	0.4	0.533333	0.4	0.4	0.4	241.067	258.8	280.667	280.8	221.733	266.933	274.8	272	215.6	226.667	247.467	249.6	252.533	261.067	216.667
delay	0.666667	2.5	0.666667	0.333333	1.66667	3.94967	3.83205	3.79287	2.13105	1.97414	1.99201	1.84231	2.05098	2.18429	2.08647	2.03987	2.14156	1.83421	2.07048	2.38892
loss	0	0	0	0	0	0	0	0	0	0	0	0	0	0	0	0	0	0	0	0
Command ['/home/ubuntu/ns-3.30-obss/build/scratch/simple-ofdma-adhoc3', '--ofdmaEnabled=false', '--rtscts=1', '--startTime=60', '--totalTime=120', '--dataMode=HeMcs4', '--datarate=5e5', '--clNum=20', '--ratio=0.375', '--RngRun=74'] terminated with signal SIGSEGV. Run it under a debugger to get more information (./waf --run <program> --command-template="gdb --args %s <args>").
