Waf: Entering directory `/home/ubuntu/ns-3.30-obss/build'
Waf: Leaving directory `/home/ubuntu/ns-3.30-obss/build'
Build commands will be stored in build/compile_commands.json
'build' finished successfully (0.799s)
--------------------------Rate[Kbps]--------------------------
Time[s]	cl-1	cl-2	cl-3	cl-4	cl-5	cl-6	cl-7	cl-8	cl-9	cl-10	cl-11	cl-12	cl-13	cl-14	cl-15	cl-16	cl-17	cl-18	cl-19	cl-20
60	11.4	15.6	15.6	14.2	14.8	12.8	13.6	14.8	14.2	12.4	16.4	12	14.6	16.6	14.4	15.2	16.6	15.2	14.2	11.4
61	0	0	0	0	0	360	80	464	24	416	0	0	560	320	0	296	72	0	0	0
62	0	0	0	0	0	56	88	320	536	256	0	16	0	216	256	168	424	344	272	0
63	0	0	0	0	0	0	104	0	384	24	0	448	256	480	48	240	272	120	448	296
64	0	0	0	0	0	104	168	72	216	128	56	408	40	368	216	272	272	8	168	136
65	0	0	0	0	0	280	24	272	192	56	416	88	448	160	232	344	56	248	72	104
66	0	0	0	0	0	232	256	72	0	248	48	136	544	104	272	0	136	152	296	128
67	0	0	0	0	0	104	96	80	0	248	80	528	472	56	88	120	368	208	208	72
68	0	0	0	0	0	152	64	112	352	296	304	240	32	192	240	296	160	472	96	168
69	0	0	0	0	0	72	80	120	312	88	392	456	24	360	264	288	168	104	256	128
70	0	0	0	0	0	200	176	72	8	264	104	248	304	216	456	88	336	256	48	184
71	0	0	0	0	0	216	232	48	0	136	296	312	88	8	352	0	208	272	400	80
72	0	0	0	0	0	152	240	0	16	192	296	216	72	56	328	288	304	408	272	0
73	0	0	0	0	0	88	72	0	472	416	128	480	136	320	560	96	8	32	312	104
74	0	0	0	0	8	248	224	0	176	192	24	144	160	280	184	264	280	40	424	16
75	0	0	0	0	0	40	200	184	0	448	328	136	0	0	0	368	320	336	0	424
76	8	0	8	0	0	80	112	24	256	72	472	360	128	80	344	504	368	104	144	224
77	0	0	0	0	0	152	208	176	104	288	120	128	184	264	120	64	304	304	392	80
78	0	0	0	0	0	88	24	208	72	312	248	392	96	424	56	208	304	128	208	264
79	0	8	0	0	0	64	88	0	224	496	296	312	360	152	8	280	336	16	704	208
80	0	0	0	0	0	200	344	184	224	336	256	8	16	0	40	240	288	296	136	0
81	0	0	0	0	0	304	16	184	0	0	368	240	0	216	512	16	272	432	192	264
82	0	0	0	0	0	240	40	0	320	416	280	560	432	48	128	424	128	32	40	88
83	0	0	0	0	0	0	240	136	56	144	136	96	320	472	312	16	168	328	64	360
84	0	0	0	0	0	8	336	208	32	32	144	72	160	0	88	552	448	256	352	320
85	0	0	0	0	0	184	0	216	168	0	312	152	144	536	224	168	376	0	64	344
86	0	0	0	0	0	280	96	224	160	64	80	32	512	456	0	0	152	320	80	216
87	0	0	0	0	0	96	280	112	48	200	272	112	112	160	192	136	184	120	152	280
88	0	0	0	0	0	240	72	0	448	360	336	40	0	0	480	168	104	384	256	240
89	0	0	0	0	0	136	80	120	312	72	232	280	280	216	176	176	72	144	256	128
90	0	0	8	0	0	176	88	200	80	32	248	432	320	208	112	304	216	336	152	72
91	0	0	0	0	0	280	40	0	0	240	496	184	392	176	112	256	296	192	40	272
92	0	0	0	0	0	0	112	224	376	168	440	80	424	0	216	568	72	0	96	272
93	8	0	0	0	0	16	0	264	392	184	8	200	520	208	96	320	312	368	0	152
94	0	0	0	0	0	96	32	248	272	80	0	280	248	216	16	400	168	376	368	96
95	0	8	0	0	0	216	80	40	192	256	0	88	0	296	320	336	248	200	368	328
96	0	0	0	0	0	272	40	40	24	0	240	184	136	208	144	208	0	312	496	560
97	0	0	0	0	0	184	96	40	448	56	48	104	152	264	376	8	352	104	288	464
98	0	0	0	0	0	152	112	32	392	320	288	288	0	0	200	80	296	336	560	64
99	0	0	0	0	0	112	176	176	256	280	160	112	312	288	112	328	24	224	48	208
100	0	0	0	0	0	56	0	192	320	384	0	416	400	152	360	304	112	192	0	328
101	0	0	0	0	0	232	328	0	184	336	248	376	208	24	176	8	200	336	128	136
102	0	0	8	0	0	128	96	80	104	280	88	432	112	96	104	264	96	392	472	8
103	0	0	0	0	0	320	0	200	528	0	208	240	168	344	216	328	144	16	48	128
104	0	0	0	0	0	208	72	64	80	200	0	104	232	384	368	336	8	120	432	232
105	8	0	0	0	0	88	328	128	80	224	304	296	160	240	280	128	272	16	96	168
106	0	0	0	0	0	184	224	104	424	0	144	144	128	240	312	176	176	184	120	96
107	0	0	0	0	0	152	64	0	8	288	656	216	368	72	160	0	0	120	392	440
108	0	0	0	0	0	232	120	136	40	240	320	440	32	96	376	120	144	176	432	0
109	0	0	0	0	0	0	256	160	272	448	16	64	360	0	184	32	456	280	96	112
110	0	8	0	0	0	80	160	328	280	112	464	576	0	32	192	128	80	216	16	104
111	0	0	0	0	0	256	368	168	88	272	8	304	112	160	0	176	136	376	200	80
112	0	0	0	0	0	0	344	128	48	88	0	280	152	240	512	8	272	328	8	408
113	0	0	0	0	0	88	200	184	144	48	40	120	104	128	240	408	272	552	48	208
114	0	0	0	8	0	96	48	256	240	8	376	408	352	128	0	176	312	232	72	80
115	0	0	0	0	0	304	168	160	168	240	128	288	224	352	248	192	0	200	80	0
116	0	0	0	0	0	104	64	176	272	224	176	152	80	360	0	272	64	352	328	160
117	0	0	0	0	8	248	64	112	0	176	160	336	296	312	112	0	280	160	256	416
118	0	0	0	0	0	176	184	192	160	424	0	128	416	248	0	352	184	0	64	160
119	0	0	0	0	0	104	0	56	600	232	192	320	160	408	0	0	168	232	384	376
120	0	0	0	0	0	72	80	112	224	312	216	264	144	256	88	152	424	144	16	304
(1,1477)	(2,38)	(3,0)	(4,9806)	
(1,2496)	(2,1539)	(3,0)	(4,221)	
(1,2571)	(2,2067)	(3,0)	(4,409)	
(1,2664)	(2,1986)	(3,0)	(4,405)	
(1,2412)	(2,2141)	(3,0)	(4,456)	
(1,1608)	(2,1118)	(3,0)	(4,237)	
(1,1)	(2,0)	(3,0)	(4,0)	
(1,1)	(2,0)	(3,0)	(4,0)	
(1,1)	(2,0)	(3,0)	(4,0)	
(1,1)	(2,0)	(3,0)	(4,0)	
(1,1)	(2,0)	(3,0)	(4,0)	
(1,1)	(2,0)	(3,0)	(4,0)	
(1,1)	(2,0)	(3,0)	(4,0)	
(1,1)	(2,0)	(3,0)	(4,0)	
(1,1)	(2,0)	(3,0)	(4,0)	
(1,1)	(2,0)	(3,0)	(4,0)	
(1,1)	(2,0)	(3,0)	(4,0)	
(1,1)	(2,0)	(3,0)	(4,0)	
(1,1)	(2,0)	(3,0)	(4,0)	
(1,1)	(2,0)	(3,0)	(4,0)	
(1,1)	(2,0)	(3,0)	(4,0)	
avg	0.4	0.4	0.4	0.133333	0.266667	150.133	133.067	130.133	196.8	205.867	194.933	241.6	209.867	204.933	196.8	207.467	211.2	215.6	206.933	188.133
delay	501.333	486.667	503.333	500	467	496.583	503.755	486.473	501.05	486.871	509.851	508.086	484.934	498.653	509.613	495.441	491.667	500.455	500.468	506.879
loss	0	0	0	0.666667	0.5	0.70188	0.668102	0.685263	0.534255	0.525802	0.488632	0.527453	0.509352	0.529538	0.526484	0.542706	0.553556	0.528296	0.513632	0.561746
Command ['/home/ubuntu/ns-3.30-obss/build/scratch/simple-ofdma-adhoc4', '--ofdmaEnabled=true', '--startTime=60', '--totalTime=120', '--dataMode=HeMcs1', '--datarate=10e5', '--clNum=20', '--ratio=0.375', '--RngRun=1'] terminated with signal SIGSEGV. Run it under a debugger to get more information (./waf --run <program> --command-template="gdb --args %s <args>").
