Waf: Entering directory `/home/ubuntu/ns-3.30-obss/build'
Waf: Leaving directory `/home/ubuntu/ns-3.30-obss/build'
Build commands will be stored in build/compile_commands.json
'build' finished successfully (0.655s)
--------------------------Rate[Kbps]--------------------------
Time[s]	cl-1	cl-2	cl-3	cl-4	cl-5	cl-6	cl-7	cl-8	cl-9	cl-10	cl-11	cl-12	cl-13	cl-14	cl-15	cl-16	cl-17	cl-18	cl-19	cl-20
60	11.4	15.6	15.6	14.2	14.8	12.8	13.6	15	14.4	12.6	16.4	12.2	14.8	17	14.8	15.2	16.8	15.2	14.2	11.4
61	0	0	0	0	0	248	0	224	16	208	0	0	400	176	0	200	0	0	0	0
62	0	0	0	0	0	48	96	144	168	224	0	0	56	208	72	176	176	104	72	0
63	0	0	0	0	0	0	120	72	200	8	0	264	200	256	24	64	152	120	248	184
64	0	0	0	0	0	40	184	56	200	80	8	184	16	256	88	112	280	0	112	72
65	0	0	0	0	0	152	8	136	144	40	240	48	296	72	128	120	24	80	48	48
66	0	0	0	0	0	168	160	24	0	184	24	32	328	88	128	0	64	64	208	56
67	0	0	0	0	0	80	104	56	0	224	8	248	256	32	16	56	304	112	96	24
68	0	0	0	0	0	96	32	0	256	176	112	136	40	96	48	160	72	240	56	72
69	0	0	0	0	0	48	32	0	128	64	128	272	0	272	136	184	80	48	288	96
70	0	0	0	0	0	96	72	48	0	168	56	144	168	160	128	56	192	96	16	160
71	0	0	0	0	0	160	224	104	8	56	80	136	56	0	224	0	192	200	136	88
72	0	0	0	0	0	200	120	0	40	48	152	160	112	56	152	144	144	264	136	0
73	0	0	0	0	0	40	64	16	216	328	64	320	72	296	312	24	0	8	152	96
74	0	0	0	0	8	208	96	0	176	144	8	120	88	168	88	88	184	16	256	0
75	0	0	0	0	0	24	152	56	0	256	192	72	0	0	0	192	200	248	24	312
76	0	0	0	0	0	48	48	56	80	32	320	256	48	64	304	264	184	48	72	104
77	0	0	0	0	0	160	104	112	112	144	56	112	96	152	32	64	96	224	136	24
78	0	0	0	0	0	48	16	152	32	160	144	296	104	152	40	104	152	88	120	184
79	0	8	0	0	0	56	48	0	104	224	104	176	176	80	0	112	192	0	424	88
80	0	0	0	0	0	48	216	160	144	168	96	32	0	0	0	208	216	160	128	0
81	0	0	0	0	0	200	8	88	0	0	200	104	0	120	248	8	120	288	72	136
82	0	0	0	0	0	120	40	0	120	224	176	336	176	32	104	256	96	32	16	88
83	0	0	0	0	0	0	120	48	80	136	104	40	88	352	224	32	96	152	56	192
84	0	0	0	0	0	0	240	88	16	24	48	24	96	32	32	280	328	152	160	184
85	0	0	0	0	0	72	0	168	136	0	200	64	112	240	128	184	192	0	24	264
86	0	0	0	0	0	176	40	64	96	56	40	48	256	192	0	0	152	160	16	120
87	0	0	0	0	0	88	184	48	72	136	200	184	64	88	96	192	80	88	88	184
88	0	0	0	0	0	160	64	0	264	184	184	32	0	0	304	104	40	216	152	128
89	0	0	0	0	0	64	24	128	112	72	176	80	192	96	80	80	48	104	104	192
90	0	0	8	0	0	128	96	152	8	8	160	232	128	96	8	184	160	200	64	48
91	0	0	0	0	0	288	32	0	0	104	120	144	200	64	88	112	288	184	0	168
92	0	0	0	0	0	0	48	96	176	64	216	120	264	0	120	288	64	0	40	216
93	0	0	0	0	0	16	0	112	184	168	8	136	208	184	48	176	240	224	0	64
94	0	0	0	0	0	56	24	144	128	32	0	192	176	96	48	208	88	248	232	48
95	0	0	0	0	0	64	16	32	112	88	0	24	0	168	192	232	128	168	168	280
96	0	0	0	0	0	152	16	56	0	0	88	136	64	88	96	120	0	216	384	376
97	0	0	0	0	0	120	88	8	296	24	48	48	136	128	240	8	192	24	152	296
98	0	0	0	0	0	56	32	24	96	224	144	280	0	0	152	48	104	224	232	64
99	0	0	0	0	0	40	88	56	128	200	88	24	232	128	80	152	8	104	40	224
100	0	0	0	0	0	48	16	32	168	248	0	360	160	152	224	176	64	144	0	200
101	0	0	0	0	0	80	176	0	144	104	160	256	136	32	136	0	120	232	96	104
102	0	0	0	0	0	112	104	40	48	136	24	176	80	32	56	208	40	264	272	0
103	0	0	0	0	0	208	0	64	264	0	144	176	88	216	120	168	96	16	8	80
104	0	0	0	0	8	88	32	120	32	56	0	80	216	168	224	256	0	72	216	168
105	0	0	0	0	0	184	264	16	40	136	192	104	160	112	72	48	160	0	32	80
106	0	0	0	0	0	64	104	96	288	0	48	160	64	168	208	104	80	48	56	104
107	0	0	0	0	0	152	48	0	0	176	344	72	192	72	112	0	0	112	200	320
108	0	0	0	0	0	160	128	120	40	112	104	176	8	24	248	64	96	104	272	0
109	0	0	0	0	0	0	112	8	120	232	8	40	224	0	56	8	352	192	48	104
110	0	0	0	0	0	16	48	136	136	168	120	256	0	32	264	120	24	232	40	80
111	0	0	0	0	0	80	200	104	24	208	0	200	48	96	0	72	88	216	48	104
112	0	0	0	0	0	0	240	40	56	72	0	240	88	112	208	0	192	192	0	184
113	0	0	0	0	0	80	128	88	104	64	32	48	24	24	120	296	144	264	8	120
114	0	0	0	0	0	128	24	128	200	8	312	272	136	48	0	96	112	40	88	32
115	0	0	0	0	0	96	64	128	56	136	104	120	248	256	88	144	0	168	40	0
116	0	0	0	0	0	40	32	56	112	152	104	64	72	208	0	128	8	176	200	120
117	0	0	8	0	0	168	56	56	8	96	64	248	248	112	56	0	64	96	152	272
118	0	0	0	0	0	128	112	80	80	168	0	48	240	96	0	264	152	0	48	200
119	0	0	0	0	0	96	0	64	272	144	184	232	88	168	0	0	104	160	232	184
120	0	0	0	0	0	80	80	64	144	136	200	96	80	152	16	80	248	120	8	184
(1,1449)	(2,5)	(3,0)	(4,5633)	
(1,1620)	(2,829)	(3,0)	(4,163)	
(1,1603)	(2,1105)	(3,0)	(4,249)	
(1,1695)	(2,1072)	(3,0)	(4,251)	
(1,1593)	(2,1193)	(3,0)	(4,270)	
(1,1068)	(2,611)	(3,0)	(4,158)	
(1,1)	(2,0)	(3,0)	(4,0)	
(1,1)	(2,0)	(3,0)	(4,0)	
(1,1)	(2,0)	(3,0)	(4,0)	
(1,1)	(2,0)	(3,0)	(4,0)	
(1,1)	(2,0)	(3,0)	(4,0)	
(1,1)	(2,0)	(3,0)	(4,0)	
(1,1)	(2,0)	(3,0)	(4,0)	
(1,1)	(2,0)	(3,0)	(4,0)	
(1,1)	(2,0)	(3,0)	(4,0)	
(1,1)	(2,0)	(3,0)	(4,0)	
(1,1)	(2,0)	(3,0)	(4,0)	
(1,1)	(2,0)	(3,0)	(4,0)	
(1,1)	(2,0)	(3,0)	(4,0)	
(1,1)	(2,0)	(3,0)	(4,0)	
(1,1)	(2,0)	(3,0)	(4,0)	
avg	0	0.133333	0.266667	0	0.266667	96.2667	83.7333	69.4667	106.4	120.533	102.267	144.667	125.067	116.133	106.933	120.4	124.533	129.2	113.2	125.333
delay	0	495	504	0	534	510.824	527.598	511.253	520.647	508.961	517.39	519.143	499.131	511.488	517.481	511.082	515.049	516.692	517.736	518.605
loss	0	0.666667	0.5	0	0.333333	0.784478	0.763602	0.807322	0.706633	0.682918	0.698388	0.675909	0.66488	0.687141	0.706335	0.694472	0.698125	0.674723	0.69559	0.664765
Command ['/home/ubuntu/ns-3.30-obss/build/scratch/simple-ofdma-adhoc4', '--ofdmaEnabled=true', '--startTime=60', '--totalTime=120', '--dataMode=HeMcs0', '--datarate=9e5', '--clNum=20', '--ratio=0.375', '--RngRun=1'] terminated with signal SIGSEGV. Run it under a debugger to get more information (./waf --run <program> --command-template="gdb --args %s <args>").
