Waf: Entering directory `/home/ubuntu/ns-3.30-obss/build'
Waf: Leaving directory `/home/ubuntu/ns-3.30-obss/build'
Build commands will be stored in build/compile_commands.json
'build' finished successfully (0.706s)
--------------------------Rate[Kbps]--------------------------
Time[s]	cl-1	cl-2	cl-3	cl-4	cl-5	cl-6	cl-7	cl-8	cl-9	cl-10	cl-11	cl-12	cl-13	cl-14	cl-15	cl-16	cl-17	cl-18	cl-19	cl-20
60	15	9.6	15.8	18.6	12.6	18.2	17.4	14.4	16.4	15.2	16.8	17.2	16	16.2	13.2	14.4	15.8	16.6	13.8	13.4
61	0	0	0	0	632	904	0	744	512	0	592	256	376	0	576	304	0	0	184	552
62	0	0	0	0	440	168	24	408	504	640	216	0	848	568	512	320	312	616	896	616
63	0	0	0	0	728	824	464	264	0	808	384	712	112	768	784	264	0	600	624	288
64	0	0	0	0	512	832	984	328	848	184	328	832	376	456	64	0	528	0	736	184
65	0	0	0	0	920	672	440	352	120	768	104	344	104	384	272	264	712	528	680	408
66	0	0	0	0	448	176	328	728	248	480	808	824	232	200	720	224	608	552	152	744
67	0	0	0	0	160	328	0	568	384	944	504	144	104	968	384	592	920	176	0	0
68	0	0	0	0	808	568	472	624	384	472	848	8	0	432	24	0	416	392	136	368
69	0	0	0	0	480	248	288	232	800	16	824	0	712	0	80	64	800	880	248	160
70	0	0	0	0	440	168	0	208	96	152	296	240	456	768	264	88	576	16	160	528
71	0	0	0	0	400	816	568	632	712	304	792	24	0	472	744	16	0	328	224	544
72	0	0	0	0	656	224	416	912	608	712	264	192	816	0	336	0	512	112	872	648
73	0	0	0	0	304	240	376	336	32	432	136	208	888	912	464	56	808	40	240	0
74	0	0	0	0	672	904	568	840	176	432	880	288	600	888	0	656	0	96	0	600
75	0	0	0	0	456	88	528	512	568	848	816	160	0	776	472	888	568	240	152	896
76	0	0	0	0	776	248	608	712	288	368	376	368	680	200	280	360	408	520	312	736
77	0	0	0	0	768	640	664	64	0	888	256	288	528	0	0	320	400	856	600	160
78	0	0	0	0	528	328	392	592	216	328	528	240	704	192	696	648	616	728	456	224
79	0	0	0	0	320	136	856	864	352	368	80	344	560	704	112	640	728	584	232	664
80	0	0	0	0	192	704	560	152	784	768	864	472	752	688	720	304	192	272	408	168
81	0	0	0	0	304	736	352	424	360	56	320	0	528	336	672	168	0	904	440	824
82	0	0	0	0	560	896	0	128	272	136	448	264	320	24	672	936	704	112	256	728
83	0	0	0	0	816	280	96	736	0	520	504	888	792	0	432	432	616	424	384	0
84	0	0	0	0	56	448	168	216	472	504	536	728	648	104	464	880	768	840	800	32
85	0	0	0	0	360	744	704	0	0	576	96	264	464	552	72	216	880	696	424	0
86	0	0	0	0	768	384	856	136	232	0	440	24	0	832	696	576	848	760	128	800
87	0	0	0	0	656	104	800	456	280	512	184	304	480	592	736	248	32	0	600	824
88	0	0	0	0	384	320	0	688	624	760	0	264	216	680	520	536	168	192	232	368
89	0	0	0	0	8	384	264	320	568	416	24	840	688	464	128	536	720	344	464	712
90	0	0	0	0	808	648	168	944	672	568	192	864	208	504	192	432	792	32	0	64
91	0	0	0	0	0	448	528	280	384	848	800	888	536	288	608	456	0	168	424	560
92	0	0	0	0	256	776	648	816	216	144	728	48	776	400	464	136	256	568	152	648
93	0	0	0	0	248	120	824	144	136	864	256	16	624	760	672	392	672	800	208	32
94	0	0	0	0	768	704	488	144	648	608	784	344	672	560	184	400	0	480	0	632
95	0	0	0	0	648	272	944	16	0	256	208	0	384	0	360	672	152	752	568	520
96	0	0	0	0	800	392	104	640	312	752	704	104	0	0	352	576	0	288	808	304
97	0	0	0	0	480	376	312	384	0	8	616	32	544	1256	736	912	624	24	32	456
98	0	0	0	0	704	832	48	704	688	400	288	752	128	424	568	592	648	64	104	0
99	0	0	0	0	232	616	0	352	48	560	544	904	912	16	288	632	496	528	552	848
100	0	0	0	0	592	808	352	440	24	488	400	448	872	768	216	264	544	552	48	144
101	0	0	0	0	576	488	248	448	144	144	744	224	96	928	560	168	160	712	400	752
102	0	0	0	0	400	24	224	0	872	760	32	368	8	272	432	608	432	200	256	912
103	0	0	0	0	880	144	0	544	696	56	800	40	848	272	56	912	0	360	64	808
104	0	0	0	0	200	296	648	696	296	656	704	688	0	616	216	192	240	256	688	824
105	0	0	0	0	0	712	464	328	304	96	480	960	640	784	840	112	640	0	184	672
106	0	0	0	0	0	0	160	488	0	248	768	64	832	880	408	760	640	848	304	168
107	0	0	0	0	712	464	0	528	176	416	832	544	568	848	800	584	368	616	200	200
108	0	0	0	0	544	408	696	432	0	344	504	0	376	664	416	840	808	80	720	720
109	0	0	0	0	736	0	968	440	32	872	0	368	0	312	464	456	232	72	368	592
110	0	0	0	0	136	24	48	848	152	448	360	648	576	440	592	312	376	456	664	312
111	0	0	0	0	152	168	104	768	264	96	872	712	368	744	440	48	840	128	664	96
112	0	0	0	0	272	544	192	824	344	776	320	0	304	816	768	800	760	816	0	280
113	0	0	0	0	176	0	520	616	416	72	696	144	72	704	712	656	560	864	0	696
114	0	0	0	0	0	592	872	0	768	368	456	120	816	256	56	336	616	944	440	328
115	0	0	0	0	216	272	528	672	400	0	288	952	440	504	152	640	512	40	272	888
116	0	0	0	0	888	928	328	224	648	368	920	144	552	536	56	0	776	88	304	456
117	0	0	0	0	224	288	464	568	496	216	840	456	0	0	592	24	360	936	288	784
118	0	0	0	0	168	552	712	552	312	0	400	624	336	304	608	872	120	840	696	344
119	0	0	0	0	88	464	168	0	232	808	736	0	784	728	608	320	232	632	280	864
120	0	0	0	0	456	680	184	320	376	680	648	808	744	440	472	280	416	488	368	104
(1,26015)	(2,13697)	(3,0)	(4,2191)	
(1,11114)	(2,1765)	(3,0)	(4,9)	
(1,10257)	(2,1731)	(3,0)	(4,28)	
(1,10871)	(2,1901)	(3,0)	(4,87)	
(1,10739)	(2,1781)	(3,0)	(4,22)	
(1,1)	(2,0)	(3,0)	(4,0)	
(1,1)	(2,0)	(3,0)	(4,0)	
(1,1)	(2,0)	(3,0)	(4,0)	
(1,1)	(2,0)	(3,0)	(4,0)	
(1,1)	(2,0)	(3,0)	(4,0)	
(1,1)	(2,0)	(3,0)	(4,0)	
(1,1)	(2,0)	(3,0)	(4,0)	
(1,1)	(2,0)	(3,0)	(4,0)	
(1,1)	(2,0)	(3,0)	(4,0)	
(1,1)	(2,0)	(3,0)	(4,0)	
(1,1)	(2,0)	(3,0)	(4,0)	
(1,1)	(2,0)	(3,0)	(4,0)	
(1,1)	(2,0)	(3,0)	(4,0)	
(1,1)	(2,0)	(3,0)	(4,0)	
(1,1)	(2,0)	(3,0)	(4,0)	
(1,1)	(2,0)	(3,0)	(4,0)	
avg	0	0	0	0	448.533	442.533	395.333	455.6	341.6	438.533	489.467	363.067	450	483.067	429.733	415.333	451.867	424	351.6	463.067
delay	0.28	0.25	0.253165	0.247312	3.36058	3.00331	2.15239	2.29412	2.61007	2.56522	2.24081	2.24642	8.12237	45.0773	8.00279	11.9352	3.24698	2.62119	2.47857	2.42154
loss	0	0	0	0	0.130974	0.117052	0.110911	0.140161	0.115637	0.132876	0.117336	0.115909	0.150516	0.110265	0.142363	0.131828	0.129463	0.140038	0.130277	0.131098
Command ['/home/ubuntu/ns-3.30-obss/build/scratch/simple-ofdma-adhoc4', '--ofdmaEnabled=true', '--startTime=60', '--totalTime=120', '--dataMode=HeMcs7', '--datarate=10e5', '--ratio=0.375', '--RngRun=19', '--locationFile=my-simulations/8_ofdma7/txt/locationFile44.txt', '--routingFile=my-simulations/8_ofdma7/txt/routingFile44.txt'] terminated with signal SIGSEGV. Run it under a debugger to get more information (./waf --run <program> --command-template="gdb --args %s <args>").
