Waf: Entering directory `/home/ubuntu/ns-3.30-obss/build'
Waf: Leaving directory `/home/ubuntu/ns-3.30-obss/build'
Build commands will be stored in build/compile_commands.json
'build' finished successfully (0.837s)
--------------------------Rate[Kbps]--------------------------
Time[s]	cl-1	cl-2	cl-3	cl-4	cl-5	cl-6
60	13.2	15.6	16	11	15	15.6
61	0	0	0	0	0	104
62	0	0	104	16	152	96
63	0	0	40	200	64	88
64	0	0	120	128	0	88
65	0	0	168	56	136	24
66	0	0	160	0	8	184
67	0	0	152	176	152	136
68	0	0	40	136	112	200
69	0	0	128	16	176	120
70	0	0	72	64	144	200
71	0	0	136	200	48	168
72	0	0	200	160	8	200
73	0	0	136	120	80	144
74	0	0	64	128	192	48
75	0	0	104	192	200	176
76	0	0	64	16	136	144
77	0	0	144	0	40	88
78	0	0	56	136	152	144
79	0	0	32	64	56	0
80	0	0	184	176	144	160
81	0	0	48	168	176	152
82	0	0	96	24	48	0
83	0	0	16	32	48	112
84	0	0	32	40	192	152
85	0	0	16	128	0	16
86	0	0	0	200	88	72
87	0	0	168	88	120	104
88	0	0	40	40	96	0
89	0	0	72	168	72	40
90	0	0	0	136	48	192
91	0	0	192	128	88	168
92	0	0	152	128	200	112
93	0	0	192	24	24	24
94	0	0	152	136	16	176
95	0	0	200	128	72	184
96	0	0	40	176	200	200
97	0	0	160	96	168	80
98	0	0	128	200	120	112
99	0	0	144	64	0	8
100	0	0	0	136	104	168
101	0	0	184	96	96	168
102	0	0	152	96	56	0
103	0	0	0	200	0	56
104	0	0	56	0	160	200
105	0	0	112	56	32	80
106	0	0	16	0	168	0
107	0	0	96	136	192	112
108	0	0	32	152	144	32
109	0	0	112	32	72	168
110	0	0	104	136	32	176
111	0	0	136	152	112	32
112	0	0	120	72	176	144
113	0	0	24	112	200	192
114	0	0	200	0	104	112
115	0	0	8	176	88	88
116	0	0	144	80	24	160
117	0	0	96	24	24	184
118	0	0	200	160	160	0
119	0	0	48	144	128	40
120	0	0	104	176	56	144
(1,3527)	(2,0)	(3,0)	(4,0)	
(1,1644)	(2,5)	(3,0)	(4,0)	
(1,1708)	(2,11)	(3,0)	(4,0)	
(1,1)	(2,0)	(3,0)	(4,0)	
(1,1)	(2,0)	(3,0)	(4,0)	
(1,1)	(2,0)	(3,0)	(4,0)	
(1,1)	(2,0)	(3,0)	(4,0)	
avg	0	0	98.2667	103.733	98.4	111.2
delay	0.257576	0.25641	1.32293	1.3162	1.32114	1.31775
loss	0	0	0.00135501	0.0025641	0.00404858	0.00239234
Command ['/home/ubuntu/ns-3.30-obss/build/scratch/simple-ofdma-adhoc4', '--ofdmaEnabled=true', '--startTime=60', '--totalTime=120', '--dataMode=HeMcs3', '--datarate=2e5', '--ratio=0.375', '--RngRun=19', '--locationFile=my-simulations/8_ofdma7/txt/locationFile22.txt', '--routingFile=my-simulations/8_ofdma7/txt/routingFile22.txt'] terminated with signal SIGSEGV. Run it under a debugger to get more information (./waf --run <program> --command-template="gdb --args %s <args>").
