Waf: Entering directory `/home/ubuntu/ns-3.30-obss/build'
Waf: Leaving directory `/home/ubuntu/ns-3.30-obss/build'
Build commands will be stored in build/compile_commands.json
'build' finished successfully (0.686s)
--------------------------Rate[Kbps]--------------------------
Time[s]	cl-1	cl-2	cl-3	cl-4	cl-5	cl-6	cl-7	cl-8	cl-9	cl-10	cl-11	cl-12	cl-13	cl-14	cl-15	cl-16	cl-17	cl-18
60	15.6	15.2	14.4	16.2	14.4	16.4	15.6	12.6	17.4	14.2	16.6	15.2	15.8	13.4	16.2	18.4	17	15.8
61	0	0	0	400	448	0	392	256	0	208	752	248	272	56	496	104	544	0
62	0	0	0	400	696	496	176	48	160	0	904	72	192	360	888	488	64	208
63	0	0	0	176	496	488	80	424	408	560	384	176	392	424	272	576	224	368
64	0	0	0	632	440	136	168	608	304	744	80	168	40	376	472	528	112	624
65	0	0	0	328	136	584	600	232	328	728	336	240	200	88	328	808	112	408
66	0	0	0	576	48	608	464	232	216	208	432	456	520	424	336	304	472	432
67	0	0	0	112	368	616	616	400	344	176	856	544	120	424	336	216	192	416
68	0	0	0	584	416	440	296	304	512	72	112	704	256	520	208	24	720	432
69	0	0	0	560	232	952	0	640	0	688	56	336	352	272	520	496	296	216
70	0	0	0	720	816	856	320	720	160	120	8	216	280	320	384	112	304	280
71	0	0	0	488	696	64	40	176	152	448	568	128	472	152	0	0	0	856
72	0	0	0	464	584	536	208	264	328	632	200	128	456	440	408	616	384	264
73	0	0	0	520	696	600	272	240	456	40	0	656	512	336	712	280	0	408
74	0	0	0	120	808	208	216	296	176	472	552	368	112	776	224	832	496	288
75	0	0	0	648	0	792	608	624	136	136	768	0	128	16	40	768	504	552
76	0	0	0	496	112	312	208	688	184	496	56	768	296	288	176	144	768	664
77	0	0	0	0	120	784	512	104	552	624	792	128	176	344	520	48	232	440
78	0	0	0	360	560	552	704	0	336	400	272	488	0	656	184	560	312	168
79	0	0	0	304	392	280	544	256	504	744	416	0	648	480	352	288	272	32
80	0	0	0	336	0	304	152	224	392	8	400	304	104	0	40	424	0	0
81	0	0	0	168	352	608	456	208	368	312	400	600	280	464	32	736	304	352
82	0	0	0	112	416	408	512	360	448	536	584	456	328	496	592	48	224	0
83	0	0	0	296	232	128	112	600	552	520	368	640	752	48	208	288	504	88
84	0	0	0	568	632	736	152	408	160	280	192	344	456	552	152	304	656	128
85	0	0	0	416	432	408	8	312	32	472	392	80	552	264	504	584	688	488
86	0	0	0	632	608	32	256	232	344	544	808	280	0	8	600	672	568	120
87	0	0	0	112	704	664	176	136	368	712	104	136	80	328	456	728	376	648
88	0	0	0	424	376	824	40	0	32	80	648	576	712	544	376	304	0	296
89	0	0	0	0	320	560	408	168	544	584	808	336	0	64	280	800	440	392
90	0	0	0	96	240	424	128	0	520	728	424	80	216	720	344	280	736	664
91	0	0	0	392	800	200	440	56	536	32	352	32	464	72	248	712	656	496
92	0	0	0	768	24	528	304	240	160	0	0	320	128	112	864	264	856	592
93	0	0	0	592	168	424	664	24	392	368	480	0	368	488	464	568	376	320
94	0	0	0	264	280	368	320	472	392	856	104	248	0	0	280	864	872	192
95	0	0	0	592	0	160	872	128	640	192	232	376	520	520	288	360	176	0
96	0	0	0	360	424	456	544	0	0	120	544	656	424	584	560	632	184	328
97	0	0	0	32	888	344	440	176	64	600	240	640	336	536	32	720	312	512
98	0	0	0	128	80	408	432	592	504	0	680	416	200	520	680	752	256	88
99	0	0	0	448	264	496	128	488	736	208	96	24	608	120	744	448	104	408
100	0	0	0	208	656	24	632	64	520	440	704	248	464	8	536	392	688	208
101	0	0	0	632	424	728	64	8	632	64	496	744	0	544	376	592	32	408
102	0	0	0	80	232	776	200	336	384	624	208	464	144	480	552	400	208	488
103	0	0	0	112	96	648	0	8	0	920	328	592	64	264	872	8	216	688
104	0	0	0	328	872	928	520	592	184	776	0	56	0	168	0	904	288	272
105	0	0	0	288	312	744	224	488	0	568	488	176	792	120	144	216	456	400
106	0	0	0	784	0	320	328	0	536	592	840	8	328	456	216	96	0	168
107	0	0	0	104	408	664	848	336	296	32	800	168	328	496	80	280	384	312
108	0	0	0	560	192	264	368	0	360	200	480	0	648	248	152	704	216	912
109	0	0	0	520	328	208	368	232	712	656	728	240	120	0	496	336	296	712
110	0	0	0	304	32	552	432	312	384	440	808	312	72	280	128	248	144	656
111	0	0	0	480	160	608	560	424	504	624	568	608	136	104	400	584	400	48
112	0	0	0	304	336	224	536	32	632	416	176	624	96	168	584	464	784	696
113	0	0	0	224	648	96	64	120	0	776	464	656	16	456	728	512	120	616
114	0	0	0	744	48	512	0	376	672	624	736	200	88	224	488	0	552	368
115	0	0	0	400	72	48	456	232	344	8	280	752	232	680	688	24	472	552
116	0	0	0	464	456	408	704	224	336	304	360	272	328	144	0	408	472	664
117	0	0	0	536	640	48	512	0	0	512	48	360	376	112	480	448	264	488
118	0	0	0	648	0	376	336	296	608	304	496	584	0	624	752	232	256	0
119	0	0	0	248	808	296	576	0	528	0	112	424	344	648	432	616	104	624
120	0	0	0	216	544	656	0	256	432	112	464	264	128	280	568	632	536	528
(1,7767)	(2,4248)	(3,0)	(4,10342)	
(1,6319)	(2,3807)	(3,0)	(4,563)	
(1,6265)	(2,3683)	(3,0)	(4,558)	
(1,6274)	(2,4055)	(3,0)	(4,614)	
(1,1)	(2,0)	(3,0)	(4,0)	
(1,1)	(2,0)	(3,0)	(4,0)	
(1,1)	(2,0)	(3,0)	(4,0)	
(1,1)	(2,0)	(3,0)	(4,0)	
(1,2)	(2,0)	(3,0)	(4,0)	
(1,1)	(2,0)	(3,0)	(4,0)	
(1,1)	(2,0)	(3,0)	(4,0)	
(1,1)	(2,0)	(3,0)	(4,0)	
(1,1)	(2,0)	(3,0)	(4,0)	
(1,1)	(2,0)	(3,0)	(4,0)	
(1,1)	(2,0)	(3,0)	(4,0)	
(1,1)	(2,0)	(3,0)	(4,0)	
(1,1)	(2,0)	(3,0)	(4,0)	
(1,1)	(2,0)	(3,0)	(4,0)	
(1,1)	(2,0)	(3,0)	(4,0)	
avg	0	0	0	380.133	376.133	448.533	344.933	261.2	341.733	394	416.4	335.333	277.6	328.267	387.867	429.6	353.067	382.933
delay	0.25641	0.25	0.25	65.1827	77.1082	69.6846	75.8821	94.3461	78.2094	68.8014	62.333	116.209	83.1629	78.6898	73.8602	70.9767	66.7948	62.6037
loss	0	0	0	0.264638	0.212037	0.174902	0.208626	0.308751	0.289939	0.21179	0.176502	0.218159	0.30224	0.295979	0.20295	0.184829	0.210933	0.270585
Command ['/home/ubuntu/ns-3.30-obss/build/scratch/simple-ofdma-adhoc4', '--ofdmaEnabled=true', '--startTime=60', '--totalTime=120', '--dataMode=HeMcs3', '--datarate=10e5', '--ratio=0.375', '--RngRun=19', '--locationFile=my-simulations/8_ofdma7/txt/locationFile35.txt', '--routingFile=my-simulations/8_ofdma7/txt/routingFile35.txt'] terminated with signal SIGSEGV. Run it under a debugger to get more information (./waf --run <program> --command-template="gdb --args %s <args>").
