Waf: Entering directory `/home/ubuntu/ns-3.30-obss/build'
Waf: Leaving directory `/home/ubuntu/ns-3.30-obss/build'
Build commands will be stored in build/compile_commands.json
'build' finished successfully (0.851s)
--------------------------Rate[Kbps]--------------------------
Time[s]	cl-1	cl-2	cl-3	cl-4	cl-5	cl-6	cl-7	cl-8	cl-9	cl-10	cl-11	cl-12	cl-13	cl-14	cl-15	cl-16	cl-17	cl-18
60	15.6	15.2	14.4	16.2	14.4	16.4	15.6	12.6	17.4	14	16.6	15.2	15.6	13.4	16.2	18.4	17	15.8
61	0	0	0	160	200	0	152	128	0	80	320	112	176	32	224	40	224	0
62	0	0	0	168	320	208	80	24	64	8	400	48	104	168	384	224	24	88
63	0	0	0	208	328	328	32	352	344	352	232	264	296	352	216	360	200	344
64	0	0	0	328	208	24	168	344	224	400	40	88	0	160	224	248	0	360
65	0	0	0	320	56	376	280	96	216	344	240	56	232	96	128	368	144	192
66	0	0	0	352	120	320	296	168	152	168	248	304	368	312	208	176	280	312
67	0	0	0	24	144	288	272	160	272	48	392	256	48	280	240	56	72	248
68	0	0	0	208	152	128	80	72	224	0	0	232	136	184	56	0	224	160
69	0	0	0	304	136	448	24	360	0	296	40	152	184	136	256	264	192	120
70	0	0	0	352	400	368	136	384	96	72	0	120	168	184	176	48	144	144
71	0	0	0	232	304	32	24	96	96	192	264	56	192	56	0	0	0	352
72	0	0	0	360	368	368	112	120	296	312	88	168	320	312	336	352	216	288
73	0	0	0	320	336	232	248	200	232	0	0	336	312	280	360	144	0	168
74	0	0	0	0	352	88	24	128	88	288	320	120	0	368	0	336	312	200
75	0	0	0	400	0	368	352	384	88	88	320	0	88	16	16	400	296	312
76	0	0	0	232	72	144	112	368	112	248	32	384	136	184	104	64	344	288
77	0	0	0	0	56	392	280	72	400	288	392	72	104	208	272	40	112	264
78	0	0	0	240	288	232	360	0	160	192	128	352	0	328	80	256	160	104
79	0	0	0	168	184	136	248	152	272	328	184	0	304	232	176	128	112	8
80	0	0	0	320	160	336	248	112	376	0	216	264	256	104	40	392	40	24
81	0	0	0	0	152	272	224	320	240	368	320	240	64	336	160	256	128	192
82	0	0	0	200	256	40	88	304	160	240	344	336	280	112	176	0	344	80
83	0	0	0	56	80	64	64	168	296	208	0	152	328	32	96	120	128	0
84	0	0	0	320	344	392	64	264	72	176	136	224	304	336	104	184	352	96
85	0	0	0	296	296	176	8	200	24	248	232	24	352	176	256	288	400	376
86	0	0	0	384	304	8	128	168	216	320	384	168	0	32	368	320	280	80
87	0	0	0	48	400	360	104	64	280	392	40	64	56	192	240	376	208	368
88	0	0	0	192	152	352	24	0	16	40	288	272	360	280	192	128	0	152
89	0	0	0	0	160	280	184	112	304	280	400	144	0	32	128	400	224	224
90	0	0	0	40	120	208	64	0	328	376	240	72	120	384	176	160	384	384
91	0	0	0	168	360	96	176	24	240	8	136	16	240	24	120	304	288	240
92	0	0	0	384	8	232	176	152	96	0	0	144	80	48	392	120	400	280
93	0	0	0	352	112	216	344	32	200	208	224	0	184	264	288	296	216	232
94	0	0	0	136	144	200	168	264	192	400	32	104	0	0	128	400	392	80
95	0	0	0	288	0	64	400	56	320	80	104	216	296	256	136	168	72	0
96	0	0	0	232	248	272	288	48	0	128	280	264	240	304	304	368	144	208
97	0	0	0	0	400	120	208	40	48	248	112	352	176	320	24	320	104	304
98	0	0	0	88	40	224	240	336	368	0	400	224	136	328	344	400	144	80
99	0	0	0	224	152	224	56	248	360	88	40	0	296	80	368	200	64	224
100	0	0	0	144	384	24	328	32	336	224	368	176	224	24	336	208	400	168
101	0	0	0	392	224	360	24	8	400	64	248	400	8	336	200	360	8	272
102	0	0	0	32	120	384	80	224	232	336	112	272	72	344	312	216	120	320
103	0	0	0	40	40	256	0	24	0	400	160	256	40	104	352	8	120	304
104	0	0	0	136	376	384	232	248	104	344	0	24	0	80	0	400	120	128
105	0	0	0	192	136	344	96	232	0	264	232	88	376	80	80	112	200	224
106	0	0	0	384	0	168	168	0	256	304	392	8	200	224	120	40	0	88
107	0	0	0	56	208	288	400	176	128	8	376	88	208	216	32	144	208	176
108	0	0	0	240	72	104	160	0	152	104	208	0	280	96	64	288	72	384
109	0	0	0	256	144	88	192	136	400	328	328	112	56	0	264	168	128	392
110	0	0	0	152	24	256	224	192	192	224	368	120	72	152	144	128	64	344
111	0	0	0	400	184	336	376	280	352	392	400	312	80	88	120	328	288	120
112	0	0	0	176	112	16	200	32	272	168	32	400	32	144	296	144	392	360
113	0	0	0	176	400	56	48	88	0	392	232	304	0	280	344	256	24	400
114	0	0	0	400	16	240	0	160	352	320	352	120	48	120	232	0	280	224
115	0	0	0	208	64	56	312	168	232	8	168	384	152	400	360	48	280	304
116	0	0	0	232	184	192	328	136	208	160	144	120	176	72	0	168	232	392
117	0	0	0	320	328	24	272	0	0	248	24	168	232	56	240	232	136	288
118	0	0	0	312	0	192	176	200	368	192	240	288	0	304	360	136	160	0
119	0	0	0	152	392	128	280	0	336	0	64	272	256	384	184	280	48	360
120	0	0	0	160	376	360	0	160	344	88	272	200	152	256	384	320	336	360
(1,21024)	(2,1228)	(3,0)	(4,119)	
(1,6902)	(2,331)	(3,0)	(4,28)	
(1,7018)	(2,298)	(3,0)	(4,8)	
(1,7481)	(2,287)	(3,0)	(4,17)	
(1,1)	(2,0)	(3,0)	(4,0)	
(1,1)	(2,0)	(3,0)	(4,0)	
(1,1)	(2,0)	(3,0)	(4,0)	
(1,1)	(2,0)	(3,0)	(4,0)	
(1,2)	(2,0)	(3,0)	(4,0)	
(1,1)	(2,0)	(3,0)	(4,0)	
(1,1)	(2,0)	(3,0)	(4,0)	
(1,1)	(2,0)	(3,0)	(4,0)	
(1,1)	(2,0)	(3,0)	(4,0)	
(1,1)	(2,0)	(3,0)	(4,0)	
(1,1)	(2,0)	(3,0)	(4,0)	
(1,1)	(2,0)	(3,0)	(4,0)	
(1,1)	(2,0)	(3,0)	(4,0)	
(1,1)	(2,0)	(3,0)	(4,0)	
(1,1)	(2,0)	(3,0)	(4,0)	
avg	0	0	0	211.067	194.933	214.533	173.867	150.267	202.267	201.333	204.8	175.2	160	188.133	198.667	211.467	183.067	219.733
delay	0.24359	0.236842	0.236111	12.8181	9.6368	8.39466	5.00077	9.88642	4.21226	1.58146	1.38281	5.914	4.19833	3.14812	2.98725	2.99622	7.25492	4.94417
loss	0	0	0	0.0423472	0.0279255	0.034793	0.0467495	0.0505476	0.0200258	0.0320513	0.0229008	0.0408759	0.0415335	0.0523842	0.0255069	0.0227973	0.0310515	0.0288745
Command ['/home/ubuntu/ns-3.30-obss/build/scratch/simple-ofdma-adhoc4', '--ofdmaEnabled=true', '--startTime=60', '--totalTime=120', '--dataMode=HeMcs5', '--datarate=4e5', '--ratio=0.375', '--RngRun=19', '--locationFile=my-simulations/8_ofdma7/txt/locationFile35.txt', '--routingFile=my-simulations/8_ofdma7/txt/routingFile35.txt'] terminated with signal SIGSEGV. Run it under a debugger to get more information (./waf --run <program> --command-template="gdb --args %s <args>").
