Waf: Entering directory `/home/synrg/Documents/Jiaming/ns-3.30/build'
Waf: Leaving directory `/home/synrg/Documents/Jiaming/ns-3.30/build'
Build commands will be stored in build/compile_commands.json
'build' finished successfully (0.486s)
--------------------------Rate[Kbps]--------------------------
Time[s]	cl-1	cl-2	cl-3	cl-4	cl-5	cl-6	cl-7	cl-8	cl-9	cl-10	cl-11	cl-12	cl-13	cl-14	cl-15	cl-16	cl-17	cl-18	cl-19	cl-20
60	13.8	13.8	13.6	15.4	11.6	16.6	12.8	16.6	13.2	13	15.6	16.6	13	14.8	18.4	15.4	14.6	16.2	16.2	16
61	536	528	512	504	464	288	256	280	424	392	320	328	416	368	288	328	456	392	288	328
62	520	520	528	504	480	320	240	248	480	416	320	344	456	440	352	360	416	400	344	352
63	536	560	552	520	488	296	288	264	432	432	344	368	416	424	368	376	432	424	360	384
64	488	496	512	480	480	248	168	200	448	352	272	312	416	392	312	320	440	304	240	280
65	528	496	496	496	440	360	224	240	480	384	320	360	464	400	240	320	360	400	312	336
66	552	552	552	544	464	272	264	280	488	424	424	432	480	432	360	424	432	432	336	376
67	528	520	496	488	464	304	296	312	488	448	400	400	456	408	360	392	456	416	376	376
68	424	488	544	568	464	296	240	160	336	416	336	360	352	344	280	344	320	352	304	320
69	448	504	592	584	392	224	208	208	304	336	296	280	320	376	296	304	344	376	336	320
70	488	536	560	528	392	216	176	160	312	360	248	296	288	304	288	320	368	312	296	280
71	504	496	552	592	288	152	168	176	336	280	368	232	200	304	336	272	288	248	240	336
72	496	456	520	560	360	104	168	224	264	272	192	256	200	296	304	312	240	328	352	312
73	440	520	536	568	392	152	120	240	320	328	248	336	256	320	288	328	288	280	288	280
74	488	536	544	560	328	152	176	208	304	264	328	288	272	296	280	304	264	296	280	376
75	424	536	576	552	408	176	152	232	312	264	256	232	264	256	224	240	280	328	256	280
76	464	528	560	560	416	216	184	248	328	328	312	288	264	304	336	320	328	336	280	296
77	496	504	512	568	384	200	224	208	288	336	360	312	296	320	304	336	312	408	296	360
78	416	520	568	552	464	168	136	256	304	336	304	368	232	328	360	328	256	232	272	288
79	432	504	560	576	448	224	224	304	344	232	288	272	264	272	296	280	288	376	344	312
80	496	528	496	528	432	168	176	216	296	280	320	272	232	320	256	352	256	248	288	224
81	392	520	552	576	424	192	144	288	368	304	368	328	288	312	384	336	288	272	328	320
82	480	520	544	552	360	128	176	232	320	272	248	280	216	296	280	368	304	344	280	312
83	432	504	576	536	448	176	216	208	344	280	280	304	280	296	288	360	280	256	296	264
84	464	568	528	520	360	136	128	200	296	296	272	248	240	296	256	232	280	288	312	296
85	480	488	528	520	368	104	224	176	296	328	336	296	176	336	288	240	208	344	280	320
86	392	504	488	520	408	176	152	200	328	256	280	320	224	256	288	288	248	272	280	304
87	528	480	472	528	400	240	184	200	240	272	232	312	288	264	328	280	272	360	328	392
88	496	544	536	520	336	144	152	184	336	264	280	264	240	232	280	280	224	288	280	288
89	512	560	544	552	432	200	200	272	288	312	256	288	232	320	360	360	320	384	360	360
90	544	424	464	544	416	208	176	168	328	232	192	240	232	336	352	328	288	352	224	384
91	520	504	512	544	384	136	208	200	320	328	320	384	280	336	352	320	240	336	272	360
92	440	464	488	552	376	200	240	152	312	328	272	304	280	256	272	312	240	304	280	352
93	536	480	504	552	352	128	176	128	264	272	248	240	240	272	320	304	208	368	232	376
94	448	472	456	544	464	200	120	176	304	256	256	240	232	296	280	336	240	344	272	344
95	512	528	504	544	376	160	200	248	248	336	264	352	280	392	376	360	264	400	248	328
96	472	472	544	568	432	184	136	160	248	296	224	280	192	248	288	312	256	360	240	304
97	440	456	488	424	312	168	152	184	328	360	352	224	264	344	344	264	320	344	296	304
98	432	464	448	408	328	176	168	232	336	344	312	328	264	312	448	296	400	312	328	272
99	472	504	528	416	368	176	176	216	264	280	360	248	272	312	416	328	392	352	280	304
100	440	512	504	432	424	240	264	256	336	312	336	320	304	336	376	304	432	416	264	312
101	432	480	488	488	368	152	136	128	264	328	288	304	256	368	376	312	320	360	304	296
102	464	464	496	376	320	160	144	232	272	296	360	280	224	296	352	296	328	312	256	240
103	440	464	472	352	304	208	160	184	288	392	280	192	184	328	360	248	376	320	280	264
104	480	504	488	392	344	152	200	248	280	296	288	232	200	304	352	296	304	328	296	280
105	376	520	512	400	344	216	192	240	280	344	312	288	272	360	408	312	400	336	264	272
106	496	432	448	464	328	112	168	176	280	360	336	304	280	304	376	208	368	352	224	280
107	416	496	544	416	312	144	128	224	224	328	272	304	224	376	336	240	352	304	264	248
108	472	424	448	392	320	168	144	200	248	280	312	232	184	288	392	216	320	272	264	160
109	464	456	488	440	448	192	176	200	208	312	256	240	216	304	400	240	384	304	208	272
110	448	448	496	432	400	200	184	256	248	344	328	264	256	328	392	288	384	360	256	280
111	408	456	496	480	360	136	88	176	208	376	232	232	192	280	360	296	360	312	224	280
112	440	456	416	376	344	136	120	168	312	264	272	248	192	296	384	288	352	344	288	248
113	456	488	464	440	368	184	264	304	296	368	336	224	256	328	344	232	384	312	304	264
114	432	472	504	416	392	240	232	248	304	376	336	272	240	360	408	296	408	344	288	296
115	440	496	496	376	408	248	184	216	248	320	296	312	248	304	376	296	344	360	216	312
116	504	480	472	400	384	136	160	224	232	312	280	264	144	320	312	264	360	320	320	200
117	456	432	464	432	376	304	176	288	312	352	368	288	248	320	392	360	392	368	280	336
118	472	560	552	408	368	152	128	168	272	408	304	248	256	392	400	328	360	272	280	240
119	440	464	480	392	304	192	176	240	304	384	320	264	296	320	368	360	400	344	288	328
120	400	512	480	376	376	120	120	224	256	344	360	248	192	304	352	288	368	392	232	312
avg	467.867	496.667	511.333	490.533	389.733	192.667	182.667	218.133	312.133	326.533	301.333	289.6	268.8	323.867	335.733	307.2	329.867	336.667	285.067	305.333
delay	355.402	358.17	358.722	357.064	357.25	366.089	361.364	362.455	353.548	359.838	362.694	357.694	350.253	360.035	367.096	360.534	360.808	360.182	364.137	360.42
loss	0.191538	0.149989	0.124658	0.14299	0.310645	0.639034	0.656313	0.597591	0.432478	0.418522	0.458224	0.470331	0.504659	0.419232	0.405794	0.445112	0.41651	0.398859	0.480583	0.445277
Command ['/home/synrg/Documents/Jiaming/ns-3.30/build/scratch/simple-ofdma-adhoc', '--ofdmaEnabled=true', '--startTime=60', '--totalTime=120', '--dataMode=HeMcs7', '--datarate=6e5', '--clNum=20', '--ratio=0.375', '--RngRun=46'] terminated with signal SIGSEGV. Run it under a debugger to get more information (./waf --run <program> --command-template="gdb --args %s <args>").
