Waf: Entering directory `/home/ubuntu/ns-3.30-obss/build'
Waf: Leaving directory `/home/ubuntu/ns-3.30-obss/build'
Build commands will be stored in build/compile_commands.json
'build' finished successfully (0.717s)
--------------------------Rate[Kbps]--------------------------
Time[s]	cl-1	cl-2	cl-3	cl-4	cl-5	cl-6	cl-7	cl-8	cl-9	cl-10	cl-11	cl-12	cl-13	cl-14	cl-15	cl-16	cl-17	cl-18	cl-19	cl-20
60	11.8	14.4	16	15.4	16	14.4	13.6	16.6	12.2	12.2	15.4	12	14.6	14	14	14.2	13.8	12.2	13.2	15.2
61	0	40	288	0	8	288	384	440	504	0	208	0	0	248	72	0	440	440	192	344
62	256	600	376	376	600	472	496	600	368	88	592	8	552	520	256	456	392	296	600	56
63	0	144	432	96	288	192	264	240	408	600	208	8	184	240	0	80	304	384	216	0
64	232	176	184	424	352	368	416	184	600	336	424	168	216	576	64	136	256	600	144	608
65	184	88	240	80	248	256	0	16	360	48	600	0	400	216	400	408	8	264	224	368
66	264	440	0	560	0	24	192	40	600	512	240	400	48	248	0	600	264	584	168	48
67	0	152	352	328	144	256	432	120	312	464	208	264	408	600	272	536	48	488	448	576
68	424	56	320	464	120	600	472	120	464	456	600	528	576	296	144	576	504	400	0	600
69	312	592	600	0	272	392	216	320	592	344	424	400	528	304	200	160	152	320	360	224
70	176	520	312	296	304	608	592	600	528	96	344	0	0	520	360	504	464	224	384	600
71	576	456	216	240	184	152	512	488	232	176	312	24	336	304	288	0	320	232	560	272
72	552	560	288	584	104	224	560	568	592	304	240	576	328	400	304	160	448	224	40	384
73	512	216	144	240	80	528	616	200	440	464	256	168	400	352	128	608	216	440	248	512
74	520	424	224	520	184	600	24	536	40	176	528	600	512	496	128	528	16	304	0	192
75	392	0	280	16	112	536	304	232	136	232	112	568	352	16	296	600	184	48	384	456
76	456	272	80	176	560	368	544	520	440	608	0	496	72	600	440	136	336	432	600	320
77	208	336	328	264	312	320	448	40	256	472	456	600	0	72	504	8	464	472	328	192
78	248	520	280	0	168	0	0	416	600	152	504	312	600	360	448	264	312	256	320	168
79	136	48	120	32	56	288	344	152	152	456	312	440	496	544	256	352	480	88	144	600
80	296	296	136	288	536	440	600	512	216	536	224	552	280	368	344	0	272	456	208	160
81	392	160	496	48	288	144	496	536	336	264	24	552	352	200	128	408	280	352	528	224
82	448	360	376	16	280	216	592	448	352	304	600	104	96	120	280	280	512	0	504	384
83	320	64	264	432	312	600	288	248	64	520	488	24	592	32	248	0	0	184	248	0
84	0	272	72	392	576	64	232	96	88	296	392	320	600	600	288	408	256	216	384	424
85	112	112	0	96	0	56	136	104	232	592	128	208	288	0	440	336	568	24	200	464
86	40	312	352	432	368	568	552	432	384	112	448	360	480	248	568	264	600	112	520	504
87	608	312	496	608	600	440	272	168	344	480	544	488	0	160	568	608	376	536	256	608
88	288	600	480	136	176	552	240	64	488	600	80	504	544	0	32	456	0	160	472	600
89	0	464	0	440	168	160	512	600	592	272	392	536	64	56	384	272	224	288	568	440
90	248	0	528	112	536	256	304	192	160	0	296	336	112	168	456	128	72	344	360	432
91	512	232	64	472	600	80	608	48	136	208	136	568	600	0	152	528	200	352	0	264
92	240	288	128	464	408	0	8	600	200	40	168	344	376	144	480	592	384	384	112	0
93	600	464	0	64	544	512	472	464	136	592	536	56	512	0	200	96	144	592	560	72
94	328	184	392	80	272	8	296	0	592	536	512	560	184	368	464	0	472	8	608	600
95	560	320	248	248	168	56	48	248	216	568	168	24	200	240	512	440	600	16	232	152
96	208	600	96	344	560	600	536	344	488	192	264	424	352	504	352	0	344	216	600	112
97	208	296	544	608	248	416	232	0	440	480	88	568	144	440	600	320	152	264	112	0
98	32	352	416	104	568	192	440	392	576	528	600	600	408	352	344	0	400	160	264	288
99	56	600	0	568	600	544	408	344	312	0	408	136	592	288	32	496	104	592	96	600
100	528	176	304	400	176	112	72	216	600	296	0	600	432	224	328	288	0	160	360	112
101	192	600	248	80	104	240	56	600	280	240	520	560	416	384	344	48	496	0	416	192
102	248	168	8	120	448	504	0	304	184	184	600	0	0	552	264	184	576	256	0	48
103	432	80	512	0	80	144	520	160	408	224	288	112	120	448	376	272	416	144	88	136
104	96	400	152	384	192	168	568	536	32	160	600	40	40	0	72	24	408	0	80	224
105	0	0	96	280	448	0	56	216	216	0	368	600	304	288	504	328	384	344	160	448
106	312	56	96	472	280	8	216	528	96	376	0	408	600	224	544	160	368	320	600	248
107	344	120	64	344	216	472	360	184	584	600	136	384	312	520	432	136	544	424	344	320
108	0	512	312	408	272	416	296	0	496	480	0	0	0	320	424	368	464	232	0	88
109	416	208	168	72	88	512	8	536	216	328	344	424	256	0	536	160	288	16	64	192
110	592	0	600	0	216	408	392	400	568	392	560	144	224	280	392	256	440	408	488	304
111	600	592	552	312	384	40	296	128	552	152	456	336	192	392	600	96	168	576	416	536
112	520	592	0	520	0	424	376	0	304	0	600	416	328	0	152	264	72	552	176	424
113	224	472	280	240	376	352	512	328	456	520	544	264	48	408	304	280	600	184	320	104
114	160	368	128	64	432	608	544	144	144	376	368	280	360	376	64	384	520	296	368	272
115	296	24	600	496	208	16	600	584	240	8	536	512	64	392	600	176	0	0	176	64
116	336	392	392	208	328	136	96	176	424	600	568	400	0	600	32	544	472	496	536	376
117	376	384	72	64	128	600	208	496	128	264	472	240	80	264	80	600	472	192	408	488
118	416	8	320	600	600	144	592	520	600	0	216	136	368	328	376	504	64	0	136	48
119	424	448	480	40	520	464	96	208	352	264	264	96	600	584	120	408	288	416	600	408
120	232	536	24	512	600	48	336	504	128	288	424	152	320	256	336	0	136	440	224	112
avg	294.8	301.067	259.333	271.067	300	303.2	338.133	307.333	349.733	314.267	348.8	315.467	297.467	300.667	305.2	287.067	312.4	286.8	302.533	299.867
delay	1.51787	1.5682	1.85913	1.96114	2.40311	4.07828	4.14308	4.21162	2.70568	2.16334	2.21865	2.31826	2.45361	1.90643	2.59546	2.31166	2.50747	2.30126	2.85677	2.16185
loss	0	0	0	0	0	0.00043956	0.000787712	0	0	0	0	0	0	0	0	0	0	0	0	0
Command ['/home/ubuntu/ns-3.30-obss/build/scratch/simple-ofdma-adhoc', '--ofdmaEnabled=false', '--rtscts=1', '--startTime=60', '--totalTime=120', '--dataMode=HeMcs7', '--datarate=6e5', '--clNum=20', '--ratio=0.375', '--RngRun=109'] terminated with signal SIGSEGV. Run it under a debugger to get more information (./waf --run <program> --command-template="gdb --args %s <args>").
