Waf: Entering directory `/home/ubuntu/ns-3.30-obss/build'
Waf: Leaving directory `/home/ubuntu/ns-3.30-obss/build'
Build commands will be stored in build/compile_commands.json
'build' finished successfully (0.676s)
--------------------------Rate[Kbps]--------------------------
Time[s]	cl-1	cl-2	cl-3	cl-4	cl-5	cl-6	cl-7	cl-8	cl-9	cl-10	cl-11	cl-12	cl-13	cl-14	cl-15	cl-16	cl-17	cl-18	cl-19	cl-20
60	15.2	16.2	19.2	13.2	14	17	13	16.8	15	15.8	14	13.6	16.4	12	13.8	14.6	14.4	14.8	14.8	12
61	0	0	0	0	0	304	264	16	104	136	272	0	0	0	0	320	0	32	144	0
62	0	0	0	0	0	0	400	128	304	264	472	176	184	40	144	280	536	536	88	40
63	0	0	0	0	0	256	64	112	104	552	512	440	16	152	48	424	152	200	264	80
64	0	0	0	0	0	256	0	144	272	168	432	48	200	504	88	464	416	344	48	600
65	0	0	0	0	0	120	376	328	456	560	0	32	464	256	400	568	56	200	320	320
66	0	0	0	0	0	456	144	256	408	40	272	600	368	432	480	240	200	0	240	56
67	0	0	0	0	0	80	184	304	0	336	600	144	224	592	288	296	248	416	416	0
68	0	0	0	0	0	40	344	40	104	296	32	360	600	168	208	328	552	576	232	352
69	0	0	0	0	0	352	368	112	240	288	208	432	296	520	456	264	0	448	176	520
70	0	0	0	0	0	216	264	136	96	176	352	184	368	288	432	256	64	184	56	16
71	0	0	0	0	0	256	304	232	232	192	296	24	528	544	184	256	336	304	288	296
72	0	0	0	0	0	24	168	16	0	0	200	0	264	352	432	472	320	384	96	408
73	0	0	0	0	0	136	376	96	288	256	312	264	104	128	536	176	544	0	128	176
74	0	0	0	0	0	168	272	264	320	232	136	424	560	328	128	0	8	520	200	0
75	0	0	0	0	0	0	224	192	320	352	536	232	376	152	432	464	8	80	256	272
76	8	8	0	8	0	416	504	48	32	224	408	416	24	64	336	272	296	424	112	408
77	0	0	8	0	0	72	96	208	480	520	304	512	176	400	376	464	80	456	576	72
78	0	0	0	0	0	192	328	256	0	272	104	200	152	296	0	528	560	344	384	304
79	0	0	0	0	8	344	280	312	280	552	88	72	328	536	384	248	264	264	336	280
80	0	0	0	0	0	376	8	8	312	176	0	248	272	16	40	568	176	584	560	528
81	0	0	0	0	0	184	56	120	328	464	296	136	336	376	192	304	520	360	552	352
82	0	0	0	0	0	16	136	224	104	184	224	592	288	112	0	496	456	96	200	48
83	0	0	0	0	0	424	440	0	152	8	504	384	0	256	344	192	544	88	168	0
84	0	0	0	0	0	48	144	160	64	416	344	184	424	416	456	152	488	520	480	424
85	0	0	0	0	0	296	280	64	232	440	176	96	248	232	216	104	128	544	392	536
86	0	0	0	0	0	128	392	104	144	328	0	544	128	256	384	504	320	512	560	448
87	0	0	0	0	0	320	424	0	176	560	112	128	192	488	72	528	368	0	592	552
88	0	0	0	0	0	128	376	424	72	72	112	0	16	40	344	168	520	272	240	160
89	0	0	0	0	0	352	432	312	48	504	544	328	168	24	408	40	72	288	152	496
90	0	0	0	0	0	184	416	160	304	456	128	448	0	320	112	8	376	0	216	264
91	0	8	0	0	8	416	336	8	312	432	560	0	320	16	408	88	376	296	360	600
92	0	0	0	8	0	72	0	224	240	432	328	80	296	168	272	448	248	64	584	144
93	0	0	8	0	0	0	504	344	384	152	328	496	288	416	480	24	368	176	456	96
94	0	0	0	0	0	400	408	176	0	336	24	272	264	0	368	448	248	24	184	176
95	8	0	0	0	0	112	288	0	176	472	384	328	408	344	552	248	376	568	312	392
96	0	0	0	0	0	432	296	456	464	0	144	408	184	128	72	208	0	384	528	352
97	0	0	0	0	0	224	376	344	312	160	200	0	568	512	496	520	56	560	560	496
98	0	0	0	0	0	120	152	520	440	464	384	400	200	320	584	368	56	184	0	16
99	0	0	0	0	0	0	464	376	184	464	264	280	152	136	80	432	320	360	568	560
100	0	0	0	0	0	128	240	64	0	0	336	440	600	0	8	544	152	312	424	256
101	0	0	0	0	0	96	536	48	472	136	408	16	144	192	328	368	208	376	520	224
102	0	0	0	0	0	304	0	560	120	208	368	568	200	200	160	472	72	432	224	0
103	0	0	0	8	0	0	296	288	488	464	472	280	440	488	496	520	456	176	456	288
104	0	0	0	0	0	384	224	408	536	280	184	160	600	328	168	8	432	40	472	440
105	0	0	0	0	0	144	384	256	80	456	152	584	152	424	592	16	216	8	400	360
106	0	0	0	0	0	0	80	536	136	472	136	136	24	400	416	144	488	8	80	40
107	8	8	0	0	0	408	552	0	296	0	448	0	88	592	104	24	296	464	32	48
108	0	0	0	0	0	408	440	304	544	144	176	160	56	64	144	216	528	528	504	520
109	0	0	0	0	0	0	320	0	104	56	320	0	16	0	16	0	144	312	64	304
110	0	0	8	0	0	200	8	336	352	8	656	536	320	528	696	472	48	16	200	0
111	0	0	0	0	0	264	160	176	208	200	592	536	208	440	328	224	400	368	40	416
112	0	0	0	0	0	96	304	384	384	120	344	392	472	528	360	448	408	312	544	312
113	0	0	0	0	0	0	8	0	592	448	288	496	320	96	240	80	272	400	96	104
114	0	0	0	0	0	224	8	240	32	416	368	456	536	216	280	216	32	496	80	600
115	0	0	0	0	8	440	304	280	368	0	552	312	440	488	72	0	0	328	488	416
116	0	0	0	0	0	432	248	0	424	464	144	376	256	304	432	480	296	464	496	8
117	0	0	0	0	0	256	360	392	584	552	480	464	184	568	0	368	0	256	384	576
118	0	0	0	0	0	496	600	360	24	512	584	576	120	496	24	208	232	168	280	320
119	0	0	0	0	0	296	224	272	24	504	336	584	368	24	160	88	152	88	280	360
120	0	0	0	0	0	16	240	568	440	568	224	544	448	320	0	488	568	0	320	280
(1,25834)	(2,4046)	(3,0)	(4,317)	
(1,5690)	(2,248)	(3,0)	(4,23)	
(1,8088)	(2,576)	(3,0)	(4,7)	
(1,7687)	(2,593)	(3,0)	(4,64)	
(1,8043)	(2,534)	(3,0)	(4,13)	
(1,5179)	(2,293)	(3,0)	(4,21)	
(1,1)	(2,0)	(3,0)	(4,0)	
(1,1)	(2,0)	(3,0)	(4,0)	
(1,1)	(2,0)	(3,0)	(4,0)	
(1,1)	(2,0)	(3,0)	(4,0)	
(1,1)	(2,0)	(3,0)	(4,0)	
(1,1)	(2,0)	(3,0)	(4,0)	
(1,1)	(2,0)	(3,0)	(4,0)	
(1,1)	(2,0)	(3,0)	(4,0)	
(1,1)	(2,0)	(3,0)	(4,0)	
(1,1)	(2,0)	(3,0)	(4,0)	
(1,1)	(2,0)	(3,0)	(4,0)	
(1,1)	(2,0)	(3,0)	(4,0)	
(1,1)	(2,0)	(3,0)	(4,0)	
(1,1)	(2,0)	(3,0)	(4,0)	
(1,1)	(2,0)	(3,0)	(4,0)	
avg	0.4	0.4	0.4	0.4	0.4	208.533	273.733	211.6	244.933	299.067	302.667	292.133	266.267	283.733	270.933	292.533	267.6	285.733	306.8	278.533
delay	1	0.333333	35	1	2	10.7948	8.28738	8.18514	5.01688	3.95675	9.57225	6.03606	16.8147	5.95066	25.3775	8.11759	2.42252	3.19039	3.03433	2.13739
loss	0	0	0	0	0	0.127719	0.142797	0.136017	0.078274	0.0712215	0.0673788	0.0515152	0.0606773	0.0763889	0.0813743	0.0754319	0.0501656	0.0559471	0.0650142	0.0669942
Command ['/home/ubuntu/ns-3.30-obss/build/scratch/simple-ofdma-adhoc4', '--ofdmaEnabled=true', '--startTime=60', '--totalTime=120', '--dataMode=HeMcs5', '--datarate=6e5', '--clNum=20', '--ratio=0.375', '--RngRun=10'] terminated with signal SIGSEGV. Run it under a debugger to get more information (./waf --run <program> --command-template="gdb --args %s <args>").
