Waf: Entering directory `/home/ubuntu/ns-3.30-obss/build'
Waf: Leaving directory `/home/ubuntu/ns-3.30-obss/build'
Build commands will be stored in build/compile_commands.json
'build' finished successfully (0.758s)
--------------------------Rate[Kbps]--------------------------
Time[s]	cl-1	cl-2	cl-3	cl-4	cl-5	cl-6	cl-7	cl-8	cl-9	cl-10	cl-11	cl-12	cl-13	cl-14	cl-15	cl-16	cl-17	cl-18	cl-19	cl-20
60	13.4	15	12.6	14	14	15	15.2	13.8	16.8	17.4	14	17.6	14	15.8	13.2	12.8	16.2	14.4	15.2	13.2
61	0	0	0	0	0	16	256	208	16	336	0	0	0	0	8	208	344	248	0	0
62	0	0	0	0	0	384	16	144	104	0	120	392	112	40	336	176	80	112	296	8
63	0	0	0	0	0	56	376	352	336	24	0	104	192	288	224	224	128	312	0	352
64	0	0	0	0	0	400	376	216	184	248	280	112	64	0	336	176	168	360	112	288
65	0	0	0	0	0	80	56	288	376	144	0	152	32	336	248	224	0	400	288	96
66	0	0	0	0	0	400	160	256	296	96	64	400	72	184	360	248	192	16	256	280
67	0	0	0	0	0	152	296	232	96	392	240	352	280	336	136	240	400	0	312	0
68	0	0	0	0	0	0	160	96	24	336	256	264	232	160	256	128	344	336	16	256
69	0	0	0	0	0	312	184	360	400	256	400	120	320	400	400	128	152	184	240	360
70	0	0	0	0	0	48	184	192	256	208	144	208	384	200	88	64	296	232	256	72
71	0	0	0	0	0	144	384	0	184	368	0	384	0	0	328	400	224	320	128	312
72	0	0	0	0	0	184	48	112	232	400	352	24	112	176	272	168	400	400	288	192
73	0	0	0	0	0	152	152	400	232	224	128	400	32	32	72	288	16	240	400	192
74	8	8	0	8	0	144	312	64	32	232	112	376	368	240	176	192	120	112	160	184
75	0	0	0	0	0	280	80	64	232	288	352	328	280	0	72	0	312	248	208	0
76	0	0	0	0	0	72	224	136	56	184	320	400	400	104	72	56	168	216	200	232
77	0	0	0	0	0	64	352	0	240	344	80	56	24	160	24	360	400	400	400	0
78	0	0	0	0	8	152	112	336	232	360	184	408	216	232	72	344	304	24	168	168
79	0	0	8	0	0	160	400	48	128	72	264	32	288	296	96	152	56	8	0	408
80	0	0	0	0	0	240	352	64	344	320	0	184	272	368	136	264	112	120	320	120
81	0	0	0	0	0	128	400	136	112	0	200	232	144	296	120	320	0	400	280	32
82	0	0	0	0	0	320	32	48	376	136	408	280	376	184	400	336	136	40	40	56
83	0	0	0	0	0	112	288	0	160	136	288	288	72	336	96	176	80	280	104	200
84	0	0	0	0	0	184	32	144	136	192	384	40	368	16	240	400	352	224	296	152
85	0	0	0	0	0	400	144	176	288	0	72	208	216	296	56	240	0	352	288	200
86	0	0	0	0	0	184	392	400	152	392	152	0	400	312	176	312	176	56	0	216
87	0	0	0	8	0	176	320	368	48	280	400	184	136	0	208	320	0	384	176	240
88	0	0	0	0	0	272	80	312	184	112	128	344	280	136	400	400	72	328	0	160
89	0	0	0	0	0	256	24	64	72	48	328	56	280	96	336	184	376	136	160	312
90	0	0	0	0	0	0	248	112	128	296	232	192	384	64	248	280	104	120	80	352
91	0	8	0	0	0	16	168	248	80	392	216	384	304	0	40	256	408	384	16	168
92	8	0	0	0	0	48	288	184	88	408	104	296	88	152	0	288	80	248	104	32
93	0	0	0	0	0	280	144	16	0	104	160	56	72	408	232	304	368	296	8	344
94	0	0	0	0	8	72	0	0	96	160	216	136	400	136	376	288	64	112	400	200
95	0	0	0	0	0	176	240	64	96	0	344	48	176	120	120	280	320	232	56	392
96	0	0	0	0	0	304	368	32	32	248	400	296	104	80	64	400	104	120	400	192
97	0	0	0	0	0	376	48	72	400	248	80	104	320	184	0	120	56	0	144	40
98	0	0	0	0	0	328	288	216	160	264	136	328	400	104	144	48	0	328	152	184
99	0	0	8	0	0	96	384	352	96	168	24	0	96	40	200	200	336	344	216	0
100	0	0	0	0	0	240	400	0	400	400	376	192	80	208	56	176	0	32	144	16
101	0	0	0	0	0	400	120	272	72	280	272	400	16	208	216	80	232	40	392	160
102	0	0	0	8	0	160	40	216	192	40	192	192	320	360	56	400	176	176	80	192
103	0	0	0	0	0	152	400	48	320	264	280	336	120	312	0	168	112	256	264	272
104	0	0	0	0	0	248	392	208	344	168	368	64	224	96	160	304	72	216	240	200
105	0	0	0	0	0	232	304	0	272	152	248	248	400	240	256	0	24	360	232	376
106	0	0	0	0	0	152	360	216	320	24	120	24	136	0	400	384	40	0	152	0
107	8	8	0	0	0	400	240	0	0	400	384	352	0	216	104	328	400	152	232	256
108	0	0	0	0	0	240	248	288	312	128	344	144	112	72	288	360	304	400	216	32
109	0	0	0	0	0	136	264	400	144	264	24	264	144	400	264	0	240	224	80	16
110	0	0	0	0	0	248	320	104	152	400	296	344	48	144	0	280	352	0	104	400
111	0	0	0	0	8	32	48	144	216	376	408	272	0	392	272	200	312	368	392	136
112	0	0	0	0	0	400	328	288	168	296	80	136	256	200	400	80	296	320	112	0
113	0	0	0	0	0	176	400	40	336	240	8	248	24	40	272	80	64	328	32	248
114	0	0	0	0	0	304	32	112	288	88	400	304	240	224	96	312	0	368	168	0
115	0	0	8	0	0	232	168	160	376	128	0	328	0	400	64	408	320	336	240	32
116	0	0	0	0	0	160	72	400	32	24	352	312	152	232	64	192	0	200	176	96
117	0	0	0	0	0	48	400	328	8	24	296	296	240	240	112	152	248	256	232	352
118	0	0	0	8	0	232	8	208	128	40	48	328	352	216	104	128	264	400	0	400
119	0	0	0	0	0	344	152	352	0	400	0	104	400	192	128	400	304	104	264	328
120	0	0	0	0	0	208	96	176	320	368	344	304	136	400	128	8	0	280	0	336
avg	0.4	0.4	0.4	0.533333	0.4	198.533	219.333	174.533	185.067	215.333	206.8	222.667	194.933	188.4	176.8	227.2	183.467	224.8	178.667	180.667
delay	1.33333	0.666667	3	0.5	1.66667	4.53826	4.20608	3.97785	2.32253	2.01734	2.0058	2.16108	2.0417	2.15559	2.06109	2.15141	2.01962	1.98873	2.09254	1.95351
loss	0	0	0	0	0	0	0	0	0	0	0	0	0	0	0	0	0	0	0	0
Command ['/home/ubuntu/ns-3.30-obss/build/scratch/simple-ofdma-adhoc3', '--ofdmaEnabled=false', '--rtscts=1', '--startTime=60', '--totalTime=120', '--dataMode=HeMcs3', '--datarate=4e5', '--clNum=20', '--ratio=0.375', '--RngRun=38'] terminated with signal SIGSEGV. Run it under a debugger to get more information (./waf --run <program> --command-template="gdb --args %s <args>").
