Waf: Entering directory `/home/ubuntu/ns-3.30-obss/build'
Waf: Leaving directory `/home/ubuntu/ns-3.30-obss/build'
Build commands will be stored in build/compile_commands.json
'build' finished successfully (0.864s)
--------------------------Rate[Kbps]--------------------------
Time[s]	cl-1	cl-2	cl-3	cl-4	cl-5	cl-6	cl-7	cl-8	cl-9	cl-10	cl-11	cl-12	cl-13	cl-14	cl-15	cl-16	cl-17	cl-18	cl-19	cl-20
60	17.6	14	18	14.8	13.2	14.6	13.6	14.4	15	16	14.6	15.2	14.4	11.6	16.6	15.6	13.2	16.6	13.2	13.8
61	0	0	0	0	0	360	64	88	120	208	304	248	360	0	192	488	0	192	376	0
62	0	0	0	0	0	200	312	128	160	200	312	24	104	424	200	200	48	312	272	56
63	0	0	0	0	0	296	48	352	24	360	552	24	120	224	352	128	144	0	280	400
64	0	0	0	0	0	496	232	112	432	296	152	280	280	0	112	16	0	248	552	472
65	0	0	0	0	0	496	80	312	576	432	472	248	200	368	160	24	112	504	416	216
66	0	0	0	0	0	128	520	360	64	288	328	296	536	0	16	448	152	552	48	576
67	0	0	0	0	0	256	448	104	64	96	536	0	296	64	392	584	392	64	200	80
68	0	0	0	0	0	48	560	272	352	376	16	432	0	384	456	560	0	552	168	0
69	0	0	0	0	0	288	240	240	0	0	144	104	112	256	0	320	0	80	72	24
70	0	0	0	0	0	488	360	384	464	488	464	208	208	192	544	136	448	296	384	368
71	0	0	0	0	0	0	0	480	200	88	0	32	0	464	0	424	56	320	96	408
72	0	0	0	0	0	48	32	232	280	224	424	440	0	264	160	208	296	328	552	552
73	0	0	0	0	0	192	0	360	48	392	112	392	976	344	208	296	240	64	80	408
74	0	0	0	0	8	368	32	104	464	552	112	536	272	0	216	0	96	336	280	232
75	0	0	0	8	0	56	272	248	232	176	560	568	408	120	504	136	304	552	0	328
76	0	0	0	0	0	40	88	0	600	384	72	432	592	272	592	576	0	432	200	480
77	0	0	0	0	0	720	608	208	32	0	0	56	432	544	280	336	560	224	152	528
78	0	0	8	0	0	496	560	488	216	176	368	248	552	40	0	144	0	64	136	504
79	0	8	0	0	0	344	304	128	560	496	440	360	264	120	80	0	256	440	432	88
80	0	0	0	0	0	208	216	320	0	96	0	16	424	552	160	408	312	296	376	0
81	8	0	0	0	0	168	0	24	344	464	400	0	224	592	488	472	0	176	440	568
82	0	0	0	0	0	528	416	40	424	248	192	176	472	0	592	560	16	112	0	64
83	0	0	0	0	0	576	592	336	424	152	104	176	352	224	136	136	72	496	152	248
84	0	0	0	0	0	216	192	304	0	280	128	256	312	64	136	224	312	64	216	32
85	0	0	0	0	0	504	120	568	544	600	72	96	136	120	512	368	304	528	464	48
86	0	0	0	0	0	216	80	488	480	424	456	408	456	376	384	0	72	256	328	400
87	0	0	0	0	0	376	368	120	400	368	496	184	280	160	280	152	168	584	504	464
88	0	0	0	0	0	248	528	432	264	200	0	472	344	600	432	632	448	424	104	424
89	0	0	0	0	0	272	112	416	224	128	0	328	0	504	536	0	480	16	184	560
90	0	0	0	0	0	48	104	416	152	352	240	160	312	208	168	32	200	32	408	248
91	0	0	0	8	8	392	304	336	448	104	120	0	304	400	496	368	400	16	392	0
92	0	0	0	0	0	440	248	128	360	32	440	328	560	280	376	344	336	256	496	384
93	0	0	0	0	0	0	0	240	280	0	24	0	200	248	544	224	0	536	392	480
94	8	0	0	0	0	328	504	200	584	568	80	160	200	304	208	0	104	424	120	152
95	0	0	0	0	0	576	88	416	112	416	168	312	336	480	376	152	536	264	0	400
96	0	8	0	0	0	112	0	272	192	144	344	256	104	72	312	16	184	160	336	264
97	0	0	0	0	0	408	0	32	608	192	104	576	488	568	392	32	80	584	592	440
98	0	0	8	0	0	216	72	112	8	360	208	104	24	56	272	184	288	544	88	480
99	0	0	0	0	0	0	64	128	80	336	48	432	496	160	184	584	280	592	0	104
100	0	0	0	0	0	544	248	240	128	360	592	152	392	296	0	592	80	208	416	0
101	0	0	0	0	0	224	440	464	528	232	520	0	384	0	208	352	264	0	280	184
102	0	0	0	0	0	232	224	520	176	72	0	400	224	520	312	280	168	96	312	368
103	0	0	0	8	0	560	152	296	600	16	360	432	352	120	328	40	320	48	528	264
104	0	0	0	0	0	264	520	184	408	112	376	536	96	104	112	0	424	176	208	0
105	0	0	0	0	0	424	368	432	192	176	568	248	112	272	48	560	136	184	96	56
106	0	0	0	0	0	568	152	592	200	440	40	288	576	40	128	544	264	296	64	232
107	0	0	0	0	0	504	464	440	432	584	144	288	16	552	448	152	232	480	536	328
108	0	0	0	0	8	600	600	80	280	440	536	600	256	192	472	544	352	0	536	248
109	0	0	0	0	0	344	40	224	448	416	176	256	600	264	216	400	0	224	144	216
110	8	0	0	0	0	136	144	112	184	584	0	0	536	448	128	432	496	408	56	360
111	0	0	0	0	0	216	320	608	576	456	456	120	16	592	160	344	504	0	120	232
112	0	0	0	0	0	600	528	216	368	24	456	200	176	328	344	0	312	24	112	200
113	0	0	0	0	0	440	0	48	0	248	256	448	488	568	384	248	200	432	472	304
114	0	8	0	0	0	0	208	520	208	496	56	0	136	136	0	568	288	528	216	208
115	0	0	8	0	0	64	360	224	472	312	376	40	224	208	112	136	80	40	424	560
116	0	0	0	0	0	0	64	112	264	328	136	0	72	208	0	112	192	64	320	320
117	0	0	0	0	0	560	424	496	600	88	272	488	40	200	400	104	440	568	224	104
118	0	0	0	0	0	488	320	504	32	488	256	488	352	136	456	424	128	240	144	328
119	0	0	0	0	0	24	336	464	32	192	504	264	560	0	488	424	56	256	200	576
120	0	0	0	0	0	120	552	0	24	0	24	264	184	40	488	576	424	0	176	536
(1,25483)	(2,2897)	(3,0)	(4,878)	
(1,6130)	(2,301)	(3,0)	(4,41)	
(1,7515)	(2,428)	(3,0)	(4,97)	
(1,8004)	(2,446)	(3,0)	(4,31)	
(1,6928)	(2,709)	(3,0)	(4,51)	
(1,1)	(2,0)	(3,0)	(4,0)	
(1,2)	(2,0)	(3,0)	(4,0)	
(1,1)	(2,0)	(3,0)	(4,0)	
(1,1)	(2,0)	(3,0)	(4,0)	
(1,1)	(2,0)	(3,0)	(4,0)	
(1,1)	(2,0)	(3,0)	(4,0)	
(1,1)	(2,0)	(3,0)	(4,0)	
(1,1)	(2,0)	(3,0)	(4,0)	
(1,1)	(2,0)	(3,0)	(4,0)	
(1,1)	(2,0)	(3,0)	(4,0)	
(1,1)	(2,0)	(3,0)	(4,0)	
(1,1)	(2,0)	(3,0)	(4,0)	
(1,1)	(2,0)	(3,0)	(4,0)	
(1,1)	(2,0)	(3,0)	(4,0)	
(1,1)	(2,0)	(3,0)	(4,0)	
(1,1)	(2,0)	(3,0)	(4,0)	
avg	0.4	0.4	0.4	0.4	0.4	301.067	253.867	278.4	282.8	279.333	251.6	248	292.133	254.533	278	279.067	217.6	269.867	264.533	285.067
delay	0.333333	252.667	0.666667	0.333333	1.66667	23.9021	28.0709	24.4602	26.7487	45.1881	45.5654	39.8317	50.6787	15.7533	14.5938	13.6264	29.2335	24.1917	32.4637	15.1225
loss	0	0	0	0	0	0.0757266	0.0675808	0.0756972	0.0594235	0.0883377	0.101856	0.0891283	0.0824958	0.0844125	0.0778417	0.0589029	0.0862262	0.0664207	0.0961276	0.0736568
Command ['/home/ubuntu/ns-3.30-obss/build/scratch/simple-ofdma-adhoc4', '--ofdmaEnabled=true', '--startTime=60', '--totalTime=120', '--dataMode=HeMcs7', '--datarate=6e5', '--clNum=20', '--ratio=0.375', '--RngRun=9'] terminated with signal SIGSEGV. Run it under a debugger to get more information (./waf --run <program> --command-template="gdb --args %s <args>").
