Waf: Entering directory `/home/ubuntu/ns-3.30-obss/build'
Waf: Leaving directory `/home/ubuntu/ns-3.30-obss/build'
Build commands will be stored in build/compile_commands.json
'build' finished successfully (0.704s)
--------------------------Rate[Kbps]--------------------------
Time[s]	cl-1	cl-2	cl-3	cl-4	cl-5	cl-6	cl-7	cl-8	cl-9	cl-10	cl-11	cl-12	cl-13	cl-14	cl-15	cl-16	cl-17	cl-18	cl-19	cl-20
60	13.2	18.8	12.2	17	16.8	10.8	13.2	13.8	15	14.4	14.4	16	16	15	15.8	15.8	14.2	14.4	15.6	19.4
61	0	0	0	0	0	0	184	0	376	96	376	48	520	0	104	360	432	400	192	0
62	0	0	0	0	0	80	104	0	96	376	408	288	192	136	272	296	64	360	320	208
63	0	0	0	0	0	88	232	0	112	440	208	152	96	88	392	344	408	152	400	120
64	0	0	0	0	0	8	120	136	472	256	296	0	336	392	160	0	208	48	376	72
65	0	0	0	0	0	256	8	280	224	48	48	176	208	192	88	96	0	408	344	296
66	0	0	0	0	0	168	240	136	104	0	104	0	208	368	480	0	352	520	168	72
67	0	0	0	0	0	80	72	80	288	64	256	80	16	368	448	336	272	352	80	232
68	0	0	0	0	0	288	320	32	136	104	288	80	24	288	392	216	152	104	352	72
69	0	0	0	0	0	104	56	256	208	128	0	0	96	328	416	128	472	8	224	552
70	0	0	0	0	0	216	288	80	264	8	0	88	288	88	80	496	128	0	504	144
71	0	0	0	0	0	96	312	200	48	192	112	296	432	184	496	248	216	72	136	0
72	0	0	0	0	0	120	208	32	8	176	240	0	480	336	432	0	360	424	152	368
73	0	0	0	0	0	48	0	200	272	176	248	264	0	136	216	480	248	464	248	296
74	0	0	0	0	0	240	152	40	560	264	112	72	336	360	184	304	264	64	72	0
75	0	8	0	0	0	160	0	112	168	368	8	216	24	592	416	48	440	392	144	0
76	0	0	8	0	0	80	280	280	0	96	256	128	248	248	520	352	64	40	192	56
77	0	0	0	0	8	216	88	152	344	368	40	240	280	472	56	216	312	0	272	120
78	0	0	0	0	0	240	96	144	184	352	376	24	96	48	248	200	88	152	296	40
79	8	0	0	0	0	224	136	88	88	256	152	200	328	304	192	152	48	152	336	160
80	0	0	0	8	0	416	216	0	32	176	384	32	432	416	64	48	64	104	112	472
81	0	0	0	0	0	176	184	248	208	40	96	224	96	424	152	8	264	0	288	128
82	0	0	0	0	0	80	88	192	96	80	408	0	312	0	264	312	384	144	152	264
83	0	0	0	0	0	272	56	152	248	0	384	384	368	176	56	168	208	0	56	176
84	0	0	0	0	0	216	168	96	440	168	32	328	240	408	160	88	88	64	136	352
85	0	0	0	0	0	112	136	96	64	184	208	40	536	16	376	456	32	496	232	360
86	0	0	0	0	0	56	8	136	272	16	16	336	168	368	312	272	384	376	80	496
87	0	0	0	0	0	208	272	96	0	272	256	456	48	8	80	368	336	0	272	88
88	0	0	0	0	0	400	8	120	328	440	104	8	488	440	56	48	72	400	248	0
89	0	0	0	0	0	224	40	88	240	64	384	72	136	304	272	288	48	168	208	328
90	0	0	0	0	0	80	256	160	80	336	16	128	208	288	136	304	136	400	216	216
91	0	0	0	0	0	0	80	272	240	248	96	104	248	168	224	24	0	648	368	552
92	0	0	0	0	0	104	0	40	536	72	152	208	416	40	144	400	240	160	264	408
93	0	0	0	0	0	184	336	0	216	0	296	152	208	24	504	0	216	312	304	0
94	0	0	0	0	0	192	392	200	80	280	112	232	0	344	304	128	0	0	288	8
95	0	0	0	0	0	104	8	176	336	256	160	48	256	248	320	392	16	184	288	336
96	0	0	0	0	0	344	96	168	368	224	0	0	48	336	376	312	296	184	0	184
97	0	0	0	0	0	48	48	256	464	280	480	352	88	352	392	232	0	120	56	56
98	0	0	0	0	0	56	72	72	264	512	8	8	216	568	568	616	56	160	264	0
99	0	0	0	0	0	144	8	96	304	240	80	120	240	208	104	424	240	24	376	112
100	0	0	0	0	0	8	88	56	720	0	392	624	0	56	176	160	376	432	0	304
101	8	0	0	0	0	0	352	192	112	224	0	232	352	264	400	88	120	432	128	240
102	0	0	0	0	0	120	240	0	16	56	464	184	56	216	408	232	248	288	240	144
103	0	0	0	0	0	64	160	152	0	424	0	416	352	0	400	456	168	32	0	120
104	0	0	0	0	0	192	0	96	240	168	256	56	352	384	320	160	32	376	248	0
105	0	0	0	0	0	416	80	208	40	96	392	0	312	280	544	368	80	16	0	72
106	0	0	0	0	0	184	40	72	40	424	352	272	288	168	0	296	112	152	328	312
107	0	0	0	0	0	184	240	56	184	248	112	304	232	216	344	64	232	304	312	8
108	0	0	0	0	0	0	248	344	440	0	0	144	0	248	304	400	152	344	80	184
109	0	0	0	0	0	0	80	96	64	168	384	0	408	136	168	440	144	0	456	528
110	0	0	0	0	0	80	0	32	168	264	232	168	240	232	240	376	392	200	184	312
111	0	0	0	8	0	56	216	208	288	96	160	0	128	144	328	264	64	288	400	272
112	0	0	0	0	0	136	240	160	16	0	256	64	120	344	296	480	296	96	400	0
113	0	0	0	0	0	312	48	128	184	312	8	568	360	0	32	152	112	24	568	144
114	8	0	0	0	0	96	192	232	0	232	64	256	256	104	64	400	448	184	80	96
115	0	0	0	0	0	264	112	104	256	360	216	232	96	96	0	424	176	192	0	320
116	0	0	0	0	0	216	136	0	56	224	0	272	160	56	248	512	208	328	376	16
117	0	0	0	0	0	56	216	104	328	480	80	0	104	232	40	312	88	16	280	392
118	0	0	0	0	0	88	192	32	376	128	320	160	320	304	256	216	176	144	104	216
119	0	0	0	0	0	32	336	232	56	296	528	304	72	0	32	152	256	400	216	104
120	0	0	0	0	0	24	8	280	16	400	184	464	184	112	160	184	40	272	472	80
(1,1558)	(2,8)	(3,0)	(4,9730)	
(1,1975)	(2,1564)	(3,0)	(4,319)	
(1,2071)	(2,1969)	(3,0)	(4,436)	
(1,2188)	(2,2215)	(3,0)	(4,709)	
(1,2140)	(2,2103)	(3,0)	(4,482)	
(1,1319)	(2,1117)	(3,0)	(4,307)	
(1,1)	(2,0)	(3,0)	(4,0)	
(1,1)	(2,0)	(3,0)	(4,0)	
(1,1)	(2,0)	(3,0)	(4,0)	
(1,1)	(2,0)	(3,0)	(4,0)	
(1,1)	(2,0)	(3,0)	(4,0)	
(1,1)	(2,0)	(3,0)	(4,0)	
(1,1)	(2,0)	(3,0)	(4,0)	
(1,1)	(2,0)	(3,0)	(4,0)	
(1,1)	(2,0)	(3,0)	(4,0)	
(1,1)	(2,0)	(3,0)	(4,0)	
(1,1)	(2,0)	(3,0)	(4,0)	
(1,1)	(2,0)	(3,0)	(4,0)	
(1,1)	(2,0)	(3,0)	(4,0)	
(1,1)	(2,0)	(3,0)	(4,0)	
(1,1)	(2,0)	(3,0)	(4,0)	
avg	0.4	0.133333	0.133333	0.266667	0.133333	144.267	143.2	128.267	206.133	204.267	193.333	171.733	222.533	227.6	253.6	254.933	192.133	209.6	231.467	186.8
delay	502	503	501	459.5	499	544.384	542.87	546.952	523.072	540.213	535.315	533.984	521.936	535.478	534.699	538.072	523.461	534.157	531.125	540.483
loss	0	0.5	0.666667	0.333333	0.666667	0.735193	0.706412	0.733592	0.594927	0.581402	0.557452	0.557005	0.603698	0.600047	0.569199	0.568954	0.61305	0.599797	0.596194	0.598
Command ['/home/ubuntu/ns-3.30-obss/build/scratch/simple-ofdma-adhoc4', '--ofdmaEnabled=true', '--startTime=60', '--totalTime=120', '--dataMode=HeMcs1', '--datarate=12e5', '--clNum=20', '--ratio=0.375', '--RngRun=34'] terminated with signal SIGSEGV. Run it under a debugger to get more information (./waf --run <program> --command-template="gdb --args %s <args>").
