Waf: Entering directory `/home/ubuntu/ns-3.30-obss/build'
Waf: Leaving directory `/home/ubuntu/ns-3.30-obss/build'
Build commands will be stored in build/compile_commands.json
'build' finished successfully (0.757s)
--------------------------Rate[Kbps]--------------------------
Time[s]	cl-1	cl-2	cl-3	cl-4	cl-5	cl-6	cl-7	cl-8	cl-9	cl-10	cl-11	cl-12	cl-13	cl-14	cl-15	cl-16	cl-17	cl-18	cl-19	cl-20
60	12.8	15.8	13.6	16.8	15.4	14.6	16.8	15.4	16.6	14.4	14.4	14.4	13.6	13	14.4	13.4	14.8	17.6	16.2	14
61	0	0	0	0	0	0	280	304	184	0	424	56	168	144	152	360	32	64	320	336
62	0	0	0	0	0	152	496	424	504	504	160	320	424	272	0	40	200	184	88	312
63	0	0	0	0	0	304	296	0	352	288	72	152	456	88	24	384	152	448	264	112
64	0	0	0	0	0	8	24	280	280	128	48	128	0	448	80	480	272	16	192	88
65	0	0	0	0	0	240	104	64	0	144	0	376	88	336	160	408	0	400	200	496
66	0	0	0	0	0	192	368	8	88	120	336	224	488	0	320	464	416	136	112	344
67	0	0	0	0	0	240	8	0	448	504	376	504	232	256	248	0	48	280	504	400
68	0	0	0	0	0	192	312	72	232	144	160	152	496	472	32	480	152	88	72	448
69	0	0	0	0	0	296	488	320	56	0	168	496	336	280	240	200	328	496	312	112
70	0	0	0	0	0	192	424	240	448	264	344	472	288	496	448	128	496	496	320	392
71	0	0	0	0	0	0	144	96	280	0	304	0	240	152	504	216	488	0	0	8
72	0	0	0	0	0	224	240	40	56	312	504	488	0	376	488	0	240	32	232	40
73	0	0	0	0	0	496	0	424	376	384	448	24	272	208	456	112	352	192	256	112
74	0	0	0	0	0	264	224	200	248	376	496	376	272	376	408	496	96	104	296	240
75	0	0	0	0	0	296	72	464	0	288	416	504	408	152	264	144	320	424	88	208
76	0	8	0	0	0	496	408	64	200	240	456	496	0	0	272	496	336	64	240	248
77	8	0	0	8	0	424	224	224	144	352	136	176	312	200	96	352	168	200	504	280
78	0	0	0	0	0	400	80	432	160	440	312	56	496	88	368	192	288	320	96	240
79	0	0	8	0	0	320	288	296	96	264	232	24	176	336	0	400	336	504	0	448
80	0	0	0	0	0	496	0	160	504	0	496	504	416	216	432	24	160	32	480	272
81	0	0	0	0	8	80	256	8	272	456	408	392	496	0	392	0	0	472	136	496
82	0	0	0	0	0	296	0	320	504	408	96	0	16	272	0	336	176	112	48	344
83	0	0	0	0	0	496	376	0	40	80	280	392	96	312	368	0	72	176	232	464
84	0	0	0	0	0	32	232	120	256	448	464	392	184	0	496	72	504	496	496	0
85	0	0	0	0	0	272	216	32	504	184	152	144	0	504	208	392	200	272	392	16
86	0	0	0	0	0	496	400	96	240	312	296	456	256	496	368	160	328	272	152	392
87	0	0	0	0	0	384	40	408	0	360	224	248	120	40	0	104	160	248	304	120
88	0	0	0	0	0	88	408	336	216	40	416	216	248	504	304	40	160	104	480	504
89	0	0	0	0	0	128	96	8	496	504	104	16	320	200	248	256	96	256	240	240
90	0	0	0	0	0	480	248	312	224	72	368	496	400	0	264	0	160	0	472	0
91	0	0	0	0	0	432	360	8	368	208	448	304	168	368	216	240	504	456	296	280
92	0	0	0	0	0	496	240	192	336	0	344	184	504	104	232	392	400	208	328	376
93	0	8	0	0	0	48	168	256	152	144	216	320	96	496	88	480	200	120	200	480
94	0	0	8	0	0	32	120	360	0	384	176	496	128	352	400	0	440	16	160	216
95	0	0	0	0	0	496	440	320	352	504	176	120	288	0	56	424	496	416	344	184
96	8	0	0	8	0	184	16	240	368	144	88	0	248	248	232	296	32	0	72	56
97	0	0	0	0	0	0	304	504	0	96	232	344	32	280	112	496	32	8	144	296
98	0	0	0	0	0	360	120	376	160	504	336	496	112	504	504	264	400	48	312	0
99	0	0	0	0	8	376	264	352	152	80	104	40	168	128	448	0	280	160	296	152
100	0	0	0	0	0	48	80	400	224	472	448	192	368	136	472	288	384	296	504	24
101	0	0	0	0	0	504	224	168	0	0	224	0	272	168	368	456	304	136	376	232
102	0	0	0	0	0	496	224	376	448	184	456	184	0	8	112	144	136	128	376	136
103	0	0	0	0	0	360	80	160	264	336	256	392	424	312	112	280	120	320	496	64
104	0	0	0	0	0	120	104	88	496	288	280	0	416	504	160	496	376	336	128	200
105	0	0	0	0	0	0	496	256	440	336	240	176	496	328	208	256	288	456	224	440
106	0	0	0	0	0	112	0	504	240	424	8	232	264	0	280	168	24	472	376	264
107	0	0	8	0	0	40	256	448	504	192	8	232	128	56	0	296	312	192	320	280
108	0	0	0	0	0	248	240	456	264	320	232	264	184	336	272	264	264	112	400	464
109	0	0	0	0	0	368	352	464	496	0	240	360	0	48	96	408	128	360	328	80
110	0	8	0	0	0	200	200	192	184	344	248	32	112	80	0	408	480	0	176	96
111	0	0	0	0	0	224	224	496	176	336	496	24	504	216	304	8	16	424	0	504
112	0	0	0	0	0	448	0	376	144	136	304	112	104	192	88	448	272	136	408	440
113	0	0	0	8	0	264	384	112	88	400	176	296	56	144	256	200	304	0	504	496
114	8	0	0	0	0	0	200	360	496	312	312	496	304	368	456	0	336	176	152	64
115	0	0	0	0	0	40	416	504	288	496	88	96	144	496	360	312	496	120	160	232
116	0	0	0	0	0	304	304	24	104	104	496	8	248	400	480	472	304	376	200	384
117	0	0	0	0	0	272	160	200	24	232	168	192	0	288	56	144	96	256	8	0
118	0	0	0	0	0	224	488	88	104	112	144	248	24	320	176	368	336	408	280	352
119	0	0	0	0	0	392	256	360	184	336	496	256	40	64	264	424	264	464	464	480
120	0	0	0	0	8	264	272	200	232	496	64	368	272	472	496	488	240	152	216	224
avg	0.4	0.4	0.4	0.4	0.4	255.6	229.067	243.2	244.933	258.933	270	245.733	230.133	244	249.067	260.933	250	227.333	262.933	253.467
delay	0.333333	0.333333	0.333333	1.33333	0.666667	2.69014	2.97264	2.8125	1.55416	1.52832	1.30469	1.5019	1.60371	1.49508	1.42452	1.42207	1.5712	1.58768	1.64858	1.45976
loss	0	0	0	0	0	0	0	0	0	0	0	0	0	0	0	0	0	0	0	0
Command ['/home/ubuntu/ns-3.30-obss/build/scratch/simple-ofdma-adhoc3', '--ofdmaEnabled=false', '--rtscts=1', '--startTime=60', '--totalTime=120', '--dataMode=HeMcs6', '--datarate=5e5', '--clNum=20', '--ratio=0.375', '--RngRun=13'] terminated with signal SIGSEGV. Run it under a debugger to get more information (./waf --run <program> --command-template="gdb --args %s <args>").
