Waf: Entering directory `/home/ubuntu/ns-3.30-obss/build'
Waf: Leaving directory `/home/ubuntu/ns-3.30-obss/build'
Build commands will be stored in build/compile_commands.json
'build' finished successfully (0.831s)
--------------------------Rate[Kbps]--------------------------
Time[s]	cl-1	cl-2	cl-3	cl-4	cl-5	cl-6	cl-7	cl-8	cl-9	cl-10	cl-11	cl-12	cl-13	cl-14	cl-15	cl-16	cl-17	cl-18	cl-19	cl-20
60	14.8	13.6	12.4	13.2	15	15.4	16	15.2	14.8	15	13.4	14	13	14	12	13.8	14	13.4	14.8	16.4
61	0	0	0	0	0	0	0	0	440	0	728	0	0	512	480	0	0	0	112	272
62	0	0	0	0	0	240	168	32	824	496	272	16	368	736	504	424	216	464	184	632
63	0	0	0	0	0	648	512	744	168	680	272	224	600	760	320	64	336	216	576	56
64	0	0	0	0	0	496	704	536	616	400	464	560	664	344	48	368	808	256	784	160
65	0	0	0	0	0	712	464	656	304	264	664	736	248	808	16	448	424	0	488	800
66	0	0	0	0	0	656	216	168	336	688	200	632	632	672	480	768	376	376	440	312
67	0	0	0	0	0	704	104	632	216	528	640	736	40	440	464	88	440	368	736	376
68	0	0	0	0	0	536	712	600	744	40	504	416	576	384	576	552	192	96	112	824
69	0	0	0	0	0	88	368	64	768	832	592	312	0	832	344	0	80	304	312	320
70	0	0	0	0	0	280	632	304	800	320	520	496	592	224	616	496	352	424	416	48
71	0	0	0	0	0	112	352	776	288	728	288	616	280	184	392	368	848	528	200	288
72	0	0	0	0	0	832	72	680	400	0	288	0	824	344	152	784	696	0	0	96
73	0	0	0	0	0	368	408	784	512	72	488	544	448	0	504	640	0	504	840	800
74	0	0	0	0	0	680	24	0	168	0	0	536	368	56	736	0	520	352	424	824
75	0	8	0	0	0	0	40	160	872	88	40	872	320	456	144	768	552	64	384	144
76	0	0	0	0	0	496	680	496	312	0	680	688	96	656	352	336	208	688	640	608
77	0	0	0	0	0	608	336	392	736	648	440	384	640	528	464	296	256	264	704	344
78	0	0	0	0	0	792	432	560	168	736	720	208	392	344	504	576	136	248	736	112
79	0	0	8	0	0	216	200	632	88	648	672	440	520	0	592	688	240	664	808	168
80	0	0	0	0	0	424	120	464	792	104	840	176	176	736	808	504	200	576	328	456
81	0	0	0	8	0	400	280	0	784	432	344	568	264	280	56	72	616	368	16	472
82	0	0	0	0	0	200	632	760	296	672	48	672	384	160	392	872	216	48	712	40
83	0	0	0	0	0	400	320	432	0	200	872	8	632	856	88	344	160	272	464	0
84	0	0	0	0	0	848	192	0	376	0	568	640	256	680	400	504	0	112	816	728
85	0	0	0	0	0	664	0	608	504	824	208	768	696	344	104	568	520	56	416	496
86	0	0	0	0	0	0	536	496	752	432	320	808	264	752	328	584	744	232	512	144
87	0	0	0	0	0	152	736	416	0	328	800	80	680	424	816	752	800	48	136	112
88	0	8	0	0	0	744	608	160	216	0	0	552	464	152	472	64	336	64	240	48
89	0	0	0	0	0	0	536	392	728	488	272	480	232	800	152	296	392	320	424	504
90	0	0	0	0	0	592	800	288	184	8	496	32	688	248	248	0	528	488	280	264
91	0	0	0	0	0	752	200	512	752	16	744	832	328	0	568	600	344	592	368	352
92	0	0	0	0	0	8	0	344	440	816	520	120	872	760	216	464	16	480	800	576
93	0	0	0	0	0	416	80	8	256	440	288	464	608	256	48	240	840	576	472	560
94	0	0	0	0	0	608	440	0	496	704	664	440	448	8	816	512	432	512	208	408
95	0	0	0	0	0	0	768	688	624	472	640	496	752	360	584	712	424	496	320	0
96	0	0	0	0	0	480	72	760	736	0	272	768	352	784	848	168	40	336	840	240
97	8	0	0	0	0	616	376	816	432	648	688	496	312	120	192	32	640	416	152	584
98	0	0	0	0	0	0	672	216	496	600	472	176	0	856	192	288	656	0	400	816
99	0	0	8	0	0	616	296	24	872	728	0	176	648	544	280	560	8	400	320	0
100	0	0	0	8	0	216	816	648	216	664	496	640	488	144	600	128	56	0	632	616
101	0	0	0	0	0	24	352	144	304	120	848	296	824	704	120	768	464	264	528	768
102	0	0	0	0	0	800	328	64	424	0	432	584	0	432	384	584	584	0	80	224
103	0	0	0	0	0	880	792	640	88	416	240	40	72	0	488	112	520	512	848	176
104	0	0	0	0	0	272	640	432	728	96	80	160	64	832	688	0	280	328	312	608
105	0	0	0	0	0	64	864	792	640	336	328	232	480	0	88	168	832	112	416	96
106	0	0	0	0	0	536	176	0	208	704	152	88	704	464	640	408	560	320	344	816
107	0	0	0	0	0	752	656	184	584	736	856	536	168	784	0	0	616	16	96	656
108	0	0	0	0	0	208	408	640	800	176	0	816	256	592	656	408	0	168	0	672
109	0	0	0	0	0	8	216	488	120	592	688	360	568	616	768	64	160	664	160	560
110	0	0	0	0	0	416	864	384	0	0	112	472	232	712	848	192	424	440	632	0
111	8	0	0	0	0	208	208	776	232	192	648	512	688	48	720	752	280	240	592	280
112	0	0	8	0	0	0	592	280	192	816	0	0	488	760	280	600	0	864	656	0
113	0	0	0	0	0	808	0	240	656	800	320	288	232	568	712	216	56	312	0	344
114	0	0	0	0	0	752	504	720	424	336	288	760	504	552	176	704	0	0	552	368
115	0	0	0	0	0	368	848	336	96	152	624	704	768	512	624	0	264	88	0	352
116	0	0	0	0	0	96	544	648	424	56	328	680	688	704	336	464	736	824	360	344
117	0	0	0	0	0	704	0	784	440	88	280	128	568	408	704	392	440	216	0	824
118	0	0	0	0	0	432	112	528	560	152	464	0	776	200	736	880	288	192	168	272
119	0	0	0	0	0	800	312	552	528	824	112	120	296	272	192	512	40	824	288	576
120	0	8	0	0	0	208	816	488	800	168	528	232	248	280	80	504	536	728	672	280
(1,28060)	(2,10511)	(3,0)	(4,897)	
(1,8407)	(2,976)	(3,0)	(4,2)	
(1,11434)	(2,1111)	(3,0)	(4,25)	
(1,10805)	(2,1528)	(3,0)	(4,33)	
(1,9965)	(2,1125)	(3,0)	(4,6)	
(1,1)	(2,0)	(3,0)	(4,0)	
(1,1)	(2,0)	(3,0)	(4,0)	
(1,1)	(2,0)	(3,0)	(4,0)	
(1,1)	(2,0)	(3,0)	(4,0)	
(1,1)	(2,0)	(3,0)	(4,0)	
(1,1)	(2,0)	(3,0)	(4,0)	
(1,1)	(2,0)	(3,0)	(4,0)	
(1,1)	(2,0)	(3,0)	(4,0)	
(1,1)	(2,0)	(3,0)	(4,0)	
(1,1)	(2,0)	(3,0)	(4,0)	
(1,1)	(2,0)	(3,0)	(4,0)	
(1,1)	(2,0)	(3,0)	(4,0)	
(1,1)	(2,0)	(3,0)	(4,0)	
(1,1)	(2,0)	(3,0)	(4,0)	
(1,1)	(2,0)	(3,0)	(4,0)	
(1,1)	(2,0)	(3,0)	(4,0)	
avg	0.266667	0.4	0.4	0.266667	0	415.6	402.267	422.8	449.333	375.067	422.533	413.6	429.6	449.733	418.933	394.267	362.133	322	407.6	380.267
delay	0.5	1	0.666667	0.5	0	1.85306	1.88929	2.19804	2.94659	2.62389	2.77311	2.18891	3.87709	2.87578	3.38574	2.55462	2.02909	2.12091	2.03205	1.94635
loss	0.333333	0.25	0	0	0	0.0818851	0.0818624	0.113503	0.0979657	0.0881686	0.102266	0.0982558	0.0969731	0.0935232	0.0884827	0.0998478	0.0925493	0.101562	0.0968695	0.102298
Command ['/home/ubuntu/ns-3.30-obss/build/scratch/simple-ofdma-adhoc4', '--ofdmaEnabled=true', '--startTime=60', '--totalTime=120', '--dataMode=HeMcs6', '--datarate=9e5', '--clNum=20', '--ratio=0.375', '--RngRun=15'] terminated with signal SIGSEGV. Run it under a debugger to get more information (./waf --run <program> --command-template="gdb --args %s <args>").
