Waf: Entering directory `/home/ubuntu/ns-3.30-obss/build'
Waf: Leaving directory `/home/ubuntu/ns-3.30-obss/build'
Build commands will be stored in build/compile_commands.json
'build' finished successfully (0.832s)
--------------------------Rate[Kbps]--------------------------
Time[s]	cl-1	cl-2	cl-3	cl-4	cl-5	cl-6	cl-7	cl-8	cl-9
60	13.4	12.4	14.2	13.6	12.6	13.2	14.2	13.8	14.4
61	0	0	0	112	528	0	0	0	232
62	0	0	0	328	352	408	512	8	288
63	0	0	0	800	632	368	752	296	240
64	0	0	0	496	0	56	296	664	72
65	0	0	0	376	560	304	24	136	512
66	0	0	0	272	600	592	656	0	152
67	0	0	0	376	0	408	664	328	0
68	0	0	0	280	656	0	560	624	664
69	0	0	0	328	552	424	0	176	336
70	0	0	0	240	48	760	488	144	800
71	0	0	0	616	48	536	88	96	352
72	0	0	0	528	376	512	280	792	0
73	0	0	0	632	424	16	48	216	512
74	0	0	0	472	0	0	472	800	504
75	0	0	0	576	208	96	96	728	0
76	0	0	0	672	648	736	16	632	0
77	0	0	0	360	0	736	328	224	560
78	0	0	0	0	8	8	736	288	24
79	0	0	0	312	360	248	728	24	784
80	0	0	0	104	328	640	792	224	728
81	0	0	0	800	416	360	208	512	16
82	0	0	0	584	0	312	128	360	392
83	0	0	0	584	544	432	736	720	392
84	0	0	0	512	0	392	416	280	0
85	0	0	0	480	128	728	224	472	160
86	0	0	0	264	800	792	800	88	744
87	0	0	0	784	176	312	56	488	0
88	0	0	0	800	48	432	376	608	416
89	0	0	0	176	376	176	88	304	688
90	0	0	0	144	432	688	368	48	240
91	0	0	0	136	800	608	336	448	664
92	0	0	0	200	288	304	176	224	256
93	0	0	0	16	368	88	720	800	440
94	0	0	0	600	576	344	680	600	160
95	0	0	0	32	176	480	680	640	568
96	0	0	0	16	552	200	576	640	264
97	0	0	0	800	328	192	168	32	0
98	0	0	0	520	504	0	432	0	512
99	0	0	0	496	752	440	392	400	672
100	0	0	0	784	424	768	56	312	48
101	0	0	0	512	496	0	56	800	528
102	0	0	0	696	792	384	712	456	520
103	0	0	0	656	400	640	504	144	624
104	0	0	0	224	544	800	544	520	0
105	0	0	0	440	0	568	0	136	640
106	0	0	0	800	168	128	368	800	360
107	0	0	0	576	328	312	0	760	792
108	0	0	0	656	664	248	176	576	744
109	0	0	0	488	136	288	288	296	656
110	0	0	0	680	792	352	0	88	560
111	0	0	0	96	592	0	520	96	0
112	0	0	0	672	144	184	480	800	552
113	0	0	0	624	744	312	784	304	40
114	0	0	0	336	232	248	728	0	712
115	0	0	0	784	0	336	0	496	0
116	0	0	0	304	600	24	128	224	96
117	0	0	0	504	544	272	768	400	800
118	0	0	0	800	40	352	520	792	744
119	0	0	0	576	272	64	144	192	24
120	0	0	0	752	168	208	672	448	584
(1,17267)	(2,421)	(3,0)	(4,0)	
(1,6215)	(2,81)	(3,0)	(4,0)	
(1,5381)	(2,115)	(3,0)	(4,0)	
(1,5706)	(2,80)	(3,0)	(4,0)	
(1,1)	(2,0)	(3,0)	(4,0)	
(1,1)	(2,0)	(3,0)	(4,0)	
(1,1)	(2,0)	(3,0)	(4,0)	
(1,1)	(2,0)	(3,0)	(4,0)	
(1,1)	(2,0)	(3,0)	(4,0)	
(1,1)	(2,0)	(3,0)	(4,0)	
avg	0	0	0	463.067	361.2	343.6	375.733	378.4	372.8
delay	0.253731	0.290323	0.309859	1.19177	1.14286	1.15056	1.29808	1.17407	1.23355
loss	0	0	0	0.00828098	0.00769231	0.0156608	0.0133053	0.0132128	0.0203224
Command ['/home/ubuntu/ns-3.30-obss/build/scratch/simple-ofdma-adhoc4', '--ofdmaEnabled=true', '--startTime=60', '--totalTime=120', '--dataMode=HeMcs5', '--datarate=8e5', '--ratio=0.375', '--RngRun=35', '--locationFile=my-simulations/8_ofdma7/txt/locationFile32.txt', '--routingFile=my-simulations/8_ofdma7/txt/routingFile32.txt'] terminated with signal SIGSEGV. Run it under a debugger to get more information (./waf --run <program> --command-template="gdb --args %s <args>").
