Waf: Entering directory `/home/ubuntu/ns-3.30-obss/build'
Waf: Leaving directory `/home/ubuntu/ns-3.30-obss/build'
Build commands will be stored in build/compile_commands.json
'build' finished successfully (0.757s)
--------------------------Rate[Kbps]--------------------------
Time[s]	cl-1	cl-2	cl-3	cl-4	cl-5	cl-6	cl-7	cl-8	cl-9	cl-10	cl-11	cl-12	cl-13	cl-14	cl-15	cl-16	cl-17	cl-18	cl-19	cl-20
60	11	13.8	16.2	18	12.4	12.6	14.8	14.2	10.8	15.8	15.4	17.2	14	13	18.6	16.4	13.2	16.4	13.4	16
61	0	0	0	0	496	344	0	352	0	56	0	0	0	0	128	192	0	96	440	136
62	0	0	0	0	72	520	152	528	248	80	176	440	48	424	608	112	16	32	8	56
63	0	0	0	0	160	392	400	216	0	0	432	176	192	320	352	40	312	120	208	344
64	0	0	0	0	176	72	56	432	272	224	200	440	0	64	432	32	376	272	376	296
65	0	0	0	0	176	448	208	304	96	120	440	480	432	160	80	424	120	64	128	0
66	0	0	0	0	256	320	288	376	56	56	400	88	160	400	0	304	152	24	336	208
67	0	0	0	0	72	240	528	160	8	32	168	56	352	272	480	464	376	320	112	72
68	0	0	0	0	248	208	272	200	88	176	128	192	144	168	352	496	264	448	272	32
69	0	0	0	0	208	32	496	104	224	232	112	0	40	216	496	336	280	248	384	272
70	0	0	0	0	360	280	16	424	0	528	408	128	0	480	536	72	0	128	208	0
71	0	0	0	0	120	312	160	0	360	424	320	0	160	0	168	312	144	80	0	424
72	0	0	0	0	184	56	368	336	0	288	208	328	280	16	448	280	392	0	56	272
73	0	0	0	0	0	440	128	240	320	40	16	264	240	272	352	304	344	248	416	48
74	0	0	0	0	336	40	344	152	392	120	456	0	424	240	304	64	0	128	480	136
75	0	0	0	0	272	256	368	136	208	384	56	224	120	304	184	24	168	456	56	344
76	0	0	0	0	328	440	272	224	72	152	216	48	224	136	216	240	352	384	0	240
77	0	0	0	0	72	208	560	440	40	152	48	240	32	88	136	248	40	480	240	320
78	0	0	0	0	0	0	464	424	40	136	128	280	432	440	384	320	224	152	344	32
79	0	0	0	0	152	8	328	112	392	56	520	32	264	224	0	408	400	312	128	16
80	0	0	0	0	128	344	456	128	168	352	128	64	104	400	64	40	264	464	360	32
81	0	0	0	0	216	456	72	304	360	176	72	144	0	256	224	288	304	248	312	88
82	0	0	0	0	16	392	80	280	192	400	32	192	296	144	48	128	352	432	32	344
83	0	0	0	0	48	120	440	184	40	168	176	240	104	408	512	160	64	320	112	472
84	0	0	0	0	400	152	456	240	144	0	176	376	168	448	424	56	96	136	232	80
85	0	0	0	0	248	424	88	288	0	312	112	400	0	192	456	40	176	104	464	304
86	0	0	0	0	408	384	24	176	480	272	56	112	192	32	16	432	440	120	280	216
87	0	0	0	0	72	408	160	160	336	416	200	192	120	280	136	248	168	0	200	328
88	0	0	0	0	240	152	184	248	0	576	8	512	360	208	392	304	0	8	376	128
89	0	0	0	0	360	160	416	56	192	96	176	176	216	112	256	392	160	280	312	160
90	0	0	0	0	136	56	104	416	360	248	168	240	96	192	312	120	256	376	392	200
91	0	0	0	0	208	0	424	16	368	528	200	0	0	432	304	208	176	376	456	64
92	0	0	0	0	392	56	200	472	104	8	80	40	304	512	0	376	472	24	488	136
93	0	0	0	0	160	224	0	0	256	88	376	88	320	296	64	376	152	112	504	320
94	0	0	0	0	16	448	136	0	0	440	448	24	400	456	0	176	208	336	392	280
95	0	0	0	0	176	368	64	136	96	408	320	296	136	152	344	336	344	224	16	96
96	0	0	0	0	304	360	0	160	376	24	0	200	176	328	464	176	160	112	184	384
97	0	0	0	0	296	0	208	328	104	200	176	112	432	432	120	0	368	464	224	216
98	0	0	0	0	240	296	424	200	288	184	448	48	184	144	192	96	208	248	312	56
99	0	0	0	0	320	400	0	304	176	392	168	216	328	16	464	240	0	168	192	224
100	0	0	0	0	264	256	208	344	144	392	368	216	64	120	184	256	56	360	104	192
101	0	0	0	0	24	240	464	392	176	56	336	344	256	400	64	152	168	144	96	312
102	0	0	0	0	72	96	96	0	176	240	112	360	0	128	320	512	296	504	96	424
103	0	0	0	0	264	400	112	88	112	432	80	240	288	184	280	128	320	352	0	304
104	0	0	0	0	208	160	136	128	296	280	0	256	256	24	280	312	384	0	384	208
105	0	0	0	0	296	104	424	232	296	336	360	112	232	296	80	272	312	72	136	8
106	0	0	0	0	32	320	120	144	344	256	56	376	80	416	416	40	168	408	0	280
107	0	0	0	0	432	40	0	144	216	520	288	248	424	424	416	0	0	248	296	0
108	0	0	0	0	0	464	264	80	328	56	112	328	264	352	0	280	232	176	360	96
109	0	0	0	0	152	536	64	440	144	8	336	0	160	368	16	344	152	576	0	336
110	0	0	0	0	352	424	0	0	224	496	64	288	40	512	376	0	88	288	200	400
111	0	0	0	0	456	256	64	128	352	208	456	136	24	288	192	224	408	288	176	112
112	0	0	0	0	80	96	56	128	200	88	320	144	512	8	280	472	512	120	152	136
113	0	0	0	0	512	184	296	0	544	256	0	232	152	16	64	480	160	152	40	96
114	0	0	0	0	256	136	0	184	320	264	288	280	88	272	216	368	264	0	424	128
115	0	0	0	0	152	456	232	224	48	216	288	64	304	264	192	184	8	440	288	472
116	0	0	0	0	72	0	24	264	200	160	552	160	24	440	328	88	120	392	344	152
117	0	0	0	0	24	104	464	192	200	360	336	272	0	288	104	224	216	280	120	200
118	0	0	0	0	120	32	224	360	344	488	152	0	280	224	296	208	288	40	400	272
119	0	0	0	0	96	104	328	0	248	80	56	128	280	416	256	264	328	368	280	240
120	0	0	0	0	256	240	128	160	224	208	8	312	256	304	384	216	384	432	16	0
(1,7183)	(2,3519)	(3,0)	(4,5887)	
(1,4175)	(2,1616)	(3,0)	(4,91)	
(1,4070)	(2,1580)	(3,0)	(4,78)	
(1,4690)	(2,1572)	(3,0)	(4,104)	
(1,4273)	(2,1633)	(3,0)	(4,86)	
(1,1)	(2,0)	(3,0)	(4,0)	
(1,1)	(2,0)	(3,0)	(4,0)	
(1,1)	(2,0)	(3,0)	(4,0)	
(1,1)	(2,0)	(3,0)	(4,0)	
(1,1)	(2,0)	(3,0)	(4,0)	
(1,1)	(2,0)	(3,0)	(4,0)	
(1,1)	(2,0)	(3,0)	(4,0)	
(1,1)	(2,0)	(3,0)	(4,0)	
(1,1)	(2,0)	(3,0)	(4,0)	
(1,1)	(2,0)	(3,0)	(4,0)	
(1,1)	(2,0)	(3,0)	(4,0)	
(1,1)	(2,0)	(3,0)	(4,0)	
(1,1)	(2,0)	(3,0)	(4,0)	
(1,1)	(2,0)	(3,0)	(4,0)	
(1,1)	(2,0)	(3,0)	(4,0)	
(1,1)	(2,0)	(3,0)	(4,0)	
avg	0	0	0	0	203.2	241.067	217.467	214.8	199.867	232.4	208.667	193.067	191.067	256.8	253.2	231.467	219.867	236.4	232.4	195.733
delay	0.290909	0.304348	0.296296	0.344444	37.521	31.4505	37.4917	36.6065	38.4683	29.1561	29.2971	39.4682	45.1814	33.6817	28.218	38.7154	39.2612	33.0468	23.7481	32.4973
loss	0	0	0	0	0.282148	0.21382	0.187344	0.288742	0.282088	0.201923	0.200307	0.2895	0.276628	0.204132	0.161959	0.27757	0.280419	0.20207	0.186654	0.309826
Command ['/home/ubuntu/ns-3.30-obss/build/scratch/simple-ofdma-adhoc4', '--ofdmaEnabled=true', '--startTime=60', '--totalTime=120', '--dataMode=HeMcs1', '--datarate=6e5', '--ratio=0.375', '--RngRun=35', '--locationFile=my-simulations/8_ofdma7/txt/locationFile44.txt', '--routingFile=my-simulations/8_ofdma7/txt/routingFile44.txt'] terminated with signal SIGSEGV. Run it under a debugger to get more information (./waf --run <program> --command-template="gdb --args %s <args>").
