Waf: Entering directory `/home/ubuntu/ns-3.30-obss/build'
Waf: Leaving directory `/home/ubuntu/ns-3.30-obss/build'
Build commands will be stored in build/compile_commands.json
'build' finished successfully (0.702s)
--------------------------Rate[Kbps]--------------------------
Time[s]	cl-1	cl-2	cl-3	cl-4	cl-5	cl-6	cl-7	cl-8	cl-9	cl-10	cl-11	cl-12	cl-13	cl-14	cl-15
60	15	12.2	12.8	18	15.4	15.6	14.6	12	15.4	17	12.4	12.8	16.4	16.6	14.4
61	0	0	0	464	192	0	352	232	616	744	256	80	0	0	0
62	0	0	0	16	296	584	624	568	0	96	248	176	776	56	344
63	0	0	0	488	272	616	0	288	304	224	368	536	232	176	56
64	0	0	0	384	80	240	224	0	448	488	392	136	472	440	376
65	0	0	0	272	288	760	40	456	408	592	256	0	400	48	296
66	0	0	0	688	136	512	16	40	616	408	528	352	536	128	0
67	0	0	0	368	584	296	272	528	104	152	136	424	376	88	144
68	0	0	0	72	448	360	440	232	168	0	600	224	536	504	168
69	0	0	0	592	0	320	64	232	544	384	112	272	240	176	480
70	0	0	0	512	464	88	496	456	200	0	280	368	320	240	224
71	0	0	0	432	488	504	392	344	440	0	440	256	248	48	224
72	0	0	0	552	456	40	472	472	184	160	456	208	104	528	0
73	0	0	0	152	0	424	224	280	552	768	0	520	816	56	64
74	0	0	0	24	200	608	0	440	32	0	480	288	760	216	504
75	0	0	0	368	176	480	416	392	280	48	192	96	480	384	264
76	0	0	0	448	504	424	496	232	488	40	0	376	192	400	0
77	0	0	0	24	0	176	392	240	472	376	344	448	136	632	360
78	0	0	0	584	712	112	624	64	0	176	352	544	128	144	136
79	0	0	0	800	840	600	0	696	8	96	0	120	104	24	408
80	0	0	0	192	136	328	192	328	488	0	440	648	552	304	192
81	0	0	0	128	40	368	416	280	360	360	376	232	472	176	416
82	0	0	0	312	232	352	336	496	144	216	232	408	304	496	264
83	0	0	0	112	0	440	336	416	360	48	544	472	120	144	600
84	0	0	0	528	736	768	280	0	0	72	8	0	776	448	480
85	0	0	0	272	720	384	208	304	48	72	424	216	680	216	248
86	0	0	0	312	432	200	80	88	120	456	424	360	560	648	0
87	0	0	0	0	392	592	328	664	320	568	360	0	0	184	520
88	0	0	0	704	0	368	144	352	0	0	40	528	632	632	552
89	0	0	0	288	280	168	432	344	264	472	528	320	0	408	120
90	0	0	0	328	464	336	184	416	208	768	48	512	160	160	168
91	0	0	0	216	72	840	72	632	336	0	152	424	136	8	592
92	0	0	0	0	824	176	248	16	64	784	280	8	576	0	256
93	0	0	0	576	240	184	144	368	256	264	0	48	48	768	592
94	0	0	0	536	288	0	472	432	392	144	256	16	624	128	280
95	0	0	0	280	616	136	376	296	520	424	88	272	232	0	440
96	0	0	0	128	312	584	312	584	88	296	128	0	608	200	416
97	0	0	0	152	408	0	336	264	16	592	232	368	728	208	544
98	0	0	0	200	160	104	216	136	240	336	432	400	464	512	520
99	0	0	0	504	584	648	512	32	0	80	80	312	688	88	368
100	0	0	0	592	256	512	264	568	456	200	0	16	80	504	464
101	0	0	0	480	264	72	232	320	752	456	200	96	8	664	128
102	0	0	0	408	600	120	104	528	288	440	304	272	320	232	0
103	0	0	0	0	768	400	344	168	528	792	376	0	280	128	136
104	0	0	0	32	192	408	416	552	88	128	520	640	168	0	144
105	0	0	0	96	408	152	248	384	648	8	168	488	472	592	192
106	0	0	0	424	0	688	208	240	584	496	176	248	408	0	192
107	0	0	0	256	168	568	272	432	480	200	472	240	80	24	576
108	0	0	0	136	200	64	48	0	408	784	280	272	520	640	472
109	0	0	0	256	0	200	608	168	360	304	0	464	728	304	456
110	0	0	0	392	504	424	192	424	424	152	240	64	56	568	232
111	0	0	0	56	208	496	272	168	472	56	376	592	16	320	504
112	0	0	0	16	560	0	184	552	144	136	152	480	592	168	664
113	0	0	0	232	720	536	48	272	368	336	0	48	656	400	232
114	0	0	0	376	704	736	248	192	0	0	200	640	0	776	128
115	0	0	0	408	560	632	216	0	304	336	512	32	72	416	216
116	0	0	0	392	0	48	288	248	72	0	648	352	752	168	448
117	0	0	0	88	264	176	384	440	392	400	256	360	352	552	104
118	0	0	0	56	576	552	504	208	712	216	0	456	0	216	336
119	0	0	0	304	0	648	8	552	320	496	128	512	232	232	120
120	0	0	0	560	456	288	112	40	744	208	456	160	456	0	256
(1,1689)	(2,171)	(3,0)	(4,9755)	
(1,2987)	(2,2730)	(3,0)	(4,766)	
(1,2933)	(2,2618)	(3,0)	(4,637)	
(1,2821)	(2,2687)	(3,0)	(4,714)	
(1,1)	(2,0)	(3,0)	(4,0)	
(1,1)	(2,0)	(3,0)	(4,0)	
(1,1)	(2,0)	(3,0)	(4,0)	
(1,1)	(2,0)	(3,0)	(4,0)	
(1,1)	(2,0)	(3,0)	(4,0)	
(1,1)	(2,0)	(3,0)	(4,0)	
(1,1)	(2,0)	(3,0)	(4,0)	
(1,1)	(2,0)	(3,0)	(4,0)	
(1,1)	(2,0)	(3,0)	(4,0)	
(1,1)	(2,0)	(3,0)	(4,0)	
(1,1)	(2,0)	(3,0)	(4,0)	
(1,1)	(2,0)	(3,0)	(4,0)	
avg	0	0	0	309.467	341.333	364	272.8	318.267	310.533	280.8	266.267	290	357.733	282	293.6
delay	0.28	0.311475	0.28125	389.744	383.015	395.744	404.727	383.539	370.675	376.167	383.591	394.948	377.785	398.916	395.825
loss	0	0	0	0.396632	0.267618	0.280822	0.386432	0.401754	0.299127	0.276902	0.408459	0.368009	0.283125	0.290268	0.378066
Command ['/home/ubuntu/ns-3.30-obss/build/scratch/simple-ofdma-adhoc4', '--ofdmaEnabled=true', '--startTime=60', '--totalTime=120', '--dataMode=HeMcs1', '--datarate=10e5', '--ratio=0.375', '--RngRun=35', '--locationFile=my-simulations/8_ofdma7/txt/locationFile34.txt', '--routingFile=my-simulations/8_ofdma7/txt/routingFile34.txt'] terminated with signal SIGSEGV. Run it under a debugger to get more information (./waf --run <program> --command-template="gdb --args %s <args>").
