Waf: Entering directory `/home/ubuntu/ns-3.30-obss/build'
Waf: Leaving directory `/home/ubuntu/ns-3.30-obss/build'
Build commands will be stored in build/compile_commands.json
'build' finished successfully (0.711s)
--------------------------Rate[Kbps]--------------------------
Time[s]	cl-1	cl-2	cl-3	cl-4	cl-5	cl-6	cl-7	cl-8	cl-9	cl-10	cl-11	cl-12	cl-13	cl-14	cl-15	cl-16	cl-17	cl-18
60	11.2	15.8	16.4	14.2	15.8	15.6	15	12.8	12.6	14.6	13.4	15.6	17	18.2	11.8	13.4	13.8	14.8
61	0	0	0	136	160	104	336	64	152	168	80	200	16	176	64	240	216	272
62	0	0	0	376	240	176	112	176	128	392	216	224	24	392	144	392	168	304
63	0	0	0	0	392	0	128	0	144	72	368	120	296	136	120	192	288	200
64	0	0	0	280	280	96	376	144	280	216	368	24	0	400	168	0	152	336
65	0	0	0	224	16	48	208	232	264	360	288	64	176	48	368	200	208	80
66	0	0	0	96	32	0	0	0	384	320	176	0	80	192	248	168	320	144
67	0	0	0	312	400	112	344	48	264	352	112	16	248	192	40	104	200	400
68	0	0	0	216	128	400	224	216	344	384	24	128	112	232	304	376	192	280
69	0	0	0	232	208	168	120	104	400	184	392	72	168	264	0	168	136	24
70	0	0	0	80	200	136	96	384	96	0	160	144	184	360	136	264	264	152
71	0	0	0	296	0	168	192	248	360	360	72	0	128	368	0	88	96	184
72	0	0	0	144	56	0	0	0	224	232	0	168	0	144	32	120	152	336
73	0	0	0	208	304	48	648	128	136	344	216	336	56	0	168	360	392	208
74	0	0	0	56	264	104	192	240	0	0	368	344	368	128	368	296	288	368
75	0	0	0	328	168	0	120	48	184	304	136	344	176	0	88	208	400	48
76	0	0	0	312	224	136	392	256	288	96	216	240	0	64	184	0	112	72
77	0	0	0	168	312	8	296	400	240	64	304	88	120	280	352	184	112	144
78	0	0	0	16	176	360	232	328	48	400	72	104	48	32	128	344	88	384
79	0	0	0	400	0	304	264	272	312	88	112	392	88	8	208	0	272	152
80	0	0	0	8	384	40	344	352	112	40	256	8	24	360	136	184	400	136
81	0	0	0	264	328	48	0	0	288	400	24	336	56	104	0	0	272	176
82	0	0	0	280	272	288	128	32	360	16	120	8	368	72	352	344	48	240
83	0	0	0	144	0	296	128	320	24	200	352	352	104	48	272	104	232	240
84	0	0	0	176	256	112	136	0	392	176	0	192	136	40	120	152	384	88
85	0	0	0	24	280	368	104	168	192	80	136	392	48	224	232	240	64	400
86	0	0	0	376	240	256	0	176	32	64	0	200	216	368	344	160	72	0
87	0	0	0	232	136	272	208	128	328	312	136	16	0	56	176	400	8	96
88	0	0	0	200	224	312	136	344	336	344	0	0	160	0	376	336	312	208
89	0	0	0	128	120	264	0	336	256	368	16	136	160	216	224	8	376	24
90	0	0	0	192	216	320	344	48	344	224	8	344	280	376	8	232	8	160
91	0	0	0	216	240	40	320	152	376	64	160	80	224	64	88	368	264	288
92	0	0	0	264	0	128	56	280	160	248	160	288	184	120	160	0	120	392
93	0	0	0	112	376	368	200	0	144	24	128	400	392	88	224	256	304	152
94	0	0	0	136	288	384	208	320	272	248	0	272	144	328	56	200	168	296
95	0	0	0	16	280	280	384	96	272	72	304	376	304	0	328	192	208	400
96	0	0	0	208	8	176	320	400	0	152	400	160	320	248	232	16	344	136
97	0	0	0	112	0	128	48	296	72	16	232	312	344	0	400	56	176	88
98	0	0	0	24	312	392	152	0	40	360	376	160	0	136	24	304	0	400
99	0	0	0	312	384	152	160	16	192	64	280	128	144	384	392	400	128	312
100	0	0	0	0	344	280	400	64	104	48	312	16	184	176	16	248	264	160
101	0	0	0	136	144	336	304	400	360	168	256	0	0	176	256	144	120	56
102	0	0	0	152	200	72	192	344	352	232	304	256	272	152	368	168	184	128
103	0	0	0	96	16	248	32	128	400	320	280	232	272	0	376	80	336	280
104	0	0	0	112	240	320	0	264	80	280	176	8	360	32	136	168	248	344
105	0	0	0	216	296	216	192	256	128	344	400	376	0	72	48	312	200	152
106	0	0	0	232	120	224	272	136	0	248	176	0	160	0	128	96	0	136
107	0	0	0	144	360	232	232	248	232	400	128	240	336	216	336	344	328	48
108	0	0	0	296	192	72	56	304	288	80	16	120	312	328	304	352	16	200
109	0	0	0	256	136	312	360	144	360	160	0	0	392	32	400	264	48	24
110	0	0	0	0	400	296	88	384	328	144	112	0	152	232	248	160	400	72
111	0	0	0	184	376	0	48	32	256	368	192	248	192	192	0	392	200	56
112	0	0	0	104	184	320	352	344	0	256	96	144	296	112	256	304	400	0
113	0	0	0	152	160	168	56	392	200	40	0	0	136	128	224	16	128	352
114	0	0	0	144	0	168	376	176	304	384	200	56	288	208	216	400	0	368
115	0	0	0	288	48	312	96	368	0	128	0	0	40	320	176	88	224	0
116	0	0	0	384	392	352	64	0	136	136	56	736	376	384	184	264	0	88
117	0	0	0	352	88	56	200	216	392	392	160	384	280	8	64	336	120	264
118	0	0	0	312	304	200	0	0	272	112	200	144	48	32	32	120	192	136
119	0	0	0	288	392	144	104	224	208	176	176	0	224	56	208	0	312	112
120	0	0	0	400	160	0	176	400	160	296	0	264	280	184	336	64	280	96
(1,19863)	(2,1716)	(3,0)	(4,40)	
(1,7098)	(2,305)	(3,0)	(4,21)	
(1,6851)	(2,349)	(3,0)	(4,13)	
(1,6893)	(2,358)	(3,0)	(4,1)	
(1,1)	(2,0)	(3,0)	(4,0)	
(1,1)	(2,0)	(3,0)	(4,0)	
(1,1)	(2,0)	(3,0)	(4,0)	
(1,1)	(2,0)	(3,0)	(4,0)	
(1,1)	(2,0)	(3,0)	(4,0)	
(1,1)	(2,0)	(3,0)	(4,0)	
(1,1)	(2,0)	(3,0)	(4,0)	
(1,1)	(2,0)	(3,0)	(4,0)	
(1,1)	(2,0)	(3,0)	(4,0)	
(1,1)	(2,0)	(3,0)	(4,0)	
(1,1)	(2,0)	(3,0)	(4,0)	
(1,1)	(2,0)	(3,0)	(4,0)	
(1,1)	(2,0)	(3,0)	(4,0)	
(1,1)	(2,0)	(3,0)	(4,0)	
(1,1)	(2,0)	(3,0)	(4,0)	
avg	0	0	0	192.533	207.6	188.667	187.6	192.933	216.667	208.667	166.8	173.2	174.933	161.467	192.933	199.6	199.067	189.867
delay	0.303571	0.303797	0.256098	4.66551	7.39049	3.51378	70.7385	8.18728	2.78092	1.69329	3.01359	63.2748	5.66692	3.47647	1.86662	1.8497	1.77629	2.3125
loss	0	0	0	0.0405316	0.0323182	0.0166782	0.0316586	0.0216362	0.0257794	0.0200376	0.0249415	0.029148	0.0451237	0.0472069	0.032107	0.0177165	0.024183	0.0417227
Command ['/home/ubuntu/ns-3.30-obss/build/scratch/simple-ofdma-adhoc4', '--ofdmaEnabled=true', '--startTime=60', '--totalTime=120', '--dataMode=HeMcs3', '--datarate=4e5', '--ratio=0.375', '--RngRun=35', '--locationFile=my-simulations/8_ofdma7/txt/locationFile35.txt', '--routingFile=my-simulations/8_ofdma7/txt/routingFile35.txt'] terminated with signal SIGSEGV. Run it under a debugger to get more information (./waf --run <program> --command-template="gdb --args %s <args>").
