Waf: Entering directory `/home/ubuntu/ns-3.30-obss/build'
Waf: Leaving directory `/home/ubuntu/ns-3.30-obss/build'
Build commands will be stored in build/compile_commands.json
'build' finished successfully (0.790s)
--------------------------Rate[Kbps]--------------------------
Time[s]	cl-1	cl-2	cl-3	cl-4	cl-5	cl-6	cl-7	cl-8	cl-9
60	13.4	12.4	14.2	13.6	12.6	13.2	14.2	13.8	14.4
61	0	0	0	88	392	0	0	0	176
62	0	0	0	232	264	304	384	0	176
63	0	0	0	560	448	304	600	112	112
64	0	0	0	240	0	40	224	0	0
65	0	0	0	256	368	216	16	448	480
66	0	0	0	200	440	432	496	0	120
67	0	0	0	280	0	296	496	248	0
68	0	0	0	216	448	0	376	424	400
69	0	0	0	248	416	320	0	136	248
70	0	0	0	176	40	536	328	104	592
71	0	0	0	456	32	408	64	72	264
72	0	0	0	400	264	384	208	576	0
73	0	0	0	456	312	16	32	160	384
74	0	0	0	352	0	0	336	576	344
75	0	0	0	440	152	80	72	552	0
76	0	0	0	504	488	544	16	472	0
77	0	0	0	248	0	544	216	168	416
78	0	0	0	0	8	0	544	216	24
79	0	0	0	232	272	192	544	16	584
80	0	0	0	72	224	480	584	160	600
81	0	0	0	576	272	264	152	400	8
82	0	0	0	424	0	240	88	256	304
83	0	0	0	464	448	368	576	560	304
84	0	0	0	376	0	296	312	208	0
85	0	0	0	376	72	536	168	352	144
86	0	0	0	184	528	536	544	56	520
87	0	0	0	600	136	232	48	384	0
88	0	0	0	600	32	336	288	464	280
89	0	0	0	128	288	128	64	232	544
90	0	0	0	120	296	520	280	32	176
91	0	0	0	104	600	480	272	344	512
92	0	0	0	160	232	224	136	168	184
93	0	0	0	16	272	72	528	600	312
94	0	0	0	464	416	240	496	456	136
95	0	0	0	24	128	360	520	496	416
96	0	0	0	8	416	144	392	488	200
97	0	0	0	600	248	128	128	24	0
98	0	0	0	408	376	0	328	0	392
99	0	0	0	360	536	288	328	264	520
100	0	0	0	600	336	608	40	248	32
101	0	0	0	384	368	0	40	600	392
102	0	0	0	528	584	280	520	336	424
103	0	0	0	464	280	472	376	112	464
104	0	0	0	168	408	600	400	384	0
105	0	0	0	304	8	424	0	96	480
106	0	0	0	584	128	96	280	576	248
107	0	0	0	432	240	240	0	576	600
108	0	0	0	448	464	184	136	432	552
109	0	0	0	368	104	216	216	224	512
110	0	0	0	496	568	272	0	72	416
111	0	0	0	80	448	0	392	72	0
112	0	0	0	480	104	120	392	600	456
113	0	0	0	496	600	248	592	224	32
114	0	0	0	256	176	176	544	0	536
115	0	0	0	584	0	256	0	376	0
116	0	0	0	232	456	16	96	168	72
117	0	0	0	360	408	216	600	296	592
118	0	0	0	584	32	272	344	600	552
119	0	0	0	432	200	48	112	144	24
120	0	0	0	584	112	168	496	304	392
(1,11870)	(2,893)	(3,0)	(4,8)	
(1,4408)	(2,182)	(3,0)	(4,0)	
(1,4003)	(2,118)	(3,0)	(4,0)	
(1,4056)	(2,127)	(3,0)	(4,17)	
(1,1)	(2,0)	(3,0)	(4,0)	
(1,1)	(2,0)	(3,0)	(4,0)	
(1,1)	(2,0)	(3,0)	(4,0)	
(1,1)	(2,0)	(3,0)	(4,0)	
(1,1)	(2,0)	(3,0)	(4,0)	
(1,1)	(2,0)	(3,0)	(4,0)	
avg	0	0	0	341.867	264.8	256.667	279.333	277.733	277.467
delay	0.298507	0.354839	0.352113	2.47348	2.73968	2.58442	2.53699	32.559	11.1393
loss	0	0	0	0.0236101	0.0316919	0.0208545	0.0223985	0.0324977	0.0271028
Command ['/home/ubuntu/ns-3.30-obss/build/scratch/simple-ofdma-adhoc4', '--ofdmaEnabled=true', '--startTime=60', '--totalTime=120', '--dataMode=HeMcs1', '--datarate=6e5', '--ratio=0.375', '--RngRun=35', '--locationFile=my-simulations/8_ofdma7/txt/locationFile32.txt', '--routingFile=my-simulations/8_ofdma7/txt/routingFile32.txt'] terminated with signal SIGSEGV. Run it under a debugger to get more information (./waf --run <program> --command-template="gdb --args %s <args>").
