Waf: Entering directory `/home/ubuntu/ns-3.30-obss/build'
Waf: Leaving directory `/home/ubuntu/ns-3.30-obss/build'
Build commands will be stored in build/compile_commands.json
'build' finished successfully (0.676s)
--------------------------Rate[Kbps]--------------------------
Time[s]	cl-1	cl-2	cl-3	cl-4	cl-5	cl-6	cl-7	cl-8	cl-9	cl-10	cl-11	cl-12	cl-13	cl-14	cl-15	cl-16	cl-17	cl-18	cl-19	cl-20
60	13.8	12.2	14.2	13.6	14.2	15	14.8	13.4	13.8	17.4	15.6	14.8	15.8	14.4	15.4	16.8	13.8	0	14.8	12
61	0	0	0	0	0	32	232	224	264	568	360	0	0	96	304	0	0	84	104	432
62	0	0	0	0	0	312	552	24	96	472	544	32	64	0	376	16	112	544	184	640
63	0	0	0	0	0	344	144	416	544	504	624	280	16	64	256	296	368	16	344	0
64	0	0	0	0	0	248	360	320	240	80	288	232	24	392	192	552	576	200	112	288
65	0	0	0	0	0	24	280	296	144	280	296	392	336	360	168	480	448	344	520	48
66	0	0	0	0	0	384	376	160	240	304	0	392	304	232	128	312	336	400	288	232
67	0	0	0	0	0	96	96	104	48	176	128	72	16	168	24	216	104	120	384	184
68	0	0	0	0	0	40	128	200	72	416	320	160	400	368	40	464	336	184	480	400
69	0	0	0	0	0	416	8	328	144	96	8	336	552	440	304	264	312	152	240	88
70	0	0	0	0	0	88	584	392	288	400	120	64	0	256	168	480	232	288	504	120
71	0	0	0	0	0	200	368	440	264	296	648	48	120	8	616	600	240	96	440	0
72	0	0	0	0	0	336	0	112	32	504	448	552	168	8	416	328	184	304	160	496
73	0	0	0	0	0	528	168	24	128	400	392	184	184	104	624	200	464	512	360	576
74	0	0	0	0	0	0	256	344	48	0	312	288	168	400	504	400	576	344	440	232
75	0	0	8	8	0	280	448	168	128	328	584	504	56	584	336	344	552	184	176	144
76	0	0	0	0	0	216	312	0	496	328	344	392	200	248	536	352	384	336	376	344
77	8	0	0	0	0	392	368	32	424	0	464	480	544	0	328	616	464	120	32	0
78	0	0	0	0	8	160	472	368	512	488	64	480	184	360	368	264	264	448	0	320
79	0	8	0	0	0	368	224	248	144	408	560	8	520	312	176	120	536	344	368	232
80	0	0	0	0	0	0	576	360	120	0	152	224	656	160	136	576	448	576	576	0
81	0	0	0	0	0	144	80	168	552	320	0	624	576	288	520	136	16	144	88	232
82	0	0	0	0	0	96	0	104	0	16	360	144	248	448	0	144	384	88	0	0
83	0	0	0	0	0	272	152	280	216	184	224	160	192	256	104	288	40	104	144	176
84	0	0	0	0	0	280	256	224	440	352	176	144	288	424	424	392	176	88	40	296
85	0	0	0	0	0	16	392	136	184	272	664	192	128	616	80	232	496	440	456	224
86	0	0	0	8	0	224	328	32	552	400	488	616	0	424	40	16	192	568	448	112
87	0	0	0	0	0	192	0	528	88	328	136	264	400	0	192	520	224	560	536	368
88	0	0	0	0	0	264	384	480	72	368	0	72	208	216	624	384	584	0	16	544
89	0	0	0	0	0	96	312	496	632	112	408	656	80	0	160	0	392	296	192	336
90	0	0	0	0	0	520	0	352	568	424	568	232	552	120	200	480	0	120	472	152
91	8	0	0	0	0	256	216	560	320	632	0	512	0	312	0	48	248	320	576	176
92	0	0	8	0	0	480	248	264	312	232	232	224	176	424	432	280	64	352	376	392
93	0	8	0	0	0	408	120	152	392	104	232	0	512	400	24	416	472	280	0	616
94	0	0	0	0	0	176	128	368	40	456	296	464	192	88	480	384	408	472	216	64
95	0	0	0	0	0	40	304	240	648	0	0	616	440	88	88	72	168	264	624	0
96	0	0	0	0	0	88	128	480	456	120	296	0	648	112	0	632	392	592	184	456
97	0	0	0	0	0	16	496	208	0	400	40	680	200	104	528	544	0	608	96	320
98	0	0	0	0	0	416	0	392	632	376	136	568	584	152	0	112	152	600	600	0
99	0	0	0	0	0	288	280	248	536	248	176	224	0	400	272	304	616	16	32	96
100	0	0	0	0	0	384	432	336	80	40	304	160	296	424	384	208	560	360	176	408
101	0	0	0	0	0	408	120	184	376	232	96	552	368	160	88	536	568	360	0	272
102	0	0	0	0	0	280	240	608	288	80	16	496	224	112	0	640	392	592	16	328
103	0	0	0	8	0	0	552	312	136	40	568	0	496	440	240	328	472	24	216	16
104	0	0	8	0	0	184	8	480	568	16	536	120	336	520	24	288	488	0	528	544
105	0	0	0	0	0	232	328	240	88	520	264	264	344	136	56	56	504	400	232	352
106	0	0	0	0	0	8	400	272	392	432	0	600	168	72	624	200	136	304	208	592
107	8	0	0	0	0	520	96	488	32	400	384	504	176	168	376	56	344	0	264	480
108	0	0	0	0	0	48	88	80	32	40	352	24	0	0	128	336	48	272	272	240
109	0	0	0	0	0	168	256	136	360	80	544	168	424	288	0	216	368	552	144	592
110	0	0	0	0	0	512	448	0	168	320	392	456	320	432	64	56	328	216	224	64
111	0	8	0	0	0	0	368	8	288	320	536	72	0	384	160	224	144	0	696	32
112	0	0	0	0	0	264	0	488	8	0	584	576	544	312	512	280	312	480	472	168
113	0	0	0	0	0	0	168	184	192	416	656	0	384	192	640	536	424	560	384	280
114	0	0	0	0	0	448	312	256	120	208	112	344	376	648	376	216	56	72	0	0
115	0	0	0	0	8	248	136	528	152	0	304	328	0	64	360	408	280	72	352	312
116	0	0	0	0	0	0	0	512	480	256	0	384	272	376	360	232	400	472	368	432
117	0	0	0	0	0	48	64	248	0	0	632	560	136	136	704	112	320	88	680	224
118	8	0	8	8	0	152	24	152	152	216	456	344	168	0	376	496	96	408	424	536
119	0	0	0	0	0	200	328	120	352	432	0	0	448	312	464	272	464	432	256	336
120	0	0	0	0	0	264	232	400	384	352	144	368	248	336	456	0	160	256	520	408
(1,16606)	(2,7328)	(3,0)	(4,2575)	
(1,5942)	(2,752)	(3,0)	(4,55)	
(1,7252)	(2,1186)	(3,0)	(4,70)	
(1,6810)	(2,1329)	(3,0)	(4,45)	
(1,6831)	(2,1463)	(3,0)	(4,131)	
(1,4981)	(2,740)	(3,0)	(4,52)	
(1,1)	(2,0)	(3,0)	(4,0)	
(1,1)	(2,0)	(3,0)	(4,0)	
(1,1)	(2,0)	(3,0)	(4,0)	
(1,1)	(2,0)	(3,0)	(4,0)	
(1,1)	(2,0)	(3,0)	(4,0)	
(1,1)	(2,0)	(3,0)	(4,0)	
(1,1)	(2,0)	(3,0)	(4,0)	
(1,1)	(2,0)	(3,0)	(4,0)	
(1,1)	(2,0)	(3,0)	(4,0)	
(1,1)	(2,0)	(3,0)	(4,0)	
(1,1)	(2,0)	(3,0)	(4,0)	
(1,1)	(2,0)	(3,0)	(4,0)	
(1,1)	(2,0)	(3,0)	(4,0)	
(1,1)	(2,0)	(3,0)	(4,0)	
(1,1)	(2,0)	(3,0)	(4,0)	
avg	0.533333	0.4	0.533333	0.533333	0.266667	218.4	239.6	271.733	261.067	263.2	299.467	297.2	261.067	249.067	276	299.333	313.733	289.067	293.6	265.867
delay	2.25	3.33333	4.25	2.5	4	35.3425	24.5771	27.656	30.8652	30.3257	27.2044	16.5428	47.3493	34.6469	21.1633	32.2272	17.0778	29.9747	31.8138	33.7713
loss	0	0	0	0	0.333333	0.325926	0.29391	0.298451	0.184506	0.199189	0.177892	0.162974	0.164676	0.202645	0.152681	0.200499	0.185249	0.189501	0.195175	0.199518
Command ['/home/ubuntu/ns-3.30-obss/build/scratch/simple-ofdma-adhoc4', '--ofdmaEnabled=true', '--startTime=60', '--totalTime=120', '--dataMode=HeMcs3', '--datarate=7e5', '--clNum=20', '--ratio=0.375', '--RngRun=23'] terminated with signal SIGSEGV. Run it under a debugger to get more information (./waf --run <program> --command-template="gdb --args %s <args>").
