Waf: Entering directory `/home/ubuntu/ns-3.30-obss/build'
Waf: Leaving directory `/home/ubuntu/ns-3.30-obss/build'
Build commands will be stored in build/compile_commands.json
'build' finished successfully (0.746s)
--------------------------Rate[Kbps]--------------------------
Time[s]	cl-1	cl-2	cl-3	cl-4	cl-5	cl-6	cl-7	cl-8	cl-9	cl-10	cl-11	cl-12	cl-13	cl-14	cl-15	cl-16
60	13.4	16.4	17.4	12.6	15.8	16.6	14	16.2	11.4	14.8	15.2	15	14.4	14.4	13.6	15
61	0	0	0	0	424	200	0	728	0	680	0	624	760	296	648	440
62	0	0	0	0	600	0	480	608	464	704	72	224	24	104	800	200
63	0	0	0	0	0	584	480	392	272	504	640	480	64	408	776	424
64	0	0	0	0	224	296	240	672	0	0	152	760	448	584	328	432
65	0	0	0	0	400	640	368	776	440	464	432	192	8	576	736	528
66	0	0	0	0	304	312	584	280	440	296	552	408	424	160	424	416
67	0	0	0	0	72	416	504	448	264	392	160	560	0	400	272	216
68	0	0	0	0	0	0	424	408	632	280	224	544	544	0	0	472
69	0	0	0	0	344	88	328	464	792	376	472	560	136	216	672	280
70	0	0	0	0	616	584	240	760	368	128	232	544	312	728	32	0
71	0	0	0	0	584	472	0	296	488	0	504	64	0	384	576	192
72	0	0	0	0	192	0	208	0	72	160	200	544	256	136	448	336
73	0	0	0	0	0	104	64	408	424	272	312	216	768	784	784	632
74	0	0	0	0	320	0	88	312	72	608	264	784	296	736	496	0
75	0	0	0	0	488	480	448	328	520	0	400	136	256	672	200	568
76	0	0	0	0	192	680	488	0	384	320	792	512	760	264	328	672
77	0	0	0	0	648	248	0	280	672	552	544	168	400	320	0	416
78	0	0	0	0	456	600	224	16	504	536	104	0	248	488	448	648
79	0	0	0	0	304	96	360	136	704	792	0	536	120	568	352	312
80	0	0	0	0	456	120	296	232	568	576	456	592	224	232	528	208
81	0	0	0	0	56	648	520	288	704	0	144	96	104	760	512	496
82	0	0	0	0	528	504	696	176	0	448	288	608	432	304	784	472
83	0	0	0	0	368	464	792	136	288	448	40	0	576	512	416	0
84	0	0	0	0	0	224	728	664	568	48	216	728	328	304	480	32
85	0	0	0	0	400	640	24	144	136	472	0	16	512	800	48	80
86	0	0	0	0	16	360	584	752	0	800	536	24	432	392	88	184
87	0	0	0	0	688	344	504	384	344	112	672	8	96	0	360	648
88	0	0	0	0	480	704	72	704	640	544	120	592	800	336	488	216
89	0	0	0	0	296	368	448	728	296	360	456	184	720	712	688	24
90	0	0	0	0	48	96	264	200	392	592	632	576	80	288	560	264
91	0	0	0	0	728	24	184	264	320	368	0	608	280	72	496	520
92	0	0	0	0	72	304	240	40	744	112	616	160	304	88	576	432
93	0	0	0	0	264	160	520	528	616	648	704	392	272	464	760	280
94	0	0	0	0	792	224	16	616	752	160	584	304	80	0	408	544
95	0	0	0	0	472	240	312	144	280	216	488	768	720	624	744	672
96	0	0	0	0	776	208	304	520	288	184	552	408	304	608	8	392
97	0	0	0	0	288	360	448	424	120	704	432	544	144	696	640	336
98	0	0	0	0	664	456	720	688	56	352	632	400	648	552	280	360
99	0	0	0	0	696	600	424	0	552	632	104	32	792	592	672	376
100	0	0	0	0	112	72	728	672	312	696	256	784	80	736	192	360
101	0	0	0	0	464	136	480	352	640	632	536	704	608	504	440	576
102	0	0	0	0	480	0	728	512	0	248	552	504	568	744	408	536
103	0	0	0	0	776	280	560	32	88	0	496	288	0	248	248	640
104	0	0	0	0	336	720	776	128	72	528	472	336	576	0	128	472
105	0	0	0	0	240	496	568	256	184	512	0	752	432	416	376	0
106	0	0	0	0	776	368	0	784	736	688	672	184	120	200	440	280
107	0	0	0	0	64	0	464	440	304	608	248	136	32	696	320	544
108	0	0	0	0	504	192	176	448	0	0	736	416	88	720	440	88
109	0	0	0	0	48	0	80	464	328	688	432	144	624	192	584	336
110	0	0	0	0	648	120	72	720	640	800	480	216	320	336	168	568
111	0	0	0	0	168	312	88	24	376	24	456	336	616	280	0	792
112	0	0	0	0	648	248	296	192	768	232	656	616	72	400	696	88
113	0	0	0	0	464	464	680	664	512	536	376	504	0	528	152	176
114	0	0	0	0	240	544	144	0	664	624	288	104	600	0	416	520
115	0	0	0	0	520	792	160	400	264	744	320	64	0	368	136	752
116	0	0	0	0	656	0	384	744	328	448	656	312	232	392	56	48
117	0	0	0	0	728	360	80	568	184	0	648	504	416	8	352	56
118	0	0	0	0	256	80	296	120	0	296	360	288	304	528	568	16
119	0	0	0	0	440	784	200	816	624	352	80	0	816	504	792	176
120	0	0	0	0	80	608	184	312	0	88	144	288	720	448	216	0
(1,27110)	(2,4022)	(3,0)	(4,638)	
(1,7355)	(2,603)	(3,0)	(4,9)	
(1,8064)	(2,611)	(3,0)	(4,10)	
(1,8048)	(2,422)	(3,0)	(4,4)	
(1,7815)	(2,668)	(3,0)	(4,75)	
(1,1)	(2,0)	(3,0)	(4,0)	
(1,1)	(2,0)	(3,0)	(4,0)	
(1,1)	(2,0)	(3,0)	(4,0)	
(1,1)	(2,0)	(3,0)	(4,0)	
(1,1)	(2,0)	(3,0)	(4,0)	
(1,1)	(2,0)	(3,0)	(4,0)	
(1,1)	(2,0)	(3,0)	(4,0)	
(1,1)	(2,0)	(3,0)	(4,0)	
(1,1)	(2,0)	(3,0)	(4,0)	
(1,1)	(2,0)	(3,0)	(4,0)	
(1,1)	(2,0)	(3,0)	(4,0)	
(1,1)	(2,0)	(3,0)	(4,0)	
avg	0	0	0	0	381.733	323.733	346.133	393.2	370	393.067	376.533	372.933	348.267	406.8	416.4	345.733
delay	0.238806	0.256098	0.241379	0.238095	11.4928	14.7529	11.4553	8.04035	6.16721	10.3894	10.0421	8.01001	6.61294	26.2498	21.8188	20.2599
loss	0	0	0	0	0.0776418	0.077858	0.0725259	0.0545046	0.0653419	0.0691506	0.0774257	0.0521857	0.0546507	0.0732078	0.0564955	0.0788632
Command ['/home/ubuntu/ns-3.30-obss/build/scratch/simple-ofdma-adhoc4', '--ofdmaEnabled=true', '--startTime=60', '--totalTime=120', '--dataMode=HeMcs5', '--datarate=8e5', '--ratio=0.375', '--RngRun=7', '--locationFile=my-simulations/8_ofdma7/txt/locationFile43.txt', '--routingFile=my-simulations/8_ofdma7/txt/routingFile43.txt'] terminated with signal SIGSEGV. Run it under a debugger to get more information (./waf --run <program> --command-template="gdb --args %s <args>").
