Waf: Entering directory `/home/ubuntu/ns-3.30-obss/build'
Waf: Leaving directory `/home/ubuntu/ns-3.30-obss/build'
Build commands will be stored in build/compile_commands.json
'build' finished successfully (0.855s)
--------------------------Rate[Kbps]--------------------------
Time[s]	cl-1	cl-2	cl-3	cl-4	cl-5	cl-6
60	11.4	15.2	14.4	15.4	16.2	15
61	0	0	0	0	968	400
62	0	0	832	256	392	120
63	0	0	504	0	552	488
64	0	0	344	136	0	832
65	0	0	384	0	440	232
66	0	0	896	264	16	352
67	0	0	464	376	680	1000
68	0	0	512	472	312	216
69	0	0	584	832	664	704
70	0	0	536	936	728	424
71	0	0	384	344	104	112
72	0	0	0	0	0	0
73	0	0	336	0	1048	728
74	0	0	480	688	0	616
75	0	0	720	464	376	984
76	0	0	856	936	144	504
77	0	0	120	504	0	440
78	0	0	0	0	864	464
79	0	0	800	624	920	0
80	0	0	0	352	0	712
81	0	0	64	152	824	0
82	0	0	992	952	456	672
83	0	0	488	872	88	288
84	0	0	152	552	608	648
85	0	0	296	752	928	936
86	0	0	0	432	328	632
87	0	0	360	0	128	120
88	0	0	0	504	0	1000
89	0	0	592	0	440	192
90	0	0	992	792	640	984
91	0	0	1000	912	40	632
92	0	0	280	816	432	688
93	0	0	568	968	720	248
94	0	0	352	624	664	0
95	0	0	560	944	688	360
96	0	0	968	0	240	0
97	0	0	0	664	64	352
98	0	0	624	1000	440	320
99	0	0	776	200	352	224
100	0	0	688	752	720	336
101	0	0	256	592	400	168
102	0	0	224	760	992	528
103	0	0	32	1000	568	712
104	0	0	792	200	416	688
105	0	0	664	0	0	256
106	0	0	360	920	624	0
107	0	0	976	288	376	968
108	0	0	744	0	792	632
109	0	0	0	408	992	488
110	0	0	200	976	776	920
111	0	0	152	120	384	544
112	0	0	400	864	840	0
113	0	0	464	232	680	904
114	0	0	288	128	40	384
115	0	0	896	712	624	504
116	0	0	968	888	112	584
117	0	0	64	392	112	376
118	0	0	128	496	320	320
119	0	0	320	440	472	800
120	0	0	272	520	960	72
(1,13812)	(2,282)	(3,0)	(4,49)	
(1,6678)	(2,243)	(3,0)	(4,5)	
(1,6631)	(2,181)	(3,0)	(4,45)	
(1,1)	(2,0)	(3,0)	(4,0)	
(1,1)	(2,0)	(3,0)	(4,0)	
(1,1)	(2,0)	(3,0)	(4,0)	
(1,1)	(2,0)	(3,0)	(4,0)	
avg	0	0	445.067	483.467	458.133	463.467
delay	0.315789	0.381579	5.38107	1.57143	23.2643	19.456
loss	0	0	0.0610408	0.0397246	0.030474	0.0615551
Command ['/home/ubuntu/ns-3.30-obss/build/scratch/simple-ofdma-adhoc4', '--ofdmaEnabled=true', '--startTime=60', '--totalTime=120', '--dataMode=HeMcs3', '--datarate=10e5', '--ratio=0.375', '--RngRun=7', '--locationFile=my-simulations/8_ofdma7/txt/locationFile22.txt', '--routingFile=my-simulations/8_ofdma7/txt/routingFile22.txt'] terminated with signal SIGSEGV. Run it under a debugger to get more information (./waf --run <program> --command-template="gdb --args %s <args>").
