Waf: Entering directory `/home/ubuntu/ns-3.30-obss/build'
Waf: Leaving directory `/home/ubuntu/ns-3.30-obss/build'
Build commands will be stored in build/compile_commands.json
'build' finished successfully (0.699s)
--------------------------Rate[Kbps]--------------------------
Time[s]	cl-1	cl-2	cl-3	cl-4	cl-5	cl-6	cl-7	cl-8	cl-9	cl-10	cl-11	cl-12
60	14.8	13.6	13.2	18.2	12.4	14	19.6	16.8	16.6	17	13.2	14
61	0	0	0	0	608	856	8	104	0	440	80	112
62	0	0	0	0	832	648	0	288	160	736	168	264
63	0	0	0	0	416	952	864	560	32	800	448	928
64	0	0	0	0	896	272	640	0	968	640	1000	104
65	0	0	0	0	864	144	0	80	112	944	136	760
66	0	0	0	0	992	168	56	272	96	72	976	368
67	0	0	0	0	216	968	568	376	312	376	488	152
68	0	0	0	0	272	800	200	904	480	0	264	520
69	0	0	0	0	304	616	416	0	384	208	1024	624
70	0	0	0	0	568	720	168	736	248	864	848	384
71	0	0	0	0	392	0	152	416	0	912	432	880
72	0	0	0	0	24	440	616	456	712	552	0	632
73	0	0	0	0	832	912	512	256	168	160	248	96
74	0	0	0	0	160	40	0	392	904	936	0	688
75	0	0	0	0	464	408	96	472	368	544	640	504
76	0	0	0	0	208	48	728	904	784	0	320	864
77	0	0	0	0	616	1000	112	512	640	760	0	264
78	0	0	0	0	904	792	856	256	680	544	496	640
79	0	0	0	0	488	608	480	368	632	720	0	280
80	0	0	0	0	288	264	576	448	920	1000	176	368
81	0	0	0	0	904	0	496	72	824	896	40	648
82	0	0	0	0	792	616	896	832	808	824	40	288
83	0	0	0	0	480	104	160	1000	1000	304	0	80
84	0	0	0	0	56	392	872	320	480	920	536	688
85	0	0	0	0	624	80	440	160	952	0	984	504
86	0	0	0	0	792	0	0	736	728	416	312	912
87	0	0	0	0	696	992	224	264	688	928	512	760
88	0	0	0	0	880	440	8	288	112	752	648	648
89	0	0	0	0	72	264	712	1000	784	240	184	664
90	0	0	0	0	968	0	48	696	632	272	936	96
91	0	0	0	0	744	720	192	976	808	584	496	672
92	0	0	0	0	792	520	184	952	232	640	480	864
93	0	0	0	0	520	0	744	976	360	1000	96	872
94	0	0	0	0	432	704	112	40	912	824	528	952
95	0	0	0	0	328	160	864	632	384	0	536	752
96	0	0	0	0	824	984	40	96	280	192	168	912
97	0	0	0	0	656	656	504	824	40	520	328	432
98	0	0	0	0	616	600	328	704	88	832	112	968
99	0	0	0	0	776	928	720	304	0	952	96	176
100	0	0	0	0	816	808	776	944	552	240	616	72
101	0	0	0	0	536	472	0	672	624	360	864	944
102	0	0	0	0	0	152	984	896	192	576	928	424
103	0	0	0	0	512	8	848	400	872	288	0	784
104	0	0	0	0	584	0	784	480	920	464	448	440
105	0	0	0	0	360	448	640	584	632	928	704	952
106	0	0	0	0	552	392	0	968	112	888	72	48
107	0	0	0	0	0	336	312	496	608	688	736	624
108	0	0	0	0	408	552	0	232	872	432	416	784
109	0	0	0	0	648	904	352	456	768	488	184	736
110	0	0	0	0	120	472	280	248	704	48	224	936
111	0	0	0	0	24	432	432	656	592	696	56	904
112	0	0	0	0	384	928	624	568	944	0	464	528
113	0	0	0	0	352	552	0	0	104	552	40	440
114	0	0	0	0	296	192	464	648	256	608	360	880
115	0	0	0	0	416	656	984	888	1000	352	320	504
116	0	0	0	0	848	872	608	304	792	456	0	32
117	0	0	0	0	0	792	528	1000	912	904	616	944
118	0	0	0	0	680	528	504	320	440	448	672	640
119	0	0	0	0	808	296	976	0	632	656	728	552
120	0	0	0	0	448	792	536	576	552	432	648	576
(1,26353)	(2,2630)	(3,0)	(4,171)	
(1,7438)	(2,264)	(3,0)	(4,6)	
(1,7215)	(2,56)	(3,0)	(4,0)	
(1,7821)	(2,336)	(3,0)	(4,16)	
(1,6985)	(2,298)	(3,0)	(4,33)	
(1,1)	(2,0)	(3,0)	(4,0)	
(1,1)	(2,0)	(3,0)	(4,0)	
(1,1)	(2,0)	(3,0)	(4,0)	
(1,1)	(2,0)	(3,0)	(4,0)	
(1,1)	(2,0)	(3,0)	(4,0)	
(1,1)	(2,0)	(3,0)	(4,0)	
(1,1)	(2,0)	(3,0)	(4,0)	
(1,1)	(2,0)	(3,0)	(4,0)	
avg	0	0	0	0	518.133	490	420.4	500.133	529.867	546.8	397.867	567.733
delay	0.256757	0.367647	0.242424	0.241758	2.4614	6.41741	3.49413	1.29859	5.36503	2.69934	20.4809	6.75223
loss	0	0	0	0	0.0445045	0.0364447	0.0465679	0.0241935	0.0479042	0.0346045	0.0466454	0.0520926
Command ['/home/ubuntu/ns-3.30-obss/build/scratch/simple-ofdma-adhoc4', '--ofdmaEnabled=true', '--startTime=60', '--totalTime=120', '--dataMode=HeMcs5', '--datarate=10e5', '--ratio=0.375', '--RngRun=7', '--locationFile=my-simulations/8_ofdma7/txt/locationFile42.txt', '--routingFile=my-simulations/8_ofdma7/txt/routingFile42.txt'] terminated with signal SIGSEGV. Run it under a debugger to get more information (./waf --run <program> --command-template="gdb --args %s <args>").
