Waf: Entering directory `/home/ubuntu/ns-3.30-obss/build'
Waf: Leaving directory `/home/ubuntu/ns-3.30-obss/build'
Build commands will be stored in build/compile_commands.json
'build' finished successfully (0.753s)
--------------------------Rate[Kbps]--------------------------
Time[s]	cl-1	cl-2	cl-3	cl-4	cl-5	cl-6	cl-7	cl-8	cl-9	cl-10	cl-11	cl-12	cl-13	cl-14	cl-15	cl-16	cl-17	cl-18	cl-19	cl-20
60	15.6	15.4	15.6	13.2	15	13.4	17	17.6	13.4	15.8	15.4	15.4	18.2	14.8	12.4	14.4	12	15.2	15.4	15.6
61	0	0	0	0	8	0	88	16	40	16	0	144	40	184	152	160	104	112	64	0
62	0	0	0	0	112	152	200	192	0	72	128	80	0	40	104	120	24	200	168	24
63	0	0	0	0	192	144	168	136	104	24	96	136	104	64	200	56	40	8	200	200
64	0	0	0	0	88	200	120	0	0	88	88	0	168	0	32	16	136	136	64	40
65	0	0	0	0	112	192	184	176	16	200	152	64	112	56	184	168	0	168	0	72
66	0	0	0	0	80	16	56	112	0	40	96	0	16	16	32	152	56	80	136	8
67	0	0	0	0	72	96	0	0	48	16	64	104	136	0	72	112	72	200	152	48
68	0	0	0	0	152	136	200	48	192	48	136	200	32	120	152	0	64	192	72	144
69	0	0	0	0	184	80	64	136	32	80	88	24	128	200	48	16	200	120	96	24
70	0	0	0	0	56	0	192	200	0	176	144	48	96	88	192	96	40	24	200	152
71	0	0	0	0	120	72	128	136	112	144	16	176	0	120	72	176	0	40	32	80
72	0	0	0	0	64	112	96	32	64	0	120	112	112	48	112	16	0	176	128	168
73	0	0	0	0	160	56	0	80	120	104	104	0	184	160	176	56	0	152	48	136
74	0	0	0	0	40	120	48	184	200	176	0	120	144	48	192	184	0	176	104	200
75	0	0	0	0	200	144	48	104	8	48	96	152	144	72	128	120	248	160	200	168
76	0	0	0	0	152	136	120	0	104	160	192	0	32	56	136	112	112	8	88	0
77	0	0	0	0	80	200	184	80	200	80	176	56	40	176	160	88	8	96	0	80
78	0	0	0	0	192	48	128	48	136	104	104	24	152	24	0	64	48	112	0	24
79	0	0	0	0	96	40	0	56	192	88	8	56	200	8	112	136	184	200	120	160
80	0	0	0	0	40	8	72	88	96	184	32	0	80	176	72	0	120	32	136	184
81	0	0	0	0	0	24	200	120	72	104	0	80	8	128	184	112	88	16	96	40
82	0	0	0	0	56	168	120	32	136	128	160	56	168	32	0	136	72	0	104	144
83	0	0	0	0	0	160	0	128	104	0	136	192	56	200	72	160	144	48	200	72
84	0	0	0	0	112	80	128	80	72	96	96	104	96	144	144	144	112	104	64	120
85	0	0	0	0	200	200	0	168	88	200	0	160	48	32	200	48	72	200	168	112
86	0	0	0	0	56	48	80	32	208	80	104	192	88	8	56	56	0	72	120	176
87	0	0	0	0	72	112	0	200	80	96	128	80	56	112	104	32	32	40	144	104
88	0	0	0	0	200	64	104	128	24	128	32	16	128	96	24	40	0	32	200	96
89	0	0	0	0	16	88	96	144	200	192	200	192	136	144	192	80	40	152	128	144
90	0	0	0	0	72	80	8	16	56	96	24	200	56	192	128	192	0	176	96	184
91	0	0	0	0	0	160	112	136	200	72	56	184	160	24	160	112	184	72	104	192
92	0	0	0	0	72	192	112	80	96	176	88	200	104	168	128	72	48	48	192	168
93	0	0	0	0	0	0	200	16	200	64	64	136	64	32	64	32	0	200	40	56
94	0	0	0	0	8	136	0	8	168	0	128	160	48	0	88	8	88	120	16	200
95	0	0	0	0	0	104	56	0	72	24	16	40	0	0	0	0	0	64	104	16
96	0	0	0	0	168	88	104	88	96	264	104	32	280	56	128	208	0	176	192	184
97	0	0	0	0	112	72	64	48	24	112	200	200	168	176	88	0	0	160	112	88
98	0	0	0	0	120	184	160	104	176	192	64	152	56	200	104	112	248	184	16	104
99	0	0	0	0	8	128	120	56	120	152	40	176	200	144	160	32	32	24	120	136
100	0	0	0	0	128	176	144	16	0	104	192	120	176	72	0	120	168	152	0	16
101	0	0	0	0	72	48	200	112	192	112	72	136	96	16	72	80	40	0	88	56
102	0	0	0	0	24	72	72	88	152	88	152	144	160	144	192	96	56	16	184	176
103	0	0	0	0	96	72	72	112	80	40	144	0	72	184	120	88	24	200	96	0
104	0	0	0	0	192	8	176	200	64	16	160	136	48	80	16	0	128	136	192	64
105	0	0	0	0	0	168	0	96	64	120	96	88	48	160	0	16	200	112	152	168
106	0	0	0	0	200	72	64	0	0	200	160	16	80	48	168	24	40	80	112	184
107	0	0	0	0	160	120	104	144	40	72	40	120	0	104	80	0	144	0	0	200
108	0	0	0	0	120	0	200	80	16	96	24	192	104	0	32	184	160	152	200	32
109	0	0	0	0	104	144	80	0	160	80	112	72	192	160	184	168	200	200	24	0
110	0	0	0	0	112	104	16	0	136	48	16	8	0	192	152	0	104	16	56	152
111	0	0	0	0	136	72	56	64	48	152	160	152	128	128	96	24	40	184	168	0
112	0	0	0	0	176	32	136	144	0	128	72	72	112	0	16	152	128	112	24	48
113	0	0	0	0	112	120	48	0	168	64	200	144	48	48	136	16	96	192	64	200
114	0	0	0	0	88	184	88	104	144	192	96	192	144	24	160	152	192	88	128	144
115	0	0	0	0	136	160	0	48	16	152	64	112	168	96	136	128	40	72	200	152
116	0	0	0	0	176	32	64	8	80	104	56	160	80	64	16	64	72	104	32	40
117	0	0	0	0	48	104	32	128	144	72	64	168	120	160	104	152	0	96	128	136
118	0	0	0	0	168	72	192	200	96	48	0	192	8	136	80	56	64	136	0	176
119	0	0	0	0	24	136	56	48	0	64	112	112	168	88	8	200	80	0	88	184
120	0	0	0	0	40	96	120	72	136	80	152	64	96	0	56	120	120	64	128	40
(1,12205)	(2,518)	(3,0)	(4,46)	
(1,3015)	(2,84)	(3,0)	(4,4)	
(1,3140)	(2,82)	(3,0)	(4,0)	
(1,2993)	(2,77)	(3,0)	(4,17)	
(1,3189)	(2,57)	(3,0)	(4,2)	
(1,1)	(2,0)	(3,0)	(4,0)	
(1,1)	(2,0)	(3,0)	(4,0)	
(1,1)	(2,0)	(3,0)	(4,0)	
(1,1)	(2,0)	(3,0)	(4,0)	
(1,1)	(2,0)	(3,0)	(4,0)	
(1,1)	(2,0)	(3,0)	(4,0)	
(1,1)	(2,0)	(3,0)	(4,0)	
(1,1)	(2,0)	(3,0)	(4,0)	
(1,1)	(2,0)	(3,0)	(4,0)	
(1,1)	(2,0)	(3,0)	(4,0)	
(1,1)	(2,0)	(3,0)	(4,0)	
(1,1)	(2,0)	(3,0)	(4,0)	
(1,1)	(2,0)	(3,0)	(4,0)	
(1,1)	(2,0)	(3,0)	(4,0)	
(1,1)	(2,0)	(3,0)	(4,0)	
(1,1)	(2,0)	(3,0)	(4,0)	
avg	0	0	0	0	96.4	100.533	94.6667	84.5333	93.2	100.933	93.7333	107.467	98.1333	90.8	102.933	87.7333	78.5333	106.533	104.8	106.933
delay	0.410256	0.285714	0.294872	0.287879	7.5408	4.91645	7.36761	6.96688	7.47496	10.0502	2.31437	4.67742	42.9443	5.4743	18.6982	73	109.62	6.90613	6.743	7.72195
loss	0	0	0	0	0.0282258	0.0233161	0.0326975	0.0216049	0.0127119	0.00656168	0.0181564	0.015873	0.0186667	0.0215517	0.0301508	0.0422125	0.0166945	0.0172202	0.0175	0.0290557
Command ['/home/ubuntu/ns-3.30-obss/build/scratch/simple-ofdma-adhoc4', '--ofdmaEnabled=true', '--startTime=60', '--totalTime=120', '--dataMode=HeMcs1', '--datarate=2e5', '--ratio=0.375', '--RngRun=7', '--locationFile=my-simulations/8_ofdma7/txt/locationFile44.txt', '--routingFile=my-simulations/8_ofdma7/txt/routingFile44.txt'] terminated with signal SIGSEGV. Run it under a debugger to get more information (./waf --run <program> --command-template="gdb --args %s <args>").
