Waf: Entering directory `/home/ubuntu/ns-3.30-obss/build'
Waf: Leaving directory `/home/ubuntu/ns-3.30-obss/build'
Build commands will be stored in build/compile_commands.json
'build' finished successfully (0.707s)
--------------------------Rate[Kbps]--------------------------
Time[s]	cl-1	cl-2	cl-3	cl-4	cl-5	cl-6	cl-7	cl-8
60	15	15	15.4	16	15	16.4	13.2	13.8
61	0	0	0	304	0	0	152	0
62	0	0	128	0	376	64	416	24
63	0	0	392	432	56	72	416	384
64	0	0	600	0	320	504	584	16
65	0	0	40	296	536	224	0	424
66	0	0	368	472	248	480	408	440
67	0	0	208	600	528	112	456	304
68	0	0	304	320	0	48	416	280
69	0	0	0	584	120	16	0	352
70	0	0	336	456	168	120	376	600
71	0	0	288	448	240	576	288	104
72	0	0	240	312	336	496	16	128
73	0	0	128	296	288	24	0	288
74	0	0	200	0	504	248	360	432
75	0	0	328	464	152	544	128	496
76	0	0	400	288	160	352	600	440
77	0	0	352	448	368	408	472	128
78	0	0	0	520	336	408	600	72
79	0	0	192	0	432	0	112	208
80	0	0	200	328	504	544	536	192
81	0	0	544	216	520	256	0	0
82	0	0	552	544	112	288	344	312
83	0	0	160	368	0	376	584	568
84	0	0	64	528	1120	432	280	456
85	0	0	488	376	96	600	392	592
86	0	0	520	216	0	568	160	264
87	0	0	480	88	520	144	600	24
88	0	0	360	0	48	88	488	336
89	0	0	24	240	144	56	416	456
90	0	0	224	392	312	136	584	576
91	0	0	152	232	240	120	0	560
92	0	0	336	552	376	560	232	128
93	0	0	600	552	56	576	176	584
94	0	0	192	528	352	248	232	424
95	0	0	464	552	0	144	408	8
96	0	0	296	16	112	568	384	464
97	0	0	304	176	8	472	424	0
98	0	0	152	216	280	0	0	248
99	0	0	408	144	0	272	560	272
100	0	0	472	128	280	216	272	600
101	0	0	600	264	360	432	504	72
102	0	0	48	600	520	592	552	256
103	0	0	264	112	600	56	512	432
104	0	0	40	0	240	56	280	0
105	0	0	104	488	96	0	0	288
106	0	0	80	304	456	32	448	0
107	0	0	384	264	120	0	320	24
108	0	0	88	440	328	80	432	40
109	0	0	544	272	592	0	448	512
110	0	0	560	96	408	184	512	552
111	0	0	72	600	224	568	328	592
112	0	0	40	88	24	600	400	72
113	0	0	568	40	240	544	312	472
114	0	0	568	64	0	248	72	600
115	0	0	120	592	536	328	344	64
116	0	0	0	168	248	376	480	224
117	0	0	312	592	160	120	144	0
118	0	0	416	312	128	120	392	200
119	0	0	88	0	184	416	496	0
120	0	0	184	128	328	368	160	216
(1,13052)	(2,378)	(3,0)	(4,0)	
(1,6089)	(2,258)	(3,0)	(4,8)	
(1,6513)	(2,215)	(3,0)	(4,0)	
(1,1)	(2,0)	(3,0)	(4,0)	
(1,1)	(2,0)	(3,0)	(4,0)	
(1,1)	(2,0)	(3,0)	(4,0)	
(1,1)	(2,0)	(3,0)	(4,0)	
(1,1)	(2,0)	(3,0)	(4,0)	
(1,1)	(2,0)	(3,0)	(4,0)	
avg	0	0	276.267	300.933	267.333	274.667	333.467	280
delay	0.253333	0.253333	3.13465	2.6327	33.3716	1.61796	1.52318	1.50667
loss	0	0	0.020794	0.00791209	0.0205178	0.0148254	0.0114579	0.0140845
Command ['/home/ubuntu/ns-3.30-obss/build/scratch/simple-ofdma-adhoc4', '--ofdmaEnabled=true', '--startTime=60', '--totalTime=120', '--dataMode=HeMcs3', '--datarate=6e5', '--ratio=0.375', '--RngRun=7', '--locationFile=my-simulations/8_ofdma7/txt/locationFile23.txt', '--routingFile=my-simulations/8_ofdma7/txt/routingFile23.txt'] terminated with signal SIGSEGV. Run it under a debugger to get more information (./waf --run <program> --command-template="gdb --args %s <args>").
