Waf: Entering directory `/home/ubuntu/ns-3.30-obss/build'
Waf: Leaving directory `/home/ubuntu/ns-3.30-obss/build'
Build commands will be stored in build/compile_commands.json
'build' finished successfully (0.772s)
--------------------------Rate[Kbps]--------------------------
Time[s]	cl-1	cl-2	cl-3	cl-4	cl-5	cl-6	cl-7	cl-8	cl-9	cl-10	cl-11	cl-12	cl-13	cl-14	cl-15	cl-16	cl-17	cl-18	cl-19	cl-20
60	16.6	16.6	12	14.2	12.4	13.8	13.6	12.4	16.4	14.2	14	17.2	12.6	14.4	15.4	14.6	13.8	15.6	12.4	15
61	0	0	0	0	0	0	48	0	72	248	232	0	56	32	176	224	144	240	128	16
62	0	0	0	0	0	296	272	192	240	16	136	72	192	248	256	176	56	248	152	128
63	0	0	0	0	0	200	224	296	0	8	32	128	72	136	0	72	144	208	184	304
64	0	0	0	0	0	24	248	8	112	224	112	240	264	272	88	0	24	280	176	64
65	0	0	0	0	0	272	152	232	144	224	24	144	88	224	88	208	80	56	56	16
66	0	0	0	0	0	184	72	16	256	304	152	8	0	0	304	264	72	296	296	104
67	0	0	0	0	0	32	256	88	248	256	288	40	40	40	112	72	80	192	64	232
68	0	0	0	0	0	224	16	136	80	264	0	0	112	88	0	304	56	208	224	176
69	0	0	0	0	0	88	296	24	120	240	136	80	296	32	272	120	288	208	72	192
70	0	0	0	0	0	240	224	168	48	0	216	304	256	0	224	88	80	256	208	240
71	0	0	0	0	0	32	280	136	304	88	40	88	96	72	96	224	40	248	0	200
72	0	0	0	0	0	120	176	120	112	304	184	8	288	296	72	256	280	48	104	264
73	8	0	0	8	0	24	240	152	40	216	136	72	200	240	184	296	40	104	40	248
74	0	0	0	0	0	304	200	0	64	192	192	0	16	176	96	256	88	0	0	200
75	0	0	0	0	0	248	0	16	0	304	120	16	64	16	288	72	192	136	160	40
76	0	0	0	0	0	64	56	8	200	104	232	168	184	296	184	240	184	192	72	96
77	0	0	8	0	0	240	264	128	48	232	80	32	304	288	304	64	48	0	80	48
78	0	0	0	0	8	64	56	48	256	288	288	0	56	168	224	128	136	168	272	0
79	0	8	0	0	0	232	248	264	184	0	216	184	64	280	136	272	16	304	8	56
80	0	0	0	0	0	120	280	272	192	48	96	200	248	96	272	112	16	256	88	0
81	0	0	0	0	0	184	128	264	152	8	96	144	200	0	272	288	24	288	48	152
82	0	0	0	0	0	64	104	152	0	0	72	224	144	16	8	88	304	232	40	0
83	0	0	0	0	0	184	8	8	120	80	32	0	8	72	280	8	264	168	104	200
84	0	0	0	0	0	168	144	96	56	0	224	272	104	48	232	224	0	192	216	0
85	0	0	0	0	0	240	192	288	0	128	48	152	296	288	104	64	96	168	0	112
86	0	0	0	0	0	240	120	120	256	16	120	0	224	208	0	104	40	152	56	40
87	0	0	0	0	0	232	176	120	152	280	136	128	304	80	216	296	24	240	184	152
88	0	0	0	0	0	72	160	144	48	136	304	304	160	160	224	264	304	96	0	168
89	8	0	0	0	0	144	0	104	280	16	168	160	56	304	0	304	120	0	24	64
90	0	0	0	0	0	240	168	144	224	280	288	120	40	104	40	160	40	192	0	160
91	0	0	0	8	0	160	0	192	40	24	208	104	168	288	96	8	288	240	256	264
92	0	0	0	0	8	176	192	240	104	0	128	32	0	144	168	56	112	232	128	176
93	0	8	0	0	0	96	264	296	136	296	176	248	168	144	0	160	128	32	0	192
94	0	0	0	0	0	80	0	32	0	176	296	72	128	248	24	200	96	168	8	248
95	0	0	0	0	0	40	88	304	200	288	152	168	144	80	72	272	264	192	128	88
96	0	0	8	0	0	0	280	144	264	296	168	0	144	264	32	304	280	104	24	136
97	0	0	0	0	0	144	216	80	144	24	0	208	0	0	32	96	80	296	16	288
98	0	0	0	0	0	272	80	72	176	72	248	88	64	56	80	80	296	224	0	136
99	0	0	0	0	0	208	0	304	128	200	120	0	304	120	224	232	296	176	160	32
100	0	0	0	0	0	200	216	48	192	176	288	208	104	56	208	112	80	0	256	176
101	8	0	0	0	0	120	248	0	264	120	216	304	0	304	0	192	248	144	0	232
102	0	0	0	0	0	128	80	112	80	248	88	56	224	136	200	144	296	0	136	280
103	0	0	0	0	0	288	72	296	240	176	160	232	96	192	200	40	208	256	32	40
104	0	0	0	0	0	248	48	136	280	216	104	144	288	24	280	56	240	184	56	56
105	0	0	0	0	0	8	136	152	64	248	288	192	120	264	128	128	184	88	56	136
106	0	0	0	0	0	208	144	288	200	16	96	264	296	40	0	232	296	48	48	72
107	0	0	0	8	0	56	304	280	72	0	40	144	256	184	264	80	56	48	144	176
108	0	0	0	0	8	216	120	96	232	264	104	232	152	0	288	232	264	0	192	64
109	0	0	8	0	0	208	0	104	176	192	248	48	80	136	280	264	96	248	136	48
110	0	0	0	0	0	40	168	24	104	288	208	72	304	256	160	128	264	112	280	160
111	0	0	0	0	0	168	176	0	296	192	208	296	224	104	0	128	24	128	272	144
112	0	0	0	0	0	64	264	176	136	160	144	64	168	96	176	32	128	232	288	304
113	0	8	0	0	0	72	56	304	0	280	104	184	72	48	264	184	208	200	0	224
114	0	0	0	0	0	288	288	208	24	224	0	296	144	96	200	248	0	40	0	48
115	8	0	0	0	0	72	160	88	0	32	144	104	64	128	160	48	136	176	112	312
116	0	0	0	0	0	160	168	32	192	56	120	120	96	192	248	0	168	200	184	56
117	0	0	0	0	0	240	304	0	72	144	0	16	0	192	216	264	0	96	128	120
118	0	0	0	0	8	0	64	176	48	256	168	136	24	64	184	152	208	136	88	80
119	0	0	0	0	0	296	272	136	88	120	280	0	272	128	296	288	24	224	112	128
120	0	0	0	0	0	224	40	208	0	224	56	176	200	176	160	184	256	152	0	176
(1,16527)	(2,705)	(3,0)	(4,61)	
(1,3496)	(2,96)	(3,0)	(4,0)	
(1,4403)	(2,112)	(3,0)	(4,0)	
(1,4531)	(2,194)	(3,0)	(4,3)	
(1,4243)	(2,80)	(3,0)	(4,22)	
(1,1)	(2,0)	(3,0)	(4,0)	
(1,1)	(2,0)	(3,0)	(4,0)	
(1,1)	(2,0)	(3,0)	(4,0)	
(1,1)	(2,0)	(3,0)	(4,0)	
(1,1)	(2,0)	(3,0)	(4,0)	
(1,1)	(2,0)	(3,0)	(4,0)	
(1,1)	(2,0)	(3,0)	(4,0)	
(1,1)	(2,0)	(3,0)	(4,0)	
(1,1)	(2,0)	(3,0)	(4,0)	
(1,1)	(2,0)	(3,0)	(4,0)	
(1,1)	(2,0)	(3,0)	(4,0)	
(1,1)	(2,0)	(3,0)	(4,0)	
(1,1)	(2,0)	(3,0)	(4,0)	
(1,1)	(2,0)	(3,0)	(4,0)	
(1,1)	(2,0)	(3,0)	(4,0)	
(1,1)	(2,0)	(3,0)	(4,0)	
avg	0.533333	0.4	0.4	0.4	0.533333	154.267	154.267	137.867	132.667	158.533	149.333	124.933	145.6	140.667	156.533	163.2	141.733	162.533	104.933	137.733
delay	0.25	0.333333	1	0.333333	1	2.96197	6.22126	5.44681	1.45025	2.31119	4.78571	4.70864	1.96062	4.71659	6.21806	2.54085	5.32738	20.525	14.0343	31.4443
loss	0	0	0	0	0	0.0277311	0.0169924	0.0189753	0.0235525	0.013278	0.0123457	0.0208986	0.0179856	0.0276498	0.0126156	0.0239234	0.0139147	0.0145513	0.0271941	0.0208531
Command ['/home/ubuntu/ns-3.30-obss/build/scratch/simple-ofdma-adhoc4', '--ofdmaEnabled=true', '--startTime=60', '--totalTime=120', '--dataMode=HeMcs4', '--datarate=3e5', '--clNum=20', '--ratio=0.375', '--RngRun=29'] terminated with signal SIGSEGV. Run it under a debugger to get more information (./waf --run <program> --command-template="gdb --args %s <args>").
