Waf: Entering directory `/home/ubuntu/ns-3.30-obss/build'
Waf: Leaving directory `/home/ubuntu/ns-3.30-obss/build'
Build commands will be stored in build/compile_commands.json
'build' finished successfully (0.818s)
--------------------------Rate[Kbps]--------------------------
Time[s]	cl-1	cl-2	cl-3	cl-4	cl-5	cl-6	cl-7	cl-8	cl-9	cl-10	cl-11	cl-12	cl-13	cl-14	cl-15	cl-16	cl-17	cl-18	cl-19	cl-20
60	16.6	16.6	12	14.2	12.4	14	13.6	12.4	16.4	14.2	14	17.2	12.6	14.4	15.4	14.2	13.8	15.6	12.4	15
61	0	0	0	0	0	0	80	0	112	416	384	0	88	48	296	352	248	400	200	24
62	0	0	0	0	0	496	448	296	352	32	224	128	304	368	408	280	96	360	256	168
63	0	0	0	0	0	320	376	504	0	0	56	224	120	216	0	72	224	344	304	464
64	0	0	0	0	0	40	424	16	168	392	176	400	432	440	152	0	56	456	296	120
65	0	0	0	0	0	432	264	384	240	360	40	216	152	368	160	384	32	32	40	0
66	0	0	0	0	0	328	120	24	312	504	200	16	0	0	504	320	216	440	464	200
67	0	0	0	0	0	32	400	152	416	424	480	72	56	64	184	112	112	304	104	368
68	0	0	0	0	0	368	24	272	112	448	0	0	184	216	0	464	120	376	384	296
69	0	0	0	0	0	176	488	32	192	376	232	128	504	64	432	208	472	352	128	304
70	0	0	0	0	0	384	320	240	88	0	392	464	384	0	368	136	112	456	376	368
71	0	0	0	0	0	40	448	192	496	144	72	152	160	112	152	368	56	416	0	336
72	0	0	0	0	0	208	280	264	200	496	304	16	464	496	96	424	496	80	168	472
73	8	0	0	8	0	40	400	248	64	360	200	104	328	376	312	480	80	160	64	376
74	0	0	0	0	0	496	328	0	96	296	320	0	16	304	168	408	136	0	0	336
75	0	0	0	0	0	384	0	24	0	472	216	56	112	56	464	120	312	224	280	64
76	0	0	0	0	0	104	96	16	320	184	344	272	288	496	312	392	312	304	136	144
77	0	0	8	0	0	440	472	208	88	368	136	56	480	488	504	96	64	0	120	72
78	0	0	0	0	8	112	112	72	424	464	464	0	96	264	392	192	232	264	448	0
79	0	8	0	0	0	440	416	488	336	0	360	336	88	496	216	440	32	504	24	112
80	0	0	0	0	0	192	496	488	304	80	152	304	400	136	472	192	40	432	160	0
81	0	0	0	0	0	320	200	440	256	8	160	248	352	0	480	472	32	480	88	248
82	0	0	0	0	0	88	184	240	0	0	128	368	232	40	16	152	480	376	48	0
83	0	0	0	0	0	320	8	24	224	128	48	0	16	112	472	16	440	280	184	360
84	0	0	0	0	0	288	200	168	96	0	376	400	160	104	368	368	0	328	344	0
85	0	0	0	0	0	392	320	504	0	216	80	256	496	488	176	120	152	280	0	200
86	0	0	0	0	0	392	176	192	424	24	200	0	376	344	8	168	72	248	144	56
87	0	0	0	0	0	352	288	192	248	448	232	216	496	128	352	472	32	408	288	248
88	0	0	0	0	0	160	264	224	80	240	504	504	232	136	352	296	480	160	8	272
89	8	0	0	0	0	176	0	160	376	32	240	200	80	448	0	448	184	0	16	104
90	0	0	0	0	0	416	272	232	392	456	488	216	64	192	80	264	56	328	0	272
91	0	0	0	8	0	216	0	264	72	24	344	152	312	488	152	8	504	384	416	440
92	0	0	0	0	8	280	344	392	168	0	184	56	0	232	280	96	192	360	200	280
93	0	8	0	0	0	160	424	448	224	496	280	392	248	248	0	248	208	56	0	288
94	0	0	0	0	0	144	0	48	0	288	472	128	200	408	32	304	168	280	16	416
95	0	0	0	0	0	40	152	448	384	400	232	264	288	128	128	464	376	264	216	144
96	0	0	8	0	0	0	464	240	464	472	272	0	256	424	56	488	392	144	32	208
97	0	0	0	0	0	224	368	128	224	32	0	352	0	0	48	160	136	488	40	488
98	0	0	0	0	0	448	128	120	304	112	416	152	104	104	136	136	488	368	0	232
99	0	0	0	0	0	352	0	496	184	376	200	0	480	192	368	376	480	304	240	48
100	0	0	0	0	0	328	352	88	304	296	472	352	192	96	352	168	128	0	448	280
101	8	0	0	0	0	184	384	0	408	152	336	504	0	504	0	328	416	232	0	376
102	0	0	0	0	0	216	120	184	128	472	152	80	400	224	352	288	488	0	232	504
103	0	0	0	0	0	416	112	448	368	288	200	360	120	248	272	72	48	160	56	104
104	0	0	0	0	0	312	80	176	336	288	224	184	344	72	384	56	448	448	48	48
105	0	0	0	0	0	16	224	256	112	408	472	312	176	504	208	184	312	136	88	224
106	0	0	0	0	0	344	240	472	344	24	144	416	504	72	0	376	496	72	80	120
107	0	0	0	8	0	64	464	456	104	0	72	272	408	296	416	152	64	80	216	264
108	0	0	0	0	8	328	192	152	376	448	176	408	224	0	456	448	464	0	328	112
109	0	0	8	0	0	336	0	184	288	336	424	88	136	232	456	496	152	400	232	72
110	0	0	0	0	0	80	280	32	176	464	352	120	440	400	240	200	440	184	456	224
111	0	0	0	0	0	288	272	0	496	336	352	480	376	176	0	208	32	208	456	248
112	0	0	0	0	0	96	424	288	224	248	216	112	296	160	288	56	216	392	496	504
113	0	8	0	0	0	128	80	432	0	424	200	288	112	80	440	256	344	328	0	312
114	0	0	0	0	0	480	472	336	48	392	0	472	240	128	344	416	0	320	144	424
115	8	0	0	0	0	248	432	256	48	160	416	248	160	368	472	120	376	144	256	320
116	0	0	0	0	0	264	280	64	280	72	200	240	128	336	368	0	288	376	256	96
117	0	0	0	0	0	360	504	0	128	248	0	24	0	280	344	400	0	144	208	192
118	0	0	0	0	8	0	104	296	88	472	256	224	40	80	288	256	328	240	152	136
119	0	0	0	0	0	488	448	208	136	184	472	0	432	232	464	472	40	368	184	208
120	0	0	0	0	0	368	72	288	0	360	88	296	296	296	248	288	456	216	8	304
(1,24703)	(2,1953)	(3,0)	(4,185)	
(1,5461)	(2,240)	(3,0)	(4,2)	
(1,6943)	(2,262)	(3,0)	(4,6)	
(1,7237)	(2,300)	(3,0)	(4,27)	
(1,6721)	(2,211)	(3,0)	(4,29)	
(1,1)	(2,0)	(3,0)	(4,0)	
(1,1)	(2,0)	(3,0)	(4,0)	
(1,1)	(2,0)	(3,0)	(4,0)	
(1,1)	(2,0)	(3,0)	(4,0)	
(1,1)	(2,0)	(3,0)	(4,0)	
(1,1)	(2,0)	(3,0)	(4,0)	
(1,1)	(2,0)	(3,0)	(4,0)	
(1,1)	(2,0)	(3,0)	(4,0)	
(1,1)	(2,0)	(3,0)	(4,0)	
(1,1)	(2,0)	(3,0)	(4,0)	
(1,1)	(2,0)	(3,0)	(4,0)	
(1,1)	(2,0)	(3,0)	(4,0)	
(1,1)	(2,0)	(3,0)	(4,0)	
(1,1)	(2,0)	(3,0)	(4,0)	
(1,1)	(2,0)	(3,0)	(4,0)	
(1,1)	(2,0)	(3,0)	(4,0)	
avg	0.533333	0.4	0.4	0.4	0.533333	252.4	255.333	224.933	213.867	260.667	247.2	205.467	234.533	233.467	258.133	262.267	230.933	264.8	176.267	226.667
delay	0.75	0.333333	0.666667	0.333333	1.5	6.43001	1.4188	5.6882	9.29364	2.33811	5.56311	5.00909	8.36157	16.9874	4.9969	14.7001	23.7009	15.1485	7.12254	2.57706
loss	0	0	0	0	0	0.0487437	0.0293969	0.0354488	0.0564706	0.0307387	0.0283019	0.0392768	0.0481602	0.0373832	0.0271357	0.0538721	0.04573	0.0415058	0.0350365	0.0379174
Command ['/home/ubuntu/ns-3.30-obss/build/scratch/simple-ofdma-adhoc4', '--ofdmaEnabled=true', '--startTime=60', '--totalTime=120', '--dataMode=HeMcs5', '--datarate=5e5', '--clNum=20', '--ratio=0.375', '--RngRun=29'] terminated with signal SIGSEGV. Run it under a debugger to get more information (./waf --run <program> --command-template="gdb --args %s <args>").
