Waf: Entering directory `/home/ubuntu/ns-3.30-obss/build'
Waf: Leaving directory `/home/ubuntu/ns-3.30-obss/build'
Build commands will be stored in build/compile_commands.json
'build' finished successfully (0.730s)
--------------------------Rate[Kbps]--------------------------
Time[s]	cl-1	cl-2	cl-3	cl-4	cl-5	cl-6	cl-7	cl-8	cl-9	cl-10	cl-11	cl-12	cl-13	cl-14	cl-15	cl-16	cl-17	cl-18	cl-19	cl-20
60	16.6	16.6	12	14.2	12.4	14	13.6	12.4	16.4	14.2	14	17.2	12.6	14.4	15.4	14.2	13.8	15.6	12.4	15
61	0	0	0	0	0	0	136	0	192	632	608	0	144	88	472	600	304	592	272	40
62	0	0	0	0	0	368	344	200	328	56	224	8	176	312	400	352	168	320	320	104
63	0	0	0	0	0	560	648	856	56	0	80	352	280	424	40	184	336	632	440	824
64	0	0	0	0	0	64	584	32	288	552	248	608	616	672	224	0	56	728	424	184
65	0	0	0	0	0	704	400	576	368	552	48	320	256	600	232	592	184	152	128	56
66	0	0	0	0	0	464	192	32	616	736	376	24	0	0	704	664	184	776	704	272
67	0	0	0	0	0	72	648	248	656	592	760	104	80	88	280	168	200	560	144	600
68	0	0	0	0	0	576	0	416	120	624	0	0	48	176	0	544	120	512	568	440
69	0	0	0	0	0	112	480	32	200	376	192	104	608	128	360	360	520	368	136	368
70	0	0	0	0	0	664	544	424	136	0	608	776	600	0	560	224	200	704	600	592
71	0	0	0	0	0	72	736	352	768	240	96	240	240	176	248	592	104	576	0	504
72	0	0	0	0	0	296	384	344	304	784	416	8	664	696	152	656	800	128	216	688
73	8	0	0	8	0	48	592	328	56	584	296	176	472	616	472	720	104	256	96	616
74	0	0	0	0	0	752	496	8	112	504	456	0	40	472	264	648	64	0	0	392
75	0	0	0	0	0	648	0	32	0	768	304	88	176	88	712	192	584	328	472	216
76	0	0	0	0	0	128	160	32	512	296	552	424	480	744	440	576	480	416	208	240
77	0	0	8	0	0	656	704	296	120	592	192	72	760	696	784	152	112	0	200	120
78	0	0	0	0	0	168	168	104	624	720	760	0	160	424	600	352	344	448	728	0
79	0	8	0	0	0	704	672	784	456	0	528	536	168	776	344	656	40	752	40	176
80	0	0	0	0	0	312	784	696	512	120	240	496	632	216	712	280	56	592	224	0
81	0	0	0	0	0	416	312	616	400	16	248	336	496	0	752	704	56	752	128	352
82	0	0	0	0	0	176	288	376	0	0	192	592	368	64	24	232	776	608	96	0
83	0	0	0	0	0	496	16	40	360	192	64	0	24	176	752	32	704	480	288	568
84	0	0	0	0	0	472	296	256	96	0	544	720	312	152	600	536	0	504	560	0
85	0	0	0	0	0	608	480	728	0	328	128	416	752	720	264	184	240	408	0	312
86	0	0	0	0	0	592	304	320	680	40	288	0	560	528	16	264	104	392	216	80
87	0	0	0	0	0	512	320	232	336	664	320	272	632	168	536	768	64	528	352	424
88	0	0	0	0	0	240	384	352	128	368	792	776	408	400	560	672	768	224	8	424
89	8	0	0	0	0	432	0	248	792	48	456	408	112	800	0	800	144	0	56	168
90	0	0	0	0	0	552	288	240	328	464	384	72	112	288	80	432	0	368	0	232
91	0	0	0	8	0	344	88	400	280	232	640	336	248	504	160	16	768	544	496	608
92	0	0	0	0	8	384	544	600	200	0	312	96	0	72	424	128	256	544	288	448
93	0	8	0	0	0	224	616	808	288	696	480	576	400	632	0	352	304	56	0	448
94	0	0	0	0	0	184	0	80	0	432	744	200	320	648	48	496	264	440	24	616
95	0	0	0	0	0	80	192	752	600	688	392	400	440	272	208	760	664	472	320	216
96	0	0	8	0	0	0	736	384	728	768	416	0	392	720	88	800	720	264	40	336
97	0	0	0	0	0	344	488	184	360	64	0	472	0	0	80	264	224	680	56	768
98	0	0	0	0	0	624	192	160	448	168	608	232	168	160	200	176	752	576	0	368
99	0	0	0	0	0	544	0	720	248	520	232	0	808	320	536	640	728	440	376	64
100	0	0	0	0	0	192	224	48	232	160	384	192	240	8	360	144	192	0	408	144
101	8	0	0	0	0	216	616	0	584	296	496	736	0	688	8	424	560	248	48	536
102	0	0	0	0	0	288	160	200	128	624	224	104	488	344	496	280	680	0	256	792
103	0	0	0	0	0	544	136	520	464	400	272	600	128	296	320	88	168	336	64	160
104	0	0	0	0	0	512	104	240	552	448	264	304	560	144	496	104	560	600	96	112
105	0	0	0	0	0	24	352	392	160	592	760	496	312	792	336	280	440	216	136	320
106	0	0	0	0	0	448	392	656	456	24	224	600	776	112	0	608	680	120	120	144
107	0	0	0	8	0	144	752	680	144	0	80	432	648	424	688	240	136	96	328	400
108	0	0	0	0	0	504	256	216	616	640	256	672	424	0	712	728	704	0	504	152
109	0	0	8	0	0	520	0	288	432	512	672	128	72	352	600	648	224	640	352	120
110	0	0	0	0	0	40	256	32	104	408	272	8	480	280	264	208	432	240	400	224
111	0	0	0	0	0	392	424	0	744	504	592	840	608	296	64	352	104	304	744	384
112	0	0	0	0	0	144	688	440	328	400	344	168	448	224	416	88	320	584	728	744
113	0	8	0	0	0	176	144	672	0	712	280	456	176	120	680	528	488	448	0	584
114	0	0	0	0	0	688	632	512	56	632	0	752	368	208	440	600	0	472	200	760
115	8	0	0	0	0	360	616	328	80	232	560	360	248	544	624	200	592	224	352	528
116	0	0	0	0	0	384	424	88	512	128	320	368	232	512	624	0	416	608	448	136
117	0	0	0	0	0	608	792	0	200	392	0	48	0	480	552	680	0	240	344	304
118	0	0	0	0	0	0	176	408	136	688	424	344	48	152	464	368	536	368	224	216
119	0	0	0	0	0	688	648	288	200	224	680	0	672	288	728	696	64	528	280	288
120	0	0	0	0	0	544	104	512	0	560	112	424	520	440	400	480	656	376	16	384
(1,28342)	(2,5809)	(3,0)	(4,1525)	
(1,7648)	(2,635)	(3,0)	(4,19)	
(1,9063)	(2,997)	(3,0)	(4,77)	
(1,9924)	(2,977)	(3,0)	(4,73)	
(1,9080)	(2,827)	(3,0)	(4,79)	
(1,1)	(2,0)	(3,0)	(4,0)	
(1,1)	(2,0)	(3,0)	(4,0)	
(1,1)	(2,0)	(3,0)	(4,0)	
(1,1)	(2,0)	(3,0)	(4,0)	
(1,1)	(2,0)	(3,0)	(4,0)	
(1,1)	(2,0)	(3,0)	(4,0)	
(1,1)	(2,0)	(3,0)	(4,0)	
(1,1)	(2,0)	(3,0)	(4,0)	
(1,1)	(2,0)	(3,0)	(4,0)	
(1,1)	(2,0)	(3,0)	(4,0)	
(1,1)	(2,0)	(3,0)	(4,0)	
(1,1)	(2,0)	(3,0)	(4,0)	
(1,1)	(2,0)	(3,0)	(4,0)	
(1,1)	(2,0)	(3,0)	(4,0)	
(1,1)	(2,0)	(3,0)	(4,0)	
(1,1)	(2,0)	(3,0)	(4,0)	
avg	0.533333	0.4	0.4	0.4	0.133333	366.8	368.533	330.133	313.733	383.2	357.333	304.533	343.333	345.333	376.667	408.533	340.8	396.133	254.533	338.267
delay	1	1	1	122.333	0	18.6063	23.4537	14.3687	35.6209	23.9607	29.3	19.4129	38.2264	42.6444	26.2439	21.186	54.3232	26.2046	32.0084	25.0272
loss	0	0	0	0	0.666667	0.122208	0.113534	0.106137	0.130129	0.101032	0.110816	0.100787	0.125637	0.101007	0.102605	0.0768304	0.110957	0.0958612	0.116204	0.0996807
Command ['/home/ubuntu/ns-3.30-obss/build/scratch/simple-ofdma-adhoc4', '--ofdmaEnabled=true', '--startTime=60', '--totalTime=120', '--dataMode=HeMcs7', '--datarate=8e5', '--clNum=20', '--ratio=0.375', '--RngRun=29'] terminated with signal SIGSEGV. Run it under a debugger to get more information (./waf --run <program> --command-template="gdb --args %s <args>").
