Waf: Entering directory `/home/ubuntu/ns-3.30-obss/build'
Waf: Leaving directory `/home/ubuntu/ns-3.30-obss/build'
Build commands will be stored in build/compile_commands.json
'build' finished successfully (0.625s)
--------------------------Rate[Kbps]--------------------------
Time[s]	cl-1	cl-2	cl-3	cl-4	cl-5	cl-6	cl-7	cl-8	cl-9	cl-10	cl-11	cl-12	cl-13	cl-14	cl-15	cl-16	cl-17	cl-18	cl-19	cl-20
60	11.6	14.4	15	16	13.4	18.6	13	16	15.6	15.8	12	12.8	17.6	14.4	16	15.2	14.8	16	13.2	14.8
61	0	0	0	0	0	0	288	176	0	264	304	0	232	16	696	312	256	0	296	888
62	0	0	0	0	0	72	248	0	232	0	608	184	432	232	280	648	0	328	192	480
63	0	0	0	0	0	104	192	96	424	384	480	464	0	0	504	312	72	728	0	344
64	0	0	0	0	0	224	192	208	136	40	88	32	552	624	472	0	528	400	24	288
65	0	0	0	0	0	272	40	360	488	64	336	600	128	160	0	240	24	488	528	0
66	0	0	0	0	0	0	0	96	448	8	112	504	280	536	224	480	432	520	400	280
67	0	0	0	0	0	184	208	192	368	536	552	224	256	168	296	88	272	296	272	200
68	0	0	0	0	0	0	352	80	104	128	640	728	176	352	608	736	56	16	64	80
69	0	0	0	0	0	328	200	152	288	272	0	200	488	480	256	192	272	312	312	400
70	0	0	0	0	0	0	472	0	448	488	352	224	120	400	216	480	120	328	528	144
71	0	0	0	0	0	208	200	208	248	528	536	40	232	0	128	472	472	136	72	288
72	0	0	0	0	0	272	200	240	208	384	64	344	504	72	96	400	64	400	120	80
73	0	0	0	0	0	144	128	240	0	296	240	424	160	80	360	280	384	320	296	216
74	0	0	8	0	0	200	504	136	304	136	360	136	544	256	328	592	0	32	408	176
75	0	0	0	0	0	360	272	232	200	512	0	184	272	280	0	400	216	400	208	360
76	0	0	0	0	8	248	272	136	16	288	352	488	584	472	592	0	120	120	136	256
77	0	0	0	0	0	96	0	8	544	352	352	384	336	248	752	352	552	32	0	432
78	8	0	0	0	0	144	120	264	472	544	680	440	56	32	448	232	264	264	56	192
79	0	0	0	0	0	176	376	392	328	440	120	360	152	232	192	104	200	448	144	176
80	0	0	0	8	0	24	368	96	104	64	64	120	360	272	776	0	0	680	480	776
81	0	0	0	0	0	224	184	160	288	152	328	248	64	384	584	424	208	0	360	24
82	0	0	0	0	0	408	280	280	120	144	0	600	0	216	256	616	328	264	104	0
83	0	0	0	0	0	0	24	72	240	0	112	688	536	64	320	272	736	96	816	488
84	0	0	0	0	0	96	48	32	744	376	376	0	96	0	472	656	408	696	272	72
85	0	0	0	0	0	288	208	312	408	352	368	80	96	216	0	488	224	336	120	112
86	0	0	0	0	0	272	352	328	0	96	64	192	112	0	408	456	552	480	640	32
87	0	0	0	0	0	0	280	296	64	160	392	536	192	384	144	0	272	160	448	240
88	0	0	0	0	0	128	320	296	136	416	96	224	600	0	440	280	304	0	352	296
89	0	0	0	0	0	408	248	80	0	0	0	456	512	704	232	72	640	152	112	432
90	0	0	0	0	0	184	32	192	544	296	560	352	272	96	488	264	328	0	200	56
91	0	0	0	0	8	384	344	64	320	368	536	248	224	448	336	128	8	392	0	64
92	0	0	0	0	0	280	144	48	416	232	24	400	408	384	104	104	232	64	424	480
93	0	0	0	0	0	304	96	312	536	432	104	600	72	208	480	104	120	16	520	16
94	0	0	0	0	0	240	408	48	48	376	424	304	0	200	464	8	152	544	0	88
95	0	0	0	0	0	128	0	24	376	0	352	488	664	208	208	120	504	584	64	664
96	0	0	0	0	0	0	256	440	240	360	104	208	328	552	240	336	88	176	312	352
97	0	8	0	0	0	240	96	0	304	0	112	0	512	496	120	568	264	256	336	576
98	0	0	0	0	0	176	424	104	32	80	64	160	576	464	288	176	40	488	352	344
99	0	0	0	0	0	40	168	200	504	64	456	408	0	264	592	136	320	56	72	472
100	0	0	0	0	0	0	184	376	512	80	112	232	64	0	336	376	496	616	152	400
101	0	0	0	0	0	152	8	168	360	408	144	0	400	168	152	424	456	320	496	200
102	0	0	0	0	8	248	72	176	288	88	376	184	352	328	336	288	120	304	200	240
103	0	0	0	0	0	32	432	232	144	424	0	32	168	360	520	176	120	8	256	456
104	0	0	0	0	0	160	240	0	416	416	120	272	280	40	376	344	376	192	424	320
105	0	0	0	0	0	176	232	168	168	160	656	200	48	0	600	40	160	104	112	656
106	0	0	0	0	0	64	224	240	0	480	200	112	176	328	136	296	400	432	528	120
107	0	0	0	0	0	72	152	96	248	344	280	328	336	248	304	400	136	408	144	304
108	0	0	0	0	0	344	192	496	600	288	0	128	0	120	608	176	104	256	8	136
109	0	0	0	0	0	168	256	416	464	0	504	0	600	240	144	112	24	48	0	240
110	0	0	0	8	0	240	376	64	216	120	184	224	104	184	264	296	440	448	432	288
111	0	0	0	0	0	456	280	104	336	152	40	464	56	312	64	368	256	176	416	416
112	0	0	0	0	0	208	0	344	208	104	392	224	544	304	56	128	528	256	376	360
113	0	8	0	0	0	56	304	448	0	224	128	168	104	216	680	104	40	648	576	0
114	0	0	0	0	0	0	24	200	328	240	392	456	272	224	544	48	456	288	528	120
115	0	0	0	0	0	232	232	264	152	296	104	56	144	296	200	432	360	280	288	0
116	0	0	0	0	0	120	16	304	8	312	504	200	400	208	96	248	440	488	552	40
117	0	0	0	0	0	328	112	88	328	136	256	400	48	376	312	272	384	464	280	264
118	0	0	0	0	0	104	280	104	88	0	480	224	472	376	200	480	248	248	256	256
119	0	0	0	0	0	336	320	224	216	344	120	296	400	24	224	520	464	56	152	24
120	0	0	0	0	0	104	224	0	112	416	72	512	288	200	576	480	0	328	440	224
(1,1649)	(2,65)	(3,0)	(4,12726)	
(1,2579)	(2,2137)	(3,0)	(4,383)	
(1,2662)	(2,2713)	(3,0)	(4,634)	
(1,2812)	(2,3045)	(3,0)	(4,660)	
(1,2693)	(2,2909)	(3,0)	(4,684)	
(1,1830)	(2,1540)	(3,0)	(4,385)	
(1,1)	(2,0)	(3,0)	(4,0)	
(1,1)	(2,0)	(3,0)	(4,0)	
(1,1)	(2,0)	(3,0)	(4,0)	
(1,1)	(2,0)	(3,0)	(4,0)	
(1,1)	(2,0)	(3,0)	(4,0)	
(1,1)	(2,0)	(3,0)	(4,0)	
(1,1)	(2,0)	(3,0)	(4,0)	
(1,1)	(2,0)	(3,0)	(4,0)	
(1,1)	(2,0)	(3,0)	(4,0)	
(1,1)	(2,0)	(3,0)	(4,0)	
(1,1)	(2,0)	(3,0)	(4,0)	
(1,1)	(2,0)	(3,0)	(4,0)	
(1,1)	(2,0)	(3,0)	(4,0)	
(1,1)	(2,0)	(3,0)	(4,0)	
(1,1)	(2,0)	(3,0)	(4,0)	
avg	0.133333	0.266667	0.133333	0.266667	0.4	174.267	211.733	185.2	264.533	244.4	262.933	283.067	273.067	245.867	335.467	292.267	267.333	289.6	277.6	265.467
delay	501	460.5	498	498	503.333	530.497	509.212	512.811	516.639	526.66	506.051	518.287	508.493	522.599	480.418	509.094	513.328	511.315	520.933	479.32
loss	0.5	0.333333	0.666667	0.333333	0	0.667513	0.63717	0.646565	0.514885	0.514051	0.444976	0.505795	0.480273	0.522898	0.451781	0.512997	0.503221	0.526591	0.471541	0.513744
Command ['/home/ubuntu/ns-3.30-obss/build/scratch/simple-ofdma-adhoc4', '--ofdmaEnabled=true', '--startTime=60', '--totalTime=120', '--dataMode=HeMcs2', '--datarate=12e5', '--clNum=20', '--ratio=0.375', '--RngRun=4'] terminated with signal SIGSEGV. Run it under a debugger to get more information (./waf --run <program> --command-template="gdb --args %s <args>").
