Waf: Entering directory `/home/ubuntu/ns-3.30-obss/build'
Waf: Leaving directory `/home/ubuntu/ns-3.30-obss/build'
Build commands will be stored in build/compile_commands.json
'build' finished successfully (0.758s)
--------------------------Rate[Kbps]--------------------------
Time[s]	cl-1	cl-2	cl-3	cl-4	cl-5	cl-6	cl-7	cl-8	cl-9	cl-10	cl-11	cl-12	cl-13	cl-14	cl-15
60	13.2	15.4	14.8	17	11.8	14	17	16	14.8	13.8	12.4	11	15.8	12.8	14.2
61	0	0	0	0	0	168	128	96	120	40	0	120	0	80	0
62	0	0	0	0	0	192	160	0	200	64	136	144	152	192	112
63	0	0	0	0	0	128	64	32	88	72	64	88	24	16	144
64	0	0	0	0	0	200	8	88	168	8	64	144	168	200	8
65	0	0	0	0	0	96	184	144	64	72	104	136	88	160	40
66	0	0	0	0	0	128	88	80	128	200	200	176	104	168	56
67	0	0	0	0	0	32	200	136	128	40	40	160	0	0	88
68	0	0	0	0	0	112	184	0	96	80	144	32	104	88	32
69	0	0	0	0	0	200	32	168	24	112	200	160	184	72	0
70	0	0	0	0	0	104	192	128	200	168	72	176	88	112	56
71	0	0	0	0	0	0	160	0	96	0	112	0	136	144	8
72	0	0	0	0	0	96	48	136	72	112	152	160	8	192	40
73	0	0	0	0	0	120	64	64	184	56	152	112	96	160	112
74	0	0	0	0	0	72	160	152	80	200	32	160	96	128	24
75	0	0	0	0	0	88	80	184	192	72	56	24	40	104	104
76	0	0	0	0	0	192	184	192	24	0	128	144	16	24	176
77	0	0	0	0	0	160	184	0	184	112	0	200	176	192	32
78	0	0	0	0	0	120	96	128	0	200	0	24	160	112	200
79	0	0	0	0	0	136	8	200	160	128	144	144	168	144	8
80	0	0	0	0	0	40	80	48	152	64	32	200	136	96	0
81	0	0	0	0	0	160	96	200	8	80	112	144	0	112	104
82	0	0	0	0	0	136	16	112	0	48	0	56	64	152	192
83	0	0	0	0	0	80	200	0	176	40	112	200	152	32	176
84	0	0	0	0	0	80	184	96	184	72	200	16	152	152	96
85	0	0	0	0	0	88	96	128	0	184	72	48	40	16	64
86	0	0	0	0	0	24	64	0	176	0	0	72	136	24	160
87	0	0	0	0	0	200	0	96	112	80	152	112	80	200	176
88	0	0	0	0	0	72	160	160	48	128	0	200	120	104	128
89	0	0	0	0	0	0	96	104	152	0	144	168	200	24	128
90	0	0	0	0	0	152	24	144	64	104	184	144	96	200	184
91	0	0	0	0	0	120	40	192	128	72	72	40	48	40	136
92	0	0	0	0	0	104	120	152	152	16	48	128	120	112	16
93	0	0	0	0	0	120	0	144	192	144	168	200	144	192	200
94	0	0	0	0	0	16	56	104	160	80	112	32	0	88	16
95	0	0	0	0	0	0	32	136	176	40	144	64	80	168	104
96	0	0	0	0	0	40	88	24	8	24	40	88	144	40	112
97	0	0	0	0	0	144	40	168	120	88	0	80	0	72	0
98	0	0	0	0	0	0	32	176	0	128	160	24	88	136	200
99	0	0	0	0	0	104	16	0	120	32	72	184	32	160	176
100	0	0	0	0	0	128	16	80	56	72	96	104	200	8	32
101	0	0	0	0	0	176	64	136	168	144	144	128	168	128	136
102	0	0	0	0	0	8	168	88	128	64	56	192	56	160	80
103	0	0	0	0	0	152	120	0	80	40	184	64	8	112	40
104	0	0	0	0	0	40	168	56	160	176	72	144	64	104	96
105	0	0	0	0	0	8	72	56	0	104	88	24	152	128	72
106	0	0	0	0	0	16	168	48	120	64	24	200	88	88	200
107	0	0	0	0	0	192	176	120	32	144	64	40	112	104	80
108	0	0	0	0	0	128	176	0	120	32	160	0	112	16	200
109	0	0	0	0	0	96	0	40	0	0	104	112	0	96	8
110	0	0	0	0	0	64	8	24	136	48	200	0	136	184	184
111	0	0	0	0	0	184	104	200	64	144	16	32	64	96	88
112	0	0	0	0	0	0	96	160	192	200	144	200	0	32	0
113	0	0	0	0	0	128	200	88	144	120	0	48	96	168	32
114	0	0	0	0	0	24	96	112	24	184	88	48	152	0	112
115	0	0	0	0	0	80	144	32	176	64	136	128	200	40	24
116	0	0	0	0	0	176	96	184	168	32	112	96	128	48	48
117	0	0	0	0	0	152	120	80	0	192	200	0	104	184	168
118	0	0	0	0	0	0	64	80	104	144	136	144	32	0	144
119	0	0	0	0	0	96	168	0	144	104	160	48	144	104	56
120	0	0	0	0	0	64	176	24	200	24	32	48	144	200	144
(1,8460)	(2,59)	(3,0)	(4,0)	
(1,1666)	(2,1)	(3,0)	(4,0)	
(1,1700)	(2,1)	(3,0)	(4,0)	
(1,1502)	(2,14)	(3,0)	(4,0)	
(1,1654)	(2,3)	(3,0)	(4,0)	
(1,1617)	(2,11)	(3,0)	(4,0)	
(1,1)	(2,0)	(3,0)	(4,0)	
(1,1)	(2,0)	(3,0)	(4,0)	
(1,1)	(2,0)	(3,0)	(4,0)	
(1,1)	(2,0)	(3,0)	(4,0)	
(1,1)	(2,0)	(3,0)	(4,0)	
(1,1)	(2,0)	(3,0)	(4,0)	
(1,1)	(2,0)	(3,0)	(4,0)	
(1,1)	(2,0)	(3,0)	(4,0)	
(1,1)	(2,0)	(3,0)	(4,0)	
(1,1)	(2,0)	(3,0)	(4,0)	
avg	0	0	0	0	0	98.9333	101.067	95.3333	109.2	87.6	97.3333	105.067	96.6667	106.8	92.5333
delay	0.363636	0.246753	0.337838	0.329412	0.338983	1.04717	1.01187	1.0042	1.01465	0.99239	1.0274	0.975888	0.961379	1.00999	1.0245
loss	0	0	0	0	0	0.0159151	0.00394218	0.00556328	0.00727273	0.00904977	0.00680272	0.00505051	0.0149457	0.00988875	0.00715308
Command ['/home/ubuntu/ns-3.30-obss/build/scratch/simple-ofdma-adhoc4', '--ofdmaEnabled=true', '--startTime=60', '--totalTime=120', '--dataMode=HeMcs7', '--datarate=2e5', '--ratio=0.375', '--RngRun=28', '--locationFile=my-simulations/8_ofdma7/txt/locationFile52.txt', '--routingFile=my-simulations/8_ofdma7/txt/routingFile52.txt'] terminated with signal SIGSEGV. Run it under a debugger to get more information (./waf --run <program> --command-template="gdb --args %s <args>").
