Waf: Entering directory `/home/synrg/Documents/Jiaming/ns-3.30-obss/build'
Waf: Leaving directory `/home/synrg/Documents/Jiaming/ns-3.30-obss/build'
Build commands will be stored in build/compile_commands.json
'build' finished successfully (0.429s)
--------------------------Rate[Kbps]--------------------------
Time[s]	cl-1	cl-2	cl-3	cl-4	cl-5	cl-6	cl-7	cl-8	cl-9	cl-10	cl-11	cl-12	cl-13	cl-14	cl-15	cl-16	cl-17	cl-18	cl-19	cl-20
60	14	17.2	13.6	15.2	13.8	12	13.6	13.8	14.8	16.6	16.2	13	15.6	14.6	14.4	13.4	15	13.2	14	11.8
61	296	296	296	296	288	216	200	184	272	216	208	232	288	232	192	200	248	216	184	200
62	296	296	288	296	272	184	184	168	216	208	176	176	224	232	184	208	248	256	168	200
63	304	304	304	304	280	200	208	208	248	232	192	216	256	232	184	200	256	224	176	200
64	296	296	296	296	272	200	168	152	264	176	136	176	256	216	160	184	256	256	152	168
65	304	304	304	304	280	216	200	176	240	176	152	184	192	232	192	200	256	224	168	176
66	296	296	296	296	256	192	176	168	256	272	240	232	128	240	200	216	256	232	160	184
67	304	304	288	304	264	88	200	232	272	224	224	248	472	224	200	208	272	232	200	208
68	296	296	280	296	288	360	208	208	256	240	216	232	256	256	224	240	256	256	208	208
69	304	304	304	304	280	256	208	208	240	216	216	208	256	232	208	208	248	264	200	200
70	296	296	288	296	280	248	208	208	240	264	256	264	288	232	200	216	264	232	192	216
71	304	304	304	304	264	200	176	168	248	240	216	232	232	168	136	144	80	248	192	200
72	296	296	296	296	288	224	224	216	208	232	208	216	272	264	240	240	416	248	200	200
73	304	304	304	304	280	168	216	216	240	216	208	224	288	248	224	232	248	248	208	216
74	296	296	280	296	280	168	192	200	152	224	208	232	240	168	192	224	232	232	200	216
75	304	304	304	304	288	312	176	184	344	200	184	216	232	264	160	160	240	224	176	208
76	296	296	280	296	272	232	200	208	256	248	216	216	264	240	232	232	232	240	200	208
77	304	304	296	304	304	216	216	200	280	192	176	200	224	232	192	200	240	232	168	184
78	296	296	296	296	288	232	248	240	264	272	248	256	264	240	208	216	248	224	208	232
79	304	304	304	304	280	224	168	176	264	224	168	200	232	208	152	168	232	192	120	168
80	296	296	280	296	296	168	168	216	288	224	200	224	264	240	176	184	240	192	152	200
81	304	304	304	304	280	248	192	200	264	216	208	232	256	256	224	240	200	232	184	216
82	296	296	296	296	280	176	168	176	280	200	136	136	256	256	208	216	280	208	120	152
83	304	304	304	304	264	160	176	192	272	232	200	208	272	232	200	184	232	240	208	240
84	296	296	280	296	280	224	176	200	216	248	232	240	264	240	184	208	256	256	176	192
85	304	304	296	304	280	200	208	200	288	264	224	232	248	240	192	216	232	232	192	208
86	296	296	296	296	288	272	224	224	264	224	224	256	280	240	216	232	136	264	224	264
87	304	304	304	304	280	152	136	168	272	216	176	192	248	200	136	152	376	232	144	160
88	296	296	296	296	264	80	152	152	248	152	160	168	264	208	192	208	232	216	144	152
89	304	304	304	304	264	184	176	176	256	264	192	200	240	216	184	184	224	248	176	192
90	296	296	296	296	280	360	248	248	224	208	200	224	272	248	224	248	256	232	216	256
91	304	304	304	304	288	208	192	184	280	216	200	232	272	240	192	208	224	208	176	216
92	296	296	296	296	288	224	208	232	248	256	232	248	176	248	216	232	296	256	224	256
93	304	304	304	304	272	208	224	240	240	256	248	248	344	232	224	240	264	272	240	240
94	296	296	296	296	256	200	176	192	256	232	208	232	264	256	224	240	280	256	208	224
95	304	304	304	304	280	184	168	192	256	248	200	216	248	232	168	192	240	232	160	160
96	296	296	296	296	264	168	144	176	240	176	136	152	240	248	192	224	200	224	168	184
97	304	304	296	304	296	192	184	176	256	200	168	216	280	248	168	184	216	208	136	168
98	296	296	296	296	272	136	192	192	240	224	192	192	272	248	192	208	0	232	160	192
99	304	304	304	304	288	176	184	200	272	232	200	208	256	248	224	232	560	216	160	168
100	296	296	296	296	272	288	160	192	112	216	208	248	120	256	208	224	264	232	192	224
101	304	304	304	296	280	200	192	192	376	216	200	216	384	232	184	192	272	240	192	184
102	296	296	288	296	264	128	176	184	192	248	240	240	256	224	200	216	248	264	224	224
103	304	304	304	304	288	248	168	152	336	224	184	208	272	248	144	144	232	280	168	184
104	296	296	296	296	272	192	184	176	168	224	200	208	256	232	160	152	224	240	160	168
105	304	304	296	304	256	200	192	184	352	248	224	232	296	192	184	208	248	232	200	208
106	296	296	296	296	272	232	192	232	256	208	184	200	256	248	216	232	272	248	200	216
107	304	304	304	304	280	160	176	168	248	184	168	176	176	224	184	200	216	216	152	176
108	296	296	296	296	296	272	216	208	280	232	168	176	320	240	208	232	256	248	200	200
109	304	304	304	304	272	224	160	176	248	184	152	168	248	248	200	200	208	208	168	184
110	296	296	288	296	256	176	120	120	240	192	160	176	248	216	120	120	240	248	144	176
111	304	304	304	304	272	192	200	224	248	208	248	256	264	240	216	216	248	264	224	240
112	296	296	288	296	280	184	168	184	256	264	216	248	256	224	168	200	224	248	192	216
113	304	304	296	304	296	224	208	200	272	216	216	248	240	224	208	232	280	280	216	224
114	296	296	296	296	272	216	168	152	240	208	184	216	272	200	152	160	272	272	184	192
115	304	304	296	304	264	208	176	176	144	240	224	224	280	256	208	200	248	248	168	168
116	296	296	296	296	280	160	136	136	344	192	144	184	208	224	152	192	232	184	120	176
117	304	304	304	304	288	152	208	192	272	248	216	224	288	224	176	208	224	232	184	192
118	296	296	296	296	272	280	192	184	264	256	240	248	248	216	176	208	256	256	200	208
119	304	304	304	304	288	168	168	200	256	264	208	224	264	232	184	192	264	208	184	200
120	296	296	288	296	264	216	168	152	256	240	216	240	256	216	176	184	240	232	176	192
avg	299.867	299.867	296.667	299.733	277.467	206.267	186.667	190.667	254.667	224.533	199.733	216.267	258.133	232.533	190.667	204	247.333	236.933	181.6	199.733
delay	1.348	2.98222	2.98203	2.98221	5.30259	93.0013	11.7136	11.8755	42.0973	15.2368	12.9013	12.7492	48.3903	19.706	17.165	16.9804	70.9704	20.1052	20.3377	20.1455
loss	0	0	0.00890472	0.000444444	0.0634278	0.272685	0.333333	0.319372	0.129781	0.222427	0.299205	0.25	0.118343	0.191006	0.319372	0.279322	0.150961	0.184029	0.353276	0.29539
Command ['/home/synrg/Documents/Jiaming/ns-3.30-obss/build/scratch/simple-ofdma-adhoc', '--ofdmaEnabled=true', '--startTime=60', '--totalTime=120', '--dataMode=HeMcs4', '--datarate=3e5', '--clNum=20', '--ratio=0.375', '--RngRun=127'] terminated with signal SIGSEGV. Run it under a debugger to get more information (./waf --run <program> --command-template="gdb --args %s <args>").
