Waf: Entering directory `/home/synrg/Documents/Jiaming/ns-3.30-obss/build'
Waf: Leaving directory `/home/synrg/Documents/Jiaming/ns-3.30-obss/build'
Build commands will be stored in build/compile_commands.json
'build' finished successfully (0.480s)
--------------------------Rate[Kbps]--------------------------
Time[s]	cl-1	cl-2	cl-3	cl-4	cl-5	cl-6	cl-7	cl-8	cl-9	cl-10	cl-11	cl-12	cl-13	cl-14	cl-15	cl-16	cl-17	cl-18	cl-19	cl-20
60	14	17.2	13.6	15.2	13.8	11.6	13.4	13.8	15	16.6	16.2	13	15.6	14.6	14.4	13.4	15	13.2	14	12.2
61	488	488	472	488	464	288	232	224	336	312	280	312	344	280	248	288	400	280	248	272
62	488	496	480	496	456	272	232	208	472	368	360	368	416	320	280	328	376	352	264	296
63	488	496	488	480	472	280	264	256	424	368	320	352	408	368	312	384	368	328	256	320
64	480	464	480	480	456	288	304	296	456	368	352	384	296	376	320	360	432	400	336	336
65	504	488	488	496	472	176	224	264	416	352	288	352	520	328	264	296	376	352	232	272
66	480	488	480	472	464	232	248	232	400	376	336	360	408	392	280	296	400	344	232	272
67	496	496	488	496	448	280	264	280	432	384	344	368	408	328	280	344	416	384	312	328
68	480	472	488	488	456	296	168	224	264	344	336	376	432	296	248	288	384	360	264	296
69	496	496	496	496	488	320	328	248	544	352	328	360	408	368	288	336	384	368	280	312
70	496	488	480	496	464	304	296	272	408	368	352	392	424	368	296	312	408	384	288	312
71	504	496	504	504	480	272	256	232	432	376	344	384	392	344	296	328	352	368	280	304
72	496	472	472	488	448	336	216	232	400	360	352	392	432	328	272	304	424	392	312	328
73	504	496	504	504	480	296	240	272	424	392	352	376	440	368	328	360	392	376	312	360
74	496	480	496	496	464	240	264	232	384	312	256	312	400	328	240	336	424	248	208	272
75	504	488	504	496	432	312	208	216	392	312	312	368	408	360	320	336	416	280	256	304
76	480	472	464	472	432	256	232	272	424	360	368	384	424	368	296	344	416	384	288	320
77	480	472	472	480	440	272	272	248	440	360	320	368	448	272	216	256	440	344	256	296
78	480	488	480	488	456	240	320	288	424	336	344	384	472	392	328	352	432	384	304	368
79	488	464	488	488	440	392	280	256	440	360	344	400	400	352	328	336	392	384	344	376
80	496	488	488	488	424	304	224	208	424	400	360	368	384	336	256	264	376	360	272	304
81	488	488	488	496	448	288	248	232	448	360	312	368	424	328	288	336	464	312	232	296
82	488	472	472	480	416	240	216	224	400	344	272	296	392	336	280	312	384	344	264	304
83	496	488	504	496	432	256	232	248	408	344	288	352	400	368	264	312	408	320	248	336
84	480	488	496	488	448	336	272	280	424	392	328	352	424	376	320	344	400	368	280	320
85	504	488	504	504	480	272	256	232	488	328	312	352	448	360	272	312	352	264	184	240
86	480	480	472	488	456	384	280	280	456	408	400	424	344	408	368	408	424	392	344	384
87	480	472	480	480	480	280	256	272	328	352	312	360	576	352	272	312	440	320	248	304
88	496	480	496	496	480	280	320	232	504	352	304	368	384	360	312	360	376	336	280	352
89	488	472	496	496	480	224	280	272	448	384	312	352	432	352	304	344	384	360	296	384
90	496	496	496	488	440	368	288	240	384	384	368	400	424	376	288	304	424	424	320	352
91	504	504	504	496	464	208	288	288	512	360	336	384	408	352	280	352	360	288	184	232
92	456	440	464	464	472	344	200	272	416	344	320	360	432	312	256	296	408	336	232	288
93	472	480	448	464	464	216	208	240	416	344	328	344	408	352	272	312	400	368	248	288
94	496	488	496	496	448	240	272	272	448	368	320	368	424	344	272	328	408	344	280	328
95	504	488	504	504	472	400	280	224	432	416	400	448	448	400	328	400	408	376	272	336
96	496	480	496	480	440	168	208	256	408	360	344	352	400	360	312	352	416	368	280	280
97	472	472	480	472	440	352	200	232	416	288	280	328	216	344	272	328	392	320	216	264
98	496	488	496	496	448	384	280	256	448	416	384	432	648	360	328	376	448	400	344	392
99	480	488	488	472	464	208	280	296	496	424	392	416	376	384	368	408	464	344	312	344
100	496	488	488	496	480	448	280	280	424	320	304	352	456	384	320	368	408	384	296	296
101	504	480	504	488	440	280	264	288	392	352	320	368	440	368	296	320	456	328	272	320
102	496	480	496	488	440	264	240	256	424	296	296	328	424	328	296	296	400	312	248	224
103	504	504	504	488	456	304	256	224	368	392	384	392	416	392	328	336	376	384	296	312
104	496	488	488	488	416	272	208	200	464	304	288	352	424	368	288	336	472	328	264	328
105	496	496	496	496	464	272	288	272	456	392	360	392	416	360	328	376	368	392	344	360
106	480	472	464	480	480	296	256	296	416	328	296	384	264	392	304	352	456	312	232	320
107	488	488	488	488	472	304	280	304	424	384	368	408	648	392	312	352	456	328	288	368
108	496	488	496	488	448	272	296	224	392	336	304	344	432	352	288	312	440	320	264	296
109	504	504	504	504	480	360	296	272	424	360	352	368	408	416	328	360	400	352	304	352
110	496	488	496	496	448	264	264	248	384	288	296	304	416	336	288	328	400	336	248	280
111	504	496	504	480	472	248	248	232	416	360	312	376	376	336	288	344	416	344	264	304
112	496	488	496	496	472	248	336	296	416	360	336	360	432	408	384	384	416	432	328	352
113	480	488	488	480	472	336	280	272	416	328	312	376	416	328	264	312	424	344	248	328
114	480	472	456	472	464	320	264	248	416	368	344	360	432	360	288	320	408	344	280	304
115	504	496	496	504	472	328	240	232	432	384	336	384	392	360	296	336	400	352	264	304
116	496	472	480	488	480	328	280	320	432	352	312	344	448	352	296	360	424	368	288	336
117	496	488	504	480	456	264	272	232	440	408	344	376	408	360	312	336	392	320	272	312
118	488	488	496	488	432	168	240	288	400	344	352	376	448	360	352	376	440	344	320	336
119	504	504	496	504	488	512	320	288	448	424	384	416	416	376	352	408	360	352	296	320
120	480	472	472	472	456	232	248	224	424	352	296	392	424	328	256	352	416	328	240	312
avg	491.333	484.667	488.4	488.533	458.267	290.4	259.867	255.067	423.733	359.333	330.933	369.467	420.133	355.867	296.933	336.8	408.267	349.333	274.4	315.6
delay	1.20353	2.09959	2.09009	2.09225	4.27611	65.8646	8.33761	8.53372	17.6778	9.56846	9.23771	9.12162	40.7613	12.4346	12.2712	12.1702	25.2698	14.7469	14.5826	14.5142
loss	0.0147059	0.0259914	0.0192771	0.0182208	0.0730852	0.377714	0.437843	0.44647	0.130506	0.248257	0.299266	0.229422	0.136476	0.25259	0.365708	0.291643	0.158097	0.265077	0.407599	0.328511
Command ['/home/synrg/Documents/Jiaming/ns-3.30-obss/build/scratch/simple-ofdma-adhoc', '--ofdmaEnabled=true', '--startTime=60', '--totalTime=120', '--dataMode=HeMcs7', '--datarate=5e5', '--clNum=20', '--ratio=0.375', '--RngRun=127'] terminated with signal SIGSEGV. Run it under a debugger to get more information (./waf --run <program> --command-template="gdb --args %s <args>").
