Waf: Entering directory `/home/ubuntu/ns-3.30-obss/build'
Waf: Leaving directory `/home/ubuntu/ns-3.30-obss/build'
Build commands will be stored in build/compile_commands.json
'build' finished successfully (0.735s)
--------------------------Rate[Kbps]--------------------------
Time[s]	cl-1	cl-2	cl-3	cl-4	cl-5	cl-6	cl-7	cl-8	cl-9	cl-10	cl-11	cl-12	cl-13	cl-14	cl-15	cl-16	cl-17	cl-18	cl-19	cl-20
60	14.2	15.6	13.2	13.6	13.2	15.4	14	14.8	15.8	16.4	11.8	16.8	12.8	19.6	11	16.4	13	14.2	16.6	15
61	0	0	0	0	0	0	24	152	96	80	16	128	152	24	0	0	104	0	144	0
62	0	0	0	0	0	0	160	64	200	104	200	40	48	96	88	56	88	88	40	104
63	0	0	0	0	0	0	152	112	16	160	64	128	40	184	120	136	48	152	128	152
64	0	0	0	0	0	0	152	208	64	72	200	0	168	112	32	136	8	48	128	0
65	0	0	0	0	0	0	144	184	88	160	120	168	32	200	168	112	192	48	168	96
66	0	0	0	0	0	0	80	16	56	160	176	176	104	80	40	16	96	72	0	0
67	0	0	0	0	0	0	56	96	0	136	0	0	40	0	208	48	32	0	104	88
68	0	0	0	0	0	0	80	112	40	208	144	32	136	56	0	200	16	136	96	48
69	0	0	0	0	0	0	24	120	200	192	40	128	184	184	160	168	80	96	136	16
70	0	0	0	0	0	0	64	88	128	32	96	200	48	120	80	80	80	192	80	184
71	0	0	0	0	0	0	120	64	120	72	200	16	192	128	144	120	40	80	160	128
72	0	0	0	0	0	0	8	184	176	168	128	64	112	128	48	96	200	200	176	72
73	0	0	0	0	0	0	0	136	184	56	184	208	0	104	120	80	64	184	160	128
74	0	0	0	0	0	0	128	96	136	0	120	112	168	40	200	0	104	24	128	200
75	8	0	0	0	0	0	112	80	152	144	0	40	104	8	40	112	0	88	0	56
76	0	0	0	0	0	0	160	160	0	152	16	112	112	24	128	160	168	104	192	40
77	0	0	0	0	8	0	200	48	48	56	200	120	128	24	88	80	64	208	112	48
78	0	0	0	0	0	0	112	8	160	200	144	176	144	112	88	80	72	80	80	80
79	0	0	0	8	0	0	120	176	104	64	0	192	16	16	64	200	200	152	128	144
80	0	0	0	0	0	8	160	128	144	48	104	184	16	200	48	64	152	168	64	88
81	0	8	8	0	0	0	192	8	0	136	192	168	32	144	120	104	120	104	200	0
82	0	0	0	0	0	0	200	128	88	72	40	24	8	40	16	120	0	8	56	104
83	0	0	0	0	0	0	72	176	104	112	72	104	72	16	128	200	48	0	0	152
84	0	0	0	0	0	0	8	160	112	48	184	64	0	64	112	160	120	160	64	192
85	0	0	0	0	0	0	192	152	40	80	24	160	192	200	96	0	120	112	16	136
86	0	0	0	0	0	0	200	72	160	48	32	112	160	80	0	40	160	80	8	192
87	0	0	0	0	0	0	136	64	152	104	8	24	32	0	40	200	152	120	200	72
88	0	0	0	0	0	0	144	0	176	200	168	184	136	8	144	144	96	48	160	64
89	0	0	0	0	0	0	0	24	16	120	144	24	56	24	0	88	168	200	64	48
90	0	0	0	0	0	0	64	104	80	168	56	0	112	80	136	184	88	152	0	112
91	8	0	0	0	0	0	72	200	96	0	200	160	168	184	0	104	32	192	32	120
92	0	0	0	0	0	0	96	192	128	96	136	40	56	64	96	96	112	16	64	24
93	0	0	0	0	0	0	88	48	56	184	200	0	136	120	56	0	40	56	136	8
94	0	0	0	0	0	8	200	0	96	80	72	104	8	160	200	88	104	88	0	56
95	0	0	0	8	8	0	24	32	8	8	184	120	168	136	120	200	40	120	144	72
96	0	8	0	0	0	0	0	120	184	0	192	0	56	0	88	16	192	72	128	88
97	0	0	0	0	0	0	40	192	176	152	0	88	88	168	40	16	8	80	184	176
98	0	0	0	0	0	0	32	0	184	160	104	48	120	120	72	192	168	56	160	200
99	0	0	0	0	0	0	160	72	24	16	160	16	48	64	192	96	112	56	8	104
100	0	0	0	0	0	0	0	16	176	200	8	168	96	48	72	112	24	136	160	168
101	0	0	8	0	0	0	80	128	184	160	208	8	168	48	96	80	88	192	136	40
102	0	0	0	0	0	0	128	80	96	32	96	112	8	176	152	96	0	96	72	104
103	0	0	0	0	0	0	128	200	152	16	80	56	200	168	120	176	160	152	48	192
104	0	0	0	0	0	0	48	72	184	144	88	104	152	48	184	56	192	200	120	24
105	8	0	0	0	0	0	168	56	32	0	32	136	168	0	120	184	104	184	176	96
106	0	0	0	0	0	0	16	200	184	136	144	8	32	0	120	168	120	200	40	56
107	0	0	0	0	0	0	0	120	128	88	128	0	0	0	104	48	0	48	0	40
108	0	0	0	0	0	0	160	200	56	80	16	88	312	264	136	80	176	24	128	152
109	0	0	0	0	0	0	192	176	48	72	40	88	112	48	112	152	96	152	32	112
110	0	0	0	0	0	0	80	168	192	120	160	192	96	112	200	56	56	136	64	64
111	0	0	0	0	0	0	56	176	96	192	72	32	0	48	112	80	88	192	168	168
112	0	0	0	0	0	0	56	136	72	8	192	120	32	128	88	128	56	56	208	176
113	0	8	0	0	8	0	0	200	40	0	0	160	16	144	192	200	152	32	24	136
114	0	0	0	0	0	8	184	0	136	0	112	200	136	112	56	144	0	32	40	0
115	0	0	0	0	0	0	88	144	120	200	96	136	184	200	0	16	64	88	200	152
116	0	0	0	8	0	0	152	72	48	128	64	80	0	56	184	80	136	64	144	128
117	0	0	0	0	0	0	0	184	56	184	0	168	80	0	72	32	32	176	64	32
118	0	0	8	0	0	0	56	88	144	152	48	0	56	96	56	40	104	200	152	192
119	0	0	0	0	0	0	40	0	80	128	0	40	72	80	120	32	16	120	64	160
120	0	0	0	0	0	0	120	176	192	24	160	128	64	144	0	56	24	0	0	24
(1,11641)	(2,149)	(3,0)	(4,22)	
(1,1770)	(2,7)	(3,0)	(4,0)	
(1,2484)	(2,45)	(3,0)	(4,0)	
(1,2219)	(2,17)	(3,0)	(4,27)	
(1,2346)	(2,19)	(3,0)	(4,0)	
(1,2455)	(2,19)	(3,0)	(4,0)	
(1,1)	(2,0)	(3,0)	(4,0)	
(1,1)	(2,0)	(3,0)	(4,0)	
(1,1)	(2,0)	(3,0)	(4,0)	
(1,1)	(2,0)	(3,0)	(4,0)	
(1,1)	(2,0)	(3,0)	(4,0)	
(1,1)	(2,0)	(3,0)	(4,0)	
(1,1)	(2,0)	(3,0)	(4,0)	
(1,1)	(2,0)	(3,0)	(4,0)	
(1,1)	(2,0)	(3,0)	(4,0)	
(1,1)	(2,0)	(3,0)	(4,0)	
(1,1)	(2,0)	(3,0)	(4,0)	
(1,1)	(2,0)	(3,0)	(4,0)	
(1,1)	(2,0)	(3,0)	(4,0)	
(1,1)	(2,0)	(3,0)	(4,0)	
(1,1)	(2,0)	(3,0)	(4,0)	
avg	0.4	0.4	0.4	0.4	0.4	0.4	95.4667	109.467	106.8	101.867	101.067	94.8	92.9333	90.5333	96.9333	100.133	89.6	105.333	98.1333	96.8
delay	0.333333	0.666667	0.666667	0.333333	0.333333	1.33333	1.85056	3.68819	4.38202	1.49215	2.70449	22.9944	44.2281	65.7879	3.14168	1.72703	1.65327	1.44051	1.66033	1.45592
loss	0	0	0	0	0	0	0.00968188	0.022619	0.0171779	0.016731	0.0181347	0.0111266	0.0292479	0.0368794	0.0241611	0.023407	0.0146628	0.00503778	0.00674764	0.0108992
Command ['/home/ubuntu/ns-3.30-obss/build/scratch/simple-ofdma-adhoc4', '--ofdmaEnabled=true', '--startTime=60', '--totalTime=120', '--dataMode=HeMcs3', '--datarate=2e5', '--clNum=20', '--ratio=0.375', '--RngRun=12', '--locationFile=./my-simulations/8_ofdma7/locationFile53.txt', '--routingFile=./my-simulations/8_ofdma7/routingFile53.txt'] terminated with signal SIGSEGV. Run it under a debugger to get more information (./waf --run <program> --command-template="gdb --args %s <args>").
