Waf: Entering directory `/home/ubuntu/ns-3.30-obss/build'
Waf: Leaving directory `/home/ubuntu/ns-3.30-obss/build'
Build commands will be stored in build/compile_commands.json
'build' finished successfully (0.814s)
--------------------------Rate[Kbps]--------------------------
Time[s]	cl-1	cl-2	cl-3	cl-4	cl-5	cl-6	cl-7	cl-8	cl-9	cl-10	cl-11	cl-12	cl-13	cl-14	cl-15
60	15.8	14.2	15.4	15.8	12	14.4	14	14.6	13.4	12.8	14.2	16.6	17	12	16.4
61	0	0	0	0	0	208	152	304	0	112	0	136	192	528	240
62	0	0	0	0	0	104	104	96	280	488	312	296	432	384	88
63	0	0	0	0	0	192	544	160	120	0	304	48	432	408	424
64	0	0	0	0	0	328	592	256	144	424	560	136	0	0	552
65	0	0	0	0	0	360	456	448	600	440	296	224	16	112	0
66	0	0	0	0	0	304	456	0	384	72	328	16	288	104	448
67	0	0	0	0	0	0	456	496	584	120	168	96	144	0	192
68	0	0	0	0	0	328	112	16	0	320	304	176	416	248	512
69	0	0	0	0	0	536	168	272	448	552	552	0	216	184	464
70	0	0	0	0	0	160	176	560	288	24	232	544	544	224	440
71	0	0	0	0	0	128	352	376	32	544	456	488	24	128	448
72	0	0	0	0	0	152	376	376	336	424	280	440	200	408	224
73	0	0	0	0	0	48	272	416	392	568	216	264	376	104	528
74	0	0	0	0	0	256	0	64	272	192	96	240	424	528	384
75	0	0	0	0	0	432	56	504	0	408	0	584	376	568	152
76	0	0	0	0	0	104	160	0	392	528	456	0	176	24	552
77	0	0	0	0	0	416	336	416	256	336	16	128	320	16	240
78	0	0	0	0	0	320	0	464	32	488	80	56	368	48	64
79	0	0	0	0	0	144	304	136	448	424	0	520	472	568	112
80	0	0	0	0	0	528	104	528	312	296	216	208	584	288	48
81	0	0	0	0	0	184	216	448	184	424	480	136	104	192	472
82	0	0	0	0	0	536	760	352	272	24	240	288	40	256	400
83	0	0	0	0	0	416	456	232	480	304	232	248	400	264	344
84	0	0	0	0	0	448	352	120	184	312	312	296	512	248	248
85	0	0	0	0	0	416	224	344	104	376	432	408	480	464	200
86	0	0	0	0	0	488	520	168	96	144	0	440	408	288	568
87	0	0	0	0	0	0	424	96	144	544	80	136	32	456	40
88	0	0	0	0	0	384	120	400	184	0	208	208	104	192	216
89	0	0	0	0	0	64	336	488	248	464	192	48	384	480	512
90	0	0	0	0	0	232	584	256	0	488	344	168	496	336	152
91	0	0	0	0	0	472	168	432	264	192	544	288	320	200	488
92	0	0	0	0	0	56	0	104	0	280	304	296	192	240	320
93	0	0	0	0	0	200	88	232	360	304	384	192	424	176	0
94	0	0	0	0	0	0	0	480	312	472	32	56	160	480	280
95	0	0	0	0	0	256	152	488	408	328	352	456	120	168	344
96	0	0	0	0	0	352	464	128	0	496	368	592	176	432	32
97	0	0	0	0	0	480	0	88	256	104	520	432	216	456	392
98	0	0	0	0	0	240	344	80	296	40	432	424	248	504	280
99	0	0	0	0	0	176	168	360	152	128	224	600	448	0	200
100	0	0	0	0	0	8	504	440	512	416	224	408	256	368	24
101	0	0	0	0	0	480	456	432	208	464	320	320	224	352	240
102	0	0	0	0	0	440	280	416	512	488	120	184	72	584	352
103	0	0	0	0	0	488	0	168	248	464	304	232	512	64	504
104	0	0	0	0	0	0	488	320	0	24	568	296	136	424	344
105	0	0	0	0	0	264	208	544	336	160	192	528	168	448	248
106	0	0	0	0	0	456	0	464	416	560	424	368	72	200	80
107	0	0	0	0	0	160	240	24	528	64	256	376	464	296	376
108	0	0	0	0	0	336	0	488	144	496	464	0	376	496	208
109	0	0	0	0	0	520	368	232	512	160	80	240	0	552	344
110	0	0	0	0	0	0	8	256	592	408	328	448	352	272	360
111	0	0	0	0	0	400	216	104	0	576	0	64	392	432	480
112	0	0	0	0	0	256	312	232	144	392	792	456	0	104	8
113	0	0	0	0	0	312	136	504	152	520	88	8	488	216	312
114	0	0	0	0	0	344	400	288	512	136	320	400	336	224	104
115	0	0	0	0	0	0	480	64	448	472	360	592	120	72	280
116	0	0	0	0	0	272	168	40	200	232	336	432	400	376	384
117	0	0	0	0	0	576	360	104	56	0	560	520	472	552	160
118	0	0	0	0	0	400	304	0	200	40	528	528	536	160	272
119	0	0	0	0	0	320	288	16	0	0	360	344	280	312	448
120	0	0	0	0	0	224	320	456	0	336	0	64	80	448	216
(1,15986)	(2,3364)	(3,0)	(4,472)	
(1,3935)	(2,250)	(3,0)	(4,16)	
(1,3875)	(2,217)	(3,0)	(4,5)	
(1,4271)	(2,222)	(3,0)	(4,34)	
(1,4129)	(2,245)	(3,0)	(4,9)	
(1,4300)	(2,196)	(3,0)	(4,14)	
(1,1)	(2,0)	(3,0)	(4,0)	
(1,1)	(2,0)	(3,0)	(4,0)	
(1,1)	(2,0)	(3,0)	(4,0)	
(1,1)	(2,0)	(3,0)	(4,0)	
(1,1)	(2,0)	(3,0)	(4,0)	
(1,1)	(2,0)	(3,0)	(4,0)	
(1,1)	(2,0)	(3,0)	(4,0)	
(1,1)	(2,0)	(3,0)	(4,0)	
(1,1)	(2,0)	(3,0)	(4,0)	
(1,1)	(2,0)	(3,0)	(4,0)	
avg	0	0	0	0	0	278.4	268.133	279.6	249.733	309.867	286.267	285.333	283.333	294.267	289.067
delay	0.303797	0.450704	0.285714	0.316456	0.283333	6.55125	8.88911	7.15689	4.04004	14.682	37.9162	9.88785	4.43529	5.26325	5.26292
loss	0	0	0	0	0	0.100388	0.0854934	0.0945596	0.0969142	0.0839574	0.0773528	0.0881977	0.0840517	0.0838522	0.0981697
Command ['/home/ubuntu/ns-3.30-obss/build/scratch/simple-ofdma-adhoc4', '--ofdmaEnabled=true', '--startTime=60', '--totalTime=120', '--dataMode=HeMcs1', '--datarate=6e5', '--ratio=0.375', '--RngRun=12', '--locationFile=my-simulations/8_ofdma7/txt/locationFile52.txt', '--routingFile=my-simulations/8_ofdma7/txt/routingFile52.txt'] terminated with signal SIGSEGV. Run it under a debugger to get more information (./waf --run <program> --command-template="gdb --args %s <args>").
