Waf: Entering directory `/home/ubuntu/ns-3.30-obss/build'
Waf: Leaving directory `/home/ubuntu/ns-3.30-obss/build'
Build commands will be stored in build/compile_commands.json
'build' finished successfully (0.781s)
--------------------------Rate[Kbps]--------------------------
Time[s]	cl-1	cl-2	cl-3	cl-4	cl-5	cl-6	cl-7	cl-8	cl-9	cl-10	cl-11	cl-12	cl-13	cl-14	cl-15	cl-16
60	12	13.8	15.8	14.2	12.8	13.6	15.6	13.2	11.6	13.4	13.8	14.4	16.2	15.8	15.2	16.6
61	0	0	0	0	344	224	104	240	16	360	40	0	16	296	32	112
62	0	0	0	0	136	104	344	0	128	176	272	24	232	344	0	0
63	0	0	0	0	112	240	224	112	280	0	104	160	344	216	176	88
64	0	0	0	0	88	216	8	400	40	248	296	104	224	296	80	400
65	0	0	0	0	256	120	160	152	296	16	400	224	0	104	64	200
66	0	0	0	0	400	152	112	24	368	384	288	88	240	112	400	240
67	0	0	0	0	40	376	128	0	360	176	120	328	304	0	96	400
68	0	0	0	0	240	0	352	288	272	232	0	264	368	280	392	176
69	0	0	0	0	232	160	336	312	344	88	40	128	8	48	384	256
70	0	0	0	0	88	200	48	360	208	200	168	48	272	168	88	336
71	0	0	0	0	136	400	400	368	400	304	16	192	296	0	64	128
72	0	0	0	0	0	168	328	96	80	88	96	136	280	120	328	200
73	0	0	0	0	64	352	280	56	120	224	48	384	400	88	376	0
74	0	0	0	0	232	72	280	400	16	40	240	272	88	256	0	256
75	0	0	0	0	88	200	176	112	200	272	312	248	80	32	136	240
76	0	0	0	0	376	72	320	72	240	40	400	32	272	400	160	128
77	0	0	0	0	336	400	400	96	272	136	136	48	72	184	296	224
78	0	0	0	0	88	136	64	400	16	328	168	312	136	72	160	168
79	0	0	0	0	168	144	192	8	168	56	200	224	240	64	424	232
80	0	0	0	0	368	208	56	176	80	0	392	136	112	192	392	40
81	0	0	0	0	72	248	0	8	0	184	128	160	304	352	400	16
82	0	0	0	0	160	136	240	400	280	232	8	240	56	96	128	264
83	0	0	0	0	0	8	112	88	384	8	368	136	152	80	120	184
84	0	0	0	0	104	400	384	272	400	40	136	256	0	160	104	408
85	0	0	0	0	0	384	24	176	136	120	400	24	8	344	88	64
86	0	0	0	0	264	224	200	368	72	296	152	360	360	240	192	376
87	0	0	0	0	360	376	272	400	376	328	224	72	208	192	40	176
88	0	0	0	0	24	344	320	40	72	0	8	240	312	248	56	256
89	0	0	0	0	40	224	400	0	96	264	112	232	384	392	168	376
90	0	0	0	0	256	120	248	288	272	240	56	0	192	144	392	248
91	0	0	0	0	136	296	72	0	328	240	272	288	96	280	192	24
92	0	0	0	0	392	152	304	216	200	272	0	400	360	168	288	224
93	0	0	0	0	88	112	384	24	24	400	96	296	360	368	400	136
94	0	0	0	0	96	0	272	88	312	48	120	312	96	368	232	72
95	0	0	0	0	208	288	0	400	344	208	400	216	120	376	120	352
96	0	0	0	0	80	0	288	208	272	184	112	240	0	392	320	320
97	0	0	0	0	272	360	192	136	24	288	352	120	352	304	0	216
98	0	0	0	0	72	248	400	0	280	152	120	0	184	336	72	40
99	0	0	0	0	304	344	16	328	176	136	80	176	88	168	400	144
100	0	0	0	0	72	136	264	240	368	312	352	112	80	0	144	152
101	0	0	0	0	0	304	384	104	256	16	152	96	304	144	24	88
102	0	0	0	0	144	96	112	0	376	208	72	384	400	352	248	16
103	0	0	0	0	192	392	368	272	144	64	32	200	152	200	200	16
104	0	0	0	0	0	152	56	368	400	384	240	208	280	368	400	120
105	0	0	0	0	248	208	224	32	296	0	176	0	336	160	280	32
106	0	0	0	0	72	400	336	320	64	72	0	120	392	400	0	400
107	0	0	0	0	400	240	168	328	16	312	248	80	16	168	248	288
108	0	0	0	0	88	8	264	232	0	152	176	320	304	320	400	288
109	0	0	0	0	200	232	336	56	144	152	360	120	208	208	200	392
110	0	0	0	0	248	192	288	112	328	0	296	104	400	376	288	56
111	0	0	0	0	224	216	208	224	144	176	136	0	392	200	0	248
112	0	0	0	0	56	0	208	232	240	80	224	224	128	264	264	40
113	0	0	0	0	272	248	400	0	0	128	112	184	272	280	184	200
114	0	0	0	0	368	40	112	176	32	192	384	320	160	0	392	120
115	0	0	0	0	40	0	248	304	392	384	280	248	232	96	320	376
116	0	0	0	0	80	280	360	136	328	256	336	96	8	112	88	184
117	0	0	0	0	144	64	328	272	32	72	392	144	144	32	0	0
118	0	0	0	0	208	280	64	176	0	200	120	112	264	328	96	256
119	0	0	0	0	8	192	216	184	168	280	0	208	0	368	40	184
120	0	0	0	0	136	384	392	16	296	192	184	144	336	200	0	280
(1,17954)	(2,453)	(3,0)	(4,61)	
(1,4574)	(2,114)	(3,0)	(4,1)	
(1,4317)	(2,86)	(3,0)	(4,0)	
(1,4483)	(2,51)	(3,0)	(4,1)	
(1,4540)	(2,95)	(3,0)	(4,18)	
(1,1)	(2,0)	(3,0)	(4,0)	
(1,2)	(2,0)	(3,0)	(4,0)	
(1,1)	(2,0)	(3,0)	(4,0)	
(1,1)	(2,0)	(3,0)	(4,0)	
(1,1)	(2,0)	(3,0)	(4,0)	
(1,1)	(2,0)	(3,0)	(4,0)	
(1,1)	(2,0)	(3,0)	(4,0)	
(1,1)	(2,0)	(3,0)	(4,0)	
(1,1)	(2,0)	(3,0)	(4,0)	
(1,1)	(2,0)	(3,0)	(4,0)	
(1,1)	(2,0)	(3,0)	(4,0)	
(1,1)	(2,0)	(3,0)	(4,0)	
avg	0	0	0	0	165.333	204.533	229.6	181.6	199.6	177.333	185.867	175.733	207.067	214.267	192.933	190.933
delay	0.266667	0.246377	0.253165	0.239437	1.64435	3.2236	3.13763	1.07048	3.31329	2.48346	2.54089	3.76252	3.77606	7.2402	23.4091	16.5684
loss	0	0	0	0	0.027451	0.0321767	0.0171233	0.015896	0.0272904	0.0452261	0.0251748	0.0344322	0.0305677	0.0177262	0.0196477	0.0218579
Command ['/home/ubuntu/ns-3.30-obss/build/scratch/simple-ofdma-adhoc4', '--ofdmaEnabled=true', '--startTime=60', '--totalTime=120', '--dataMode=HeMcs7', '--datarate=4e5', '--ratio=0.375', '--RngRun=12', '--locationFile=my-simulations/8_ofdma7/txt/locationFile43.txt', '--routingFile=my-simulations/8_ofdma7/txt/routingFile43.txt'] terminated with signal SIGSEGV. Run it under a debugger to get more information (./waf --run <program> --command-template="gdb --args %s <args>").
