Waf: Entering directory `/home/ubuntu/ns-3.30-obss/build'
Waf: Leaving directory `/home/ubuntu/ns-3.30-obss/build'
Build commands will be stored in build/compile_commands.json
'build' finished successfully (0.801s)
--------------------------Rate[Kbps]--------------------------
Time[s]	cl-1	cl-2	cl-3	cl-4	cl-5	cl-6	cl-7	cl-8	cl-9	cl-10	cl-11	cl-12	cl-13	cl-14	cl-15
60	15.8	14.2	15.4	15.8	12	14.6	14	14.6	13.4	12.8	14.2	16.6	16.8	12	16.4
61	0	0	0	64	0	352	264	488	0	184	0	232	312	888	416
62	0	0	0	960	288	160	184	192	456	824	576	456	776	632	136
63	0	0	0	264	496	304	920	272	184	0	496	72	704	656	672
64	0	0	0	832	360	608	912	408	200	752	896	232	0	0	840
65	0	0	0	960	456	664	784	816	960	792	464	360	8	184	0
66	0	0	0	496	816	624	728	0	656	112	528	40	440	208	784
67	0	0	0	320	976	0	760	832	912	176	248	192	240	0	312
68	0	0	0	424	56	120	0	16	8	440	264	272	264	8	280
69	0	0	0	232	48	952	312	464	616	848	888	0	584	496	1040
70	0	0	0	560	0	272	312	928	448	168	408	920	960	408	720
71	0	0	0	400	144	264	568	672	48	880	792	880	56	264	760
72	0	0	0	224	352	464	784	848	760	792	552	776	352	848	560
73	0	0	0	16	272	0	392	464	432	560	152	152	256	48	576
74	0	0	0	600	632	448	0	112	376	384	232	392	752	896	688
75	0	0	0	160	568	800	96	888	0	640	0	976	608	920	256
76	0	0	0	600	264	168	256	8	600	872	760	0	280	32	864
77	0	0	0	120	216	656	568	672	440	592	24	256	520	32	408
78	0	0	0	432	104	512	0	768	96	776	120	128	632	80	112
79	0	0	0	760	552	248	536	200	696	712	0	800	784	984	200
80	0	0	0	272	656	936	160	936	608	512	400	336	920	464	112
81	0	0	0	344	32	520	896	736	456	792	784	248	232	392	824
82	0	0	0	808	776	832	776	544	400	40	416	464	80	360	648
83	0	0	0	616	88	784	760	424	920	584	512	584	800	528	696
84	0	0	0	968	496	712	600	192	304	448	520	464	760	408	424
85	0	0	0	296	880	728	400	648	240	728	856	816	824	864	392
86	0	0	0	432	232	688	880	296	248	272	0	624	640	472	904
87	0	0	0	368	104	0	656	160	224	872	128	224	40	752	64
88	0	0	0	0	768	648	208	672	304	0	352	336	160	336	360
89	0	0	0	880	136	88	528	824	392	736	312	80	632	784	816
90	0	0	0	112	208	416	944	360	0	776	536	312	792	544	264
91	0	0	0	0	0	936	328	856	592	392	912	576	776	392	872
92	0	0	0	888	824	80	0	200	0	504	552	504	320	392	552
93	0	0	0	624	184	376	0	88	272	216	376	320	688	80	0
94	0	0	0	352	440	0	56	872	656	864	248	88	240	808	448
95	0	0	0	872	880	424	256	824	624	552	528	656	224	248	464
96	0	0	0	88	728	576	720	192	0	744	488	968	296	688	48
97	0	0	0	264	344	792	0	176	456	168	968	808	408	776	688
98	0	0	0	640	112	416	632	120	488	80	688	720	416	960	432
99	0	0	0	240	0	296	272	616	248	208	376	904	712	0	368
100	0	0	0	256	264	8	792	752	848	648	392	624	368	640	56
101	0	0	0	152	216	952	808	816	448	888	584	664	480	616	496
102	0	0	0	320	784	704	504	704	1000	856	176	264	120	880	656
103	0	0	0	960	160	816	0	280	464	824	520	432	928	80	952
104	0	0	0	616	0	0	784	528	0	48	968	520	216	672	544
105	0	0	0	408	528	472	352	1000	568	248	360	944	280	776	464
106	0	0	0	960	288	800	0	736	664	944	704	616	144	352	120
107	0	0	0	200	336	352	432	48	856	144	488	616	784	624	664
108	0	0	0	240	904	576	0	976	264	904	872	0	680	856	280
109	0	0	0	888	0	984	696	320	912	288	128	360	0	976	544
110	0	0	0	760	152	0	8	448	952	744	624	832	608	536	688
111	0	0	0	832	24	688	360	176	0	912	688	96	656	720	752
112	0	0	0	0	408	496	576	376	248	720	648	816	0	152	16
113	0	0	0	40	440	568	264	808	264	880	128	8	752	392	496
114	0	0	0	888	480	528	752	488	816	176	448	640	496	392	184
115	0	0	0	592	296	0	832	96	768	824	640	984	240	136	472
116	0	0	0	496	912	432	248	72	352	408	560	680	688	592	616
117	0	0	0	752	184	896	608	192	120	0	944	832	808	944	288
118	0	0	0	0	456	672	552	0	344	64	904	976	864	320	384
119	0	0	0	72	600	576	496	184	0	0	680	616	504	552	704
120	0	0	0	120	416	232	168	184	8	144	0	0	0	520	280
(1,29381)	(2,6939)	(3,0)	(4,896)	
(1,11578)	(2,1257)	(3,0)	(4,18)	
(1,11905)	(2,1422)	(3,0)	(4,115)	
(1,12110)	(2,1584)	(3,0)	(4,65)	
(1,1)	(2,0)	(3,0)	(4,0)	
(1,1)	(2,0)	(3,0)	(4,0)	
(1,1)	(2,0)	(3,0)	(4,0)	
(1,1)	(2,0)	(3,0)	(4,0)	
(1,1)	(2,0)	(3,0)	(4,0)	
(1,1)	(2,0)	(3,0)	(4,0)	
(1,1)	(2,0)	(3,0)	(4,0)	
(1,1)	(2,0)	(3,0)	(4,0)	
(1,1)	(2,0)	(3,0)	(4,0)	
(1,1)	(2,0)	(3,0)	(4,0)	
(1,1)	(2,0)	(3,0)	(4,0)	
(1,1)	(2,0)	(3,0)	(4,0)	
avg	0	0	0	450.667	372.267	476.933	444.667	466.133	420.267	510.933	480.133	478.133	468.4	492.667	477.6
delay	0.253165	0.239437	0.246753	5.04053	11.774	7.90187	9.67676	15.6745	16.7513	18.8379	13.3588	4.11043	13.2642	12.5992	18.1156
loss	0	0	0	0.0889488	0.0764142	0.0728357	0.0868018	0.0816916	0.0903319	0.08413	0.074531	0.0828645	0.0865835	0.0769423	0.0993211
Command ['/home/ubuntu/ns-3.30-obss/build/scratch/simple-ofdma-adhoc4', '--ofdmaEnabled=true', '--startTime=60', '--totalTime=120', '--dataMode=HeMcs7', '--datarate=10e5', '--ratio=0.375', '--RngRun=12', '--locationFile=my-simulations/8_ofdma7/txt/locationFile34.txt', '--routingFile=my-simulations/8_ofdma7/txt/routingFile34.txt'] terminated with signal SIGSEGV. Run it under a debugger to get more information (./waf --run <program> --command-template="gdb --args %s <args>").
