Waf: Entering directory `/home/ubuntu/ns-3.30-obss/build'
Waf: Leaving directory `/home/ubuntu/ns-3.30-obss/build'
Build commands will be stored in build/compile_commands.json
'build' finished successfully (0.678s)
--------------------------Rate[Kbps]--------------------------
Time[s]	cl-1	cl-2	cl-3	cl-4	cl-5	cl-6
60	14.6	13	13.2	14.8	14.2	13.2
61	0	0	280	160	120	632
62	0	0	680	792	208	360
63	0	0	0	488	384	216
64	0	0	144	152	744	528
65	0	0	448	544	736	0
66	0	0	544	800	456	344
67	0	0	128	256	576	800
68	0	0	800	648	464	208
69	0	0	544	0	80	360
70	0	0	504	160	640	280
71	0	0	488	600	16	88
72	0	0	288	656	584	0
73	0	0	224	136	384	168
74	0	0	520	800	352	16
75	0	0	552	624	0	272
76	0	0	288	744	216	736
77	0	0	792	696	0	120
78	0	0	688	72	24	0
79	0	0	0	288	160	504
80	0	0	112	352	768	384
81	0	0	280	528	272	712
82	0	0	0	368	384	800
83	0	0	88	328	472	16
84	0	0	120	296	264	0
85	0	0	784	768	640	464
86	0	0	616	704	0	184
87	0	0	352	664	80	64
88	0	0	32	192	120	320
89	0	0	200	88	496	0
90	0	0	528	360	512	144
91	0	0	64	0	544	800
92	0	0	760	352	440	640
93	0	0	600	328	208	288
94	0	0	376	192	712	720
95	0	0	280	168	576	704
96	0	0	464	512	512	0
97	0	0	800	136	0	112
98	0	0	184	728	392	800
99	0	0	792	48	720	648
100	0	0	496	0	64	712
101	0	0	632	280	624	0
102	0	0	456	800	648	352
103	0	0	232	128	40	488
104	0	0	136	616	192	448
105	0	0	624	776	656	800
106	0	0	0	272	800	256
107	0	0	32	600	208	720
108	0	0	424	32	792	592
109	0	0	288	800	368	0
110	0	0	208	640	32	552
111	0	0	688	632	192	440
112	0	0	208	456	320	528
113	0	0	408	240	696	536
114	0	0	376	248	0	0
115	0	0	136	504	224	8
116	0	0	544	0	504	568
117	0	0	0	616	352	384
118	0	0	664	480	560	800
119	0	0	784	792	144	280
120	0	0	440	280	664	464
(1,12004)	(2,38)	(3,0)	(4,0)	
(1,6095)	(2,37)	(3,0)	(4,0)	
(1,5711)	(2,25)	(3,0)	(4,0)	
(1,1)	(2,0)	(3,0)	(4,0)	
(1,1)	(2,0)	(3,0)	(4,0)	
(1,1)	(2,0)	(3,0)	(4,0)	
(1,1)	(2,0)	(3,0)	(4,0)	
avg	0	0	385.333	415.333	372.267	372.667
delay	0.232877	0.246154	0.965052	1.02697	1.01146	0.968157
loss	0	0	0.00482094	0.00383754	0.00852273	0.00533808
Command ['/home/ubuntu/ns-3.30-obss/build/scratch/simple-ofdma-adhoc4', '--ofdmaEnabled=true', '--startTime=60', '--totalTime=120', '--dataMode=HeMcs7', '--datarate=8e5', '--ratio=0.375', '--RngRun=22', '--locationFile=my-simulations/8_ofdma7/txt/locationFile22.txt', '--routingFile=my-simulations/8_ofdma7/txt/routingFile22.txt'] terminated with signal SIGSEGV. Run it under a debugger to get more information (./waf --run <program> --command-template="gdb --args %s <args>").
