Waf: Entering directory `/home/ubuntu/ns-3.30-obss/build'
Waf: Leaving directory `/home/ubuntu/ns-3.30-obss/build'
Build commands will be stored in build/compile_commands.json
'build' finished successfully (0.718s)
--------------------------Rate[Kbps]--------------------------
Time[s]	cl-1	cl-2	cl-3	cl-4	cl-5	cl-6	cl-7	cl-8
60	13.2	17.6	13	15.2	12	15	15	14
61	0	0	72	216	192	0	216	392
62	0	0	8	584	160	320	584	264
63	0	0	152	320	576	112	456	0
64	0	0	208	0	200	0	0	48
65	0	0	128	424	200	384	344	584
66	0	0	592	416	96	288	40	240
67	0	0	352	272	192	352	600	104
68	0	0	280	464	328	208	96	88
69	0	0	296	208	0	600	128	256
70	0	0	0	136	344	328	0	488
71	0	0	320	88	24	600	160	456
72	0	0	592	88	248	440	536	296
73	0	0	32	0	40	384	592	496
74	0	0	272	592	400	352	216	192
75	0	0	456	160	184	216	472	408
76	0	0	256	408	600	296	240	376
77	0	0	224	512	464	24	312	16
78	0	0	576	176	528	256	0	528
79	0	0	168	0	168	416	24	256
80	0	0	24	616	656	520	528	360
81	0	0	144	288	224	456	328	544
82	0	0	560	552	280	184	96	152
83	0	0	496	0	288	80	168	544
84	0	0	328	328	472	536	568	552
85	0	0	184	408	0	144	528	456
86	0	0	24	312	216	304	600	360
87	0	0	232	144	0	600	40	504
88	0	0	208	72	560	552	192	592
89	0	0	72	560	448	152	240	80
90	0	0	576	520	0	168	240	16
91	0	0	232	200	176	408	320	16
92	0	0	544	0	304	296	0	536
93	0	0	144	320	544	296	448	296
94	0	0	240	360	280	232	144	16
95	0	0	72	600	176	256	432	584
96	0	0	280	112	304	192	296	520
97	0	0	600	544	256	360	64	0
98	0	0	168	504	320	304	416	480
99	0	0	0	592	592	536	560	344
100	0	0	128	528	392	96	528	248
101	0	0	0	48	288	512	152	512
102	0	0	440	152	176	208	96	560
103	0	0	0	248	296	560	432	0
104	0	0	280	96	224	352	368	328
105	0	0	168	488	432	80	0	360
106	0	0	256	584	384	344	184	0
107	0	0	0	432	496	448	184	352
108	0	0	40	192	576	224	168	216
109	0	0	136	600	584	592	16	88
110	0	0	568	488	112	32	312	152
111	0	0	152	536	48	224	272	264
112	0	0	40	408	488	408	336	448
113	0	0	344	336	56	384	416	512
114	0	0	176	0	56	400	392	320
115	0	0	232	376	600	72	120	592
116	0	0	600	512	200	496	608	88
117	0	0	264	88	48	496	400	48
118	0	0	192	480	96	600	0	592
119	0	0	576	264	568	392	288	312
120	0	0	128	400	192	472	448	536
(1,12335)	(2,693)	(3,0)	(4,165)	
(1,5797)	(2,370)	(3,0)	(4,58)	
(1,6290)	(2,326)	(3,0)	(4,86)	
(1,1)	(2,0)	(3,0)	(4,0)	
(1,1)	(2,0)	(3,0)	(4,0)	
(1,1)	(2,0)	(3,0)	(4,0)	
(1,1)	(2,0)	(3,0)	(4,0)	
(1,1)	(2,0)	(3,0)	(4,0)	
(1,1)	(2,0)	(3,0)	(4,0)	
avg	0	0	247.2	322.533	289.2	325.733	282.4	316.133
delay	0.287879	0.284091	24.7017	22.2691	27.361	31.8318	16.8163	30.6318
loss	0	0	0.0368831	0.0186613	0.0342832	0.0328583	0.0271015	0.0361789
Command ['/home/ubuntu/ns-3.30-obss/build/scratch/simple-ofdma-adhoc4', '--ofdmaEnabled=true', '--startTime=60', '--totalTime=120', '--dataMode=HeMcs1', '--datarate=6e5', '--ratio=0.375', '--RngRun=22', '--locationFile=my-simulations/8_ofdma7/txt/locationFile23.txt', '--routingFile=my-simulations/8_ofdma7/txt/routingFile23.txt'] terminated with signal SIGSEGV. Run it under a debugger to get more information (./waf --run <program> --command-template="gdb --args %s <args>").
