Waf: Entering directory `/home/ubuntu/ns-3.30-obss/build'
Waf: Leaving directory `/home/ubuntu/ns-3.30-obss/build'
Build commands will be stored in build/compile_commands.json
'build' finished successfully (0.888s)
--------------------------Rate[Kbps]--------------------------
Time[s]	cl-1	cl-2	cl-3	cl-4	cl-5	cl-6	cl-7	cl-8	cl-9	cl-10	cl-11	cl-12	cl-13	cl-14	cl-15	cl-16	cl-17	cl-18
60	14.4	13.4	15.8	11.2	12.6	12.6	13.2	17.2	12.2	16.4	16	14.2	15	15.8	16.2	11.6	14.6	14.6
61	0	0	0	0	0	0	192	448	408	0	0	496	376	680	384	128	216	0
62	0	0	0	0	0	0	416	208	256	456	312	232	464	80	472	288	584	440
63	0	0	0	0	0	0	216	568	520	320	336	56	376	512	496	56	520	240
64	0	0	0	0	0	0	320	112	584	200	168	416	328	280	544	440	344	608
65	0	0	0	0	0	0	208	200	552	608	552	496	192	176	328	64	616	336
66	0	0	0	0	0	0	552	528	352	232	104	392	544	440	32	456	224	96
67	0	0	0	0	0	0	440	96	32	0	592	720	416	128	776	304	376	56
68	0	0	0	0	0	0	320	480	0	256	664	568	184	208	184	352	168	472
69	0	0	0	0	0	0	168	584	392	64	456	376	320	216	152	568	192	544
70	0	0	0	0	0	0	336	544	440	192	736	24	624	128	368	32	328	200
71	0	0	0	0	0	0	96	408	312	368	504	0	240	144	312	192	160	464
72	0	0	0	0	0	0	0	224	0	736	232	264	512	184	264	352	248	480
73	0	0	0	0	0	0	656	0	464	448	328	416	0	280	232	112	216	584
74	0	0	0	0	0	0	600	208	368	168	456	448	256	168	496	328	344	64
75	0	0	0	0	0	0	136	136	512	112	344	584	608	312	544	216	232	216
76	0	0	0	0	0	0	112	544	280	568	240	296	208	112	632	472	128	0
77	0	0	0	0	0	0	160	152	112	440	152	560	528	560	136	664	0	328
78	0	0	0	0	0	0	0	592	104	480	328	280	96	480	176	64	576	400
79	0	0	0	0	0	0	552	304	480	32	0	520	272	248	0	264	488	392
80	0	0	0	0	0	0	224	0	328	72	344	88	224	600	656	472	656	568
81	0	0	0	0	0	0	296	208	592	112	176	400	384	400	144	528	296	64
82	0	0	0	0	0	0	528	464	384	0	48	536	0	0	16	368	312	280
83	0	0	0	0	0	0	0	368	0	840	304	488	104	520	144	280	448	704
84	0	0	0	0	0	0	248	480	552	296	344	88	240	536	0	128	536	616
85	0	0	0	0	0	0	544	80	104	176	0	632	128	616	648	240	296	504
86	0	0	0	0	0	0	0	712	0	352	272	576	0	368	584	304	664	520
87	0	0	0	0	0	0	608	376	216	0	0	560	472	520	16	688	176	440
88	0	0	0	0	0	0	376	56	624	32	568	152	720	136	176	224	328	192
89	0	0	0	0	0	0	152	112	336	280	400	32	584	480	680	176	200	0
90	0	0	0	0	0	0	632	584	72	0	400	136	160	336	616	696	288	408
91	0	0	0	0	0	0	264	64	0	48	160	272	136	176	376	32	48	120
92	0	0	0	0	0	0	336	304	528	272	488	72	344	624	416	56	600	8
93	0	0	0	0	0	0	536	656	424	472	520	200	176	304	472	64	264	112
94	0	0	0	0	0	0	264	264	496	320	680	368	152	0	160	48	424	312
95	0	0	0	0	0	0	144	648	256	136	440	0	656	16	264	128	528	648
96	0	0	0	0	0	0	80	24	592	0	448	120	408	288	424	304	176	552
97	0	0	0	0	0	0	576	128	584	320	0	528	704	0	184	544	248	304
98	0	0	0	0	0	0	224	616	120	552	168	208	600	224	72	512	152	0
99	0	0	0	0	0	0	8	56	416	528	152	424	496	272	304	624	0	424
100	0	0	0	0	0	0	312	408	248	280	0	384	368	144	496	88	632	552
101	0	0	0	0	0	0	0	144	0	344	280	456	256	280	0	200	536	568
102	0	0	0	0	0	0	256	16	160	624	536	616	224	16	200	360	336	560
103	0	0	0	0	0	0	744	0	392	144	480	56	80	312	0	416	40	0
104	0	0	0	0	0	0	136	296	448	496	528	608	16	0	368	0	0	472
105	0	0	0	0	0	0	368	352	88	408	624	0	304	96	400	464	432	552
106	0	0	0	0	0	0	568	264	72	416	152	592	592	320	192	344	0	632
107	0	0	0	0	0	0	304	0	368	240	0	136	248	360	264	296	400	552
108	0	0	0	0	0	0	288	368	136	408	456	208	304	160	88	0	88	112
109	0	0	0	0	0	0	576	0	608	96	440	576	528	656	104	80	232	544
110	0	0	0	0	0	0	560	376	448	472	120	472	512	512	456	56	0	536
111	0	0	0	0	0	0	448	0	360	672	136	608	0	96	352	112	200	280
112	0	0	0	0	0	0	584	592	48	184	112	8	336	408	72	440	712	128
113	0	0	0	0	0	0	32	424	96	240	320	344	488	240	40	112	656	264
114	0	0	0	0	0	0	408	0	416	368	464	0	456	400	72	80	160	264
115	0	0	0	0	0	0	616	160	528	464	568	320	312	488	0	248	56	544
116	0	0	0	0	0	0	440	168	320	0	344	320	344	0	240	480	368	416
117	0	0	0	0	0	0	56	56	272	176	80	352	80	256	280	80	200	72
118	0	0	0	0	0	0	120	80	144	232	136	576	304	584	600	184	664	608
119	0	0	0	0	0	0	640	144	528	208	736	256	32	64	344	96	248	80
120	0	0	0	0	0	0	528	192	640	232	48	368	464	208	48	664	88	64
(1,23469)	(2,5843)	(3,0)	(4,618)	
(1,12531)	(2,2108)	(3,0)	(4,150)	
(1,12576)	(2,1983)	(3,0)	(4,121)	
(1,6480)	(2,608)	(3,0)	(4,18)	
(1,6698)	(2,588)	(3,0)	(4,41)	
(1,6615)	(2,540)	(3,0)	(4,16)	
(1,6857)	(2,449)	(3,0)	(4,23)	
(1,1)	(2,0)	(3,0)	(4,0)	
(1,1)	(2,0)	(3,0)	(4,0)	
(1,1)	(2,0)	(3,0)	(4,0)	
(1,1)	(2,0)	(3,0)	(4,0)	
(1,1)	(2,0)	(3,0)	(4,0)	
(1,1)	(2,0)	(3,0)	(4,0)	
(1,1)	(2,0)	(3,0)	(4,0)	
(1,1)	(2,0)	(3,0)	(4,0)	
(1,1)	(2,0)	(3,0)	(4,0)	
(1,1)	(2,0)	(3,0)	(4,0)	
(1,1)	(2,0)	(3,0)	(4,0)	
(1,1)	(2,0)	(3,0)	(4,0)	
avg	0	0	0	0	0	0	325.067	276.267	318.533	286.533	316.267	338	324.667	289.2	291.6	276.133	310.8	341.6
delay	0.277778	0.253731	1	0.714286	0.746032	0.714286	14.2312	6.91168	9.79498	59.4358	11.6136	14.7215	7.45832	11.5131	14.9328	6.55336	6.87302	7.86885
loss	0	0	0	0	0.015625	0	0.211445	0.190625	0.213816	0.228561	0.194774	0.214684	0.223285	0.203744	0.219765	0.191332	0.188088	0.196865
Command ['/home/ubuntu/ns-3.30-obss/build/scratch/simple-ofdma-adhoc4', '--ofdmaEnabled=true', '--startTime=60', '--totalTime=120', '--dataMode=HeMcs7', '--datarate=8e5', '--ratio=0.375', '--RngRun=22', '--locationFile=my-simulations/8_ofdma7/txt/locationFile223.txt', '--routingFile=my-simulations/8_ofdma7/txt/routingFile223.txt'] terminated with signal SIGSEGV. Run it under a debugger to get more information (./waf --run <program> --command-template="gdb --args %s <args>").
