Waf: Entering directory `/home/ubuntu/ns-3.30-obss/build'
Waf: Leaving directory `/home/ubuntu/ns-3.30-obss/build'
Build commands will be stored in build/compile_commands.json
'build' finished successfully (0.759s)
--------------------------Rate[Kbps]--------------------------
Time[s]	cl-1	cl-2	cl-3	cl-4	cl-5	cl-6	cl-7	cl-8	cl-9	cl-10	cl-11	cl-12	cl-13	cl-14	cl-15
60	13.2	14	15.6	16.4	15	16.8	17	15.2	15.8	17	15.6	16.6	11.4	14.6	14.8
61	0	0	0	0	0	96	16	8	0	128	48	0	0	32	104
62	0	0	0	0	0	8	72	24	56	120	24	104	96	16	96
63	0	0	0	0	0	40	16	8	0	8	152	40	48	128	144
64	0	0	0	0	0	0	192	0	136	200	40	160	24	0	72
65	0	0	0	0	0	0	168	168	48	144	192	56	112	32	64
66	0	0	0	0	0	200	200	144	120	40	96	200	104	32	160
67	0	0	0	0	0	144	24	128	200	0	64	112	0	144	88
68	0	0	0	0	0	168	48	56	112	56	120	80	40	64	24
69	0	0	0	0	0	176	64	200	56	40	200	152	160	200	200
70	0	0	0	0	0	128	0	32	32	40	184	0	64	40	200
71	0	0	0	0	0	0	136	152	32	184	176	40	32	0	64
72	0	0	0	0	0	136	56	184	80	112	80	160	16	104	32
73	0	0	0	0	0	0	144	144	176	144	128	192	24	200	0
74	0	0	0	0	0	168	192	48	200	88	200	72	8	112	72
75	0	0	0	0	0	112	24	152	112	40	88	16	16	144	200
76	0	0	0	0	0	104	88	32	200	48	144	136	104	64	80
77	0	0	0	0	0	144	48	88	160	152	88	128	120	176	8
78	0	0	0	0	0	0	0	32	160	32	96	48	200	80	0
79	0	0	0	0	0	40	8	32	64	0	40	72	32	136	120
80	0	0	0	0	0	184	80	40	128	80	168	200	152	80	0
81	0	0	0	0	0	88	192	200	136	0	144	32	88	160	64
82	0	0	0	0	0	168	200	96	144	80	80	16	144	168	200
83	0	0	0	0	0	96	144	56	120	200	112	8	144	72	88
84	0	0	0	0	0	112	0	200	96	48	0	200	200	16	136
85	0	0	0	0	0	168	8	88	104	80	200	56	184	0	136
86	0	0	0	0	0	144	96	176	136	88	136	200	120	160	0
87	0	0	0	0	0	192	0	80	32	8	136	128	0	168	56
88	0	0	0	0	0	104	104	32	144	176	88	184	32	72	104
89	0	0	0	0	0	56	112	136	184	40	0	72	112	200	184
90	0	0	0	0	0	104	40	152	16	0	120	48	104	48	0
91	0	0	0	0	0	48	0	96	56	136	128	152	184	0	8
92	0	0	0	0	0	48	96	0	200	8	200	16	168	176	200
93	0	0	0	0	0	128	48	112	88	144	80	80	72	136	8
94	0	0	0	0	0	0	200	200	48	0	96	16	152	80	0
95	0	0	0	0	0	96	112	72	200	64	24	88	80	80	192
96	0	0	0	0	0	152	104	0	152	32	88	136	64	8	56
97	0	0	0	0	0	16	184	40	40	80	192	200	80	192	192
98	0	0	0	0	0	136	104	200	64	16	96	8	176	136	160
99	0	0	0	0	0	192	128	56	200	184	80	64	184	200	96
100	0	0	0	0	0	56	0	64	40	104	56	200	8	72	0
101	0	0	0	0	0	152	72	136	72	96	168	88	0	120	72
102	0	0	0	0	0	168	88	128	56	192	168	136	192	48	72
103	0	0	0	0	0	152	80	112	152	48	136	192	40	0	136
104	0	0	0	0	0	136	48	24	200	0	48	56	48	152	200
105	0	0	0	0	0	64	200	120	144	120	104	152	72	48	120
106	0	0	0	0	0	8	128	0	32	80	72	112	184	200	48
107	0	0	0	0	0	32	120	128	0	0	48	0	40	56	80
108	0	0	0	0	0	200	200	56	80	136	200	40	64	120	112
109	0	0	0	0	0	144	120	168	176	176	88	0	152	16	88
110	0	0	0	0	0	120	152	112	144	104	80	80	16	40	64
111	0	0	0	0	0	0	16	80	152	96	0	16	104	104	0
112	0	0	0	0	0	40	96	168	112	48	96	64	72	0	88
113	0	0	0	0	0	0	80	0	16	0	144	200	80	104	56
114	0	0	0	0	0	56	8	56	120	56	88	72	152	184	56
115	0	0	0	0	0	32	200	88	128	168	168	64	80	48	80
116	0	0	0	0	0	184	104	88	160	64	96	0	176	104	88
117	0	0	0	0	0	0	104	0	200	0	192	56	136	72	168
118	0	0	0	0	0	112	176	144	176	40	0	64	200	144	176
119	0	0	0	0	0	128	160	200	56	168	32	40	56	192	32
120	0	0	0	0	0	112	8	0	144	80	88	192	200	32	56
(1,8285)	(2,28)	(3,0)	(4,0)	
(1,1601)	(2,0)	(3,0)	(4,0)	
(1,1671)	(2,2)	(3,0)	(4,0)	
(1,1561)	(2,10)	(3,0)	(4,0)	
(1,1535)	(2,8)	(3,0)	(4,0)	
(1,1541)	(2,2)	(3,0)	(4,0)	
(1,1)	(2,0)	(3,0)	(4,0)	
(1,1)	(2,0)	(3,0)	(4,0)	
(1,1)	(2,0)	(3,0)	(4,0)	
(1,1)	(2,0)	(3,0)	(4,0)	
(1,1)	(2,0)	(3,0)	(4,0)	
(1,1)	(2,0)	(3,0)	(4,0)	
(1,1)	(2,0)	(3,0)	(4,0)	
(1,1)	(2,0)	(3,0)	(4,0)	
(1,1)	(2,0)	(3,0)	(4,0)	
(1,1)	(2,0)	(3,0)	(4,0)	
avg	0	0	0	0	0	96.5333	93.4667	92.2667	109.867	80.2667	106.667	91.6	95.2	95.2	90
delay	0.242424	0.242857	0.358974	0.353659	0.253333	0.969613	0.994294	0.986994	0.995146	1.06645	0.98125	0.972344	1.0014	0.977591	0.977778
loss	0	0	0	0	0	0.00685871	0.00708215	0.00288184	0.00242131	0.0131148	0.0123457	0.00722543	0.0138122	0.0041841	0.011713
Command ['/home/ubuntu/ns-3.30-obss/build/scratch/simple-ofdma-adhoc4', '--ofdmaEnabled=true', '--startTime=60', '--totalTime=120', '--dataMode=HeMcs7', '--datarate=2e5', '--ratio=0.375', '--RngRun=22', '--locationFile=my-simulations/8_ofdma7/txt/locationFile52.txt', '--routingFile=my-simulations/8_ofdma7/txt/routingFile52.txt'] terminated with signal SIGSEGV. Run it under a debugger to get more information (./waf --run <program> --command-template="gdb --args %s <args>").
