Waf: Entering directory `/home/ubuntu/ns-3.30-obss/build'
Waf: Leaving directory `/home/ubuntu/ns-3.30-obss/build'
Build commands will be stored in build/compile_commands.json
'build' finished successfully (0.714s)
--------------------------Rate[Kbps]--------------------------
Time[s]	cl-1	cl-2	cl-3	cl-4	cl-5	cl-6	cl-7	cl-8	cl-9	cl-10	cl-11	cl-12	cl-13	cl-14	cl-15	cl-16	cl-17	cl-18	cl-19	cl-20
60	15.2	16.2	14.8	12.8	16.6	16.8	14.4	15	11.4	14	12	17	16.6	11	16	11.8	16.2	15	14.8	15.8
61	0	0	0	0	136	192	0	0	0	520	440	0	208	384	448	72	56	360	280	0
62	0	0	0	0	352	160	16	272	120	288	168	40	24	320	0	336	360	416	352	176
63	0	0	0	0	88	384	136	192	176	160	336	328	176	0	272	280	240	104	384	272
64	0	0	0	0	208	104	232	272	424	0	384	208	80	144	176	72	440	136	96	624
65	0	0	0	0	464	0	304	0	232	488	72	120	472	24	24	536	112	24	160	456
66	0	0	0	0	40	136	232	368	232	464	592	216	88	216	0	176	0	624	296	56
67	0	0	0	0	224	280	272	224	104	208	408	240	176	264	144	208	232	248	216	112
68	0	0	0	0	72	296	168	128	128	640	392	272	384	256	64	128	200	280	80	224
69	0	0	0	0	104	640	176	208	0	224	0	464	200	152	176	0	344	376	464	256
70	0	0	0	0	128	56	392	232	216	312	352	296	112	272	408	128	280	200	240	0
71	0	0	0	0	0	176	184	168	192	536	168	264	136	504	368	288	152	264	288	88
72	0	0	0	0	256	112	224	104	216	152	400	0	208	152	464	120	360	448	440	56
73	0	0	0	0	424	288	520	128	216	80	344	192	0	216	136	240	24	88	160	464
74	0	0	0	0	160	528	344	8	48	280	488	496	80	0	64	304	384	0	120	264
75	0	0	0	0	280	248	240	184	352	32	88	48	416	296	96	216	368	360	232	248
76	0	0	0	0	96	48	520	240	256	32	24	168	400	232	440	200	56	56	280	536
77	0	0	0	0	264	384	184	128	208	376	184	224	280	72	312	256	208	248	16	336
78	0	0	0	0	224	240	320	200	296	296	288	352	216	16	192	160	280	248	0	160
79	0	0	0	0	0	256	320	224	408	0	216	240	296	48	80	160	408	328	216	368
80	0	0	0	0	240	208	336	280	288	264	288	72	264	200	248	88	328	104	264	32
81	0	0	0	0	72	456	360	360	336	192	168	336	0	216	216	72	144	472	240	0
82	0	0	0	0	160	136	264	0	216	376	408	24	184	296	176	416	160	400	24	296
83	0	0	0	0	296	0	72	232	456	432	96	296	8	440	232	272	392	280	40	328
84	0	0	0	0	248	264	160	344	224	176	240	0	240	272	216	0	336	384	168	376
85	0	0	0	0	184	96	304	224	272	200	112	216	160	376	8	368	184	456	184	304
86	0	0	0	0	104	48	392	144	40	56	400	184	0	400	416	64	232	336	576	240
87	0	0	0	0	224	0	120	176	400	360	480	0	168	464	312	0	8	0	408	568
88	0	0	0	0	240	232	128	104	152	168	320	8	296	160	496	208	64	448	672	0
89	0	0	0	0	472	256	16	200	0	344	288	8	152	432	184	384	48	264	384	240
90	0	0	0	0	192	168	192	272	208	184	512	216	336	16	168	304	216	264	240	224
91	0	0	0	0	528	136	736	0	208	224	328	160	0	128	0	64	672	528	0	0
92	0	0	0	0	288	336	360	400	24	0	312	136	8	368	328	104	504	144	120	208
93	0	0	0	0	184	416	128	16	200	384	96	264	240	160	304	280	168	192	312	336
94	0	0	0	0	96	480	512	200	184	184	224	88	208	240	200	192	0	344	120	352
95	0	0	0	0	264	120	320	456	232	48	408	240	128	0	40	448	144	432	264	104
96	0	0	0	0	48	160	40	280	192	304	400	456	0	312	328	256	432	120	400	0
97	0	0	0	0	80	0	360	432	240	56	560	280	80	0	192	72	312	520	152	232
98	0	0	0	0	48	208	96	112	144	280	536	344	0	152	224	128	384	408	288	224
99	0	0	0	0	448	0	0	256	408	120	376	200	296	328	0	176	256	656	0	160
100	0	0	0	0	0	16	232	504	416	328	376	416	328	72	320	360	160	72	72	72
101	0	0	0	0	192	248	384	96	104	120	424	152	112	0	200	152	360	344	560	384
102	0	0	0	0	104	144	8	56	336	0	88	216	368	320	496	200	416	96	384	408
103	0	0	0	0	208	208	232	312	128	312	176	224	208	120	192	160	256	360	40	240
104	0	0	0	0	48	32	0	32	0	88	416	128	272	472	448	368	336	376	184	400
105	0	0	0	0	120	312	272	48	104	208	256	144	216	264	96	256	192	328	272	216
106	0	0	0	0	256	184	288	280	304	120	128	440	232	0	384	224	64	288	240	240
107	0	0	0	0	352	128	336	200	0	16	168	232	160	56	448	40	168	480	216	344
108	0	0	0	0	0	88	0	456	200	56	488	320	136	512	0	512	72	88	264	368
109	0	0	0	0	32	432	336	400	200	224	0	376	240	424	296	56	0	224	232	72
110	0	0	0	0	336	448	0	104	48	176	312	88	320	264	136	216	408	216	416	80
111	0	0	0	0	336	288	48	40	336	208	0	168	424	416	144	152	400	0	544	0
112	0	0	0	0	160	24	232	320	280	456	56	400	120	160	160	0	360	232	432	296
113	0	0	0	0	392	240	32	0	208	240	232	368	240	224	0	72	280	424	208	376
114	0	0	0	0	192	0	0	256	216	208	632	64	0	56	448	216	120	464	672	224
115	0	0	0	0	232	216	296	224	120	152	0	0	224	304	360	176	272	312	256	320
116	0	0	0	0	48	264	352	176	160	104	112	352	216	0	536	360	280	320	24	304
117	0	0	0	0	416	0	0	176	336	160	0	288	0	712	192	408	344	440	128	0
118	0	0	0	0	312	328	248	232	424	56	240	232	0	392	256	432	288	0	120	16
119	0	0	0	0	72	272	256	136	144	376	240	336	280	128	152	328	328	320	192	80
120	0	0	0	0	0	456	416	200	160	392	80	280	32	40	216	104	448	8	416	472
(1,1564)	(2,7)	(3,0)	(4,10151)	
(1,2252)	(2,2059)	(3,0)	(4,372)	
(1,2309)	(2,2175)	(3,0)	(4,437)	
(1,2287)	(2,2025)	(3,0)	(4,370)	
(1,2407)	(2,2331)	(3,0)	(4,585)	
(1,1)	(2,0)	(3,0)	(4,0)	
(1,1)	(2,0)	(3,0)	(4,0)	
(1,1)	(2,0)	(3,0)	(4,0)	
(1,1)	(2,0)	(3,0)	(4,0)	
(1,1)	(2,0)	(3,0)	(4,0)	
(1,1)	(2,0)	(3,0)	(4,0)	
(1,1)	(2,0)	(3,0)	(4,0)	
(1,1)	(2,0)	(3,0)	(4,0)	
(1,1)	(2,0)	(3,0)	(4,0)	
(1,1)	(2,0)	(3,0)	(4,0)	
(1,1)	(2,0)	(3,0)	(4,0)	
(1,1)	(2,0)	(3,0)	(4,0)	
(1,1)	(2,0)	(3,0)	(4,0)	
(1,1)	(2,0)	(3,0)	(4,0)	
(1,1)	(2,0)	(3,0)	(4,0)	
(1,1)	(2,0)	(3,0)	(4,0)	
avg	0	0	0	0	195.733	209.6	227.467	200.267	207.867	224	272	215.333	180.8	224.4	227.2	209.467	250.667	282.533	250.8	230.533
delay	0.421053	0.419753	0.283784	0.28125	507.458	523.278	525.413	517.013	519.818	505.724	512.32	527.35	519.846	499.128	509.565	518.016	520.071	507.568	515.156	520.893
loss	0	0	0	0	0.549205	0.50981	0.506366	0.522511	0.519569	0.496566	0.504485	0.547918	0.562581	0.473898	0.470807	0.539405	0.54187	0.4838	0.472222	0.540476
Command ['/home/ubuntu/ns-3.30-obss/build/scratch/simple-ofdma-adhoc4', '--ofdmaEnabled=true', '--startTime=60', '--totalTime=120', '--dataMode=HeMcs1', '--datarate=10e5', '--ratio=0.375', '--RngRun=22', '--locationFile=my-simulations/8_ofdma7/txt/locationFile44.txt', '--routingFile=my-simulations/8_ofdma7/txt/routingFile44.txt'] terminated with signal SIGSEGV. Run it under a debugger to get more information (./waf --run <program> --command-template="gdb --args %s <args>").
