Waf: Entering directory `/home/ubuntu/ns-3.30-obss/build'
Waf: Leaving directory `/home/ubuntu/ns-3.30-obss/build'
Build commands will be stored in build/compile_commands.json
'build' finished successfully (0.653s)
--------------------------Rate[Kbps]--------------------------
Time[s]	cl-1	cl-2	cl-3	cl-4	cl-5	cl-6	cl-7	cl-8	cl-9	cl-10	cl-11	cl-12	cl-13	cl-14	cl-15	cl-16	cl-17	cl-18	cl-19	cl-20
60	15.6	16	12.6	14.8	17.4	12.8	15.4	14.4	17.6	16.2	13.8	16	17.6	15.6	15.2	11.6	15	13	12.8	14.6
61	0	0	0	0	0	136	0	272	272	40	0	168	8	112	88	0	64	0	416	0
62	0	0	0	0	0	184	400	504	168	0	88	320	496	320	0	472	0	112	440	56
63	0	0	0	0	0	8	160	488	488	32	472	448	368	48	368	240	256	472	344	280
64	0	0	0	0	0	488	80	440	280	32	360	232	72	120	448	328	136	472	472	104
65	0	0	0	0	0	384	296	184	128	240	56	64	40	168	64	0	176	0	248	312
66	0	0	0	0	0	184	480	32	0	384	336	0	0	440	112	480	144	168	16	0
67	0	0	0	0	0	136	272	336	416	392	176	408	456	16	424	56	272	0	352	192
68	0	0	0	0	0	296	256	112	360	88	416	384	56	240	280	200	8	96	496	408
69	0	0	0	0	0	48	160	64	112	288	16	320	328	400	176	504	248	232	144	0
70	0	0	0	0	0	280	112	272	112	0	264	240	272	0	0	304	288	312	504	48
71	0	0	0	0	0	48	0	280	200	224	0	0	0	88	320	264	0	312	496	0
72	0	0	0	0	0	504	248	256	288	408	424	104	360	0	72	168	224	504	360	8
73	0	0	0	0	0	56	224	136	368	480	496	312	176	408	48	232	104	232	176	192
74	0	8	0	8	0	0	448	280	216	224	280	496	320	152	128	296	56	376	344	112
75	0	0	8	0	0	264	104	176	88	248	0	336	264	64	304	184	432	272	320	8
76	0	0	0	0	0	264	136	400	400	392	256	448	352	120	344	88	120	0	240	240
77	0	0	0	0	0	0	112	360	16	352	496	208	152	184	312	72	256	184	232	432
78	0	0	0	0	8	16	160	88	208	0	8	232	168	256	304	0	464	504	304	32
79	0	0	0	0	0	0	16	256	504	272	128	416	40	368	464	264	0	224	184	32
80	0	0	0	0	0	128	496	192	216	472	320	368	392	232	88	64	176	288	416	64
81	0	0	0	0	0	496	88	0	240	0	0	192	0	480	80	32	280	184	56	144
82	0	0	0	0	0	200	232	192	64	336	184	160	112	336	24	288	240	144	208	400
83	8	0	0	0	0	56	304	416	400	472	376	0	0	392	224	232	216	472	352	224
84	0	0	0	0	0	344	0	96	0	136	40	296	360	72	392	448	208	40	264	504
85	0	0	0	0	0	504	160	120	376	136	24	480	0	472	304	472	424	496	56	352
86	0	0	0	0	0	168	320	80	400	56	136	24	432	480	352	200	0	272	16	40
87	0	0	0	0	0	0	392	376	240	48	160	48	224	304	480	40	328	88	80	16
88	0	0	0	0	0	120	208	56	496	16	416	392	208	0	224	504	40	440	80	32
89	0	0	8	0	0	360	0	440	64	0	320	208	480	440	0	168	128	344	312	208
90	0	0	0	0	0	296	128	424	328	184	240	64	208	480	304	416	224	16	480	288
91	0	0	0	0	8	0	240	472	80	0	0	472	416	208	416	104	256	448	312	360
92	0	8	0	8	0	280	0	384	472	440	16	344	496	56	440	0	464	104	456	72
93	0	0	0	0	0	272	320	488	216	160	0	472	192	96	264	552	504	72	248	368
94	0	0	0	0	0	312	376	352	200	272	400	312	304	176	256	200	32	0	88	480
95	0	0	0	0	0	312	504	40	384	0	144	0	0	96	312	256	440	176	240	256
96	8	0	0	0	0	504	48	296	384	216	480	400	304	368	248	288	344	0	240	88
97	0	0	0	0	0	392	360	352	152	232	248	0	296	280	456	312	288	248	176	24
98	0	0	0	0	0	112	0	152	200	240	40	352	56	176	112	216	328	496	0	72
99	0	0	0	0	0	296	176	0	96	312	136	304	224	40	24	160	392	224	408	384
100	0	0	0	0	0	304	320	16	448	32	32	32	296	368	352	136	192	88	112	312
101	0	0	0	0	0	424	432	0	176	144	296	368	456	320	112	168	120	304	0	312
102	0	0	0	0	0	248	0	160	32	40	0	0	112	72	240	104	216	456	152	120
103	0	0	0	0	0	128	208	376	8	240	408	56	56	24	368	424	224	152	128	88
104	0	0	0	0	0	0	216	384	424	88	344	144	0	376	208	376	0	464	424	296
105	0	0	0	0	0	184	0	152	368	224	56	184	8	360	168	0	272	432	224	224
106	0	8	0	0	0	392	368	496	0	56	312	152	0	312	40	272	472	376	440	80
107	0	0	0	8	8	480	384	392	248	192	48	408	248	168	416	208	0	448	192	224
108	0	0	8	0	0	304	0	288	120	216	248	152	0	224	80	56	288	400	0	504
109	0	0	0	0	0	288	184	120	80	432	352	232	424	496	56	320	64	104	376	240
110	0	0	0	0	0	488	192	264	152	288	264	96	448	256	8	168	272	320	464	112
111	0	0	0	0	0	208	384	80	48	0	456	304	32	24	104	312	256	0	0	496
112	0	0	0	0	0	0	176	0	480	248	448	0	464	344	464	464	24	176	264	16
113	0	0	0	0	0	80	256	344	88	392	408	416	296	496	272	216	200	432	488	312
114	0	0	0	0	0	104	64	176	0	16	288	232	112	328	104	480	64	32	0	360
115	8	0	0	0	0	432	40	176	368	184	120	96	160	152	496	336	96	456	128	176
116	0	0	0	0	0	472	136	24	488	504	456	424	272	8	328	0	0	176	304	456
117	0	0	0	0	0	48	56	320	392	368	352	456	272	0	208	144	360	312	0	144
118	0	0	0	0	0	184	48	40	472	328	296	216	488	168	472	464	352	0	256	64
119	0	0	0	0	0	312	288	120	472	384	504	0	480	168	80	464	96	408	136	88
120	0	0	0	0	0	0	504	336	224	216	264	480	488	448	0	488	368	272	16	400
(1,24250)	(2,1876)	(3,0)	(4,50)	
(1,5236)	(2,71)	(3,0)	(4,18)	
(1,6764)	(2,333)	(3,0)	(4,2)	
(1,7095)	(2,207)	(3,0)	(4,7)	
(1,6737)	(2,174)	(3,0)	(4,34)	
(1,1)	(2,0)	(3,0)	(4,0)	
(1,1)	(2,0)	(3,0)	(4,0)	
(1,1)	(2,0)	(3,0)	(4,0)	
(1,1)	(2,0)	(3,0)	(4,0)	
(1,1)	(2,0)	(3,0)	(4,0)	
(1,1)	(2,0)	(3,0)	(4,0)	
(1,1)	(2,0)	(3,0)	(4,0)	
(1,1)	(2,0)	(3,0)	(4,0)	
(1,1)	(2,0)	(3,0)	(4,0)	
(1,1)	(2,0)	(3,0)	(4,0)	
(1,1)	(2,0)	(3,0)	(4,0)	
(1,1)	(2,0)	(3,0)	(4,0)	
(1,1)	(2,0)	(3,0)	(4,0)	
(1,1)	(2,0)	(3,0)	(4,0)	
(1,1)	(2,0)	(3,0)	(4,0)	
(1,1)	(2,0)	(3,0)	(4,0)	
avg	0.4	0.4	0.4	0.4	0.4	225.467	204.533	235.467	245.333	206.933	231.733	241.2	229.067	230	230.533	245.067	208.267	247.2	244.667	197.6
delay	0.666667	0.333333	0.333333	0.333333	0.666667	3.19692	10.2764	9.11042	1.39293	1.41559	1.58424	1.37424	1.44121	1.42087	1.74263	6.47116	8.74648	18.1413	6.50191	9.67746
loss	0	0	0	0	0	0.0253602	0.0364322	0.0365521	0.0233546	0.0232851	0.0311978	0.0310659	0.0348315	0.0319865	0.0421053	0.0264831	0.0316181	0.0288109	0.0422756	0.0281967
Command ['/home/ubuntu/ns-3.30-obss/build/scratch/simple-ofdma-adhoc4', '--ofdmaEnabled=true', '--startTime=60', '--totalTime=120', '--dataMode=HeMcs6', '--datarate=5e5', '--clNum=20', '--ratio=0.375', '--RngRun=14'] terminated with signal SIGSEGV. Run it under a debugger to get more information (./waf --run <program> --command-template="gdb --args %s <args>").
