Waf: Entering directory `/home/synrg/Documents/Jiaming/ns-3.30-obss/build'
Waf: Leaving directory `/home/synrg/Documents/Jiaming/ns-3.30-obss/build'
Build commands will be stored in build/compile_commands.json
'build' finished successfully (0.628s)
--------------------------Rate[Kbps]--------------------------
Time[s]	cl-1	cl-2	cl-3	cl-4	cl-5	cl-6	cl-7	cl-8	cl-9	cl-10	cl-11	cl-12	cl-13	cl-14	cl-15	cl-16	cl-17	cl-18	cl-19	cl-20
60	12	14.8	15.6	15.6	11.4	15.6	15.8	12	15	16.8	15.2	13.6	15.6	15	15.2	13.2	18.8	14.2	14	12.2
61	416	424	408	376	368	264	224	240	344	296	248	288	328	288	232	272	296	272	232	256
62	368	424	424	416	376	248	232	216	304	296	272	280	280	320	256	296	264	280	224	248
63	304	400	456	464	376	232	296	224	216	288	280	296	248	288	208	296	152	312	208	272
64	360	384	432	472	408	280	248	288	200	288	256	256	152	312	240	280	136	352	304	280
65	320	440	464	464	376	288	240	248	312	312	352	336	280	280	256	312	200	336	288	320
66	400	448	472	488	432	360	312	248	280	320	304	288	256	320	328	296	200	296	312	312
67	376	416	480	456	368	240	288	240	232	288	272	272	264	336	216	336	200	352	296	288
68	312	432	448	448	368	240	224	240	192	248	200	256	152	264	208	288	168	264	184	288
69	336	416	392	440	368	248	264	232	256	328	248	304	216	288	200	256	152	256	184	232
70	320	408	464	440	288	200	168	288	232	280	240	312	184	304	216	264	176	296	208	272
71	344	456	496	488	376	216	160	200	216	272	240	256	216	296	240	256	152	288	224	280
72	320	440	440	432	432	264	192	232	216	224	240	224	104	232	184	232	112	304	224	264
73	232	376	456	464	360	216	208	168	240	272	192	256	208	312	224	256	136	328	216	272
74	304	424	440	456	376	272	224	232	264	336	264	288	208	312	248	248	208	280	248	288
75	320	400	448	456	368	248	296	288	280	272	256	288	256	328	288	312	264	352	264	296
76	304	416	448	456	352	184	232	192	208	240	240	240	200	328	216	216	128	288	176	192
77	328	416	456	440	360	240	288	304	288	288	264	352	240	304	312	296	264	328	296	312
78	376	408	456	456	392	200	256	200	224	256	152	288	160	264	200	272	160	288	224	280
79	280	408	472	456	368	208	200	232	232	288	240	272	176	296	200	232	104	272	240	184
80	360	440	448	440	360	216	208	168	248	272	192	264	208	280	208	288	168	328	264	224
81	392	448	464	472	408	304	296	304	352	344	336	368	304	360	272	336	256	344	336	296
82	288	448	464	488	384	240	224	216	304	336	264	248	264	280	208	280	232	320	272	224
83	360	400	480	464	400	264	240	176	232	272	240	264	192	296	136	232	176	216	208	184
84	312	456	472	448	392	232	168	168	224	272	280	224	216	264	200	272	184	272	216	208
85	336	424	448	456	448	288	272	248	312	304	240	288	224	320	200	272	160	264	232	216
86	352	432	464	448	320	272	232	184	296	272	296	264	288	288	168	280	240	240	248	264
87	344	432	432	464	344	248	216	216	264	256	208	224	208	320	200	288	192	272	296	248
88	272	392	464	448	400	336	272	232	296	304	232	264	264	296	184	280	200	304	232	256
89	392	440	464	472	432	304	240	216	304	264	248	264	240	312	232	312	216	272	256	280
90	360	416	440	440	352	256	248	216	280	248	280	336	288	288	240	312	168	272	248	248
91	392	456	472	472	312	208	224	232	256	264	256	264	240	312	200	312	168	288	264	304
92	384	416	424	456	336	216	192	192	224	288	232	224	192	304	184	296	136	264	160	240
93	392	400	392	440	368	256	272	224	328	240	144	216	208	264	200	288	144	272	176	224
94	424	440	480	464	368	304	304	280	296	264	240	296	256	368	264	344	240	312	280	304
95	400	440	464	448	368	248	248	216	272	296	240	264	256	304	208	312	216	216	232	224
96	328	440	416	408	344	208	208	216	248	296	184	232	200	280	152	304	112	216	192	224
97	368	432	376	432	288	176	168	184	224	208	200	216	216	224	232	264	112	176	184	208
98	408	448	456	456	336	256	200	224	296	296	240	304	264	368	200	360	176	288	248	328
99	336	424	440	448	368	288	288	264	384	320	256	320	216	304	264	320	208	288	248	240
100	400	424	440	424	384	280	272	288	312	296	224	304	232	328	256	304	152	336	280	312
101	368	384	424	464	400	288	280	248	280	320	256	288	256	304	232	344	192	264	288	288
102	320	392	440	432	304	256	240	224	240	256	176	248	248	304	160	272	160	248	176	200
103	400	456	480	448	376	224	232	168	296	304	224	200	216	304	192	280	160	216	208	264
104	392	472	464	448	344	136	184	144	256	248	152	176	128	264	120	280	96	216	176	240
105	392	408	440	464	360	264	224	232	264	296	240	248	272	336	232	304	240	296	224	280
106	408	416	440	424	392	248	248	216	280	288	272	280	272	304	208	288	248	304	224	288
107	400	440	488	472	352	256	224	160	272	320	240	272	208	272	216	320	160	272	208	248
108	352	384	448	472	360	200	216	216	304	248	200	248	184	296	200	272	152	224	168	272
109	408	432	424	448	368	240	272	208	256	344	264	232	248	272	184	352	232	288	224	264
110	392	432	448	440	416	368	304	272	336	320	264	312	288	344	256	320	248	344	280	312
111	416	456	464	448	376	216	176	256	264	256	248	296	216	272	248	320	216	304	280	328
112	408	440	408	424	360	272	264	232	312	336	288	288	256	320	208	280	232	288	248	240
113	384	408	432	424	344	200	248	216	288	272	224	296	256	328	192	304	216	320	256	248
114	408	440	392	464	320	192	192	184	272	240	240	216	192	312	144	304	136	256	176	288
115	408	440	416	456	376	280	264	240	296	360	280	336	288	312	288	344	272	352	264	328
116	416	440	424	432	384	288	256	224	336	336	256	320	240	312	248	336	192	336	248	312
117	304	384	456	448	360	256	216	240	328	288	240	256	288	272	176	280	152	296	216	232
118	360	424	448	456	384	304	264	248	280	312	288	328	280	272	192	312	208	352	248	312
119	360	464	480	440	360	248	208	208	280	320	272	256	200	304	232	312	192	264	144	296
120	384	448	472	448	336	232	224	232	264	312	272	264	264	304	248	328	144	272	224	320
avg	360	425.733	447.333	450.133	368.267	250.267	238	225.733	273.2	288	244.8	272.667	231.733	300.667	217.6	293.733	186.267	286.933	235.067	265.867
delay	455.014	457.575	457.988	457.773	458.453	464.348	466.092	469.292	462.14	462.458	464.046	465.728	462.02	463.867	465.81	465.854	460.567	464.975	464.115	464.937
loss	0.379729	0.276307	0.241075	0.237311	0.360231	0.551016	0.571188	0.592984	0.515802	0.492011	0.562945	0.516068	0.58518	0.469469	0.605739	0.482896	0.661743	0.494245	0.576202	0.528787
Command ['/home/synrg/Documents/Jiaming/ns-3.30-obss/build/scratch/simple-ofdma-adhoc', '--ofdmaEnabled=true', '--startTime=60', '--totalTime=120', '--dataMode=HeMcs4', '--datarate=6e5', '--clNum=20', '--ratio=0.375', '--RngRun=86'] terminated with signal SIGSEGV. Run it under a debugger to get more information (./waf --run <program> --command-template="gdb --args %s <args>").
