Waf: Entering directory `/home/ubuntu/ns-3.30-obss/build'
Waf: Leaving directory `/home/ubuntu/ns-3.30-obss/build'
Build commands will be stored in build/compile_commands.json
'build' finished successfully (0.735s)
--------------------------Rate[Kbps]--------------------------
Time[s]	cl-1	cl-2	cl-3	cl-4	cl-5	cl-6	cl-7	cl-8	cl-9	cl-10
60	17	15.8	16.4	14.8	11.2	16.4	14	14	18.8	12.6
61	0	0	448	240	424	432	520	576	680	0
62	0	0	0	816	64	288	992	376	768	552
63	0	0	136	600	40	136	568	704	672	736
64	0	0	400	408	752	328	768	896	920	984
65	0	0	256	448	504	992	656	216	632	376
66	0	0	296	728	672	104	1000	320	368	0
67	0	0	456	0	912	248	208	176	344	328
68	0	0	864	224	176	112	272	936	224	288
69	0	0	216	200	440	184	416	568	224	432
70	0	0	416	848	720	656	272	152	544	152
71	0	0	472	168	416	912	488	584	160	0
72	0	0	512	552	408	800	376	936	424	152
73	0	0	512	952	616	336	192	488	568	176
74	0	0	584	680	512	96	864	496	984	968
75	0	0	224	0	448	712	688	800	944	392
76	0	0	944	440	496	640	104	440	16	264
77	0	0	32	432	240	0	16	384	152	480
78	0	0	696	248	304	760	0	912	624	512
79	0	0	24	376	0	864	304	992	160	592
80	0	0	968	976	464	768	648	24	136	488
81	0	0	592	408	144	704	712	832	840	88
82	0	0	144	616	616	16	856	704	984	488
83	0	0	1000	0	64	16	664	616	88	136
84	0	0	272	120	168	224	520	128	24	528
85	0	0	1040	496	848	1224	896	64	624	840
86	0	0	968	368	0	848	976	968	776	104
87	0	0	24	728	488	0	88	856	424	0
88	0	0	24	784	216	304	128	960	72	400
89	0	0	408	952	544	112	344	568	40	944
90	0	0	496	488	64	120	120	48	632	136
91	0	0	56	288	680	1000	0	56	56	448
92	0	0	0	936	144	720	184	296	24	856
93	0	0	0	0	152	0	472	840	368	16
94	0	0	0	376	384	320	224	184	112	936
95	0	0	0	496	200	0	440	184	520	520
96	0	0	1080	48	464	312	808	112	328	520
97	0	0	968	528	200	496	344	216	688	152
98	0	0	264	512	752	128	648	120	216	1000
99	0	0	304	960	0	464	176	976	376	480
100	0	0	648	328	536	0	664	888	224	0
101	0	0	232	816	920	744	824	256	952	632
102	0	0	0	736	520	232	624	472	784	240
103	0	0	80	704	328	0	56	960	528	568
104	0	0	0	256	248	72	184	488	760	96
105	0	0	360	1000	424	144	904	504	544	1000
106	0	0	672	744	840	1000	944	968	64	864
107	0	0	88	880	392	160	760	120	1000	728
108	0	0	488	0	608	432	0	616	568	160
109	0	0	0	344	896	480	264	144	888	336
110	0	0	128	864	816	648	816	48	304	360
111	0	0	248	864	104	80	0	240	632	232
112	0	0	864	272	464	112	152	608	544	0
113	0	0	424	800	848	792	456	448	448	584
114	0	0	928	32	864	56	944	680	824	744
115	0	0	720	528	296	624	424	800	0	688
116	0	0	0	960	968	832	680	736	176	200
117	0	0	872	360	536	248	856	408	176	768
118	0	0	576	808	0	976	56	1000	40	576
119	0	0	0	528	928	336	0	408	768	608
120	0	0	112	840	432	184	680	0	80	272
(1,24357)	(2,1546)	(3,0)	(4,537)	
(1,11385)	(2,858)	(3,0)	(4,210)	
(1,12236)	(2,979)	(3,0)	(4,118)	
(1,1)	(2,0)	(3,0)	(4,0)	
(1,1)	(2,0)	(3,0)	(4,0)	
(1,1)	(2,0)	(3,0)	(4,0)	
(1,1)	(2,0)	(3,0)	(4,0)	
(1,1)	(2,0)	(3,0)	(4,0)	
(1,1)	(2,0)	(3,0)	(4,0)	
(1,1)	(2,0)	(3,0)	(4,0)	
(1,1)	(2,0)	(3,0)	(4,0)	
avg	0	0	392.267	518.4	445.067	408.8	470.667	508.267	450.667	435.333
delay	0.247059	0.253165	108.456	22.4249	26.9203	31.8027	25.0717	18.5753	22.0805	21.9507
loss	0	0	0.0797623	0.0547046	0.0581264	0.0409759	0.0449013	0.0250639	0.0234036	0.0442037
Command ['/home/ubuntu/ns-3.30-obss/build/scratch/simple-ofdma-adhoc4', '--ofdmaEnabled=true', '--startTime=60', '--totalTime=120', '--dataMode=HeMcs5', '--datarate=10e5', '--ratio=0.375', '--RngRun=8', '--locationFile=my-simulations/8_ofdma7/txt/locationFile24.txt', '--routingFile=my-simulations/8_ofdma7/txt/routingFile24.txt'] terminated with signal SIGSEGV. Run it under a debugger to get more information (./waf --run <program> --command-template="gdb --args %s <args>").
