Waf: Entering directory `/home/ubuntu/ns-3.30-obss/build'
Waf: Leaving directory `/home/ubuntu/ns-3.30-obss/build'
Build commands will be stored in build/compile_commands.json
'build' finished successfully (0.781s)
--------------------------Rate[Kbps]--------------------------
Time[s]	cl-1	cl-2	cl-3	cl-4	cl-5	cl-6	cl-7	cl-8	cl-9	cl-10
60	17	15.8	16.4	14.8	11.2	16.4	14	14	18.8	12.6
61	0	0	416	232	360	376	440	520	656	0
62	0	0	0	784	64	264	920	360	736	512
63	0	0	112	576	40	112	536	640	640	712
64	0	0	304	392	552	152	456	736	648	680
65	0	0	240	392	520	896	568	232	672	384
66	0	0	288	712	656	104	928	304	336	0
67	0	0	464	0	904	248	176	176	344	360
68	0	0	784	216	168	64	248	920	216	288
69	0	0	176	200	448	184	368	560	208	408
70	0	0	296	752	656	608	256	144	512	184
71	0	0	344	152	336	792	504	648	232	88
72	0	0	488	608	504	728	296	912	304	48
73	0	0	472	920	528	336	144	416	504	136
74	0	0	432	616	360	16	664	400	832	752
75	0	0	160	0	448	624	560	792	928	432
76	0	0	904	416	480	632	88	424	16	264
77	0	0	32	448	256	0	16	392	160	480
78	0	0	536	200	304	592	0	896	608	456
79	0	0	0	312	0	752	208	904	112	512
80	0	0	832	936	352	648	584	48	160	472
81	0	0	504	368	104	616	616	768	728	32
82	0	0	144	608	584	48	704	584	840	416
83	0	0	1000	0	64	16	672	632	80	136
84	0	0	480	528	568	688	736	120	144	760
85	0	0	800	72	528	656	552	64	416	472
86	0	0	712	320	0	640	728	800	600	80
87	0	0	40	728	496	0	112	872	456	0
88	0	0	24	776	200	280	128	952	64	400
89	0	0	352	936	536	112	192	512	32	696
90	0	0	456	464	64	120	208	48	600	280
91	0	0	216	288	640	960	0	56	56	440
92	0	0	96	928	120	712	120	240	0	840
93	0	0	696	0	512	0	448	816	352	8
94	0	0	0	384	272	328	240	184	128	976
95	0	0	272	904	496	96	440	288	640	536
96	0	0	688	72	552	392	680	24	248	624
97	0	0	912	464	192	416	336	184	632	120
98	0	0	248	488	744	120	648	120	208	952
99	0	0	256	920	0	424	8	952	376	472
100	0	0	632	328	528	0	792	856	224	0
101	0	0	144	552	624	560	568	208	696	392
102	0	0	32	824	600	136	584	424	816	376
103	0	0	8	368	208	0	112	392	368	104
104	0	0	64	408	232	40	152	784	704	448
105	0	0	272	856	352	88	744	384	496	752
106	0	0	392	608	536	552	600	688	0	600
107	0	0	248	616	480	344	712	280	592	624
108	0	0	392	104	600	336	16	552	680	120
109	0	0	0	352	880	472	280	136	832	296
110	0	0	120	896	768	632	792	40	280	312
111	0	0	224	856	80	64	0	232	616	232
112	0	0	832	288	504	120	336	904	608	0
113	0	0	512	800	808	704	192	200	336	480
114	0	0	512	136	664	144	632	496	680	624
115	0	0	736	464	440	464	408	768	64	496
116	0	0	0	840	864	664	560	632	144	168
117	0	0	736	376	520	168	824	400	136	736
118	0	0	592	768	0	936	32	984	80	520
119	0	0	0	480	840	264	0	360	744	512
120	0	0	104	840	448	184	696	0	80	296
(1,11326)	(2,2024)	(3,0)	(4,3569)	
(1,6404)	(2,2080)	(3,0)	(4,731)	
(1,6433)	(2,2031)	(3,0)	(4,833)	
(1,1)	(2,0)	(3,0)	(4,0)	
(1,1)	(2,0)	(3,0)	(4,0)	
(1,1)	(2,0)	(3,0)	(4,0)	
(1,1)	(2,0)	(3,0)	(4,0)	
(1,1)	(2,0)	(3,0)	(4,0)	
(1,1)	(2,0)	(3,0)	(4,0)	
(1,1)	(2,0)	(3,0)	(4,0)	
(1,1)	(2,0)	(3,0)	(4,0)	
avg	0	0	362.133	497.867	426.4	360.4	409.333	472.667	410	391.6
delay	0.294118	0.303797	38.0718	38.15	46.7899	39.0248	51.7099	46.1952	52.5311	51.3551
loss	0	0	0.133652	0.0881563	0.0888889	0.136698	0.153061	0.0830316	0.105064	0.120659
Command ['/home/ubuntu/ns-3.30-obss/build/scratch/simple-ofdma-adhoc4', '--ofdmaEnabled=true', '--startTime=60', '--totalTime=120', '--dataMode=HeMcs1', '--datarate=10e5', '--ratio=0.375', '--RngRun=8', '--locationFile=my-simulations/8_ofdma7/txt/locationFile24.txt', '--routingFile=my-simulations/8_ofdma7/txt/routingFile24.txt'] terminated with signal SIGSEGV. Run it under a debugger to get more information (./waf --run <program> --command-template="gdb --args %s <args>").
