Waf: Entering directory `/home/ubuntu/ns-3.30-obss/build'
Waf: Leaving directory `/home/ubuntu/ns-3.30-obss/build'
Build commands will be stored in build/compile_commands.json
'build' finished successfully (0.792s)
--------------------------Rate[Kbps]--------------------------
Time[s]	cl-1	cl-2	cl-3	cl-4	cl-5	cl-6	cl-7	cl-8	cl-9	cl-10	cl-11	cl-12	cl-13	cl-14	cl-15
60	12.2	16	13.6	16.2	15.6	16.4	13.6	14.8	13.8	17.2	14.6	13.4	13.4	13.6	0
61	0	0	0	312	0	80	0	0	0	16	392	312	320	16	0
62	0	0	0	360	304	96	152	344	408	464	600	200	64	40	249.4
63	0	0	0	320	184	440	136	488	576	216	424	344	256	424	384
64	0	0	0	0	232	104	264	560	328	520	0	336	272	0	544
65	0	0	0	464	416	264	112	80	240	336	576	104	320	304	368
66	0	0	0	544	288	568	560	600	312	16	576	88	128	0	512
67	0	0	0	328	384	248	0	504	464	184	144	264	568	544	456
68	0	0	0	432	408	208	384	416	552	328	80	368	376	488	544
69	0	0	0	160	504	120	536	264	336	552	288	176	320	160	392
70	0	0	0	80	336	456	56	264	392	80	112	504	488	24	56
71	0	0	0	24	504	216	400	448	8	344	240	344	280	64	136
72	0	0	0	592	120	288	56	0	512	24	512	0	224	416	488
73	0	0	0	200	0	312	192	184	488	200	104	296	0	56	288
74	0	0	0	600	344	248	600	416	8	48	128	360	216	152	256
75	0	0	0	416	512	224	112	368	96	560	272	496	184	464	0
76	0	0	0	600	296	208	96	592	0	288	504	296	320	320	384
77	0	0	0	416	592	312	112	208	160	464	320	8	384	384	88
78	0	0	0	368	80	152	584	120	0	272	352	224	496	240	600
79	0	0	0	456	440	352	328	0	432	592	120	368	128	264	280
80	0	0	0	176	312	144	8	592	344	0	200	368	0	256	144
81	0	0	0	88	312	152	120	296	408	240	392	328	520	64	488
82	0	0	0	0	552	192	480	488	0	224	288	360	432	600	584
83	0	0	0	568	360	0	0	520	504	536	208	192	504	272	112
84	0	0	0	424	344	200	376	0	40	600	320	432	96	24	0
85	0	0	0	352	328	472	24	192	472	304	0	384	448	464	424
86	0	0	0	232	552	208	472	360	568	144	344	88	464	0	0
87	0	0	0	392	128	544	440	464	352	128	160	592	544	80	80
88	0	0	0	0	280	72	264	520	448	472	496	336	192	0	0
89	0	0	0	16	304	280	160	584	176	352	280	528	384	16	400
90	0	0	0	232	384	144	536	64	64	176	272	0	432	112	0
91	0	0	0	360	320	352	296	256	592	96	368	32	280	600	264
92	0	0	0	40	368	0	256	192	232	168	0	440	600	48	272
93	0	0	0	128	592	264	336	192	0	200	96	144	456	160	312
94	0	0	0	80	232	160	408	288	200	296	336	216	392	432	408
95	0	0	0	0	472	24	96	256	0	504	0	536	592	520	288
96	0	0	0	152	344	0	336	0	192	200	280	592	176	408	96
97	0	0	0	0	72	376	600	400	512	0	128	32	112	168	0
98	0	0	0	392	416	416	368	480	480	464	424	16	0	72	168
99	0	0	0	224	0	608	272	456	112	296	152	272	264	0	248
100	0	0	0	408	48	272	0	56	0	520	472	112	104	120	288
101	0	0	0	248	128	416	328	96	56	448	544	296	584	0	432
102	0	0	0	0	480	584	192	224	544	312	240	552	72	184	496
103	0	0	0	328	600	168	392	448	456	432	96	416	96	256	312
104	0	0	0	256	0	0	184	224	0	456	384	520	168	592	392
105	0	0	0	200	56	312	576	304	136	304	328	560	600	384	152
106	0	0	0	392	72	472	536	296	0	456	384	408	136	64	352
107	0	0	0	0	120	280	568	264	568	600	152	600	336	200	576
108	0	0	0	32	536	512	240	576	480	496	416	192	272	240	456
109	0	0	0	576	328	88	280	568	232	584	208	592	80	0	240
110	0	0	0	456	64	0	176	480	0	528	496	152	0	32	152
111	0	0	0	0	464	216	40	0	544	8	432	168	424	32	576
112	0	0	0	416	0	128	384	504	40	248	384	440	344	208	336
113	0	0	0	376	392	192	136	384	352	416	128	248	88	288	48
114	0	0	0	152	600	584	584	552	448	136	48	128	96	0	344
115	0	0	0	392	264	440	328	368	448	0	88	320	576	496	0
116	0	0	0	496	152	208	496	368	168	488	560	520	240	0	304
117	0	0	0	208	512	0	368	128	8	24	32	320	488	168	592
118	0	0	0	592	32	464	496	144	432	368	272	528	152	600	336
119	0	0	0	216	440	568	32	72	600	496	376	568	560	528	296
120	0	0	0	480	488	32	360	600	200	0	192	480	576	192	184
(1,23284)	(2,1891)	(3,0)	(4,265)	
(1,7922)	(2,474)	(3,0)	(4,51)	
(1,7861)	(2,708)	(3,0)	(4,31)	
(1,7749)	(2,551)	(3,0)	(4,29)	
(1,2)	(2,0)	(3,0)	(4,0)	
(1,1)	(2,0)	(3,0)	(4,0)	
(1,1)	(2,0)	(3,0)	(4,0)	
(1,1)	(2,0)	(3,0)	(4,0)	
(1,1)	(2,0)	(3,0)	(4,0)	
(1,1)	(2,0)	(3,0)	(4,0)	
(1,1)	(2,0)	(3,0)	(4,0)	
(1,1)	(2,0)	(3,0)	(4,0)	
(1,1)	(2,0)	(3,0)	(4,0)	
(1,1)	(2,0)	(3,0)	(4,0)	
(1,1)	(2,0)	(3,0)	(4,0)	
(1,1)	(2,0)	(3,0)	(4,0)	
avg	0	0	0	279.2	306.533	257.333	287.067	318.533	278.667	303.733	278.667	318.267	303.733	220.667	282.133
delay	0.377049	0.2375	375.647	14.7082	6.94302	22.114	21.8583	15.3236	4.70383	11.5092	15.7522	3.84213	13.385	7.8852	11.2931
loss	0	0	0	0.0433988	0.0315922	0.039801	0.0502867	0.0474482	0.0265487	0.0388186	0.0377532	0.0253061	0.0388186	0.0327294	0.0372364
Command ['/home/ubuntu/ns-3.30-obss/build/scratch/simple-ofdma-adhoc4', '--ofdmaEnabled=true', '--startTime=60', '--totalTime=120', '--dataMode=HeMcs5', '--datarate=6e5', '--ratio=0.375', '--RngRun=8', '--locationFile=my-simulations/8_ofdma7/txt/locationFile34.txt', '--routingFile=my-simulations/8_ofdma7/txt/routingFile34.txt'] terminated with signal SIGSEGV. Run it under a debugger to get more information (./waf --run <program> --command-template="gdb --args %s <args>").
