Waf: Entering directory `/home/ubuntu/ns-3.30-obss/build'
Waf: Leaving directory `/home/ubuntu/ns-3.30-obss/build'
Build commands will be stored in build/compile_commands.json
'build' finished successfully (0.742s)
--------------------------Rate[Kbps]--------------------------
Time[s]	cl-1	cl-2	cl-3	cl-4	cl-5	cl-6	cl-7	cl-8	cl-9	cl-10	cl-11	cl-12	cl-13	cl-14	cl-15	cl-16	cl-17	cl-18	cl-19	cl-20
60	11.2	13.8	16.8	12.8	14.8	11.8	16.6	13.6	14.2	15	13.8	14.4	14.2	15.4	13.6	17.8	18.6	16	16	13.6
61	0	0	0	0	40	152	0	0	104	320	544	280	0	32	0	88	320	192	296	448
62	0	0	0	0	144	328	392	32	296	256	400	240	8	152	320	320	488	56	136	0
63	0	0	0	0	168	64	360	440	384	56	280	160	392	504	48	240	24	296	152	32
64	0	0	0	0	176	376	8	264	168	48	224	312	80	408	336	192	216	264	440	0
65	0	0	0	0	152	88	216	64	136	0	128	336	48	456	256	400	368	376	320	336
66	0	0	0	0	296	416	0	216	360	320	176	80	120	192	296	312	352	424	16	0
67	0	0	0	0	48	344	232	224	32	336	440	144	216	344	48	72	312	112	344	192
68	0	0	0	0	352	360	24	352	16	312	320	0	320	264	80	312	320	88	376	128
69	0	0	0	0	96	8	200	40	328	72	64	312	312	304	192	192	40	280	240	0
70	0	0	0	0	88	224	400	0	352	0	368	368	0	0	400	56	424	0	0	536
71	0	0	0	0	56	432	24	352	264	432	0	144	232	352	104	136	120	448	288	192
72	0	0	0	0	0	504	184	80	424	384	456	408	88	56	0	0	344	128	400	352
73	0	0	0	0	184	80	248	280	440	352	472	136	328	376	256	304	8	208	104	32
74	0	0	0	0	80	192	216	248	0	528	432	0	320	400	240	32	72	360	264	48
75	0	0	0	0	152	8	32	240	56	344	48	320	40	312	112	296	408	408	480	296
76	0	0	0	0	320	448	40	104	344	224	176	32	96	296	232	72	8	464	216	168
77	0	0	0	0	392	400	416	104	144	272	432	136	240	136	48	200	96	472	56	32
78	0	0	0	0	416	0	520	496	112	16	568	0	272	0	520	136	344	128	56	96
79	0	0	0	0	352	152	304	312	8	48	104	248	296	168	544	136	432	32	32	0
80	0	0	0	0	152	40	208	160	264	512	200	352	416	472	208	448	16	224	0	136
81	0	0	0	0	128	248	176	312	40	176	440	328	120	352	184	176	104	320	400	72
82	0	0	0	0	216	448	384	128	8	64	152	360	488	280	456	16	192	216	32	336
83	0	0	0	0	360	216	80	368	160	0	344	232	152	328	400	160	88	272	144	264
84	0	0	0	0	200	8	360	96	296	248	144	40	24	448	368	248	232	312	160	168
85	0	0	0	0	248	288	312	200	160	0	312	376	56	0	224	304	256	168	232	280
86	0	0	0	0	152	368	0	208	384	144	464	432	144	176	0	232	0	512	56	40
87	0	0	0	0	80	432	112	152	144	360	232	280	352	320	448	72	168	80	312	184
88	0	0	0	0	0	128	448	384	248	208	272	392	224	120	56	368	336	232	96	0
89	0	0	0	0	0	56	224	216	248	440	384	320	536	104	64	0	184	160	352	424
90	0	0	0	0	248	360	312	24	168	488	160	432	384	16	296	112	40	248	0	288
91	0	0	0	0	144	240	256	368	128	200	344	344	64	120	144	224	24	208	368	336
92	0	0	0	0	72	400	488	480	136	8	208	48	16	392	400	320	0	328	280	112
93	0	0	0	0	192	376	264	264	352	0	32	0	0	240	432	208	224	448	232	344
94	0	0	0	0	160	200	0	288	288	352	480	152	224	64	128	0	392	224	152	120
95	0	0	0	0	0	368	216	344	392	208	104	264	8	408	24	0	216	0	464	336
96	0	0	0	0	0	80	256	136	320	40	112	336	208	248	720	296	176	288	336	208
97	0	0	0	0	176	288	208	104	0	312	0	304	312	360	352	336	328	0	256	256
98	0	0	0	0	288	0	144	200	16	304	296	240	304	184	400	8	280	48	432	304
99	0	0	0	0	392	368	144	0	0	80	512	248	328	184	312	72	8	416	232	312
100	0	0	0	0	32	0	280	40	144	400	336	248	384	176	328	376	368	112	448	128
101	0	0	0	0	416	32	552	0	0	352	0	56	0	440	576	144	24	472	376	112
102	0	0	0	0	304	216	336	104	160	368	240	296	224	344	136	184	56	80	232	216
103	0	0	0	0	304	0	232	312	248	328	224	200	96	40	352	320	184	232	392	0
104	0	0	0	0	552	160	192	232	0	240	288	504	0	528	0	88	224	0	344	216
105	0	0	0	0	256	408	32	16	216	216	416	272	64	360	200	160	304	248	328	8
106	0	0	0	0	272	544	272	232	224	0	288	24	168	392	48	312	104	0	384	264
107	0	0	0	0	48	408	0	360	128	248	200	336	448	328	0	112	280	200	280	152
108	0	0	0	0	272	400	224	344	160	136	16	488	296	0	456	0	176	216	288	320
109	0	0	0	0	0	408	368	120	184	216	248	232	200	480	144	56	136	400	440	192
110	0	0	0	0	184	72	152	424	32	376	96	368	280	176	296	224	360	304	256	32
111	0	0	0	0	440	0	240	360	136	248	152	280	0	248	480	488	232	0	0	288
112	0	0	0	0	312	304	152	16	256	64	160	464	464	48	0	216	168	416	112	216
113	0	0	0	0	152	64	432	136	296	0	0	344	504	40	128	368	504	176	8	336
114	0	0	0	0	0	200	192	320	208	184	408	80	240	0	232	320	232	200	416	400
115	0	0	0	0	296	280	360	184	56	216	232	264	264	40	328	72	272	368	176	232
116	0	0	0	0	288	240	296	336	168	344	112	192	384	0	112	192	80	104	192	312
117	0	0	0	0	280	176	376	152	80	368	304	40	144	368	216	240	272	200	0	264
118	0	0	0	0	224	408	232	8	0	296	128	208	200	296	360	304	208	240	88	8
119	0	0	0	0	8	224	216	160	48	32	264	416	256	64	256	336	288	400	184	280
120	0	0	0	0	216	528	208	16	184	32	480	232	424	312	504	80	64	312	192	0
(1,7144)	(2,3582)	(3,0)	(4,5837)	
(1,4112)	(2,1598)	(3,0)	(4,103)	
(1,4506)	(2,1537)	(3,0)	(4,98)	
(1,4231)	(2,1680)	(3,0)	(4,83)	
(1,4171)	(2,1622)	(3,0)	(4,77)	
(1,1)	(2,0)	(3,0)	(4,0)	
(1,1)	(2,0)	(3,0)	(4,0)	
(1,1)	(2,0)	(3,0)	(4,0)	
(1,1)	(2,0)	(3,0)	(4,0)	
(1,1)	(2,0)	(3,0)	(4,0)	
(1,1)	(2,0)	(3,0)	(4,0)	
(1,1)	(2,0)	(3,0)	(4,0)	
(1,1)	(2,0)	(3,0)	(4,0)	
(1,1)	(2,0)	(3,0)	(4,0)	
(1,1)	(2,0)	(3,0)	(4,0)	
(1,1)	(2,0)	(3,0)	(4,0)	
(1,1)	(2,0)	(3,0)	(4,0)	
(1,1)	(2,0)	(3,0)	(4,0)	
(1,1)	(2,0)	(3,0)	(4,0)	
(1,1)	(2,0)	(3,0)	(4,0)	
(1,1)	(2,0)	(3,0)	(4,0)	
avg	0	0	0	0	192.933	242.667	229.2	202.533	177.467	218.8	256.933	244.667	213.467	237.467	246.667	194.8	208.267	235.333	231.467	189.733
delay	0.285714	0.304348	0.321429	0.3125	42.0456	33.0714	36.5416	34.5234	31.9384	37.5881	33.8045	41.7978	39.8582	35.5182	51.4568	49.3094	41.1908	33.4442	35.0628	45.6212
loss	0	0	0	0	0.283309	0.198944	0.189151	0.278385	0.280151	0.202236	0.192968	0.2818	0.252568	0.190822	0.181054	0.272048	0.277521	0.19148	0.209832	0.255364
Command ['/home/ubuntu/ns-3.30-obss/build/scratch/simple-ofdma-adhoc4', '--ofdmaEnabled=true', '--startTime=60', '--totalTime=120', '--dataMode=HeMcs1', '--datarate=6e5', '--ratio=0.375', '--RngRun=8', '--locationFile=my-simulations/8_ofdma7/txt/locationFile44.txt', '--routingFile=my-simulations/8_ofdma7/txt/routingFile44.txt'] terminated with signal SIGSEGV. Run it under a debugger to get more information (./waf --run <program> --command-template="gdb --args %s <args>").
