Waf: Entering directory `/home/ubuntu/ns-3.30-obss/build'
Waf: Leaving directory `/home/ubuntu/ns-3.30-obss/build'
Build commands will be stored in build/compile_commands.json
'build' finished successfully (0.715s)
--------------------------Rate[Kbps]--------------------------
Time[s]	cl-1	cl-2	cl-3	cl-4	cl-5	cl-6	cl-7	cl-8	cl-9	cl-10	cl-11	cl-12	cl-13	cl-14	cl-15	cl-16	cl-17	cl-18	cl-19	cl-20
60	16	11.8	14.8	15.4	15.8	15.8	14	16.6	13	14.2	15	13.2	14.4	16.2	16	13.2	12.8	13.4	13.6	13
61	0	0	0	0	0	112	88	288	184	88	160	8	0	104	0	144	288	200	528	40
62	0	0	0	0	0	24	184	344	48	216	64	248	216	0	104	240	376	304	368	104
63	0	0	0	0	0	112	160	96	328	352	432	136	96	32	88	176	224	424	128	0
64	0	0	0	0	0	112	0	152	376	360	184	400	240	104	192	40	368	112	208	120
65	0	0	0	0	0	312	120	32	456	216	304	384	40	0	128	72	272	120	168	0
66	0	0	0	0	0	120	0	216	64	24	320	64	320	224	80	168	0	400	408	408
67	0	0	0	0	0	112	232	24	208	200	192	192	312	304	264	0	24	440	312	376
68	0	0	0	0	0	248	0	176	152	408	304	0	0	184	376	160	352	112	0	216
69	0	0	0	0	0	64	208	24	160	72	328	8	248	248	424	384	384	256	224	0
70	0	0	0	0	0	208	264	24	296	208	72	88	248	208	240	144	280	304	88	136
71	0	0	0	0	0	304	168	136	112	392	184	168	328	0	288	104	56	104	248	0
72	0	0	0	0	0	280	272	272	120	416	296	328	312	200	0	0	0	16	72	64
73	0	0	0	0	0	72	224	320	240	168	128	192	488	224	136	128	0	136	200	152
74	0	0	0	0	8	128	56	120	56	24	88	272	424	360	320	288	144	88	440	112
75	0	0	0	0	0	0	56	264	32	160	48	320	320	368	264	128	128	288	216	48
76	0	0	0	0	0	312	16	424	56	56	200	448	24	96	480	0	0	72	152	504
77	0	0	0	0	0	24	144	120	328	328	304	248	320	296	32	240	160	192	120	0
78	0	0	0	0	0	16	88	96	288	344	240	176	384	392	432	8	320	152	256	192
79	0	0	8	0	0	224	40	32	88	472	496	176	40	48	344	112	120	384	608	48
80	0	0	0	0	0	96	176	232	112	232	152	88	384	112	352	96	296	24	0	296
81	8	0	0	0	0	40	280	24	184	216	256	392	408	144	216	520	248	0	136	184
82	0	0	0	0	0	8	184	216	0	8	376	0	176	176	344	248	112	144	352	104
83	0	0	0	0	0	0	128	192	232	104	144	288	0	336	32	256	376	216	320	344
84	0	0	0	0	0	8	0	312	320	96	224	480	32	192	344	248	128	128	72	360
85	0	0	0	0	0	16	200	160	0	320	352	160	200	128	0	408	464	64	344	96
86	0	0	0	0	0	48	232	280	120	216	136	96	448	40	168	448	176	0	0	312
87	0	0	0	0	0	0	152	288	8	144	176	136	296	424	128	144	72	432	184	88
88	0	0	0	0	0	320	208	24	288	48	248	128	232	320	40	336	312	40	136	128
89	0	0	0	0	0	208	104	0	256	384	224	336	256	288	16	0	96	384	104	224
90	0	0	0	0	0	152	240	192	320	32	344	160	192	0	176	264	80	296	104	32
91	0	0	0	0	0	200	208	16	264	200	296	312	104	200	328	0	0	128	576	112
92	0	0	0	0	0	64	64	152	392	16	0	336	360	192	96	320	352	184	160	88
93	0	0	0	0	0	88	16	0	168	0	432	288	280	560	312	152	208	320	56	336
94	0	0	0	8	0	192	40	64	176	272	328	88	104	200	272	80	280	160	256	88
95	0	0	0	0	0	0	0	0	80	336	632	200	576	0	656	136	16	352	400	256
96	0	8	8	0	0	112	216	200	88	152	248	312	160	0	472	96	96	0	248	456
97	0	0	0	0	0	288	0	64	416	112	0	296	232	112	376	24	216	176	88	128
98	0	0	0	0	0	152	80	272	280	96	248	376	288	40	0	40	240	256	216	96
99	0	0	0	0	0	104	160	0	232	376	336	208	128	56	208	120	224	272	200	464
100	0	0	0	0	0	120	80	104	48	368	392	184	56	352	96	24	288	96	184	256
101	0	0	0	0	0	64	0	80	136	512	192	312	96	448	0	376	280	400	256	0
102	0	0	0	0	0	168	160	0	256	72	56	384	112	264	128	192	104	304	384	264
103	0	0	0	0	0	80	16	312	232	464	112	472	120	200	232	312	248	0	144	0
104	0	0	0	0	0	184	48	248	8	288	0	232	136	256	0	384	344	256	0	136
105	0	0	0	0	0	232	72	248	208	240	16	216	0	0	352	96	168	224	104	256
106	0	0	0	0	0	88	0	200	80	168	120	240	224	64	48	336	200	368	448	144
107	0	0	0	0	0	96	136	16	208	264	0	336	264	232	40	344	288	360	328	128
108	0	0	0	0	0	8	24	40	224	552	104	320	240	432	88	0	488	424	320	40
109	0	0	0	0	0	176	184	112	0	360	56	200	104	216	248	72	136	304	272	24
110	0	0	0	0	0	64	136	104	144	416	152	304	176	240	272	32	400	232	176	256
111	0	0	0	0	0	64	0	248	352	8	168	376	264	0	336	192	328	8	328	192
112	0	0	0	8	0	168	320	0	512	392	256	32	256	224	240	80	48	80	400	0
113	0	8	0	0	0	112	176	104	64	232	344	24	96	320	0	232	288	224	192	272
114	0	0	0	0	0	184	376	216	104	280	152	128	136	128	216	368	32	160	144	200
115	0	0	0	0	0	0	168	224	472	8	0	408	496	96	184	160	208	136	0	256
116	0	0	0	0	0	200	96	136	328	440	272	136	192	224	72	48	56	120	168	192
117	0	0	0	0	0	216	24	0	56	336	288	184	56	416	152	312	200	0	0	448
118	0	0	0	0	0	56	0	264	32	544	120	336	256	328	32	152	200	96	184	192
119	0	0	0	0	0	0	248	24	80	72	360	40	496	96	96	136	144	152	304	288
120	0	0	0	0	0	64	512	272	0	48	0	0	88	136	584	336	264	296	176	200
avg	0.133333	0.266667	0.266667	0.266667	0.133333	120.4	129.733	146.667	184.533	232.133	210.933	223.333	218	193.067	202.4	177.6	203.333	198.667	220.133	174.267
delay	502	488	492.5	506.5	496	483.131	485.019	470.169	482.988	487.688	477.094	481.491	489.415	485.499	482.76	477.957	474.608	477.07	454.525	481.308
loss	0.666667	0.333333	0.333333	0.333333	0.666667	0.621701	0.58888	0.597217	0.501441	0.424852	0.444132	0.48211	0.462348	0.442396	0.439204	0.476899	0.492174	0.46719	0.414634	0.458799
Command ['/home/ubuntu/ns-3.30-obss/build/scratch/simple-ofdma-adhoc2', '--ofdmaEnabled=true', '--startTime=60', '--totalTime=120', '--dataMode=HeMcs2', '--datarate=8e5', '--clNum=20', '--ratio=0.375', '--RngRun=114'] terminated with signal SIGSEGV. Run it under a debugger to get more information (./waf --run <program> --command-template="gdb --args %s <args>").
