Waf: Entering directory `/home/ubuntu/ns-3.30-obss/build'
Waf: Leaving directory `/home/ubuntu/ns-3.30-obss/build'
Build commands will be stored in build/compile_commands.json
'build' finished successfully (0.693s)
--------------------------Rate[Kbps]--------------------------
Time[s]	cl-1	cl-2	cl-3	cl-4	cl-5	cl-6	cl-7	cl-8	cl-9	cl-10	cl-11	cl-12	cl-13	cl-14	cl-15	cl-16	cl-17	cl-18	cl-19	cl-20
60	14.8	16.2	13	15	16.8	16.2	13.8	14.4	14.6	14.4	16.2	14	15.8	14.2	14.2	18.2	11	15	14.6	15
61	0	0	0	0	0	136	264	152	560	200	112	208	96	64	352	0	112	424	144	304
62	0	0	0	0	0	528	0	296	408	32	280	320	544	0	0	192	168	456	272	208
63	0	0	0	0	0	392	80	456	0	376	144	248	288	344	280	8	384	504	0	232
64	0	0	0	0	0	304	152	184	368	544	352	216	368	280	560	456	208	504	144	0
65	0	0	0	0	0	72	184	472	304	208	376	192	216	0	184	80	0	24	56	256
66	0	0	0	0	0	416	512	88	296	328	440	56	136	72	456	224	568	128	176	48
67	0	0	0	0	0	424	408	440	424	8	248	336	248	104	0	56	136	8	272	88
68	0	0	0	0	0	320	272	296	208	88	480	176	472	320	224	296	472	544	152	456
69	0	0	0	0	0	368	152	216	264	200	568	544	160	280	288	344	0	88	440	344
70	0	0	0	0	0	112	72	240	64	72	440	408	344	584	552	288	368	288	424	256
71	0	0	0	0	0	408	472	248	0	160	496	408	424	24	16	304	248	304	328	536
72	0	0	0	0	0	200	200	288	88	272	168	256	584	320	48	544	232	328	392	456
73	8	0	0	0	0	0	368	336	296	184	48	0	40	176	88	120	184	64	312	560
74	0	0	0	0	8	432	72	176	440	200	224	248	0	280	400	136	192	560	264	480
75	0	0	0	8	0	192	216	248	24	280	560	440	416	192	456	0	520	568	560	56
76	0	0	0	0	0	376	288	488	328	480	240	272	32	488	384	272	320	400	400	112
77	0	0	0	0	0	128	0	200	504	328	600	184	424	592	312	40	0	456	0	184
78	0	0	0	0	0	104	272	208	144	400	32	376	376	24	8	560	256	48	288	88
79	0	0	0	0	0	424	368	136	192	304	256	8	56	432	16	352	408	448	0	72
80	0	0	8	0	0	112	576	0	512	0	0	216	320	0	184	296	104	224	96	0
81	0	8	0	0	0	184	0	384	208	0	344	552	432	496	416	560	384	0	472	296
82	0	0	0	0	0	224	144	320	208	168	552	112	560	184	504	112	160	368	440	88
83	0	0	0	0	0	56	296	0	184	448	208	40	104	160	16	536	56	168	360	264
84	0	0	0	0	0	216	0	192	0	120	0	336	152	80	560	280	384	296	352	144
85	0	0	0	0	0	552	440	144	192	80	272	64	272	336	232	584	248	344	264	544
86	0	0	0	0	0	280	504	392	544	224	0	104	224	384	80	216	376	144	296	312
87	0	0	0	0	0	472	320	176	448	400	72	88	272	0	376	144	480	512	48	96
88	0	0	0	0	0	160	32	32	56	16	64	280	208	128	256	256	184	176	128	152
89	0	0	0	0	0	24	424	144	0	408	232	232	240	200	288	544	560	136	336	104
90	0	0	0	8	0	160	312	32	224	0	24	448	272	232	432	528	600	480	0	320
91	0	0	0	0	0	368	168	288	408	16	0	368	296	240	536	568	552	536	80	240
92	0	0	0	0	8	304	272	520	552	192	344	208	0	376	384	40	576	504	72	80
93	8	0	0	0	0	64	552	0	424	0	592	576	336	408	0	88	592	360	176	240
94	0	0	8	0	0	0	376	32	0	168	576	192	496	600	368	608	184	32	528	320
95	0	0	0	0	0	312	104	392	136	80	152	152	152	280	240	448	296	200	312	0
96	0	0	0	0	0	112	400	248	360	320	224	280	312	560	128	160	528	536	128	112
97	0	8	0	0	0	40	264	0	168	80	192	120	280	288	184	304	40	168	8	288
98	0	0	0	0	0	56	424	240	456	192	168	120	360	512	344	160	136	504	232	208
99	0	0	0	0	0	208	104	392	120	312	160	16	400	248	272	56	384	440	568	416
100	0	0	0	0	0	536	448	336	176	104	160	536	200	288	520	96	344	96	392	528
101	0	0	0	0	0	368	8	296	168	576	216	336	560	560	328	0	528	64	24	208
102	0	0	0	0	0	520	72	0	0	416	568	0	224	496	200	272	144	480	304	168
103	0	0	0	0	0	376	400	288	408	0	184	408	248	32	96	504	360	144	432	384
104	0	0	0	8	8	448	384	552	376	0	0	384	200	296	80	224	48	112	152	400
105	0	0	0	0	0	440	384	40	352	560	376	416	152	360	416	216	552	216	576	496
106	0	0	0	0	0	296	0	80	536	336	504	472	96	344	192	120	192	8	344	128
107	0	0	0	0	0	520	376	288	16	488	272	544	88	168	40	264	0	272	104	112
108	0	0	0	0	0	32	352	248	80	136	520	304	536	160	0	128	152	584	64	424
109	0	0	0	0	0	416	208	368	136	328	192	408	520	376	400	64	512	56	408	360
110	8	0	0	0	0	208	368	520	168	392	128	112	136	96	264	40	8	8	72	0
111	0	0	0	0	0	384	112	488	0	0	448	392	392	600	296	120	208	200	576	176
112	0	0	0	0	0	120	392	48	568	392	0	0	336	176	264	288	600	296	432	0
113	0	8	8	0	0	448	152	448	408	560	88	88	296	0	536	240	448	136	400	296
114	0	0	0	0	0	536	240	112	16	120	152	280	464	528	520	216	0	256	136	296
115	0	0	0	0	0	232	288	208	336	32	288	248	56	96	432	112	488	416	232	64
116	0	0	0	0	0	448	416	88	440	0	272	512	200	96	272	560	128	104	496	408
117	0	0	0	0	0	96	88	136	224	336	0	360	408	0	32	112	376	256	408	304
118	0	0	0	0	0	128	64	8	104	96	88	288	296	32	120	96	256	128	104	0
119	0	0	0	0	0	232	536	264	240	184	448	280	0	312	296	448	176	432	360	208
120	0	0	0	8	8	192	256	352	248	280	400	504	16	224	0	176	520	432	456	104
(1,23887)	(2,4362)	(3,0)	(4,512)	
(1,6444)	(2,281)	(3,0)	(4,25)	
(1,7218)	(2,487)	(3,0)	(4,22)	
(1,7282)	(2,637)	(3,0)	(4,31)	
(1,7708)	(2,513)	(3,0)	(4,42)	
(1,5774)	(2,341)	(3,0)	(4,25)	
(1,1)	(2,0)	(3,0)	(4,0)	
(1,1)	(2,0)	(3,0)	(4,0)	
(1,1)	(2,0)	(3,0)	(4,0)	
(1,1)	(2,0)	(3,0)	(4,0)	
(1,1)	(2,0)	(3,0)	(4,0)	
(1,1)	(2,0)	(3,0)	(4,0)	
(1,1)	(2,0)	(3,0)	(4,0)	
(1,1)	(2,0)	(3,0)	(4,0)	
(1,1)	(2,0)	(3,0)	(4,0)	
(1,1)	(2,0)	(3,0)	(4,0)	
(1,1)	(2,0)	(3,0)	(4,0)	
(1,1)	(2,0)	(3,0)	(4,0)	
(1,1)	(2,0)	(3,0)	(4,0)	
(1,1)	(2,0)	(3,0)	(4,0)	
(1,1)	(2,0)	(3,0)	(4,0)	
avg	0.4	0.4	0.4	0.533333	0.533333	270.267	260.133	237.733	251.867	220.4	259.067	271.2	272.267	258.8	262.133	250.933	294	282.8	266.533	233.733
delay	0.333333	288.667	0.333333	1.5	1.5	12.6408	11.6899	6.94896	18.2388	9.88445	14.2393	25.1907	13.3962	13.7388	15.7482	19.1557	7.70068	8.44413	10.7389	15.0154
loss	0	0	0	0	0	0.170622	0.120379	0.132782	0.0874396	0.0639864	0.0747619	0.0825068	0.0944568	0.078785	0.0956762	0.0765456	0.0827787	0.0845921	0.0804968	0.108795
Command ['/home/ubuntu/ns-3.30-obss/build/scratch/simple-ofdma-adhoc4', '--ofdmaEnabled=true', '--startTime=60', '--totalTime=120', '--dataMode=HeMcs4', '--datarate=6e5', '--clNum=20', '--ratio=0.375', '--RngRun=36'] terminated with signal SIGSEGV. Run it under a debugger to get more information (./waf --run <program> --command-template="gdb --args %s <args>").
