Waf: Entering directory `/home/ubuntu/ns-3.30-obss/build'
Waf: Leaving directory `/home/ubuntu/ns-3.30-obss/build'
Build commands will be stored in build/compile_commands.json
'build' finished successfully (0.705s)
--------------------------Rate[Kbps]--------------------------
Time[s]	cl-1	cl-2	cl-3	cl-4	cl-5	cl-6	cl-7	cl-8	cl-9	cl-10	cl-11	cl-12	cl-13	cl-14	cl-15	cl-16	cl-17	cl-18	cl-19	cl-20
60	14.8	16.2	13	15	16.8	16.2	13.8	14.4	14.6	14.4	16.2	14	15.8	13.8	14.2	18.2	11	15	14.6	14.6
61	0	0	0	0	0	104	232	72	488	160	56	184	72	40	296	0	112	336	144	288
62	0	0	0	0	0	424	16	216	328	24	264	288	520	0	0	152	128	384	256	144
63	0	0	0	0	0	248	64	432	0	304	136	200	264	288	256	0	320	408	0	224
64	0	0	0	0	0	144	80	88	264	424	280	128	264	192	408	288	104	344	72	0
65	0	0	0	0	0	64	184	456	312	176	320	192	192	0	176	80	0	16	56	248
66	0	0	0	0	0	232	368	48	232	288	400	40	88	72	392	160	352	80	136	32
67	0	0	0	0	0	416	344	352	352	16	200	328	168	48	0	16	88	0	208	48
68	0	0	0	0	0	136	120	112	168	24	344	56	280	256	96	184	296	280	96	264
69	0	0	0	0	0	248	96	88	176	128	488	416	88	168	256	216	0	80	232	168
70	0	0	0	0	0	64	48	104	64	48	400	240	264	392	448	200	304	256	272	200
71	0	0	0	0	0	216	256	80	0	96	448	304	360	0	16	200	136	248	200	400
72	0	0	0	0	0	128	88	104	56	240	88	232	384	256	40	360	232	216	344	344
73	8	0	0	0	0	0	288	272	280	128	40	40	48	168	56	64	128	64	312	512
74	0	0	0	0	0	256	32	64	336	152	208	176	0	160	376	112	112	368	224	408
75	0	0	0	8	0	48	136	144	16	184	424	280	272	152	368	0	336	320	368	40
76	0	0	0	0	0	168	152	200	144	272	136	224	40	240	256	136	184	232	248	56
77	0	0	0	0	0	88	0	104	432	336	504	152	296	488	264	56	0	360	0	120
78	0	0	0	0	0	104	184	176	128	344	40	360	352	32	8	520	200	40	248	88
79	0	0	0	0	0	344	272	64	184	256	240	0	40	368	16	280	296	456	0	56
80	0	0	0	0	0	80	496	0	528	0	0	200	336	0	208	304	88	184	96	0
81	0	8	0	0	0	112	0	240	168	0	224	368	328	320	312	376	208	0	272	136
82	0	0	0	0	0	72	56	72	104	136	424	96	376	120	296	80	104	160	280	88
83	0	0	0	0	0	32	256	0	176	440	208	40	136	152	16	520	56	184	344	224
84	0	0	0	0	0	192	0	192	0	96	0	320	136	72	528	256	384	280	328	96
85	0	0	0	0	0	280	216	88	128	48	192	48	128	232	200	336	120	232	168	312
86	0	0	0	0	0	24	96	64	328	80	8	72	136	312	48	144	240	16	192	160
87	0	0	0	0	0	248	264	232	200	296	8	0	64	0	80	96	88	224	32	80
88	0	0	0	0	0	288	40	24	152	136	104	296	320	64	296	288	248	320	152	128
89	0	0	0	0	0	56	120	72	8	200	232	232	120	176	296	352	352	80	304	160
90	0	0	0	8	0	32	160	16	192	0	8	368	248	224	400	496	456	376	0	272
91	0	0	0	0	0	192	64	176	264	8	0	256	224	144	416	368	344	368	40	200
92	0	0	0	0	8	136	128	208	376	88	312	144	8	312	288	64	320	264	80	40
93	8	0	0	0	0	24	360	0	376	16	480	424	224	296	0	48	480	312	112	184
94	0	0	8	0	0	16	152	0	0	144	424	160	408	400	352	360	104	32	440	224
95	0	0	0	0	0	264	88	312	136	104	152	176	144	264	240	416	288	200	320	0
96	0	8	0	0	0	48	200	112	272	200	152	248	192	336	80	112	320	304	112	40
97	0	0	0	0	0	80	320	0	272	0	280	128	288	432	168	448	40	328	144	432
98	0	0	0	0	0	40	272	128	312	256	112	8	272	408	312	104	120	440	88	160
99	0	0	0	0	0	104	64	288	96	240	160	8	312	208	264	32	368	376	496	336
100	0	0	0	0	0	240	168	128	160	48	136	328	104	184	360	48	160	56	288	248
101	0	0	0	0	0	232	16	144	144	456	192	208	408	352	272	0	344	40	16	112
102	0	0	0	0	0	424	64	0	0	304	512	0	208	376	152	264	112	400	248	128
103	0	0	0	0	0	192	184	48	352	0	136	264	184	40	128	232	224	128	312	232
104	0	0	0	8	8	256	264	352	312	0	0	328	200	296	72	192	40	72	80	304
105	0	0	0	0	0	216	112	0	176	280	208	216	136	272	224	136	304	168	296	296
106	0	0	0	0	0	208	40	72	464	304	464	448	48	224	240	40	200	0	368	192
107	0	0	0	0	0	400	280	200	16	384	272	496	88	184	32	208	0	200	72	88
108	0	0	0	0	0	0	304	144	40	120	472	272	424	128	0	104	112	464	40	304
109	0	0	0	0	0	136	88	160	104	216	152	248	336	240	272	40	328	32	232	320
110	8	0	0	0	0	176	352	464	136	376	112	96	144	80	320	32	56	0	40	0
111	0	0	0	0	0	192	56	288	0	0	376	288	280	408	256	64	152	112	424	120
112	0	0	0	0	0	80	288	32	472	376	0	0	312	160	232	240	464	272	360	0
113	0	8	8	0	0	216	72	144	264	376	64	48	128	0	440	192	232	72	304	176
114	0	0	0	0	0	320	176	40	8	64	136	264	472	416	504	192	0	248	96	264
115	0	0	0	0	0	136	232	120	264	0	248	216	32	96	400	80	432	352	200	56
116	0	0	0	0	0	152	232	48	328	0	224	344	72	48	176	328	88	80	272	192
117	0	0	0	0	0	56	168	216	216	312	0	336	328	0	24	96	352	216	400	288
118	0	0	0	0	0	288	192	168	184	80	72	328	296	200	328	192	272	112	320	0
119	0	0	0	0	0	136	360	152	104	128	344	184	0	176	144	312	112	304	264	176
120	0	0	0	8	0	104	152	176	192	232	344	392	0	160	0	120	336	320	352	88
(1,7313)	(2,3327)	(3,0)	(4,5167)	
(1,3923)	(2,954)	(3,0)	(4,62)	
(1,4149)	(2,1398)	(3,0)	(4,106)	
(1,3973)	(2,1608)	(3,0)	(4,125)	
(1,4070)	(2,1469)	(3,0)	(4,150)	
(1,2970)	(2,845)	(3,0)	(4,65)	
(1,1)	(2,0)	(3,0)	(4,0)	
(1,1)	(2,0)	(3,0)	(4,0)	
(1,1)	(2,0)	(3,0)	(4,0)	
(1,1)	(2,0)	(3,0)	(4,0)	
(1,1)	(2,0)	(3,0)	(4,0)	
(1,1)	(2,0)	(3,0)	(4,0)	
(1,1)	(2,0)	(3,0)	(4,0)	
(1,1)	(2,0)	(3,0)	(4,0)	
(1,2)	(2,0)	(3,0)	(4,0)	
(1,1)	(2,0)	(3,0)	(4,0)	
(1,1)	(2,0)	(3,0)	(4,0)	
(1,1)	(2,0)	(3,0)	(4,0)	
(1,1)	(2,0)	(3,0)	(4,0)	
(1,1)	(2,0)	(3,0)	(4,0)	
(1,1)	(2,0)	(3,0)	(4,0)	
avg	0.4	0.4	0.266667	0.533333	0.266667	165.2	168.533	141.6	199.733	169.067	216	212.267	209.867	197.2	218.4	188.933	206.267	213.6	206.667	174.933
delay	33.3333	6.66667	4.5	24	62	56.096	42.4549	48.1243	45.237	53.4132	39.3265	43.4777	38.2859	33.3635	48.1978	40.2913	56.137	42.5362	43.111	46.2485
loss	0	0	0.333333	0	0.333333	0.462272	0.409622	0.459267	0.251374	0.259346	0.211295	0.259414	0.280622	0.281553	0.234937	0.281298	0.330593	0.286732	0.260849	0.311286
Command ['/home/ubuntu/ns-3.30-obss/build/scratch/simple-ofdma-adhoc4', '--ofdmaEnabled=true', '--startTime=60', '--totalTime=120', '--dataMode=HeMcs1', '--datarate=6e5', '--clNum=20', '--ratio=0.375', '--RngRun=36'] terminated with signal SIGSEGV. Run it under a debugger to get more information (./waf --run <program> --command-template="gdb --args %s <args>").
