Waf: Entering directory `/home/ubuntu/ns-3.30-obss/build'
Waf: Leaving directory `/home/ubuntu/ns-3.30-obss/build'
Build commands will be stored in build/compile_commands.json
'build' finished successfully (0.980s)
--------------------------Rate[Kbps]--------------------------
Time[s]	cl-1	cl-2	cl-3	cl-4	cl-5	cl-6	cl-7	cl-8	cl-9	cl-10	cl-11	cl-12	cl-13	cl-14	cl-15	cl-16	cl-17	cl-18	cl-19	cl-20
60	15	9.6	15.8	18.6	12.6	18.2	17.4	14.4	16.4	15.2	16.8	17.2	16	16.2	13.2	14.4	15.8	16.6	13.8	13.4
61	0	0	0	0	0	392	0	352	232	0	272	112	184	0	280	144	0	0	88	256
62	0	0	0	0	0	72	24	208	216	264	96	0	400	232	216	168	136	256	392	296
63	0	0	0	0	0	376	208	160	0	368	216	328	48	368	360	128	0	264	328	144
64	0	0	0	0	0	360	400	160	352	88	144	376	184	192	16	0	256	0	328	80
65	0	0	0	0	0	368	184	168	48	352	56	144	48	160	176	136	376	288	328	192
66	0	0	0	0	0	104	160	384	112	264	392	400	168	120	384	128	336	304	88	360
67	0	0	0	0	0	176	0	248	184	400	224	64	40	400	152	272	368	80	0	0
68	0	0	0	0	0	200	216	264	184	208	360	0	0	160	16	0	176	176	56	160
69	0	0	0	0	0	104	112	80	320	8	328	0	312	0	40	32	352	400	104	56
70	0	0	0	0	0	80	0	88	40	80	112	96	216	312	120	32	248	8	64	232
71	0	0	0	0	0	400	240	320	328	120	360	8	0	280	328	16	0	144	112	264
72	0	0	0	0	0	112	200	400	272	320	88	88	368	0	152	0	232	48	400	232
73	0	0	0	0	8	104	176	152	8	192	56	96	392	376	192	32	360	24	104	0
74	0	0	0	0	0	272	152	272	0	0	0	0	272	272	0	200	0	72	0	184
75	0	0	0	0	0	72	264	280	248	448	600	184	24	320	176	384	264	96	72	384
76	0	0	0	0	0	176	312	384	160	208	240	184	344	88	192	216	272	272	184	384
77	0	0	0	0	0	248	272	24	0	400	144	104	248	0	0	160	160	392	296	64
78	0	0	8	0	0	136	208	344	112	152	336	152	400	104	344	352	296	400	288	120
79	8	0	0	0	0	56	400	360	192	192	24	168	296	312	48	296	336	264	88	320
80	0	8	0	0	0	304	272	88	368	392	352	232	344	360	320	160	112	112	240	72
81	0	0	0	0	0	312	152	192	152	24	136	0	232	144	320	72	0	384	176	328
82	0	0	0	0	0	408	0	56	104	56	192	104	160	16	312	400	296	48	104	360
83	0	0	0	8	0	96	40	344	0	248	176	408	328	0	160	200	288	168	168	0
84	0	0	0	0	0	232	80	160	216	232	232	320	288	64	256	376	344	384	400	8
85	0	0	0	0	0	320	304	0	24	304	80	152	208	216	32	88	376	336	184	0
86	0	0	0	0	0	184	400	72	120	0	216	16	0	376	352	256	360	368	40	384
87	0	0	0	0	8	40	328	192	112	232	64	128	232	264	336	104	16	0	240	376
88	0	0	0	0	0	152	0	304	272	360	0	120	96	280	264	240	88	120	104	184
89	0	0	0	0	0	208	136	152	256	232	8	400	336	248	56	272	360	192	200	376
90	0	0	0	0	0	232	80	392	264	232	88	376	96	216	88	192	336	24	0	40
91	0	0	0	0	0	200	256	120	160	320	344	368	264	120	248	208	0	96	192	240
92	0	0	0	0	0	336	320	384	112	96	336	24	400	240	200	96	152	288	56	272
93	0	0	8	0	0	64	392	56	80	400	120	8	304	368	328	176	304	392	104	8
94	0	8	0	0	0	344	240	96	336	304	384	208	368	400	88	192	0	64	0	64
95	0	0	0	0	0	120	280	8	0	88	80	0	112	88	128	288	48	360	176	344
96	0	0	0	0	0	168	40	280	128	320	296	48	64	128	184	400	0	112	336	120
97	8	0	0	0	0	184	136	176	0	8	240	16	144	184	272	264	264	8	16	184
98	0	0	0	0	0	376	32	336	296	160	120	320	56	192	280	248	288	32	48	0
99	0	0	0	8	0	232	0	144	24	264	232	384	400	8	120	272	200	224	232	344
100	0	0	0	0	0	360	152	200	8	216	160	192	384	328	96	112	256	224	24	80
101	0	0	0	0	8	232	104	208	72	48	312	96	40	368	256	72	80	272	160	320
102	0	0	0	0	0	8	88	0	368	320	16	160	8	112	176	240	168	80	104	392
103	0	0	0	0	0	64	0	248	280	16	352	16	360	136	24	384	0	184	32	360
104	0	0	0	0	0	128	312	336	168	336	336	304	0	312	128	80	136	176	336	384
105	0	0	0	0	0	360	224	184	152	40	232	376	288	344	376	56	312	0	88	288
106	0	0	0	0	0	0	72	224	0	104	384	40	352	336	168	352	296	368	136	96
107	0	0	0	0	0	208	0	288	80	192	384	264	272	368	368	256	168	312	88	120
108	0	8	0	0	0	216	320	216	0	176	248	0	184	304	184	400	392	32	336	344
109	0	0	8	0	0	0	392	192	8	384	0	152	0	136	216	224	120	48	152	256
110	0	0	0	0	0	8	24	336	64	200	168	264	232	200	264	136	136	168	264	136
111	0	0	0	0	0	80	48	344	112	48	360	272	160	328	192	32	352	72	240	40
112	0	0	0	0	0	256	80	384	184	384	128	0	184	344	328	392	368	368	0	144
113	0	0	0	0	0	0	256	248	208	40	360	80	32	392	384	288	304	376	16	344
114	8	0	0	0	0	264	376	0	360	176	248	56	384	128	16	168	304	400	240	176
115	0	0	0	0	0	120	232	320	176	0	144	400	200	200	72	312	64	16	120	224
116	0	0	0	8	0	280	128	80	208	120	312	56	152	152	24	0	360	32	80	288
117	0	0	0	0	0	152	184	232	216	120	360	184	0	0	240	8	136	384	112	336
118	0	0	0	0	0	256	304	296	128	0	192	288	144	160	288	352	64	368	336	168
119	0	0	0	0	0	200	80	0	104	344	320	0	376	336	248	168	96	288	112	368
120	0	0	0	0	0	336	104	152	232	328	368	392	400	240	224	144	216	272	208	64
(1,21009)	(2,1228)	(3,0)	(4,203)	
(1,4597)	(2,106)	(3,0)	(4,1)	
(1,5449)	(2,219)	(3,0)	(4,27)	
(1,5990)	(2,281)	(3,0)	(4,6)	
(1,5827)	(2,123)	(3,0)	(4,48)	
(1,1)	(2,0)	(3,0)	(4,0)	
(1,1)	(2,0)	(3,0)	(4,0)	
(1,1)	(2,0)	(3,0)	(4,0)	
(1,1)	(2,0)	(3,0)	(4,0)	
(1,1)	(2,0)	(3,0)	(4,0)	
(1,1)	(2,0)	(3,0)	(4,0)	
(1,1)	(2,0)	(3,0)	(4,0)	
(1,1)	(2,0)	(3,0)	(4,0)	
(1,1)	(2,0)	(3,0)	(4,0)	
(1,1)	(2,0)	(3,0)	(4,0)	
(1,1)	(2,0)	(3,0)	(4,0)	
(1,1)	(2,0)	(3,0)	(4,0)	
(1,1)	(2,0)	(3,0)	(4,0)	
(1,1)	(2,0)	(3,0)	(4,0)	
(1,1)	(2,0)	(3,0)	(4,0)	
(1,1)	(2,0)	(3,0)	(4,0)	
avg	0.4	0.4	0.4	0.4	0.4	197.467	174.933	211.467	152.667	198.8	218.8	162.133	208.8	213.867	196.8	189.6	205.467	194	158.667	206
delay	0.333333	0.333333	1	17	0.666667	6.90952	11.0206	5.52993	7.8786	13.1831	24.6069	13.5469	6.6258	7.13342	4.86111	8.33263	21.026	21.3237	4.38067	43.0583
loss	0	0	0	0	0	0.0288525	0.0331614	0.0221811	0.0370059	0.0355757	0.0386643	0.028754	0.0363077	0.0366366	0.0384365	0.0339674	0.0265319	0.039604	0.0340909	0.0515654
Command ['/home/ubuntu/ns-3.30-obss/build/scratch/simple-ofdma-adhoc4', '--ofdmaEnabled=true', '--startTime=60', '--totalTime=120', '--dataMode=HeMcs6', '--datarate=4e5', '--clNum=20', '--ratio=0.375', '--RngRun=19'] terminated with signal SIGSEGV. Run it under a debugger to get more information (./waf --run <program> --command-template="gdb --args %s <args>").
