Waf: Entering directory `/home/ubuntu/ns-3.30-obss/build'
Waf: Leaving directory `/home/ubuntu/ns-3.30-obss/build'
Build commands will be stored in build/compile_commands.json
'build' finished successfully (0.765s)
--------------------------Rate[Kbps]--------------------------
Time[s]	cl-1	cl-2	cl-3	cl-4	cl-5	cl-6	cl-7	cl-8	cl-9	cl-10	cl-11	cl-12	cl-13	cl-14	cl-15	cl-16	cl-17	cl-18	cl-19	cl-20
60	15.8	16.4	12.8	16.2	13.2	13.6	14.4	14.6	14.4	12.8	15.4	16.2	14.2	17	15	14.4	19	14.2	14	16
61	0	0	0	0	0	0	0	0	136	176	0	560	0	472	0	0	0	8	504	0
62	0	0	0	0	0	0	0	0	0	88	288	216	192	56	40	48	168	384	304	80
63	0	0	0	0	0	0	0	0	0	0	112	424	128	144	96	144	336	432	56	112
64	0	0	0	0	0	0	0	0	232	72	240	40	40	168	88	16	216	224	64	304
65	0	0	0	0	0	0	0	0	160	136	96	80	144	0	272	176	0	360	168	232
66	0	0	0	0	0	0	0	0	216	0	152	360	0	64	192	112	168	272	152	160
67	0	0	0	0	0	0	0	0	112	72	160	128	224	120	0	200	328	120	168	8
68	0	0	0	0	0	0	0	0	48	56	80	256	160	0	48	312	40	328	360	104
69	0	0	0	0	0	0	0	0	16	280	256	328	280	112	200	96	24	40	192	0
70	0	0	0	0	0	0	0	0	160	144	48	144	176	216	160	48	264	232	56	184
71	0	0	0	0	0	0	0	0	184	360	0	96	0	192	176	48	352	24	136	144
72	0	0	0	0	0	0	0	0	128	136	320	96	104	152	224	112	192	56	0	200
73	0	0	0	0	0	0	0	0	40	152	224	176	56	32	24	0	528	0	288	352
74	0	0	0	0	0	0	0	0	56	144	360	192	48	184	112	0	144	320	216	8
75	0	0	0	0	0	0	0	0	136	96	320	0	208	96	112	48	0	408	128	184
76	0	0	0	0	0	0	0	0	8	56	264	160	232	232	168	96	264	64	232	144
77	0	0	0	0	0	0	0	0	24	240	48	24	232	184	72	64	336	120	72	240
78	0	0	0	0	0	0	0	0	128	152	256	0	0	104	136	192	272	112	136	48
79	0	0	0	0	0	0	0	0	72	280	96	144	160	168	16	80	200	232	0	232
80	0	0	0	0	0	0	0	0	152	64	376	56	168	128	136	0	0	232	144	120
81	0	0	0	0	0	0	0	0	96	280	320	320	168	0	64	72	0	96	200	0
82	0	0	0	0	0	0	0	0	200	32	408	64	64	168	304	128	0	256	0	240
83	0	0	0	0	0	0	0	0	240	152	328	304	72	168	48	56	8	0	80	208
84	0	0	0	0	0	0	0	0	120	216	296	48	96	112	40	56	256	64	48	112
85	0	0	0	0	0	0	0	0	96	168	200	88	248	64	40	184	176	136	112	216
86	0	0	0	0	0	0	0	0	280	16	520	8	176	96	24	296	0	192	152	0
87	0	0	0	0	0	0	0	0	160	40	96	96	184	296	168	176	336	0	0	56
88	0	0	0	0	0	0	0	0	0	128	296	0	24	24	216	72	328	80	280	120
89	0	0	0	0	0	0	0	0	112	0	584	456	112	0	80	112	0	112	88	288
90	0	0	0	0	0	0	0	0	272	16	8	496	0	16	312	336	128	24	0	256
91	0	0	0	0	0	0	0	0	216	224	112	8	104	0	200	200	0	320	264	32
92	0	0	0	0	0	0	0	0	112	88	288	16	128	48	32	136	152	160	320	240
93	0	0	0	0	0	0	0	0	152	0	136	288	192	32	208	88	336	136	80	56
94	0	0	0	0	0	0	0	0	200	216	360	136	152	136	184	64	192	40	0	112
95	0	0	0	0	0	0	0	0	72	144	0	192	0	248	216	216	192	224	80	232
96	0	0	0	0	0	0	0	0	32	40	368	160	144	152	40	88	424	104	176	184
97	0	0	0	0	0	0	0	0	64	152	144	120	224	184	136	24	96	16	216	136
98	0	0	0	0	0	0	0	0	104	32	176	288	152	40	112	112	192	168	144	64
99	0	0	0	0	0	0	0	0	176	0	280	512	96	48	336	0	232	16	104	40
100	0	0	0	0	0	0	0	0	328	280	112	128	0	160	56	88	0	224	264	272
101	0	0	0	0	0	0	0	0	112	16	216	240	32	64	184	200	152	144	168	88
102	0	0	0	0	0	0	0	0	184	88	0	328	392	160	112	144	24	32	96	368
103	0	0	0	0	0	0	0	0	32	8	48	320	136	192	0	200	64	304	232	96
104	0	0	0	0	0	0	0	0	120	120	32	56	88	152	168	80	168	416	64	184
105	0	0	0	0	0	0	0	0	80	304	104	0	232	0	176	120	520	8	0	48
106	0	0	0	0	0	0	0	0	72	24	248	320	136	56	152	152	336	104	64	128
107	0	0	0	0	0	0	0	0	304	8	16	464	40	288	112	112	288	8	104	88
108	0	0	0	0	0	0	0	0	32	96	264	136	136	208	128	80	264	128	176	128
109	0	0	0	0	0	0	0	0	216	80	248	184	32	0	240	112	160	208	72	128
110	0	0	0	0	0	0	0	0	128	288	408	128	152	24	64	64	96	0	96	312
111	0	0	0	0	0	0	0	0	80	56	96	104	96	136	24	208	184	472	8	256
112	0	0	0	0	0	0	0	0	16	264	352	0	64	96	32	0	456	176	120	88
113	0	0	0	0	0	0	0	0	136	152	272	112	48	96	200	120	48	240	16	232
114	0	0	0	0	0	0	0	0	16	120	416	512	56	176	0	160	48	216	104	40
115	0	0	0	0	0	0	0	0	56	200	144	48	200	208	8	184	192	296	72	112
116	0	0	0	0	0	0	0	0	16	8	312	240	136	208	0	208	224	304	40	192
117	0	0	0	0	0	0	0	0	240	304	48	200	168	224	64	144	272	0	112	96
118	0	0	0	0	0	0	0	0	32	48	192	376	200	184	304	160	368	16	24	0
119	0	0	0	0	0	0	0	0	120	72	96	264	176	40	144	128	80	104	152	176
120	0	0	0	0	0	0	0	0	64	128	96	48	288	232	56	272	96	472	0	24
(1,1756)	(2,47)	(3,0)	(4,8749)	
(1,2363)	(2,2560)	(3,0)	(4,1365)	
(1,2278)	(2,2540)	(3,0)	(4,1442)	
(1,1348)	(2,584)	(3,0)	(4,71)	
(1,1959)	(2,882)	(3,0)	(4,77)	
(1,1480)	(2,611)	(3,0)	(4,69)	
(1,1446)	(2,595)	(3,0)	(4,51)	
(1,1983)	(2,766)	(3,0)	(4,52)	
(1,1578)	(2,664)	(3,0)	(4,60)	
(1,1)	(2,0)	(3,0)	(4,0)	
(1,1)	(2,0)	(3,0)	(4,0)	
(1,1)	(2,0)	(3,0)	(4,0)	
(1,1)	(2,0)	(3,0)	(4,0)	
(1,2)	(2,0)	(3,0)	(4,0)	
(1,1)	(2,0)	(3,0)	(4,0)	
(1,1)	(2,0)	(3,0)	(4,0)	
(1,1)	(2,0)	(3,0)	(4,0)	
(1,1)	(2,0)	(3,0)	(4,0)	
(1,1)	(2,0)	(3,0)	(4,0)	
(1,1)	(2,0)	(3,0)	(4,0)	
(1,1)	(2,0)	(3,0)	(4,0)	
avg	0	0	0	0	0	0	0	0	118.267	121.867	205.6	188.133	128.267	126	120.933	119.067	182	166.4	128.4	141.733
delay	0.291139	0.390244	0.84375	0.814815	0.863636	0.852941	0.819444	0.808219	461.344	472.891	465.804	438.023	473.68	453.871	460.788	463.932	469.892	459.337	433.331	463.606
loss	0	0	0	0	0.0149254	0	0	0	0.711451	0.70121	0.555748	0.565244	0.703897	0.708526	0.721779	0.715736	0.583841	0.594315	0.723831	0.71169
Command ['/home/ubuntu/ns-3.30-obss/build/scratch/simple-ofdma-adhoc4', '--ofdmaEnabled=true', '--startTime=60', '--totalTime=120', '--dataMode=HeMcs1', '--datarate=10e5', '--ratio=0.375', '--RngRun=32', '--locationFile=my-simulations/8_ofdma7/txt/locationFile232.txt', '--routingFile=my-simulations/8_ofdma7/txt/routingFile232.txt'] terminated with signal SIGSEGV. Run it under a debugger to get more information (./waf --run <program> --command-template="gdb --args %s <args>").
