Waf: Entering directory `/home/ubuntu/ns-3.30-obss/build'
Waf: Leaving directory `/home/ubuntu/ns-3.30-obss/build'
Build commands will be stored in build/compile_commands.json
'build' finished successfully (0.761s)
--------------------------Rate[Kbps]--------------------------
Time[s]	cl-1	cl-2	cl-3	cl-4	cl-5	cl-6	cl-7	cl-8	cl-9	cl-10
60	16.4	15.4	16.6	15.4	14.2	15	15.8	12.2	13.2	15
61	0	0	0	0	0	160	48	72	144	64
62	0	0	168	0	152	0	0	152	72	200
63	0	0	104	56	88	152	40	104	48	184
64	0	0	136	96	72	96	8	48	24	24
65	0	0	184	200	160	192	0	24	200	152
66	0	0	104	96	104	48	104	136	104	48
67	0	0	160	72	56	40	0	160	120	64
68	0	0	24	184	120	112	200	144	16	152
69	0	0	0	112	112	80	72	192	0	0
70	0	0	200	32	200	176	96	200	96	96
71	0	0	32	80	88	56	96	96	152	48
72	0	0	152	168	200	24	160	72	24	160
73	0	0	24	88	32	128	72	144	0	152
74	0	0	40	112	72	0	0	128	80	128
75	0	0	128	200	8	56	64	120	200	48
76	0	0	0	24	184	200	112	112	48	160
77	0	0	40	144	168	176	56	136	184	168
78	0	0	16	200	176	40	192	168	0	0
79	0	0	112	72	32	64	128	136	40	40
80	0	0	80	112	56	136	144	104	0	0
81	0	0	80	24	64	104	160	112	144	56
82	0	0	152	96	192	200	136	152	56	200
83	0	0	112	0	200	0	24	0	152	32
84	0	0	48	112	112	112	56	0	104	8
85	0	0	200	144	8	48	24	88	40	160
86	0	0	88	0	16	88	160	112	200	176
87	0	0	56	112	200	200	136	160	128	184
88	0	0	96	8	120	128	136	64	88	80
89	0	0	120	136	168	200	0	104	48	80
90	0	0	0	56	200	24	104	184	104	120
91	0	0	24	48	152	96	0	152	160	128
92	0	0	144	32	0	80	104	112	104	88
93	0	0	64	200	48	40	120	168	200	200
94	0	0	168	64	80	0	0	16	136	40
95	0	0	32	56	40	104	0	0	200	136
96	0	0	0	64	64	144	16	56	16	72
97	0	0	72	80	0	40	24	192	200	8
98	0	0	0	0	136	88	16	40	160	72
99	0	0	64	168	104	96	24	88	16	104
100	0	0	120	56	0	48	56	200	104	192
101	0	0	160	24	104	16	16	88	64	104
102	0	0	40	136	104	112	112	200	32	56
103	0	0	168	128	56	24	0	0	16	0
104	0	0	200	112	40	96	120	72	16	184
105	0	0	168	8	192	64	8	32	104	88
106	0	0	104	96	168	136	96	208	0	16
107	0	0	200	48	200	32	64	56	176	152
108	0	0	88	112	72	112	192	8	168	200
109	0	0	104	200	80	200	120	136	32	80
110	0	0	0	144	200	80	48	192	72	96
111	0	0	88	16	32	0	16	168	48	128
112	0	0	200	24	0	24	96	56	0	200
113	0	0	72	8	192	40	64	88	96	152
114	0	0	144	0	112	32	160	48	0	64
115	0	0	104	120	104	160	0	56	136	200
116	0	0	200	64	32	96	176	32	192	56
117	0	0	40	64	104	176	40	112	0	32
118	0	0	0	136	168	48	200	64	144	16
119	0	0	136	88	16	184	96	120	128	64
120	0	0	160	0	176	168	96	0	80	0
(1,6344)	(2,4)	(3,0)	(4,0)	
(1,3105)	(2,12)	(3,0)	(4,0)	
(1,2985)	(2,37)	(3,0)	(4,0)	
(1,1)	(2,0)	(3,0)	(4,0)	
(1,1)	(2,0)	(3,0)	(4,0)	
(1,1)	(2,0)	(3,0)	(4,0)	
(1,1)	(2,0)	(3,0)	(4,0)	
(1,1)	(2,0)	(3,0)	(4,0)	
(1,1)	(2,0)	(3,0)	(4,0)	
(1,1)	(2,0)	(3,0)	(4,0)	
(1,1)	(2,0)	(3,0)	(4,0)	
avg	0	0	95.3333	83.8667	102.267	92.9333	76.8	103.067	90.2667	98.5333
delay	0.243902	0.233766	0.993007	0.955485	0.946545	0.94835	0.975694	1.00388	0.961595	0.985115
loss	0	0	0.00556328	0.00788644	0.00260078	0.00570613	0.0120069	0.00258065	0.00294551	0.00538358
Command ['/home/ubuntu/ns-3.30-obss/build/scratch/simple-ofdma-adhoc4', '--ofdmaEnabled=true', '--startTime=60', '--totalTime=120', '--dataMode=HeMcs7', '--datarate=2e5', '--ratio=0.375', '--RngRun=32', '--locationFile=my-simulations/8_ofdma7/txt/locationFile24.txt', '--routingFile=my-simulations/8_ofdma7/txt/routingFile24.txt'] terminated with signal SIGSEGV. Run it under a debugger to get more information (./waf --run <program> --command-template="gdb --args %s <args>").
