Waf: Entering directory `/home/ubuntu/ns-3.30-obss/build'
Waf: Leaving directory `/home/ubuntu/ns-3.30-obss/build'
Build commands will be stored in build/compile_commands.json
'build' finished successfully (0.839s)
--------------------------Rate[Kbps]--------------------------
Time[s]	cl-1	cl-2	cl-3	cl-4	cl-5	cl-6	cl-7	cl-8	cl-9	cl-10	cl-11	cl-12
60	19.4	14.6	14.6	15	15.8	13	15.4	19.6	13.4	14.2	12.4	17
61	0	0	112	32	32	184	80	96	0	0	96	152
62	0	0	152	40	136	200	160	72	152	56	200	192
63	0	0	0	0	144	120	168	80	80	128	8	80
64	0	0	88	32	24	192	88	120	56	96	72	112
65	0	0	136	16	72	200	32	152	24	16	72	200
66	0	0	0	200	64	40	200	168	200	120	120	128
67	0	0	128	48	192	8	16	80	168	144	200	128
68	0	0	128	72	152	160	40	200	192	8	56	40
69	0	0	8	64	168	120	168	56	48	64	0	16
70	0	0	200	136	96	48	200	176	192	136	160	0
71	0	0	96	88	192	0	32	72	176	8	144	96
72	0	0	72	16	64	56	56	88	144	48	152	32
73	0	0	72	152	64	40	96	120	0	0	120	16
74	0	0	168	64	168	136	200	96	176	160	0	24
75	0	0	40	48	152	200	128	16	184	128	120	88
76	0	0	48	184	112	48	104	128	56	56	16	56
77	0	0	200	128	144	144	200	192	152	120	112	80
78	0	0	72	24	96	200	120	40	112	128	24	56
79	0	0	0	160	80	16	184	128	160	136	0	0
80	0	0	128	104	0	128	200	88	8	56	112	160
81	0	0	56	24	64	160	120	0	72	96	192	152
82	0	0	200	64	200	168	64	96	48	120	80	8
83	0	0	88	96	48	16	80	56	24	176	120	96
84	0	0	160	184	88	24	24	0	88	88	112	56
85	0	0	48	16	8	80	136	8	0	152	200	192
86	0	0	0	120	112	200	144	16	152	64	88	128
87	0	0	192	0	128	32	32	96	72	56	184	0
88	0	0	16	184	0	0	16	112	128	88	0	64
89	0	0	136	200	8	72	24	16	64	0	112	64
90	0	0	40	120	0	88	96	104	144	152	152	200
91	0	0	0	80	16	144	200	128	8	128	120	136
92	0	0	40	184	80	96	136	144	184	152	128	64
93	0	0	88	136	32	200	112	0	168	64	72	32
94	0	0	56	88	8	32	192	16	0	48	200	200
95	0	0	0	200	200	152	72	144	168	200	112	88
96	0	0	144	160	176	136	176	24	64	104	0	48
97	0	0	192	96	200	112	0	128	0	0	152	192
98	0	0	40	200	56	0	48	0	64	24	184	136
99	0	0	120	64	96	96	152	136	40	128	192	80
100	0	0	24	0	0	192	200	160	0	0	56	24
101	0	0	88	56	72	16	72	128	40	40	72	88
102	0	0	192	136	152	120	168	0	8	184	64	112
103	0	0	96	72	144	0	144	120	64	176	32	192
104	0	0	32	160	40	128	80	200	144	0	96	112
105	0	0	120	104	112	184	80	48	40	168	200	56
106	0	0	32	192	88	112	32	72	88	104	96	200
107	0	0	16	104	104	40	168	200	200	120	56	144
108	0	0	8	0	80	48	8	40	192	8	0	136
109	0	0	144	136	56	184	96	40	0	152	40	0
110	0	0	120	200	184	112	112	8	136	96	176	136
111	0	0	72	184	72	144	192	56	200	24	48	16
112	0	0	56	0	120	40	200	8	16	80	24	40
113	0	0	120	176	0	192	160	104	64	80	152	112
114	0	0	0	0	168	0	0	144	200	120	200	0
115	0	0	136	24	72	16	160	0	144	112	24	200
116	0	0	96	104	120	0	56	48	0	120	200	56
117	0	0	0	200	144	160	16	72	96	112	104	16
118	0	0	96	32	16	168	56	40	176	128	200	72
119	0	0	32	56	96	192	64	40	64	96	176	80
120	0	0	200	8	200	0	8	0	160	120	184	80
(1,8034)	(2,39)	(3,0)	(4,0)	
(1,3911)	(2,57)	(3,0)	(4,0)	
(1,3822)	(2,44)	(3,0)	(4,0)	
(1,1)	(2,0)	(3,0)	(4,0)	
(1,1)	(2,0)	(3,0)	(4,0)	
(1,1)	(2,0)	(3,0)	(4,0)	
(1,1)	(2,0)	(3,0)	(4,0)	
(1,1)	(2,0)	(3,0)	(4,0)	
(1,1)	(2,0)	(3,0)	(4,0)	
(1,1)	(2,0)	(3,0)	(4,0)	
(1,1)	(2,0)	(3,0)	(4,0)	
(1,1)	(2,0)	(3,0)	(4,0)	
(1,1)	(2,0)	(3,0)	(4,0)	
avg	0	0	85.7333	96.1333	95.2	101.6	106.133	82	96.6667	91.4667	106.4	91.0667
delay	0.257732	0.246575	1.45412	1.44938	1.33754	1.37533	1.36432	1.40488	1.37931	1.38338	1.3609	1.41288
loss	0	0	0.00464396	0.00414365	0.0013986	0.00522193	0.0062422	0.00806452	0.00412088	0.0057971	0.00622665	0.0101449
Command ['/home/ubuntu/ns-3.30-obss/build/scratch/simple-ofdma-adhoc4', '--ofdmaEnabled=true', '--startTime=60', '--totalTime=120', '--dataMode=HeMcs3', '--datarate=2e5', '--ratio=0.375', '--RngRun=32', '--locationFile=my-simulations/8_ofdma7/txt/locationFile25.txt', '--routingFile=my-simulations/8_ofdma7/txt/routingFile25.txt'] terminated with signal SIGSEGV. Run it under a debugger to get more information (./waf --run <program> --command-template="gdb --args %s <args>").
