Waf: Entering directory `/home/ubuntu/ns-3.30-obss/build'
Waf: Leaving directory `/home/ubuntu/ns-3.30-obss/build'
Build commands will be stored in build/compile_commands.json
'build' finished successfully (0.669s)
--------------------------Rate[Kbps]--------------------------
Time[s]	cl-1	cl-2	cl-3	cl-4	cl-5	cl-6	cl-7	cl-8	cl-9	cl-10	cl-11	cl-12	cl-13	cl-14	cl-15	cl-16	cl-17	cl-18	cl-19	cl-20
60	17.4	15.4	14.6	16.4	17.2	16.2	16	15.8	13.4	16.8	12.8	13.2	18.2	10	14	16.4	14.6	10.4	14.6	19.6
61	0	0	0	0	0	312	0	312	256	256	560	304	0	0	424	0	448	0	320	0
62	0	0	0	0	0	152	192	152	120	464	776	8	8	712	720	280	32	616	0	360
63	0	0	0	0	0	8	264	88	48	592	288	64	576	424	272	544	648	208	312	512
64	0	0	0	0	0	472	624	384	88	248	0	168	672	200	312	64	416	88	64	0
65	0	0	0	0	0	264	176	344	480	296	544	472	504	0	0	16	616	256	608	48
66	0	0	0	0	0	72	448	32	648	592	568	728	600	32	184	656	384	496	16	0
67	0	0	0	0	0	176	280	336	616	288	648	424	352	96	0	200	32	144	552	544
68	0	0	0	0	0	0	384	216	560	664	296	552	664	504	432	0	496	208	376	112
69	0	0	0	0	0	168	312	24	0	40	0	152	560	640	400	848	784	360	56	184
70	0	0	0	0	0	312	128	216	352	424	64	640	632	0	0	64	704	560	624	472
71	0	0	0	0	0	0	64	480	384	48	104	456	640	352	216	320	128	184	192	480
72	0	0	0	0	0	312	184	184	344	200	568	592	464	64	416	0	368	528	272	256
73	0	0	0	0	0	256	256	320	424	528	8	80	328	336	576	232	544	576	536	0
74	0	0	8	0	0	88	472	0	24	280	72	120	1048	672	432	968	568	632	392	472
75	0	0	0	0	0	248	16	272	272	432	168	0	40	32	0	672	296	288	488	440
76	8	0	0	8	0	0	0	624	360	72	0	504	104	856	152	0	160	0	256	416
77	0	0	0	0	0	96	88	280	664	592	432	0	648	440	96	224	664	248	360	24
78	0	0	0	0	8	136	176	200	368	672	464	488	280	0	584	728	336	360	504	248
79	0	0	0	0	0	184	552	0	776	592	32	272	512	136	0	344	568	512	528	8
80	0	8	0	0	0	200	384	184	576	136	48	120	464	576	80	168	424	248	0	440
81	0	0	0	0	0	264	208	432	288	0	96	680	408	632	456	0	128	392	552	88
82	0	0	0	0	0	48	480	208	112	440	432	456	312	72	416	240	384	240	456	248
83	0	0	0	0	0	304	344	0	496	136	528	368	160	112	320	320	416	224	208	664
84	0	0	0	0	0	440	0	184	456	304	472	496	40	376	248	368	656	576	96	232
85	0	0	0	0	0	128	264	232	416	0	504	288	96	696	0	656	552	176	496	0
86	0	0	0	0	0	264	240	192	280	616	624	104	144	592	144	472	544	80	112	496
87	0	0	0	0	0	192	144	32	192	808	400	352	536	184	872	704	248	296	112	448
88	0	0	8	0	0	136	152	312	0	0	320	288	688	480	160	456	528	728	432	0
89	0	0	0	0	0	200	168	64	248	448	168	728	224	208	16	720	752	0	672	344
90	0	0	0	0	0	88	360	336	384	144	16	192	624	600	408	512	216	344	312	384
91	0	0	0	0	0	144	272	168	288	608	432	248	280	288	296	248	288	312	544	544
92	8	0	0	0	0	288	224	400	48	336	184	248	432	568	336	664	456	0	232	264
93	0	8	0	8	0	312	0	0	608	256	744	272	496	88	272	128	608	312	744	624
94	0	0	0	0	8	216	144	88	88	320	336	136	0	520	432	824	312	680	480	0
95	0	0	0	0	0	24	0	8	624	560	248	792	640	336	200	552	336	408	728	264
96	0	0	0	0	0	248	280	312	576	8	624	0	312	128	280	360	376	424	184	200
97	0	0	0	0	0	88	48	176	408	312	584	72	736	664	776	264	640	48	720	80
98	0	0	0	0	0	0	488	168	512	592	776	40	0	80	288	120	304	288	544	624
99	0	0	0	0	0	216	64	32	424	456	576	456	64	656	152	272	184	664	424	744
100	0	0	8	0	0	200	152	56	80	408	128	528	504	576	472	536	496	496	40	536
101	0	0	0	0	0	296	336	296	160	536	704	608	464	528	504	376	472	248	272	8
102	0	0	0	0	0	472	0	448	768	656	248	64	160	0	176	432	224	160	464	264
103	0	0	0	0	0	40	104	0	360	576	768	576	336	264	376	32	688	272	728	472
104	0	0	0	0	0	208	56	200	472	0	664	88	352	192	376	328	624	608	488	704
105	0	0	0	0	0	248	32	368	144	64	616	288	544	768	0	232	584	592	544	456
106	0	8	0	0	0	360	248	24	608	472	0	0	368	416	272	464	184	336	0	624
107	0	0	0	8	0	16	152	496	520	400	72	448	56	480	0	608	344	200	448	456
108	0	0	0	0	0	144	0	288	664	392	248	744	472	296	584	288	648	200	0	544
109	0	0	0	0	0	16	144	160	0	520	56	456	696	392	720	592	536	592	240	800
110	0	0	0	0	8	96	0	192	600	264	184	32	768	712	320	736	688	344	288	440
111	0	0	0	0	0	0	416	0	0	0	128	528	488	824	600	168	184	0	272	336
112	0	0	0	0	0	8	96	0	600	592	840	568	744	0	784	216	752	112	392	120
113	0	0	0	0	0	96	232	232	136	0	464	528	528	304	136	152	560	192	0	768
114	0	0	0	0	0	160	400	144	352	288	296	544	24	128	504	32	656	224	576	552
115	0	0	8	0	0	368	112	328	336	680	712	552	64	192	568	128	256	600	8	200
116	0	0	0	0	0	40	304	120	736	40	360	480	320	304	0	24	288	736	320	224
117	0	0	0	0	0	0	128	0	528	488	800	304	608	480	648	480	328	488	576	512
118	0	0	0	0	0	56	160	224	304	680	392	0	736	448	464	0	224	72	720	664
119	0	0	0	0	0	24	272	144	128	416	776	384	504	176	88	608	432	224	328	152
120	0	8	0	0	0	320	0	8	704	0	256	232	376	488	0	640	112	736	64	424
avg	0.266667	0.533333	0.533333	0.4	0.4	170.4	203.733	195.333	366.8	353.867	373.6	338.533	406.667	355.333	316	354.667	430.4	335.6	354.533	342
delay	58	5.75	116	6	23.6667	47.9241	51.072	41.1918	35.5961	42.4665	31.2006	41.8326	35.8026	40.3629	50.1084	37.3733	44.066	45.3169	39.8488	28.0171
loss	0	0	0	0	0	0.565897	0.527374	0.558336	0.265028	0.267053	0.240239	0.250148	0.258268	0.261977	0.243778	0.249436	0.286567	0.276437	0.274884	0.250365
Command ['/home/ubuntu/ns-3.30-obss/build/scratch/simple-ofdma-adhoc2', '--ofdmaEnabled=true', '--startTime=60', '--totalTime=120', '--dataMode=HeMcs7', '--datarate=10e5', '--clNum=20', '--ratio=0.375', '--RngRun=128'] terminated with signal SIGSEGV. Run it under a debugger to get more information (./waf --run <program> --command-template="gdb --args %s <args>").
