Waf: Entering directory `/home/ubuntu/ns-3.30-obss/build'
Waf: Leaving directory `/home/ubuntu/ns-3.30-obss/build'
Build commands will be stored in build/compile_commands.json
'build' finished successfully (0.690s)
--------------------------Rate[Kbps]--------------------------
Time[s]	cl-1	cl-2	cl-3	cl-4	cl-5	cl-6	cl-7	cl-8	cl-9	cl-10	cl-11	cl-12	cl-13	cl-14	cl-15	cl-16	cl-17	cl-18	cl-19	cl-20
60	16.6	16.6	12	14.2	12.4	13.8	13.4	12.4	16.4	14.2	14	17.2	12.6	14.4	15.2	14.4	13.8	15.6	12.4	15.2
61	0	0	0	0	0	0	144	0	200	704	640	0	168	88	496	592	432	712	400	48
62	0	0	0	0	0	496	464	224	544	64	320	176	440	552	600	336	104	536	368	336
63	0	0	0	0	0	320	280	336	0	0	48	200	48	232	0	136	208	336	328	504
64	0	0	0	0	0	64	608	72	224	584	280	608	704	648	248	0	72	768	504	200
65	0	0	0	0	0	664	360	528	376	584	48	368	264	656	296	584	176	160	88	64
66	0	0	0	0	0	536	192	32	696	792	392	24	0	0	816	688	192	760	832	304
67	0	0	0	0	0	80	640	176	712	680	792	128	64	112	256	168	224	584	168	592
68	0	0	0	0	0	632	32	400	216	664	0	0	264	384	0	704	208	600	576	464
69	0	0	0	0	0	208	672	16	304	608	368	248	760	56	744	288	728	544	216	520
70	0	0	0	0	0	504	392	304	112	0	632	880	624	0	600	216	248	576	520	624
71	0	0	0	0	0	56	728	296	824	264	104	232	264	208	264	640	112	624	0	544
72	0	0	0	0	0	192	360	312	320	728	480	24	792	696	168	672	768	104	232	744
73	8	0	0	8	0	40	536	344	104	584	344	200	496	656	568	776	96	288	104	600
74	0	0	0	0	0	888	544	0	192	536	528	0	40	520	280	720	232	0	0	584
75	0	0	0	0	0	640	0	32	0	880	352	96	176	96	776	192	584	400	520	120
76	0	0	0	0	0	160	128	40	504	280	624	408	520	760	488	664	496	504	224	232
77	0	0	0	0	0	560	712	256	128	560	152	80	776	760	744	152	120	0	184	136
78	0	0	0	0	0	176	168	80	728	776	784	0	152	416	616	360	352	512	808	0
79	0	8	0	0	0	456	448	576	464	0	480	480	168	720	304	632	48	848	40	136
80	0	0	0	0	0	304	712	712	472	88	304	448	640	224	744	296	40	656	232	0
81	0	0	0	0	0	448	272	504	400	24	240	392	608	0	736	736	48	672	136	400
82	0	0	0	0	0	160	320	424	0	0	224	664	416	72	32	224	888	680	112	0
83	0	0	0	0	0	568	16	48	408	216	80	0	24	192	792	32	760	512	312	624
84	0	0	0	0	0	496	328	264	104	0	656	784	312	184	616	552	0	536	576	0
85	0	0	0	0	0	616	504	696	0	344	144	456	888	856	312	208	264	408	0	352
86	0	0	0	0	0	592	304	304	712	48	360	0	584	560	16	240	128	432	224	96
87	0	0	0	0	0	528	376	168	400	696	320	272	728	216	528	648	64	616	424	384
88	0	0	0	0	0	192	392	288	104	352	696	760	424	424	520	664	792	240	0	416
89	8	0	0	0	0	384	0	232	856	48	472	456	152	808	0	840	312	0	64	160
90	0	0	0	0	0	176	32	152	288	416	392	48	0	304	120	392	0	152	0	32
91	0	0	0	0	0	464	136	344	360	240	672	344	472	560	184	24	672	768	576	760
92	0	0	0	0	8	392	568	584	264	0	312	104	0	312	416	144	304	640	280	432
93	0	8	0	0	0	224	632	664	328	816	536	656	384	360	0	400	336	72	0	488
94	0	0	0	0	0	224	0	16	0	232	464	24	312	504	8	464	120	208	24	520
95	0	0	0	0	0	48	184	616	592	800	496	528	448	264	224	696	704	544	240	224
96	0	0	8	0	0	0	648	272	744	720	408	0	368	776	80	848	616	240	48	360
97	0	0	0	0	0	416	576	232	360	64	0	616	0	0	80	272	232	864	64	864
98	0	0	0	0	0	624	184	192	496	184	704	272	112	160	224	200	824	632	0	328
99	0	0	0	0	0	432	0	600	336	472	280	0	656	320	648	656	776	456	424	64
100	0	0	0	0	0	432	416	64	520	440	712	576	320	144	512	304	216	0	664	352
101	8	0	0	0	0	216	496	0	672	240	552	792	0	808	0	520	664	336	0	616
102	0	0	0	0	0	160	120	152	160	624	240	104	536	392	496	384	672	0	272	696
103	0	0	0	0	0	496	96	464	704	424	440	600	264	488	528	104	568	664	56	160
104	0	0	0	0	0	384	0	200	392	176	48	248	384	48	440	112	328	208	80	48
105	0	0	0	0	0	104	304	352	264	752	832	600	320	744	360	208	464	296	120	224
106	0	0	0	0	0	392	344	640	544	40	240	752	784	88	0	608	816	96	104	168
107	0	0	0	0	0	72	672	672	120	0	72	320	648	456	648	240	128	136	240	352
108	0	0	0	0	8	56	160	160	592	696	248	568	336	0	696	760	656	0	440	112
109	0	0	8	0	0	456	8	80	200	256	296	64	64	216	400	368	72	272	240	80
110	0	0	0	0	0	72	320	72	328	752	592	216	776	600	472	432	736	336	720	328
111	0	0	0	0	0	512	464	0	824	464	560	800	576	304	0	368	48	320	688	376
112	0	0	0	0	0	80	608	408	376	432	352	192	456	224	408	96	320	544	792	784
113	0	8	0	0	0	176	112	672	0	808	320	504	192	112	696	576	560	536	0	552
114	0	0	0	0	0	592	440	344	40	472	0	864	408	240	432	616	0	440	136	688
115	8	0	0	0	0	336	520	296	96	192	648	416	224	584	728	192	576	216	360	520
116	0	0	0	0	0	368	408	72	96	56	296	336	264	480	624	0	504	632	456	176
117	0	0	0	0	0	264	400	0	456	312	0	32	16	336	448	520	0	128	192	192
118	0	0	0	0	8	0	128	440	144	784	472	344	64	168	496	424	520	392	248	248
119	0	0	0	0	0	592	464	288	200	208	720	0	584	320	776	744	80	480	216	240
120	0	0	0	0	0	392	80	432	0	456	128	392	664	408	376	448	720	368	24	504
(1,23826)	(2,9016)	(3,0)	(4,2438)	
(1,7313)	(2,1005)	(3,0)	(4,114)	
(1,9465)	(2,1333)	(3,0)	(4,74)	
(1,8851)	(2,2016)	(3,0)	(4,97)	
(1,9158)	(2,1214)	(3,0)	(4,83)	
(1,6151)	(2,1022)	(3,0)	(4,94)	
(1,1)	(2,0)	(3,0)	(4,0)	
(1,1)	(2,0)	(3,0)	(4,0)	
(1,1)	(2,0)	(3,0)	(4,0)	
(1,1)	(2,0)	(3,0)	(4,0)	
(1,1)	(2,0)	(3,0)	(4,0)	
(1,1)	(2,0)	(3,0)	(4,0)	
(1,1)	(2,0)	(3,0)	(4,0)	
(1,1)	(2,0)	(3,0)	(4,0)	
(1,1)	(2,0)	(3,0)	(4,0)	
(1,1)	(2,0)	(3,0)	(4,0)	
(1,1)	(2,0)	(3,0)	(4,0)	
(1,1)	(2,0)	(3,0)	(4,0)	
(1,1)	(2,0)	(3,0)	(4,0)	
(1,1)	(2,0)	(3,0)	(4,0)	
(1,1)	(2,0)	(3,0)	(4,0)	
avg	0.533333	0.4	0.266667	0.133333	0.4	335.2	335.867	285.733	343.333	393.867	381.6	328.267	368.8	363.6	401.333	418	365.467	409.733	264.933	344.533
delay	1.5	2	217.5	0	2	46.7013	19.3873	29.1101	36.2909	24.5824	22.2963	18.5209	26.8811	27.4146	23.7569	26.7223	17.8657	26.7348	21.0262	24.94
loss	0	0	0.333333	0.666667	0.25	0.256653	0.23821	0.292038	0.144802	0.156196	0.151749	0.13091	0.158759	0.145096	0.132776	0.148751	0.147169	0.15087	0.161249	0.165644
Command ['/home/ubuntu/ns-3.30-obss/build/scratch/simple-ofdma-adhoc4', '--ofdmaEnabled=true', '--startTime=60', '--totalTime=120', '--dataMode=HeMcs6', '--datarate=9e5', '--clNum=20', '--ratio=0.375', '--RngRun=29'] terminated with signal SIGSEGV. Run it under a debugger to get more information (./waf --run <program> --command-template="gdb --args %s <args>").
