Waf: Entering directory `/home/ubuntu/ns-3.30-obss/build'
Waf: Leaving directory `/home/ubuntu/ns-3.30-obss/build'
Build commands will be stored in build/compile_commands.json
'build' finished successfully (0.385s)
--------------------------Rate[Kbps]--------------------------
Time[s]	cl-1	cl-2	cl-3	cl-4	cl-5	cl-6	cl-7	cl-8	cl-9	cl-10	cl-11	cl-12	cl-13	cl-14	cl-15	cl-16	cl-17	cl-18	cl-19	cl-20
60	16.6	16.4	12	14.2	12.4	13.8	13.4	12.4	16.4	14.2	13.8	17.2	12.6	14.4	15.4	14.6	13.8	15.6	12.4	15.2
61	336	344	336	336	320	240	208	216	272	216	216	224	280	248	232	248	272	256	176	216
62	352	352	352	352	336	280	232	248	320	304	288	288	280	296	264	272	280	288	256	280
63	352	352	352	352	328	216	232	240	336	296	256	272	312	288	272	320	336	264	224	272
64	344	344	344	344	328	136	224	184	296	232	192	216	248	280	200	224	288	280	184	208
65	352	352	352	352	320	304	192	208	144	288	264	272	336	248	184	200	312	240	192	248
66	352	352	352	352	328	288	224	248	472	280	272	280	296	224	216	232	264	264	192	208
67	352	352	352	352	304	208	168	184	312	248	208	248	288	256	184	224	248	288	176	176
68	336	336	336	336	328	208	240	216	328	264	208	216	72	296	192	216	304	248	184	240
69	352	352	344	352	312	264	224	216	256	280	240	264	552	248	224	264	320	272	232	256
70	352	352	344	352	336	224	208	208	264	184	176	216	264	288	232	232	272	256	200	232
71	352	352	352	352	304	208	192	176	304	272	232	264	328	248	192	232	296	296	208	208
72	344	344	336	344	352	256	232	224	304	272	248	280	320	256	208	248	112	272	192	208
73	352	352	352	352	320	216	208	200	312	232	248	256	288	256	192	216	448	264	184	208
74	352	352	344	352	320	176	200	192	296	288	272	264	264	240	200	224	280	232	168	192
75	352	344	352	352	312	296	200	208	304	280	256	264	320	280	224	248	272	256	216	280
76	344	344	344	344	304	240	208	192	288	256	208	216	328	304	240	240	328	240	184	224
77	352	352	352	352	344	224	224	200	168	264	216	240	328	264	200	280	304	232	168	208
78	352	352	352	352	320	248	192	208	496	272	232	248	280	272	200	224	280	248	192	232
79	352	352	352	352	328	208	232	240	216	272	240	280	288	232	200	240	256	296	224	256
80	336	336	328	336	288	216	192	176	392	248	216	256	304	264	216	248	296	232	176	216
81	352	352	352	352	328	232	184	184	320	280	256	272	288	240	192	208	288	216	176	240
82	352	352	328	352	304	208	200	208	272	264	240	264	312	248	224	240	288	248	208	208
83	352	352	344	352	328	216	224	224	280	256	240	256	320	296	264	296	272	264	232	232
84	336	336	336	336	312	264	200	200	296	256	224	240	288	248	216	232	240	232	184	216
85	352	344	352	352	312	224	224	208	328	272	240	256	208	304	248	280	328	296	224	264
86	352	352	352	352	336	232	208	216	304	240	192	232	408	264	208	240	304	256	176	200
87	352	352	336	344	336	264	216	240	296	272	240	248	320	256	224	256	304	256	224	272
88	344	344	336	344	312	240	224	224	288	248	208	232	320	232	192	224	280	248	216	232
89	352	352	352	352	296	264	240	240	320	312	280	280	336	304	296	304	288	296	240	240
90	352	352	344	352	320	224	192	208	296	216	216	272	264	248	192	216	288	256	208	224
91	352	352	352	352	336	120	200	208	312	256	240	280	328	248	176	216	256	312	240	264
92	344	344	328	344	312	336	160	152	304	248	208	232	288	256	192	200	288	216	160	200
93	352	352	352	352	328	296	216	224	312	280	264	280	288	256	216	216	272	312	248	248
94	352	352	352	352	328	264	240	232	344	296	264	272	328	280	224	224	272	304	232	240
95	352	344	352	352	328	152	248	232	280	296	288	320	296	280	224	256	312	272	240	256
96	336	336	328	328	320	368	216	216	312	288	264	264	320	280	208	216	312	240	176	192
97	352	352	352	352	328	224	216	224	328	240	240	296	288	256	216	264	200	272	184	192
98	352	352	352	344	320	264	208	208	280	248	192	216	272	248	200	200	304	264	184	200
99	352	352	352	352	320	240	224	200	280	224	208	248	272	280	232	240	288	256	200	224
100	344	344	344	344	328	264	232	232	296	296	248	264	312	224	192	192	256	248	200	232
101	352	344	344	352	312	184	160	136	296	208	184	232	280	248	152	168	248	224	144	184
102	352	352	344	352	344	208	256	264	288	280	248	272	312	304	248	256	304	296	240	264
103	344	344	344	344	312	168	192	184	264	216	208	232	312	232	192	208	264	264	176	200
104	344	336	344	344	320	264	248	232	328	280	272	296	280	288	248	272	248	256	192	248
105	352	352	352	352	272	192	160	152	288	272	232	256	304	240	184	200	256	280	184	200
106	352	352	344	352	296	160	184	168	280	216	200	224	288	224	176	176	296	288	200	216
107	352	352	352	352	304	296	216	232	328	296	272	264	328	264	224	224	256	288	224	240
108	344	344	344	344	328	248	256	240	296	248	232	248	280	256	232	240	120	248	208	256
109	352	352	352	352	352	272	224	208	320	272	232	248	192	248	176	208	432	216	184	232
110	352	352	352	352	336	208	232	248	280	288	272	288	120	272	240	264	304	304	248	272
111	344	344	344	344	336	248	200	192	288	224	200	240	552	248	176	224	288	272	200	232
112	344	344	344	344	336	288	232	224	280	256	216	232	304	248	208	232	240	256	168	192
113	352	352	352	352	312	216	200	192	312	272	200	240	280	272	208	232	288	200	136	192
114	352	352	352	352	320	200	176	192	248	256	232	256	296	256	224	264	256	224	152	184
115	352	352	352	352	328	240	216	200	328	288	248	256	288	296	224	232	328	256	208	200
116	344	344	344	344	328	264	208	208	312	256	232	272	272	272	208	240	208	312	240	264
117	352	352	352	352	320	240	176	184	328	288	240	264	336	264	216	240	376	224	184	232
118	352	352	352	352	328	232	232	224	304	296	272	296	312	248	208	232	288	272	208	224
119	352	352	352	352	336	224	232	248	304	272	248	248	272	240	216	256	288	240	160	184
120	344	344	336	344	288	136	200	208	304	272	264	272	304	256	240	240	288	256	216	224
avg	348.933	348.4	346.267	348.533	321.2	234	211.733	210	301.733	263.2	235.733	257.067	299.067	261.867	213.467	236	283.067	261.067	199.2	226.4
delay	1.42017	2.91086	2.90916	2.91013	5.36971	79.6621	11.4836	11.6019	47.614	13.2705	12.5662	12.43	65.9875	17.5608	16.9051	16.6887	51.6172	19.8228	19.9217	19.7457
Command ['/home/ubuntu/ns-3.30-obss/build/scratch/simple-ofdma-adhoc', '--ofdmaEnabled=true', '--startTime=60', '--totalTime=120', '--dataMode=HeMcs4', '--datarate=3.5e5', '--clNum=20', '--ratio=0.375', '--RngRun=29'] terminated with signal SIGSEGV. Run it under a debugger to get more information (./waf --run <program> --command-template="gdb --args %s <args>").
