Waf: Entering directory `/home/synrg/Documents/Jiaming/ns-3.30/build'
Waf: Leaving directory `/home/synrg/Documents/Jiaming/ns-3.30/build'
Build commands will be stored in build/compile_commands.json
'build' finished successfully (0.857s)
--------------------------Rate[Kbps]--------------------------
Time[s]	cl-1	cl-2	cl-3	cl-4	cl-5	cl-6	cl-7	cl-8	cl-9	cl-10	cl-11	cl-12	cl-13	cl-14	cl-15	cl-16	cl-17	cl-18	cl-19	cl-20
60	13.2	18.8	12.2	17	16.8	11	13.2	13.8	15	14.4	14.4	16.2	15.8	15	15.8	15.8	14.2	14.2	15.6	19.4
61	480	480	480	480	416	304	264	288	368	352	312	360	424	328	288	360	424	344	256	296
62	464	480	464	464	448	352	328	304	400	312	304	368	408	344	272	296	416	320	248	296
63	496	496	504	496	440	328	304	304	464	368	352	400	416	360	288	304	408	376	280	320
64	496	488	472	480	448	360	248	288	432	376	352	376	424	384	320	368	392	328	272	296
65	504	488	504	504	456	320	280	280	448	336	320	360	408	336	264	320	384	320	232	312
66	480	488	472	480	464	360	336	336	416	368	320	384	424	352	288	344	416	312	280	320
67	504	488	496	496	440	280	312	328	400	360	328	360	400	336	280	320	408	376	288	328
68	480	440	480	480	448	352	264	280	424	352	312	368	408	328	264	296	416	320	248	288
69	496	472	488	480	448	312	312	288	408	384	328	352	432	376	280	328	280	296	240	336
70	456	456	464	456	448	312	256	312	392	344	336	376	416	360	312	336	536	400	280	320
71	504	472	496	496	496	376	368	392	416	392	384	424	384	432	376	392	464	376	328	352
72	496	480	480	488	424	72	272	280	432	344	344	376	456	360	296	320	448	336	264	288
73	496	488	496	488	448	552	272	272	392	392	376	400	424	328	288	328	440	344	272	296
74	496	480	496	496	440	368	304	320	416	392	376	400	408	344	296	320	400	360	288	320
75	480	488	480	464	448	352	200	256	392	272	240	336	392	288	264	296	392	288	216	272
76	488	456	488	480	464	328	248	296	440	312	280	336	408	336	248	304	416	256	200	256
77	496	472	488	488	432	288	248	248	344	296	272	312	384	360	312	344	352	344	216	264
78	488	488	488	480	448	352	240	272	432	368	336	360	400	280	216	264	424	304	224	272
79	504	488	496	496	480	368	328	352	448	400	392	408	416	320	312	344	392	384	296	296
80	472	472	456	480	456	384	336	344	408	368	328	360	432	336	288	344	384	352	304	328
81	488	488	488	488	456	312	264	280	392	336	296	368	392	344	288	344	384	272	224	312
82	488	496	496	488	464	224	304	304	424	344	312	344	384	392	304	320	408	400	320	344
83	504	504	496	496	416	416	288	280	448	384	360	400	432	384	336	376	432	376	304	360
84	488	456	488	480	456	312	304	296	424	376	352	400	424	368	320	344	416	336	288	328
85	480	480	472	480	432	288	304	288	328	344	304	352	376	312	256	336	416	304	256	336
86	472	472	488	480	456	384	272	280	408	320	296	368	456	312	264	320	400	320	224	256
87	504	488	480	496	432	344	264	296	440	352	344	368	416	312	296	296	408	312	256	256
88	488	472	464	480	448	304	344	360	416	352	328	384	400	376	336	376	448	336	264	312
89	488	472	464	472	432	336	232	256	408	360	320	384	464	368	312	384	440	328	264	344
90	496	480	488	480	416	304	272	280	360	352	304	352	384	320	256	312	432	296	232	288
91	504	504	488	504	448	304	264	264	408	344	304	336	392	296	232	288	416	304	224	296
92	488	472	480	472	440	344	328	320	408	328	296	344	456	392	328	368	432	360	296	328
93	480	464	488	488	456	360	344	328	432	312	296	376	400	328	312	376	400	328	256	336
94	488	472	472	480	448	80	328	336	424	344	328	360	408	344	304	336	432	368	312	328
95	504	488	504	496	464	520	232	264	448	360	320	400	448	344	280	352	384	336	240	328
96	488	480	480	480	456	304	232	280	400	344	312	368	464	328	272	368	376	336	240	296
97	480	472	488	480	464	280	240	272	432	336	312	376	440	304	224	328	384	272	216	296
98	488	488	496	488	472	392	312	336	392	368	360	384	400	376	312	336	400	352	296	320
99	496	480	480	496	440	288	272	288	440	344	304	336	416	320	280	320	384	328	272	296
100	488	480	480	488	456	296	280	312	400	368	328	352	424	376	312	344	432	376	312	336
101	504	488	504	504	456	336	360	360	416	368	368	400	328	408	384	400	448	416	336	376
102	480	488	480	480	488	440	368	368	440	392	368	416	568	360	328	400	488	368	312	416
103	496	488	496	488	440	280	224	280	392	320	304	360	424	328	280	312	440	360	264	304
104	496	464	488	496	432	320	272	288	408	352	336	360	424	336	280	312	400	376	296	304
105	504	480	496	504	456	320	312	328	424	336	296	400	448	312	304	376	416	344	288	328
106	488	480	496	488	440	336	224	304	424	288	256	296	352	344	280	320	416	336	248	288
107	480	464	472	488	456	344	280	296	432	360	344	400	344	376	288	328	384	368	280	320
108	496	480	472	472	448	320	280	288	440	392	352	392	488	280	232	288	376	376	296	320
109	496	488	488	488	416	328	248	264	424	352	312	336	432	368	264	272	392	376	312	344
110	488	472	488	488	448	360	352	352	416	392	384	408	408	384	368	384	480	360	320	352
111	496	496	496	480	472	224	344	320	400	392	368	416	496	384	312	368	456	352	288	344
112	480	496	480	496	432	440	296	296	416	416	328	376	432	320	272	336	392	376	272	312
113	504	480	496	488	464	328	272	280	440	336	336	384	296	328	304	376	448	360	272	304
114	464	448	456	464	424	320	264	304	312	352	328	352	536	360	296	352	416	352	272	328
115	480	456	488	480	472	352	288	320	520	312	320	360	424	360	312	304	400	328	256	288
116	496	496	488	496	472	344	384	352	400	384	368	392	448	392	368	400	400	320	288	352
117	496	504	496	472	464	328	264	280	424	344	328	360	416	344	336	392	376	304	248	280
118	496	472	488	480	464	336	232	296	424	336	336	376	464	360	304	336	400	328	240	280
119	496	480	496	480	464	272	248	304	408	352	328	384	416	296	272	328	376	288	192	224
120	480	464	472	480	424	312	264	272	448	376	368	384	416	352	312	336	448	336	264	312
avg	489.867	479.2	485.067	484.933	449.6	329.2	286.267	301.867	415.2	353.467	328.267	372	420	346.267	294.533	337.867	412.8	340	267.867	312.133
delay	1.42678	2.33584	2.32243	2.32334	4.77284	71.5788	9.01723	9.12279	23.1018	9.95473	9.74005	9.64803	34.4822	13.1613	12.9737	12.8477	32.2008	15.5339	15.4154	15.3181
loss	0.016332	0.0346495	0.0249263	0.0241481	0.0874154	0.301753	0.384108	0.354434	0.146849	0.258876	0.307259	0.225	0.140284	0.27112	0.371193	0.289798	0.148942	0.280598	0.417897	0.332002
Command ['/home/synrg/Documents/Jiaming/ns-3.30/build/scratch/simple-ofdma-adhoc', '--ofdmaEnabled=true', '--startTime=60', '--totalTime=120', '--dataMode=HeMcs6', '--datarate=5e5', '--clNum=20', '--ratio=0.375', '--RngRun=34'] terminated with signal SIGSEGV. Run it under a debugger to get more information (./waf --run <program> --command-template="gdb --args %s <args>").
