Waf: Entering directory `/home/ubuntu/ns-3.30-obss/build'
Waf: Leaving directory `/home/ubuntu/ns-3.30-obss/build'
Build commands will be stored in build/compile_commands.json
'build' finished successfully (0.791s)
--------------------------Rate[Kbps]--------------------------
Time[s]	cl-1	cl-2	cl-3	cl-4	cl-5	cl-6	cl-7	cl-8	cl-9	cl-10	cl-11	cl-12	cl-13	cl-14	cl-15	cl-16	cl-17	cl-18
60	13.8	16.2	14.4	16	14.8	14.6	17	14.4	14.2	13.6	13.2	13.2	14.6	15	14.2	12.8	13.4	15
61	0	0	0	0	56	0	0	32	72	56	160	16	0	0	32	0	0	144
62	0	0	0	0	88	24	192	80	32	88	0	0	184	112	0	72	112	128
63	0	0	0	0	176	152	96	40	72	0	128	88	72	8	120	112	176	24
64	0	0	0	0	0	176	128	176	120	56	200	168	136	160	96	208	8	192
65	0	0	0	0	8	128	104	112	80	64	88	0	0	152	168	88	160	192
66	0	0	0	0	104	160	24	24	72	200	168	144	56	8	16	64	192	0
67	0	0	0	0	184	176	96	144	200	192	192	0	120	88	144	24	32	48
68	0	0	0	0	56	64	120	168	16	168	136	48	168	136	160	64	56	168
69	0	0	0	0	0	8	8	136	24	144	176	200	48	64	160	128	96	0
70	0	0	0	0	88	184	96	40	112	88	8	104	136	128	136	112	152	64
71	0	0	0	0	64	136	0	184	72	24	8	8	144	80	56	192	200	8
72	0	0	0	0	88	168	64	56	152	64	144	16	48	200	160	72	120	48
73	0	0	0	8	0	200	176	88	144	112	160	104	16	120	136	120	0	112
74	0	0	8	0	0	128	200	88	96	0	112	112	80	192	0	0	112	104
75	0	0	0	0	56	48	96	72	88	176	112	192	128	0	128	128	176	48
76	8	0	0	0	200	32	200	112	0	200	128	136	0	176	200	160	0	72
77	0	0	0	0	128	64	104	160	128	0	200	64	24	192	192	8	184	200
78	0	0	0	0	176	0	24	120	72	0	72	160	200	48	32	112	192	120
79	0	0	0	0	24	200	136	0	24	96	56	0	176	168	176	208	88	80
80	0	0	0	0	48	184	112	120	128	184	40	24	192	192	168	88	160	176
81	0	0	0	0	160	200	112	0	72	152	200	96	200	40	184	120	24	136
82	0	8	0	0	184	200	136	152	80	64	144	200	112	8	184	200	200	168
83	0	0	0	0	8	168	160	104	80	88	8	56	48	112	184	168	128	160
84	0	0	0	0	32	200	168	0	48	104	184	144	16	176	192	136	160	104
85	0	0	0	0	104	120	16	184	208	176	56	160	152	8	120	192	160	144
86	0	0	0	0	56	72	144	112	184	8	24	8	0	96	200	112	88	168
87	0	0	0	0	56	192	96	32	48	80	0	24	144	0	128	48	184	168
88	8	0	0	0	200	72	0	48	136	8	184	200	0	128	32	0	8	40
89	0	0	0	0	112	192	40	160	120	64	48	120	112	144	0	24	208	80
90	0	0	8	0	120	128	0	128	184	40	0	144	144	200	160	72	128	88
91	0	0	0	8	120	200	80	200	0	16	104	200	72	120	96	64	0	32
92	0	0	0	0	24	104	64	136	32	0	136	184	168	0	0	136	112	200
93	0	0	0	0	160	120	144	120	104	32	24	144	120	72	144	152	168	72
94	0	8	0	0	144	96	72	0	0	0	104	200	168	176	144	128	200	32
95	0	0	0	0	40	192	144	40	152	168	152	184	200	104	0	136	144	0
96	0	0	0	0	144	144	192	8	184	48	56	32	88	200	64	136	200	200
97	0	0	0	0	168	184	64	152	136	112	200	168	160	136	200	64	24	168
98	0	0	0	0	72	40	8	64	120	160	24	112	40	128	64	152	32	152
99	0	0	0	0	104	200	64	200	24	0	24	128	144	72	144	80	200	88
100	0	0	0	0	120	176	88	88	144	192	112	168	104	88	64	0	192	136
101	0	0	0	0	200	80	0	72	160	200	128	8	200	192	128	104	80	56
102	8	0	0	0	56	40	96	16	176	0	56	112	128	112	0	56	112	32
103	0	0	0	0	80	24	200	168	56	120	0	56	0	184	112	24	192	0
104	0	0	0	8	24	0	168	48	0	40	160	184	64	64	24	0	40	56
105	0	0	0	0	64	112	112	152	112	104	160	176	56	56	184	56	16	168
106	0	8	8	0	152	144	40	192	96	0	104	120	168	200	40	0	200	136
107	0	0	0	0	152	0	120	56	8	152	200	72	120	128	144	8	40	48
108	0	0	0	0	8	136	48	152	200	200	8	0	0	40	96	136	88	200
109	0	0	0	0	208	176	104	200	136	96	56	136	128	200	144	200	80	48
110	0	0	0	0	32	152	32	144	24	32	200	152	200	184	80	8	120	152
111	0	0	0	0	48	0	88	128	208	128	48	72	152	0	48	192	200	200
112	8	0	0	0	24	72	200	40	128	56	184	40	24	112	200	0	72	56
113	0	0	0	0	136	72	64	72	136	200	80	144	192	200	64	168	0	120
114	0	0	0	0	16	40	144	112	32	56	96	80	120	72	128	152	64	96
115	0	0	0	0	96	192	0	88	0	200	0	120	152	48	80	120	96	136
116	0	0	0	0	8	120	64	120	192	160	184	96	168	184	176	56	152	112
117	0	0	0	0	96	112	136	200	152	48	136	168	176	32	120	16	200	24
118	0	0	0	0	96	8	0	24	104	80	32	144	0	48	48	96	168	160
119	0	0	0	0	88	72	96	16	16	0	32	64	112	72	104	24	48	88
120	0	0	0	8	144	0	0	56	16	168	32	16	120	96	72	80	200	16
(1,11876)	(2,100)	(3,0)	(4,0)	
(1,3299)	(2,33)	(3,0)	(4,0)	
(1,4066)	(2,17)	(3,0)	(4,0)	
(1,4314)	(2,22)	(3,0)	(4,0)	
(1,1)	(2,0)	(3,0)	(4,0)	
(1,1)	(2,0)	(3,0)	(4,0)	
(1,1)	(2,0)	(3,0)	(4,0)	
(1,1)	(2,0)	(3,0)	(4,0)	
(1,1)	(2,0)	(3,0)	(4,0)	
(1,1)	(2,0)	(3,0)	(4,0)	
(1,1)	(2,0)	(3,0)	(4,0)	
(1,1)	(2,0)	(3,0)	(4,0)	
(1,1)	(2,0)	(3,0)	(4,0)	
(1,1)	(2,0)	(3,0)	(4,0)	
(1,1)	(2,0)	(3,0)	(4,0)	
(1,1)	(2,0)	(3,0)	(4,0)	
(1,1)	(2,0)	(3,0)	(4,0)	
(1,1)	(2,0)	(3,0)	(4,0)	
(1,1)	(2,0)	(3,0)	(4,0)	
avg	0.533333	0.4	0.4	0.533333	90	113.067	91.3333	98.9333	95.2	91.0667	99.4667	103.6	106.667	107.6	109.6	92.9333	115.733	102.8
delay	0.25	0.333333	0.333333	0.75	1.07407	1.04717	0.994161	0.995957	1.04062	1.00586	1.01206	1.02188	1.0125	1.01363	0.989051	1.07317	1.01843	0.997406
loss	0	0	0	0	0.00735294	0.011655	0.00436047	0.0185185	0.0151724	0.0101449	0.0132275	0.0127065	0.00621118	0.00738007	0.00121507	0.0155367	0.00344432	0.0178344
Command ['/home/ubuntu/ns-3.30-obss/build/scratch/simple-ofdma-adhoc4', '--ofdmaEnabled=true', '--startTime=60', '--totalTime=120', '--dataMode=HeMcs7', '--datarate=2e5', '--clNum=18', '--ratio=0.375', '--RngRun=4', '--locationFile=./my-simulations/8_ofdma7/locationFile35.txt', '--routingFile=./my-simulations/8_ofdma7/routingFile35.txt'] terminated with signal SIGSEGV. Run it under a debugger to get more information (./waf --run <program> --command-template="gdb --args %s <args>").
