Waf: Entering directory `/home/ubuntu/ns-3.30-obss/build'
Waf: Leaving directory `/home/ubuntu/ns-3.30-obss/build'
Build commands will be stored in build/compile_commands.json
'build' finished successfully (0.724s)
--------------------------Rate[Kbps]--------------------------
Time[s]	cl-1	cl-2	cl-3	cl-4	cl-5	cl-6	cl-7	cl-8	cl-9	cl-10
60	13.8	14.8	16	15.4	15.6	13.8	14.4	14.8	14.8	16.4
61	0	0	0	128	0	240	0	48	192	240
62	0	0	600	576	288	8	360	400	264	272
63	0	0	416	600	600	168	0	0	272	592
64	0	0	80	144	360	48	216	112	32	560
65	0	0	536	120	24	368	152	384	536	40
66	0	0	0	352	392	192	112	216	560	328
67	0	0	368	176	0	248	368	0	576	416
68	0	0	472	304	432	536	288	240	0	576
69	0	0	232	224	392	88	256	160	440	168
70	0	0	336	600	0	192	144	184	440	136
71	0	0	8	400	304	0	600	96	0	312
72	0	0	288	0	336	480	336	384	104	0
73	0	0	600	152	488	88	528	536	368	104
74	0	0	56	552	312	24	592	576	96	600
75	0	0	224	0	96	288	384	200	144	24
76	0	0	496	40	120	232	152	136	584	512
77	0	0	480	256	160	312	416	448	336	48
78	0	0	560	256	360	296	256	200	368	0
79	0	0	192	376	176	600	0	0	0	0
80	0	0	456	408	248	392	0	264	16	936
81	0	0	592	280	192	368	560	0	360	432
82	0	0	144	504	16	600	224	200	152	0
83	0	0	0	440	424	248	88	600	0	48
84	0	0	136	72	592	0	232	392	144	312
85	0	0	208	472	376	312	600	296	376	0
86	0	0	416	112	304	504	360	496	384	552
87	0	0	0	512	600	104	144	600	368	0
88	0	0	496	464	352	120	216	400	504	168
89	0	0	360	576	384	320	424	136	128	296
90	0	0	0	544	112	360	464	120	128	104
91	0	0	240	552	64	280	384	448	528	504
92	0	0	456	576	64	576	0	240	456	240
93	0	0	360	352	160	80	528	344	488	592
94	0	0	568	472	0	448	320	184	448	368
95	0	0	512	552	408	520	8	128	584	584
96	0	0	560	288	264	368	152	192	224	96
97	0	0	352	176	72	8	560	184	560	264
98	0	0	208	448	0	40	144	456	160	72
99	0	0	144	440	544	0	128	584	0	344
100	0	0	312	496	296	328	288	160	528	40
101	0	0	24	352	0	448	504	360	416	360
102	0	0	568	128	504	568	272	600	560	24
103	0	0	400	592	400	0	200	504	568	88
104	0	0	136	344	392	40	528	352	288	240
105	0	0	392	0	312	320	408	480	584	344
106	0	0	8	0	72	432	600	472	448	560
107	0	0	192	344	0	456	128	24	400	576
108	0	0	600	408	560	544	0	0	520	40
109	0	0	544	400	104	32	288	592	416	568
110	0	0	488	392	32	208	208	384	88	272
111	0	0	584	600	48	536	152	368	464	160
112	0	0	240	112	240	32	320	552	368	0
113	0	0	248	296	152	416	304	568	0	488
114	0	0	400	104	296	568	392	360	184	64
115	0	0	64	600	0	144	80	72	600	472
116	0	0	96	360	336	200	88	600	488	320
117	0	0	352	240	344	128	208	72	24	0
118	0	0	376	504	224	0	280	296	136	400
119	0	0	448	376	296	40	552	304	384	368
120	0	0	248	352	448	304	0	224	512	160
(1,18129)	(2,273)	(3,0)	(4,5)	
(1,8830)	(2,179)	(3,0)	(4,3)	
(1,8484)	(2,298)	(3,0)	(4,18)	
(1,1)	(2,0)	(3,0)	(4,0)	
(1,1)	(2,0)	(3,0)	(4,0)	
(1,1)	(2,0)	(3,0)	(4,0)	
(1,1)	(2,0)	(3,0)	(4,0)	
(1,1)	(2,0)	(3,0)	(4,0)	
(1,1)	(2,0)	(3,0)	(4,0)	
(1,1)	(2,0)	(3,0)	(4,0)	
(1,1)	(2,0)	(3,0)	(4,0)	
avg	0	0	314.533	341.6	251.2	263.333	274.933	298.8	321.6	273.067
delay	0.26087	0.243243	1.13268	1.03513	1.16826	1.16253	1.145	5.54172	1.0908	82.5239
loss	0	0	0.0125576	0.0119553	0.0125786	0.021793	0.0291902	0.0179667	0.0258481	0.0312204
Command ['/home/ubuntu/ns-3.30-obss/build/scratch/simple-ofdma-adhoc4', '--ofdmaEnabled=true', '--startTime=60', '--totalTime=120', '--dataMode=HeMcs7', '--datarate=6e5', '--ratio=0.375', '--RngRun=4', '--locationFile=my-simulations/8_ofdma7/txt/locationFile24.txt', '--routingFile=my-simulations/8_ofdma7/txt/routingFile24.txt'] terminated with signal SIGSEGV. Run it under a debugger to get more information (./waf --run <program> --command-template="gdb --args %s <args>").
