Waf: Entering directory `/home/ubuntu/ns-3.30-obss/build'
Waf: Leaving directory `/home/ubuntu/ns-3.30-obss/build'
Build commands will be stored in build/compile_commands.json
'build' finished successfully (0.795s)
--------------------------Rate[Kbps]--------------------------
Time[s]	cl-1	cl-2	cl-3	cl-4	cl-5	cl-6	cl-7	cl-8	cl-9	cl-10	cl-11	cl-12
60	13.8	14.2	15.2	18.4	12.8	17.4	10.8	15.8	13	16.6	16	18
61	0	0	0	0	0	0	440	192	312	0	0	0
62	0	0	0	344	456	136	616	688	752	432	104	448
63	0	0	0	528	760	800	0	624	0	568	88	720
64	0	0	0	784	656	320	232	0	304	280	144	384
65	0	0	0	208	616	256	800	240	376	576	728	768
66	0	0	0	360	752	0	464	640	256	0	456	632
67	0	0	0	328	696	632	624	568	304	176	800	464
68	0	0	0	456	656	192	656	408	344	232	680	232
69	0	0	0	0	728	320	592	800	304	592	784	304
70	0	0	0	248	680	792	624	224	408	768	720	56
71	0	0	0	656	576	160	0	352	712	528	632	656
72	0	0	0	0	792	624	216	672	632	392	736	248
73	0	0	0	264	96	240	8	64	800	704	312	752
74	0	0	0	0	8	104	632	0	328	504	672	544
75	0	0	0	768	0	416	368	168	376	72	760	464
76	0	0	0	568	704	136	32	592	592	328	720	0
77	0	0	0	744	72	528	376	328	736	504	96	640
78	0	0	0	336	80	800	0	432	384	552	40	784
79	0	0	0	432	328	384	576	128	408	784	504	112
80	0	0	0	688	800	784	352	488	176	528	200	528
81	0	0	0	496	448	736	520	24	80	488	344	544
82	0	0	0	0	440	536	48	88	760	176	624	768
83	0	0	0	592	16	384	576	0	448	800	640	120
84	0	0	0	720	136	416	0	448	296	176	352	648
85	0	0	0	0	32	584	104	696	376	560	336	696
86	0	0	0	136	192	392	720	504	448	376	136	0
87	0	0	0	480	0	464	272	376	288	80	528	664
88	0	0	0	272	160	616	624	712	520	768	464	472
89	0	0	0	424	144	416	536	752	504	408	768	728
90	0	0	0	640	704	280	616	576	544	256	496	560
91	0	0	0	320	368	800	0	624	0	152	280	0
92	0	0	0	24	272	496	272	216	400	352	248	568
93	0	0	0	688	184	800	432	544	112	560	456	688
94	0	0	0	424	776	272	464	0	32	144	448	0
95	0	0	0	552	488	616	520	248	464	720	712	320
96	0	0	0	416	464	464	536	744	296	416	408	0
97	0	0	0	464	728	416	256	264	448	776	728	16
98	0	0	0	640	456	784	0	328	136	432	0	200
99	0	0	0	112	736	56	304	648	440	112	248	536
100	0	0	0	376	616	776	448	784	776	0	768	688
101	0	0	0	112	512	224	384	280	200	472	200	296
102	0	0	0	136	336	288	216	104	440	520	96	720
103	0	0	0	168	56	184	152	112	648	560	480	640
104	0	0	0	632	800	504	336	800	0	0	352	688
105	0	0	0	520	736	72	664	784	440	224	472	0
106	0	0	0	72	512	504	720	392	312	200	408	264
107	0	0	0	800	688	40	560	32	0	280	768	0
108	0	0	0	184	216	256	520	728	400	328	400	488
109	0	0	0	616	16	24	520	392	352	312	464	96
110	0	0	0	376	0	792	256	792	544	8	232	40
111	0	0	0	0	608	656	208	0	800	752	0	656
112	0	0	0	688	192	784	416	168	40	552	272	432
113	0	0	0	336	200	0	256	776	200	192	32	488
114	0	0	0	96	96	456	216	240	224	336	720	0
115	0	0	0	656	552	24	784	544	552	200	392	16
116	0	0	0	448	672	272	240	496	464	680	752	88
117	0	0	0	568	512	752	152	80	488	136	264	776
118	0	0	0	240	784	544	712	520	768	152	208	504
119	0	0	0	144	384	688	768	584	192	0	784	0
120	0	0	0	120	24	232	544	0	472	368	56	512
(1,24890)	(2,1914)	(3,0)	(4,35)	
(1,9121)	(2,208)	(3,0)	(4,3)	
(1,8640)	(2,329)	(3,0)	(4,11)	
(1,8354)	(2,565)	(3,0)	(4,0)	
(1,1)	(2,0)	(3,0)	(4,0)	
(1,1)	(2,0)	(3,0)	(4,0)	
(1,1)	(2,0)	(3,0)	(4,0)	
(1,1)	(2,0)	(3,0)	(4,0)	
(1,1)	(2,0)	(3,0)	(4,0)	
(1,1)	(2,0)	(3,0)	(4,0)	
(1,1)	(2,0)	(3,0)	(4,0)	
(1,1)	(2,0)	(3,0)	(4,0)	
(1,1)	(2,0)	(3,0)	(4,0)	
avg	0	0	0	373.333	411.867	420.4	391.333	400.133	390.133	375.733	425.2	394.267
delay	0.26087	0.239437	0.236842	1.35857	1.36679	1.33619	1.93322	1.33555	1.90328	1.46522	1.38915	1.49171
loss	0	0	0	0.019951	0.0403852	0.0310387	0.0373893	0.023112	0.0375	0.0336077	0.0265568	0.0333442
Command ['/home/ubuntu/ns-3.30-obss/build/scratch/simple-ofdma-adhoc4', '--ofdmaEnabled=true', '--startTime=60', '--totalTime=120', '--dataMode=HeMcs5', '--datarate=8e5', '--ratio=0.375', '--RngRun=4', '--locationFile=my-simulations/8_ofdma7/txt/locationFile33.txt', '--routingFile=my-simulations/8_ofdma7/txt/routingFile33.txt'] terminated with signal SIGSEGV. Run it under a debugger to get more information (./waf --run <program> --command-template="gdb --args %s <args>").
