Waf: Entering directory `/home/ubuntu/ns-3.30-obss/build'
Waf: Leaving directory `/home/ubuntu/ns-3.30-obss/build'
Build commands will be stored in build/compile_commands.json
'build' finished successfully (0.731s)
--------------------------Rate[Kbps]--------------------------
Time[s]	cl-1	cl-2	cl-3	cl-4	cl-5	cl-6	cl-7	cl-8	cl-9	cl-10	cl-11	cl-12
60	13.8	14.2	15.2	18.4	12.8	17.4	10.8	15.8	13	16.6	16	18
61	0	0	0	0	0	0	304	144	208	0	0	0
62	0	0	0	272	368	120	456	504	528	320	80	328
63	0	0	0	392	560	576	0	464	0	400	64	544
64	0	0	0	584	472	240	160	0	224	208	120	264
65	0	0	0	152	456	200	520	184	280	472	592	576
66	0	0	0	280	536	0	296	496	192	0	328	472
67	0	0	0	240	512	488	448	432	232	136	584	368
68	0	0	0	312	504	144	496	304	272	192	496	168
69	0	0	0	0	584	216	432	576	232	432	600	232
70	0	0	0	184	496	552	456	176	304	592	528	40
71	0	0	0	496	456	120	0	256	504	376	472	496
72	0	0	0	0	584	512	8	512	448	288	560	168
73	0	0	0	192	72	208	0	48	584	552	192	600
74	0	0	0	0	8	80	632	0	224	384	512	392
75	0	0	0	552	0	328	296	152	272	56	568	336
76	0	0	0	408	504	104	24	488	432	248	560	0
77	0	0	0	560	64	392	288	248	552	368	72	496
78	0	0	0	248	64	560	0	376	320	400	24	600
79	0	0	0	344	248	296	464	96	320	576	368	88
80	0	0	0	520	560	576	240	360	112	384	168	360
81	0	0	0	368	328	528	376	8	56	312	256	376
82	0	0	0	0	328	400	40	56	568	128	464	592
83	0	0	0	440	24	288	416	0	320	552	480	72
84	0	0	0	536	88	288	0	328	184	128	264	480
85	0	0	0	0	16	456	80	536	288	424	256	496
86	0	0	0	104	160	272	544	376	328	288	112	0
87	0	0	0	360	0	344	200	280	216	56	376	472
88	0	0	0	184	128	296	408	488	376	560	360	216
89	0	0	0	288	120	432	424	568	376	328	456	0
90	0	0	0	448	488	152	304	368	360	176	336	936
91	0	0	0	240	272	584	0	472	0	112	208	0
92	0	0	0	16	208	360	0	160	288	264	192	416
93	0	0	0	504	24	544	640	392	72	408	368	520
94	0	0	0	312	672	232	344	0	8	112	336	0
95	0	0	0	328	376	448	368	192	376	512	496	216
96	0	0	0	344	344	344	424	568	200	288	312	0
97	0	0	0	344	576	288	192	192	320	536	512	8
98	0	0	0	456	344	576	0	240	104	336	0	144
99	0	0	0	88	600	48	240	496	376	104	248	440
100	0	0	0	240	432	544	296	584	536	0	544	448
101	0	0	0	96	416	144	320	200	144	368	168	232
102	0	0	0	104	280	216	176	80	360	440	72	600
103	0	0	0	136	40	144	112	80	488	416	336	496
104	0	0	0	440	568	160	184	600	0	0	264	560
105	0	0	0	368	536	0	496	584	296	136	336	0
106	0	0	0	48	416	656	568	288	288	160	360	192
107	0	0	0	560	600	48	368	48	0	192	504	0
108	0	0	0	104	144	200	392	560	272	208	272	360
109	0	0	0	464	16	16	384	288	264	240	352	72
110	0	0	0	288	0	600	200	592	408	8	168	24
111	0	0	0	0	472	528	176	0	576	552	0	496
112	0	0	0	488	176	552	312	120	32	456	232	328
113	0	0	0	240	152	0	192	568	136	152	24	376
114	0	0	0	80	72	344	160	192	176	248	536	0
115	0	0	0	504	480	24	552	432	368	152	264	8
116	0	0	0	344	512	200	200	448	376	240	560	64
117	0	0	0	400	384	560	120	72	320	0	184	560
118	0	0	0	184	592	448	568	384	600	0	80	384
119	0	0	0	112	288	464	544	416	160	0	600	0
120	0	0	0	88	24	176	424	0	352	0	40	304
(1,16165)	(2,2569)	(3,0)	(4,142)	
(1,6136)	(2,495)	(3,0)	(4,5)	
(1,6051)	(2,467)	(3,0)	(4,3)	
(1,6037)	(2,421)	(3,0)	(4,37)	
(1,1)	(2,0)	(3,0)	(4,0)	
(1,1)	(2,0)	(3,0)	(4,0)	
(1,1)	(2,0)	(3,0)	(4,0)	
(1,1)	(2,0)	(3,0)	(4,0)	
(1,1)	(2,0)	(3,0)	(4,0)	
(1,1)	(2,0)	(3,0)	(4,0)	
(1,1)	(2,0)	(3,0)	(4,0)	
(1,1)	(2,0)	(3,0)	(4,0)	
(1,1)	(2,0)	(3,0)	(4,0)	
avg	0	0	0	273.067	312.4	310.267	287.733	301.2	286.8	266.267	313.6	290.267
delay	0.318841	0.28169	0.289474	10.8237	10.8105	22.6786	42.4699	3.1722	3.41097	10.4096	12.9179	43.068
loss	0	0	0	0.0425432	0.0361991	0.0459205	0.0576419	0.0237684	0.0536736	0.0472328	0.0380368	0.0460123
Command ['/home/ubuntu/ns-3.30-obss/build/scratch/simple-ofdma-adhoc4', '--ofdmaEnabled=true', '--startTime=60', '--totalTime=120', '--dataMode=HeMcs1', '--datarate=6e5', '--ratio=0.375', '--RngRun=4', '--locationFile=my-simulations/8_ofdma7/txt/locationFile33.txt', '--routingFile=my-simulations/8_ofdma7/txt/routingFile33.txt'] terminated with signal SIGSEGV. Run it under a debugger to get more information (./waf --run <program> --command-template="gdb --args %s <args>").
