Waf: Entering directory `/home/ubuntu/ns-3.30-obss/build'
Waf: Leaving directory `/home/ubuntu/ns-3.30-obss/build'
Build commands will be stored in build/compile_commands.json
'build' finished successfully (0.787s)
--------------------------Rate[Kbps]--------------------------
Time[s]	cl-1	cl-2	cl-3	cl-4	cl-5	cl-6	cl-7	cl-8	cl-9	cl-10	cl-11	cl-12	cl-13	cl-14	cl-15	cl-16	cl-17	cl-18	cl-19	cl-20
60	12	14.4	15	15.8	13.4	19.2	13.2	16	15.6	15.8	12	12.8	17.6	14.4	16	15.2	14.6	16	13.2	14.8
61	0	0	0	0	64	0	88	24	0	40	88	0	64	16	160	96	72	0	56	192
62	0	0	0	0	48	32	72	0	72	0	200	72	104	48	104	184	0	136	56	152
63	0	0	0	0	200	32	136	48	96	120	72	72	32	48	152	40	64	200	0	160
64	0	0	0	0	8	136	48	176	128	24	104	104	176	184	64	0	128	144	88	40
65	0	0	0	0	96	80	0	88	176	0	24	200	16	104	0	200	88	200	184	24
66	0	0	0	0	128	88	64	120	200	112	160	64	168	104	184	72	104	136	160	176
67	0	0	0	0	56	8	176	0	120	112	192	160	56	64	64	152	104	40	48	40
68	0	0	0	0	136	104	176	112	8	0	64	176	120	144	168	192	24	48	112	112
69	0	0	0	0	112	56	112	16	184	192	16	16	144	200	40	64	144	200	144	112
70	0	0	0	0	136	40	200	72	64	128	184	64	0	32	80	152	40	16	128	48
71	0	0	0	0	128	200	48	80	112	200	72	96	192	16	0	192	128	192	0	64
72	0	0	0	0	200	80	104	200	56	48	40	200	192	16	112	200	96	176	72	80
73	0	0	0	0	160	120	144	88	24	136	160	120	80	128	96	128	88	16	192	80
74	0	0	0	0	80	184	200	176	192	104	16	104	184	64	64	200	0	112	168	48
75	0	0	0	0	88	120	56	56	32	184	24	48	104	152	56	24	96	88	0	176
76	0	0	0	0	136	80	56	0	96	64	72	136	96	120	200	72	88	64	32	64
77	0	0	0	0	96	0	8	32	136	152	192	160	80	0	144	80	120	16	0	112
78	0	0	0	0	0	200	168	152	192	144	120	200	0	88	80	136	176	200	104	0
79	0	0	0	0	64	0	192	120	40	80	16	48	136	8	160	0	0	184	16	168
80	0	0	0	0	104	120	112	104	80	0	104	136	16	160	152	80	8	80	176	128
81	0	0	0	0	200	120	192	160	88	112	16	96	16	168	168	200	136	0	136	16
82	0	0	0	0	16	80	40	64	0	8	16	184	88	0	104	120	144	88	96	80
83	0	0	0	0	112	40	0	40	160	0	104	80	72	16	88	152	144	128	168	32
84	0	0	0	0	40	112	128	88	200	192	96	0	0	64	64	192	152	200	0	72
85	0	0	0	0	112	200	128	192	24	48	48	96	96	24	16	192	96	200	136	16
86	0	0	0	0	200	24	144	160	32	16	104	120	0	96	88	88	200	136	176	24
87	0	0	0	0	104	0	160	200	0	184	80	192	176	96	184	32	96	0	128	200
88	0	0	0	0	160	160	192	40	40	80	8	88	176	104	64	112	160	64	104	96
89	0	0	0	0	64	160	0	112	88	0	64	56	72	96	128	0	200	0	96	56
90	0	0	0	0	128	112	72	32	96	136	192	112	120	160	200	144	24	104	0	48
91	0	0	0	0	176	200	192	64	144	120	72	136	88	192	72	40	104	144	32	72
92	0	0	0	0	72	120	32	96	200	168	0	168	120	136	136	0	0	0	200	104
93	0	0	0	0	176	200	128	144	128	200	80	136	0	64	136	32	40	120	88	0
94	0	0	0	0	200	120	96	0	0	24	96	160	96	96	120	0	104	176	0	144
95	0	0	0	0	136	0	72	112	112	96	136	56	168	112	40	56	128	144	40	192
96	0	0	0	0	136	80	56	80	136	48	0	80	80	192	32	200	48	8	128	136
97	0	0	0	0	200	152	168	0	32	0	32	24	200	120	80	72	24	200	168	160
98	0	0	0	0	104	32	104	184	120	56	88	72	48	160	184	120	120	104	32	184
99	0	0	0	0	200	0	176	120	168	0	128	176	16	16	176	16	96	72	32	200
100	0	0	0	0	64	48	0	160	136	120	16	0	80	0	16	192	200	168	128	32
101	0	0	0	0	152	200	8	48	176	120	168	64	184	160	112	200	128	192	176	184
102	0	0	0	0	88	88	168	200	144	48	48	0	160	192	120	40	40	56	16	144
103	0	0	0	0	0	16	200	32	112	192	0	112	80	0	176	168	96	80	168	192
104	0	0	0	0	40	192	96	0	88	120	160	144	96	40	176	104	96	40	64	168
105	0	0	0	0	200	16	120	168	16	104	112	0	64	48	96	40	48	96	96	152
106	0	0	0	0	56	0	168	56	64	200	152	168	96	200	184	200	152	192	48	72
107	0	0	0	0	168	112	24	120	200	72	8	56	40	0	40	40	0	56	40	104
108	0	0	0	0	128	176	96	176	64	104	0	8	24	96	200	88	40	88	8	56
109	0	0	0	0	32	120	184	152	136	40	176	16	160	24	0	80	80	96	72	64
110	0	0	0	0	136	152	200	0	88	40	0	144	0	144	96	56	152	144	144	144
111	0	0	0	0	24	80	8	160	168	48	136	200	120	128	0	144	144	0	128	120
112	0	0	0	0	40	120	88	152	0	48	24	0	136	40	120	0	128	184	200	56
113	0	0	0	0	0	0	24	144	32	112	64	112	16	120	192	40	64	184	160	32
114	0	0	0	0	64	104	112	200	200	96	88	112	80	104	64	104	176	40	192	8
115	0	0	0	0	80	152	56	192	0	192	152	8	96	64	56	64	168	192	112	16
116	0	0	0	0	48	104	8	128	40	80	120	200	72	168	144	152	176	192	144	56
117	0	0	0	0	160	176	64	64	96	0	192	176	120	184	192	168	112	200	112	96
118	0	0	0	0	112	88	144	56	16	48	40	56	160	56	8	200	200	24	96	72
119	0	0	0	0	104	160	104	56	128	200	88	200	176	96	200	192	72	144	80	40
120	0	0	0	0	0	152	144	48	96	112	0	120	112	0	184	112	0	0	184	160
(1,13263)	(2,81)	(3,0)	(4,0)	
(1,3315)	(2,22)	(3,0)	(4,0)	
(1,3086)	(2,6)	(3,0)	(4,0)	
(1,3312)	(2,24)	(3,0)	(4,0)	
(1,3250)	(2,31)	(3,0)	(4,0)	
(1,1)	(2,0)	(3,0)	(4,0)	
(1,1)	(2,0)	(3,0)	(4,0)	
(1,1)	(2,0)	(3,0)	(4,0)	
(1,1)	(2,0)	(3,0)	(4,0)	
(1,1)	(2,0)	(3,0)	(4,0)	
(1,1)	(2,0)	(3,0)	(4,0)	
(1,1)	(2,0)	(3,0)	(4,0)	
(1,1)	(2,0)	(3,0)	(4,0)	
(1,1)	(2,0)	(3,0)	(4,0)	
(1,1)	(2,0)	(3,0)	(4,0)	
(1,1)	(2,0)	(3,0)	(4,0)	
(1,1)	(2,0)	(3,0)	(4,0)	
(1,1)	(2,0)	(3,0)	(4,0)	
(1,1)	(2,0)	(3,0)	(4,0)	
(1,1)	(2,0)	(3,0)	(4,0)	
(1,1)	(2,0)	(3,0)	(4,0)	
avg	0	0	0	0	104.533	97.4667	104.267	97.7333	96.2667	90.4	83.7333	101.733	94.4	91.2	108.933	106.933	97.6	108.4	97.7333	96.2667
delay	0.283333	0.263889	0.24	0.35443	1.02041	1.02326	1.04604	1.09004	1.0374	1	1.03503	1.02621	1.04096	0.991228	1.04406	1.00125	1.04098	1.02706	1.03001	1.0554
loss	0	0	0	0.0125	0.00759494	0.00272851	0.00382166	0.00677507	0.0109589	0.0058651	0.00475436	0.0154839	0.0111732	0.012987	0.00849515	0.00742574	0.00678426	0.00489596	0.00407609	0.00687758
Command ['/home/ubuntu/ns-3.30-obss/build/scratch/simple-ofdma-adhoc4', '--ofdmaEnabled=true', '--startTime=60', '--totalTime=120', '--dataMode=HeMcs7', '--datarate=2e5', '--ratio=0.375', '--RngRun=4', '--locationFile=my-simulations/8_ofdma7/txt/locationFile44.txt', '--routingFile=my-simulations/8_ofdma7/txt/routingFile44.txt'] terminated with signal SIGSEGV. Run it under a debugger to get more information (./waf --run <program> --command-template="gdb --args %s <args>").
