Waf: Entering directory `/home/ubuntu/ns-3.30-obss/build'
Waf: Leaving directory `/home/ubuntu/ns-3.30-obss/build'
Build commands will be stored in build/compile_commands.json
'build' finished successfully (0.639s)
--------------------------Rate[Kbps]--------------------------
Time[s]	cl-1	cl-2	cl-3	cl-4	cl-5	cl-6	cl-7	cl-8	cl-9	cl-10	cl-11	cl-12	cl-13	cl-14	cl-15	cl-16	cl-17	cl-18	cl-19	cl-20
60	15.2	16.2	14.8	12.8	16.6	16.8	14.4	15	11.4	14	12.2	17	16.6	11	16	11.8	16.2	15	14.8	15.8
61	0	0	0	0	0	128	0	0	0	304	304	0	176	240	296	88	32	232	192	0
62	0	0	0	0	0	96	8	248	120	176	136	56	32	216	0	312	288	288	240	136
63	0	0	0	0	0	0	0	0	0	0	0	0	160	0	32	416	0	0	0	0
64	0	0	0	0	0	0	0	0	0	0	0	0	0	128	0	0	0	0	0	0
65	0	0	0	0	0	0	0	0	0	0	0	0	336	8	0	360	0	0	0	0
66	0	0	0	0	0	0	0	0	0	0	0	0	0	152	0	16	0	0	0	0
67	0	0	0	0	0	0	0	0	0	0	0	0	272	240	40	240	0	0	0	0
68	0	0	0	0	0	0	0	0	0	0	0	0	128	144	0	0	0	0	0	0
69	0	0	0	0	0	0	0	0	0	0	0	0	72	168	112	0	0	0	0	0
70	0	0	0	0	0	0	0	0	0	0	0	0	72	8	504	0	0	0	0	0
71	0	0	0	0	0	0	0	0	0	0	0	0	56	208	344	232	0	0	0	0
72	0	0	0	0	0	0	0	0	0	0	0	0	0	32	288	56	0	0	0	0
73	0	0	0	0	0	0	0	0	0	0	0	0	0	224	0	0	0	0	0	0
74	0	0	0	0	0	0	0	0	0	0	0	0	0	0	96	88	0	0	0	0
75	0	0	0	0	0	0	0	0	0	0	0	0	152	16	48	0	0	0	0	0
76	0	0	0	0	0	0	0	0	0	0	0	0	320	32	176	0	0	0	0	0
77	0	0	0	0	0	0	0	0	0	0	0	0	64	8	8	224	0	0	0	0
78	0	0	0	0	0	0	0	0	0	0	0	0	8	0	112	0	0	0	0	0
79	0	0	0	0	0	0	0	0	0	0	0	0	0	0	0	0	0	0	0	0
80	0	0	0	0	0	0	0	0	0	0	0	0	0	0	0	0	0	0	0	0
81	0	0	0	0	0	0	0	0	0	0	0	0	0	0	0	0	0	0	0	0
82	0	0	0	0	0	0	0	0	0	0	0	0	0	0	0	0	0	0	0	0
83	0	0	0	0	0	0	0	0	0	0	0	0	0	0	0	0	0	0	0	0
84	0	0	0	0	0	0	0	0	0	0	0	0	0	0	0	0	0	0	0	0
85	0	0	0	0	0	0	0	0	0	0	0	0	0	0	0	0	0	0	0	0
86	0	0	0	0	0	0	0	0	0	0	0	0	0	0	0	0	0	0	0	0
87	0	0	0	0	0	0	0	0	0	0	0	0	0	0	0	0	0	0	0	0
88	0	0	0	0	0	0	0	0	0	0	0	0	0	0	0	0	0	0	0	0
89	0	0	0	0	0	0	0	0	0	0	0	0	0	0	0	0	0	0	0	0
90	0	0	0	0	0	0	0	0	0	0	0	0	0	0	0	0	0	0	0	0
91	0	0	0	0	0	0	0	0	0	0	0	0	0	0	0	0	0	0	0	0
92	0	0	0	0	0	0	0	0	0	0	0	0	0	0	0	0	0	0	0	0
93	0	0	0	0	0	0	0	0	0	0	0	0	0	0	0	0	0	0	0	0
94	0	0	0	0	0	0	0	0	0	0	0	0	0	0	0	0	0	0	0	0
95	0	0	0	0	0	0	0	0	0	0	0	0	0	0	0	0	0	0	0	0
96	0	0	0	0	0	0	0	0	0	0	0	0	0	0	0	0	0	0	0	0
97	0	0	0	0	0	0	0	0	0	0	0	0	0	0	0	0	0	0	0	0
98	0	0	0	0	0	0	0	0	0	0	0	0	0	0	0	0	0	0	0	0
99	0	0	0	0	0	0	0	0	0	0	0	0	0	0	0	0	0	0	0	0
100	0	0	0	0	0	0	0	0	0	0	0	0	0	0	0	0	0	0	0	0
101	0	0	0	0	0	0	0	0	0	0	0	0	0	0	0	0	0	0	0	0
102	0	0	0	0	0	0	0	0	0	0	0	0	0	0	0	0	0	0	0	0
103	0	0	0	0	0	0	0	0	0	0	0	0	0	0	0	0	0	0	0	0
104	0	0	0	0	0	0	0	0	0	0	0	0	0	0	0	0	0	0	0	0
105	0	0	0	0	0	0	0	0	0	0	0	0	0	0	0	0	0	0	0	0
106	0	0	0	0	0	0	0	0	0	0	0	0	0	0	0	0	0	0	0	0
107	0	0	0	0	0	0	0	0	0	0	0	0	0	0	0	0	0	0	0	0
108	0	0	0	0	0	0	0	0	0	0	0	0	0	0	0	0	0	0	0	0
109	0	0	0	0	0	0	0	0	0	0	0	0	0	0	0	0	0	0	0	0
110	0	0	0	0	0	0	0	0	0	0	0	0	0	0	0	0	0	0	0	0
111	0	0	0	0	0	0	0	0	0	0	0	0	0	0	0	0	0	0	0	0
112	0	0	0	0	0	0	0	0	0	0	0	0	0	0	0	0	0	0	0	0
113	0	0	0	0	0	0	0	0	0	0	0	0	0	0	0	0	0	0	0	0
114	0	0	0	0	0	0	0	0	0	0	0	0	0	0	0	0	0	0	0	0
115	0	0	0	0	0	0	0	0	0	0	0	0	0	0	0	0	0	0	0	0
116	0	0	0	0	0	0	0	0	0	0	0	0	0	0	0	0	0	0	0	0
117	0	0	0	0	0	0	0	0	0	0	0	0	0	0	0	0	0	0	0	0
118	0	0	0	0	0	0	0	0	0	0	0	0	0	0	0	0	0	0	0	0
119	0	0	0	0	0	0	0	0	0	0	0	0	0	0	0	0	0	0	0	0
120	0	0	0	0	0	0	0	0	0	0	0	0	0	0	0	0	0	0	0	0
avg	0	0	0	0	0	3.73333	0.133333	4.13333	2	8	7.33333	0.933333	30.8	30.4	34.2667	33.8667	5.33333	8.66667	7.2	2.26667
delay	0	0	0	0	0	208.357	509	318.613	427.4	127.217	153.164	484	456.333	413.776	436.401	456.972	295.625	200.938	221.019	390.941
loss	0	0	0	0	0	0.980874	0.999368	0.978738	0.989919	0.960106	0.971853	0.995641	0.841237	0.843943	0.820531	0.836023	0.978413	0.965222	0.966229	0.990207
Command ['/home/ubuntu/ns-3.30-obss/build/scratch/simple-ofdma-adhoc4', '--ofdmaEnabled=false', '--rtscts=1', '--startTime=60', '--totalTime=120', '--dataMode=HeMcs0', '--datarate=5e5', '--clNum=20', '--ratio=0.375', '--RngRun=22'] terminated with signal SIGSEGV. Run it under a debugger to get more information (./waf --run <program> --command-template="gdb --args %s <args>").
