Waf: Entering directory `/home/ubuntu/ns-3.30-obss/build'
Waf: Leaving directory `/home/ubuntu/ns-3.30-obss/build'
Build commands will be stored in build/compile_commands.json
'build' finished successfully (0.367s)
--------------------------Rate[Kbps]--------------------------
Time[s]	cl-1	cl-2	cl-3	cl-4	cl-5	cl-6	cl-7	cl-8	cl-9	cl-10	cl-11	cl-12	cl-13	cl-14	cl-15	cl-16	cl-17	cl-18	cl-19	cl-20
60	14.6	14.6	13	10.8	16	14.4	16.8	14.8	11.4	15	12.8	15.4	14	16.2	13.8	14.2	16.2	14	13.4	13.2
61	40	24	48	80	80	72	40	0	0	96	144	184	40	40	0	104	0	0	128	120
62	64	208	0	64	56	56	80	24	160	24	104	64	8	56	128	80	0	160	176	56
63	128	136	120	152	168	200	0	184	64	136	48	56	128	72	8	152	184	168	160	96
64	136	168	32	80	200	16	128	104	104	56	0	64	200	32	32	32	168	0	64	168
65	40	0	24	48	8	96	176	48	200	64	56	200	144	8	152	0	64	16	72	144
66	72	120	40	16	96	184	56	0	32	56	64	168	176	200	80	152	80	32	176	200
67	72	128	160	16	120	96	24	184	56	32	0	192	72	80	16	144	200	184	120	64
68	184	0	192	160	48	80	0	104	200	0	88	48	72	200	120	192	64	96	200	8
69	64	176	48	128	0	56	88	200	144	72	104	160	16	104	120	72	72	192	176	32
70	160	72	24	176	104	24	200	88	192	0	176	88	96	112	152	24	152	104	176	80
71	0	48	112	168	64	128	8	192	24	88	88	120	0	0	56	104	200	40	104	112
72	160	184	8	96	0	88	40	0	8	0	0	200	176	112	200	64	72	0	168	160
73	88	16	16	192	184	200	0	160	40	104	168	144	32	64	88	0	64	120	192	192
74	200	24	160	136	120	24	8	104	72	80	136	200	128	72	136	96	200	192	120	80
75	112	0	16	0	24	200	56	120	80	200	112	136	200	200	0	200	56	24	176	152
76	200	144	8	136	176	112	120	88	112	192	72	152	16	80	168	136	0	160	184	96
77	72	88	152	184	16	200	128	32	112	104	176	192	120	88	104	0	112	88	64	200
78	64	160	96	0	64	96	104	0	112	176	112	200	176	24	120	72	32	64	0	184
79	184	72	144	32	32	32	0	96	144	0	192	120	0	184	144	88	192	48	136	112
80	40	184	200	200	88	176	16	208	200	40	96	160	56	72	40	152	64	80	112	208
81	184	0	56	64	0	160	0	112	56	24	24	72	96	40	128	184	112	184	64	64
82	192	160	200	16	16	112	120	112	0	112	168	72	200	80	40	16	112	40	0	200
83	48	192	0	24	48	200	168	0	136	160	104	200	88	152	120	24	152	120	0	40
84	136	104	48	88	64	96	80	160	16	160	40	104	160	152	88	200	200	72	48	40
85	8	184	200	64	88	112	104	168	48	144	40	200	136	144	0	96	120	200	200	136
86	192	80	16	88	80	0	96	0	184	48	184	40	200	136	160	8	0	104	112	32
87	200	168	128	120	0	136	200	24	0	0	72	24	136	168	200	72	8	24	16	0
88	48	40	200	56	136	8	160	40	16	168	128	176	0	0	104	96	128	24	184	72
89	112	0	24	56	48	136	152	120	200	184	160	16	64	176	120	152	136	88	96	88
90	48	24	144	72	176	0	184	56	96	200	104	112	200	144	200	200	48	96	200	160
91	152	128	136	24	160	72	112	144	64	40	112	40	80	24	160	128	0	184	80	168
92	8	200	200	120	72	144	32	160	200	152	128	112	0	176	0	48	176	48	136	0
93	72	184	144	112	176	0	16	168	104	200	48	0	8	64	144	120	184	80	120	112
94	136	24	200	120	24	48	0	200	128	56	96	40	128	136	184	24	16	32	144	192
95	104	136	200	192	160	48	184	184	200	200	40	176	136	56	120	0	88	56	128	88
96	136	144	136	112	24	144	200	104	56	72	128	8	192	80	24	56	200	136	104	104
97	72	0	8	72	0	88	56	0	152	96	104	72	168	128	136	16	136	184	64	0
98	16	72	128	80	72	200	128	168	112	56	0	8	64	168	96	16	176	72	16	88
99	128	8	200	0	56	80	48	48	136	88	136	200	72	120	168	96	56	80	88	200
100	136	160	24	40	80	176	48	24	24	160	128	128	40	168	104	64	112	144	80	112
101	72	8	104	160	200	128	0	88	112	144	16	80	200	56	24	0	136	64	104	96
102	0	136	136	16	120	176	40	40	200	128	88	48	104	16	152	112	72	120	168	16
103	64	136	64	88	88	16	176	200	72	56	48	128	128	88	192	0	80	128	152	72
104	40	48	96	0	176	24	136	160	112	64	128	200	144	104	64	64	200	208	200	104
105	96	200	200	168	144	192	200	64	200	160	16	104	56	176	48	0	88	128	40	56
106	8	128	16	8	80	136	136	128	40	128	64	200	160	120	0	72	208	208	48	64
107	104	112	64	112	104	96	64	200	0	120	144	192	184	0	16	8	136	88	72	8
108	152	200	176	0	104	80	128	176	80	104	24	200	0	0	0	200	0	72	0	24
109	24	56	144	152	0	72	32	200	0	128	152	184	144	120	176	152	128	48	88	120
110	184	104	96	152	120	0	200	32	104	24	40	200	0	24	72	96	136	0	176	16
111	160	160	136	0	0	128	0	56	0	16	0	104	32	0	56	24	56	136	104	40
112	192	192	80	144	88	136	48	0	80	200	168	200	128	8	184	200	184	16	48	136
113	104	152	192	40	208	120	56	72	32	120	32	72	144	0	0	48	144	112	96	32
114	112	200	96	56	112	168	64	24	56	0	96	24	120	32	56	200	56	72	80	112
115	176	32	120	136	0	96	80	192	168	104	48	200	0	192	192	96	8	184	104	200
116	0	56	208	176	16	32	96	24	200	152	0	200	120	32	0	184	192	200	112	136
117	168	32	152	48	176	40	200	176	96	200	48	40	192	88	168	104	200	136	8	64
118	176	88	184	128	176	16	72	56	40	104	104	160	200	160	56	48	144	64	136	0
119	0	64	136	128	88	200	32	32	32	32	64	56	200	64	32	112	96	64	64	104
120	8	48	104	112	80	168	64	96	200	0	192	64	128	184	32	160	0	184	200	16
avg	100.8	101.867	108.267	90.1333	86.8	102	86.4	99.0667	96.8	97.0667	89.2	121.733	106.8	92.9333	94.6667	89.3333	106.667	99.4667	109.733	96.2667
delay	4.07275	4.09817	5.01232	4.55917	6.43405	9.05098	9.33179	9.56393	6.49174	6.52885	6.54559	6.55422	6.41823	7.22956	6.33239	6.23134	6.3	6.45576	6.6051	7.32825
loss	0	0	0	0	0	0	0	0	0	0	0	0	0	0	0	0	0	0	0	0
Command ['/home/ubuntu/ns-3.30-obss/build/scratch/simple-ofdma-adhoc', '--ofdmaEnabled=false', '--rtscts=1', '--startTime=60', '--totalTime=120', '--dataMode=HeMcs0', '--datarate=2e5', '--clNum=20', '--ratio=0.375', '--RngRun=66'] terminated with signal SIGSEGV. Run it under a debugger to get more information (./waf --run <program> --command-template="gdb --args %s <args>").
