Waf: Entering directory `/home/ubuntu/ns-3.30-obss/build'
Waf: Leaving directory `/home/ubuntu/ns-3.30-obss/build'
Build commands will be stored in build/compile_commands.json
'build' finished successfully (0.768s)
--------------------------Rate[Kbps]--------------------------
Time[s]	cl-1	cl-2	cl-3	cl-4	cl-5	cl-6
60	14.8	15	18	15.2	15	13
61	0	0	56	80	16	64
62	0	0	80	184	152	152
63	0	0	72	96	0	32
64	0	0	40	72	80	112
65	0	0	112	120	32	200
66	0	0	0	0	176	48
67	0	0	96	200	80	128
68	0	0	160	0	32	168
69	0	0	200	176	200	136
70	0	0	72	144	112	96
71	0	0	80	16	40	200
72	0	0	48	200	0	176
73	0	0	200	104	24	88
74	0	0	200	200	0	0
75	0	0	200	120	120	120
76	0	0	120	48	32	200
77	0	0	200	192	8	192
78	0	0	72	0	136	112
79	0	0	64	88	64	128
80	0	0	48	0	96	168
81	0	0	200	120	56	0
82	0	0	120	40	0	64
83	0	0	0	0	96	168
84	0	0	120	0	88	48
85	0	0	176	40	72	32
86	0	0	184	200	40	80
87	0	0	200	160	24	56
88	0	0	128	136	80	0
89	0	0	0	120	200	80
90	0	0	104	112	40	120
91	0	0	56	96	48	80
92	0	0	176	16	0	104
93	0	0	80	16	192	96
94	0	0	160	0	184	80
95	0	0	64	8	112	24
96	0	0	184	152	0	8
97	0	0	80	80	176	32
98	0	0	168	72	144	184
99	0	0	104	72	200	160
100	0	0	144	16	168	160
101	0	0	200	32	160	112
102	0	0	128	32	32	160
103	0	0	96	8	144	80
104	0	0	80	80	120	152
105	0	0	40	144	112	200
106	0	0	200	32	168	120
107	0	0	176	200	0	168
108	0	0	40	16	96	160
109	0	0	200	24	144	64
110	0	0	168	0	176	32
111	0	0	64	88	40	48
112	0	0	184	192	0	200
113	0	0	8	112	136	176
114	0	0	48	160	200	192
115	0	0	0	48	160	88
116	0	0	144	168	152	104
117	0	0	200	8	0	0
118	0	0	64	0	112	48
119	0	0	184	8	200	0
120	0	0	160	128	184	168
(1,3452)	(2,1)	(3,0)	(4,0)	
(1,1654)	(2,4)	(3,0)	(4,0)	
(1,1641)	(2,2)	(3,0)	(4,0)	
(1,1)	(2,0)	(3,0)	(4,0)	
(1,1)	(2,0)	(3,0)	(4,0)	
(1,1)	(2,0)	(3,0)	(4,0)	
(1,1)	(2,0)	(3,0)	(4,0)	
avg	0	0	115.867	82.9333	94.2667	106.133
delay	0.283784	0.28	1.91139	1.88746	1.92504	1.8907
loss	0	0	0.00114943	0.00160514	0	0.00125471
Command ['/home/ubuntu/ns-3.30-obss/build/scratch/simple-ofdma-adhoc4', '--ofdmaEnabled=true', '--startTime=60', '--totalTime=120', '--dataMode=HeMcs1', '--datarate=2e5', '--ratio=0.375', '--RngRun=37', '--locationFile=my-simulations/8_ofdma7/txt/locationFile22.txt', '--routingFile=my-simulations/8_ofdma7/txt/routingFile22.txt'] terminated with signal SIGSEGV. Run it under a debugger to get more information (./waf --run <program> --command-template="gdb --args %s <args>").
