Waf: Entering directory `/home/ubuntu/ns-3.30-obss/build'
Waf: Leaving directory `/home/ubuntu/ns-3.30-obss/build'
Build commands will be stored in build/compile_commands.json
'build' finished successfully (0.816s)
--------------------------Rate[Kbps]--------------------------
Time[s]	cl-1	cl-2	cl-3	cl-4	cl-5	cl-6	cl-7	cl-8	cl-9	cl-10	cl-11	cl-12
60	17	12.6	10.8	16	14.4	13.4	15.6	12.8	14	15.8	14	15
61	0	0	0	0	400	552	184	376	32	0	448	208
62	0	0	0	0	448	376	384	304	408	488	376	376
63	0	0	0	0	592	0	8	576	208	160	496	128
64	0	0	0	0	200	456	216	592	192	504	0	128
65	0	0	0	0	424	432	488	488	296	584	280	96
66	0	0	0	0	336	136	32	368	128	496	0	304
67	0	0	0	0	576	152	312	488	16	16	152	424
68	0	0	0	0	520	488	584	384	176	32	16	552
69	0	0	0	0	176	168	552	384	488	496	192	432
70	0	0	0	0	208	368	552	296	488	40	208	568
71	0	0	0	0	0	440	200	352	256	336	200	112
72	0	0	0	0	568	144	0	176	136	248	104	592
73	0	0	0	0	8	416	336	272	576	8	424	216
74	0	0	0	0	208	576	16	600	432	296	232	592
75	0	0	0	0	544	200	536	392	80	120	544	216
76	0	0	0	0	240	224	440	160	560	480	232	8
77	0	0	0	0	376	8	344	192	352	80	0	64
78	0	0	0	0	528	600	0	112	256	400	344	424
79	0	0	0	0	248	152	392	408	256	336	384	568
80	0	0	0	0	296	368	112	496	16	176	416	424
81	0	0	0	0	0	400	224	0	0	392	464	600
82	0	0	0	0	480	592	240	240	304	248	592	48
83	0	0	0	0	440	0	176	232	8	456	88	64
84	0	0	0	0	464	416	336	600	192	184	528	64
85	0	0	0	0	600	248	304	352	336	408	408	496
86	0	0	0	0	432	416	0	576	144	208	64	264
87	0	0	0	0	576	208	368	256	240	384	512	544
88	0	0	0	0	552	216	64	304	600	360	280	72
89	0	0	0	0	192	312	424	448	304	0	520	208
90	0	0	0	0	480	504	80	0	160	176	384	240
91	0	0	0	0	464	592	328	400	312	0	552	0
92	0	0	0	0	472	56	48	248	0	256	600	368
93	0	0	0	0	336	568	32	144	440	312	368	224
94	0	0	0	0	544	408	248	232	112	536	16	496
95	0	0	0	0	272	208	528	136	64	192	160	520
96	0	0	0	0	0	88	368	536	576	0	600	392
97	0	0	0	0	408	600	280	280	80	232	384	328
98	0	0	0	0	592	440	232	176	400	568	216	248
99	0	0	0	0	80	352	184	0	336	32	320	184
100	0	0	0	0	112	320	112	320	584	600	352	312
101	0	0	0	0	16	152	0	360	128	88	0	0
102	0	0	0	0	392	544	96	0	312	352	120	192
103	0	0	0	0	144	256	192	576	440	600	152	320
104	0	0	0	0	72	400	352	512	208	240	0	528
105	0	0	0	0	40	368	600	0	448	288	176	0
106	0	0	0	0	464	568	456	176	576	128	440	88
107	0	0	0	0	344	256	576	288	432	64	592	480
108	0	0	0	0	424	0	96	0	296	600	568	600
109	0	0	0	0	280	264	368	72	144	416	600	320
110	0	0	0	0	312	112	448	328	368	400	376	440
111	0	0	0	0	584	176	288	280	208	576	448	520
112	0	0	0	0	184	112	560	352	416	200	0	56
113	0	0	0	0	360	0	352	0	536	528	280	568
114	0	0	0	0	40	560	208	224	448	64	544	440
115	0	0	0	0	40	560	480	96	0	400	288	304
116	0	0	0	0	576	24	280	360	192	0	576	448
117	0	0	0	0	352	416	584	600	0	208	160	272
118	0	0	0	0	200	0	592	352	248	216	248	32
119	0	0	0	0	328	272	344	392	384	560	600	0
120	0	0	0	0	136	600	232	8	272	456	312	296
(1,17672)	(2,822)	(3,0)	(4,16)	
(1,4953)	(2,38)	(3,0)	(4,0)	
(1,4306)	(2,172)	(3,0)	(4,0)	
(1,4389)	(2,47)	(3,0)	(4,0)	
(1,4724)	(2,64)	(3,0)	(4,0)	
(1,1)	(2,0)	(3,0)	(4,0)	
(1,1)	(2,0)	(3,0)	(4,0)	
(1,1)	(2,0)	(3,0)	(4,0)	
(1,1)	(2,0)	(3,0)	(4,0)	
(1,1)	(2,0)	(3,0)	(4,0)	
(1,1)	(2,0)	(3,0)	(4,0)	
(1,1)	(2,0)	(3,0)	(4,0)	
(1,1)	(2,0)	(3,0)	(4,0)	
avg	0	0	0	0	328	314	289.467	297.867	276.667	287.067	315.6	300.133
delay	0.235294	0.285714	0.259259	0.2875	2.99756	1.19066	1.30447	1.32408	1.20048	1.30376	1.20532	1.31897
loss	0	0	0	0	0.0187475	0.0154682	0.0312361	0.0210342	0.0179839	0.0332286	0.0198758	0.0276458
Command ['/home/ubuntu/ns-3.30-obss/build/scratch/simple-ofdma-adhoc4', '--ofdmaEnabled=true', '--startTime=60', '--totalTime=120', '--dataMode=HeMcs5', '--datarate=6e5', '--ratio=0.375', '--RngRun=37', '--locationFile=my-simulations/8_ofdma7/txt/locationFile42.txt', '--routingFile=my-simulations/8_ofdma7/txt/routingFile42.txt'] terminated with signal SIGSEGV. Run it under a debugger to get more information (./waf --run <program> --command-template="gdb --args %s <args>").
