Waf: Entering directory `/home/ubuntu/ns-3.30-obss/build'
Waf: Leaving directory `/home/ubuntu/ns-3.30-obss/build'
Build commands will be stored in build/compile_commands.json
'build' finished successfully (0.911s)
--------------------------Rate[Kbps]--------------------------
Time[s]	cl-1	cl-2	cl-3	cl-4	cl-5	cl-6	cl-7	cl-8	cl-9	cl-10	cl-11	cl-12
60	17	12.6	10.8	16	14.4	13.4	15.6	12.8	14	15.8	14	15
61	0	0	0	104	136	184	56	128	8	0	144	72
62	0	0	0	0	152	120	128	104	136	160	120	120
63	0	0	0	120	200	0	8	192	72	56	152	24
64	0	0	0	64	64	152	64	192	64	0	0	0
65	0	0	0	160	112	104	128	128	96	0	0	0
66	0	0	0	48	104	48	24	136	40	456	72	160
67	0	0	0	8	200	56	104	160	8	0	56	152
68	0	0	0	152	168	160	192	128	56	16	8	184
69	0	0	0	200	64	64	200	136	168	160	40	160
70	0	0	0	24	64	120	192	112	176	16	80	200
71	0	0	0	56	0	144	64	120	80	112	64	40
72	0	0	0	168	192	48	0	56	48	88	32	200
73	0	0	0	168	0	144	112	88	200	0	160	72
74	0	0	0	64	72	200	8	200	144	120	72	200
75	0	0	0	72	192	72	200	136	32	40	192	72
76	0	0	0	96	96	80	160	56	192	168	80	8
77	0	0	0	32	128	8	112	64	120	32	0	16
78	0	0	0	144	192	200	0	32	88	144	120	152
79	0	0	0	176	88	48	144	144	88	136	128	200
80	0	0	0	72	96	120	40	176	8	56	136	144
81	0	0	0	8	0	136	80	0	0	136	152	200
82	0	0	0	80	160	200	80	80	96	72	200	8
83	0	0	0	0	152	0	64	72	8	152	32	24
84	0	0	0	184	136	136	96	200	64	64	176	16
85	0	0	0	200	200	80	96	120	112	144	136	168
86	0	0	0	64	160	160	0	200	56	72	16	88
87	0	0	0	152	184	64	136	88	80	152	176	192
88	0	0	0	200	184	72	24	96	200	128	96	24
89	0	0	0	120	64	112	144	152	104	0	192	72
90	0	0	0	160	160	168	32	0	48	56	136	88
91	0	0	0	120	152	200	120	136	104	0	184	0
92	0	0	0	64	160	16	16	88	0	88	200	120
93	0	0	0	112	112	192	8	48	160	112	128	80
94	0	0	0	184	184	136	96	80	40	200	8	176
95	0	0	0	160	88	64	176	48	16	72	56	176
96	0	0	0	0	0	32	128	176	192	0	200	128
97	0	0	0	0	136	200	96	96	32	72	128	112
98	0	0	0	72	200	144	80	56	128	200	80	80
99	0	0	0	168	32	120	72	0	112	8	104	64
100	0	0	0	144	32	104	32	112	200	200	120	104
101	0	0	0	8	8	56	0	120	40	32	0	0
102	0	0	0	96	128	176	32	0	104	120	40	64
103	0	0	0	88	48	88	64	192	144	192	40	104
104	0	0	0	0	24	128	120	176	72	80	0	184
105	0	0	0	120	16	128	200	0	152	96	64	0
106	0	0	0	104	152	200	160	56	192	48	144	24
107	0	0	0	40	120	104	192	96	144	24	192	168
108	0	0	0	152	144	0	32	0	104	200	192	200
109	0	0	0	0	96	88	112	32	48	144	192	120
110	0	0	0	32	104	40	152	112	120	128	128	152
111	0	0	0	96	192	56	96	96	64	200	144	176
112	0	0	0	56	64	40	192	112	144	64	0	16
113	0	0	0	48	120	0	112	0	176	176	96	192
114	0	0	0	32	16	192	72	80	152	24	184	144
115	0	0	0	160	8	184	160	32	0	136	96	104
116	0	0	0	200	192	8	96	120	64	0	192	152
117	0	0	0	144	120	136	184	200	0	64	64	96
118	0	0	0	0	64	0	200	120	88	64	80	8
119	0	0	0	128	112	96	112	136	136	192	200	0
120	0	0	0	144	56	200	80	0	88	160	104	96
(1,7601)	(2,46)	(3,0)	(4,17)	
(1,2510)	(2,27)	(3,0)	(4,3)	
(1,2340)	(2,40)	(3,0)	(4,0)	
(1,2411)	(2,30)	(3,0)	(4,17)	
(1,1)	(2,0)	(3,0)	(4,0)	
(1,1)	(2,0)	(3,0)	(4,0)	
(1,1)	(2,0)	(3,0)	(4,0)	
(1,1)	(2,0)	(3,0)	(4,0)	
(1,1)	(2,0)	(3,0)	(4,0)	
(1,1)	(2,0)	(3,0)	(4,0)	
(1,1)	(2,0)	(3,0)	(4,0)	
(1,1)	(2,0)	(3,0)	(4,0)	
(1,1)	(2,0)	(3,0)	(4,0)	
avg	0	0	0	96.1333	110	105.467	98	100.267	93.4667	97.2	105.467	101.6
delay	0.258824	0.301587	0.277778	3.58391	3.92727	3.45386	3.02177	4.88431	1.44508	67.8148	12.5487	13.6798
loss	0	0	0	0.0190476	0.0143369	0.00877193	0.0147453	0.0118265	0.00567376	0.0188425	0.0186104	0.0129534
Command ['/home/ubuntu/ns-3.30-obss/build/scratch/simple-ofdma-adhoc4', '--ofdmaEnabled=true', '--startTime=60', '--totalTime=120', '--dataMode=HeMcs3', '--datarate=2e5', '--ratio=0.375', '--RngRun=37', '--locationFile=my-simulations/8_ofdma7/txt/locationFile33.txt', '--routingFile=my-simulations/8_ofdma7/txt/routingFile33.txt'] terminated with signal SIGSEGV. Run it under a debugger to get more information (./waf --run <program> --command-template="gdb --args %s <args>").
