Waf: Entering directory `/home/ubuntu/ns-3.30-obss/build'
Waf: Leaving directory `/home/ubuntu/ns-3.30-obss/build'
Build commands will be stored in build/compile_commands.json
'build' finished successfully (0.700s)
--------------------------Rate[Kbps]--------------------------
Time[s]	cl-1	cl-2	cl-3	cl-4	cl-5	cl-6	cl-7	cl-8	cl-9	cl-10	cl-11	cl-12
60	17	12.6	10.8	16	14.4	13.4	15.6	12.8	14	15.8	14	15
61	0	0	0	520	712	896	280	536	40	0	672	352
62	0	0	0	0	744	592	616	488	440	736	600	608
63	0	0	0	536	920	0	16	824	472	256	712	32
64	0	0	0	280	224	400	160	648	136	528	96	232
65	0	0	0	880	696	664	856	856	536	952	472	136
66	0	0	0	344	528	224	64	568	208	792	0	496
67	0	0	0	72	936	272	496	824	16	24	256	712
68	0	0	0	784	832	816	992	624	280	72	32	928
69	0	0	0	968	240	280	928	656	792	784	288	760
70	0	0	0	88	312	608	920	544	848	64	320	1000
71	0	0	0	0	0	712	328	584	416	576	336	144
72	0	0	0	0	152	144	0	32	32	216	0	248
73	0	0	0	1680	440	640	496	568	1032	176	800	912
74	0	0	0	328	352	840	24	888	640	568	368	896
75	0	0	0	344	976	344	984	680	128	168	960	352
76	0	0	0	496	488	416	776	264	952	808	352	8
77	0	0	0	144	616	24	576	320	584	152	0	112
78	0	0	0	192	472	480	0	0	112	112	48	344
79	0	0	0	1000	712	536	488	640	560	944	856	1040
80	0	0	0	376	480	616	216	856	32	296	656	688
81	0	0	0	16	0	592	384	0	0	640	768	992
82	0	0	0	328	760	856	384	384	400	400	904	72
83	0	0	0	0	728	8	288	344	8	736	160	112
84	0	0	0	912	712	688	552	944	272	280	872	104
85	0	0	0	968	896	384	472	552	504	696	680	856
86	0	0	0	304	784	776	0	960	296	344	112	424
87	0	0	0	776	928	328	608	408	352	712	848	872
88	0	0	0	920	912	360	112	464	992	576	488	104
89	0	0	0	608	312	520	696	704	504	0	944	352
90	0	0	0	792	784	816	136	0	264	296	664	392
91	0	0	0	576	752	912	592	648	448	0	912	0
92	0	0	0	304	760	96	88	408	0	432	936	552
93	0	0	0	528	520	912	48	240	792	552	600	352
94	0	0	0	920	912	640	448	400	192	928	32	824
95	0	0	0	776	440	320	856	224	88	296	272	816
96	0	0	0	0	0	136	624	864	888	0	1000	640
97	0	0	0	32	680	920	448	448	112	392	616	536
98	0	0	0	344	1000	688	400	288	640	936	336	352
99	0	0	0	840	136	584	328	0	568	56	528	296
100	0	0	0	712	184	528	152	536	872	944	592	472
101	0	0	0	56	24	256	0	600	224	152	0	0
102	0	0	0	464	640	896	168	0	504	568	184	320
103	0	0	0	424	200	432	304	936	704	960	240	512
104	0	0	0	0	104	664	568	856	336	408	0	920
105	0	0	0	576	56	584	976	0	744	480	304	0
106	0	0	0	480	728	1000	776	352	904	232	712	144
107	0	0	0	208	608	480	968	424	720	112	1000	800
108	0	0	0	680	712	0	160	0	528	1000	864	904
109	0	0	0	16	456	448	560	152	232	680	984	560
110	0	0	0	168	528	176	760	576	560	656	616	712
111	0	0	0	472	936	312	480	456	336	968	712	848
112	0	0	0	256	304	168	928	560	696	344	0	96
113	0	0	0	232	600	0	592	0	912	864	472	920
114	0	0	0	168	72	928	312	368	712	112	872	736
115	0	0	0	792	56	928	760	136	0	616	504	496
116	0	0	0	984	864	40	424	568	264	0	928	712
117	0	0	0	640	584	680	896	960	0	304	288	448
118	0	0	0	0	328	0	976	568	424	304	408	48
119	0	0	0	552	520	408	552	648	624	936	904	0
120	0	0	0	704	224	984	384	8	432	776	496	480
(1,27468)	(2,3111)	(3,0)	(4,428)	
(1,10382)	(2,553)	(3,0)	(4,75)	
(1,9619)	(2,683)	(3,0)	(4,22)	
(1,10089)	(2,593)	(3,0)	(4,78)	
(1,1)	(2,0)	(3,0)	(4,0)	
(1,1)	(2,0)	(3,0)	(4,0)	
(1,1)	(2,0)	(3,0)	(4,0)	
(1,1)	(2,0)	(3,0)	(4,0)	
(1,1)	(2,0)	(3,0)	(4,0)	
(1,1)	(2,0)	(3,0)	(4,0)	
(1,1)	(2,0)	(3,0)	(4,0)	
(1,1)	(2,0)	(3,0)	(4,0)	
(1,1)	(2,0)	(3,0)	(4,0)	
avg	0	0	0	459.333	526.267	499.2	472.933	473.067	438.4	465.2	509.6	479.6
delay	0.235294	0.285714	0.259259	53.8961	18.0119	11.6446	3.6848	10.1054	14.0298	23.0539	13.5819	24.8702
loss	0	0	0	0.0556469	0.0507456	0.0583354	0.0429034	0.06212	0.0629809	0.0560065	0.0456929	0.0642393
Command ['/home/ubuntu/ns-3.30-obss/build/scratch/simple-ofdma-adhoc4', '--ofdmaEnabled=true', '--startTime=60', '--totalTime=120', '--dataMode=HeMcs7', '--datarate=10e5', '--ratio=0.375', '--RngRun=37', '--locationFile=my-simulations/8_ofdma7/txt/locationFile33.txt', '--routingFile=my-simulations/8_ofdma7/txt/routingFile33.txt'] terminated with signal SIGSEGV. Run it under a debugger to get more information (./waf --run <program> --command-template="gdb --args %s <args>").
