Waf: Entering directory `/home/ubuntu/ns-3.30-obss/build'
Waf: Leaving directory `/home/ubuntu/ns-3.30-obss/build'
Build commands will be stored in build/compile_commands.json
'build' finished successfully (0.867s)
--------------------------Rate[Kbps]--------------------------
Time[s]	cl-1	cl-2	cl-3	cl-4	cl-5	cl-6	cl-7	cl-8	cl-9	cl-10	cl-11	cl-12	cl-13	cl-14	cl-15
60	16.2	15.8	14	13.4	16	14.6	14	16.4	15.2	15.2	15.4	14.4	13.2	13.8	12.8
61	0	0	0	840	0	144	0	368	272	0	120	416	160	344	56
62	0	0	0	184	432	200	336	512	88	224	0	544	528	248	520
63	0	0	0	320	0	0	408	520	528	584	184	40	560	360	224
64	0	0	0	528	56	616	496	376	632	48	136	112	688	0	40
65	0	0	0	800	816	560	328	56	16	184	200	8	184	544	224
66	0	0	0	160	152	408	408	368	192	192	456	512	312	176	248
67	0	0	0	288	344	496	488	288	416	312	240	488	176	280	64
68	0	0	0	440	144	688	336	312	176	296	248	584	320	0	32
69	0	0	0	184	512	208	440	504	456	0	408	160	280	8	440
70	0	0	0	160	592	600	0	472	616	24	320	440	0	288	120
71	0	0	0	424	152	304	120	72	288	456	472	528	240	0	488
72	0	0	0	368	208	288	464	0	296	232	504	344	248	392	384
73	0	0	0	88	168	536	0	304	176	448	448	304	560	448	136
74	0	0	0	560	0	376	72	464	0	336	400	656	448	0	208
75	0	0	0	24	216	400	296	504	736	104	328	104	288	320	456
76	0	0	0	104	352	56	0	216	504	688	0	328	624	168	560
77	0	0	0	80	96	680	424	232	424	696	192	0	320	432	176
78	0	0	0	280	272	400	456	240	168	488	256	192	392	440	152
79	0	0	0	520	152	96	240	232	88	360	272	304	280	264	624
80	0	0	0	240	144	568	120	448	256	512	304	16	392	312	456
81	0	0	0	256	704	312	48	528	336	440	392	264	536	0	0
82	0	0	0	304	264	544	400	0	0	560	216	136	480	488	232
83	0	0	0	304	304	272	0	112	248	0	624	456	248	680	648
84	0	0	0	440	216	16	376	344	392	528	480	200	296	264	272
85	0	0	0	464	192	336	504	264	400	336	352	0	0	704	184
86	0	0	0	352	688	0	552	240	0	336	64	352	64	456	584
87	0	0	0	400	208	320	312	96	456	344	0	176	472	424	536
88	0	0	0	320	32	0	464	272	1000	232	304	416	96	256	328
89	0	0	0	272	520	472	384	280	200	544	560	128	464	0	8
90	0	0	0	0	528	552	0	512	592	536	200	248	0	544	128
91	0	0	0	296	736	0	520	56	272	288	360	608	256	48	336
92	0	0	0	264	176	384	608	16	56	152	584	256	608	264	400
93	0	0	0	464	152	248	280	536	248	48	544	656	0	8	232
94	0	0	0	136	112	0	520	528	736	712	352	80	136	136	448
95	0	0	0	512	0	568	16	0	432	560	440	0	640	0	464
96	0	0	0	600	0	392	184	304	472	168	0	168	184	680	472
97	0	0	0	0	272	608	144	272	528	520	48	416	504	200	168
98	0	0	0	472	160	504	416	512	0	232	120	128	400	240	424
99	0	0	0	384	208	264	136	96	0	744	208	496	272	504	560
100	0	0	0	120	424	576	408	432	528	208	232	0	688	64	0
101	0	0	0	280	192	56	152	528	360	328	512	8	288	680	184
102	0	0	0	320	384	416	472	80	496	0	256	544	336	408	312
103	0	0	0	208	416	736	432	72	216	40	96	296	136	680	504
104	0	0	0	216	280	656	272	296	256	0	312	504	160	256	416
105	0	0	0	416	64	120	288	368	272	472	0	560	576	24	472
106	0	0	0	232	376	464	208	288	424	472	392	24	408	400	248
107	0	0	0	704	488	552	160	688	656	64	208	64	0	88	208
108	0	0	0	568	520	656	0	288	656	128	184	56	424	216	152
109	0	0	0	24	392	608	24	752	176	760	432	184	392	0	80
110	0	0	0	16	128	760	88	256	696	592	48	136	560	440	208
111	0	0	0	184	672	440	120	392	424	176	288	0	208	608	128
112	0	0	0	464	192	0	472	352	240	648	480	88	344	440	0
113	0	0	0	104	632	320	0	24	416	8	504	104	408	720	480
114	0	0	0	152	0	624	264	120	176	680	120	456	352	360	456
115	0	0	0	328	144	600	528	376	464	440	288	48	256	0	216
116	0	0	0	80	176	272	320	392	48	528	488	376	0	200	488
117	0	0	0	120	672	0	8	384	568	264	416	432	776	120	0
118	0	0	0	296	536	104	480	160	128	600	96	424	128	224	200
119	0	0	0	224	128	168	608	560	288	352	616	472	120	0	56
120	0	0	0	696	72	128	568	576	776	136	0	0	440	240	272
(1,1319)	(2,34)	(3,0)	(4,9956)	
(1,2753)	(2,2783)	(3,0)	(4,729)	
(1,2695)	(2,2857)	(3,0)	(4,796)	
(1,2814)	(2,2571)	(3,0)	(4,631)	
(1,1)	(2,0)	(3,0)	(4,0)	
(1,1)	(2,0)	(3,0)	(4,0)	
(1,1)	(2,0)	(3,0)	(4,0)	
(1,1)	(2,0)	(3,0)	(4,0)	
(1,1)	(2,0)	(3,0)	(4,0)	
(1,1)	(2,0)	(3,0)	(4,0)	
(1,1)	(2,0)	(3,0)	(4,0)	
(1,1)	(2,0)	(3,0)	(4,0)	
(1,1)	(2,0)	(3,0)	(4,0)	
(1,1)	(2,0)	(3,0)	(4,0)	
(1,1)	(2,0)	(3,0)	(4,0)	
(1,1)	(2,0)	(3,0)	(4,0)	
avg	0	0	0	309.733	286.133	361.2	286.133	314	349.333	339.333	288.4	267.333	327.6	284.8	285.2
delay	0.283951	0.329114	0.314286	395.557	411.233	398.644	384.376	384.321	381.473	406.412	414.461	388.742	382.431	381.187	402.737
loss	0	0	0	0.378998	0.28059	0.282764	0.360548	0.376781	0.29088	0.268349	0.373191	0.369695	0.276439	0.283278	0.370044
Command ['/home/ubuntu/ns-3.30-obss/build/scratch/simple-ofdma-adhoc4', '--ofdmaEnabled=true', '--startTime=60', '--totalTime=120', '--dataMode=HeMcs1', '--datarate=10e5', '--ratio=0.375', '--RngRun=37', '--locationFile=my-simulations/8_ofdma7/txt/locationFile34.txt', '--routingFile=my-simulations/8_ofdma7/txt/routingFile34.txt'] terminated with signal SIGSEGV. Run it under a debugger to get more information (./waf --run <program> --command-template="gdb --args %s <args>").
