Waf: Entering directory `/home/ubuntu/ns-3.30-obss/build'
Waf: Leaving directory `/home/ubuntu/ns-3.30-obss/build'
Build commands will be stored in build/compile_commands.json
'build' finished successfully (0.782s)
--------------------------Rate[Kbps]--------------------------
Time[s]	cl-1	cl-2	cl-3	cl-4	cl-5	cl-6	cl-7	cl-8	cl-9	cl-10	cl-11	cl-12	cl-13	cl-14	cl-15	cl-16	cl-17	cl-18	cl-19	cl-20
60	16.4	17.6	15.2	16.2	15.8	15.2	14.2	16.6	15.6	15.4	14.6	13	15.2	13	16	12.6	16	13.8	12	16.2
61	0	0	0	0	0	408	168	616	0	368	192	0	200	176	0	0	568	0	488	0
62	0	0	0	0	0	96	0	272	152	328	736	488	264	272	184	24	208	72	776	208
63	0	0	0	0	0	352	192	192	224	576	600	336	232	192	152	0	344	0	168	712
64	0	0	0	0	0	680	280	648	656	368	224	320	616	392	56	104	136	312	264	216
65	0	0	0	0	0	608	80	512	136	672	784	752	440	8	600	384	480	344	40	672
66	0	0	0	0	0	664	128	360	328	272	480	200	776	0	144	584	392	352	184	584
67	0	0	0	0	0	336	280	520	464	136	40	368	392	352	712	608	784	576	40	360
68	0	0	0	0	0	32	0	328	32	568	720	224	752	568	328	440	184	648	336	0
69	0	0	0	0	0	616	672	168	392	24	480	360	672	448	400	640	448	672	616	192
70	0	0	0	0	0	384	416	32	528	88	496	400	440	280	608	680	240	552	16	88
71	0	0	0	0	0	152	56	328	408	112	344	8	392	152	744	232	608	760	328	0
72	0	0	0	0	0	584	56	8	120	208	336	224	0	32	112	776	400	728	608	80
73	0	0	0	0	0	520	48	400	0	80	88	264	360	640	632	376	464	264	0	320
74	0	0	0	0	0	384	64	328	232	320	0	256	8	136	0	168	168	0	72	384
75	0	0	0	0	0	288	360	64	496	704	768	448	440	264	776	312	232	560	512	0
76	0	0	0	0	0	592	640	256	536	24	56	424	232	624	448	448	400	480	336	656
77	0	0	0	0	0	160	248	456	0	56	336	776	8	424	104	776	176	584	520	568
78	0	0	0	0	0	560	192	584	224	584	264	176	424	536	536	336	0	0	0	0
79	0	0	0	0	0	152	0	456	376	368	232	600	560	120	224	136	264	336	264	104
80	0	0	0	0	0	328	520	464	368	0	792	480	368	400	576	512	0	32	0	0
81	0	0	0	0	0	648	680	416	728	256	104	464	504	760	520	0	240	312	344	528
82	0	0	0	0	0	696	496	256	480	304	704	304	744	184	328	136	0	0	480	408
83	0	0	0	0	0	0	0	680	488	664	208	24	280	752	528	0	608	688	0	384
84	0	0	0	0	0	40	40	384	200	688	784	368	288	440	344	216	224	328	624	584
85	0	0	0	0	0	728	664	704	144	264	424	776	456	32	200	584	80	368	776	136
86	0	0	0	0	0	488	168	0	352	24	520	680	416	472	592	464	248	704	16	80
87	0	0	0	0	0	72	216	536	624	432	272	448	224	136	104	0	312	168	552	752
88	0	0	0	0	0	104	184	0	56	456	0	264	304	168	312	312	440	0	0	448
89	0	0	0	0	0	800	472	336	312	480	616	136	456	336	264	360	560	128	24	224
90	0	0	0	0	0	504	80	600	544	360	8	632	320	512	368	544	248	352	264	560
91	0	0	0	0	0	0	0	352	8	768	360	384	40	272	208	760	64	784	0	96
92	0	0	0	0	0	264	432	0	376	504	704	384	664	64	432	72	456	504	176	592
93	0	0	0	0	0	288	336	128	360	0	232	272	224	0	104	104	0	408	0	112
94	0	0	0	0	0	248	144	40	184	640	112	712	408	832	504	488	24	560	464	384
95	0	0	0	0	0	200	0	304	72	384	368	312	336	72	168	376	0	0	304	376
96	0	0	0	0	0	336	688	48	32	296	592	680	456	184	480	224	240	272	232	336
97	0	0	0	0	0	112	392	136	208	232	80	304	384	152	144	464	296	384	192	384
98	0	0	0	0	0	208	64	480	80	432	288	768	544	448	760	704	424	320	504	304
99	0	0	0	0	0	24	128	176	264	504	0	104	112	208	200	8	464	512	40	104
100	0	0	0	0	0	272	288	840	240	0	336	168	664	552	0	128	384	240	288	576
101	0	0	0	0	0	224	200	344	0	232	208	216	0	216	192	32	384	0	512	328
102	0	0	0	0	0	144	312	368	280	200	464	248	264	808	616	496	416	432	104	440
103	0	0	0	0	0	480	416	0	280	80	560	576	488	368	320	408	776	176	656	16
104	0	0	0	0	0	224	456	552	32	96	464	384	680	656	0	384	0	456	496	656
105	0	0	0	0	0	232	144	384	272	432	0	344	248	312	232	200	0	96	256	24
106	0	0	0	0	0	656	816	232	168	0	344	32	272	824	776	720	512	352	464	544
107	0	0	0	0	0	256	512	232	200	216	264	144	88	136	104	224	0	368	16	504
108	0	0	0	0	0	248	256	496	184	728	64	456	64	424	216	472	112	136	464	568
109	0	0	0	0	0	376	720	392	0	424	360	440	320	696	464	616	224	384	296	648
110	0	0	0	0	0	472	224	464	616	392	536	592	736	624	24	352	0	240	592	336
111	0	0	0	0	0	784	168	0	216	32	408	712	512	0	672	272	536	0	568	440
112	0	0	0	0	0	552	704	224	0	0	424	520	608	8	344	144	440	520	0	0
113	0	0	0	0	0	352	0	8	680	80	392	152	688	536	552	232	80	632	664	384
114	0	0	0	0	0	120	336	728	696	160	192	216	224	0	200	504	376	352	0	520
115	0	0	0	0	0	40	0	96	0	256	384	0	368	360	40	0	248	296	40	240
116	0	0	0	0	0	648	560	680	856	0	256	464	528	528	32	712	264	536	168	152
117	0	0	0	0	0	544	120	576	240	440	56	0	520	56	768	496	752	128	224	152
118	0	0	0	0	0	224	80	792	496	280	368	192	56	392	424	640	384	384	0	720
119	0	0	0	0	0	232	488	320	608	360	264	56	672	328	488	248	56	184	432	0
120	0	0	0	0	0	0	264	232	240	144	720	776	280	456	288	600	104	224	632	264
(1,25794)	(2,5352)	(3,0)	(4,2279)	
(1,6626)	(2,608)	(3,0)	(4,82)	
(1,6761)	(2,545)	(3,0)	(4,46)	
(1,7389)	(2,744)	(3,0)	(4,77)	
(1,6827)	(2,607)	(3,0)	(4,77)	
(1,6523)	(2,729)	(3,0)	(4,30)	
(1,1)	(2,0)	(3,0)	(4,0)	
(1,2)	(2,0)	(3,0)	(4,0)	
(1,1)	(2,0)	(3,0)	(4,0)	
(1,1)	(2,0)	(3,0)	(4,0)	
(1,1)	(2,0)	(3,0)	(4,0)	
(1,1)	(2,0)	(3,0)	(4,0)	
(1,1)	(2,0)	(3,0)	(4,0)	
(1,1)	(2,0)	(3,0)	(4,0)	
(1,1)	(2,0)	(3,0)	(4,0)	
(1,1)	(2,0)	(3,0)	(4,0)	
(1,1)	(2,0)	(3,0)	(4,0)	
(1,1)	(2,0)	(3,0)	(4,0)	
(1,1)	(2,0)	(3,0)	(4,0)	
(1,1)	(2,0)	(3,0)	(4,0)	
(1,1)	(2,0)	(3,0)	(4,0)	
avg	0	0	0	0	0	345.6	277.467	342.133	291.467	301.6	356.8	363.467	383.6	338.667	344.133	353.867	291.2	336.667	290.533	324.133
delay	0.329268	0.238636	0.25	0.259259	0.278481	53.0131	47.8659	42.7323	36.7928	51.664	27.6857	47.9538	41.8342	46.4587	26.9272	46.9717	62.4547	39.1224	32.8798	41.9724
loss	0	0	0	0	0	0.142574	0.150959	0.144096	0.145092	0.156914	0.126632	0.133503	0.144259	0.150786	0.124194	0.133529	0.154472	0.134978	0.156081	0.152371
Command ['/home/ubuntu/ns-3.30-obss/build/scratch/simple-ofdma-adhoc4', '--ofdmaEnabled=true', '--startTime=60', '--totalTime=120', '--dataMode=HeMcs7', '--datarate=8e5', '--ratio=0.375', '--RngRun=40', '--locationFile=my-simulations/8_ofdma7/txt/locationFile53.txt', '--routingFile=my-simulations/8_ofdma7/txt/routingFile53.txt'] terminated with signal SIGSEGV. Run it under a debugger to get more information (./waf --run <program> --command-template="gdb --args %s <args>").
