Waf: Entering directory `/home/ubuntu/ns-3.30-obss/build'
Waf: Leaving directory `/home/ubuntu/ns-3.30-obss/build'
Build commands will be stored in build/compile_commands.json
'build' finished successfully (0.773s)
--------------------------Rate[Kbps]--------------------------
Time[s]	cl-1	cl-2	cl-3	cl-4	cl-5	cl-6	cl-7	cl-8
60	15.6	14.4	13.8	15.6	15.2	13.6	12.8	15.8
61	0	0	24	384	320	280	0	352
62	0	0	128	192	456	576	704	560
63	0	0	240	216	672	384	288	56
64	0	0	696	304	776	96	456	312
65	0	0	280	344	232	304	520	744
66	0	0	488	488	464	712	264	320
67	0	0	0	776	776	24	304	800
68	0	0	272	536	224	640	448	168
69	0	0	800	184	192	312	16	320
70	0	0	368	312	416	800	0	0
71	0	0	664	96	256	480	280	360
72	0	0	328	544	496	384	792	568
73	0	0	744	344	368	760	376	8
74	0	0	648	120	16	288	120	704
75	0	0	528	168	448	440	424	272
76	0	0	520	8	64	376	152	784
77	0	0	688	504	712	232	0	528
78	0	0	760	152	352	152	168	456
79	0	0	408	304	0	256	352	72
80	0	0	400	688	664	800	592	536
81	0	0	576	704	496	88	680	472
82	0	0	24	96	224	336	696	352
83	0	0	592	800	792	32	0	64
84	0	0	256	176	288	520	328	624
85	0	0	456	352	664	552	216	472
86	0	0	448	792	728	224	528	392
87	0	0	664	608	16	448	0	704
88	0	0	248	448	584	672	280	48
89	0	0	424	800	32	176	472	152
90	0	0	768	184	408	448	328	0
91	0	0	368	648	0	536	40	32
92	0	0	400	0	416	640	648	104
93	0	0	672	568	640	160	384	96
94	0	0	408	712	728	72	376	240
95	0	0	224	704	616	720	0	568
96	0	0	464	0	432	480	344	768
97	0	0	384	328	640	224	736	216
98	0	0	592	448	288	632	56	32
99	0	0	608	376	568	640	72	568
100	0	0	536	528	104	304	264	584
101	0	0	536	632	632	16	752	800
102	0	0	696	720	800	248	16	424
103	0	0	96	384	360	648	528	800
104	0	0	440	432	800	600	520	328
105	0	0	504	72	520	480	680	664
106	0	0	120	416	392	0	368	200
107	0	0	744	768	752	600	800	0
108	0	0	184	600	512	488	72	616
109	0	0	480	144	0	272	328	800
110	0	0	440	56	432	400	536	160
111	0	0	760	576	488	688	456	352
112	0	0	592	0	0	672	632	128
113	0	0	272	120	336	160	736	800
114	0	0	0	80	552	152	144	328
115	0	0	384	544	616	800	248	200
116	0	0	32	0	560	432	0	0
117	0	0	656	504	104	0	712	600
118	0	0	0	160	432	304	576	736
119	0	0	680	760	680	776	48	592
120	0	0	176	592	0	480	96	160
(1,17763)	(2,578)	(3,0)	(4,0)	
(1,9083)	(2,324)	(3,0)	(4,0)	
(1,7945)	(2,471)	(3,0)	(4,0)	
(1,1)	(2,0)	(3,0)	(4,0)	
(1,1)	(2,0)	(3,0)	(4,0)	
(1,1)	(2,0)	(3,0)	(4,0)	
(1,1)	(2,0)	(3,0)	(4,0)	
(1,1)	(2,0)	(3,0)	(4,0)	
(1,1)	(2,0)	(3,0)	(4,0)	
avg	0	0	431.467	391.6	425.6	406.933	349.2	384.933
delay	0.24359	0.236111	1.13999	1.17739	1.8537	1.27163	1.26766	1.19917
loss	0	0	0.0164134	0.0124412	0.0214592	0.018965	0.020202	0.0140027
Command ['/home/ubuntu/ns-3.30-obss/build/scratch/simple-ofdma-adhoc4', '--ofdmaEnabled=true', '--startTime=60', '--totalTime=120', '--dataMode=HeMcs5', '--datarate=8e5', '--ratio=0.375', '--RngRun=40', '--locationFile=my-simulations/8_ofdma7/txt/locationFile23.txt', '--routingFile=my-simulations/8_ofdma7/txt/routingFile23.txt'] terminated with signal SIGSEGV. Run it under a debugger to get more information (./waf --run <program> --command-template="gdb --args %s <args>").
