Waf: Entering directory `/home/ubuntu/ns-3.30-obss/build'
Waf: Leaving directory `/home/ubuntu/ns-3.30-obss/build'
Build commands will be stored in build/compile_commands.json
'build' finished successfully (0.777s)
--------------------------Rate[Kbps]--------------------------
Time[s]	cl-1	cl-2	cl-3	cl-4	cl-5	cl-6	cl-7	cl-8	cl-9	cl-10	cl-11	cl-12
60	14.2	16.2	13.8	13.6	12	17.8	13.8	15.2	15.8	12	14.4	15.2
61	0	0	0	0	0	440	408	0	376	520	0	144
62	0	0	0	0	168	288	432	264	464	592	560	496
63	0	0	0	0	192	584	480	344	400	32	16	312
64	0	0	0	0	200	440	8	264	0	584	64	344
65	0	0	0	0	496	288	0	544	208	360	128	256
66	0	0	0	0	64	0	408	592	72	264	168	224
67	0	0	0	0	264	240	216	232	216	584	592	128
68	0	0	0	0	184	472	304	216	0	16	344	192
69	0	0	0	0	0	280	64	0	240	8	208	360
70	0	0	0	0	280	328	544	208	136	208	344	584
71	0	0	0	0	544	416	272	264	552	0	568	192
72	0	0	0	0	392	296	576	496	424	184	152	104
73	0	0	0	0	408	0	344	200	136	576	480	592
74	0	0	0	0	272	496	568	152	168	480	304	400
75	0	0	0	0	0	288	72	16	440	488	104	56
76	0	0	0	0	464	456	336	464	248	416	224	184
77	0	0	0	0	536	0	280	288	168	48	528	0
78	0	0	0	0	536	160	568	368	304	352	320	352
79	0	0	0	0	520	592	200	16	136	280	352	336
80	0	0	0	0	280	288	88	248	0	120	440	256
81	0	0	0	0	0	480	376	368	416	192	448	16
82	0	0	0	0	312	192	0	424	408	344	464	432
83	0	0	0	0	392	416	280	584	424	0	0	120
84	0	0	0	0	48	376	32	120	344	296	88	336
85	0	0	0	0	152	600	0	368	280	296	184	256
86	0	0	0	0	440	112	224	88	120	232	0	488
87	0	0	0	0	0	576	320	232	576	200	168	48
88	0	0	0	0	112	152	192	592	216	592	152	376
89	0	0	0	0	376	184	256	312	120	208	112	600
90	0	0	0	0	312	216	400	568	344	544	192	120
91	0	0	0	0	472	264	488	72	536	304	424	128
92	0	0	0	0	456	120	600	0	272	248	408	480
93	0	0	0	0	256	568	184	488	504	224	584	232
94	0	0	0	0	336	144	184	152	272	560	528	0
95	0	0	0	0	592	256	0	248	0	128	408	360
96	0	0	0	0	472	0	488	64	416	256	120	0
97	0	0	0	0	392	64	72	336	600	424	112	440
98	0	0	0	0	0	224	352	24	152	600	568	8
99	0	0	0	0	296	56	600	448	128	280	96	360
100	0	0	0	0	16	88	80	416	600	56	8	0
101	0	0	0	0	408	216	184	0	280	488	280	256
102	0	0	0	0	464	256	512	288	584	232	296	184
103	0	0	0	0	592	168	0	264	544	192	600	0
104	0	0	0	0	560	432	432	416	128	152	288	488
105	0	0	0	0	272	600	592	424	144	248	0	32
106	0	0	0	0	272	0	120	64	16	72	472	208
107	0	0	0	0	272	8	160	8	544	376	184	32
108	0	0	0	0	160	112	592	544	144	584	24	592
109	0	0	0	0	304	112	0	216	48	40	0	320
110	0	0	0	0	64	56	720	176	256	320	728	200
111	0	0	0	0	240	80	376	568	40	464	184	248
112	0	0	0	0	208	0	592	200	64	264	0	192
113	0	0	0	0	176	168	392	600	424	56	184	256
114	0	0	0	0	472	600	0	192	0	184	296	480
115	0	0	0	0	568	96	264	352	104	0	264	552
116	0	0	0	0	384	96	328	584	264	448	496	0
117	0	0	0	0	184	512	600	344	224	240	304	432
118	0	0	0	0	552	304	336	144	88	416	576	128
119	0	0	0	0	216	320	200	208	576	592	216	568
120	0	0	0	0	256	224	408	408	0	168	48	360
(1,15547)	(2,1265)	(3,0)	(4,45)	
(1,4160)	(2,147)	(3,0)	(4,0)	
(1,4406)	(2,127)	(3,0)	(4,1)	
(1,4216)	(2,66)	(3,0)	(4,18)	
(1,3905)	(2,157)	(3,0)	(4,12)	
(1,1)	(2,0)	(3,0)	(4,0)	
(1,1)	(2,0)	(3,0)	(4,0)	
(1,1)	(2,0)	(3,0)	(4,0)	
(1,1)	(2,0)	(3,0)	(4,0)	
(1,1)	(2,0)	(3,0)	(4,0)	
(1,1)	(2,0)	(3,0)	(4,0)	
(1,1)	(2,0)	(3,0)	(4,0)	
(1,1)	(2,0)	(3,0)	(4,0)	
avg	0	0	0	0	297.6	263.333	301.733	284.667	264.8	293.867	273.333	264
delay	0.422535	0.283951	0.289855	0.308824	4.33199	2.82481	6.65945	2.77939	12.9844	12.8603	7.44049	5.84343
loss	0	0	0	0	0.0320902	0.0275726	0.0295757	0.0334993	0.0264706	0.0260716	0.0298154	0.027027
Command ['/home/ubuntu/ns-3.30-obss/build/scratch/simple-ofdma-adhoc4', '--ofdmaEnabled=true', '--startTime=60', '--totalTime=120', '--dataMode=HeMcs1', '--datarate=6e5', '--ratio=0.375', '--RngRun=40', '--locationFile=my-simulations/8_ofdma7/txt/locationFile42.txt', '--routingFile=my-simulations/8_ofdma7/txt/routingFile42.txt'] terminated with signal SIGSEGV. Run it under a debugger to get more information (./waf --run <program> --command-template="gdb --args %s <args>").
