Waf: Entering directory `/home/ubuntu/ns-3.30-obss/build'
Waf: Leaving directory `/home/ubuntu/ns-3.30-obss/build'
Build commands will be stored in build/compile_commands.json
'build' finished successfully (0.830s)
--------------------------Rate[Kbps]--------------------------
Time[s]	cl-1	cl-2	cl-3	cl-4	cl-5	cl-6	cl-7	cl-8	cl-9	cl-10	cl-11	cl-12	cl-13	cl-14	cl-15	cl-16	cl-17	cl-18	cl-19	cl-20
60	15.6	15.4	15.6	13.2	15	13.4	16.8	17.6	13.4	15.8	15.4	15.4	18.2	14.6	12.4	14.4	12	15.2	15.4	15.8
61	0	0	0	0	0	0	112	40	16	0	0	304	72	304	352	296	88	152	72	0
62	0	0	0	0	0	128	256	248	40	144	160	152	0	72	88	272	72	232	192	0
63	0	0	0	0	0	168	192	240	104	64	208	168	0	88	208	104	0	104	184	192
64	0	0	0	0	0	272	296	80	16	16	48	24	352	0	176	0	256	88	264	256
65	0	0	0	0	0	224	224	72	16	216	216	0	224	96	192	136	24	224	40	40
66	0	0	0	0	0	120	192	280	0	216	208	120	40	40	184	336	80	160	168	80
67	0	0	0	0	0	112	0	32	96	48	128	168	288	0	64	296	88	440	328	64
68	0	0	0	0	0	264	192	0	216	0	120	232	48	56	176	32	48	240	200	224
69	0	0	0	0	0	40	160	168	88	200	224	104	32	272	152	0	304	176	32	56
70	0	0	0	0	0	96	208	224	16	120	80	0	192	184	144	88	88	144	248	104
71	0	0	0	0	0	48	256	192	24	152	128	144	40	80	208	104	40	0	120	112
72	0	0	0	0	0	248	288	24	104	24	56	168	96	224	48	168	32	240	56	88
73	0	0	0	0	0	0	0	32	176	16	288	96	216	96	320	0	136	200	208	168
74	0	0	0	0	0	96	32	88	112	192	32	0	208	160	192	144	0	144	8	104
75	0	0	0	0	0	120	40	240	104	104	0	136	112	40	216	80	120	200	296	144
76	0	0	0	0	0	104	120	48	104	232	296	24	144	56	104	256	112	128	200	64
77	0	0	0	0	0	280	200	112	144	176	240	0	48	192	304	168	16	48	40	0
78	0	0	0	0	0	160	352	0	264	48	272	88	136	200	96	24	48	128	0	144
79	0	0	0	0	0	64	0	144	256	216	0	120	280	0	64	208	224	280	48	120
80	0	0	0	8	0	8	0	0	264	224	88	0	168	184	128	120	152	168	256	296
81	0	0	8	0	0	0	368	328	88	152	0	120	72	224	288	48	120	0	112	104
82	0	0	0	0	0	184	280	0	128	240	96	0	64	112	104	288	176	16	96	160
83	0	0	0	0	0	232	32	80	224	32	168	104	128	136	72	72	192	80	216	120
84	0	0	0	0	0	184	40	96	104	0	248	72	152	216	80	248	64	88	176	168
85	0	0	0	0	0	128	104	168	40	168	16	240	8	32	248	120	176	240	96	208
86	0	0	0	0	0	168	0	120	208	200	80	256	56	40	256	0	0	136	312	240
87	0	0	0	0	0	8	120	160	256	0	144	216	176	136	136	72	32	112	136	344
88	0	0	0	0	0	264	72	360	0	280	184	0	192	96	8	88	0	0	328	152
89	0	0	0	0	0	104	240	64	112	184	136	128	48	192	152	40	40	144	224	80
90	0	0	0	0	0	0	24	72	48	160	128	288	176	224	256	240	0	264	64	160
91	0	0	0	0	0	120	80	24	184	88	0	184	16	168	144	192	72	200	304	232
92	0	0	0	0	0	152	8	232	120	88	256	272	208	64	392	32	104	0	144	168
93	8	0	0	0	0	72	272	0	208	56	160	192	80	136	72	80	0	192	144	48
94	0	0	0	8	0	72	168	32	288	72	104	312	88	0	216	16	48	304	0	264
95	0	0	0	0	0	280	80	0	208	24	128	104	272	0	88	272	48	104	176	112
96	0	0	0	0	0	200	192	192	48	208	88	24	72	0	80	128	0	160	272	264
97	0	0	0	0	0	40	0	24	48	224	328	184	152	248	0	88	56	240	360	248
98	0	0	0	0	0	136	152	40	120	96	120	232	136	248	176	8	176	136	0	144
99	0	0	0	0	0	176	96	152	192	200	32	128	48	96	240	8	120	144	80	176
100	0	0	0	0	0	128	256	0	16	88	280	264	264	216	96	120	88	104	48	48
101	0	0	8	0	0	240	192	176	112	168	152	136	48	16	0	136	176	64	120	24
102	0	0	0	0	0	0	208	24	248	168	40	152	328	120	240	16	0	0	168	224
103	0	0	0	0	0	168	64	144	144	16	136	32	104	240	208	240	56	192	104	32
104	0	0	0	0	0	0	216	312	0	56	272	40	144	128	136	0	176	240	272	0
105	0	0	0	0	0	112	96	168	88	120	112	240	0	248	0	8	160	128	264	176
106	0	0	0	0	0	120	0	88	64	208	280	32	160	80	128	24	176	248	184	216
107	0	0	0	8	0	272	200	104	8	160	88	64	0	256	296	0	80	0	32	376
108	0	0	0	0	0	16	280	272	0	280	112	216	64	0	24	112	304	56	144	136
109	8	0	0	0	0	72	208	0	88	0	56	192	160	88	56	328	208	272	192	48
110	0	0	0	0	0	80	0	8	320	120	88	0	104	328	320	56	272	120	0	192
111	0	8	0	0	0	200	120	32	0	176	96	152	96	232	272	0	64	168	208	24
112	0	0	0	0	0	96	128	112	72	328	296	96	160	104	0	216	80	280	168	0
113	0	0	0	0	0	56	112	128	128	40	184	280	272	40	56	88	136	264	48	272
114	0	0	0	0	0	192	88	8	192	192	104	152	24	32	232	88	216	192	208	104
115	0	0	0	0	0	256	0	160	64	272	24	208	248	48	112	32	96	160	152	112
116	0	0	0	0	0	112	0	8	80	216	104	328	88	104	128	200	136	112	248	208
117	0	0	0	0	0	168	136	64	160	48	48	240	248	256	184	96	8	56	160	56
118	0	0	0	0	0	48	176	320	168	32	24	256	8	136	0	160	0	240	32	320
119	0	0	0	0	0	192	224	152	16	88	48	272	88	248	112	208	80	40	0	232
120	0	0	0	0	0	48	16	0	56	176	360	16	216	0	0	288	288	48	296	184
(1,1575)	(2,15)	(3,0)	(4,5844)	
(1,1731)	(2,899)	(3,0)	(4,72)	
(1,1865)	(2,1271)	(3,0)	(4,188)	
(1,1958)	(2,1282)	(3,0)	(4,171)	
(1,1853)	(2,1396)	(3,0)	(4,198)	
(1,1)	(2,0)	(3,0)	(4,0)	
(1,1)	(2,0)	(3,0)	(4,0)	
(1,1)	(2,0)	(3,0)	(4,0)	
(1,1)	(2,0)	(3,0)	(4,0)	
(1,1)	(2,0)	(3,0)	(4,0)	
(1,1)	(2,0)	(3,0)	(4,0)	
(1,1)	(2,0)	(3,0)	(4,0)	
(1,1)	(2,0)	(3,0)	(4,0)	
(1,1)	(2,0)	(3,0)	(4,0)	
(1,1)	(2,0)	(3,0)	(4,0)	
(1,1)	(2,0)	(3,0)	(4,0)	
(1,1)	(2,0)	(3,0)	(4,0)	
(1,1)	(2,0)	(3,0)	(4,0)	
(1,1)	(2,0)	(3,0)	(4,0)	
(1,1)	(2,0)	(3,0)	(4,0)	
(1,1)	(2,0)	(3,0)	(4,0)	
avg	0.266667	0.133333	0.266667	0.4	0	127.467	136.133	111.467	113.467	130.533	135.2	141.2	127.733	127.2	150.4	121.467	102.533	150.667	154.133	143.867
delay	491.5	360	443	434.667	0	459.154	444.471	457.822	466.601	471.202	475.651	453.933	459.312	448.44	451.685	440.233	464.367	430.824	448.787	473.571
loss	0.333333	0.666667	0	0	0	0.459899	0.40302	0.440054	0.476744	0.445326	0.385082	0.434133	0.44367	0.421117	0.395498	0.415867	0.440261	0.40495	0.386412	0.433001
Command ['/home/ubuntu/ns-3.30-obss/build/scratch/simple-ofdma-adhoc4', '--ofdmaEnabled=true', '--startTime=60', '--totalTime=120', '--dataMode=HeMcs0', '--datarate=5e5', '--clNum=20', '--ratio=0.375', '--RngRun=7'] terminated with signal SIGSEGV. Run it under a debugger to get more information (./waf --run <program> --command-template="gdb --args %s <args>").
