Waf: Entering directory `/home/ubuntu/ns-3.30-obss/build'
Waf: Leaving directory `/home/ubuntu/ns-3.30-obss/build'
Build commands will be stored in build/compile_commands.json
'build' finished successfully (0.679s)
--------------------------Rate[Kbps]--------------------------
Time[s]	cl-1	cl-2	cl-3	cl-4	cl-5	cl-6	cl-7	cl-8	cl-9	cl-10	cl-11	cl-12	cl-13	cl-14	cl-15	cl-16	cl-17	cl-18	cl-19	cl-20
60	16.8	11.2	13.4	17	16.8	11	13.8	16.2	13.8	14.6	14	11.2	14.2	14.6	15	13.8	16	16	18.2	13
61	0	0	176	0	32	0	72	224	184	336	16	680	0	168	496	120	32	352	0	400
62	208	144	232	208	528	176	0	272	64	392	304	472	232	536	264	0	584	576	408	0
63	528	616	256	184	424	392	160	168	24	184	144	120	336	192	32	360	352	312	400	560
64	136	168	0	368	16	272	360	56	280	280	208	0	152	368	0	200	424	168	576	520
65	200	288	336	504	544	24	168	264	296	496	496	424	344	216	376	368	224	96	344	0
66	752	112	376	296	448	128	424	272	96	408	488	104	376	32	8	240	248	520	408	136
67	456	504	280	264	368	64	88	240	16	608	64	0	384	432	0	592	520	576	456	0
68	568	328	496	0	408	248	96	264	544	336	248	456	80	8	480	432	320	0	488	72
69	528	280	344	568	24	232	184	168	408	0	320	376	64	464	240	568	552	160	256	288
70	472	32	192	696	8	416	384	0	296	472	184	464	192	120	160	288	536	24	536	344
71	320	56	616	192	504	128	152	80	216	264	360	0	0	704	568	552	0	0	240	232
72	104	688	296	0	464	144	280	0	576	0	320	56	40	120	632	456	24	296	512	464
73	600	624	408	496	520	272	104	176	0	432	560	368	176	144	392	360	152	104	592	336
74	320	504	200	672	304	392	0	64	360	384	176	232	184	0	400	264	576	584	376	328
75	688	392	360	560	704	376	208	264	304	264	0	200	64	144	32	24	0	480	208	576
76	720	696	712	352	392	408	160	0	392	144	600	0	0	376	160	600	232	80	688	0
77	416	224	576	72	600	168	152	32	304	312	496	40	216	632	96	584	176	384	136	488
78	120	360	232	400	568	192	352	80	576	584	264	0	392	368	336	496	136	520	56	160
79	472	176	440	288	480	0	248	192	168	536	0	480	264	112	456	224	600	392	264	288
80	528	0	648	656	208	288	152	120	344	328	232	128	328	424	296	544	200	456	560	120
81	440	328	480	384	8	112	184	192	80	264	160	192	592	400	176	480	600	416	432	424
82	576	0	760	272	168	288	296	0	16	0	152	344	192	376	64	0	0	512	320	160
83	608	200	480	24	168	240	216	128	376	448	208	32	24	504	160	368	0	136	272	512
84	336	0	464	0	448	192	88	72	376	176	200	104	88	248	536	488	264	360	0	120
85	320	464	424	304	408	88	296	368	424	192	448	0	296	320	168	248	528	440	248	64
86	536	0	136	688	96	56	232	288	280	256	472	320	248	568	344	552	144	536	272	256
87	488	712	104	88	200	128	272	192	144	472	264	584	72	96	224	544	584	616	112	0
88	40	480	544	656	80	224	200	24	232	176	296	584	48	160	576	0	480	184	0	496
89	96	216	600	376	176	312	200	152	400	24	608	368	336	0	432	352	344	328	16	16
90	56	744	336	208	144	48	416	472	496	224	208	0	80	408	496	360	72	8	608	208
91	376	168	616	352	552	80	0	56	608	584	544	296	496	624	168	64	56	400	232	200
92	760	200	0	648	448	112	112	0	576	80	352	272	168	240	488	56	344	0	504	472
93	256	632	664	440	616	352	0	24	0	344	312	48	584	200	304	584	440	264	0	280
94	384	592	456	120	240	176	64	144	344	480	256	168	120	16	656	48	96	416	528	504
95	192	240	688	256	0	448	264	160	256	0	168	440	528	256	216	248	0	0	264	440
96	640	296	312	32	360	136	312	64	304	424	464	320	552	472	200	0	408	0	272	208
97	200	88	512	664	328	208	56	0	480	568	264	600	408	664	224	64	536	200	224	280
98	184	296	672	736	528	120	0	216	176	192	0	488	336	240	368	0	80	0	184	160
99	40	608	408	416	112	288	392	160	376	504	288	144	352	360	16	176	160	392	120	360
100	568	512	472	448	560	312	256	312	520	160	208	456	0	272	440	536	256	416	200	360
101	176	168	0	416	72	144	232	288	144	248	496	48	592	208	160	520	192	72	600	520
102	296	376	80	608	120	304	280	0	136	464	256	456	272	496	320	72	392	432	0	384
103	608	616	152	264	400	200	128	248	320	8	552	208	0	264	576	216	224	80	360	408
104	456	160	296	0	344	256	176	152	624	64	304	440	272	160	136	320	0	440	592	376
105	288	312	360	544	192	64	280	8	0	496	72	616	120	464	608	384	272	576	48	344
106	48	528	128	0	0	72	336	184	312	568	416	432	536	0	608	160	120	0	224	520
107	704	240	40	8	384	16	296	264	488	128	320	256	304	320	128	88	240	448	0	528
108	736	632	712	256	16	296	0	400	0	32	432	528	224	104	376	448	216	488	104	400
109	400	88	152	0	264	120	0	104	336	0	400	264	0	0	0	272	0	0	56	16
110	568	208	448	96	512	96	152	232	632	568	328	272	408	456	600	192	200	360	296	64
111	328	40	0	720	632	128	384	40	328	320	216	528	488	168	0	216	344	408	632	0
112	560	0	248	0	168	288	80	240	248	0	552	480	504	176	224	456	184	504	288	264
113	632	72	304	520	496	24	0	160	552	496	296	112	320	280	496	464	0	96	608	152
114	328	208	104	728	424	272	216	160	0	184	304	592	328	48	416	256	216	208	152	512
115	496	504	792	720	336	120	0	8	512	376	216	104	56	0	512	208	144	456	96	504
116	0	600	120	416	64	320	88	0	696	600	224	0	480	568	496	56	248	208	456	88
117	328	232	640	232	256	208	232	176	352	648	536	88	584	408	280	40	0	0	472	112
118	344	624	320	0	496	176	80	72	312	696	56	312	320	56	176	24	440	368	72	8
119	400	760	688	248	496	272	208	208	8	144	328	160	64	680	264	192	184	0	224	680
120	312	648	648	72	288	360	336	0	408	376	88	0	136	160	248	160	72	496	72	208
avg	387.333	333.067	375.6	328.933	319.067	199.6	185.067	148.4	305.333	312.4	295.733	270.933	255.867	283.333	305.067	286.4	249.467	289.067	294.4	282
delay	38.9628	26.5352	27.5619	29.852	40.0585	42.6513	41.0072	50.2615	44.0201	43.7862	45.1943	50.409	41.1057	34.7719	49.2981	36.723	59.6146	39.4366	47.6001	33.5929
loss	0.0904822	0.0806036	0.0883495	0.103561	0.229059	0.475105	0.477999	0.522727	0.231544	0.223401	0.236489	0.239805	0.235364	0.238811	0.208304	0.263374	0.262224	0.231941	0.218407	0.250266
Command ['/home/ubuntu/ns-3.30-obss/build/scratch/simple-ofdma-adhoc', '--ofdmaEnabled=true', '--startTime=60', '--totalTime=120', '--dataMode=HeMcs7', '--datarate=8e5', '--clNum=20', '--ratio=0.375', '--RngRun=98'] terminated with signal SIGSEGV. Run it under a debugger to get more information (./waf --run <program> --command-template="gdb --args %s <args>").
