Waf: Entering directory `/home/ubuntu/ns-3.30-obss/build'
Waf: Leaving directory `/home/ubuntu/ns-3.30-obss/build'
Build commands will be stored in build/compile_commands.json
'build' finished successfully (0.914s)
--------------------------Rate[Kbps]--------------------------
Time[s]	cl-1	cl-2	cl-3	cl-4	cl-5	cl-6	cl-7	cl-8	cl-9	cl-10	cl-11	cl-12	cl-13	cl-14	cl-15	cl-16	cl-17	cl-18	cl-19	cl-20
60	12	14.4	15	15.8	13.4	19.2	13.2	16	15.6	15.8	12	12.8	17.6	14.4	16	15.2	14.6	16	13.2	14.8
61	0	0	0	0	0	0	368	120	16	184	312	0	280	72	592	336	296	0	216	752
62	0	0	0	0	0	96	296	0	256	0	736	288	408	200	376	720	0	528	200	576
63	0	0	0	0	0	88	544	184	368	416	296	312	120	184	560	176	264	736	0	528
64	0	0	0	0	0	496	168	616	472	88	392	376	640	648	200	0	464	424	344	112
65	0	0	0	0	0	320	0	336	664	0	88	728	80	432	0	744	336	712	736	120
66	0	0	0	0	0	272	232	448	808	416	608	224	568	368	656	240	328	496	536	664
67	0	0	0	0	0	48	624	0	456	408	704	680	224	288	232	584	384	136	168	168
68	0	0	0	0	0	352	632	424	40	0	256	648	504	608	704	736	104	200	416	408
69	0	0	0	0	0	224	384	64	736	688	72	32	560	720	128	240	496	768	504	392
70	0	0	0	0	0	144	768	288	280	496	648	240	0	104	320	600	160	48	512	160
71	0	0	0	0	0	680	184	288	408	744	256	344	760	80	0	704	440	720	0	248
72	0	0	0	0	0	320	416	760	224	176	144	720	736	48	440	752	368	656	288	272
73	0	0	0	0	0	480	512	360	104	528	608	536	288	456	408	536	304	80	688	304
74	0	0	8	0	0	704	712	576	696	320	80	280	720	184	248	760	0	376	576	120
75	0	8	0	0	8	448	224	240	96	648	80	152	384	560	208	112	352	288	0	664
76	0	0	0	0	0	296	176	0	376	256	280	544	328	432	792	264	280	160	144	256
77	0	0	0	0	0	0	24	112	512	608	752	592	288	0	584	304	384	72	0	408
78	8	0	0	0	0	688	552	504	664	480	464	696	0	368	256	480	592	760	336	0
79	0	0	0	8	0	16	712	448	136	296	56	176	536	32	648	0	0	752	64	664
80	0	0	0	0	0	416	432	408	272	0	376	536	48	592	584	288	24	280	704	480
81	0	0	0	0	0	448	704	632	336	456	64	336	56	664	656	760	512	0	504	56
82	0	0	0	0	0	320	152	256	0	8	56	752	344	0	416	488	616	352	376	304
83	0	0	0	0	0	144	0	160	640	0	432	344	272	56	360	600	544	504	688	136
84	0	0	0	0	0	104	160	56	448	416	56	0	0	16	248	448	112	248	0	0
85	0	0	0	0	0	680	632	656	208	264	264	272	232	152	72	672	712	896	384	200
86	0	0	0	0	0	96	600	616	88	72	408	472	0	392	320	296	800	536	600	120
87	0	0	0	0	0	0	568	728	0	624	272	648	688	384	672	128	232	0	336	600
88	0	0	0	0	0	384	464	104	88	176	32	184	456	248	136	304	504	120	320	328
89	0	0	0	0	0	600	0	432	344	0	256	248	256	400	472	0	752	0	384	224
90	0	0	8	0	0	432	232	128	400	528	728	456	440	624	744	504	104	400	0	184
91	0	0	0	0	0	712	720	216	544	440	264	456	296	768	288	144	368	512	112	296
92	0	0	0	0	0	488	96	368	784	656	0	672	464	496	512	0	8	0	808	392
93	0	0	0	0	0	752	496	528	512	760	296	520	0	232	584	136	136	456	360	0
94	0	0	0	0	0	440	360	0	16	96	368	656	360	328	416	0	408	664	0	512
95	0	0	0	0	0	0	296	424	448	376	512	232	776	448	152	192	496	656	144	704
96	8	8	0	8	0	304	208	320	544	248	0	296	344	792	120	768	216	40	496	552
97	0	0	0	0	0	592	664	0	104	0	112	104	768	456	336	280	72	776	656	584
98	0	0	0	0	0	104	360	672	472	216	352	320	200	592	696	448	440	360	136	648
99	0	0	0	0	0	0	600	448	656	0	520	648	48	72	696	72	328	240	104	760
100	0	0	0	0	0	200	24	584	544	392	64	0	264	0	48	704	720	664	536	176
101	0	0	0	0	8	696	0	160	640	392	568	248	624	568	432	672	400	752	608	624
102	0	0	0	0	0	288	648	752	544	136	184	0	600	728	416	168	160	208	40	560
103	0	0	0	0	0	72	728	112	360	776	0	272	280	56	608	560	344	328	584	728
104	0	0	0	0	0	632	416	0	272	400	520	488	368	88	544	272	352	96	192	568
105	0	0	8	0	0	80	416	672	80	320	368	0	224	184	368	112	168	288	336	576
106	0	0	0	0	0	0	584	192	200	704	616	616	336	744	680	736	528	656	176	256
107	0	0	0	0	0	416	104	480	800	272	16	200	160	32	160	160	0	232	144	440
108	0	0	0	0	0	720	368	656	248	376	0	40	72	360	736	320	152	288	24	200
109	0	0	0	0	0	408	704	624	528	120	680	88	656	88	0	256	344	352	280	256
110	0	0	0	8	0	576	744	0	296	136	0	536	0	568	352	256	568	560	528	544
111	8	0	0	0	0	312	16	632	592	144	448	736	376	464	0	568	584	0	416	440
112	0	0	0	0	0	480	336	608	16	200	104	0	512	152	448	0	488	656	768	184
113	0	8	0	0	0	0	112	416	0	88	32	168	0	480	640	152	112	592	496	32
114	0	0	0	0	0	208	304	464	520	448	328	424	224	280	200	240	440	256	504	88
115	0	0	0	0	0	552	184	664	16	688	512	48	264	248	208	224	680	680	448	32
116	0	0	0	0	0	288	0	456	64	240	456	616	248	328	240	440	608	568	488	160
117	0	0	0	0	0	0	0	0	0	0	0	0	0	0	0	0	0	0	0	0
118	0	0	0	0	0	0	0	0	0	0	0	0	0	0	0	0	0	0	0	0
119	0	0	0	0	0	0	0	0	0	0	0	0	0	0	0	0	0	0	0	0
120	0	0	0	0	0	0	0	0	0	0	0	0	0	0	0	0	0	0	0	0
(1,27010)	(2,6029)	(3,0)	(4,924)	
(1,7277)	(2,532)	(3,0)	(4,9)	
(1,8727)	(2,778)	(3,0)	(4,26)	
(1,9168)	(2,855)	(3,0)	(4,16)	
(1,8948)	(2,984)	(3,0)	(4,64)	
(1,1)	(2,0)	(3,0)	(4,0)	
(1,1)	(2,0)	(3,0)	(4,0)	
(1,1)	(2,0)	(3,0)	(4,0)	
(1,1)	(2,0)	(3,0)	(4,0)	
(1,1)	(2,0)	(3,0)	(4,0)	
(1,1)	(2,0)	(3,0)	(4,0)	
(1,1)	(2,0)	(3,0)	(4,0)	
(1,1)	(2,0)	(3,0)	(4,0)	
(1,1)	(2,0)	(3,0)	(4,0)	
(1,1)	(2,0)	(3,0)	(4,0)	
(1,1)	(2,0)	(3,0)	(4,0)	
(1,1)	(2,0)	(3,0)	(4,0)	
(1,1)	(2,0)	(3,0)	(4,0)	
(1,1)	(2,0)	(3,0)	(4,0)	
(1,1)	(2,0)	(3,0)	(4,0)	
(1,1)	(2,0)	(3,0)	(4,0)	
avg	0.4	0.4	0.4	0.4	0.266667	310.267	349.333	339.867	332.267	298.667	284.933	336.667	311.333	314.4	365.2	344.267	326.4	368.8	323.467	329.333
delay	0.666667	1	0.666667	1	1	13.5367	12.8305	11.6799	13.25	19.6545	17.6785	12.4962	11.8754	7.53605	8.64294	12.4218	27.3509	14.4313	16.2778	14.8271
loss	0	0	0	0	0.333333	0.105	0.0931118	0.077452	0.0722264	0.100763	0.0760917	0.0861383	0.0759794	0.0712879	0.0677332	0.0949877	0.0919881	0.0892328	0.0789674	0.0855239
Command ['/home/ubuntu/ns-3.30-obss/build/scratch/simple-ofdma-adhoc4', '--ofdmaEnabled=true', '--startTime=60', '--totalTime=120', '--dataMode=HeMcs7', '--datarate=8e5', '--clNum=20', '--ratio=0.375', '--RngRun=4'] terminated with signal SIGSEGV. Run it under a debugger to get more information (./waf --run <program> --command-template="gdb --args %s <args>").
