Waf: Entering directory `/home/ubuntu/ns-3.30-obss/build'
Waf: Leaving directory `/home/ubuntu/ns-3.30-obss/build'
Build commands will be stored in build/compile_commands.json
'build' finished successfully (0.398s)
--------------------------Rate[Kbps]--------------------------
Time[s]	cl-1	cl-2	cl-3	cl-4	cl-5	cl-6	cl-7	cl-8	cl-9	cl-10	cl-11	cl-12	cl-13	cl-14	cl-15	cl-16	cl-17	cl-18	cl-19	cl-20
60	16.4	16.6	14.4	15.2	15.2	15.8	13.8	14.8	14.2	13.8	15	15.2	13.6	15.6	16.2	14.8	11.6	13.8	12.6	12.6
61	512	488	496	464	416	320	320	312	424	416	368	400	440	440	336	344	288	360	304	336
62	504	488	504	488	456	312	256	256	416	392	328	360	392	352	288	312	480	400	328	320
63	376	528	576	584	480	280	312	240	288	304	312	272	192	320	256	264	232	328	264	248
64	464	520	544	568	512	344	304	320	328	368	368	368	248	360	296	280	216	248	248	280
65	288	528	528	592	416	240	288	160	256	264	240	264	240	288	184	216	136	240	152	264
66	480	544	544	608	440	200	224	160	296	288	248	320	208	304	280	240	224	296	288	280
67	448	512	528	552	440	328	320	304	352	344	368	368	296	400	352	288	272	352	336	280
68	424	536	576	576	440	256	216	152	248	256	200	280	192	304	216	216	216	248	288	200
69	288	496	528	592	344	232	128	192	336	280	232	272	240	256	232	248	200	296	200	144
70	504	472	472	552	392	192	248	200	272	336	296	392	208	304	328	168	176	312	256	288
71	416	560	584	592	480	200	208	160	272	296	296	240	152	296	280	248	192	280	248	240
72	448	568	568	576	416	176	224	176	248	264	272	296	168	304	216	272	224	352	280	304
73	448	528	512	576	424	264	256	136	296	248	280	288	192	312	272	224	240	336	320	272
74	416	552	592	592	464	256	320	208	288	328	296	304	232	288	304	256	192	304	272	288
75	448	576	608	600	464	248	296	208	304	328	352	352	208	328	280	240	240	368	384	336
76	464	536	560	544	392	232	264	168	280	312	224	296	168	352	304	312	216	256	280	232
77	440	512	560	576	416	224	256	224	296	240	264	312	248	288	280	288	200	296	232	312
78	472	472	512	552	424	288	328	208	360	328	344	320	272	328	320	320	272	360	368	288
79	456	496	520	568	440	256	304	168	272	312	288	352	272	336	280	256	200	216	200	256
80	392	544	544	608	472	336	288	288	360	432	384	360	224	360	312	320	272	304	288	272
81	416	480	496	560	416	336	216	240	312	280	256	280	224	344	296	304	232	248	232	240
82	440	520	560	576	472	296	368	256	320	408	328	368	240	352	336	272	240	336	296	296
83	432	480	512	576	440	200	272	160	256	352	280	312	192	296	304	272	168	288	272	264
84	496	568	592	584	400	232	224	120	208	240	288	328	200	312	296	232	240	304	248	328
85	408	504	544	576	400	256	280	184	296	224	264	240	240	280	264	232	216	280	304	240
86	432	584	592	560	408	256	248	248	296	344	360	336	232	304	256	256	216	312	280	248
87	448	536	576	592	424	280	296	256	360	304	248	288	240	368	312	304	232	344	264	288
88	384	504	544	576	456	320	368	288	376	360	336	432	312	376	360	328	312	368	368	312
89	512	544	592	584	456	224	280	160	328	280	328	304	136	288	240	312	200	232	240	240
90	376	472	512	568	392	288	296	296	352	280	304	288	248	328	328	280	208	336	264	264
91	440	528	592	576	472	272	296	168	280	328	304	312	288	312	280	256	232	344	352	280
92	464	496	496	560	440	232	224	176	280	384	320	440	264	296	256	192	200	336	280	240
93	384	448	488	536	400	192	216	160	280	240	256	272	176	320	256	208	192	256	224	216
94	416	512	552	496	416	272	304	208	312	320	312	352	232	304	216	208	184	320	264	288
95	424	536	576	520	392	312	288	192	296	384	280	360	208	312	272	264	192	200	232	224
96	464	512	528	592	424	240	312	280	392	320	280	336	280	352	304	336	320	360	384	312
97	416	472	520	576	416	288	280	184	304	232	224	320	224	336	224	264	232	232	216	240
98	464	536	544	592	432	272	312	184	328	296	256	280	232	264	216	224	192	272	248	296
99	352	552	576	608	376	224	232	184	304	312	296	272	272	312	304	192	208	248	256	232
100	376	520	560	592	416	264	272	224	304	376	320	288	208	368	288	280	192	328	296	320
101	384	528	608	568	408	256	248	184	296	320	280	296	240	304	248	288	176	232	176	240
102	400	504	528	536	424	232	216	152	296	216	176	288	168	296	192	232	160	296	200	232
103	464	504	544	592	416	232	232	192	224	272	296	264	192	336	272	240	208	304	240	296
104	368	440	456	592	400	264	208	184	288	288	248	256	208	208	176	248	168	272	264	216
105	400	520	592	552	368	216	160	176	304	304	296	304	200	352	256	288	256	320	200	280
106	504	520	544	576	448	280	224	176	288	264	248	272	208	304	240	248	240	224	240	280
107	368	512	520	584	448	304	264	272	368	312	336	296	288	312	272	248	216	280	192	224
108	472	536	536	536	400	216	232	112	288	304	312	336	208	248	208	280	200	272	216	232
109	440	472	560	592	424	288	272	192	344	288	272	248	208	320	216	272	224	320	192	248
110	424	512	552	592	424	200	176	152	344	296	280	304	248	320	264	296	192	248	216	280
111	504	520	544	528	472	320	256	240	328	288	272	296	224	400	360	320	224	360	288	352
112	504	496	584	528	392	256	248	224	232	264	224	280	248	328	240	224	208	280	224	232
113	432	504	552	496	392	272	264	248	288	280	288	304	232	296	224	264	256	288	240	304
114	520	552	576	608	520	304	256	296	296	312	384	352	272	368	344	368	280	328	296	376
115	456	528	528	520	408	224	224	208	344	280	312	320	192	288	264	304	208	296	240	336
116	456	528	496	552	432	296	320	184	312	328	336	336	272	336	224	312	288	288	240	248
117	504	504	552	608	488	280	232	192	280	264	336	288	240	376	312	304	280	336	272	272
118	400	528	504	520	424	256	288	208	344	272	328	256	168	328	200	280	192	264	184	264
119	464	496	536	584	408	296	256	192	312	280	328	280	256	280	240	272	288	312	240	336
120	496	480	480	592	448	272	272	88	304	240	304	304	248	312	256	280	264	352	264	320
avg	436.533	515.733	543.333	566.933	428.667	261.733	263.2	204.667	307.6	304.533	294.267	311.733	232.667	320.933	270.533	268.267	227.067	299.467	261.333	272.933
delay	364.954	365.465	365.408	365.047	366.399	370.426	372.84	374.318	369.014	367.968	368.818	369.691	366.255	370.39	372.208	373.479	370.985	370.606	369.966	372.07
Command ['/home/ubuntu/ns-3.30-obss/build/scratch/simple-ofdma-adhoc', '--ofdmaEnabled=true', '--startTime=60', '--totalTime=120', '--dataMode=HeMcs6', '--datarate=7e5', '--clNum=20', '--ratio=0.375', '--RngRun=16'] terminated with signal SIGSEGV. Run it under a debugger to get more information (./waf --run <program> --command-template="gdb --args %s <args>").
