Waf: Entering directory `/home/ubuntu/ns-3.30-obss/build'
Waf: Leaving directory `/home/ubuntu/ns-3.30-obss/build'
Build commands will be stored in build/compile_commands.json
'build' finished successfully (0.642s)
--------------------------Rate[Kbps]--------------------------
Time[s]	cl-1	cl-2	cl-3	cl-4	cl-5	cl-6	cl-7	cl-8	cl-9	cl-10	cl-11	cl-12	cl-13	cl-14	cl-15	cl-16	cl-17	cl-18	cl-19	cl-20
60	17	16.4	16.4	15.4	13.8	10.8	15.4	14	10.4	14.4	18.8	17.2	17.8	14	14	15.4	14.4	13.6	15.2	15.6
61	312	312	312	272	232	160	104	104	264	184	128	160	232	232	144	160	232	192	120	152
62	320	320	288	304	272	168	120	136	296	200	176	200	256	224	192	216	224	216	192	232
63	328	336	328	328	264	208	200	200	288	248	232	240	296	256	192	208	288	296	216	248
64	328	312	312	320	320	232	200	208	224	216	224	248	232	216	176	216	256	208	184	200
65	376	312	376	352	352	248	232	192	312	224	224	288	368	184	184	256	328	128	128	200
66	336	344	352	344	320	184	128	112	256	216	224	248	136	160	160	216	232	160	120	232
67	360	360	360	360	344	272	200	208	384	264	280	280	472	208	232	248	424	200	216	224
68	376	368	384	368	344	240	184	200	352	280	296	304	344	192	192	232	176	176	200	240
69	360	344	344	344	352	248	184	168	336	208	216	272	336	208	208	272	472	184	176	240
70	376	368	360	360	352	216	152	144	288	224	216	256	320	184	200	232	304	168	176	216
71	368	360	376	368	368	256	192	208	328	280	288	304	304	232	224	264	320	200	192	240
72	376	344	376	360	376	264	192	192	296	240	232	272	360	248	240	272	320	176	176	224
73	368	360	368	368	328	256	208	176	288	232	232	256	328	200	208	224	344	176	184	216
74	368	384	376	360	320	224	144	160	344	240	232	280	368	208	232	280	320	184	192	248
75	392	336	376	392	360	248	232	208	304	224	216	288	336	216	224	280	320	184	184	264
76	376	360	360	360	344	232	176	168	320	264	256	288	352	248	240	256	288	192	200	240
77	392	376	392	392	336	40	224	208	328	304	296	304	304	232	224	256	352	232	248	280
78	368	360	336	368	360	464	192	192	296	208	256	264	328	176	184	272	312	136	160	232
79	368	344	360	360	336	208	160	152	352	256	248	264	288	160	160	192	280	112	112	168
80	368	360	376	368	320	248	136	160	320	232	256	240	296	152	176	184	336	120	152	168
81	400	376	392	384	352	264	200	192	296	264	264	280	320	184	192	224	336	184	184	208
82	360	328	344	344	368	272	216	208	312	240	256	288	320	248	272	296	288	232	224	264
83	400	376	400	392	360	296	248	240	296	280	272	280	344	248	240	256	352	232	248	248
84	376	360	368	368	352	224	192	208	384	280	256	264	304	224	224	240	288	208	216	200
85	320	304	320	312	296	184	144	184	248	256	224	240	280	216	176	216	288	240	152	160
86	320	320	320	312	288	176	152	136	216	240	184	208	280	224	160	192	280	176	136	176
87	320	272	304	296	272	128	152	144	280	216	152	176	232	232	160	192	224	184	152	168
88	320	336	336	320	328	160	192	176	312	240	240	264	312	256	232	224	248	232	200	216
89	392	360	392	392	360	376	176	160	296	232	224	272	320	208	216	272	320	112	136	200
90	376	352	368	376	336	248	184	176	288	208	208	248	328	208	208	240	280	136	136	176
91	368	360	368	360	336	0	176	160	288	200	216	232	304	160	200	200	248	128	160	184
92	376	384	384	384	344	512	216	224	336	280	280	328	344	264	264	328	432	240	248	320
93	336	328	336	344	328	224	144	152	304	264	272	272	296	184	200	256	336	160	168	208
94	368	336	352	336	360	248	208	200	328	264	264	288	296	192	200	208	336	208	200	256
95	368	352	392	368	352	224	208	208	344	288	288	312	336	248	248	304	336	192	192	264
96	384	352	360	376	352	288	224	224	368	272	288	288	352	264	264	304	312	256	264	312
97	376	336	360	376	360	112	208	192	312	224	224	288	344	200	232	248	320	184	176	216
98	368	384	384	328	344	328	128	144	312	224	224	256	264	168	176	208	296	160	160	208
99	360	352	360	336	360	136	160	176	296	232	224	256	320	184	192	232	336	144	160	176
100	368	336	360	360	336	360	184	184	336	256	264	296	328	224	240	272	344	200	216	256
101	336	320	336	336	344	232	200	176	288	248	256	296	280	208	216	264	72	152	160	224
102	360	352	368	352	352	272	208	208	312	216	216	248	312	200	200	232	544	216	208	232
103	360	368	376	352	360	160	264	248	352	248	272	344	336	224	232	296	304	208	200	288
104	328	312	320	320	368	240	208	192	296	200	208	256	288	184	224	240	320	192	200	248
105	400	352	392	392	344	320	176	152	288	224	232	264	280	200	200	248	352	88	80	184
106	352	336	352	352	336	256	200	184	320	256	256	288	352	200	200	216	352	184	192	224
107	376	344	368	360	304	216	144	144	264	256	240	256	264	200	184	200	280	184	160	200
108	312	304	304	312	272	184	184	192	264	216	200	208	280	264	224	240	264	272	216	256
109	320	312	312	320	296	184	184	176	288	240	192	224	288	240	184	200	232	280	200	224
110	328	312	320	288	264	176	136	136	248	208	176	200	240	248	160	176	272	232	168	192
111	368	360	376	352	336	192	200	168	288	200	200	296	312	160	160	248	368	144	152	216
112	368	344	360	352	320	224	152	152	336	200	208	272	336	216	232	264	296	168	176	216
113	352	320	328	344	376	240	224	216	352	256	272	296	312	248	248	304	312	208	208	304
114	384	352	384	360	320	264	168	168	312	208	208	232	296	168	176	224	320	152	176	192
115	376	384	392	360	368	312	288	264	256	296	304	336	344	208	208	288	328	200	200	288
116	376	336	376	368	352	168	232	208	424	256	264	296	352	264	272	288	312	192	200	240
117	352	368	352	336	368	264	216	208	352	240	264	296	320	200	208	248	304	208	216	248
118	368	360	360	352	352	352	256	224	328	248	240	312	336	200	208	288	320	184	192	296
119	376	376	392	352	328	256	200	184	320	240	232	248	328	224	232	256	328	184	192	216
120	328	320	352	320	328	184	144	144	280	200	192	272	320	120	168	248	328	96	104	216
avg	359.867	344.933	357.2	349.867	334.533	234.533	187.6	182.133	308.267	239.333	236.4	267.2	310.933	210.8	207.067	243.6	308.933	186.533	180.933	226.4
delay	280.906	281.871	281.981	281.377	288.054	368.303	294.594	291.611	307.583	291.028	292.73	295.497	315.001	295.143	296.775	300.613	346.027	295.62	298.951	303.442
Command ['/home/ubuntu/ns-3.30-obss/build/scratch/simple-ofdma-adhoc', '--ofdmaEnabled=true', '--startTime=60', '--totalTime=120', '--dataMode=HeMcs3', '--datarate=4e5', '--clNum=20', '--ratio=0.375', '--RngRun=132'] terminated with signal SIGSEGV. Run it under a debugger to get more information (./waf --run <program> --command-template="gdb --args %s <args>").
