Waf: Entering directory `/home/ubuntu/ns-3.30-obss/build'
Waf: Leaving directory `/home/ubuntu/ns-3.30-obss/build'
Build commands will be stored in build/compile_commands.json
'build' finished successfully (0.683s)
--------------------------Rate[Kbps]--------------------------
Time[s]	cl-1	cl-2	cl-3	cl-4	cl-5	cl-6	cl-7	cl-8	cl-9	cl-10	cl-11	cl-12	cl-13	cl-14	cl-15
60	15.8	15.2	15.8	15.2	15.6	14.8	16	14.2	15.2	14	14.8	13.8	14.8	14.6	14.6
61	0	0	0	0	0	40	0	0	192	208	312	0	0	568	672
62	0	0	0	0	0	592	168	200	592	0	80	80	240	800	632
63	0	0	0	0	0	544	736	320	88	624	0	800	16	56	792
64	0	0	0	0	0	40	304	352	48	504	752	752	128	632	336
65	0	0	0	0	0	224	8	160	768	0	200	592	384	784	0
66	0	0	0	0	0	208	0	760	160	656	784	584	240	528	296
67	0	0	0	0	0	200	72	488	40	112	720	432	752	192	336
68	0	0	0	0	0	240	456	384	432	272	472	408	688	208	240
69	0	0	0	0	0	328	776	376	360	800	128	744	744	96	0
70	0	0	0	0	0	656	112	696	664	616	728	48	152	280	536
71	0	0	0	0	0	664	0	376	72	776	336	144	768	528	144
72	0	0	0	0	0	464	392	96	440	96	0	592	696	768	688
73	0	0	0	0	0	328	400	624	80	0	192	432	744	224	560
74	0	0	0	0	0	272	192	56	56	568	832	288	192	520	80
75	0	0	0	0	0	168	168	480	568	224	432	112	200	464	288
76	0	0	0	0	0	680	96	776	104	584	632	80	800	0	200
77	0	0	0	0	0	496	216	752	304	800	448	80	568	480	136
78	0	0	0	0	0	792	448	608	704	408	344	88	576	16	456
79	0	0	0	0	0	760	712	512	0	0	168	688	0	464	688
80	0	0	0	0	0	248	16	136	464	720	16	560	656	160	768
81	0	0	0	0	0	400	168	304	192	712	128	40	144	376	256
82	0	0	0	0	0	720	384	0	216	0	520	112	184	392	24
83	0	0	0	0	0	408	720	376	592	664	312	320	744	80	592
84	0	0	0	0	0	368	472	0	224	360	640	616	376	8	80
85	0	0	0	0	0	192	776	120	776	520	656	600	152	24	176
86	0	0	0	0	0	592	464	624	376	184	0	672	344	752	536
87	0	0	0	0	0	24	712	600	400	248	568	616	72	288	472
88	0	0	0	0	0	352	304	104	48	728	512	528	464	488	120
89	0	0	0	0	0	472	776	176	24	512	432	664	600	752	24
90	0	0	0	0	0	288	776	784	600	544	800	48	552	232	592
91	0	0	0	0	0	0	704	136	0	32	176	0	424	144	472
92	0	0	0	0	0	168	208	408	488	352	0	72	528	480	792
93	0	0	0	0	0	632	200	616	192	208	336	672	0	536	296
94	0	0	0	0	0	232	440	56	0	200	0	192	344	600	568
95	0	0	0	0	0	472	792	520	552	464	32	64	688	224	64
96	0	0	0	0	0	0	280	776	0	800	392	512	800	136	768
97	0	0	0	0	0	208	296	184	544	680	712	528	112	472	600
98	0	0	0	0	0	0	400	184	0	136	16	0	96	0	768
99	0	0	0	0	0	312	496	384	424	152	256	472	760	656	648
100	0	0	0	0	0	520	792	384	216	744	472	248	504	104	264
101	0	0	0	0	0	624	80	560	800	424	0	616	0	192	0
102	0	0	0	0	0	392	128	112	72	496	376	112	368	424	8
103	0	0	0	0	0	192	792	520	408	304	0	192	96	144	280
104	0	0	0	0	0	448	176	368	456	552	160	776	144	16	0
105	0	0	0	0	0	400	520	800	504	264	400	48	752	0	744
106	0	0	0	0	0	408	168	120	800	0	768	168	496	424	104
107	0	0	0	0	0	400	520	648	296	616	200	672	120	0	0
108	0	0	0	0	0	568	752	304	256	392	568	560	568	680	736
109	0	0	0	0	0	704	248	32	0	144	528	168	112	224	456
110	0	0	0	0	0	376	400	672	576	96	0	0	56	528	288
111	0	0	0	0	0	464	80	232	296	800	456	680	792	608	616
112	0	0	0	0	0	176	464	128	792	592	0	0	576	368	144
113	0	0	0	0	0	728	800	704	72	792	648	664	392	544	96
114	0	0	0	0	0	80	248	120	0	488	344	272	720	744	744
115	0	0	0	0	0	224	224	720	408	400	24	112	704	352	128
116	0	0	0	0	0	696	608	552	632	544	584	568	128	448	80
117	0	0	0	0	0	216	760	344	64	0	752	344	504	744	0
118	0	0	0	0	0	200	720	456	400	584	496	552	568	376	48
119	0	0	0	0	0	128	704	144	224	696	648	784	416	0	256
120	0	0	0	0	0	496	352	8	96	648	464	408	472	472	760
(1,26019)	(2,2231)	(3,0)	(4,29)	
(1,5754)	(2,188)	(3,0)	(4,6)	
(1,5291)	(2,104)	(3,0)	(4,6)	
(1,5813)	(2,169)	(3,0)	(4,10)	
(1,5891)	(2,137)	(3,0)	(4,0)	
(1,5620)	(2,47)	(3,0)	(4,1)	
(1,1)	(2,0)	(3,0)	(4,0)	
(1,1)	(2,0)	(3,0)	(4,0)	
(1,1)	(2,0)	(3,0)	(4,0)	
(1,1)	(2,0)	(3,0)	(4,0)	
(1,1)	(2,0)	(3,0)	(4,0)	
(1,1)	(2,0)	(3,0)	(4,0)	
(1,1)	(2,0)	(3,0)	(4,0)	
(1,1)	(2,0)	(3,0)	(4,0)	
(1,1)	(2,0)	(3,0)	(4,0)	
(1,1)	(2,0)	(3,0)	(4,0)	
avg	0	0	0	0	0	370.4	402.933	373.867	319.2	417.333	365.867	369.6	406.933	363.333	357.467
delay	0.240506	0.25	0.240506	0.263158	0.24359	2.10511	1.42058	1.74394	1.77068	1.8853	7.32908	1.44949	1.39908	1.38642	1.31108
loss	0	0	0	0.012987	0	0.0417385	0.0332694	0.0360949	0.046595	0.0345466	0.0324401	0.0477499	0.037224	0.0299039	0.0376884
Command ['/home/ubuntu/ns-3.30-obss/build/scratch/simple-ofdma-adhoc4', '--ofdmaEnabled=true', '--startTime=60', '--totalTime=120', '--dataMode=HeMcs5', '--datarate=8e5', '--ratio=0.375', '--RngRun=24', '--locationFile=my-simulations/8_ofdma7/txt/locationFile52.txt', '--routingFile=my-simulations/8_ofdma7/txt/routingFile52.txt'] terminated with signal SIGSEGV. Run it under a debugger to get more information (./waf --run <program> --command-template="gdb --args %s <args>").
