Waf: Entering directory `/home/ubuntu/ns-3.30-obss/build'
Waf: Leaving directory `/home/ubuntu/ns-3.30-obss/build'
Build commands will be stored in build/compile_commands.json
'build' finished successfully (0.849s)
--------------------------Rate[Kbps]--------------------------
Time[s]	cl-1	cl-2	cl-3	cl-4	cl-5	cl-6	cl-7	cl-8	cl-9	cl-10	cl-11	cl-12	cl-13	cl-14	cl-15	cl-16	cl-17	cl-18	cl-19	cl-20
60	14.4	15.2	12.4	12.4	14	14.2	13.8	13.6	16.2	13	15.4	14.8	15	16	18.8	13.4	15.8	14.6	11	17.6
61	0	0	0	0	0	0	0	0	104	32	0	0	176	0	0	264	0	200	0	232
62	0	0	0	0	0	0	0	0	88	104	32	136	296	312	232	136	72	224	48	392
63	0	0	0	0	0	0	0	0	88	16	384	376	360	216	56	64	72	336	152	184
64	0	0	0	0	0	0	0	0	160	0	64	384	136	216	280	120	184	256	32	112
65	0	0	0	0	0	0	0	0	192	256	96	112	56	0	128	176	0	184	176	320
66	0	0	0	0	0	0	0	0	320	296	320	192	128	176	0	272	240	136	248	256
67	0	0	0	0	0	0	0	0	112	144	328	352	176	272	56	352	184	248	168	96
68	0	0	0	0	0	0	0	0	400	384	384	128	40	8	40	152	392	368	24	272
69	0	0	0	0	0	0	0	0	224	152	120	376	400	232	48	24	128	144	120	368
70	0	0	0	0	0	0	0	0	216	192	8	120	240	96	304	56	384	176	296	16
71	0	0	0	0	0	0	0	0	344	88	80	360	392	160	384	0	336	216	0	184
72	0	0	0	0	0	0	0	0	280	152	256	0	200	328	0	280	112	280	80	248
73	0	0	0	0	0	0	0	0	40	344	256	304	368	104	96	336	144	248	8	136
74	0	0	0	0	0	0	0	0	64	240	296	112	160	144	224	32	64	96	312	136
75	0	0	0	0	0	0	0	0	256	224	288	312	32	184	80	56	280	248	224	256
76	0	0	0	0	0	0	0	0	48	376	208	216	56	16	56	136	120	320	224	336
77	0	0	0	0	0	0	0	0	72	40	184	200	272	24	400	376	336	0	64	232
78	0	0	0	0	0	0	0	0	144	104	280	0	256	32	248	160	136	144	296	24
79	0	0	0	0	0	0	0	0	96	216	96	96	0	360	0	368	224	264	0	360
80	0	0	0	0	0	0	0	0	120	176	168	184	152	264	128	152	64	344	136	112
81	0	0	0	0	0	0	0	0	200	264	336	224	0	296	96	136	256	104	16	0
82	0	0	0	0	0	0	0	0	104	104	368	56	128	88	344	48	200	352	0	144
83	0	0	0	0	0	0	0	0	48	216	264	128	96	40	216	304	56	168	200	136
84	0	0	0	0	0	0	0	0	96	384	400	152	232	312	136	0	192	320	96	0
85	0	0	0	0	0	0	0	0	96	160	56	304	208	72	240	232	200	200	320	264
86	0	0	0	0	0	0	0	0	152	104	64	128	328	0	16	208	232	40	0	136
87	0	0	0	0	0	0	0	0	184	128	368	400	320	240	72	48	160	184	160	280
88	0	0	0	0	0	0	0	0	368	336	344	32	376	320	64	80	312	312	352	176
89	0	0	0	0	0	0	0	0	160	336	168	24	160	72	48	80	0	272	0	0
90	0	0	0	0	0	0	0	0	296	256	48	104	64	64	160	8	112	0	360	360
91	0	0	0	0	0	0	0	0	304	392	80	0	0	240	296	304	64	368	320	384
92	0	0	0	0	0	0	0	0	384	312	216	192	224	136	40	288	168	304	96	248
93	0	0	0	0	0	0	0	0	256	368	264	336	96	0	328	0	392	0	152	264
94	0	0	0	0	0	0	0	0	0	248	192	392	0	112	344	72	80	176	216	48
95	0	0	0	0	0	0	0	0	328	0	376	376	88	240	296	64	296	272	48	168
96	0	0	0	0	0	0	0	0	136	168	24	280	400	384	72	376	96	80	0	224
97	0	0	0	0	0	0	0	0	64	344	8	0	224	288	304	296	192	344	176	128
98	0	0	0	0	0	0	0	0	352	168	24	280	160	0	240	88	136	0	112	336
99	0	0	0	0	0	0	0	0	48	80	288	96	256	104	208	136	96	96	96	200
100	0	0	0	0	0	0	0	0	48	0	160	256	40	24	128	328	0	328	208	320
101	0	0	0	0	0	0	0	0	0	120	336	88	304	160	160	112	264	120	16	72
102	0	0	0	0	0	0	0	0	16	192	152	256	232	184	88	56	88	112	0	96
103	0	0	0	0	0	0	0	0	0	0	152	64	80	56	80	104	112	312	328	384
104	0	0	0	0	0	0	0	0	128	40	192	376	176	192	176	104	112	56	0	328
105	0	0	0	0	0	0	0	0	168	344	280	208	144	160	376	32	288	48	168	400
106	0	0	0	0	0	0	0	0	224	320	248	352	128	264	104	48	320	344	384	288
107	0	0	0	0	0	0	0	0	296	216	216	360	40	376	0	256	288	304	104	400
108	0	0	0	0	0	0	0	0	360	264	248	192	368	328	64	0	32	0	200	56
109	0	0	0	0	0	0	0	0	248	296	336	200	232	312	40	240	88	248	0	168
110	0	0	0	0	0	0	0	0	184	0	0	296	128	96	56	304	64	288	136	208
111	0	0	0	0	0	0	0	0	280	56	144	0	0	0	88	96	400	264	152	16
112	0	0	0	0	0	0	0	0	0	8	400	152	304	184	392	304	136	208	96	0
113	0	0	0	0	0	0	0	0	96	240	160	152	128	336	144	112	232	392	72	304
114	0	0	0	0	0	0	0	0	312	264	128	336	240	224	112	232	16	64	24	352
115	0	0	0	0	0	0	0	0	248	0	280	168	200	144	0	240	384	104	120	40
116	0	0	0	0	0	0	0	0	296	200	0	232	128	224	96	352	304	176	192	152
117	0	0	0	0	0	0	0	0	256	392	112	296	144	376	128	104	168	120	352	280
118	0	0	0	0	0	0	0	0	0	144	352	384	336	48	400	80	360	208	368	352
119	0	0	0	0	0	0	0	0	104	160	376	264	240	32	136	56	104	216	328	152
120	0	0	0	0	0	0	0	0	0	336	144	120	144	72	392	232	88	176	256	0
(1,17091)	(2,1077)	(3,0)	(4,36)	
(1,8505)	(2,495)	(3,0)	(4,5)	
(1,8026)	(2,467)	(3,0)	(4,26)	
(1,2775)	(2,87)	(3,0)	(4,0)	
(1,3218)	(2,35)	(3,0)	(4,0)	
(1,2702)	(2,62)	(3,0)	(4,7)	
(1,2578)	(2,24)	(3,0)	(4,1)	
(1,2980)	(2,60)	(3,0)	(4,0)	
(1,2680)	(2,74)	(3,0)	(4,7)	
(1,1)	(2,0)	(3,0)	(4,0)	
(1,1)	(2,0)	(3,0)	(4,0)	
(1,1)	(2,0)	(3,0)	(4,0)	
(1,1)	(2,0)	(3,0)	(4,0)	
(1,1)	(2,0)	(3,0)	(4,0)	
(1,1)	(2,0)	(3,0)	(4,0)	
(1,1)	(2,0)	(3,0)	(4,0)	
(1,1)	(2,0)	(3,0)	(4,0)	
(1,2)	(2,0)	(3,0)	(4,0)	
(1,1)	(2,0)	(3,0)	(4,0)	
(1,1)	(2,0)	(3,0)	(4,0)	
(1,1)	(2,0)	(3,0)	(4,0)	
avg	0	0	0	0	0	0	0	0	170.133	191.6	202.533	203.6	183.2	165.733	157.333	161.2	176	201.867	147.2	202.267
delay	0.25	0.302632	0.709677	0.774194	0.728571	0.71831	0.710145	0.838235	2.18417	2.2199	2.26004	3.26326	14.508	4.87128	2.14153	7.34574	8.91894	6.26882	7.07699	7.16282
loss	0	0	0	0	0	0.0138889	0.0142857	0	0.0645161	0.0847134	0.0640789	0.0706026	0.0918705	0.101229	0.0795632	0.122004	0.0989761	0.0807529	0.0860927	0.0921604
Command ['/home/ubuntu/ns-3.30-obss/build/scratch/simple-ofdma-adhoc4', '--ofdmaEnabled=true', '--startTime=60', '--totalTime=120', '--dataMode=HeMcs5', '--datarate=4e5', '--ratio=0.375', '--RngRun=24', '--locationFile=my-simulations/8_ofdma7/txt/locationFile232.txt', '--routingFile=my-simulations/8_ofdma7/txt/routingFile232.txt'] terminated with signal SIGSEGV. Run it under a debugger to get more information (./waf --run <program> --command-template="gdb --args %s <args>").
