Waf: Entering directory `/home/ubuntu/ns-3.30-obss/build'
Waf: Leaving directory `/home/ubuntu/ns-3.30-obss/build'
Build commands will be stored in build/compile_commands.json
'build' finished successfully (0.706s)
--------------------------Rate[Kbps]--------------------------
Time[s]	cl-1	cl-2	cl-3	cl-4	cl-5	cl-6	cl-7	cl-8	cl-9	cl-10	cl-11	cl-12	cl-13	cl-14	cl-15	cl-16
60	14.4	12.4	17.4	14.6	11.6	16.4	15.8	15.2	15.2	18.2	13.4	14.6	17.4	16.8	14.2	16.8
61	0	0	0	0	128	320	384	24	0	208	64	256	256	0	232	0
62	0	0	0	0	16	112	336	232	40	344	272	168	88	176	216	240
63	0	0	0	0	0	0	0	0	0	0	208	0	0	24	160	0
64	0	0	0	0	376	376	392	536	232	448	376	344	152	160	224	56
65	0	0	0	0	0	232	392	240	240	128	24	80	24	176	336	56
66	0	0	0	0	264	128	312	352	120	0	320	136	48	0	0	312
67	0	0	0	0	0	40	112	232	64	256	352	312	96	192	32	160
68	0	0	0	0	8	352	376	264	8	288	72	328	104	136	16	136
69	0	0	0	0	160	216	168	400	400	0	176	368	0	304	224	56
70	0	0	0	0	360	368	128	320	88	400	384	384	168	312	16	344
71	0	0	0	0	400	232	400	392	168	264	0	304	272	160	240	144
72	0	0	0	0	288	392	16	0	128	128	360	280	400	304	0	216
73	0	0	0	0	288	112	192	160	144	312	72	0	376	344	296	376
74	0	0	0	0	304	296	256	16	224	80	160	128	168	344	368	96
75	0	0	0	0	368	272	400	72	72	72	272	128	392	392	24	176
76	0	0	0	0	184	400	288	192	80	88	0	184	400	320	400	312
77	0	0	0	0	72	80	96	232	48	192	112	392	320	240	48	48
78	0	0	0	0	208	0	176	248	360	80	0	16	280	384	16	232
79	0	0	0	0	64	272	288	0	352	0	0	56	320	8	256	40
80	0	0	0	0	200	360	400	96	400	184	0	328	328	0	0	56
81	0	0	0	0	384	240	248	0	240	288	48	344	112	240	256	312
82	0	0	0	0	40	296	400	96	24	208	152	192	400	0	296	376
83	0	0	0	0	208	0	96	200	64	392	376	88	232	256	272	344
84	0	0	0	0	392	88	48	88	0	0	0	128	56	360	176	0
85	0	0	0	0	0	400	0	120	384	136	344	208	32	0	56	128
86	0	0	0	0	80	344	48	0	128	400	192	152	248	224	128	368
87	0	0	0	0	384	224	176	136	368	168	0	64	304	376	144	344
88	0	0	0	0	328	176	240	376	256	0	192	48	128	168	288	208
89	0	0	0	0	272	176	312	392	80	368	328	64	256	80	272	72
90	0	0	0	0	352	16	0	8	104	160	400	0	8	184	304	216
91	0	0	0	0	112	40	8	16	96	368	232	32	176	352	0	280
92	0	0	0	0	0	360	88	160	216	376	232	248	368	256	336	256
93	0	0	0	0	312	216	144	384	400	224	16	72	152	400	168	40
94	0	0	0	0	104	56	0	88	344	184	384	296	24	24	72	120
95	0	0	0	0	120	0	80	0	96	144	376	320	400	0	0	0
96	0	0	0	0	0	328	136	352	0	400	136	0	168	288	320	256
97	0	0	0	0	248	200	128	368	328	168	304	144	400	64	0	112
98	0	0	0	0	400	88	136	400	392	144	400	360	352	64	120	240
99	0	0	0	0	264	120	288	144	152	0	312	240	208	400	0	40
100	0	0	0	0	152	80	328	0	296	400	240	392	264	112	48	80
101	0	0	0	0	328	360	304	88	128	112	8	368	352	200	72	304
102	0	0	0	0	88	88	40	320	264	64	88	104	240	104	232	152
103	0	0	0	0	24	56	336	248	32	240	24	96	304	304	344	200
104	0	0	0	0	72	272	352	152	0	112	216	184	376	200	0	360
105	0	0	0	0	224	304	0	224	224	272	160	120	376	152	328	0
106	0	0	0	0	160	208	240	16	376	200	152	192	88	0	240	96
107	0	0	0	0	0	112	168	400	232	280	360	224	0	240	400	272
108	0	0	0	0	360	128	392	208	192	0	40	160	296	0	288	0
109	0	0	0	0	360	400	152	64	88	208	112	352	240	184	152	48
110	0	0	0	0	160	64	336	168	312	64	144	160	376	48	392	112
111	0	0	0	0	320	224	376	296	200	288	208	392	208	400	64	216
112	0	0	0	0	264	216	224	168	176	288	96	400	232	136	16	24
113	0	0	0	0	192	0	72	0	0	232	400	304	0	112	192	312
114	0	0	0	0	400	160	184	56	8	24	216	392	64	112	368	256
115	0	0	0	0	48	328	392	336	208	232	0	120	104	16	16	400
116	0	0	0	0	400	136	72	144	352	216	296	160	400	136	24	112
117	0	0	0	0	184	360	392	264	272	392	136	296	248	280	96	168
118	0	0	0	0	136	320	368	240	264	232	80	256	48	160	328	112
119	0	0	0	0	200	288	296	88	136	392	216	312	136	104	192	344
120	0	0	0	0	160	0	0	360	368	104	328	400	392	0	80	296
(1,17828)	(2,463)	(3,0)	(4,55)	
(1,4645)	(2,109)	(3,0)	(4,3)	
(1,4297)	(2,97)	(3,0)	(4,20)	
(1,4822)	(2,31)	(3,0)	(4,2)	
(1,4053)	(2,91)	(3,0)	(4,0)	
(1,1)	(2,0)	(3,0)	(4,0)	
(1,1)	(2,0)	(3,0)	(4,0)	
(1,1)	(2,0)	(3,0)	(4,0)	
(1,1)	(2,0)	(3,0)	(4,0)	
(1,1)	(2,0)	(3,0)	(4,0)	
(1,1)	(2,0)	(3,0)	(4,0)	
(1,1)	(2,0)	(3,0)	(4,0)	
(1,1)	(2,0)	(3,0)	(4,0)	
(1,1)	(2,0)	(3,0)	(4,0)	
(1,1)	(2,0)	(3,0)	(4,0)	
(1,1)	(2,0)	(3,0)	(4,0)	
(1,1)	(2,0)	(3,0)	(4,0)	
avg	0	0	0	0	198.667	200.533	211.867	186.267	182.8	199.2	186.133	209.6	216	178.533	169.733	177.2
delay	0.236111	0.241935	0.241379	0.246575	3.30671	2.56582	4.91567	19.9678	13.477	8.16064	4.90688	3.91921	2.40802	1.10904	1.39434	1.92701
loss	0	0	0	0	0.0197368	0.0214704	0.0148791	0.0237596	0.0186113	0.0164582	0.022409	0.0260223	0.0133983	0.0168869	0.0131783	0.0177384
Command ['/home/ubuntu/ns-3.30-obss/build/scratch/simple-ofdma-adhoc4', '--ofdmaEnabled=true', '--startTime=60', '--totalTime=120', '--dataMode=HeMcs7', '--datarate=4e5', '--ratio=0.375', '--RngRun=23', '--locationFile=my-simulations/8_ofdma7/txt/locationFile43.txt', '--routingFile=my-simulations/8_ofdma7/txt/routingFile43.txt'] terminated with signal SIGSEGV. Run it under a debugger to get more information (./waf --run <program> --command-template="gdb --args %s <args>").
