Waf: Entering directory `/home/ubuntu/ns-3.30-obss/build'
Waf: Leaving directory `/home/ubuntu/ns-3.30-obss/build'
Build commands will be stored in build/compile_commands.json
'build' finished successfully (0.699s)
--------------------------Rate[Kbps]--------------------------
Time[s]	cl-1	cl-2	cl-3	cl-4	cl-5	cl-6	cl-7	cl-8	cl-9	cl-10	cl-11	cl-12	cl-13	cl-14	cl-15
60	13.2	11.4	14.4	15.8	15.8	15.6	13.6	13.6	13.6	14.6	13.6	16	15.8	14.8	13.4
61	0	0	0	0	0	40	0	24	136	184	72	0	0	120	32
62	0	0	0	0	0	112	152	24	0	80	0	32	80	200	0
63	0	0	0	0	0	48	176	40	80	192	144	0	128	72	200
64	0	0	0	0	0	32	136	40	96	48	176	16	0	200	192
65	0	0	0	0	0	80	104	200	184	200	136	24	96	160	0
66	0	0	0	0	0	80	0	80	152	120	200	128	16	56	72
67	0	0	0	0	0	24	80	112	32	136	24	176	112	176	104
68	0	0	0	0	0	0	184	24	104	200	176	72	200	176	200
69	0	0	0	0	0	136	200	0	0	56	64	72	56	72	0
70	0	0	0	0	0	200	120	72	144	8	152	136	136	64	128
71	0	0	0	0	0	8	184	32	88	96	128	160	176	144	0
72	0	0	0	0	0	96	160	200	168	128	144	8	176	152	192
73	0	0	0	0	0	168	168	160	0	112	0	192	120	48	160
74	0	0	0	0	0	56	104	136	136	0	88	200	184	88	200
75	0	0	0	0	0	96	32	24	112	64	136	136	200	120	112
76	0	0	0	0	0	160	88	24	144	200	152	104	152	88	48
77	0	0	0	0	0	200	96	0	112	24	120	0	80	88	80
78	0	0	0	0	0	32	184	184	200	176	176	168	48	0	80
79	0	0	0	0	0	104	152	96	104	16	72	120	88	112	120
80	0	0	0	0	0	112	48	168	40	16	120	120	64	64	200
81	0	0	0	0	0	0	168	8	24	24	96	0	56	88	16
82	0	0	0	0	0	152	112	144	56	128	56	96	152	136	56
83	0	0	0	0	0	24	16	56	8	200	40	64	136	168	128
84	0	0	0	0	0	24	48	0	120	104	176	88	200	168	0
85	0	0	0	0	0	112	160	168	56	0	88	32	48	72	128
86	0	0	0	0	0	0	0	64	0	144	0	0	72	48	88
87	0	0	0	0	0	136	184	0	0	0	104	24	200	64	64
88	0	0	0	0	0	200	176	72	80	64	80	136	168	128	0
89	0	0	0	0	0	56	96	104	136	88	168	200	104	88	24
90	0	0	0	0	0	104	120	152	48	96	32	24	152	144	136
91	0	0	0	0	0	200	184	88	120	136	128	80	40	136	200
92	0	0	0	0	0	136	104	104	88	128	0	104	0	152	40
93	0	0	0	0	0	40	88	8	176	16	40	152	88	0	40
94	0	0	0	0	0	128	80	104	88	144	40	200	120	136	168
95	0	0	0	0	0	120	184	32	80	136	48	152	200	152	200
96	0	0	0	0	0	64	32	80	128	200	0	88	104	144	96
97	0	0	0	0	0	104	56	24	64	120	56	128	72	0	168
98	0	0	0	0	0	0	64	24	80	0	0	200	176	40	56
99	0	0	0	0	0	120	0	136	136	168	40	112	8	64	56
100	0	0	0	0	0	200	80	64	120	200	64	152	56	168	56
101	0	0	0	0	0	40	168	200	0	80	152	80	88	168	72
102	0	0	0	0	0	56	16	160	168	64	144	56	0	96	48
103	0	0	0	0	0	8	72	128	136	136	176	168	120	168	80
104	0	0	0	0	0	136	168	112	56	192	144	80	176	88	72
105	0	0	0	0	0	192	112	104	64	88	72	136	192	0	0
106	0	0	0	0	0	104	0	112	72	8	80	120	128	304	280
107	0	0	0	0	0	8	8	88	48	112	24	8	24	0	32
108	0	0	0	0	0	120	136	192	40	104	48	88	200	168	176
109	0	0	0	0	0	160	136	160	160	136	120	104	160	112	24
110	0	0	0	0	0	0	96	8	144	104	112	40	120	48	64
111	0	0	0	0	0	80	200	8	0	24	32	136	192	96	80
112	0	0	0	0	0	128	16	24	56	112	152	8	200	24	16
113	0	0	0	0	0	120	72	192	16	200	200	136	88	176	192
114	0	0	0	0	0	184	200	120	56	32	48	144	200	160	160
115	0	0	0	0	0	16	144	152	16	184	24	96	56	176	144
116	0	0	0	0	0	64	48	56	56	56	16	136	176	168	176
117	0	0	0	0	0	104	112	200	56	152	80	200	200	200	176
118	0	0	0	0	0	96	16	160	96	184	80	16	128	88	80
119	0	0	0	0	0	72	8	152	24	200	0	72	184	32	0
120	0	0	0	0	0	128	24	200	96	104	24	184	72	0	168
(1,8405)	(2,56)	(3,0)	(4,16)	
(1,1588)	(2,9)	(3,0)	(4,0)	
(1,1470)	(2,4)	(3,0)	(4,0)	
(1,1612)	(2,1)	(3,0)	(4,0)	
(1,1751)	(2,8)	(3,0)	(4,4)	
(1,1641)	(2,3)	(3,0)	(4,17)	
(1,1)	(2,0)	(3,0)	(4,0)	
(1,1)	(2,0)	(3,0)	(4,0)	
(1,1)	(2,0)	(3,0)	(4,0)	
(1,1)	(2,0)	(3,0)	(4,0)	
(1,1)	(2,0)	(3,0)	(4,0)	
(1,1)	(2,0)	(3,0)	(4,0)	
(1,1)	(2,0)	(3,0)	(4,0)	
(1,1)	(2,0)	(3,0)	(4,0)	
(1,1)	(2,0)	(3,0)	(4,0)	
(1,1)	(2,0)	(3,0)	(4,0)	
avg	0	0	0	0	0	92	101.2	93.3333	83.3333	107.067	87.7333	98.4	116.133	109.467	98
delay	0.242424	0.245614	0.25	0.240506	0.303797	4.65652	1.06719	3.68	3.9472	1.52802	4.35866	3.76423	6.09529	63.2217	45.6041
loss	0	0	0	0	0	0.017094	0.0065445	0.0182328	0.0141956	0.00495663	0.0179104	0.0107239	0.0124717	0.0132212	0.0173797
Command ['/home/ubuntu/ns-3.30-obss/build/scratch/simple-ofdma-adhoc4', '--ofdmaEnabled=true', '--startTime=60', '--totalTime=120', '--dataMode=HeMcs5', '--datarate=2e5', '--ratio=0.375', '--RngRun=23', '--locationFile=my-simulations/8_ofdma7/txt/locationFile52.txt', '--routingFile=my-simulations/8_ofdma7/txt/routingFile52.txt'] terminated with signal SIGSEGV. Run it under a debugger to get more information (./waf --run <program> --command-template="gdb --args %s <args>").
