Waf: Entering directory `/home/ubuntu/ns-3.30-obss/build'
Waf: Leaving directory `/home/ubuntu/ns-3.30-obss/build'
Build commands will be stored in build/compile_commands.json
'build' finished successfully (0.697s)
--------------------------Rate[Kbps]--------------------------
Time[s]	cl-1	cl-2	cl-3	cl-4	cl-5	cl-6
60	14.2	13.2	17	14.6	15	13.2
61	0	0	176	248	64	360
62	0	0	0	296	120	232
63	0	0	384	280	192	24
64	0	0	232	304	136	144
65	0	0	0	232	400	208
66	0	0	0	72	208	232
67	0	0	344	112	0	160
68	0	0	352	264	192	208
69	0	0	0	272	0	336
70	0	0	288	328	280	328
71	0	0	264	120	96	368
72	0	0	400	280	112	256
73	0	0	104	208	240	120
74	0	0	344	0	112	72
75	0	0	280	176	24	144
76	0	0	72	232	400	320
77	0	0	176	240	192	200
78	0	0	8	288	112	344
79	0	0	64	256	176	216
80	0	0	96	0	216	0
81	0	0	224	136	0	32
82	0	0	0	360	152	0
83	0	0	8	88	264	328
84	0	0	264	0	320	16
85	0	0	72	24	240	80
86	0	0	384	8	160	296
87	0	0	328	40	384	264
88	0	0	160	400	328	384
89	0	0	272	152	272	312
90	0	0	56	0	400	336
91	0	0	96	120	248	320
92	0	0	200	264	400	192
93	0	0	352	0	64	32
94	0	0	264	304	232	344
95	0	0	360	80	400	240
96	0	0	144	384	280	0
97	0	0	120	24	280	272
98	0	0	400	256	360	0
99	0	0	280	400	248	112
100	0	0	0	232	400	72
101	0	0	152	120	392	288
102	0	0	160	192	400	256
103	0	0	344	312	80	8
104	0	0	24	128	176	240
105	0	0	344	16	168	56
106	0	0	304	24	168	152
107	0	0	296	400	72	0
108	0	0	184	160	48	376
109	0	0	40	32	80	312
110	0	0	120	96	384	320
111	0	0	192	80	224	280
112	0	0	264	352	264	0
113	0	0	232	288	296	280
114	0	0	160	376	392	0
115	0	0	272	32	360	40
116	0	0	184	0	328	400
117	0	0	0	352	320	112
118	0	0	16	400	200	112
119	0	0	88	136	0	240
120	0	0	240	88	32	160
(1,6326)	(2,0)	(3,0)	(4,0)	
(1,2918)	(2,16)	(3,0)	(4,0)	
(1,3220)	(2,5)	(3,0)	(4,0)	
(1,1)	(2,0)	(3,0)	(4,0)	
(1,1)	(2,0)	(3,0)	(4,0)	
(1,1)	(2,0)	(3,0)	(4,0)	
(1,1)	(2,0)	(3,0)	(4,0)	
avg	0	0	186.4	184.4	218.133	192.267
delay	0.239437	0.378788	0.973534	0.954447	0.944377	0.931345
loss	0	0	0.0056899	0.00717875	0.0042605	0.00138504
Command ['/home/ubuntu/ns-3.30-obss/build/scratch/simple-ofdma-adhoc4', '--ofdmaEnabled=true', '--startTime=60', '--totalTime=120', '--dataMode=HeMcs7', '--datarate=4e5', '--ratio=0.375', '--RngRun=23', '--locationFile=my-simulations/8_ofdma7/txt/locationFile22.txt', '--routingFile=my-simulations/8_ofdma7/txt/routingFile22.txt'] terminated with signal SIGSEGV. Run it under a debugger to get more information (./waf --run <program> --command-template="gdb --args %s <args>").
