Waf: Entering directory `/home/ubuntu/ns-3.30-obss/build'
Waf: Leaving directory `/home/ubuntu/ns-3.30-obss/build'
Build commands will be stored in build/compile_commands.json
'build' finished successfully (0.732s)
--------------------------Rate[Kbps]--------------------------
Time[s]	cl-1	cl-2	cl-3	cl-4	cl-5	cl-6	cl-7	cl-8	cl-9	cl-10	cl-11	cl-12	cl-13	cl-14	cl-15
60	13.2	11.2	14.4	15.8	15.8	15.6	13.6	13.6	13.8	14.6	13.6	16	15.8	14.8	13.4
61	0	0	0	0	112	40	0	24	136	184	72	0	0	120	32
62	0	0	0	160	72	112	152	24	0	80	0	32	80	200	0
63	0	0	0	56	112	56	184	40	80	192	144	0	128	72	200
64	0	0	0	128	88	32	136	40	96	48	176	16	0	200	192
65	0	0	0	8	152	80	104	200	200	200	152	24	88	160	0
66	0	0	0	192	160	80	0	80	152	120	192	128	16	56	72
67	0	0	0	136	104	24	80	112	32	136	24	192	112	184	104
68	0	0	0	136	88	0	184	24	104	200	176	88	200	184	200
69	0	0	0	168	192	136	200	0	0	56	64	72	56	72	0
70	0	0	0	200	136	200	112	72	144	8	168	136	144	64	128
71	0	0	0	144	40	8	184	32	88	88	128	160	176	144	0
72	0	0	0	200	32	96	160	200	168	112	144	8	176	144	192
73	0	0	0	64	16	168	160	160	0	112	0	192	120	48	160
74	0	0	0	128	24	56	112	136	136	0	80	200	184	88	200
75	0	0	0	144	16	96	32	32	112	64	136	136	200	128	112
76	0	0	0	48	200	160	88	24	144	200	152	104	152	88	48
77	0	0	0	0	120	200	96	0	112	24	120	0	80	88	80
78	0	0	0	24	0	32	184	184	200	176	176	168	48	0	80
79	0	0	0	152	168	104	152	96	104	16	72	120	88	96	120
80	0	0	0	168	168	112	32	144	40	16	96	120	64	64	200
81	0	0	0	0	120	0	168	8	24	24	96	0	56	88	16
82	0	0	0	64	48	160	112	144	64	136	56	96	152	136	56
83	0	0	0	128	88	24	16	48	8	200	40	64	136	168	120
84	0	0	0	96	16	24	48	0	120	104	176	88	200	168	0
85	0	0	0	192	56	112	160	168	56	0	88	32	48	72	120
86	0	0	0	0	0	0	0	64	0	144	0	0	72	48	88
87	0	0	0	120	64	136	184	0	0	0	104	24	200	64	64
88	0	0	0	8	0	200	168	64	80	64	80	136	168	128	0
89	0	0	0	192	56	56	96	104	136	88	168	200	104	88	24
90	0	0	0	104	40	104	104	152	40	96	32	24	152	144	136
91	0	0	0	176	128	200	168	88	96	136	128	80	40	136	176
92	0	0	0	104	56	136	96	104	112	144	0	104	0	152	40
93	0	0	0	24	0	40	88	8	184	16	48	152	88	0	40
94	0	0	0	48	168	128	80	104	88	144	40	168	120	136	168
95	0	0	0	24	72	128	184	32	80	136	48	136	200	160	200
96	0	0	0	56	16	72	32	80	128	200	0	88	112	152	104
97	0	0	0	0	16	104	56	24	64	120	56	128	72	0	168
98	0	0	0	40	72	0	64	24	80	0	0	200	176	40	56
99	0	0	0	136	56	120	0	144	136	168	40	112	8	64	56
100	0	0	0	0	200	200	80	64	120	200	64	152	56	168	56
101	0	0	0	184	72	40	168	192	0	80	152	80	96	168	72
102	0	0	0	200	192	56	16	160	168	64	144	56	0	96	48
103	0	0	0	56	128	8	72	128	136	136	168	168	128	168	88
104	0	0	0	152	0	152	160	120	56	192	128	80	192	200	88
105	0	0	0	8	16	184	112	104	64	88	72	136	192	120	200
106	0	0	0	56	56	136	0	112	80	8	96	136	152	88	128
107	0	0	0	136	16	8	8	96	48	112	24	16	24	0	24
108	0	0	0	136	112	120	136	184	40	104	48	88	200	168	176
109	0	0	0	200	200	160	136	168	160	136	128	104	160	112	24
110	0	0	0	152	32	0	96	8	144	104	112	40	120	48	64
111	0	0	0	56	152	80	200	8	0	24	32	120	192	80	80
112	0	0	0	104	176	128	16	24	56	112	152	8	200	24	16
113	0	0	0	16	112	120	72	192	16	200	200	136	88	176	184
114	0	0	0	96	0	184	200	120	56	32	48	144	200	160	160
115	0	0	0	0	144	16	144	152	8	176	24	88	56	168	144
116	0	0	0	0	184	64	48	56	56	56	16	136	176	168	168
117	0	0	0	40	0	112	112	200	56	152	80	200	200	200	176
118	0	0	0	96	24	96	16	160	96	184	80	16	128	88	80
119	0	0	0	0	128	72	8	152	24	200	0	72	184	32	0
120	0	0	0	112	0	128	16	168	96	104	24	152	72	0	160
(1,9648)	(2,134)	(3,0)	(4,0)	
(1,3034)	(2,33)	(3,0)	(4,0)	
(1,3018)	(2,37)	(3,0)	(4,0)	
(1,3350)	(2,73)	(3,0)	(4,2)	
(1,1)	(2,0)	(3,0)	(4,0)	
(1,1)	(2,0)	(3,0)	(4,0)	
(1,1)	(2,0)	(3,0)	(4,0)	
(1,1)	(2,0)	(3,0)	(4,0)	
(1,1)	(2,0)	(3,0)	(4,0)	
(1,1)	(2,0)	(3,0)	(4,0)	
(1,1)	(2,0)	(3,0)	(4,0)	
(1,1)	(2,0)	(3,0)	(4,0)	
(1,1)	(2,0)	(3,0)	(4,0)	
(1,1)	(2,0)	(3,0)	(4,0)	
(1,1)	(2,0)	(3,0)	(4,0)	
(1,1)	(2,0)	(3,0)	(4,0)	
avg	0	0	0	92.8	83.6	93.3333	99.8667	92.5333	83.7333	106.933	87.7333	97.6	117.2	109.6	98.1333
delay	0.257576	0.25	0.277778	1.42385	1.43062	1.48857	1.45527	1.59654	1.40764	1.41147	1.57143	1.45765	1.55631	1.82603	2.02853
loss	0	0.0175439	0	0.00429185	0.00317965	0.00426743	0.0183486	0.0211566	0.00789889	0.00496278	0.0179104	0.00947226	0.00340136	0.00844391	0.0120805
Command ['/home/ubuntu/ns-3.30-obss/build/scratch/simple-ofdma-adhoc4', '--ofdmaEnabled=true', '--startTime=60', '--totalTime=120', '--dataMode=HeMcs3', '--datarate=2e5', '--ratio=0.375', '--RngRun=23', '--locationFile=my-simulations/8_ofdma7/txt/locationFile34.txt', '--routingFile=my-simulations/8_ofdma7/txt/routingFile34.txt'] terminated with signal SIGSEGV. Run it under a debugger to get more information (./waf --run <program> --command-template="gdb --args %s <args>").
