Waf: Entering directory `/home/ubuntu/ns-3.30-obss/build'
Waf: Leaving directory `/home/ubuntu/ns-3.30-obss/build'
Build commands will be stored in build/compile_commands.json
'build' finished successfully (0.745s)
--------------------------Rate[Kbps]--------------------------
Time[s]	cl-1	cl-2	cl-3	cl-4	cl-5	cl-6	cl-7	cl-8	cl-9	cl-10
60	15.4	12.2	18.8	13.6	15	12.4	14.2	14.8	12.6	14.8
61	0	0	0	256	176	168	0	0	504	248
62	0	0	104	192	88	120	152	216	208	152
63	0	0	344	72	0	104	88	472	0	320
64	0	0	272	192	320	0	168	200	304	232
65	0	0	368	440	432	376	80	96	552	600
66	0	0	488	16	280	360	320	360	504	56
67	0	0	392	160	248	496	264	528	0	528
68	0	0	576	592	472	392	168	72	568	144
69	0	0	536	80	248	0	576	392	456	376
70	0	0	600	104	232	96	496	320	296	600
71	0	0	544	264	592	240	0	248	384	168
72	0	0	384	600	32	344	112	216	328	416
73	0	0	576	392	320	360	56	584	480	192
74	0	0	0	200	472	456	480	16	424	128
75	0	0	200	384	584	544	40	528	368	544
76	0	0	600	120	160	192	304	584	0	472
77	0	0	56	112	432	504	560	288	40	96
78	0	0	448	576	488	240	16	320	0	24
79	0	0	392	360	88	424	424	0	304	0
80	0	0	88	576	448	200	488	56	328	248
81	0	0	336	512	256	600	24	336	328	264
82	0	0	288	0	600	384	304	168	88	200
83	0	0	576	40	352	392	256	200	120	0
84	0	0	0	456	40	344	384	528	400	80
85	0	0	272	440	336	592	216	256	232	256
86	0	0	312	368	408	424	464	0	600	376
87	0	0	24	312	64	464	72	464	200	232
88	0	0	0	264	104	48	240	568	240	576
89	0	0	112	0	456	80	528	232	280	440
90	0	0	472	8	248	24	48	576	376	280
91	0	0	432	352	152	600	408	328	8	544
92	0	0	480	552	184	344	0	592	168	504
93	0	0	304	600	416	536	320	232	408	0
94	0	0	240	368	504	288	552	440	392	160
95	0	0	544	344	0	432	216	576	576	312
96	0	0	104	432	376	528	600	280	208	224
97	0	0	600	536	600	200	552	256	376	568
98	0	0	32	192	504	224	200	496	104	328
99	0	0	232	344	88	600	152	168	320	456
100	0	0	496	400	448	200	600	64	416	328
101	0	0	296	528	304	368	320	352	352	200
102	0	0	104	600	0	136	600	600	600	128
103	0	0	528	456	512	16	256	232	448	128
104	0	0	0	168	600	208	304	272	472	80
105	0	0	472	144	144	376	72	32	0	344
106	0	0	24	48	440	600	104	72	568	40
107	0	0	488	536	312	32	136	472	560	512
108	0	0	464	344	560	136	80	48	120	552
109	0	0	440	280	400	0	600	144	448	24
110	0	0	288	376	544	456	424	208	16	160
111	0	0	328	440	440	496	432	576	472	464
112	0	0	80	64	344	392	384	320	72	376
113	0	0	600	408	432	440	0	32	400	448
114	0	0	128	600	432	112	104	0	600	600
115	0	0	0	480	600	384	32	496	176	368
116	0	0	80	600	592	0	368	536	168	72
117	0	0	72	256	168	480	480	184	64	496
118	0	0	0	0	0	16	400	472	440	248
119	0	0	328	304	248	208	352	24	520	40
120	0	0	504	320	240	456	600	0	304	104
(1,17954)	(2,583)	(3,0)	(4,43)	
(1,9012)	(2,363)	(3,0)	(4,26)	
(1,8319)	(2,392)	(3,0)	(4,17)	
(1,1)	(2,0)	(3,0)	(4,0)	
(1,1)	(2,0)	(3,0)	(4,0)	
(1,1)	(2,0)	(3,0)	(4,0)	
(1,1)	(2,0)	(3,0)	(4,0)	
(1,1)	(2,0)	(3,0)	(4,0)	
(1,1)	(2,0)	(3,0)	(4,0)	
(1,1)	(2,0)	(3,0)	(4,0)	
(1,1)	(2,0)	(3,0)	(4,0)	
avg	0	0	300.8	319.333	326	303.867	282.933	288.8	311.467	284.267
delay	0.311688	0.327869	2.42819	3.61879	11.0658	10.6108	3.93779	2.9446	1.41396	2.91557
loss	0	0	0.0233766	0.0168309	0.022	0.0138468	0.00887436	0.0234445	0.0135135	0.0215695
Command ['/home/ubuntu/ns-3.30-obss/build/scratch/simple-ofdma-adhoc4', '--ofdmaEnabled=true', '--startTime=60', '--totalTime=120', '--dataMode=HeMcs5', '--datarate=6e5', '--ratio=0.375', '--RngRun=23', '--locationFile=my-simulations/8_ofdma7/txt/locationFile24.txt', '--routingFile=my-simulations/8_ofdma7/txt/routingFile24.txt'] terminated with signal SIGSEGV. Run it under a debugger to get more information (./waf --run <program> --command-template="gdb --args %s <args>").
