Waf: Entering directory `/home/ubuntu/ns-3.30-obss/build'
Waf: Leaving directory `/home/ubuntu/ns-3.30-obss/build'
Build commands will be stored in build/compile_commands.json
'build' finished successfully (0.383s)
--------------------------Rate[Kbps]--------------------------
Time[s]	cl-1	cl-2	cl-3	cl-4	cl-5	cl-6	cl-7	cl-8	cl-9	cl-10	cl-11	cl-12	cl-13	cl-14	cl-15	cl-16	cl-17	cl-18	cl-19	cl-20
60	13.2	14.4	13.2	12.4	14.4	16	16.6	14.2	14.8	15.2	15.2	14.4	16.4	16	15.8	11.6	17.2	12.8	13.6	15
61	456	528	512	520	480	272	256	280	416	328	288	320	408	384	296	336	416	360	272	304
62	448	536	536	512	448	312	240	216	408	352	288	280	320	344	224	256	336	328	224	288
63	392	552	600	568	408	272	304	272	392	328	352	272	312	344	336	280	248	352	328	360
64	264	544	576	568	440	264	272	176	360	320	264	320	264	288	256	216	208	360	336	264
65	376	568	536	592	456	272	248	192	320	264	296	256	216	320	240	256	224	288	280	312
66	504	512	528	560	440	328	328	240	320	312	352	232	280	328	240	344	304	280	320	368
67	392	560	512	536	448	224	264	168	256	248	288	216	272	312	272	248	240	280	280	304
68	400	560	544	560	456	368	400	256	336	352	400	344	320	368	400	304	320	416	368	432
69	352	520	560	584	464	304	280	216	312	408	344	248	240	304	272	256	192	344	336	352
70	336	528	560	552	424	272	256	312	312	352	240	256	224	336	280	320	232	312	304	288
71	416	528	512	608	392	280	288	200	344	344	328	296	296	336	360	184	240	312	320	312
72	384	512	560	592	448	296	312	256	352	280	264	264	264	320	296	280	264	344	264	320
73	392	472	544	576	464	248	240	120	288	384	344	208	216	304	304	256	232	304	312	288
74	416	504	544	560	416	328	272	224	344	288	264	328	296	336	320	312	296	344	328	368
75	392	528	536	568	368	264	240	232	336	320	304	280	264	336	328	272	312	328	280	328
76	384	512	544	576	456	328	360	240	344	336	272	256	336	328	336	256	336	312	272	360
77	400	592	592	584	480	328	240	176	344	320	336	232	256	272	312	264	200	360	224	320
78	504	512	544	576	472	304	320	184	320	328	304	288	288	296	328	304	280	384	312	320
79	464	520	528	592	496	312	272	224	272	320	360	304	288	344	336	352	272	272	248	352
80	344	504	496	592	432	272	280	160	352	328	296	272	280	288	232	200	224	328	304	312
81	368	544	528	544	408	312	288	248	344	296	272	272	296	304	264	248	240	288	304	392
82	408	464	544	576	392	272	248	208	320	320	256	288	304	304	248	248	176	240	208	280
83	456	544	520	528	432	264	296	216	328	280	320	248	240	360	288	312	280	320	344	344
84	400	512	512	536	456	304	304	240	336	352	368	312	336	384	296	336	272	320	248	328
85	448	560	552	552	472	288	288	184	336	312	304	264	256	352	320	248	248	296	312	352
86	368	520	520	552	488	288	232	224	288	304	304	208	216	352	296	296	232	304	312	288
87	472	528	528	544	464	264	224	168	264	280	296	216	232	288	224	176	168	304	296	336
88	384	504	528	568	480	312	264	208	328	344	280	232	256	328	296	280	232	336	232	296
89	392	512	600	568	408	216	288	144	280	288	248	264	232	216	216	224	208	248	296	288
90	368	560	576	584	488	208	232	184	272	288	224	304	264	288	248	216	184	296	232	312
91	424	544	536	528	496	256	240	144	312	232	184	288	272	280	248	240	208	320	272	352
92	320	520	520	592	448	280	256	208	304	336	272	296	280	296	328	264	224	336	328	368
93	392	520	560	552	360	248	280	112	272	312	240	272	256	312	240	232	224	304	240	296
94	416	520	560	568	448	288	288	224	320	328	320	320	248	312	328	256	280	296	304	376
95	232	464	512	608	384	216	208	120	288	296	248	288	240	280	232	224	224	272	256	264
96	368	536	504	536	440	256	312	176	304	216	224	224	280	280	216	264	248	312	296	272
97	384	544	592	544	464	256	264	192	280	328	272	248	280	368	312	320	240	312	320	320
98	384	520	544	576	408	288	280	208	296	304	344	256	280	328	280	272	264	336	264	384
99	376	528	528	536	480	312	320	216	280	280	304	304	240	304	280	184	192	320	288	352
100	424	584	592	552	432	280	280	176	304	272	256	272	232	336	312	296	256	344	272	368
101	264	504	560	584	392	304	360	200	304	256	224	264	320	296	264	232	216	288	192	320
102	448	552	568	592	400	264	256	168	272	312	272	224	280	256	248	312	248	352	264	312
103	352	520	544	608	464	248	360	152	312	304	336	304	248	352	320	240	152	256	264	344
104	384	496	544	560	432	208	192	184	304	336	272	304	320	304	312	280	240	288	272	336
105	264	504	528	568	392	296	288	248	320	312	304	280	320	336	264	200	248	256	216	232
106	496	552	568	536	448	336	328	272	312	344	376	320	296	328	304	312	296	320	344	408
107	344	536	576	608	520	256	240	152	304	328	280	232	248	328	304	280	208	256	232	312
108	440	528	528	592	440	280	280	256	272	296	256	240	296	264	272	240	248	280	328	368
109	456	512	504	584	464	328	360	264	424	416	336	280	304	312	312	272	264	328	272	336
110	312	560	576	608	448	248	224	216	304	296	336	312	296	320	336	272	280	328	256	384
111	456	512	544	592	424	280	248	232	312	352	368	368	336	392	320	264	296	328	296	400
112	360	448	544	576	448	320	216	136	304	256	232	224	232	288	232	216	224	256	240	264
113	384	536	568	608	448	304	232	232	296	256	312	224	272	368	248	184	224	320	288	288
114	400	488	496	552	464	368	320	264	384	344	344	304	320	304	312	280	288	328	328	360
115	440	520	536	560	480	272	272	200	352	384	344	272	272	312	280	320	240	352	280	392
116	392	504	456	560	464	328	320	256	352	400	312	304	272	296	256	272	240	312	320	368
117	392	560	568	576	480	320	312	288	360	368	376	288	336	368	344	320	272	400	336	376
118	360	568	528	536	488	376	376	344	352	376	344	304	328	352	304	320	304	352	304	352
119	320	544	496	496	448	280	288	224	320	320	288	176	176	248	200	192	208	288	240	296
120	376	552	568	568	456	264	256	168	296	392	360	256	344	352	320	240	232	344	312	296
avg	390.667	526.933	542	566.4	445.6	285.6	279.867	210	320.667	318.8	299.867	272.133	278.267	318.933	286.533	264.667	248.4	315.733	285.333	331.067
delay	363.069	366.775	367.647	366.924	367.19	373.586	372.281	373.54	368.587	369.771	370.819	370.699	368.573	368.318	369.912	370.164	369.028	372.316	371.559	373.673
Command ['/home/ubuntu/ns-3.30-obss/build/scratch/simple-ofdma-adhoc', '--ofdmaEnabled=true', '--startTime=60', '--totalTime=120', '--dataMode=HeMcs6', '--datarate=7e5', '--clNum=20', '--ratio=0.375', '--RngRun=27'] terminated with signal SIGSEGV. Run it under a debugger to get more information (./waf --run <program> --command-template="gdb --args %s <args>").
