Waf: Entering directory `/home/ubuntu/ns-3.30-obss/build'
Waf: Leaving directory `/home/ubuntu/ns-3.30-obss/build'
Build commands will be stored in build/compile_commands.json
'build' finished successfully (0.740s)
--------------------------Rate[Kbps]--------------------------
Time[s]	cl-1	cl-2	cl-3	cl-4	cl-5	cl-6	cl-7	cl-8	cl-9	cl-10	cl-11	cl-12	cl-13	cl-14	cl-15	cl-16	cl-17	cl-18	cl-19	cl-20
60	16.4	13.6	12.8	13.8	15.4	16.8	14.2	17.6	14.2	17.4	15.2	13.8	14	16.4	16.2	14.4	16.4	14.6	13.6	12.2
61	0	0	0	0	0	272	152	240	0	0	48	0	152	168	0	0	200	0	0	176
62	0	0	0	0	0	384	248	304	64	48	400	288	440	264	336	168	304	168	488	80
63	0	0	0	0	0	56	152	248	352	72	272	416	128	440	392	0	416	88	88	496
64	0	0	0	0	0	200	96	416	80	168	184	112	128	296	72	144	456	240	224	328
65	0	0	0	0	0	296	464	488	120	160	392	280	232	424	128	336	328	376	128	16
66	0	0	0	0	0	0	296	352	464	392	152	400	48	488	424	48	168	192	176	136
67	0	0	0	0	0	384	464	72	344	336	384	192	16	112	208	200	56	232	248	0
68	0	0	0	0	0	296	48	0	408	160	152	472	424	64	264	80	408	120	320	208
69	0	0	0	0	0	344	344	144	48	120	432	240	368	72	520	208	448	312	416	0
70	0	0	0	0	0	400	456	80	360	464	128	0	488	184	104	0	496	224	40	32
71	0	0	0	0	0	400	328	168	440	288	256	368	232	344	312	80	224	176	392	368
72	0	0	0	0	0	232	64	16	488	112	320	248	0	216	296	0	0	448	272	136
73	0	0	0	0	0	264	456	312	96	384	288	344	384	304	336	368	272	0	0	64
74	0	0	0	0	0	472	128	80	320	256	440	192	376	328	272	344	88	72	272	72
75	0	0	0	0	0	256	176	408	152	120	280	176	120	128	336	472	88	408	472	264
76	0	8	0	8	0	128	392	80	296	224	48	432	304	392	0	200	464	288	120	472
77	8	0	0	0	8	0	72	336	360	80	208	152	88	368	208	256	280	128	112	136
78	0	0	0	0	0	240	368	24	0	0	208	0	0	272	352	168	136	120	48	264
79	0	0	0	0	0	72	168	112	32	416	0	320	376	80	48	160	224	344	376	0
80	0	0	8	0	0	192	216	312	128	392	272	200	240	88	272	272	144	96	440	320
81	0	0	0	0	0	72	408	296	496	72	192	0	0	0	0	304	160	424	400	256
82	0	0	0	0	0	440	304	384	120	456	96	184	16	288	304	8	200	344	336	464
83	0	0	0	0	0	8	488	168	160	312	472	176	272	96	232	152	120	384	480	208
84	0	0	0	0	0	360	160	296	104	280	232	16	456	264	0	96	200	152	200	80
85	0	0	0	0	0	456	0	88	64	464	344	0	464	112	48	384	328	232	480	296
86	0	0	0	0	0	184	440	160	432	224	240	264	408	0	424	376	128	152	80	256
87	0	0	0	0	0	168	176	24	72	440	184	160	344	352	152	336	296	200	336	200
88	0	0	0	0	0	144	88	56	144	432	96	0	80	384	152	72	168	368	0	128
89	0	0	0	0	0	0	312	80	392	352	0	0	440	264	208	168	448	272	176	464
90	0	0	0	8	8	144	400	464	200	8	184	704	32	160	8	64	88	0	440	168
91	0	0	0	0	0	448	120	256	112	176	192	264	264	464	216	296	208	320	464	0
92	0	8	0	0	0	192	88	0	432	432	496	32	288	488	352	0	272	128	72	328
93	8	0	0	0	0	72	24	176	288	280	288	88	0	208	312	352	344	224	240	296
94	0	0	0	0	0	240	136	328	0	448	416	448	240	0	264	144	408	152	232	264
95	0	0	0	0	0	264	104	464	56	64	424	280	232	400	0	208	392	224	48	48
96	0	0	0	0	0	168	352	264	0	184	136	0	136	200	296	296	192	16	384	376
97	0	0	8	0	0	24	80	272	408	0	240	104	176	216	144	328	312	416	312	472
98	0	0	0	0	0	0	280	80	160	312	80	256	296	440	176	448	136	200	432	144
99	0	0	0	0	0	344	136	424	232	184	368	216	440	0	408	336	424	328	8	256
100	0	0	0	0	0	0	344	136	48	40	344	288	0	88	192	376	248	488	352	208
101	0	0	0	0	0	248	456	88	344	472	320	128	136	32	208	320	336	96	64	336
102	0	0	0	0	0	384	320	344	408	264	0	528	360	352	368	136	0	80	464	400
103	0	0	0	0	0	256	112	504	40	248	208	64	0	280	376	280	424	48	272	456
104	0	0	0	0	0	472	328	232	472	344	24	312	72	256	152	464	48	432	0	256
105	0	0	0	0	0	440	0	112	48	296	0	440	424	184	112	480	16	344	440	0
106	0	0	0	0	0	56	408	72	96	360	176	248	344	72	0	392	504	288	88	136
107	0	8	0	8	0	104	240	72	280	392	448	0	448	0	368	336	296	232	120	0
108	0	0	0	0	0	152	232	224	184	384	480	64	136	360	296	152	24	8	192	152
109	0	0	0	0	0	80	328	328	96	32	296	192	56	256	160	8	488	488	224	216
110	0	0	0	0	8	256	192	88	192	464	464	96	80	200	56	16	432	328	472	144
111	0	0	0	0	0	384	392	136	128	64	64	400	200	336	432	408	296	328	240	48
112	8	0	0	0	0	264	0	152	312	144	96	408	384	432	296	0	232	40	136	224
113	0	0	0	0	0	0	288	464	0	352	104	200	208	408	288	440	0	480	168	344
114	0	0	0	0	0	296	200	392	112	264	264	336	504	24	400	304	320	352	336	400
115	0	0	0	0	0	152	120	152	312	224	176	400	104	480	416	0	336	8	320	104
116	0	0	0	0	0	216	192	280	424	288	0	464	120	328	288	272	0	272	0	320
117	0	0	0	0	0	120	264	472	296	0	232	80	128	16	200	320	152	496	24	0
118	0	0	0	0	0	8	80	56	448	152	80	200	376	432	288	0	152	264	40	128
119	0	0	0	0	0	280	488	0	280	24	416	464	208	344	472	72	392	192	56	368
120	0	0	0	0	0	248	304	376	168	216	120	232	504	184	120	432	168	480	0	424
(1,19777)	(2,4238)	(3,0)	(4,315)	
(1,4931)	(2,371)	(3,0)	(4,9)	
(1,6504)	(2,464)	(3,0)	(4,25)	
(1,6362)	(2,540)	(3,0)	(4,34)	
(1,6525)	(2,497)	(3,0)	(4,19)	
(1,1)	(2,0)	(3,0)	(4,0)	
(1,1)	(2,0)	(3,0)	(4,0)	
(1,1)	(2,0)	(3,0)	(4,0)	
(1,1)	(2,0)	(3,0)	(4,0)	
(1,1)	(2,0)	(3,0)	(4,0)	
(1,1)	(2,0)	(3,0)	(4,0)	
(1,1)	(2,0)	(3,0)	(4,0)	
(1,1)	(2,0)	(3,0)	(4,0)	
(1,1)	(2,0)	(3,0)	(4,0)	
(1,1)	(2,0)	(3,0)	(4,0)	
(1,1)	(2,0)	(3,0)	(4,0)	
(1,1)	(2,0)	(3,0)	(4,0)	
(1,1)	(2,0)	(3,0)	(4,0)	
(1,1)	(2,0)	(3,0)	(4,0)	
(1,1)	(2,0)	(3,0)	(4,0)	
(1,1)	(2,0)	(3,0)	(4,0)	
avg	0.4	0.4	0.266667	0.4	0.4	217.2	241.2	219.2	218.533	238.933	230.933	226.133	232	240.533	234.4	218	248.133	238.533	229.333	215.6
delay	1	1.33333	1.5	1.33333	2.66667	22.0657	8.41736	3.39173	6.4094	6.00781	8.20439	61.7718	10.9328	6.80377	8.96701	9.64465	9.63084	19.1124	3.28895	18.7559
loss	0	0	0.333333	0	0	0.079661	0.0651163	0.0711864	0.0481998	0.0661803	0.0762667	0.0762527	0.0695187	0.0449974	0.0638978	0.0694365	0.060101	0.0608924	0.059081	0.0582072
Command ['/home/ubuntu/ns-3.30-obss/build/scratch/simple-ofdma-adhoc4', '--ofdmaEnabled=true', '--startTime=60', '--totalTime=120', '--dataMode=HeMcs2', '--datarate=5e5', '--clNum=20', '--ratio=0.375', '--RngRun=41'] terminated with signal SIGSEGV. Run it under a debugger to get more information (./waf --run <program> --command-template="gdb --args %s <args>").
