Waf: Entering directory `/home/ubuntu/ns-3.30-obss/build'
Waf: Leaving directory `/home/ubuntu/ns-3.30-obss/build'
Build commands will be stored in build/compile_commands.json
'build' finished successfully (0.798s)
--------------------------Rate[Kbps]--------------------------
Time[s]	cl-1	cl-2	cl-3	cl-4	cl-5	cl-6	cl-7	cl-8	cl-9	cl-10	cl-11	cl-12	cl-13	cl-14	cl-15	cl-16	cl-17	cl-18	cl-19	cl-20	cl-21
60	15	16.6	14.6	17	13.2	12.2	14	14.2	11.6	13	18	15.6	16	14.4	15.4	13.4	12.4	13.2	14.6	14.8	14
61	0	0	0	0	0	0	0	0	0	32	72	32	48	8	128	144	136	176	128	0	0
62	0	0	0	0	0	0	0	0	0	56	136	184	192	168	24	112	104	8	200	24	64
63	0	0	0	0	0	0	0	0	0	56	56	128	64	0	72	120	176	176	40	72	112
64	0	0	0	0	0	0	0	0	0	48	80	112	136	16	32	152	72	200	24	8	56
65	0	0	0	0	0	0	0	0	0	136	96	160	200	184	104	40	8	0	112	192	80
66	0	0	0	0	0	0	0	0	0	0	104	16	48	200	184	32	56	8	136	32	88
67	0	0	0	0	0	0	0	0	0	96	56	48	160	40	184	40	56	200	64	200	88
68	0	0	0	0	0	0	0	0	0	176	48	96	184	120	192	0	0	120	72	120	128
69	0	0	0	0	0	0	0	0	0	112	24	192	128	32	48	88	152	8	200	120	152
70	0	0	0	0	0	0	0	0	0	144	48	160	120	104	48	72	152	128	144	176	0
71	0	0	0	0	0	0	0	0	0	144	88	80	0	0	0	88	104	32	0	40	112
72	0	0	0	0	0	0	0	0	0	160	200	184	0	96	128	104	0	56	56	192	96
73	0	0	0	0	0	0	0	0	0	48	176	112	0	0	144	104	128	16	96	8	88
74	0	0	0	0	0	0	0	0	0	48	136	128	184	112	176	0	112	136	48	40	112
75	0	0	0	0	0	0	0	0	0	160	200	200	56	64	120	88	120	176	168	128	48
76	0	0	0	0	0	0	0	0	0	96	112	136	0	120	192	104	16	48	104	0	104
77	0	0	0	0	0	0	0	0	0	136	32	152	8	152	8	136	168	104	24	80	120
78	0	0	0	0	0	0	0	0	0	48	200	112	0	40	40	200	0	120	8	152	56
79	0	0	0	0	0	0	0	0	0	104	136	152	184	104	184	128	16	64	160	0	24
80	0	0	0	0	0	0	0	0	0	200	24	8	112	136	48	200	0	160	72	40	128
81	0	0	0	0	0	0	0	0	0	112	184	176	0	120	96	80	48	0	120	136	0
82	0	0	0	0	0	0	0	0	0	104	200	168	48	0	0	96	96	128	104	176	32
83	0	0	0	0	0	0	0	0	0	152	32	72	104	104	112	120	192	200	0	112	0
84	0	0	0	0	0	0	0	0	0	200	144	128	200	176	128	80	160	112	112	0	48
85	0	0	0	0	0	0	0	0	0	144	152	200	64	72	0	16	120	160	184	176	24
86	0	0	0	0	0	0	0	0	0	200	72	24	104	16	88	96	0	0	136	136	168
87	0	0	0	0	0	0	0	0	0	48	120	40	64	16	80	32	184	24	200	64	128
88	0	0	0	0	0	0	0	0	0	80	128	112	112	80	0	64	0	192	64	168	200
89	0	0	0	0	0	0	0	0	0	40	168	144	192	168	144	24	16	176	200	120	120
90	0	0	0	0	0	0	0	0	0	160	152	104	128	120	8	96	192	72	120	96	96
91	0	0	0	0	0	0	0	0	0	48	96	0	56	64	88	40	32	72	104	128	72
92	0	0	0	0	0	0	0	0	0	48	24	48	16	152	48	0	112	144	192	0	64
93	0	0	0	0	0	0	0	0	0	0	192	96	200	192	0	64	104	144	56	64	152
94	0	0	0	0	0	0	0	0	0	72	88	24	192	72	56	0	128	48	0	192	120
95	0	0	0	0	0	0	0	0	0	200	0	0	64	80	136	152	80	32	72	128	96
96	0	0	0	0	0	0	0	0	0	96	160	8	8	144	160	168	104	136	176	184	88
97	0	0	0	0	0	0	0	0	0	0	176	64	8	128	144	128	0	0	184	104	24
98	0	0	0	0	0	0	0	0	0	56	112	152	16	72	56	168	104	8	160	184	184
99	0	0	0	0	0	0	0	0	0	168	128	72	96	0	160	136	0	0	0	112	144
100	0	0	0	0	0	0	0	0	0	0	64	8	144	128	128	160	128	184	176	40	72
101	0	0	0	0	0	0	0	0	0	128	0	104	8	152	40	0	96	32	32	16	120
102	0	0	0	0	0	0	0	0	0	88	136	80	176	152	0	152	88	64	120	104	152
103	0	0	0	0	0	0	0	0	0	128	56	112	136	48	152	152	112	144	72	152	120
104	0	0	0	0	0	0	0	0	0	176	112	24	200	72	144	112	192	120	48	104	120
105	0	0	0	0	0	0	0	0	0	96	192	40	112	0	0	32	56	64	72	0	200
106	0	0	0	0	0	0	0	0	0	56	72	96	104	128	144	120	160	72	64	56	48
107	0	0	0	0	0	0	0	0	0	104	80	24	48	0	192	56	120	16	128	136	120
108	0	0	0	0	0	0	0	0	0	120	40	48	0	112	72	56	168	0	192	24	112
109	0	0	0	0	0	0	0	0	0	88	184	112	160	160	128	128	48	176	184	0	152
110	0	0	0	0	0	0	0	0	0	136	24	0	56	40	192	64	24	184	48	128	40
111	0	0	0	0	0	0	0	0	0	88	40	192	176	32	88	64	32	160	24	0	48
112	0	0	0	0	0	0	0	0	0	152	192	96	144	144	80	168	16	96	40	80	16
113	0	0	0	0	0	0	0	0	0	16	104	184	96	104	176	88	176	88	176	112	0
114	0	0	0	0	0	0	0	0	0	144	152	184	64	184	80	160	128	0	80	64	40
115	0	0	0	0	0	0	0	0	0	8	40	104	24	128	88	112	176	136	112	56	112
116	0	0	0	0	0	0	0	0	0	40	0	128	88	24	88	32	72	192	56	200	96
117	0	0	0	0	0	0	0	0	0	160	168	0	168	0	112	80	112	144	176	112	128
118	0	0	0	0	0	0	0	0	0	24	80	120	96	56	80	32	152	136	8	144	16
119	0	0	0	0	0	0	0	0	0	32	200	152	8	80	64	144	176	72	24	104	48
120	0	0	0	0	0	0	0	0	0	144	112	112	0	120	88	104	112	200	160	160	88
(1,10300)	(2,141)	(3,0)	(4,1)	
(1,3487)	(2,26)	(3,0)	(4,0)	
(1,3209)	(2,48)	(3,0)	(4,0)	
(1,3267)	(2,62)	(3,0)	(4,0)	
(1,1693)	(2,12)	(3,0)	(4,0)	
(1,1633)	(2,1)	(3,0)	(4,0)	
(1,1573)	(2,0)	(3,0)	(4,0)	
(1,1554)	(2,7)	(3,0)	(4,0)	
(1,1644)	(2,15)	(3,0)	(4,0)	
(1,1497)	(2,30)	(3,0)	(4,0)	
(1,1)	(2,0)	(3,0)	(4,0)	
(1,1)	(2,0)	(3,0)	(4,0)	
(1,1)	(2,0)	(3,0)	(4,0)	
(1,1)	(2,0)	(3,0)	(4,0)	
(1,1)	(2,0)	(3,0)	(4,0)	
(1,1)	(2,0)	(3,0)	(4,0)	
(1,1)	(2,0)	(3,0)	(4,0)	
(1,1)	(2,0)	(3,0)	(4,0)	
(1,1)	(2,0)	(3,0)	(4,0)	
(1,1)	(2,0)	(3,0)	(4,0)	
(1,1)	(2,0)	(3,0)	(4,0)	
(1,1)	(2,0)	(3,0)	(4,0)	
avg	0	0	0	0	0	0	0	0	0	97.6	106.667	99.0667	91.7333	88.9333	94.9333	92.1333	93.2	97.7333	100.533	94.9333	87.7333
delay	0.293333	0.253012	0.30137	0.741176	0.863636	0.704918	0.685714	0.985915	0.810345	1.85656	1.75875	1.82907	1.77326	1.82459	1.90449	1.88857	1.75107	1.78445	1.87003	1.88764	1.85258
loss	0	0	0	0	0.0149254	0	0	0	0	0.031746	0.0279465	0.0535032	0.019943	0.0430416	0.0455764	0.0455801	0.0371901	0.0291391	0.0503778	0.0468541	0.0640114
Command ['/home/ubuntu/ns-3.30-obss/build/scratch/simple-ofdma-adhoc4', '--ofdmaEnabled=true', '--startTime=60', '--totalTime=120', '--dataMode=HeMcs5', '--datarate=2e5', '--ratio=0.375', '--RngRun=48', '--locationFile=my-simulations/8_ofdma7/txt/locationFile322.txt', '--routingFile=my-simulations/8_ofdma7/txt/routingFile322.txt'] terminated with signal SIGSEGV. Run it under a debugger to get more information (./waf --run <program> --command-template="gdb --args %s <args>").
