Waf: Entering directory `/home/ubuntu/ns-3.30-obss/build'
Waf: Leaving directory `/home/ubuntu/ns-3.30-obss/build'
Build commands will be stored in build/compile_commands.json
'build' finished successfully (0.789s)
--------------------------Rate[Kbps]--------------------------
Time[s]	cl-1	cl-2	cl-3	cl-4	cl-5	cl-6	cl-7	cl-8	cl-9	cl-10	cl-11	cl-12	cl-13	cl-14	cl-15	cl-16	cl-17	cl-18
60	12.6	14.4	12.2	12.6	17	16	13.8	14	15	16.8	15.2	15.4	15.2	16.6	16	12.6	14.2	14.4
61	0	0	0	592	0	360	328	0	16	264	256	136	512	120	24	448	664	192
62	0	0	0	64	248	792	120	352	632	528	368	0	664	776	56	432	0	272
63	0	0	0	432	48	304	568	496	576	736	232	608	208	616	736	536	264	592
64	0	0	0	688	456	480	728	520	192	496	664	752	568	600	424	120	32	424
65	0	0	0	264	264	528	600	64	160	440	96	48	704	24	392	264	408	544
66	0	0	0	432	760	192	560	152	504	216	304	88	32	424	776	704	360	176
67	0	0	0	360	528	88	600	296	608	144	656	272	624	184	720	640	248	208
68	0	0	0	728	344	312	320	712	24	624	24	360	712	352	272	144	8	192
69	0	0	0	128	216	744	128	728	16	144	736	800	0	752	272	768	376	792
70	0	0	0	352	696	400	736	440	712	184	280	56	592	512	0	360	456	648
71	0	0	0	264	128	800	256	0	352	472	736	344	512	592	256	648	48	736
72	0	0	0	88	232	288	168	456	672	216	64	480	368	744	568	16	208	8
73	0	0	0	256	184	768	344	568	320	304	808	312	584	384	128	200	48	336
74	0	0	0	256	0	216	296	720	704	128	216	696	304	440	168	120	400	424
75	0	0	0	432	440	488	272	648	728	168	0	280	0	152	704	264	0	648
76	0	0	0	176	544	688	560	88	400	744	648	288	160	488	160	760	128	432
77	0	0	0	640	568	384	512	736	632	448	400	264	760	616	48	160	224	760
78	0	0	0	0	616	328	600	504	176	376	312	264	456	744	488	144	384	648
79	0	0	0	736	64	696	440	0	24	424	216	376	712	728	112	536	784	776
80	0	0	0	16	0	632	232	232	552	136	184	480	264	736	784	0	232	88
81	0	0	0	184	552	0	792	272	128	192	72	0	536	472	136	80	288	304
82	0	0	0	680	624	536	568	280	704	712	688	280	112	0	0	136	336	240
83	0	0	0	568	560	496	0	296	144	376	768	280	176	528	344	696	48	432
84	0	0	0	248	272	304	352	600	192	552	440	408	32	312	320	232	624	0
85	0	0	0	360	200	216	288	152	728	576	264	0	328	800	32	304	568	32
86	0	0	0	648	592	616	344	24	472	448	176	96	0	376	0	520	376	152
87	0	0	0	0	616	240	216	384	432	8	376	136	416	440	384	104	656	432
88	0	0	0	680	8	640	680	0	464	456	32	544	0	480	528	376	776	496
89	0	0	0	560	520	608	192	240	312	672	560	496	224	664	368	728	280	32
90	0	0	0	712	32	512	488	776	136	576	648	16	424	480	536	40	776	0
91	0	0	0	648	400	584	248	248	688	616	416	464	32	696	352	248	744	328
92	0	0	0	456	600	408	304	304	136	632	400	472	744	472	520	688	712	512
93	0	0	0	64	616	768	552	632	392	736	584	592	104	168	672	344	0	376
94	0	0	0	328	760	632	0	472	784	232	0	592	64	776	248	232	352	48
95	0	0	0	616	280	728	360	0	480	464	512	0	0	224	0	392	272	176
96	0	0	0	224	168	216	744	744	448	320	688	200	248	584	528	696	720	792
97	0	0	0	72	408	0	128	520	136	72	32	720	120	704	264	752	88	80
98	0	0	0	736	72	232	408	104	440	696	72	0	728	72	552	512	424	480
99	0	0	0	584	224	424	80	0	0	48	736	112	120	496	728	200	520	776
100	0	0	0	424	464	432	320	400	184	480	8	448	72	0	24	216	256	432
101	0	0	0	720	376	384	760	608	520	536	688	568	440	168	304	168	344	288
102	0	0	0	504	504	480	136	256	712	192	248	784	0	432	768	384	576	152
103	0	0	0	720	528	512	400	232	600	208	368	248	256	592	176	472	704	552
104	0	0	0	504	376	16	192	512	352	0	736	72	800	464	328	488	608	232
105	0	0	0	328	616	752	440	624	664	528	256	552	216	296	256	288	408	176
106	0	0	0	168	312	472	600	376	16	104	376	344	0	504	288	0	336	584
107	0	0	0	0	584	264	0	392	280	424	88	288	320	672	576	344	336	240
108	0	0	0	208	440	24	744	168	32	112	488	496	400	448	0	696	144	752
109	0	0	0	688	728	704	600	376	408	448	272	184	408	152	512	0	712	440
110	0	0	0	464	192	352	424	184	408	536	304	328	16	480	0	448	336	64
111	0	0	0	8	328	392	0	0	224	728	336	384	656	128	632	200	384	472
112	0	0	0	776	0	480	440	288	656	800	600	712	704	296	240	328	0	200
113	0	0	0	336	520	744	200	88	800	360	480	256	776	64	0	704	24	248
114	0	0	0	0	0	16	96	496	696	0	560	328	464	568	32	520	480	0
115	0	0	0	296	176	744	584	0	24	200	296	680	680	664	320	528	736	256
116	0	0	0	528	728	688	280	240	360	360	400	392	0	0	624	472	392	0
117	0	0	0	416	624	440	656	96	296	568	424	600	144	456	200	792	416	344
118	0	0	0	144	0	656	424	600	312	696	0	248	632	776	288	104	0	240
119	0	0	0	752	160	96	352	784	680	152	344	160	0	632	760	704	760	752
120	0	0	0	672	336	144	560	448	344	288	0	664	96	712	360	464	488	336
(1,30591)	(2,7218)	(3,0)	(4,652)	
(1,12074)	(2,1681)	(3,0)	(4,77)	
(1,12081)	(2,1365)	(3,0)	(4,40)	
(1,12217)	(2,1509)	(3,0)	(4,41)	
(1,1)	(2,0)	(3,0)	(4,0)	
(1,1)	(2,0)	(3,0)	(4,0)	
(1,1)	(2,0)	(3,0)	(4,0)	
(1,1)	(2,0)	(3,0)	(4,0)	
(1,1)	(2,0)	(3,0)	(4,0)	
(1,1)	(2,0)	(3,0)	(4,0)	
(1,1)	(2,0)	(3,0)	(4,0)	
(1,1)	(2,0)	(3,0)	(4,0)	
(1,1)	(2,0)	(3,0)	(4,0)	
(1,1)	(2,0)	(3,0)	(4,0)	
(1,1)	(2,0)	(3,0)	(4,0)	
(1,1)	(2,0)	(3,0)	(4,0)	
(1,1)	(2,0)	(3,0)	(4,0)	
(1,1)	(2,0)	(3,0)	(4,0)	
(1,1)	(2,0)	(3,0)	(4,0)	
avg	0	0	0	398.8	363.867	440.667	388.667	348.8	396.4	388.267	365.6	350.8	337.067	453.867	338.133	381.067	371.2	355.733
delay	0.238095	0.236111	0.245902	11.4662	11.0791	5.07655	12.0185	8.55199	13.8291	7.75515	8.70314	9.04675	9.07714	4.05699	8.51577	5.80721	5.40014	4.01724
loss	0	0	0	0.0816452	0.0733447	0.0592087	0.0769474	0.0814607	0.0795666	0.0773131	0.057408	0.0610278	0.0722936	0.0691824	0.0648968	0.0435074	0.0575491	0.0790473
Command ['/home/ubuntu/ns-3.30-obss/build/scratch/simple-ofdma-adhoc4', '--ofdmaEnabled=true', '--startTime=60', '--totalTime=120', '--dataMode=HeMcs7', '--datarate=8e5', '--ratio=0.375', '--RngRun=48', '--locationFile=my-simulations/8_ofdma7/txt/locationFile35.txt', '--routingFile=my-simulations/8_ofdma7/txt/routingFile35.txt'] terminated with signal SIGSEGV. Run it under a debugger to get more information (./waf --run <program> --command-template="gdb --args %s <args>").
