Waf: Entering directory `/home/ubuntu/ns-3.30-obss/build'
Waf: Leaving directory `/home/ubuntu/ns-3.30-obss/build'
Build commands will be stored in build/compile_commands.json
'build' finished successfully (0.647s)
--------------------------Rate[Kbps]--------------------------
Time[s]	cl-1	cl-2	cl-3	cl-4	cl-5	cl-6	cl-7	cl-8	cl-9	cl-10	cl-11	cl-12	cl-13	cl-14	cl-15	cl-16	cl-17	cl-18	cl-19	cl-20
60	17.4	10.6	15.2	13.6	13.2	16.4	14	11.2	14	14.4	16.8	17.2	13	14.4	15.2	15.6	12.4	18.2	13.8	16.4
61	0	0	0	0	0	320	208	72	256	176	0	0	0	136	0	224	264	80	0	312
62	0	0	0	0	0	40	8	176	520	336	288	248	200	0	96	520	512	520	328	0
63	0	0	0	0	0	296	384	88	112	456	72	0	80	128	488	192	120	352	0	392
64	0	0	0	0	0	336	288	8	48	256	248	128	32	88	368	48	312	536	392	216
65	0	0	0	0	0	120	0	40	584	416	208	16	0	528	0	312	448	48	456	152
66	0	0	0	0	0	0	144	280	216	536	128	48	144	56	392	40	352	144	104	464
67	0	0	0	0	0	328	192	360	288	72	152	424	176	368	392	8	480	80	24	432
68	0	0	0	0	0	296	0	264	160	320	240	8	440	288	432	248	0	208	160	216
69	0	0	0	0	0	160	184	296	24	432	448	24	472	336	400	464	216	432	432	96
70	0	0	0	0	0	152	304	24	208	288	0	200	96	384	520	320	160	160	512	536
71	0	0	0	0	0	32	0	376	200	440	336	576	48	256	184	48	8	216	0	312
72	0	0	0	0	0	144	208	200	168	456	208	264	144	0	368	320	376	136	432	144
73	0	0	0	0	0	320	0	56	352	248	328	488	376	104	384	304	368	0	528	384
74	0	0	0	0	0	0	184	56	464	280	448	488	432	512	472	440	472	304	480	408
75	0	0	0	0	0	264	0	0	176	0	408	224	328	184	248	208	224	528	176	312
76	0	0	8	0	0	128	264	152	176	304	504	40	152	232	544	440	416	0	0	312
77	0	0	0	0	0	248	232	0	288	368	216	56	176	648	376	376	480	168	312	280
78	0	0	0	8	0	48	280	280	304	96	272	0	8	520	120	488	264	280	0	168
79	0	0	0	0	0	104	0	312	512	512	176	448	8	80	256	192	392	152	24	552
80	0	8	0	0	8	192	192	192	288	192	312	456	392	392	216	264	336	328	312	312
81	8	0	0	0	0	200	0	96	336	424	384	392	376	464	448	376	136	336	536	0
82	0	0	0	0	0	80	112	112	0	232	384	472	408	440	0	272	464	184	0	48
83	0	0	0	0	0	360	360	208	152	128	216	480	240	120	136	272	376	112	112	280
84	0	0	0	0	0	320	136	0	384	0	136	336	432	528	72	384	320	40	416	0
85	0	0	0	0	0	48	376	144	0	496	520	0	488	64	568	216	80	376	136	24
86	0	0	0	0	0	0	72	120	16	280	352	528	568	104	328	112	184	480	0	0
87	0	0	0	0	0	0	328	376	264	0	280	304	136	264	312	144	384	48	432	296
88	0	0	0	0	0	152	0	176	536	240	360	392	0	8	0	0	144	0	160	384
89	0	0	0	0	0	136	208	0	56	360	160	136	424	568	248	8	472	0	336	0
90	0	0	8	8	0	208	352	224	424	104	376	232	192	144	504	592	272	552	352	160
91	0	0	0	0	8	312	264	280	440	184	288	392	0	224	240	288	192	392	328	104
92	0	0	0	0	0	96	456	0	344	48	64	0	392	0	528	0	40	24	400	16
93	8	0	0	0	0	112	232	272	264	184	432	320	168	408	288	208	160	136	0	112
94	0	0	0	0	0	32	104	64	144	392	32	328	112	288	560	72	224	0	224	256
95	0	0	0	0	0	80	64	104	32	72	104	0	280	112	56	48	16	0	152	0
96	0	0	0	0	0	344	216	256	184	112	88	200	480	504	432	72	456	616	368	688
97	0	8	0	0	0	368	96	368	144	8	192	192	472	576	104	520	168	56	72	16
98	0	0	0	0	0	232	96	56	296	144	128	0	136	224	144	256	480	520	304	488
99	0	0	0	0	0	400	0	160	464	72	424	256	448	424	0	80	128	384	240	312
100	0	0	0	0	0	232	0	104	432	256	456	528	280	56	32	456	440	456	312	192
101	0	0	0	0	0	184	56	80	440	376	176	272	256	504	56	304	320	216	456	352
102	0	0	0	0	0	0	488	72	544	168	0	480	128	112	32	248	384	0	400	0
103	0	0	0	0	0	152	0	224	360	224	288	0	208	424	328	56	416	208	176	104
104	0	0	0	0	0	328	96	312	352	240	296	432	448	64	320	304	208	472	512	288
105	0	0	0	0	0	56	408	8	256	0	136	144	192	16	384	504	456	192	56	200
106	0	0	0	0	0	0	240	248	192	408	112	288	48	504	0	232	280	328	256	472
107	0	0	0	0	8	288	296	192	520	232	96	456	512	96	56	240	296	536	0	112
108	0	0	0	0	0	336	80	88	136	424	88	48	352	80	160	512	56	296	336	48
109	0	0	0	0	0	48	168	256	368	360	544	408	176	192	320	408	360	88	320	328
110	0	0	8	0	0	264	208	40	152	352	120	144	376	112	64	440	200	536	240	96
111	0	0	0	0	0	296	208	216	176	56	336	376	0	256	216	280	136	176	488	72
112	0	0	0	8	0	264	288	160	520	432	408	312	112	40	208	0	240	0	352	288
113	0	0	0	0	0	160	360	392	240	64	72	80	400	8	328	512	256	72	0	384
114	0	0	0	0	0	72	248	288	56	80	216	32	496	0	368	304	328	144	120	72
115	0	8	0	0	0	144	48	48	544	272	24	328	96	192	56	8	408	488	0	312
116	0	0	0	0	0	344	296	256	160	80	384	0	128	288	72	336	464	160	368	432
117	0	0	0	0	0	128	8	288	472	160	88	328	424	16	368	256	176	24	288	200
118	0	0	0	0	0	8	192	184	376	128	432	280	416	152	168	448	536	384	264	384
119	0	0	0	0	0	96	304	56	336	0	40	432	400	424	328	152	376	8	488	416
120	8	0	0	0	0	232	168	0	152	248	8	288	0	312	320	176	120	0	72	456
avg	0.4	0.4	0.4	0.4	0.4	177.333	178.4	162.667	276.8	237.067	237.2	245.867	248.4	242.533	256.8	259.2	289.2	228.533	245.733	239.867
delay	1.33333	1.66667	2.33333	3.33333	6.33333	38.7684	41.8602	26.1131	19.7408	13.5816	19.326	22.147	20.0955	28.7956	24.7326	11.8292	27.5648	89.7608	35.8448	34.6053
loss	0.25	0	0	0	0	0.405985	0.341535	0.378186	0.143564	0.150907	0.162035	0.136704	0.149703	0.151911	0.142857	0.162069	0.151408	0.16431	0.154199	0.147393
Command ['/home/ubuntu/ns-3.30-obss/build/scratch/simple-ofdma-adhoc2', '--ofdmaEnabled=true', '--startTime=60', '--totalTime=120', '--dataMode=HeMcs7', '--datarate=6e5', '--clNum=20', '--ratio=0.375', '--RngRun=89'] terminated with signal SIGSEGV. Run it under a debugger to get more information (./waf --run <program> --command-template="gdb --args %s <args>").
