Waf: Entering directory `/home/ubuntu/ns-3.30-obss/build'
Waf: Leaving directory `/home/ubuntu/ns-3.30-obss/build'
Build commands will be stored in build/compile_commands.json
'build' finished successfully (0.704s)
--------------------------Rate[Kbps]--------------------------
Time[s]	cl-1	cl-2	cl-3	cl-4	cl-5	cl-6	cl-7	cl-8	cl-9	cl-10	cl-11	cl-12	cl-13	cl-14	cl-15	cl-16	cl-17	cl-18	cl-19	cl-20	cl-21
60	16.8	18.2	15.4	17	13	13.8	18	13.2	15	13.2	11.4	13.6	13.4	17.6	18	16.8	13.2	10.8	13.8	17.6	14.2
61	0	0	0	0	0	0	0	0	0	8	0	8	48	152	160	56	0	128	0	136	128
62	0	0	0	0	0	0	0	0	0	200	16	0	32	32	168	192	160	80	56	40	112
63	0	0	0	0	0	0	0	0	0	104	200	40	104	200	184	32	0	128	64	176	0
64	0	0	0	0	0	0	0	0	0	0	128	160	176	144	160	176	72	152	200	112	16
65	0	0	0	0	0	0	0	0	0	168	48	168	24	160	24	152	104	112	120	64	48
66	0	0	0	0	0	0	0	0	0	168	96	96	64	136	0	176	160	56	80	184	184
67	0	0	0	0	0	0	0	0	0	144	96	0	184	48	88	0	24	0	112	48	200
68	0	0	0	0	0	0	0	0	0	64	24	96	56	104	56	64	64	40	176	184	144
69	0	0	0	0	0	0	0	0	0	0	0	136	136	192	64	8	16	24	72	184	104
70	0	0	0	0	0	0	0	0	0	24	64	160	176	0	136	136	0	176	80	104	0
71	0	0	0	0	0	0	0	0	0	64	0	88	128	192	200	48	168	16	176	152	88
72	0	0	0	0	0	0	0	0	0	200	64	96	8	104	0	8	160	112	64	40	200
73	0	0	0	0	0	0	0	0	0	88	128	160	0	144	32	24	0	96	48	96	72
74	0	0	0	0	0	0	0	0	0	48	32	24	0	72	40	200	176	120	184	48	152
75	0	0	0	0	0	0	0	0	0	200	120	56	152	80	192	80	152	96	32	0	112
76	0	0	0	0	0	0	0	0	0	152	152	144	128	160	56	120	184	64	64	40	16
77	0	0	0	0	0	0	0	0	0	96	0	56	128	96	184	168	200	0	0	56	0
78	0	0	0	0	0	0	0	0	0	152	80	32	0	128	0	64	48	152	144	112	96
79	0	0	0	0	0	0	0	0	0	184	152	160	0	40	40	56	72	136	200	16	136
80	0	0	0	0	0	0	0	0	0	32	160	144	80	0	120	48	56	0	96	144	168
81	0	0	0	0	0	0	0	0	0	112	144	184	0	80	40	192	88	40	8	80	48
82	0	0	0	0	0	0	0	0	0	192	192	96	72	160	88	24	144	184	72	48	144
83	0	0	0	0	0	0	0	0	0	120	0	128	104	160	168	152	96	120	40	152	176
84	0	0	0	0	0	0	0	0	0	0	104	200	80	152	56	40	152	24	144	168	24
85	0	0	0	0	0	0	0	0	0	88	192	160	192	96	56	0	192	152	152	32	184
86	0	0	0	0	0	0	0	0	0	104	0	112	80	96	24	104	152	96	168	88	176
87	0	0	0	0	0	0	0	0	0	152	72	128	152	192	56	136	88	200	160	152	88
88	0	0	0	0	0	0	0	0	0	0	200	136	40	56	16	200	0	0	112	80	96
89	0	0	0	0	0	0	0	0	0	8	104	184	88	136	160	16	176	104	200	160	112
90	0	0	0	0	0	0	0	0	0	64	136	176	8	104	160	88	64	0	88	128	104
91	0	0	0	0	0	0	0	0	0	24	152	0	136	192	184	0	104	152	72	8	104
92	0	0	0	0	0	0	0	0	0	168	24	8	160	184	80	80	152	64	144	80	104
93	0	0	0	0	0	0	0	0	0	56	48	144	104	72	64	144	152	144	152	64	160
94	0	0	0	0	0	0	0	0	0	0	152	192	200	72	128	120	64	80	192	192	200
95	0	0	0	0	0	0	0	0	0	128	8	96	128	160	176	104	40	56	24	152	40
96	0	0	0	0	0	0	0	0	0	96	16	80	24	88	152	168	184	168	192	56	136
97	0	0	0	0	0	0	0	0	0	160	192	192	0	0	112	152	88	160	136	0	176
98	0	0	0	0	0	0	0	0	0	64	88	48	88	64	112	48	0	192	192	64	96
99	0	0	0	0	0	0	0	0	0	72	88	128	120	0	200	0	120	200	0	40	16
100	0	0	0	0	0	0	0	0	0	56	200	152	0	112	56	184	136	56	88	64	104
101	0	0	0	0	0	0	0	0	0	96	72	80	104	160	160	128	0	56	40	0	152
102	0	0	0	0	0	0	0	0	0	48	192	144	96	152	104	0	128	88	16	184	0
103	0	0	0	0	0	0	0	0	0	88	96	48	200	64	120	136	120	88	168	120	152
104	0	0	0	0	0	0	0	0	0	104	48	0	80	104	200	192	16	64	72	0	176
105	0	0	0	0	0	0	0	0	0	40	72	16	176	32	128	32	104	0	72	120	104
106	0	0	0	0	0	0	0	0	0	112	192	0	160	192	200	64	16	32	112	136	64
107	0	0	0	0	0	0	0	0	0	160	64	96	168	24	120	200	16	96	160	80	48
108	0	0	0	0	0	0	0	0	0	8	144	176	40	88	184	56	144	8	24	16	32
109	0	0	0	0	0	0	0	0	0	48	32	0	0	32	32	8	136	144	80	144	112
110	0	0	0	0	0	0	0	0	0	136	16	192	128	88	0	56	136	128	128	48	64
111	0	0	0	0	0	0	0	0	0	128	32	136	0	152	168	64	160	160	64	0	104
112	0	0	0	0	0	0	0	0	0	48	176	0	112	56	184	24	24	48	192	32	176
113	0	0	0	0	0	0	0	0	0	24	144	152	168	184	0	184	104	8	120	0	152
114	0	0	0	0	0	0	0	0	0	32	8	64	112	120	136	144	56	136	40	64	88
115	0	0	0	0	0	0	0	0	0	0	32	48	0	152	48	80	104	160	0	152	48
116	0	0	0	0	0	0	0	0	0	64	136	120	88	0	128	32	64	80	168	48	56
117	0	0	0	0	0	0	0	0	0	0	56	136	0	48	40	200	40	8	136	112	144
118	0	0	0	0	0	0	0	0	0	88	0	176	48	0	144	96	104	120	0	160	200
119	0	0	0	0	0	0	0	0	0	48	96	160	32	0	144	96	192	184	80	80	72
120	0	0	0	0	0	0	0	0	0	144	144	152	168	104	72	64	8	16	144	136	16
(1,9788)	(2,468)	(3,0)	(4,20)	
(1,3064)	(2,99)	(3,0)	(4,10)	
(1,3315)	(2,120)	(3,0)	(4,0)	
(1,3178)	(2,107)	(3,0)	(4,19)	
(1,1426)	(2,24)	(3,0)	(4,1)	
(1,1538)	(2,35)	(3,0)	(4,3)	
(1,1726)	(2,13)	(3,0)	(4,0)	
(1,1507)	(2,41)	(3,0)	(4,0)	
(1,1552)	(2,28)	(3,0)	(4,1)	
(1,1575)	(2,19)	(3,0)	(4,6)	
(1,1)	(2,0)	(3,0)	(4,0)	
(1,1)	(2,0)	(3,0)	(4,0)	
(1,1)	(2,0)	(3,0)	(4,0)	
(1,1)	(2,0)	(3,0)	(4,0)	
(1,1)	(2,0)	(3,0)	(4,0)	
(1,1)	(2,0)	(3,0)	(4,0)	
(1,1)	(2,0)	(3,0)	(4,0)	
(1,1)	(2,0)	(3,0)	(4,0)	
(1,1)	(2,0)	(3,0)	(4,0)	
(1,1)	(2,0)	(3,0)	(4,0)	
(1,1)	(2,0)	(3,0)	(4,0)	
(1,1)	(2,0)	(3,0)	(4,0)	
avg	0	0	0	0	0	0	0	0	0	86.2667	90.4	104.4	88	101.867	105.067	93.6	94.6667	91.7333	102	89.6	103.733
delay	0.285714	0.395604	0.324675	1.03529	0.8	0.884058	0.888889	0.787879	0.84	16.8253	7.89528	10.2554	7.74394	5.60079	5.55076	3.88746	7.55915	16.3052	5.60915	24.8021	19.6671
loss	0	0	0	0.0116279	0	0	0.0217391	0	0.0131579	0.0636758	0.0517483	0.0633971	0.0611664	0.045	0.0390244	0.0474898	0.0645586	0.0652174	0.0613497	0.0844687	0.054678
Command ['/home/ubuntu/ns-3.30-obss/build/scratch/simple-ofdma-adhoc4', '--ofdmaEnabled=true', '--startTime=60', '--totalTime=120', '--dataMode=HeMcs1', '--datarate=2e5', '--ratio=0.375', '--RngRun=21', '--locationFile=my-simulations/8_ofdma7/txt/locationFile322.txt', '--routingFile=my-simulations/8_ofdma7/txt/routingFile322.txt'] terminated with signal SIGSEGV. Run it under a debugger to get more information (./waf --run <program> --command-template="gdb --args %s <args>").
