Waf: Entering directory `/home/ubuntu/ns-3.30-obss/build'
Waf: Leaving directory `/home/ubuntu/ns-3.30-obss/build'
Build commands will be stored in build/compile_commands.json
'build' finished successfully (0.782s)
--------------------------Rate[Kbps]--------------------------
Time[s]	cl-1	cl-2	cl-3	cl-4	cl-5	cl-6	cl-7	cl-8	cl-9	cl-10	cl-11	cl-12	cl-13	cl-14	cl-15	cl-16	cl-17	cl-18	cl-19	cl-20
60	17	10.6	13	15.6	16.6	14.2	12.8	15	13.6	14	12.2	14.2	16	15.2	13.2	13.8	16.8	15.4	13.6	13.2
61	0	0	0	0	0	496	344	440	168	0	488	0	184	344	0	648	232	224	152	160
62	0	0	0	0	0	648	848	376	32	528	808	32	376	496	320	464	496	472	440	384
63	0	0	0	0	0	104	216	304	304	512	640	344	560	640	616	880	32	0	536	0
64	0	0	0	0	0	920	640	448	744	608	208	0	704	136	336	0	416	312	152	544
65	0	0	0	0	0	752	592	64	0	272	0	328	432	384	440	176	504	416	960	416
66	0	0	0	0	0	576	840	528	288	200	664	664	152	736	704	824	336	176	232	56
67	0	0	0	0	0	0	312	120	176	136	592	744	720	280	408	480	504	352	736	504
68	0	0	0	0	0	0	816	352	944	200	448	0	656	224	32	712	744	24	376	456
69	0	0	0	0	0	24	0	720	288	688	48	360	424	0	120	464	0	192	0	1000
70	0	0	0	0	0	360	352	0	496	600	104	312	408	672	512	792	616	856	480	312
71	0	0	0	0	0	160	336	0	976	40	72	200	312	0	592	520	672	856	824	200
72	0	0	0	0	0	600	976	408	48	0	16	752	176	528	0	32	824	272	752	576
73	0	0	0	0	0	864	760	592	16	360	800	496	0	488	696	136	144	0	296	640
74	0	0	0	0	0	456	264	32	120	0	472	440	808	0	832	208	168	600	32	960
75	0	0	0	0	0	424	704	464	16	272	240	0	632	688	768	0	128	656	472	776
76	0	0	0	0	0	488	224	48	0	352	0	392	400	872	664	856	480	384	392	528
77	0	0	0	0	0	328	384	24	632	632	672	496	464	0	392	512	704	120	616	736
78	0	0	0	0	0	0	640	96	0	640	472	0	912	96	720	472	544	440	224	872
79	0	0	0	0	0	808	424	280	480	320	720	552	280	640	0	464	376	440	648	456
80	0	0	0	0	0	392	0	216	624	240	520	544	0	848	224	368	328	904	792	528
81	0	0	0	0	0	240	880	328	152	56	0	832	560	368	0	0	200	552	704	760
82	0	0	0	0	0	488	160	776	752	712	128	448	760	592	680	256	0	448	264	232
83	0	0	0	0	0	536	136	152	200	816	0	816	440	736	608	584	560	112	0	0
84	0	0	0	0	0	248	712	56	656	560	120	304	800	80	496	280	840	136	56	456
85	0	0	0	0	0	520	152	384	984	16	0	488	232	336	64	0	320	720	0	768
86	0	0	0	0	0	232	208	528	144	896	328	496	192	696	856	312	0	520	400	608
87	0	0	0	0	0	24	280	344	0	280	760	224	568	744	736	824	408	784	760	0
88	0	0	0	0	0	160	744	584	664	128	680	552	712	464	680	128	280	296	552	144
89	0	0	0	0	0	72	608	312	280	240	704	424	152	224	440	640	32	368	256	728
90	0	0	0	0	0	832	208	136	872	368	160	216	408	224	504	0	792	344	608	152
91	0	0	0	0	0	552	216	760	456	432	56	448	872	288	656	592	224	144	200	24
92	0	0	0	0	0	728	424	616	616	544	496	96	224	928	0	432	576	48	288	568
93	0	0	0	0	0	784	264	16	472	552	192	0	312	232	272	0	936	120	680	128
94	0	0	0	0	0	624	552	128	216	0	0	64	776	896	656	328	560	400	904	184
95	0	0	0	0	0	352	192	576	568	544	728	144	0	328	640	560	656	184	440	608
96	0	0	0	0	0	0	0	568	520	784	328	16	840	792	0	704	96	328	720	240
97	0	0	0	0	0	592	616	888	480	136	688	128	48	200	336	272	576	368	816	0
98	0	0	0	0	0	816	752	288	176	96	592	48	472	544	544	320	176	768	368	728
99	0	0	0	0	0	208	80	64	592	464	304	0	424	112	472	216	16	552	416	976
100	0	0	0	0	0	192	448	264	912	280	416	120	80	808	416	776	480	376	440	816
101	0	0	0	0	0	784	264	848	312	488	360	24	800	512	616	536	0	40	296	592
102	0	0	0	0	0	416	344	80	792	832	0	448	760	0	704	488	464	376	80	856
103	0	0	0	0	0	440	664	520	248	776	576	104	344	328	416	720	480	232	288	152
104	0	0	0	0	0	512	16	800	824	560	328	784	0	0	0	568	672	376	880	128
105	0	0	0	0	0	280	136	352	656	416	840	480	512	72	664	688	24	504	56	544
106	0	0	0	0	0	160	256	952	584	208	96	56	152	232	560	0	472	32	648	864
107	0	0	0	0	0	296	568	128	680	200	832	440	400	0	176	256	336	840	160	328
108	0	0	0	0	0	96	776	472	496	0	0	0	80	568	424	376	880	736	16	264
109	0	0	0	0	0	0	0	56	184	192	632	584	288	696	888	656	432	344	896	504
110	0	0	0	0	0	392	352	264	320	560	232	0	560	432	520	24	288	592	592	536
111	0	0	0	0	0	264	720	504	336	472	312	216	624	144	576	672	744	248	400	584
112	0	0	0	0	0	896	24	648	936	184	472	872	0	88	224	784	304	400	0	328
113	0	0	0	0	0	384	528	480	552	16	480	184	88	104	608	504	640	0	880	560
114	0	0	0	0	0	560	312	784	80	272	680	320	616	592	256	424	440	568	8	200
115	0	0	0	0	0	0	688	24	384	336	208	896	256	0	296	0	632	280	624	0
116	0	0	0	0	0	264	400	632	808	608	0	536	136	224	568	136	864	0	272	880
117	0	0	0	0	0	656	344	696	536	160	368	776	192	760	768	0	376	536	400	328
118	0	0	0	0	0	664	272	96	784	416	880	680	624	560	280	720	368	168	0	0
119	0	0	0	0	0	88	480	640	64	416	288	440	360	24	864	456	840	296	304	952
120	0	0	0	0	0	192	224	424	24	448	0	576	848	672	400	528	696	16	720	448
(1,25514)	(2,11345)	(3,0)	(4,2039)	
(1,8064)	(2,1022)	(3,0)	(4,17)	
(1,8135)	(2,848)	(3,0)	(4,28)	
(1,8138)	(2,884)	(3,0)	(4,24)	
(1,8889)	(2,1022)	(3,0)	(4,50)	
(1,9020)	(2,734)	(3,0)	(4,8)	
(1,1)	(2,0)	(3,0)	(4,0)	
(1,1)	(2,0)	(3,0)	(4,0)	
(1,1)	(2,0)	(3,0)	(4,0)	
(1,1)	(2,0)	(3,0)	(4,0)	
(1,1)	(2,0)	(3,0)	(4,0)	
(1,1)	(2,0)	(3,0)	(4,0)	
(1,1)	(2,0)	(3,0)	(4,0)	
(1,1)	(2,0)	(3,0)	(4,0)	
(1,1)	(2,0)	(3,0)	(4,0)	
(1,1)	(2,0)	(3,0)	(4,0)	
(1,1)	(2,0)	(3,0)	(4,0)	
(1,1)	(2,0)	(3,0)	(4,0)	
(1,1)	(2,0)	(3,0)	(4,0)	
(1,1)	(2,0)	(3,0)	(4,0)	
(1,1)	(2,0)	(3,0)	(4,0)	
avg	0	0	0	0	0	399.067	411.2	378	427.733	367.733	370.8	348.933	418.533	394.533	454	412.8	432.133	364.133	425.067	454.533
delay	0.247059	0.245283	0.246154	0.269231	0.240964	3.67491	2.63392	2.80529	2.39931	2.43909	8.15678	3.13374	3.31953	13.708	4.21762	4.25646	3.70318	2.38191	2.48087	2.19566
loss	0	0	0	0	0	0.165132	0.13686	0.133028	0.132035	0.134338	0.163106	0.151702	0.148399	0.15312	0.142965	0.144751	0.145756	0.15028	0.139309	0.127464
Command ['/home/ubuntu/ns-3.30-obss/build/scratch/simple-ofdma-adhoc4', '--ofdmaEnabled=true', '--startTime=60', '--totalTime=120', '--dataMode=HeMcs5', '--datarate=10e5', '--ratio=0.375', '--RngRun=21', '--locationFile=my-simulations/8_ofdma7/txt/locationFile53.txt', '--routingFile=my-simulations/8_ofdma7/txt/routingFile53.txt'] terminated with signal SIGSEGV. Run it under a debugger to get more information (./waf --run <program> --command-template="gdb --args %s <args>").
