Waf: Entering directory `/home/ubuntu/ns-3.30-obss/build'
Waf: Leaving directory `/home/ubuntu/ns-3.30-obss/build'
Build commands will be stored in build/compile_commands.json
'build' finished successfully (0.856s)
--------------------------Rate[Kbps]--------------------------
Time[s]	cl-1	cl-2	cl-3	cl-4	cl-5	cl-6	cl-7	cl-8	cl-9	cl-10	cl-11	cl-12
60	16.2	15.8	17.4	16.8	14.8	15.6	14.6	17.2	14.4	13.2	15.8	15.8
61	0	0	0	352	168	8	64	0	208	0	184	0
62	0	0	216	112	400	192	312	0	304	200	96	96
63	0	0	400	344	144	168	0	400	232	80	152	328
64	0	0	88	400	400	48	224	320	88	208	192	136
65	0	0	400	48	136	144	288	128	256	384	48	104
66	0	0	32	384	360	152	224	336	208	208	264	248
67	0	0	200	232	120	0	88	304	152	168	400	112
68	0	0	400	176	312	80	344	0	400	200	296	336
69	0	0	392	200	392	192	320	248	112	344	144	216
70	0	0	152	400	288	80	8	0	0	400	328	360
71	0	0	384	48	184	288	56	32	368	136	304	88
72	0	0	208	168	0	120	304	312	72	272	32	264
73	0	0	0	368	40	8	0	168	184	272	96	328
74	0	0	272	384	248	320	152	0	288	384	160	0
75	0	0	296	296	312	152	296	256	360	216	96	320
76	0	0	400	264	24	48	400	224	136	400	240	0
77	0	0	72	0	48	312	168	80	368	224	120	64
78	0	0	376	224	200	160	120	120	152	112	280	200
79	0	0	192	328	384	344	176	344	16	0	8	280
80	0	0	48	216	112	160	232	128	208	344	376	304
81	0	0	8	304	48	112	88	320	384	192	336	0
82	0	0	336	24	200	224	232	32	160	104	0	56
83	0	0	120	144	128	280	376	200	400	400	248	192
84	0	0	384	232	296	152	168	328	272	272	232	224
85	0	0	296	48	0	336	168	392	128	24	56	136
86	0	0	120	264	168	248	8	184	0	40	32	232
87	0	0	160	0	48	400	88	320	216	192	64	328
88	0	0	96	128	176	0	192	328	168	16	232	184
89	0	0	72	48	288	344	280	336	136	0	392	200
90	0	0	120	328	240	360	248	248	360	112	176	288
91	0	0	280	0	168	176	392	112	32	64	192	384
92	0	0	72	88	400	0	232	368	160	240	336	360
93	0	0	64	208	160	312	176	32	112	112	0	72
94	0	0	56	0	240	200	136	8	248	352	40	0
95	0	0	80	0	336	400	0	392	64	256	240	304
96	0	0	144	8	152	400	240	352	152	384	152	80
97	0	0	320	32	208	296	272	328	88	72	160	136
98	0	0	0	392	152	152	0	248	176	296	120	0
99	0	0	176	264	136	144	192	32	160	48	0	280
100	0	0	280	272	128	72	104	0	344	104	288	112
101	0	0	296	264	64	64	0	624	16	384	336	128
102	0	0	0	320	80	240	208	176	208	264	40	184
103	0	0	0	88	72	0	0	0	0	0	0	0
104	0	0	0	352	0	40	48	376	176	336	376	200
105	0	0	568	72	104	232	56	368	232	176	208	80
106	0	0	376	176	208	384	56	352	376	0	0	0
107	0	0	56	0	168	168	296	296	336	240	224	176
108	0	0	112	120	248	328	320	280	0	48	376	352
109	0	0	360	264	0	0	168	384	184	376	0	0
110	0	0	232	80	368	264	344	224	0	240	112	16
111	0	0	240	304	296	384	256	0	304	112	112	0
112	0	0	120	312	48	8	360	256	224	328	80	264
113	0	0	344	184	56	24	320	0	368	136	296	144
114	0	0	64	144	328	216	0	0	144	0	144	0
115	0	0	0	16	256	240	72	176	280	288	200	312
116	0	0	328	240	48	360	296	368	328	144	216	0
117	0	0	80	352	48	400	288	136	64	120	88	368
118	0	0	8	376	400	184	0	56	0	304	24	184
119	0	0	16	392	64	320	200	152	208	16	24	256
120	0	0	136	48	152	176	320	0	256	232	304	176
(1,12781)	(2,1103)	(3,0)	(4,161)	
(1,6622)	(2,456)	(3,0)	(4,20)	
(1,5938)	(2,569)	(3,0)	(4,139)	
(1,1)	(2,0)	(3,0)	(4,0)	
(1,1)	(2,0)	(3,0)	(4,0)	
(1,1)	(2,0)	(3,0)	(4,0)	
(1,1)	(2,0)	(3,0)	(4,0)	
(1,1)	(2,0)	(3,0)	(4,0)	
(1,1)	(2,0)	(3,0)	(4,0)	
(1,1)	(2,0)	(3,0)	(4,0)	
(1,1)	(2,0)	(3,0)	(4,0)	
(1,1)	(2,0)	(3,0)	(4,0)	
(1,1)	(2,0)	(3,0)	(4,0)	
avg	0	0	184.133	197.2	182.533	193.6	182.933	203.067	192.933	192.933	171.2	169.867
delay	0.419753	0.291139	47.1072	7.11156	14.2257	14.4091	6.24781	100.707	53.9655	83.5529	34.081	20.9929
loss	0	0	0.0301966	0.0269737	0.0235378	0.0268097	0.0324401	0.0360759	0.0333778	0.0398142	0.0425056	0.0420736
Command ['/home/ubuntu/ns-3.30-obss/build/scratch/simple-ofdma-adhoc4', '--ofdmaEnabled=true', '--startTime=60', '--totalTime=120', '--dataMode=HeMcs1', '--datarate=4e5', '--ratio=0.375', '--RngRun=21', '--locationFile=my-simulations/8_ofdma7/txt/locationFile25.txt', '--routingFile=my-simulations/8_ofdma7/txt/routingFile25.txt'] terminated with signal SIGSEGV. Run it under a debugger to get more information (./waf --run <program> --command-template="gdb --args %s <args>").
