Waf: Entering directory `/home/ubuntu/ns-3.30-obss/build'
Waf: Leaving directory `/home/ubuntu/ns-3.30-obss/build'
Build commands will be stored in build/compile_commands.json
'build' finished successfully (0.834s)
--------------------------Rate[Kbps]--------------------------
Time[s]	cl-1	cl-2	cl-3	cl-4	cl-5	cl-6	cl-7	cl-8	cl-9	cl-10	cl-11	cl-12	cl-13	cl-14	cl-15
60	15.2	11.2	12.8	12	13.6	14.8	14.2	14	14.6	12.2	14.2	15	15	15.6	17
61	0	0	0	0	0	256	384	184	160	336	0	32	96	144	344
62	0	0	0	0	0	0	312	232	224	384	160	128	296	200	312
63	0	0	0	0	0	232	0	400	304	0	208	232	104	0	368
64	0	0	0	0	0	352	312	88	160	0	0	0	0	32	88
65	0	0	0	0	0	0	328	128	400	0	168	152	280	176	0
66	0	0	0	0	0	232	376	360	280	184	296	256	64	352	288
67	0	0	0	0	0	376	120	192	88	160	184	256	344	312	368
68	0	0	0	0	0	288	176	0	0	192	0	224	304	0	248
69	0	0	0	0	0	104	184	176	32	392	216	384	368	96	248
70	0	0	0	0	0	160	0	344	136	128	256	16	120	80	248
71	0	0	0	0	0	184	312	344	304	336	0	24	248	312	264
72	0	0	0	0	0	16	248	384	16	104	16	0	288	16	0
73	0	0	0	0	0	264	24	104	400	0	192	152	256	16	176
74	0	0	0	0	0	352	152	216	312	184	200	0	384	376	344
75	0	0	0	0	0	392	280	216	152	256	400	280	232	280	144
76	0	0	0	0	0	0	288	160	104	216	16	16	88	144	160
77	0	0	0	0	0	24	120	96	32	0	112	152	0	272	48
78	0	0	0	0	0	400	248	96	248	192	392	240	56	56	272
79	0	0	0	0	0	136	0	88	40	192	384	16	320	88	168
80	0	0	0	0	0	64	312	224	176	200	392	224	392	368	64
81	0	0	0	0	0	64	392	264	240	32	200	168	192	376	312
82	0	0	0	0	0	240	248	312	64	72	352	168	224	368	0
83	0	0	0	0	0	80	288	400	248	200	272	120	392	0	232
84	0	0	0	0	0	152	240	0	72	0	216	232	144	200	104
85	0	0	0	0	0	320	0	64	344	56	152	0	168	152	120
86	0	0	0	0	0	352	56	176	392	344	392	208	280	0	264
87	0	0	0	0	0	144	328	88	144	88	392	320	304	192	104
88	0	0	0	0	0	376	384	376	120	176	392	184	280	256	248
89	0	0	0	0	0	40	40	288	320	128	184	136	352	296	392
90	0	0	0	0	0	24	120	0	352	344	72	224	120	336	176
91	0	0	0	0	0	72	248	392	240	32	192	104	0	400	32
92	0	0	0	0	0	272	304	80	208	0	208	392	48	40	328
93	0	0	0	0	0	0	176	8	64	160	376	232	280	280	336
94	0	0	0	0	0	8	0	352	264	0	24	352	400	344	200
95	0	0	0	0	0	192	128	128	120	88	0	344	48	304	0
96	0	0	0	0	0	48	320	24	320	168	328	48	320	200	88
97	0	0	0	0	0	0	0	264	368	160	256	320	0	24	88
98	0	0	0	0	0	48	160	344	280	304	304	408	104	296	64
99	0	0	0	0	0	128	400	176	32	80	192	360	368	72	264
100	0	0	0	0	0	200	120	136	240	352	392	88	352	40	264
101	0	0	0	0	0	224	144	360	344	0	144	264	64	16	264
102	0	0	0	0	0	160	96	288	24	128	280	104	24	72	376
103	0	0	0	0	0	192	248	88	296	72	80	176	400	352	240
104	0	0	0	0	0	304	280	120	64	224	0	16	296	216	0
105	0	0	0	0	0	0	8	184	184	0	304	176	256	152	336
106	0	0	0	0	0	144	336	0	0	80	208	144	184	280	352
107	0	0	0	0	0	208	248	576	392	0	24	88	224	168	104
108	0	0	0	0	0	144	184	104	224	144	384	72	392	144	224
109	0	0	0	0	0	304	400	392	136	0	96	400	40	0	320
110	0	0	0	0	0	344	80	328	264	320	368	48	0	336	8
111	0	0	0	0	0	248	0	248	0	64	264	96	360	152	192
112	0	0	0	0	0	352	208	200	16	104	256	56	48	296	320
113	0	0	0	0	0	248	160	240	384	56	344	312	176	384	304
114	0	0	0	0	0	320	256	384	80	344	96	152	96	40	160
115	0	0	0	0	0	8	152	48	232	400	24	320	400	176	96
116	0	0	0	0	0	64	392	384	296	48	216	352	80	144	336
117	0	0	0	0	0	352	224	208	192	248	200	240	208	344	168
118	0	0	0	0	0	384	192	216	312	136	0	384	232	24	0
119	0	0	0	0	0	328	48	32	88	0	328	168	400	400	280
120	0	0	0	0	0	336	8	160	152	248	128	40	160	336	56
(1,13815)	(2,980)	(3,0)	(4,75)	
(1,2969)	(2,59)	(3,0)	(4,1)	
(1,3086)	(2,53)	(3,0)	(4,17)	
(1,2780)	(2,16)	(3,0)	(4,0)	
(1,3104)	(2,26)	(3,0)	(4,0)	
(1,2984)	(2,101)	(3,0)	(4,0)	
(1,1)	(2,0)	(3,0)	(4,0)	
(1,1)	(2,0)	(3,0)	(4,0)	
(1,1)	(2,0)	(3,0)	(4,0)	
(1,1)	(2,0)	(3,0)	(4,0)	
(1,1)	(2,0)	(3,0)	(4,0)	
(1,1)	(2,0)	(3,0)	(4,0)	
(1,1)	(2,0)	(3,0)	(4,0)	
(1,1)	(2,0)	(3,0)	(4,0)	
(1,1)	(2,0)	(3,0)	(4,0)	
(1,1)	(2,0)	(3,0)	(4,0)	
avg	0	0	0	0	0	187.6	196.533	207.733	194.667	147.6	203.867	180	210.933	192.133	198.4
delay	0.368421	0.285714	0.28125	0.283333	0.294118	8.74485	9.519	50.844	22.3144	2.74526	2.60432	6.13259	6.27623	7.31068	3.89516
loss	0	0	0	0	0	0.0323246	0.0334426	0.0352941	0.0451275	0.018617	0.0248724	0.0294752	0.0458384	0.0418605	0.0393802
Command ['/home/ubuntu/ns-3.30-obss/build/scratch/simple-ofdma-adhoc4', '--ofdmaEnabled=true', '--startTime=60', '--totalTime=120', '--dataMode=HeMcs1', '--datarate=4e5', '--ratio=0.375', '--RngRun=38', '--locationFile=my-simulations/8_ofdma7/txt/locationFile52.txt', '--routingFile=my-simulations/8_ofdma7/txt/routingFile52.txt'] terminated with signal SIGSEGV. Run it under a debugger to get more information (./waf --run <program> --command-template="gdb --args %s <args>").
