Waf: Entering directory `/home/ubuntu/ns-3.30-obss/build'
Waf: Leaving directory `/home/ubuntu/ns-3.30-obss/build'
Build commands will be stored in build/compile_commands.json
'build' finished successfully (0.728s)
--------------------------Rate[Kbps]--------------------------
Time[s]	cl-1	cl-2	cl-3	cl-4	cl-5	cl-6	cl-7	cl-8	cl-9
60	15.2	15.6	15.2	19.2	16.6	12.6	14.2	15.6	15.8
61	0	0	0	160	472	0	208	560	128
62	0	0	0	144	144	256	376	336	656
63	0	0	0	56	424	816	664	224	192
64	0	0	0	384	280	56	136	536	160
65	0	0	0	248	768	488	248	520	128
66	0	0	0	0	352	24	272	704	384
67	0	0	0	560	448	680	112	48	800
68	0	0	0	800	768	256	696	736	408
69	0	0	0	376	160	520	656	160	184
70	0	0	0	312	168	192	664	120	520
71	0	0	0	408	256	392	184	616	776
72	0	0	0	392	592	264	480	232	352
73	0	0	0	120	88	496	128	648	0
74	0	0	0	168	320	616	240	688	192
75	0	0	0	56	0	352	480	784	240
76	0	0	0	504	544	432	0	680	720
77	0	0	0	712	520	0	704	800	584
78	0	0	0	8	720	696	680	624	464
79	0	0	0	328	792	728	0	208	120
80	0	0	0	768	232	360	616	384	216
81	0	0	0	384	312	488	392	760	800
82	0	0	0	40	768	224	80	656	464
83	0	0	0	64	64	408	0	200	376
84	0	0	0	1016	672	712	720	104	512
85	0	0	0	728	416	328	592	760	248
86	0	0	0	0	32	728	504	568	568
87	0	0	0	744	0	528	40	528	328
88	0	0	0	296	400	328	64	576	192
89	0	0	0	0	744	600	784	192	464
90	0	0	0	352	264	616	592	40	800
91	0	0	0	80	512	632	648	0	488
92	0	0	0	64	72	216	784	592	136
93	0	0	0	224	552	736	304	296	288
94	0	0	0	456	0	104	0	0	600
95	0	0	0	800	168	304	736	168	200
96	0	0	0	432	480	560	328	216	688
97	0	0	0	264	0	536	240	744	672
98	0	0	0	0	440	512	712	600	304
99	0	0	0	88	696	0	536	720	280
100	0	0	0	0	456	376	624	744	768
101	0	0	0	192	520	136	144	256	344
102	0	0	0	8	632	408	800	392	800
103	0	0	0	144	80	216	560	712	576
104	0	0	0	312	0	0	696	232	576
105	0	0	0	504	288	168	544	224	544
106	0	0	0	0	712	0	392	272	200
107	0	0	0	536	264	760	344	792	96
108	0	0	0	304	16	400	664	0	328
109	0	0	0	280	224	480	432	112	0
110	0	0	0	776	152	128	712	464	448
111	0	0	0	464	104	456	240	112	504
112	0	0	0	600	192	832	224	248	192
113	0	0	0	152	80	328	800	776	240
114	0	0	0	0	328	192	656	440	0
115	0	0	0	264	0	504	448	328	304
116	0	0	0	56	248	248	352	656	608
117	0	0	0	784	112	152	344	496	144
118	0	0	0	760	656	272	0	520	200
119	0	0	0	392	760	0	224	152	336
120	0	0	0	168	320	296	528	688	736
(1,15290)	(2,1108)	(3,0)	(4,282)	
(1,4800)	(2,203)	(3,0)	(4,39)	
(1,5434)	(2,302)	(3,0)	(4,55)	
(1,5988)	(2,197)	(3,0)	(4,30)	
(1,1)	(2,0)	(3,0)	(4,0)	
(1,1)	(2,0)	(3,0)	(4,0)	
(1,1)	(2,0)	(3,0)	(4,0)	
(1,1)	(2,0)	(3,0)	(4,0)	
(1,1)	(2,0)	(3,0)	(4,0)	
(1,1)	(2,0)	(3,0)	(4,0)	
avg	0	0	0	320.533	346.4	375.6	422.133	432.4	392.933
delay	0.289474	0.282051	0.289474	28.4834	19.0889	31.0934	18.1917	7.48659	25.1469
loss	0	0	0	0.0441352	0.0423885	0.0460549	0.0297181	0.0261261	0.0397524
Command ['/home/ubuntu/ns-3.30-obss/build/scratch/simple-ofdma-adhoc4', '--ofdmaEnabled=true', '--startTime=60', '--totalTime=120', '--dataMode=HeMcs1', '--datarate=8e5', '--ratio=0.375', '--RngRun=38', '--locationFile=my-simulations/8_ofdma7/txt/locationFile32.txt', '--routingFile=my-simulations/8_ofdma7/txt/routingFile32.txt'] terminated with signal SIGSEGV. Run it under a debugger to get more information (./waf --run <program> --command-template="gdb --args %s <args>").
