Waf: Entering directory `/home/ubuntu/ns-3.30-obss/build'
Waf: Leaving directory `/home/ubuntu/ns-3.30-obss/build'
Build commands will be stored in build/compile_commands.json
'build' finished successfully (0.777s)
--------------------------Rate[Kbps]--------------------------
Time[s]	cl-1	cl-2	cl-3	cl-4	cl-5	cl-6	cl-7	cl-8	cl-9	cl-10	cl-11	cl-12	cl-13	cl-14	cl-15	cl-16	cl-17	cl-18	cl-19	cl-20
60	14.6	12.4	13.4	13.2	13.4	16.4	13.4	15.6	14	15.4	13.4	12.6	15.4	16	15.4	14.8	19.2	15	14.4	14.2
61	0	0	0	0	0	0	0	0	200	376	248	8	96	0	0	16	352	0	144	560
62	0	0	0	0	0	0	0	0	368	80	328	496	480	200	96	320	544	8	0	216
63	0	0	0	0	0	0	0	0	176	472	144	152	472	88	104	120	680	64	144	136
64	0	0	0	0	0	0	0	0	672	608	0	16	0	272	152	456	224	128	328	320
65	0	0	0	0	0	0	0	0	280	112	336	208	168	272	144	208	192	216	224	256
66	0	0	0	0	0	0	0	0	336	320	280	216	88	16	184	0	352	240	200	296
67	0	0	0	0	0	0	0	0	160	88	616	128	248	8	168	48	456	312	320	216
68	0	0	0	0	0	0	0	0	0	136	184	16	232	528	320	320	528	152	504	72
69	0	0	0	0	0	0	0	0	312	464	184	688	0	264	0	360	352	184	152	72
70	0	0	0	0	0	0	0	0	24	192	472	152	96	16	304	312	480	264	304	336
71	0	0	0	0	0	0	0	0	184	120	264	384	8	360	176	256	64	304	304	176
72	0	0	0	0	0	0	0	0	80	328	464	336	32	376	112	256	336	72	152	336
73	0	0	0	0	0	0	0	0	688	304	160	0	360	272	208	464	344	48	72	72
74	0	0	0	0	0	0	0	0	264	136	448	336	144	328	176	272	440	136	368	48
75	0	0	0	0	0	0	0	0	48	304	408	360	336	40	32	104	320	400	512	104
76	0	0	0	0	0	0	0	0	168	24	32	312	216	264	0	0	280	344	288	0
77	0	0	0	0	0	0	0	0	176	40	144	400	216	32	40	192	248	320	184	48
78	0	0	0	0	0	0	0	0	256	160	312	424	24	104	56	344	144	320	224	232
79	0	0	0	0	0	0	0	0	32	0	136	440	24	0	40	536	440	656	296	416
80	0	0	0	0	0	0	0	0	80	256	568	288	232	432	88	208	8	128	440	80
81	0	0	0	0	0	0	0	0	232	256	440	400	160	384	168	72	296	120	88	392
82	0	0	0	0	0	0	0	0	64	240	336	312	408	344	88	240	624	112	112	112
83	0	0	0	0	0	0	0	0	0	64	0	464	72	80	288	488	120	528	64	544
84	0	0	0	0	0	0	0	0	88	72	160	416	120	168	312	568	192	136	472	272
85	0	0	0	0	0	0	0	0	0	288	464	264	168	248	304	248	400	168	176	0
86	0	0	0	0	0	0	0	0	392	0	496	456	352	104	200	344	200	256	96	32
87	0	0	0	0	0	0	0	0	176	184	240	280	312	120	224	176	104	224	240	304
88	0	0	0	0	0	0	0	0	0	128	200	0	224	320	112	472	576	552	432	104
89	0	0	0	0	0	0	0	0	264	0	80	256	208	360	88	376	496	336	152	232
90	0	0	0	0	0	0	0	0	232	512	0	464	496	0	8	64	488	0	488	360
91	0	0	0	0	0	0	0	0	240	352	248	488	48	72	24	288	376	448	264	328
92	0	0	0	0	0	0	0	0	152	248	592	440	296	440	136	48	40	48	112	336
93	0	0	0	0	0	0	0	0	8	0	448	24	232	16	192	552	656	40	376	24
94	0	0	0	0	0	0	0	0	8	0	176	128	0	0	176	144	208	224	152	48
95	0	0	0	0	0	0	0	0	88	360	600	464	296	24	24	328	288	288	104	72
96	0	0	0	0	0	0	0	0	0	8	16	472	352	384	352	368	64	192	120	544
97	0	0	0	0	0	0	0	0	272	504	0	432	16	352	384	0	200	552	0	344
98	0	0	0	0	0	0	0	0	0	64	664	664	0	0	376	40	0	456	232	376
99	0	0	0	0	0	0	0	0	312	104	320	480	344	328	56	208	296	88	320	24
100	0	0	0	0	0	0	0	0	432	576	216	16	144	184	176	288	280	200	608	0
101	0	0	0	0	0	0	0	0	440	248	336	56	344	112	440	272	0	600	192	184
102	0	0	0	0	0	0	0	0	592	152	416	320	656	440	0	0	400	120	0	96
103	0	0	0	0	0	0	0	0	104	160	552	24	168	80	448	352	552	0	296	288
104	0	0	0	0	0	0	0	0	56	168	272	320	280	360	376	432	464	200	96	0
105	0	0	0	0	0	0	0	0	8	128	288	360	152	248	264	72	280	320	40	256
106	0	0	0	0	0	0	0	0	48	376	0	296	168	344	40	384	88	296	600	440
107	0	0	0	0	0	0	0	0	336	424	368	304	88	72	0	0	576	296	432	8
108	0	0	0	0	0	0	0	0	8	144	200	392	328	192	488	120	544	280	448	0
109	0	0	0	0	0	0	0	0	376	88	40	528	0	264	528	496	192	0	144	128
110	0	0	0	0	0	0	0	0	144	152	264	24	88	16	40	240	208	0	56	0
111	0	0	0	0	0	0	0	0	176	272	456	136	216	144	200	104	224	96	328	368
112	0	0	0	0	0	0	0	0	0	456	272	24	0	72	448	544	0	568	152	400
113	0	0	0	0	0	0	0	0	72	232	464	136	264	16	256	632	192	416	0	32
114	0	0	0	0	0	0	0	0	40	120	264	504	264	0	328	56	168	464	280	416
115	0	0	0	0	0	0	0	0	432	0	392	424	0	264	232	40	304	360	352	376
116	0	0	0	0	0	0	0	0	192	88	224	336	296	208	376	104	152	312	184	392
117	0	0	0	0	0	0	0	0	312	0	536	104	288	400	0	112	504	160	216	0
118	0	0	0	0	0	0	0	0	176	448	248	32	8	520	88	216	304	200	472	248
119	0	0	0	0	0	0	0	0	72	424	8	504	80	40	256	536	152	208	232	64
120	0	0	0	0	0	0	0	0	192	304	400	168	248	64	48	240	216	440	224	160
(1,13507)	(2,6074)	(3,0)	(4,2982)	
(1,7839)	(2,2754)	(3,0)	(4,437)	
(1,8251)	(2,2707)	(3,0)	(4,567)	
(1,3140)	(2,304)	(3,0)	(4,32)	
(1,4214)	(2,511)	(3,0)	(4,14)	
(1,3003)	(2,324)	(3,0)	(4,42)	
(1,3234)	(2,419)	(3,0)	(4,27)	
(1,4070)	(2,451)	(3,0)	(4,19)	
(1,3406)	(2,340)	(3,0)	(4,46)	
(1,1)	(2,0)	(3,0)	(4,0)	
(1,1)	(2,0)	(3,0)	(4,0)	
(1,1)	(2,0)	(3,0)	(4,0)	
(1,1)	(2,0)	(3,0)	(4,0)	
(1,1)	(2,0)	(3,0)	(4,0)	
(1,1)	(2,0)	(3,0)	(4,0)	
(1,1)	(2,0)	(3,0)	(4,0)	
(1,1)	(2,0)	(3,0)	(4,0)	
(1,1)	(2,0)	(3,0)	(4,0)	
(1,1)	(2,0)	(3,0)	(4,0)	
(1,1)	(2,0)	(3,0)	(4,0)	
(1,1)	(2,0)	(3,0)	(4,0)	
avg	0	0	0	0	0	0	0	0	187.333	214.4	290.4	287.867	194.267	194.267	182.4	250.933	303.467	243.333	241.867	204.933
delay	0.260274	0.274194	0.761194	0.772727	0.746269	0.780488	0.761194	0.730769	22.7473	21.3949	29.2966	27.214	32.7962	14.8003	29.821	30.3831	33.9122	42.5912	46.4165	21.0234
loss	0	0	0.0147059	0.0294118	0	0	0.0147059	0.0126582	0.401873	0.413567	0.317455	0.323197	0.426604	0.426378	0.433361	0.410586	0.312915	0.316991	0.408602	0.385446
Command ['/home/ubuntu/ns-3.30-obss/build/scratch/simple-ofdma-adhoc4', '--ofdmaEnabled=true', '--startTime=60', '--totalTime=120', '--dataMode=HeMcs3', '--datarate=8e5', '--ratio=0.375', '--RngRun=38', '--locationFile=my-simulations/8_ofdma7/txt/locationFile232.txt', '--routingFile=my-simulations/8_ofdma7/txt/routingFile232.txt'] terminated with signal SIGSEGV. Run it under a debugger to get more information (./waf --run <program> --command-template="gdb --args %s <args>").
