Waf: Entering directory `/home/ubuntu/ns-3.30-obss/build'
Waf: Leaving directory `/home/ubuntu/ns-3.30-obss/build'
Build commands will be stored in build/compile_commands.json
'build' finished successfully (0.811s)
--------------------------Rate[Kbps]--------------------------
Time[s]	cl-1	cl-2	cl-3	cl-4	cl-5	cl-6	cl-7	cl-8	cl-9	cl-10	cl-11	cl-12
60	17.4	18.4	14.8	17.6	12.8	15.6	16.8	13	17	13.2	16.6	15
61	0	0	0	0	72	152	288	328	248	232	152	112
62	0	0	0	96	0	304	0	240	72	168	336	64
63	0	0	0	320	232	80	344	400	56	40	32	176
64	0	0	0	360	0	264	144	336	96	368	176	200
65	0	0	0	192	168	232	120	16	184	208	200	256
66	0	0	0	432	216	200	96	248	416	24	240	0
67	0	0	0	320	320	240	352	80	0	168	336	216
68	0	0	0	0	312	224	256	312	88	296	400	0
69	0	0	0	184	328	208	48	336	296	24	112	336
70	0	0	0	16	400	168	248	376	280	72	184	264
71	0	0	0	144	88	400	128	384	248	384	168	104
72	0	0	0	384	104	64	40	256	208	360	248	192
73	0	0	0	8	112	0	8	168	120	0	0	0
74	0	0	0	88	216	320	376	0	168	312	184	344
75	0	0	0	152	24	224	80	320	24	168	200	152
76	0	0	0	288	224	0	320	8	160	120	176	400
77	0	0	0	48	360	272	344	208	96	136	224	264
78	0	0	0	240	184	360	8	400	384	392	240	96
79	0	0	0	176	152	280	328	256	360	232	0	264
80	0	0	0	216	288	96	328	248	216	400	168	344
81	0	0	0	240	392	368	216	112	176	352	216	168
82	0	0	0	400	312	72	320	400	216	64	152	400
83	0	0	0	240	296	240	0	104	376	272	144	104
84	0	0	0	328	336	312	272	72	216	112	72	136
85	0	0	0	232	264	40	392	40	0	400	64	152
86	0	0	0	256	192	352	176	0	16	304	24	400
87	0	0	0	360	392	400	264	136	288	288	0	168
88	0	0	0	112	144	176	112	112	192	368	200	64
89	0	0	0	128	400	104	0	96	344	400	400	96
90	0	0	0	184	288	224	312	248	232	40	184	400
91	0	0	0	24	168	232	296	136	272	336	152	160
92	0	0	0	192	0	120	32	16	400	96	104	256
93	0	0	0	104	328	224	224	48	64	184	272	376
94	0	0	0	120	400	152	232	16	0	280	120	384
95	0	0	0	136	32	152	200	240	336	128	336	24
96	0	0	0	80	120	136	88	24	400	96	0	288
97	0	0	0	104	104	0	240	280	376	80	184	248
98	0	0	0	200	224	256	392	0	344	392	264	296
99	0	0	0	16	24	256	208	288	104	216	40	248
100	0	0	0	320	80	248	112	264	88	0	336	232
101	0	0	0	216	392	0	56	384	24	272	0	0
102	0	0	0	96	216	48	392	344	352	304	56	336
103	0	0	0	184	32	272	112	264	144	144	320	0
104	0	0	0	88	0	112	0	0	112	400	352	24
105	0	0	0	160	104	120	0	288	272	352	208	112
106	0	0	0	232	256	208	0	0	16	304	288	360
107	0	0	0	0	32	304	776	80	336	280	400	208
108	0	0	0	248	0	8	88	312	112	216	296	264
109	0	0	0	224	128	368	104	40	104	360	224	352
110	0	0	0	400	328	8	136	144	152	296	72	376
111	0	0	0	120	336	328	256	88	176	400	248	304
112	0	0	0	72	344	400	240	32	392	40	160	384
113	0	0	0	304	80	152	344	256	304	224	192	344
114	0	0	0	312	40	64	88	0	288	392	192	136
115	0	0	0	64	208	0	128	160	168	144	24	96
116	0	0	0	368	400	208	224	112	0	0	32	56
117	0	0	0	296	312	24	96	88	160	40	0	96
118	0	0	0	240	120	48	248	24	160	56	208	400
119	0	0	0	0	264	400	264	144	64	352	400	184
120	0	0	0	112	192	176	344	248	376	120	344	336
(1,13379)	(2,387)	(3,0)	(4,125)	
(1,4399)	(2,83)	(3,0)	(4,29)	
(1,4271)	(2,140)	(3,0)	(4,16)	
(1,4591)	(2,84)	(3,0)	(4,42)	
(1,1)	(2,0)	(3,0)	(4,0)	
(1,1)	(2,0)	(3,0)	(4,0)	
(1,1)	(2,0)	(3,0)	(4,0)	
(1,1)	(2,0)	(3,0)	(4,0)	
(1,1)	(2,0)	(3,0)	(4,0)	
(1,1)	(2,0)	(3,0)	(4,0)	
(1,1)	(2,0)	(3,0)	(4,0)	
(1,1)	(2,0)	(3,0)	(4,0)	
(1,1)	(2,0)	(3,0)	(4,0)	
avg	0	0	0	186.267	201.333	190	197.333	176	197.867	220.133	184.267	212.533
delay	0.37931	0.25	0.27027	19.4549	8.34702	23.5074	89.2459	6.07424	10.9434	26.791	35.4515	25.7503
loss	0	0	0	0.0345304	0.0245478	0.0581626	0.0288714	0.0251108	0.045045	0.0478662	0.0288124	0.0226855
Command ['/home/ubuntu/ns-3.30-obss/build/scratch/simple-ofdma-adhoc4', '--ofdmaEnabled=true', '--startTime=60', '--totalTime=120', '--dataMode=HeMcs3', '--datarate=4e5', '--ratio=0.375', '--RngRun=36', '--locationFile=my-simulations/8_ofdma7/txt/locationFile33.txt', '--routingFile=my-simulations/8_ofdma7/txt/routingFile33.txt'] terminated with signal SIGSEGV. Run it under a debugger to get more information (./waf --run <program> --command-template="gdb --args %s <args>").
