Waf: Entering directory `/home/ubuntu/ns-3.30-obss/build'
Waf: Leaving directory `/home/ubuntu/ns-3.30-obss/build'
Build commands will be stored in build/compile_commands.json
'build' finished successfully (0.728s)
--------------------------Rate[Kbps]--------------------------
Time[s]	cl-1	cl-2	cl-3	cl-4	cl-5	cl-6	cl-7	cl-8	cl-9	cl-10	cl-11	cl-12	cl-13	cl-14	cl-15	cl-16	cl-17	cl-18	cl-19	cl-20
60	14.8	16.2	13	15	16.8	16.6	13.8	14.4	14.6	14.4	16.2	14	15.8	14.2	14.2	18.2	11	15	14.6	15
61	0	0	0	0	104	128	184	136	368	120	72	136	80	40	224	0	72	288	80	200
62	0	0	0	0	56	392	8	240	288	24	192	224	392	0	0	128	128	336	192	152
63	0	0	0	0	96	288	80	400	0	256	104	176	224	248	192	16	272	376	0	168
64	0	0	0	0	48	240	112	136	240	400	272	136	272	184	368	288	112	352	96	0
65	0	0	0	0	360	64	136	328	208	176	264	128	144	0	120	56	0	16	48	168
66	0	0	0	0	304	304	360	56	216	248	312	32	88	64	336	176	392	96	120	32
67	0	0	0	0	384	296	272	304	288	8	152	232	168	80	0	40	96	8	184	56
68	0	0	0	0	32	0	48	24	144	64	200	0	248	224	0	224	248	248	128	176
69	0	0	0	0	424	464	256	240	208	128	400	384	152	184	296	176	48	136	288	248
70	0	0	0	0	376	80	96	176	72	64	336	248	232	368	400	208	272	216	296	176
71	0	0	0	0	192	328	352	216	0	112	336	272	352	24	8	200	176	200	240	384
72	0	0	0	0	160	152	168	192	48	192	88	200	376	200	56	304	208	184	232	328
73	0	0	0	0	272	0	232	232	192	120	32	24	24	120	64	80	104	40	208	376
74	0	0	0	0	400	344	72	144	288	144	192	176	0	248	360	96	128	392	192	400
75	0	0	0	0	144	176	192	176	16	192	400	304	296	128	360	0	320	376	400	40
76	0	0	0	0	0	344	240	312	224	320	176	216	16	312	272	184	248	272	280	104
77	0	0	0	0	248	96	0	128	336	216	384	128	296	400	216	32	0	280	0	128
78	0	0	0	0	304	80	192	176	80	256	16	264	280	24	0	376	64	24	168	0
79	0	0	0	0	0	200	208	0	0	112	120	0	32	200	8	192	0	0	16	16
80	0	0	0	0	96	168	384	40	416	32	16	136	232	72	144	232	320	424	48	32
81	0	0	0	0	216	152	0	280	136	0	216	368	328	360	288	392	280	0	320	216
82	0	0	0	0	320	176	96	232	152	136	384	80	344	152	320	72	112	216	264	88
83	0	0	0	0	0	32	200	0	136	296	144	32	88	112	16	368	40	112	248	184
84	0	0	0	0	264	152	0	112	0	80	0	224	96	48	392	184	264	200	248	88
85	0	0	0	0	0	360	328	160	144	56	184	48	184	232	176	400	160	248	184	368
86	0	0	0	0	72	216	360	280	400	128	0	72	168	256	64	152	264	104	216	224
87	0	0	0	0	224	400	216	136	320	304	48	48	248	0	304	208	328	368	64	80
88	0	0	0	0	80	376	104	168	64	56	112	368	208	144	256	264	296	216	264	296
89	0	0	0	0	224	0	288	64	0	264	160	96	168	128	152	344	320	104	216	40
90	0	0	0	0	376	96	224	24	144	0	16	296	208	152	312	376	272	176	0	80
91	0	0	0	0	160	176	80	184	200	8	0	168	152	120	280	280	320	352	64	216
92	0	0	0	0	200	288	240	384	328	136	272	144	0	288	272	24	400	320	40	64
93	0	0	0	0	168	48	376	0	288	0	392	376	248	280	0	56	384	248	112	152
94	0	0	0	0	176	8	288	24	0	144	400	152	384	384	248	392	128	16	392	224
95	0	0	0	0	336	232	72	288	88	64	104	104	104	184	192	296	224	136	224	0
96	0	0	0	0	120	88	320	208	360	280	136	312	248	376	104	128	400	384	88	72
97	0	0	0	0	152	96	328	0	248	0	240	128	232	368	128	400	32	304	112	400
98	0	0	0	0	336	64	264	200	232	184	96	8	232	336	248	80	104	312	88	112
99	0	0	0	0	224	144	72	272	80	208	120	16	272	176	200	40	264	296	400	280
100	0	0	0	0	400	400	360	264	152	40	104	400	152	216	384	64	248	72	304	376
101	0	0	0	0	360	296	0	240	104	392	168	248	400	400	280	0	384	40	16	136
102	0	0	0	0	184	392	56	0	8	296	384	0	152	328	136	216	112	312	208	112
103	0	0	0	0	376	384	288	168	392	0	136	328	208	40	112	312	296	136	272	328
104	0	0	0	0	392	336	280	384	224	0	0	280	160	224	56	176	40	72	96	296
105	0	0	0	0	32	400	312	40	232	384	288	328	128	232	280	144	376	136	328	360
106	0	0	0	0	128	296	0	112	376	256	344	344	88	224	128	72	128	16	248	104
107	0	0	0	0	184	360	280	192	8	336	200	384	64	112	40	168	0	200	80	80
108	0	0	0	0	208	16	248	176	48	88	352	208	368	112	0	88	128	400	48	280
109	0	0	0	0	224	288	184	312	120	272	144	256	384	232	312	48	384	32	272	320
110	0	0	0	0	392	136	248	360	88	264	96	72	72	56	184	24	0	0	48	0
111	0	0	0	0	8	240	80	400	0	0	344	256	272	368	240	72	128	144	384	128
112	0	0	0	0	160	72	264	32	384	288	0	0	248	120	184	192	400	216	288	0
113	0	0	0	0	328	392	104	376	272	392	56	48	192	0	384	176	304	104	264	240
114	0	0	0	0	360	344	176	88	16	80	96	216	384	352	392	152	0	200	96	240
115	0	0	0	0	360	144	240	144	232	24	176	168	32	72	264	64	376	272	184	40
116	0	0	0	0	56	400	392	128	392	0	192	400	152	72	248	392	120	88	400	328
117	0	0	0	0	200	80	144	248	168	232	0	264	280	0	24	64	240	168	312	216
118	0	0	0	0	0	312	208	208	192	72	64	240	216	184	40	152	200	88	272	0
119	0	0	0	0	248	200	400	208	152	136	288	152	0	144	0	320	104	296	256	152
120	0	0	0	0	48	136	200	272	168	224	272	376	8	152	0	112	392	296	328	72
(1,21544)	(2,1319)	(3,0)	(4,245)	
(1,6166)	(2,135)	(3,0)	(4,19)	
(1,5510)	(2,118)	(3,0)	(4,1)	
(1,5397)	(2,296)	(3,0)	(4,10)	
(1,5648)	(2,197)	(3,0)	(4,36)	
(1,1)	(2,0)	(3,0)	(4,0)	
(1,1)	(2,0)	(3,0)	(4,0)	
(1,1)	(2,0)	(3,0)	(4,0)	
(1,1)	(2,0)	(3,0)	(4,0)	
(1,1)	(2,0)	(3,0)	(4,0)	
(1,1)	(2,0)	(3,0)	(4,0)	
(1,1)	(2,0)	(3,0)	(4,0)	
(1,1)	(2,0)	(3,0)	(4,0)	
(1,1)	(2,0)	(3,0)	(4,0)	
(1,1)	(2,0)	(3,0)	(4,0)	
(1,1)	(2,0)	(3,0)	(4,0)	
(1,1)	(2,0)	(3,0)	(4,0)	
(1,1)	(2,0)	(3,0)	(4,0)	
(1,1)	(2,0)	(3,0)	(4,0)	
(1,1)	(2,0)	(3,0)	(4,0)	
(1,1)	(2,0)	(3,0)	(4,0)	
avg	0	0	0	0	204.933	214.533	198.533	183.733	178	155.067	179.867	190.4	196.267	180.933	184.4	174.533	202.667	194.4	191.067	169.6
delay	0.243243	0.259259	0.246154	0.24	12.7872	15.4139	9.99328	11.7692	5.25918	2.74119	5.83321	5.75	5.81793	6.65807	10.7166	6.9916	30.4076	31.2846	4.03908	24.0526
loss	0	0	0	0	0.0363636	0.0439691	0.0331169	0.0509642	0.0525195	0.0226891	0.0378031	0.0448161	0.0309414	0.0403112	0.0382476	0.0452225	0.0605312	0.0623794	0.0427522	0.0442943
Command ['/home/ubuntu/ns-3.30-obss/build/scratch/simple-ofdma-adhoc4', '--ofdmaEnabled=true', '--startTime=60', '--totalTime=120', '--dataMode=HeMcs7', '--datarate=4e5', '--ratio=0.375', '--RngRun=36', '--locationFile=my-simulations/8_ofdma7/txt/locationFile44.txt', '--routingFile=my-simulations/8_ofdma7/txt/routingFile44.txt'] terminated with signal SIGSEGV. Run it under a debugger to get more information (./waf --run <program> --command-template="gdb --args %s <args>").
