Waf: Entering directory `/home/ubuntu/ns-3.30-obss/build'
Waf: Leaving directory `/home/ubuntu/ns-3.30-obss/build'
Build commands will be stored in build/compile_commands.json
'build' finished successfully (0.786s)
--------------------------Rate[Kbps]--------------------------
Time[s]	cl-1	cl-2	cl-3	cl-4	cl-5	cl-6	cl-7	cl-8
60	14.4	13.2	18.2	16.4	13	16.2	13.2	12.6
61	0	0	456	272	400	0	528	440
62	0	0	600	176	352	464	992	0
63	0	0	984	984	976	936	496	544
64	0	0	600	928	560	680	120	656
65	0	0	256	560	168	744	240	768
66	0	0	568	976	920	656	1000	840
67	0	0	696	48	264	984	824	200
68	0	0	992	744	584	256	144	864
69	0	0	416	624	848	112	280	408
70	0	0	16	0	1000	512	376	0
71	0	0	552	336	240	0	992	1000
72	0	0	736	720	264	304	424	944
73	0	0	960	544	392	1000	704	784
74	0	0	736	968	0	680	376	624
75	0	0	248	696	576	312	1000	240
76	0	0	488	520	144	536	160	976
77	0	0	888	312	232	744	376	0
78	0	0	408	432	0	432	720	216
79	0	0	352	368	720	304	808	1000
80	0	0	384	616	304	0	584	760
81	0	0	1000	1000	264	1000	312	0
82	0	0	744	192	88	712	1000	472
83	0	0	680	728	952	0	312	864
84	0	0	520	464	400	656	744	904
85	0	0	0	960	296	856	352	0
86	0	0	392	840	584	144	432	800
87	0	0	760	56	72	448	992	504
88	0	0	512	224	560	584	136	824
89	0	0	136	0	0	208	280	920
90	0	0	224	608	80	584	160	592
91	0	0	648	832	304	264	680	952
92	0	0	368	128	976	576	0	0
93	0	0	0	888	736	376	984	416
94	0	0	720	168	888	536	544	440
95	0	0	456	0	680	0	408	456
96	0	0	0	512	232	136	112	768
97	0	0	216	992	760	440	792	752
98	0	0	208	720	880	496	984	168
99	0	0	128	64	592	264	392	632
100	0	0	648	528	840	1048	264	608
101	0	0	424	184	248	1000	888	0
102	0	0	608	640	0	240	352	712
103	0	0	776	952	472	896	680	440
104	0	0	0	64	352	992	216	0
105	0	0	504	760	0	184	168	496
106	0	0	784	1000	336	104	56	328
107	0	0	776	104	0	376	1000	872
108	0	0	248	768	392	992	280	80
109	0	0	704	848	648	672	8	704
110	0	0	40	952	16	416	968	112
111	0	0	392	432	256	848	192	504
112	0	0	216	1000	272	224	472	864
113	0	0	288	520	0	848	0	760
114	0	0	1000	264	712	408	528	0
115	0	0	120	504	696	0	712	200
116	0	0	192	32	264	344	592	824
117	0	0	992	160	560	600	488	176
118	0	0	184	560	656	752	288	96
119	0	0	824	424	104	0	0	752
120	0	0	96	968	136	232	864	752
(1,21489)	(2,625)	(3,0)	(4,74)	
(1,9931)	(2,550)	(3,0)	(4,28)	
(1,10632)	(2,430)	(3,0)	(4,26)	
(1,1)	(2,0)	(3,0)	(4,0)	
(1,1)	(2,0)	(3,0)	(4,0)	
(1,1)	(2,0)	(3,0)	(4,0)	
(1,1)	(2,0)	(3,0)	(4,0)	
(1,1)	(2,0)	(3,0)	(4,0)	
(1,1)	(2,0)	(3,0)	(4,0)	
avg	0	0	481.067	531.067	420.8	485.2	496.267	516.8
delay	0.236111	0.242424	8.81181	7.48305	5.56939	5.91261	1.29581	5.41073
loss	0	0	0.0187653	0.0160573	0.0177404	0.0201939	0.0124702	0.0197269
Command ['/home/ubuntu/ns-3.30-obss/build/scratch/simple-ofdma-adhoc4', '--ofdmaEnabled=true', '--startTime=60', '--totalTime=120', '--dataMode=HeMcs5', '--datarate=10e5', '--ratio=0.375', '--RngRun=36', '--locationFile=my-simulations/8_ofdma7/txt/locationFile23.txt', '--routingFile=my-simulations/8_ofdma7/txt/routingFile23.txt'] terminated with signal SIGSEGV. Run it under a debugger to get more information (./waf --run <program> --command-template="gdb --args %s <args>").
