Waf: Entering directory `/home/ubuntu/ns-3.30-obss/build'
Waf: Leaving directory `/home/ubuntu/ns-3.30-obss/build'
Build commands will be stored in build/compile_commands.json
'build' finished successfully (0.813s)
--------------------------Rate[Kbps]--------------------------
Time[s]	cl-1	cl-2	cl-3	cl-4	cl-5	cl-6	cl-7	cl-8	cl-9	cl-10	cl-11	cl-12	cl-13	cl-14	cl-15	cl-16	cl-17	cl-18	cl-19	cl-20
60	15.2	11.8	13.2	14.6	14.2	17	16.2	12.2	12.8	12.6	17.2	15.4	13.6	15.6	16.4	15.2	16.4	17.8	17.4	14.2
61	0	0	0	0	0	0	0	0	0	0	24	384	168	144	0	0	0	184	120	0
62	0	0	0	0	0	0	0	0	232	448	248	192	312	496	16	56	264	664	528	248
63	0	0	0	0	0	0	0	0	512	128	320	544	200	72	264	136	816	0	232	232
64	0	0	0	0	0	0	0	0	104	536	480	64	352	520	424	64	624	376	240	248
65	0	0	0	0	0	0	0	0	256	168	0	0	0	240	200	168	200	272	200	256
66	0	0	0	0	0	0	0	0	528	232	272	208	24	504	320	344	64	288	248	424
67	0	0	0	0	0	0	0	0	392	336	360	152	376	384	312	328	464	152	312	120
68	0	0	0	0	0	0	0	0	352	512	592	640	520	64	112	0	48	816	304	48
69	0	0	0	0	0	0	0	0	648	232	328	624	632	0	720	72	176	584	0	168
70	0	0	0	0	0	0	0	0	64	208	368	344	312	776	248	232	680	192	400	112
71	0	0	0	0	0	0	0	0	192	392	448	16	320	256	640	8	608	408	264	600
72	0	0	0	0	0	0	0	0	440	144	504	496	320	376	24	448	152	216	192	400
73	0	0	0	0	0	0	0	0	672	48	528	240	184	712	224	408	16	816	408	272
74	0	0	0	0	0	0	0	0	64	168	712	320	488	568	32	576	216	280	352	576
75	0	0	0	0	0	0	0	0	272	624	136	688	288	112	0	24	760	728	312	608
76	0	0	0	0	0	0	0	0	704	176	184	208	384	152	56	232	352	400	696	576
77	0	0	0	0	0	0	0	0	40	560	240	16	264	792	456	280	352	688	136	152
78	0	0	0	0	0	0	0	0	80	680	0	704	592	72	464	104	312	504	288	624
79	0	0	0	0	0	0	0	0	512	40	472	192	128	376	376	416	512	160	56	272
80	0	0	0	0	0	0	0	0	648	728	568	40	0	80	64	232	0	200	104	232
81	0	0	0	0	0	0	0	0	8	368	720	336	464	208	232	216	224	744	336	200
82	0	0	0	0	0	0	0	0	504	664	88	304	0	80	496	48	288	544	544	400
83	0	0	0	0	0	0	0	0	424	376	448	896	304	176	32	184	344	256	320	216
84	0	0	0	0	0	0	0	0	264	0	472	376	488	128	0	168	664	152	344	536
85	0	0	0	0	0	0	0	0	328	480	360	0	688	80	208	8	336	472	288	448
86	0	0	0	0	0	0	0	0	248	80	480	552	184	128	680	32	568	368	304	0
87	0	0	0	0	0	0	0	0	192	248	0	168	424	0	656	104	544	208	112	296
88	0	0	0	0	0	0	0	0	496	424	496	352	448	368	72	104	496	256	88	424
89	0	0	0	0	0	0	0	0	144	224	40	176	280	488	496	320	552	760	104	616
90	0	0	0	0	0	0	0	0	64	576	536	224	0	376	392	688	920	352	80	160
91	0	0	0	0	0	0	0	0	464	592	544	560	128	56	0	528	592	280	176	304
92	0	0	0	0	0	0	0	0	0	0	56	544	32	0	248	528	936	0	456	32
93	0	0	0	0	0	0	0	0	0	0	744	0	248	328	592	272	272	88	64	760
94	0	0	0	0	0	0	0	0	792	544	584	296	256	232	552	552	272	80	40	104
95	0	0	0	0	0	0	0	0	240	440	72	184	32	224	32	32	336	216	776	296
96	0	0	0	0	0	0	0	0	0	0	472	760	8	552	408	800	240	264	248	744
97	0	0	0	0	0	0	0	0	648	256	0	352	32	648	152	568	360	336	264	376
98	0	0	0	0	0	0	0	0	56	360	608	184	24	360	456	0	0	528	272	0
99	0	0	0	0	0	0	0	0	0	248	424	592	352	72	168	136	568	584	232	424
100	0	0	0	0	0	0	0	0	552	408	584	48	192	576	0	208	448	640	400	72
101	0	0	0	0	0	0	0	0	0	248	48	368	464	776	688	464	0	288	272	648
102	0	0	0	0	0	0	0	0	640	232	880	48	200	120	232	760	520	208	480	208
103	0	0	0	0	0	0	0	0	512	336	664	8	208	544	0	232	56	600	416	568
104	0	0	0	0	0	0	0	0	0	0	96	360	200	496	384	0	552	16	192	696
105	0	0	0	0	0	0	0	0	8	248	144	344	112	528	120	288	520	320	400	0
106	0	0	0	0	0	0	0	0	184	480	512	224	352	328	152	608	336	56	776	288
107	0	0	0	0	0	0	0	0	464	392	232	624	432	0	432	480	536	176	224	104
108	0	0	0	0	0	0	0	0	192	392	0	168	304	360	0	128	368	616	432	232
109	0	0	0	0	0	0	0	0	528	144	192	200	488	408	176	144	752	536	336	0
110	0	0	0	0	0	0	0	0	248	664	72	360	224	0	760	0	688	376	160	552
111	0	0	0	0	0	0	0	0	384	472	160	440	464	328	680	632	56	376	104	320
112	0	0	0	0	0	0	0	0	88	376	480	776	536	584	288	160	104	104	360	304
113	0	0	0	0	0	0	0	0	384	512	208	248	512	184	144	304	336	352	256	552
114	0	0	0	0	0	0	0	0	632	784	176	720	112	0	48	536	304	592	40	176
115	0	0	0	0	0	0	0	0	0	464	136	392	264	576	48	368	608	328	560	360
116	0	0	0	0	0	0	0	0	416	136	464	368	200	192	344	352	408	568	224	184
117	0	0	0	0	0	0	0	0	448	520	0	408	232	224	416	128	688	352	408	104
118	0	0	0	0	0	0	0	0	776	480	432	576	0	224	0	888	472	232	32	176
119	0	0	0	0	0	0	0	0	176	216	456	288	120	424	216	384	504	544	312	160
120	0	0	0	0	0	0	0	0	200	88	288	272	216	128	0	296	0	144	312	176
(1,19888)	(2,8673)	(3,0)	(4,2335)	
(1,10539)	(2,3656)	(3,0)	(4,521)	
(1,11268)	(2,3510)	(3,0)	(4,381)	
(1,4709)	(2,446)	(3,0)	(4,64)	
(1,5001)	(2,513)	(3,0)	(4,16)	
(1,4177)	(2,456)	(3,0)	(4,66)	
(1,4457)	(2,217)	(3,0)	(4,37)	
(1,5436)	(2,681)	(3,0)	(4,11)	
(1,4599)	(2,391)	(3,0)	(4,28)	
(1,1)	(2,0)	(3,0)	(4,0)	
(1,1)	(2,0)	(3,0)	(4,0)	
(1,1)	(2,0)	(3,0)	(4,0)	
(1,1)	(2,0)	(3,0)	(4,0)	
(1,1)	(2,0)	(3,0)	(4,0)	
(1,1)	(2,0)	(3,0)	(4,0)	
(1,1)	(2,0)	(3,0)	(4,0)	
(1,1)	(2,0)	(3,0)	(4,0)	
(1,1)	(2,0)	(3,0)	(4,0)	
(1,1)	(2,0)	(3,0)	(4,0)	
(1,1)	(2,0)	(3,0)	(4,0)	
(1,1)	(2,0)	(3,0)	(4,0)	
avg	0	0	0	0	0	0	0	0	306.933	330.533	335.867	336.133	268.133	303.333	265.867	279.6	389.733	364	285.6	306.4
delay	0.276316	0.254237	0.69697	0.821918	0.732394	0.882353	0.851852	0.737705	50.3458	17.6123	24.6102	18.7156	19.8444	27.5675	12.5722	20.9409	11.1201	17.6905	15.38	10.9869
loss	0	0	0	0	0.0273973	0	0	0	0.356084	0.360918	0.270701	0.249926	0.374689	0.357708	0.339298	0.341601	0.26	0.265932	0.353651	0.344926
Command ['/home/ubuntu/ns-3.30-obss/build/scratch/simple-ofdma-adhoc4', '--ofdmaEnabled=true', '--startTime=60', '--totalTime=120', '--dataMode=HeMcs7', '--datarate=10e5', '--ratio=0.375', '--RngRun=49', '--locationFile=my-simulations/8_ofdma7/txt/locationFile232.txt', '--routingFile=my-simulations/8_ofdma7/txt/routingFile232.txt'] terminated with signal SIGSEGV. Run it under a debugger to get more information (./waf --run <program> --command-template="gdb --args %s <args>").
