Waf: Entering directory `/home/ubuntu/ns-3.30-obss/build'
Waf: Leaving directory `/home/ubuntu/ns-3.30-obss/build'
Build commands will be stored in build/compile_commands.json
'build' finished successfully (0.794s)
--------------------------Rate[Kbps]--------------------------
Time[s]	cl-1	cl-2	cl-3	cl-4	cl-5	cl-6	cl-7	cl-8	cl-9	cl-10	cl-11	cl-12	cl-13	cl-14	cl-15	cl-16
60	14.8	15.6	14.8	13.2	17.4	15.2	15.6	17.4	16.4	13.8	15	10	13.4	14	15.8	16.6
61	0	0	0	0	184	152	0	160	0	24	144	0	152	48	16	0
62	0	0	0	0	112	160	56	80	72	8	0	144	40	128	48	128
63	0	0	0	0	0	0	80	120	200	200	88	72	136	168	56	88
64	0	0	0	0	184	160	72	160	104	32	200	168	112	200	8	96
65	0	0	0	0	136	112	184	0	24	168	64	200	120	120	40	56
66	0	0	0	0	176	176	120	56	144	32	200	96	72	200	160	96
67	0	0	0	0	32	96	0	112	0	32	152	40	40	16	88	192
68	0	0	0	0	32	176	80	40	160	128	176	128	88	56	0	128
69	0	0	0	0	24	8	0	200	80	136	120	152	152	48	120	16
70	0	0	0	0	0	48	112	72	192	40	152	0	96	192	48	152
71	0	0	0	0	8	16	144	136	0	0	72	16	8	176	88	24
72	0	0	0	0	104	48	56	104	16	192	0	0	32	0	104	160
73	0	0	0	0	96	88	200	0	8	152	144	120	200	32	32	0
74	0	0	0	0	160	56	16	136	56	136	16	0	184	112	160	80
75	0	0	0	0	200	200	160	192	8	80	136	136	72	16	104	16
76	0	0	0	0	64	64	64	168	72	56	40	0	136	176	128	136
77	0	0	0	0	160	0	24	200	200	200	0	144	200	184	0	120
78	0	0	0	0	120	96	0	128	48	72	64	144	144	160	176	72
79	0	0	0	0	160	200	176	200	0	88	0	192	200	80	40	64
80	0	0	0	0	72	48	120	168	0	0	112	80	48	48	32	176
81	0	0	0	0	16	0	104	32	48	120	32	192	56	200	64	80
82	0	0	0	0	32	136	0	200	176	192	104	160	8	192	144	0
83	0	0	0	0	128	184	112	32	80	72	24	120	88	168	64	88
84	0	0	0	0	120	96	176	32	72	0	40	104	160	96	72	0
85	0	0	0	0	144	16	176	0	104	88	48	200	64	88	72	56
86	0	0	0	0	168	40	152	144	16	120	152	128	200	0	152	0
87	0	0	0	0	24	56	32	0	200	32	176	144	128	64	72	0
88	0	0	0	0	192	120	120	40	160	16	200	0	200	168	160	0
89	0	0	0	0	184	184	152	160	0	64	160	16	144	128	56	600
90	0	0	0	0	160	200	112	0	136	176	112	0	80	0	144	24
91	0	0	0	0	0	104	0	144	128	16	88	0	112	184	176	152
92	0	0	0	0	40	128	112	200	128	120	0	32	88	176	80	0
93	0	0	0	0	88	24	200	128	56	0	48	0	200	0	160	152
94	0	0	0	0	0	128	64	24	0	120	88	168	120	128	104	80
95	0	0	0	0	80	48	120	176	168	32	32	96	160	8	64	0
96	0	0	0	0	200	0	88	96	120	16	184	200	128	104	128	144
97	0	0	0	0	184	16	8	56	104	40	96	152	0	0	144	152
98	0	0	0	0	112	80	0	24	96	200	0	200	184	160	40	0
99	0	0	0	0	104	48	200	112	104	24	160	176	176	96	88	128
100	0	0	0	0	192	160	184	0	48	192	96	72	64	0	136	88
101	0	0	0	0	168	200	200	128	40	152	200	96	0	56	104	0
102	0	0	0	0	104	104	48	96	112	200	104	16	80	56	0	80
103	0	0	0	0	96	64	96	200	136	136	184	104	200	152	112	120
104	0	0	0	0	72	48	112	96	184	48	144	64	144	56	0	96
105	0	0	0	0	64	200	0	192	136	200	168	80	24	168	72	200
106	0	0	0	0	24	136	48	8	0	72	104	176	176	200	152	136
107	0	0	0	0	160	144	112	200	88	112	120	112	40	160	128	152
108	0	0	0	0	200	144	0	72	48	8	160	104	80	112	8	0
109	0	0	0	0	24	96	48	0	32	0	160	120	184	200	96	16
110	0	0	0	0	128	8	184	24	56	176	176	200	88	48	192	192
111	0	0	0	0	112	48	200	56	144	192	16	88	96	176	160	96
112	0	0	0	0	168	8	48	200	0	184	8	184	0	192	72	8
113	0	0	0	0	32	8	200	152	80	112	128	0	128	72	200	0
114	0	0	0	0	96	136	88	40	16	72	64	88	96	200	0	0
115	0	0	0	0	80	136	160	184	176	200	48	0	32	16	128	144
116	0	0	0	0	16	200	88	40	128	184	72	120	72	40	96	176
117	0	0	0	0	200	0	128	152	176	152	112	192	0	120	0	0
118	0	0	0	0	128	40	200	200	136	200	40	0	48	32	48	200
119	0	0	0	0	128	40	104	104	192	96	200	184	88	8	104	192
120	0	0	0	0	168	40	0	152	24	160	40	160	200	16	176	8
(1,9966)	(2,72)	(3,0)	(4,0)	
(1,2459)	(2,6)	(3,0)	(4,0)	
(1,2384)	(2,32)	(3,0)	(4,0)	
(1,2496)	(2,13)	(3,0)	(4,0)	
(1,2258)	(2,40)	(3,0)	(4,7)	
(1,1)	(2,0)	(3,0)	(4,0)	
(1,1)	(2,0)	(3,0)	(4,0)	
(1,1)	(2,0)	(3,0)	(4,0)	
(1,1)	(2,0)	(3,0)	(4,0)	
(1,1)	(2,0)	(3,0)	(4,0)	
(1,1)	(2,0)	(3,0)	(4,0)	
(1,1)	(2,0)	(3,0)	(4,0)	
(1,1)	(2,0)	(3,0)	(4,0)	
(1,1)	(2,0)	(3,0)	(4,0)	
(1,1)	(2,0)	(3,0)	(4,0)	
(1,1)	(2,0)	(3,0)	(4,0)	
(1,1)	(2,0)	(3,0)	(4,0)	
avg	0	0	0	0	106	91.2	97.3333	105.467	87.2	101.2	99.4667	101.333	106.133	103.333	90.2667	89.3333
delay	0.243243	0.24359	0.256757	0.257576	1.00126	1.00439	1.00959	1.07459	1.00459	0.980237	1.00134	0.980263	1.01508	4.1871	4.33235	226.388
loss	0	0	0	0	0.0037594	0.0144092	0.00949796	0.00126263	0	0	0.0106101	0.0078329	0.0160692	0.00513479	0.0116788	0.00297619
Command ['/home/ubuntu/ns-3.30-obss/build/scratch/simple-ofdma-adhoc4', '--ofdmaEnabled=true', '--startTime=60', '--totalTime=120', '--dataMode=HeMcs7', '--datarate=2e5', '--ratio=0.375', '--RngRun=49', '--locationFile=my-simulations/8_ofdma7/txt/locationFile43.txt', '--routingFile=my-simulations/8_ofdma7/txt/routingFile43.txt'] terminated with signal SIGSEGV. Run it under a debugger to get more information (./waf --run <program> --command-template="gdb --args %s <args>").
