Waf: Entering directory `/home/ubuntu/ns-3.30-obss/build'
Waf: Leaving directory `/home/ubuntu/ns-3.30-obss/build'
Build commands will be stored in build/compile_commands.json
'build' finished successfully (0.722s)
--------------------------Rate[Kbps]--------------------------
Time[s]	cl-1	cl-2	cl-3	cl-4	cl-5	cl-6	cl-7	cl-8	cl-9	cl-10	cl-11	cl-12	cl-13	cl-14	cl-15	cl-16	cl-17	cl-18	cl-19	cl-20
60	15.8	11.4	11.8	13.4	16.8	18.6	16.4	13	14.6	18	15.4	11.2	15.4	11.8	14	12	15.4	14.2	12.4	14
61	0	656	288	48	0	0	240	560	504	448	240	304	376	512	424	424	0	0	536	640
62	72	288	544	0	8	0	32	112	616	0	800	232	176	112	760	712	336	16	96	488
63	432	608	0	488	648	296	448	48	736	144	584	736	336	344	504	648	608	504	136	232
64	112	392	696	800	448	576	368	632	80	216	768	792	576	336	552	640	136	64	472	0
65	744	256	376	512	0	328	568	752	648	40	696	0	552	352	224	752	600	248	360	584
66	168	760	112	808	256	0	672	168	264	440	792	328	240	576	0	288	896	0	552	328
67	96	0	160	480	0	384	400	0	400	224	304	192	616	0	488	440	384	608	80	352
68	504	0	312	0	592	152	408	496	552	504	544	496	224	504	624	616	48	624	512	528
69	264	656	552	64	136	552	696	344	392	464	144	360	368	696	544	504	312	32	704	584
70	760	808	160	568	384	584	280	288	816	528	0	368	672	408	160	584	792	584	280	0
71	608	432	192	560	712	88	208	560	152	608	896	608	88	896	616	744	0	400	328	200
72	0	264	536	264	0	632	568	608	552	536	424	624	40	592	576	632	320	184	360	424
73	176	704	448	752	472	296	752	88	248	696	312	504	440	608	496	264	432	576	696	0
74	96	696	528	784	648	320	768	176	64	816	504	600	568	672	488	432	136	0	384	224
75	64	176	0	720	304	128	720	736	688	576	40	344	688	664	168	176	448	376	408	728
76	120	128	288	576	456	472	552	472	280	504	144	680	680	608	384	0	352	544	320	208
77	0	0	0	0	0	0	0	0	0	0	0	0	0	0	0	0	0	0	0	0
78	0	0	0	0	0	0	0	0	0	0	0	0	0	0	0	0	0	0	0	0
79	0	0	0	0	0	0	0	0	0	0	0	0	0	0	0	0	0	0	0	0
80	0	0	0	0	0	0	0	0	0	0	0	0	0	0	0	0	0	0	0	0
81	0	0	0	0	0	0	0	0	0	0	0	0	0	0	0	0	0	0	0	0
82	0	0	0	0	0	0	0	0	0	0	0	0	0	0	0	0	0	0	0	0
83	0	0	0	0	0	0	0	0	0	0	0	0	0	0	0	0	0	0	0	0
84	0	0	0	0	0	0	0	0	0	0	0	0	0	0	0	0	0	0	0	0
85	0	0	0	0	0	0	0	0	0	0	0	0	0	0	0	0	0	0	0	0
86	0	0	0	0	0	0	0	0	0	0	0	0	0	0	0	0	0	0	0	0
87	0	0	0	0	0	0	0	0	0	0	0	0	0	0	0	0	0	0	0	0
88	0	0	0	0	0	0	0	0	0	0	0	0	0	0	0	0	0	0	0	0
89	0	0	0	0	0	0	0	0	0	0	0	0	0	0	0	0	0	0	0	0
90	0	0	0	0	0	0	0	0	0	0	0	0	0	0	0	0	0	0	0	0
91	0	0	0	0	0	0	0	0	0	0	0	0	0	0	0	0	0	0	0	0
92	0	0	0	0	0	0	0	0	0	0	0	0	0	0	0	0	0	0	0	0
93	0	0	0	0	0	0	0	0	0	0	0	0	0	0	0	0	0	0	0	0
94	0	0	0	0	0	0	0	0	0	0	0	0	0	0	0	0	0	0	0	0
95	0	0	0	0	0	0	0	0	0	0	0	0	0	0	0	0	0	0	0	0
96	0	0	0	0	0	0	0	0	0	0	0	0	0	0	0	0	0	0	0	0
97	0	0	0	0	0	0	0	0	0	0	0	0	0	0	0	0	0	0	0	0
98	0	0	0	0	0	0	0	0	0	0	0	0	0	0	0	0	0	0	0	0
99	0	0	0	0	0	0	0	0	0	0	0	0	0	0	0	0	0	0	0	0
100	0	0	0	0	0	0	0	0	0	0	0	0	0	0	0	0	0	0	0	0
101	0	0	0	0	0	0	0	0	0	0	0	0	0	0	0	0	0	0	0	0
102	0	0	0	0	0	0	0	0	0	0	0	0	0	0	0	0	0	0	0	0
103	0	0	0	0	0	0	0	0	0	0	0	0	0	0	0	0	0	0	0	0
104	0	0	0	0	0	0	0	0	0	0	0	0	0	0	0	0	0	0	0	0
105	0	0	0	0	0	0	0	0	0	0	0	0	0	0	0	0	0	0	0	0
106	0	0	0	0	0	0	0	0	0	0	0	0	0	0	0	0	0	0	0	0
107	0	0	0	0	0	0	0	0	0	0	0	0	0	0	0	0	0	0	0	0
108	0	0	0	0	0	0	0	0	0	0	0	0	0	0	0	0	0	0	0	0
109	0	0	0	0	0	0	0	0	0	0	0	0	0	0	0	0	0	0	0	0
110	0	0	0	0	0	0	0	0	0	0	0	0	0	0	0	0	0	0	0	0
111	0	0	0	0	0	0	0	0	0	0	0	0	0	0	0	0	0	0	0	0
112	0	0	0	0	0	0	0	0	0	0	0	0	0	0	0	0	0	0	0	0
113	0	0	0	0	0	0	0	0	0	0	0	0	0	0	0	0	0	0	0	0
114	0	0	0	0	0	0	0	0	0	0	0	0	0	0	0	0	0	0	0	0
115	0	0	0	0	0	0	0	0	0	0	0	0	0	0	0	0	0	0	0	0
116	0	0	0	0	0	0	0	0	0	0	0	0	0	0	0	0	0	0	0	0
117	0	0	0	0	0	0	0	0	0	0	0	0	0	0	0	0	0	0	0	0
118	0	0	0	0	0	0	0	0	0	0	0	0	0	0	0	0	0	0	0	0
119	0	0	0	0	0	0	0	0	0	0	0	0	0	0	0	0	0	0	0	0
120	0	0	0	0	0	0	0	0	0	0	0	0	0	0	0	0	0	0	0	0
avg	70.2667	113.733	86.5333	123.733	84.4	80.1333	128	100.667	116.533	112.4	119.867	119.467	110.667	131.333	116.8	130.933	96.6667	79.3333	103.733	92
delay	204.474	229.884	227.609	265.471	268.902	259.088	263.886	248.208	196.077	285.459	156.101	243.188	245.669	274.973	204.094	172.52	221.448	254.378	254.576	182.213
loss	0.822798	0.74315	0.776746	0.726496	0.805351	0.791681	0.711885	0.734902	0.727471	0.735654	0.734886	0.698215	0.713596	0.703045	0.762666	0.693412	0.779903	0.810268	0.752308	0.78123
Command ['/home/ubuntu/ns-3.30-obss/build/scratch/simple-ofdma-adhoc', '--ofdmaEnabled=false', '--rtscts=1', '--startTime=60', '--totalTime=120', '--dataMode=HeMcs6', '--datarate=8e5', '--clNum=20', '--ratio=0.375', '--RngRun=122'] terminated with signal SIGSEGV. Run it under a debugger to get more information (./waf --run <program> --command-template="gdb --args %s <args>").
