Waf: Entering directory `/home/ubuntu/ns-3.30-obss/build'
Waf: Leaving directory `/home/ubuntu/ns-3.30-obss/build'
Build commands will be stored in build/compile_commands.json
'build' finished successfully (0.376s)
--------------------------Rate[Kbps]--------------------------
Time[s]	cl-1	cl-2	cl-3	cl-4	cl-5	cl-6	cl-7	cl-8	cl-9	cl-10	cl-11	cl-12	cl-13	cl-14	cl-15	cl-16	cl-17	cl-18	cl-19	cl-20
60	14.4	17.4	15.2	13.6	12	13.8	14.2	13.8	11.6	15.2	13	14.8	14.2	16	16.2	13.4	12.4	14.6	16	16.2
61	8	0	0	0	0	400	304	0	224	32	440	0	24	256	552	0	0	0	0	328
62	664	0	16	0	176	64	40	344	248	264	544	40	488	200	0	112	136	0	0	280
63	512	392	296	344	168	136	192	264	344	200	280	336	88	16	168	112	272	72	320	56
64	72	120	328	536	0	80	0	240	240	320	216	432	392	432	216	168	168	160	328	384
65	584	200	160	184	336	24	232	200	112	0	104	232	368	136	168	496	336	272	192	448
66	264	40	0	24	8	136	144	144	208	216	200	280	256	168	200	104	208	16	272	216
67	120	408	264	152	280	112	152	200	152	176	240	40	152	264	128	120	296	200	256	240
68	408	288	392	496	288	192	240	264	8	0	232	96	80	176	424	232	400	72	8	424
69	248	240	88	296	392	16	104	88	152	232	440	408	208	272	288	192	464	376	248	32
70	256	272	208	152	136	64	320	0	408	424	48	128	144	200	248	144	288	240	368	48
71	96	0	264	392	192	88	120	64	280	152	232	152	216	296	248	72	104	192	120	184
72	224	184	128	480	0	0	376	296	200	224	24	384	8	464	8	104	160	248	120	480
73	0	216	584	576	336	240	160	0	0	232	120	264	24	144	16	416	224	88	320	296
74	368	488	416	520	224	320	8	96	120	272	0	16	424	360	152	0	240	376	224	168
75	88	408	320	608	312	48	208	32	352	120	416	88	120	320	568	360	264	136	64	280
76	168	488	304	128	184	80	360	208	384	64	264	160	16	48	160	384	384	136	336	312
77	368	256	0	152	0	248	168	296	304	0	216	280	248	392	304	200	328	0	304	88
78	360	0	184	464	320	376	184	40	400	88	0	312	0	168	280	384	72	432	264	0
79	72	392	440	336	432	328	216	0	304	80	192	48	168	112	232	88	304	312	168	376
80	296	520	8	152	152	96	392	40	288	352	376	224	216	344	120	80	0	128	392	248
81	200	232	128	336	40	32	448	208	0	488	96	344	176	136	192	0	248	152	296	368
82	256	312	120	432	72	272	120	248	40	208	0	0	224	216	200	224	288	312	320	176
83	272	0	256	336	184	168	104	200	168	184	192	136	0	216	320	128	144	240	160	120
84	232	256	56	440	216	192	104	192	168	328	192	288	104	304	72	40	176	40	336	264
85	0	448	176	384	296	80	272	48	272	288	192	0	192	376	56	0	368	304	440	56
86	304	304	424	120	96	0	72	96	264	192	312	184	240	256	304	320	232	256	224	192
87	312	176	312	128	56	328	0	0	280	40	472	0	24	288	328	416	488	40	176	408
88	264	24	104	48	400	176	144	88	328	240	80	72	48	312	416	136	160	360	136	104
89	408	360	360	304	312	136	24	24	240	312	360	304	240	56	200	176	144	240	208	0
90	96	304	344	240	8	96	96	360	280	128	312	120	208	344	280	120	168	88	296	216
91	248	368	376	344	264	32	0	232	272	184	208	232	264	184	224	104	264	160	368	320
92	408	560	168	216	320	96	240	56	0	72	232	416	0	0	344	296	232	208	312	120
93	104	288	232	0	240	216	208	248	128	88	104	288	144	200	256	368	216	328	96	72
94	496	656	0	344	152	24	80	144	56	400	288	0	624	472	368	208	312	0	208	264
95	144	208	376	112	288	104	32	0	280	456	472	184	128	240	0	40	56	240	480	440
96	456	56	488	560	336	216	56	96	280	16	192	304	296	264	272	264	424	24	400	0
97	368	416	224	320	376	208	56	160	352	96	304	48	208	0	360	232	280	368	376	232
98	416	328	144	432	280	256	280	296	232	0	320	104	144	24	296	144	240	232	16	0
99	312	16	104	296	136	72	216	264	80	440	176	344	288	16	192	56	0	320	320	112
100	288	208	200	352	64	160	216	176	208	184	352	64	256	128	152	144	200	296	176	144
101	176	536	408	64	232	208	224	0	224	392	360	408	8	0	200	176	352	288	32	80
102	368	136	424	552	72	336	200	40	24	120	128	120	80	336	32	416	360	360	448	336
103	344	120	0	312	344	280	136	376	176	288	80	0	0	72	296	256	112	120	344	120
104	288	632	136	8	232	0	0	376	432	272	472	184	384	512	152	0	0	320	0	320
105	392	600	416	448	0	168	144	104	32	368	280	24	472	296	304	256	176	312	400	40
106	312	152	360	144	144	232	272	48	296	120	264	264	32	232	88	312	48	360	272	192
107	264	360	72	224	128	216	208	80	128	256	0	288	280	120	336	80	216	136	288	208
108	368	360	112	128	376	240	40	112	416	128	96	240	216	112	112	128	192	88	200	296
109	344	112	56	144	224	64	136	152	336	0	360	416	552	56	216	448	0	72	144	112
110	168	424	112	0	48	216	224	56	112	352	312	272	208	272	320	232	104	120	200	128
111	184	176	96	48	296	160	224	96	176	280	160	24	152	344	96	0	392	320	336	272
112	528	8	56	32	120	208	416	24	360	160	0	48	288	80	304	144	184	160	312	312
113	408	368	496	472	48	0	256	104	64	224	216	208	136	224	336	160	168	88	360	344
114	200	256	248	320	184	176	32	224	160	96	232	184	192	224	248	136	104	296	216	208
115	0	400	280	360	216	96	0	184	224	16	208	120	312	408	472	408	144	296	0	232
116	344	80	8	64	192	208	384	112	368	328	360	280	136	168	136	328	168	128	88	72
117	0	96	320	200	192	216	264	136	264	128	144	128	168	152	176	296	224	64	344	272
118	384	376	536	608	400	240	8	184	272	272	0	0	192	416	232	320	184	32	528	128
119	248	0	456	176	440	344	232	272	192	0	288	88	32	160	192	272	0	0	360	160
120	432	352	640	192	120	128	312	176	80	424	504	0	208	0	0	272	360	496	0	208
avg	275.2	266.267	237.067	270.533	201.333	160.8	173.333	146.8	216.533	200.267	231.733	177.467	191.6	216.4	226	197.067	212.933	195.333	242	208.933
delay	598.18	627.933	617.389	614.063	584.034	605.73	600.723	617.847	587.766	598.893	583.166	630.657	602.557	585.764	575.595	611.021	607.309	603.015	590.636	608.964
loss	0.514847	0.518536	0.51765	0.52451	0.594195	0.72314	0.688175	0.717475	0.663071	0.65503	0.614039	0.657753	0.642397	0.651418	0.655207	0.608638	0.641535	0.667421	0.659283	0.63216
Command ['/home/ubuntu/ns-3.30-obss/build/scratch/simple-ofdma-adhoc', '--ofdmaEnabled=true', '--startTime=60', '--totalTime=120', '--dataMode=HeMcs3', '--datarate=12e5', '--clNum=20', '--ratio=0.375', '--RngRun=116'] terminated with signal SIGSEGV. Run it under a debugger to get more information (./waf --run <program> --command-template="gdb --args %s <args>").
