Waf: Entering directory `/home/ubuntu/ns-3.30-obss/build'
Waf: Leaving directory `/home/ubuntu/ns-3.30-obss/build'
Build commands will be stored in build/compile_commands.json
'build' finished successfully (0.721s)
--------------------------Rate[Kbps]--------------------------
Time[s]	cl-1	cl-2	cl-3	cl-4	cl-5	cl-6	cl-7	cl-8	cl-9	cl-10	cl-11	cl-12	cl-13	cl-14	cl-15	cl-16	cl-17	cl-18	cl-19	cl-20
60	14	12.2	14.2	13.6	14.4	15	14.4	13.4	13.8	17.4	15.6	14.8	15.8	14.2	15.4	16.8	13.8	0	14.8	12
61	0	0	0	0	0	96	256	232	248	504	312	0	0	128	312	0	0	68	136	360
62	0	0	0	0	0	328	560	80	120	480	504	32	72	0	368	16	104	488	176	536
63	0	0	0	0	0	424	192	472	488	472	560	304	8	80	256	280	352	16	384	0
64	0	0	0	0	0	280	424	456	248	80	304	232	32	392	176	528	552	208	120	272
65	0	0	0	0	0	56	368	464	160	336	328	432	400	352	248	584	488	376	520	88
66	0	0	0	0	0	496	416	256	288	336	0	368	352	224	112	272	480	560	456	280
67	0	0	0	0	0	296	376	336	192	552	400	256	24	536	96	584	32	32	560	440
68	0	0	0	0	0	112	176	232	0	432	400	136	552	400	0	504	384	176	592	528
69	0	0	0	0	0	392	16	312	136	80	16	288	480	400	272	272	296	144	232	80
70	0	0	0	0	0	168	568	488	328	392	144	64	0	320	208	528	280	248	552	112
71	0	0	0	0	0	88	232	408	224	288	600	56	144	8	600	528	200	104	376	0
72	0	0	0	0	0	0	0	0	32	400	392	304	56	24	368	192	40	104	8	256
73	0	0	0	0	0	704	216	168	104	328	280	216	176	96	392	200	456	464	288	448
74	0	0	0	0	0	0	248	408	40	0	296	248	128	336	424	368	512	296	416	216
75	0	0	0	8	0	392	600	192	144	352	576	584	56	536	328	344	600	200	176	152
76	0	0	8	0	0	304	456	0	536	376	400	456	216	248	568	368	480	376	424	424
77	8	0	0	0	0	384	432	40	416	0	456	424	496	0	320	560	440	112	24	0
78	0	0	0	0	8	128	600	456	512	512	64	560	160	336	384	288	296	472	0	328
79	0	8	0	0	0	232	120	232	144	328	288	0	248	192	168	0	320	216	168	192
80	0	0	0	0	0	16	512	352	120	0	136	160	600	168	128	552	424	584	576	0
81	0	0	0	0	0	128	152	216	560	312	0	536	528	296	512	144	16	168	160	256
82	0	0	0	0	0	480	96	400	56	136	448	120	296	456	0	248	304	72	0	0
83	0	0	0	0	0	456	448	488	488	312	208	424	232	568	360	560	16	368	264	536
84	0	0	0	0	0	344	584	280	464	552	536	0	0	496	248	272	272	64	0	232
85	0	0	0	0	0	0	472	216	112	136	552	168	360	472	104	240	480	480	520	256
86	0	0	0	8	0	296	456	24	600	432	472	576	0	432	48	48	208	584	432	96
87	0	0	0	0	0	272	0	608	96	400	136	232	528	0	216	544	240	568	576	392
88	0	0	0	0	0	384	464	528	64	376	0	88	64	272	592	392	544	0	16	600
89	0	0	0	0	0	96	296	496	552	128	368	584	72	0	152	0	352	264	168	360
90	0	0	0	0	0	544	0	440	520	344	496	216	440	136	176	432	0	96	440	144
91	8	0	0	0	0	360	264	544	352	600	0	600	0	320	0	72	312	392	600	152
92	0	0	8	0	0	584	264	216	312	192	216	248	184	368	416	272	80	344	344	392
93	0	8	0	0	0	424	120	232	360	112	232	0	600	456	24	408	408	296	0	552
94	0	0	0	0	8	384	240	600	88	512	352	552	256	96	592	432	512	568	368	88
95	0	0	0	0	0	40	288	280	576	0	0	536	376	64	88	48	152	232	600	0
96	0	0	0	0	0	104	128	520	384	112	256	0	576	120	0	552	384	560	152	416
97	0	0	0	0	0	32	544	224	0	328	40	584	208	104	496	520	0	560	96	352
98	0	0	0	0	0	368	0	400	544	360	144	512	544	136	0	104	160	600	584	0
99	0	0	0	0	0	336	256	264	528	288	168	192	0	352	304	288	560	32	32	80
100	0	0	0	0	0	512	504	480	96	40	280	152	336	376	480	208	528	400	216	448
101	0	0	0	0	0	288	0	152	168	32	0	192	320	168	16	256	288	88	0	256
102	0	0	0	0	0	320	224	528	296	152	96	544	256	104	72	616	440	672	24	288
103	0	0	0	8	0	0	496	304	128	40	504	0	448	400	232	280	424	16	200	32
104	0	0	8	0	0	304	24	520	600	16	520	176	360	592	16	320	536	0	552	584
105	0	0	0	0	0	416	448	368	152	584	264	312	392	184	56	88	576	512	248	416
106	0	0	0	0	0	8	416	240	368	392	0	520	136	56	576	200	120	272	224	496
107	8	0	0	0	0	584	96	560	56	400	424	520	184	168	384	56	368	0	288	560
108	0	0	0	0	0	160	80	224	208	32	552	32	0	80	160	520	48	288	400	328
109	0	0	0	0	0	216	304	208	256	88	376	176	400	240	0	184	392	576	136	528
110	0	0	0	0	0	552	496	0	152	352	384	488	488	448	80	104	408	264	208	80
111	0	8	0	0	0	0	320	16	232	248	480	56	72	336	144	176	120	0	592	16
112	0	0	0	0	0	248	8	568	8	0	584	560	360	304	504	288	312	464	472	184
113	0	0	0	0	0	0	160	248	248	416	592	0	368	168	600	568	376	584	376	240
114	0	0	0	0	0	472	304	312	152	224	104	312	368	600	328	224	56	64	0	0
115	0	0	0	0	8	208	112	536	144	0	280	328	0	64	312	376	240	96	312	272
116	0	0	0	0	0	8	0	568	400	280	0	408	264	416	384	216	424	504	312	392
117	0	0	0	0	0	32	56	216	0	0	552	536	144	112	600	104	288	88	576	200
118	0	0	8	8	0	96	0	0	0	0	240	152	0	0	296	288	0	0	88	48
119	8	0	0	0	0	288	432	280	360	608	136	120	520	336	456	360	496	744	528	600
120	0	0	0	0	0	288	272	312	328	392	160	360	264	376	408	0	216	224	512	480
(1,26244)	(2,3450)	(3,0)	(4,678)	
(1,6252)	(2,360)	(3,0)	(4,28)	
(1,7913)	(2,534)	(3,0)	(4,26)	
(1,7782)	(2,435)	(3,0)	(4,48)	
(1,8134)	(2,567)	(3,0)	(4,59)	
(1,1)	(2,0)	(3,0)	(4,0)	
(1,1)	(2,0)	(3,0)	(4,0)	
(1,1)	(2,0)	(3,0)	(4,0)	
(1,1)	(2,0)	(3,0)	(4,0)	
(1,1)	(2,0)	(3,0)	(4,0)	
(1,1)	(2,0)	(3,0)	(4,0)	
(1,1)	(2,0)	(3,0)	(4,0)	
(1,1)	(2,0)	(3,0)	(4,0)	
(1,1)	(2,0)	(3,0)	(4,0)	
(1,1)	(2,0)	(3,0)	(4,0)	
(1,1)	(2,0)	(3,0)	(4,0)	
(1,1)	(2,0)	(3,0)	(4,0)	
(1,1)	(2,0)	(3,0)	(4,0)	
(1,1)	(2,0)	(3,0)	(4,0)	
(1,1)	(2,0)	(3,0)	(4,0)	
(1,1)	(2,0)	(3,0)	(4,0)	
avg	0.533333	0.4	0.533333	0.533333	0.4	258.8	276.533	320	258.133	269.6	293.467	287.2	252.4	257.467	269.333	299.6	306.533	288	296.667	267.733
delay	114	101.667	57.75	0.75	1.66667	29.8583	10.1876	11.4721	17.4659	17.0099	10.8096	17.85	46.3529	10.8441	17.7668	13.7561	15.716	21.6234	16.8063	22.8561
loss	0	0	0	0	0	0.0818354	0.0636569	0.0632319	0.0620155	0.0586319	0.069738	0.0711514	0.0734214	0.0589669	0.0498589	0.0772074	0.0833333	0.0755119	0.0615774	0.0651769
Command ['/home/ubuntu/ns-3.30-obss/build/scratch/simple-ofdma-adhoc4', '--ofdmaEnabled=true', '--startTime=60', '--totalTime=120', '--dataMode=HeMcs5', '--datarate=6e5', '--clNum=20', '--ratio=0.375', '--RngRun=23'] terminated with signal SIGSEGV. Run it under a debugger to get more information (./waf --run <program> --command-template="gdb --args %s <args>").
