Waf: Entering directory `/home/ubuntu/ns-3.30-obss/build'
Waf: Leaving directory `/home/ubuntu/ns-3.30-obss/build'
Build commands will be stored in build/compile_commands.json
'build' finished successfully (0.740s)
--------------------------Rate[Kbps]--------------------------
Time[s]	cl-1	cl-2	cl-3	cl-4	cl-5	cl-6	cl-7	cl-8	cl-9	cl-10	cl-11	cl-12	cl-13	cl-14	cl-15	cl-16	cl-17	cl-18	cl-19	cl-20
60	16.8	17.2	13.6	15.2	14.2	12	15.2	11.4	17.6	16.6	12.6	9.8	15.8	13.4	15.6	17.2	13.6	13.2	14.8	16
61	0	0	0	0	0	0	32	0	56	0	184	0	64	32	288	64	264	48	72	8
62	0	0	0	0	0	160	120	168	88	168	160	0	208	0	64	0	120	176	32	216
63	0	0	0	0	0	240	8	240	0	168	248	120	0	184	168	232	48	240	240	0
64	0	0	0	0	0	72	112	216	144	168	8	72	136	96	128	280	64	296	208	240
65	0	0	0	0	0	56	64	216	0	40	200	192	256	88	256	96	248	232	168	184
66	0	0	0	0	0	120	0	136	16	24	80	280	120	112	56	144	80	56	88	72
67	0	0	0	0	0	0	0	0	256	0	168	128	152	0	192	168	0	0	0	0
68	0	0	0	0	0	0	0	0	0	136	32	16	264	32	280	80	0	0	0	0
69	0	0	0	0	0	0	0	0	200	0	0	192	0	8	112	128	0	0	0	0
70	0	0	0	0	0	0	0	0	128	104	0	0	0	0	0	0	0	0	0	0
71	0	0	0	0	0	0	0	0	0	112	0	224	0	0	0	0	0	0	0	0
72	0	0	0	0	0	0	0	0	32	200	80	24	0	0	0	0	0	0	0	0
73	0	0	0	0	0	0	0	0	96	216	240	200	0	0	0	0	0	0	0	0
74	0	0	0	0	0	0	0	0	48	0	0	232	0	0	0	0	0	0	0	0
75	0	0	0	0	0	0	0	0	264	96	0	64	0	0	0	0	0	0	0	0
76	0	8	0	0	0	0	0	0	8	0	40	96	0	0	0	0	0	0	0	0
77	0	0	0	0	0	0	0	0	80	0	0	88	0	0	0	0	0	0	0	0
78	0	0	0	0	0	0	0	0	0	0	0	0	0	0	0	0	0	0	0	0
79	0	0	0	0	0	0	0	0	0	0	0	0	0	0	0	0	0	0	0	0
80	0	0	0	0	0	0	0	0	0	0	0	0	0	0	0	0	0	0	0	0
81	0	0	0	0	0	0	0	0	0	0	0	0	0	0	0	0	0	0	0	0
82	0	0	0	0	0	0	0	0	0	0	0	0	0	0	0	0	0	0	0	0
83	0	0	0	0	0	0	0	0	0	0	0	0	0	0	0	0	0	0	0	0
84	0	0	0	0	0	0	0	0	0	0	0	0	0	0	0	0	0	0	0	0
85	0	0	0	0	0	0	0	0	0	0	0	0	0	0	0	0	0	0	0	0
86	0	0	0	0	0	0	0	0	0	0	0	0	0	0	0	0	0	0	0	0
87	0	0	0	0	0	0	0	0	0	0	0	0	0	0	0	0	0	0	0	0
88	0	0	0	0	0	0	0	0	0	0	0	0	0	0	0	0	0	0	0	0
89	0	0	0	0	0	0	0	0	0	0	0	0	0	0	0	0	0	0	0	0
90	0	0	0	0	0	0	0	0	0	0	0	0	0	0	0	0	0	0	0	0
91	0	0	0	0	0	0	0	0	0	0	0	0	0	0	0	0	0	0	0	0
92	0	0	0	0	0	0	0	0	0	0	0	0	0	0	0	0	0	0	0	0
93	0	0	0	0	0	0	0	0	0	0	0	0	0	0	0	0	0	0	0	0
94	0	0	0	0	0	0	0	0	0	0	0	0	0	0	0	0	0	0	0	0
95	0	0	0	0	0	0	0	0	0	0	0	0	0	0	0	0	0	0	0	0
96	0	0	0	0	0	0	0	0	0	0	0	0	0	0	0	0	0	0	0	0
97	0	0	0	0	0	0	0	0	0	0	0	0	0	0	0	0	0	0	0	0
98	0	0	0	0	0	0	0	0	0	0	0	0	0	0	0	0	0	0	0	0
99	0	0	0	0	0	0	0	0	0	0	0	0	0	0	0	0	0	0	0	0
100	0	0	0	0	0	0	0	0	0	0	0	0	0	0	0	0	0	0	0	0
101	0	0	0	0	0	0	0	0	0	0	0	0	0	0	0	0	0	0	0	0
102	0	0	0	0	0	0	0	0	0	0	0	0	0	0	0	0	0	0	0	0
103	0	0	0	0	0	0	0	0	0	0	0	0	0	0	0	0	0	0	0	0
104	0	0	0	0	0	0	0	0	0	0	0	0	0	0	0	0	0	0	0	0
105	0	0	0	0	0	0	0	0	0	0	0	0	0	0	0	0	0	0	0	0
106	0	0	0	0	0	0	0	0	0	0	0	0	0	0	0	0	0	0	0	0
107	0	0	0	0	0	0	0	0	0	0	0	0	0	0	0	0	0	0	0	0
108	0	0	0	0	0	0	0	0	0	0	0	0	0	0	0	0	0	0	0	0
109	0	0	0	0	0	0	0	0	0	0	0	0	0	0	0	0	0	0	0	0
110	0	0	0	0	0	0	0	0	0	0	0	0	0	0	0	0	0	0	0	0
111	0	0	0	0	0	0	0	0	0	0	0	0	0	0	0	0	0	0	0	0
112	0	0	0	0	0	0	0	0	0	0	0	0	0	0	0	0	0	0	0	0
113	0	0	0	0	0	0	0	0	0	0	0	0	0	0	0	0	0	0	0	0
114	0	0	0	0	0	0	0	0	0	0	0	0	0	0	0	0	0	0	0	0
115	0	0	0	0	0	0	0	0	0	0	0	0	0	0	0	0	0	0	0	0
116	0	0	0	0	0	0	0	0	0	0	0	0	0	0	0	0	0	0	0	0
117	0	0	0	0	0	0	0	0	0	0	0	0	0	0	0	0	0	0	0	0
118	0	0	0	0	0	0	0	0	0	0	0	0	0	0	0	0	0	0	0	0
119	0	0	0	0	0	0	0	0	0	0	0	0	0	0	0	0	0	0	0	0
120	0	0	0	0	0	0	0	0	0	0	0	0	0	0	0	0	0	0	0	0
avg	0	0.133333	0	0	0	10.8	5.6	16.2667	23.6	23.8667	24	32.1333	20	9.2	25.7333	19.8667	13.7333	17.4667	13.4667	12
delay	0	486	0	0	0	295.037	206.19	300.287	433.898	393.391	322.472	456.05	332.88	352.754	319.72	372.322	183	263.107	300.614	262.711
loss	0	0.666667	0	0	0	0.907323	0.948843	0.850673	0.809061	0.790398	0.82659	0.754582	0.832962	0.924176	0.810784	0.831448	0.884658	0.87119	0.882147	0.897727
Command ['/home/ubuntu/ns-3.30-obss/build/scratch/simple-ofdma-adhoc3', '--ofdmaEnabled=false', '--rtscts=1', '--startTime=60', '--totalTime=120', '--dataMode=HeMcs0', '--datarate=3e5', '--clNum=20', '--ratio=0.375', '--RngRun=72'] terminated with signal SIGSEGV. Run it under a debugger to get more information (./waf --run <program> --command-template="gdb --args %s <args>").
