Waf: Entering directory `/home/synrg/Documents/Jiaming/ns-3.30-obss/build'
Waf: Leaving directory `/home/synrg/Documents/Jiaming/ns-3.30-obss/build'
Build commands will be stored in build/compile_commands.json
'build' finished successfully (0.436s)
--------------------------Rate[Kbps]--------------------------
Time[s]	cl-1	cl-2	cl-3	cl-4	cl-5	cl-6	cl-7	cl-8	cl-9	cl-10	cl-11	cl-12	cl-13	cl-14	cl-15	cl-16	cl-17	cl-18	cl-19	cl-20
60	14.6	15.4	13.8	18	16.2	14.4	13.8	13.6	17.2	14.6	14.8	17.4	15.4	12.6	14.2	15.6	14.2	14	12.8	15.4
61	432	432	432	432	432	432	432	432	432	424	424	424	424	424	424	424	424	424	424	424
62	432	432	432	432	432	432	432	432	432	440	440	440	440	440	440	440	440	424	424	424
63	448	448	448	448	448	432	432	432	432	432	432	432	432	432	432	432	432	448	448	448
64	432	432	432	432	432	448	448	448	440	432	432	432	432	432	432	432	432	432	432	432
65	440	440	440	440	440	432	424	424	432	440	440	440	440	440	440	440	440	440	440	440
66	432	432	432	432	432	440	448	432	448	432	432	432	432	432	432	432	432	432	432	432
67	432	432	432	432	432	432	432	448	432	448	448	448	432	432	432	432	432	432	432	432
68	440	440	440	440	440	440	424	424	424	424	424	424	440	440	440	440	440	440	440	440
69	432	432	432	432	432	432	448	448	448	448	448	440	440	432	432	432	432	432	432	432
70	432	432	432	432	432	432	432	432	432	432	432	440	440	448	448	448	448	432	432	432
71	440	440	440	440	440	440	440	448	448	448	448	440	424	424	424	424	424	440	440	440
72	432	432	432	432	432	432	432	424	424	424	424	432	448	448	448	448	448	440	432	432
73	448	448	448	448	432	432	432	432	432	432	432	432	432	432	432	432	432	440	448	448
74	432	432	432	432	448	440	424	432	448	448	440	432	432	432	432	432	432	432	432	432
75	440	440	440	440	440	448	448	440	424	424	432	440	440	440	440	440	440	440	440	440
76	432	432	432	432	432	432	440	432	432	432	432	432	432	432	432	432	432	432	432	432
77	432	432	432	432	432	432	440	448	448	448	448	448	448	448	432	432	432	432	432	432
78	440	440	440	440	440	440	440	432	432	424	424	424	424	424	440	440	440	440	440	440
79	432	432	432	432	432	432	432	440	440	448	448	448	448	448	440	432	432	432	432	432
80	448	448	448	440	432	432	432	432	432	432	432	432	432	432	440	448	448	448	448	448
81	424	424	424	432	440	440	440	440	448	448	448	448	448	448	424	424	424	424	424	424
82	448	448	448	432	432	432	432	432	424	424	424	424	424	424	448	448	448	448	448	448
83	432	432	432	448	448	448	440	432	432	432	432	432	432	432	432	432	432	432	432	432
84	432	432	432	432	432	432	440	448	448	448	440	424	432	432	432	432	432	432	432	432
85	440	440	440	440	432	424	424	424	424	424	432	448	440	440	440	440	440	440	440	440
86	432	432	432	432	440	448	440	432	432	432	432	432	432	432	432	432	432	432	432	432
87	432	432	432	432	432	432	440	448	448	440	432	432	432	432	432	432	432	432	432	432
88	440	440	440	440	440	424	424	424	424	432	440	440	440	440	440	440	440	440	440	440
89	432	432	432	432	432	448	448	432	440	432	432	432	432	432	432	432	432	432	432	432
90	432	432	432	432	432	432	432	448	440	448	448	448	448	448	432	432	432	432	432	432
91	440	440	440	440	440	440	432	424	432	424	424	424	424	424	440	440	440	440	440	440
92	432	432	432	432	432	432	440	448	440	448	448	448	448	448	448	432	432	432	432	432
93	440	432	432	432	432	432	432	432	432	432	432	432	432	432	432	448	448	448	448	448
94	432	440	440	440	440	440	440	440	448	448	448	448	440	424	424	424	424	424	424	424
95	448	448	440	432	432	432	432	432	424	424	424	424	432	448	448	448	448	448	448	448
96	432	432	440	448	448	440	432	432	432	432	432	432	432	432	432	432	432	432	432	432
97	432	432	432	432	432	440	448	448	448	448	440	432	432	432	432	432	432	432	432	432
98	440	440	440	440	440	440	440	424	432	424	432	440	440	440	440	440	440	440	440	440
99	432	432	432	432	432	432	432	448	440	448	448	448	440	432	432	432	432	432	432	432
100	432	432	432	432	432	432	432	432	432	432	432	432	440	448	448	448	448	448	432	432
101	440	440	440	440	440	440	440	440	448	448	424	424	424	424	424	424	424	424	440	440
102	432	432	432	432	432	432	432	432	424	424	448	448	448	448	448	440	432	432	432	432
103	432	432	432	432	432	432	432	432	432	432	432	432	432	432	432	440	448	432	432	432
104	440	440	440	440	440	440	440	440	448	448	448	440	424	424	424	424	424	440	440	440
105	432	432	432	432	432	432	432	432	424	424	424	432	448	448	448	448	448	448	432	432
106	448	448	448	448	448	432	432	432	432	432	432	432	432	432	432	432	432	432	448	448
107	424	424	424	424	424	440	440	440	448	448	448	448	448	448	440	424	424	424	424	424
108	448	448	448	448	448	432	432	432	424	424	424	424	424	424	432	448	448	448	448	448
109	432	432	432	432	432	448	448	448	448	448	440	432	432	432	432	432	432	432	432	432
110	432	432	432	432	432	432	432	432	432	432	440	448	448	432	432	432	432	432	432	432
111	440	440	440	440	440	440	440	432	424	424	424	424	424	440	440	440	440	440	440	440
112	432	432	432	432	432	432	432	440	448	448	448	440	432	432	432	432	432	432	432	432
113	432	432	432	432	432	432	432	432	432	432	432	440	448	448	448	440	440	432	432	432
114	440	440	440	440	440	440	440	440	448	432	424	424	424	424	424	432	432	440	440	440
115	432	432	432	432	432	432	432	432	424	440	448	448	448	448	440	432	432	432	432	432
116	448	440	432	432	432	432	432	432	432	432	432	432	432	432	440	448	448	448	448	440
117	424	432	440	440	440	440	440	440	448	448	448	448	448	424	424	424	424	424	424	432
118	448	448	448	448	432	432	432	432	424	424	424	424	424	448	448	448	448	448	448	448
119	432	432	432	432	448	448	432	432	432	432	432	432	432	432	432	432	432	432	432	432
120	424	424	424	424	424	424	440	440	448	448	448	448	448	448	448	448	424	424	424	424
avg	435.733	435.733	435.733	435.733	435.733	435.733	435.733	435.733	435.867	435.867	435.867	435.867	435.867	435.867	435.867	435.867	435.467	435.467	435.467	435.467
delay	502.115	501.806	501.973	500.769	502.073	504.324	506.322	508.898	506.66	507.29	506.991	508.053	508.119	507.943	507.433	506.704	505.99	505.807	505.869	505.673
loss	0.268483	0.268647	0.268647	0.268483	0.268647	0.268543	0.26893	0.268767	0.26893	0.26893	0.26893	0.26893	0.26893	0.268767	0.26893	0.269093	0.269093	0.269093	0.268767	0.26893
Command ['/home/synrg/Documents/Jiaming/ns-3.30-obss/build/scratch/simple-ofdma-adhoc', '--ofdmaEnabled=false', '--rtscts=1', '--startTime=60', '--totalTime=120', '--dataMode=HeMcs6', '--datarate=6e5', '--clNum=20', '--ratio=0.375', '--RngRun=75'] terminated with signal SIGSEGV. Run it under a debugger to get more information (./waf --run <program> --command-template="gdb --args %s <args>").
