Waf: Entering directory `/home/synrg/Documents/Jiaming/ns-3.30/build'
Waf: Leaving directory `/home/synrg/Documents/Jiaming/ns-3.30/build'
Build commands will be stored in build/compile_commands.json
'build' finished successfully (0.490s)
--------------------------Rate[Kbps]--------------------------
Time[s]	cl-1	cl-2	cl-3	cl-4	cl-5	cl-6	cl-7	cl-8	cl-9	cl-10	cl-11	cl-12	cl-13	cl-14	cl-15	cl-16	cl-17	cl-18	cl-19	cl-20
60	14	13.2	15.6	13	12.8	14.4	16	16.2	16	15.2	14.8	16	16	14.4	12.6	14.4	16.2	15.4	16.2	16.6
61	480	504	504	504	464	288	272	288	400	384	320	352	392	400	312	312	408	352	280	328
62	504	512	504	496	440	328	280	296	448	400	272	296	440	440	360	352	464	384	328	344
63	504	464	440	456	464	304	272	288	448	384	344	368	448	424	328	344	464	400	328	344
64	432	488	496	512	440	256	272	240	432	344	256	304	408	344	264	264	336	312	232	288
65	400	544	528	552	464	272	272	184	352	280	280	248	336	256	320	304	232	280	280	312
66	488	528	520	496	392	256	264	216	352	296	352	392	328	344	320	312	376	336	320	272
67	512	544	552	536	384	304	320	240	232	336	312	328	320	304	272	296	360	320	280	248
68	528	560	512	528	408	304	256	248	264	328	376	344	296	304	304	304	368	336	296	304
69	424	536	488	504	360	216	232	240	232	256	224	248	272	272	240	232	296	264	216	304
70	488	544	456	480	360	272	256	192	240	304	280	320	296	304	320	264	352	256	256	280
71	480	512	504	560	272	240	232	208	208	224	232	248	256	240	272	216	272	232	272	296
72	496	536	480	536	336	232	200	152	224	248	200	248	272	264	288	232	320	264	176	304
73	472	496	552	504	336	184	192	176	280	296	224	288	296	280	352	312	336	336	248	320
74	528	528	544	496	368	272	304	224	240	312	288	288	344	256	288	280	256	304	296	360
75	496	512	440	456	400	344	368	328	368	376	344	336	360	368	392	400	344	320	352	408
76	464	512	496	480	368	232	256	216	312	296	256	240	288	208	336	328	328	336	232	376
77	488	488	496	528	296	240	208	200	320	288	312	312	304	264	336	224	240	304	280	344
78	512	496	512	512	360	224	256	224	280	264	296	280	280	296	352	256	256	280	280	368
79	504	544	560	520	416	216	256	168	336	280	296	336	352	304	320	304	256	328	320	352
80	536	560	456	504	296	208	160	152	248	280	216	336	304	304	296	272	232	192	304	272
81	528	544	528	512	408	288	208	144	264	320	312	240	272	256	280	280	288	264	328	240
82	544	488	520	456	312	264	232	176	272	208	208	248	288	296	264	304	248	240	192	248
83	504	504	512	528	304	216	272	208	296	320	328	320	304	288	352	264	248	296	296	280
84	512	496	560	544	296	224	184	192	232	272	280	184	256	264	312	304	248	312	240	288
85	488	544	488	520	360	184	144	200	296	280	336	312	368	280	320	352	384	328	216	360
86	488	472	496	552	352	256	240	208	320	256	336	280	304	264	336	296	304	288	288	312
87	520	496	504	544	352	248	232	280	304	360	368	288	344	360	352	384	384	312	352	336
88	488	520	496	440	400	248	320	208	280	304	296	280	304	328	272	320	344	288	360	360
89	512	528	472	488	344	232	296	192	232	216	232	272	296	320	304	312	336	272	232	288
90	520	544	504	544	320	200	208	256	248	288	256	312	296	240	312	296	312	288	264	296
91	472	544	496	528	432	304	312	352	224	368	304	352	344	304	360	448	432	360	328	352
92	496	504	576	536	424	256	256	232	280	320	304	352	336	256	232	312	288	352	312	336
93	488	528	496	544	384	256	208	232	296	312	328	344	296	216	384	256	344	328	304	280
94	520	512	488	464	352	240	304	224	344	312	280	288	288	288	368	296	376	352	288	328
95	504	552	544	528	368	208	256	192	344	360	304	296	344	312	368	256	304	312	320	368
96	520	560	536	552	400	216	272	248	312	352	328	328	312	304	328	320	352	312	304	328
97	512	544	544	520	288	232	232	152	296	352	280	208	280	208	272	240	280	232	272	272
98	480	408	480	488	360	240	368	240	384	336	376	328	328	184	320	224	296	304	304	304
99	504	448	496	536	352	288	312	288	368	320	360	304	304	264	360	312	264	304	328	304
100	496	488	520	520	336	224	240	232	344	312	328	312	264	216	320	224	296	296	264	352
101	480	384	544	544	408	296	320	184	344	352	376	320	328	264	352	352	296	312	280	368
102	472	432	560	536	368	320	328	256	344	368	392	368	360	360	384	360	368	376	328	384
103	576	496	536	584	280	256	320	272	368	328	392	288	296	272	280	256	264	296	232	304
104	512	432	496	504	320	328	256	304	408	344	344	304	352	312	376	344	264	304	272	352
105	536	392	472	456	352	312	240	272	360	328	392	320	320	296	328	376	296	288	328	384
106	560	392	576	576	360	248	216	264	328	368	360	352	296	280	368	312	320	256	304	320
107	520	480	504	584	416	264	272	264	384	344	384	352	272	248	360	320	256	328	240	344
108	552	416	568	544	336	328	296	312	272	296	360	352	336	304	352	304	280	336	336	360
109	520	400	464	536	352	272	240	264	344	280	280	304	304	280	328	312	320	240	344	392
110	544	440	480	488	392	272	272	280	384	344	368	344	360	280	272	248	328	272	328	328
111	504	400	528	512	344	240	264	192	304	288	344	296	368	264	320	272	256	288	272	344
112	544	440	536	456	352	256	264	288	408	328	408	368	264	312	360	360	256	272	328	344
113	512	488	496	520	400	344	384	320	360	304	416	320	360	296	368	384	392	376	312	408
114	536	432	520	488	352	240	272	248	304	280	384	360	256	304	328	272	352	288	288	392
115	464	464	528	488	360	248	280	200	344	320	400	320	344	288	328	296	312	344	312	344
116	560	496	552	552	400	360	304	336	376	320	432	352	344	304	312	336	312	360	376	368
117	528	424	512	568	304	272	200	208	344	280	328	264	280	288	288	216	208	248	272	328
118	560	496	544	536	368	296	256	232	368	336	400	368	296	312	344	376	344	352	288	400
119	504	376	544	496	320	248	216	232	304	272	232	296	280	208	304	208	248	264	264	328
120	480	480	528	536	400	288	272	272	360	344	376	320	392	328	320	304	312	392	312	352
avg	504.933	489.867	513.067	516.8	365.867	261.733	261.6	235.6	319.333	312.8	319.867	308.8	318.8	290.4	322.667	300.267	313.467	306.133	289.733	330
delay	362.088	362.67	362.367	362.324	361.738	371.102	369.05	369.755	363.572	363.968	368.119	367.278	364	361.802	368.935	368.878	365.969	366.766	367.928	368.573
loss	0.137821	0.147951	0.125142	0.116951	0.347123	0.520117	0.518718	0.564052	0.427718	0.431168	0.429454	0.441905	0.422641	0.469214	0.416506	0.453004	0.428848	0.445303	0.472639	0.409664
Command ['/home/synrg/Documents/Jiaming/ns-3.30/build/scratch/simple-ofdma-adhoc', '--ofdmaEnabled=true', '--startTime=60', '--totalTime=120', '--dataMode=HeMcs6', '--datarate=6e5', '--clNum=20', '--ratio=0.375', '--RngRun=54'] terminated with signal SIGSEGV. Run it under a debugger to get more information (./waf --run <program> --command-template="gdb --args %s <args>").
