Waf: Entering directory `/home/ubuntu/ns-3.30-obss/build'
Waf: Leaving directory `/home/ubuntu/ns-3.30-obss/build'
Build commands will be stored in build/compile_commands.json
'build' finished successfully (0.739s)
--------------------------Rate[Kbps]--------------------------
Time[s]	cl-1	cl-2	cl-3	cl-4	cl-5	cl-6	cl-7	cl-8	cl-9	cl-10	cl-11	cl-12	cl-13	cl-14	cl-15	cl-16	cl-17	cl-18	cl-19	cl-20
60	15.2	16.2	14.8	12.8	16.6	16.8	14.4	15	11.4	14	12.2	17	16.6	11	16	11.8	16.2	15	14.8	15.8
61	0	0	0	0	0	128	0	56	0	384	352	0	208	304	296	152	104	312	232	0
62	0	0	0	0	0	376	224	296	320	280	360	312	64	128	136	456	312	224	440	416
63	0	0	0	0	0	328	0	344	80	0	504	424	200	16	376	272	440	312	344	472
64	0	0	0	0	0	0	312	0	368	40	104	56	176	120	0	200	200	0	0	488
65	0	0	0	0	0	0	88	0	0	0	0	0	256	0	16	256	88	56	120	264
66	0	0	0	0	0	336	416	448	256	792	608	416	208	368	48	320	152	528	240	48
67	0	0	0	0	0	448	312	0	304	384	488	424	200	120	160	272	264	432	320	352
68	0	0	0	0	0	240	0	192	0	456	144	184	416	312	0	24	296	56	56	128
69	0	0	0	0	0	352	368	296	224	136	128	376	0	96	328	96	304	296	456	160
70	0	0	0	0	0	8	336	440	240	496	240	408	336	480	488	24	184	480	88	0
71	0	0	0	0	0	176	88	0	296	288	336	56	176	232	392	296	416	256	408	104
72	0	0	0	0	0	344	448	184	48	224	392	40	72	384	360	64	248	352	368	304
73	0	0	0	0	0	328	480	136	160	224	408	392	40	0	0	424	208	0	0	504
74	8	0	0	0	0	464	424	88	344	120	368	264	272	264	96	264	496	184	128	296
75	0	8	0	0	0	104	264	216	288	0	0	88	504	256	344	360	232	280	464	272
76	0	0	0	0	0	192	360	264	240	184	64	112	240	80	232	160	0	0	0	216
77	0	0	0	0	0	160	288	264	280	432	328	352	296	96	168	88	488	528	88	456
78	0	0	0	0	8	248	424	64	328	152	344	304	448	0	168	392	312	176	24	112
79	0	0	8	8	0	336	320	296	296	56	232	192	232	200	56	0	392	200	312	288
80	0	0	0	0	0	104	504	472	296	240	136	184	192	0	408	88	272	272	48	0
81	0	0	0	0	0	328	152	56	496	384	424	160	144	352	0	312	0	504	280	208
82	0	0	0	0	0	80	144	0	344	432	264	240	144	408	216	504	464	120	0	152
83	0	0	0	0	0	64	248	488	168	176	184	0	272	384	408	112	384	480	40	472
84	0	0	0	0	0	384	296	424	480	496	136	160	80	416	0	200	480	440	296	416
85	0	0	0	0	0	40	416	120	24	88	344	424	184	392	328	232	120	440	344	408
86	0	0	0	0	0	64	128	208	280	264	464	56	0	480	416	56	232	144	392	296
87	0	0	0	0	0	56	248	200	496	200	216	32	392	264	184	0	0	136	392	192
88	0	0	0	0	0	456	0	136	0	416	368	0	112	160	336	408	88	336	496	8
89	0	8	0	0	0	392	24	264	168	504	496	64	440	240	136	248	160	256	296	496
90	0	0	0	0	0	56	424	240	0	8	248	256	112	0	104	96	328	448	0	80
91	0	0	0	0	0	88	312	0	200	144	200	112	0	0	0	0	312	88	0	0
92	8	0	0	0	8	360	152	288	128	184	264	360	360	584	344	440	416	160	480	448
93	0	0	0	0	0	456	448	240	472	344	312	392	96	88	344	456	56	40	352	424
94	0	0	8	0	0	256	504	248	0	0	112	0	208	104	96	288	0	504	16	248
95	0	0	0	8	0	296	0	496	376	64	504	440	88	248	128	504	368	56	480	72
96	0	0	0	0	0	0	288	312	184	256	432	440	0	232	312	96	480	344	400	56
97	0	0	0	0	0	144	48	336	104	40	504	304	104	0	216	40	424	408	88	200
98	0	0	0	0	0	8	64	16	424	288	192	352	0	448	0	112	424	496	200	328
99	0	0	0	0	0	16	152	464	416	88	464	248	472	56	136	344	96	280	0	0
100	0	0	0	0	0	0	496	296	416	312	480	456	344	0	224	464	200	208	328	304
101	0	0	0	0	0	256	184	0	144	48	248	8	120	112	328	8	456	216	424	416
102	0	0	0	0	0	304	256	176	424	216	48	424	448	128	296	488	448	376	280	296
103	0	0	0	0	0	112	48	144	56	168	456	288	200	440	440	200	448	264	0	488
104	0	8	0	0	0	128	144	72	16	312	456	360	440	464	376	272	312	464	400	296
105	0	0	0	0	0	448	368	256	344	56	272	360	72	112	248	472	232	304	352	432
106	0	0	0	0	0	16	448	88	112	184	72	480	368	0	504	72	88	440	168	312
107	0	0	0	0	0	240	96	352	0	88	488	8	200	352	224	168	328	384	464	504
108	0	0	0	0	0	160	128	408	312	16	144	392	64	312	96	304	0	16	96	96
109	0	0	8	0	0	440	136	296	8	472	192	272	408	232	448	344	264	416	384	352
110	0	0	0	0	0	416	0	0	312	88	208	8	376	384	0	40	504	24	432	8
111	0	0	0	0	8	0	112	296	120	376	40	392	408	440	464	192	392	176	496	136
112	8	0	0	8	0	328	256	112	312	456	24	464	192	0	0	0	504	280	232	504
113	0	0	0	0	0	24	0	0	376	80	480	280	24	232	104	104	120	392	488	240
114	0	0	0	0	0	64	272	416	184	96	256	0	72	264	496	224	288	280	416	408
115	0	0	0	0	0	488	504	128	8	328	112	224	416	64	464	440	312	488	208	296
116	0	0	0	0	0	104	144	304	264	0	0	416	0	232	224	336	504	384	0	104
117	0	0	0	0	0	168	40	232	344	176	152	184	8	496	320	440	136	96	216	0
118	0	8	0	0	0	376	400	200	416	192	248	488	256	224	120	480	376	144	40	16
119	0	0	0	0	0	416	136	32	128	456	184	360	216	144	488	288	408	208	448	296
120	0	0	0	0	0	352	336	416	80	456	304	432	0	64	120	264	504	144	208	376
(1,23428)	(2,2543)	(3,0)	(4,433)	
(1,5087)	(2,210)	(3,0)	(4,11)	
(1,6961)	(2,418)	(3,0)	(4,32)	
(1,6428)	(2,326)	(3,0)	(4,37)	
(1,7643)	(2,373)	(3,0)	(4,54)	
(1,1)	(2,0)	(3,0)	(4,0)	
(1,1)	(2,0)	(3,0)	(4,0)	
(1,1)	(2,0)	(3,0)	(4,0)	
(1,1)	(2,0)	(3,0)	(4,0)	
(1,1)	(2,0)	(3,0)	(4,0)	
(1,1)	(2,0)	(3,0)	(4,0)	
(1,1)	(2,0)	(3,0)	(4,0)	
(1,1)	(2,0)	(3,0)	(4,0)	
(1,1)	(2,0)	(3,0)	(4,0)	
(1,1)	(2,0)	(3,0)	(4,0)	
(1,1)	(2,0)	(3,0)	(4,0)	
(1,1)	(2,0)	(3,0)	(4,0)	
(1,1)	(2,0)	(3,0)	(4,0)	
(1,1)	(2,0)	(3,0)	(4,0)	
(1,1)	(2,0)	(3,0)	(4,0)	
(1,1)	(2,0)	(3,0)	(4,0)	
avg	0.4	0.533333	0.4	0.4	0.4	217.6	236.8	213.6	225.067	230.667	275.467	248.667	206.267	216.8	229.333	237.6	284.4	272.133	246.133	254.4
delay	16	1	159.667	179.333	1.33333	13.549	9.0411	9.51685	17.3987	24.8682	11.2991	9.80161	23.3756	14.0455	12.9808	27.1279	16.4248	22.5571	17.5412	22.0634
loss	0	0	0	0	0	0.0695553	0.0436187	0.0713043	0.0430839	0.0530925	0.0518587	0.0698254	0.0612864	0.0573913	0.0337079	0.0566437	0.068559	0.0693114	0.0464876	0.0614855
Command ['/home/ubuntu/ns-3.30-obss/build/scratch/simple-ofdma-adhoc4', '--ofdmaEnabled=true', '--startTime=60', '--totalTime=120', '--dataMode=HeMcs7', '--datarate=5e5', '--clNum=20', '--ratio=0.375', '--RngRun=22'] terminated with signal SIGSEGV. Run it under a debugger to get more information (./waf --run <program> --command-template="gdb --args %s <args>").
