Waf: Entering directory `/home/ubuntu/ns-3.30-obss/build'
Waf: Leaving directory `/home/ubuntu/ns-3.30-obss/build'
Build commands will be stored in build/compile_commands.json
'build' finished successfully (0.813s)
--------------------------Rate[Kbps]--------------------------
Time[s]	cl-1	cl-2	cl-3	cl-4	cl-5	cl-6	cl-7	cl-8	cl-9	cl-10	cl-11	cl-12	cl-13	cl-14
60	14.2	13.2	11.2	11.2	14.2	16.8	12.4	12.4	12.8	15	15.4	13.4	15	15.2
61	0	0	0	0	0	0	0	16	0	88	0	40	0	176
62	0	0	0	0	0	0	32	88	136	96	8	192	64	40
63	0	0	0	0	0	0	144	144	128	200	40	0	48	176
64	0	0	0	0	0	0	0	104	104	56	200	40	160	176
65	0	0	0	0	0	0	136	128	200	120	16	200	40	0
66	0	0	0	0	0	0	184	24	168	144	184	128	8	144
67	0	0	0	0	0	0	80	40	128	168	0	0	184	48
68	0	0	0	0	0	0	176	72	16	0	184	40	192	32
69	0	0	0	0	0	0	184	88	0	152	32	104	200	0
70	0	0	0	0	0	0	56	72	176	136	8	16	88	184
71	0	0	0	0	0	0	200	168	184	136	104	8	160	32
72	0	0	0	0	0	0	168	0	24	112	80	200	168	152
73	0	0	0	0	0	0	104	64	136	184	0	136	96	168
74	0	0	0	0	0	0	0	16	184	160	8	80	128	144
75	0	0	0	0	0	0	72	184	152	120	80	104	168	144
76	0	0	0	0	0	0	152	56	0	16	72	128	136	48
77	0	0	0	0	0	0	152	144	16	104	64	32	0	160
78	0	0	0	0	0	0	96	144	0	56	64	64	144	128
79	0	0	0	0	0	0	0	104	40	56	160	200	96	200
80	0	0	0	0	0	0	96	56	200	32	88	40	152	64
81	0	0	0	0	0	0	96	168	128	72	192	176	64	160
82	0	0	0	0	0	0	136	176	56	88	112	0	96	0
83	0	0	0	0	0	0	40	152	136	16	88	56	0	136
84	0	0	0	0	0	0	40	176	192	32	136	200	80	0
85	0	0	0	0	0	0	136	184	192	192	88	112	136	120
86	0	0	0	0	0	0	8	64	48	48	72	64	0	136
87	0	0	0	0	0	0	88	104	128	64	8	0	48	56
88	0	0	0	0	0	0	184	72	144	136	0	192	48	104
89	0	0	0	0	0	0	40	32	112	160	72	96	128	200
90	0	0	0	0	0	0	88	184	56	176	192	80	64	160
91	0	0	0	0	0	0	0	192	72	136	88	168	16	16
92	0	0	0	0	0	0	144	40	72	88	0	96	0	168
93	0	0	0	0	0	0	192	136	80	80	136	0	40	80
94	0	0	0	0	0	0	96	128	192	144	200	112	0	136
95	0	0	0	0	0	0	136	56	144	48	56	0	136	120
96	0	0	0	0	0	0	152	24	200	128	88	168	32	0
97	0	0	0	0	0	0	168	24	56	168	192	88	192	96
98	0	0	0	0	0	0	96	200	8	136	80	192	136	16
99	0	0	0	0	0	0	56	120	128	24	96	16	104	16
100	0	0	0	0	0	0	16	32	176	136	184	48	184	120
101	0	0	0	0	0	0	0	0	24	104	112	56	72	72
102	0	0	0	0	0	0	160	128	168	56	152	200	144	0
103	0	0	0	0	0	0	152	128	168	0	136	32	0	56
104	0	0	0	0	0	0	8	88	0	136	120	184	72	0
105	0	0	0	0	0	0	144	200	0	96	200	64	80	64
106	0	0	0	0	0	0	120	88	128	200	72	144	128	96
107	0	0	0	0	0	0	152	128	200	56	120	56	0	176
108	0	0	0	0	0	0	112	16	168	56	88	80	144	32
109	0	0	0	0	0	0	56	72	160	64	192	32	200	104
110	0	0	0	0	0	0	96	200	160	32	88	64	40	200
111	0	0	0	0	0	0	72	96	152	192	0	16	192	96
112	0	0	0	0	0	0	120	88	0	80	96	88	0	32
113	0	0	0	0	0	0	168	88	56	56	72	0	184	200
114	0	0	0	0	0	0	32	48	32	56	0	136	56	96
115	0	0	0	0	0	0	144	200	64	88	136	72	8	96
116	0	0	0	0	0	0	0	56	0	112	64	0	168	200
117	0	0	0	0	0	0	184	24	168	144	24	56	176	80
118	0	0	0	0	0	0	24	200	72	184	200	144	0	72
119	0	0	0	0	0	0	8	88	48	192	24	144	96	160
120	0	0	0	0	0	0	152	80	0	0	184	184	0	192
(1,6824)	(2,24)	(3,0)	(4,0)	
(1,3329)	(2,39)	(3,0)	(4,0)	
(1,3246)	(2,20)	(3,0)	(4,0)	
(1,1579)	(2,15)	(3,0)	(4,0)	
(1,1638)	(2,17)	(3,0)	(4,0)	
(1,1513)	(2,3)	(3,0)	(4,0)	
(1,1598)	(2,3)	(3,0)	(4,0)	
(1,1)	(2,0)	(3,0)	(4,0)	
(1,1)	(2,0)	(3,0)	(4,0)	
(1,1)	(2,0)	(3,0)	(4,0)	
(1,1)	(2,0)	(3,0)	(4,0)	
(1,1)	(2,0)	(3,0)	(4,0)	
(1,1)	(2,0)	(3,0)	(4,0)	
(1,1)	(2,0)	(3,0)	(4,0)	
(1,1)	(2,0)	(3,0)	(4,0)	
avg	0	0	0	0	0	0	97.4667	99.8667	101.333	101.867	92.5333	89.4667	91.6	101.333
delay	0.239437	0.242424	1.01786	0.696429	0.704225	0.690476	1.61012	1.58344	1.57763	1.60864	1.56196	1.63785	1.70451	1.56184
loss	0	0	0	0	0	0.0117647	0.00544218	0.0118734	0.015544	0.00779221	0.00715308	0.0175695	0.0185714	0.00393185
Command ['/home/ubuntu/ns-3.30-obss/build/scratch/simple-ofdma-adhoc4', '--ofdmaEnabled=true', '--startTime=60', '--totalTime=120', '--dataMode=HeMcs7', '--datarate=2e5', '--ratio=0.375', '--RngRun=13', '--locationFile=my-simulations/8_ofdma7/txt/locationFile222.txt', '--routingFile=my-simulations/8_ofdma7/txt/routingFile222.txt'] terminated with signal SIGSEGV. Run it under a debugger to get more information (./waf --run <program> --command-template="gdb --args %s <args>").
