Waf: Entering directory `/home/ubuntu/ns-3.30-obss/build'
Waf: Leaving directory `/home/ubuntu/ns-3.30-obss/build'
Build commands will be stored in build/compile_commands.json
'build' finished successfully (0.804s)
--------------------------Rate[Kbps]--------------------------
Time[s]	cl-1	cl-2	cl-3	cl-4	cl-5	cl-6	cl-7	cl-8
60	14.2	15.6	17.6	14	15.8	14	13	14.6
61	0	0	0	224	208	0	0	200
62	0	0	168	0	184	384	232	72
63	0	0	80	192	0	304	168	392
64	0	0	352	104	296	168	8	256
65	0	0	128	256	0	280	400	384
66	0	0	168	296	360	200	232	336
67	0	0	136	216	232	40	0	328
68	0	0	0	120	400	312	232	312
69	0	0	40	64	216	160	0	152
70	0	0	400	0	392	160	176	16
71	0	0	288	192	48	400	120	40
72	0	0	224	0	64	168	328	176
73	0	0	224	312	104	72	56	272
74	0	0	400	104	400	144	304	192
75	0	0	136	272	176	208	296	288
76	0	0	8	200	256	40	280	376
77	0	0	0	0	136	400	400	240
78	0	0	120	248	208	232	232	200
79	0	0	272	296	96	56	376	168
80	0	0	392	384	216	24	0	400
81	0	0	64	312	400	296	32	104
82	0	0	0	192	384	0	352	216
83	0	0	352	368	160	248	312	312
84	0	0	96	320	112	272	224	24
85	0	0	0	320	400	336	56	16
86	0	0	152	64	304	0	184	264
87	0	0	360	0	120	72	232	112
88	0	0	232	232	40	256	136	136
89	0	0	72	320	0	0	0	184
90	0	0	80	200	224	368	280	0
91	0	0	104	400	296	80	64	336
92	0	0	272	168	296	344	88	24
93	0	0	40	360	232	56	112	392
94	0	0	392	176	112	400	280	80
95	0	0	200	24	168	256	104	16
96	0	0	64	0	192	400	128	344
97	0	0	48	232	368	280	72	312
98	0	0	272	0	152	296	168	88
99	0	0	336	168	264	192	400	16
100	0	0	400	184	128	208	240	240
101	0	0	128	96	352	240	64	48
102	0	0	272	120	120	24	128	400
103	0	0	216	40	96	272	48	88
104	0	0	0	88	0	112	40	256
105	0	0	296	8	168	336	184	400
106	0	0	208	400	232	184	344	32
107	0	0	248	304	192	128	160	48
108	0	0	0	184	176	400	232	128
109	0	0	264	232	16	192	8	336
110	0	0	168	400	392	344	208	168
111	0	0	256	160	64	16	16	24
112	0	0	384	256	184	400	704	112
113	0	0	400	400	400	64	208	112
114	0	0	160	24	120	248	48	120
115	0	0	296	96	208	40	272	344
116	0	0	144	232	328	128	336	88
117	0	0	344	168	0	232	72	8
118	0	0	352	232	0	144	192	200
119	0	0	400	0	216	48	168	168
120	0	0	240	232	0	0	152	64
(1,8960)	(2,84)	(3,0)	(4,35)	
(1,4391)	(2,97)	(3,0)	(4,10)	
(1,4287)	(2,31)	(3,0)	(4,26)	
(1,1)	(2,0)	(3,0)	(4,0)	
(1,1)	(2,0)	(3,0)	(4,0)	
(1,1)	(2,0)	(3,0)	(4,0)	
(1,1)	(2,0)	(3,0)	(4,0)	
(1,1)	(2,0)	(3,0)	(4,0)	
(1,1)	(2,0)	(3,0)	(4,0)	
avg	0	0	197.467	186.533	193.467	194.4	181.467	186
delay	0.28169	0.294872	7.15733	6.50036	31.6657	11.8052	32.9324	10.5448
loss	0	0	0.00870147	0.0127029	0.0135962	0.00409836	0.00656934	0.00570207
Command ['/home/ubuntu/ns-3.30-obss/build/scratch/simple-ofdma-adhoc4', '--ofdmaEnabled=true', '--startTime=60', '--totalTime=120', '--dataMode=HeMcs1', '--datarate=4e5', '--ratio=0.375', '--RngRun=13', '--locationFile=my-simulations/8_ofdma7/txt/locationFile23.txt', '--routingFile=my-simulations/8_ofdma7/txt/routingFile23.txt'] terminated with signal SIGSEGV. Run it under a debugger to get more information (./waf --run <program> --command-template="gdb --args %s <args>").
