Waf: Entering directory `/home/ubuntu/ns-3.30-obss/build'
Waf: Leaving directory `/home/ubuntu/ns-3.30-obss/build'
Build commands will be stored in build/compile_commands.json
'build' finished successfully (0.810s)
--------------------------Rate[Kbps]--------------------------
Time[s]	cl-1	cl-2	cl-3	cl-4	cl-5	cl-6	cl-7	cl-8	cl-9	cl-10	cl-11	cl-12	cl-13	cl-14	cl-15	cl-16	cl-17	cl-18	cl-19	cl-20
60	16	17.8	17	17.6	16.2	13.6	14.6	14.8	16.6	16	17.8	14.4	16.6	16.6	13.4	16	15.4	11.2	14.8	15.8
61	0	0	0	0	0	0	0	0	288	40	0	256	512	520	0	216	768	368	792	0
62	0	0	0	0	0	0	0	0	760	104	304	520	0	616	376	104	600	584	176	40
63	0	0	0	0	0	0	0	0	320	184	512	536	208	336	128	208	592	384	144	392
64	0	0	0	0	0	0	0	0	176	456	240	608	240	88	536	392	416	424	200	544
65	0	0	0	0	0	0	0	0	256	864	0	16	832	72	440	72	96	896	40	32
66	0	0	0	0	0	0	0	0	344	464	424	464	392	368	312	360	224	352	96	288
67	0	0	0	0	0	0	0	0	304	296	120	280	480	216	576	392	144	304	264	608
68	0	0	0	0	0	0	0	0	200	16	192	128	616	424	40	248	712	736	240	248
69	0	0	0	0	0	0	0	0	280	448	136	384	392	0	304	224	616	680	320	448
70	0	0	0	0	0	0	0	0	56	184	592	368	328	216	312	744	400	584	336	464
71	0	0	0	0	0	0	0	0	952	280	104	320	0	80	312	80	200	0	704	104
72	0	0	0	0	0	0	0	0	208	336	40	712	320	184	320	88	736	224	440	536
73	0	0	0	0	0	0	0	0	216	624	0	360	360	376	0	32	704	728	464	344
74	0	0	0	0	0	0	0	0	488	24	400	640	600	0	248	496	328	80	200	336
75	0	0	0	0	0	0	0	0	304	504	48	576	584	176	8	128	512	264	400	424
76	0	0	0	0	0	0	0	0	0	656	152	304	608	216	184	120	192	640	216	320
77	0	0	0	0	0	0	0	0	96	456	768	616	800	0	224	120	104	392	0	464
78	0	0	0	0	0	0	0	0	288	200	512	680	696	56	720	304	8	632	360	0
79	0	0	0	0	0	0	0	0	0	344	424	624	0	592	56	456	376	192	336	288
80	0	0	0	0	0	0	0	0	160	64	376	56	16	152	536	216	864	0	704	696
81	0	0	0	0	0	0	0	0	64	88	328	40	392	296	768	800	264	504	104	192
82	0	0	0	0	0	0	0	0	432	0	736	344	272	424	232	192	32	640	328	120
83	0	0	0	0	0	0	0	0	480	192	96	296	176	584	824	400	440	0	264	504
84	0	0	0	0	0	0	0	0	0	216	264	608	0	240	680	0	160	304	192	456
85	0	0	0	0	0	0	0	0	0	0	0	0	0	0	0	0	0	0	0	0
86	0	0	0	0	0	0	0	0	0	0	0	0	0	0	0	0	0	0	0	0
87	0	0	0	0	0	0	0	0	0	0	0	0	0	0	0	0	0	0	0	0
88	0	0	0	0	0	0	0	0	0	0	0	0	0	0	0	0	0	0	0	0
89	0	0	0	0	0	0	0	0	0	0	0	0	0	0	0	0	0	0	0	0
90	0	0	0	0	0	0	0	0	0	0	0	0	0	0	0	0	0	0	0	0
91	0	0	0	0	0	0	0	0	0	0	0	0	0	0	0	0	0	0	0	0
92	0	0	0	0	0	0	0	0	0	0	0	0	0	0	0	0	0	0	0	0
93	0	0	0	0	0	0	0	0	0	0	0	0	0	0	0	0	0	0	0	0
94	0	0	0	0	0	0	0	0	0	0	0	0	0	0	0	0	0	0	0	0
95	0	0	0	0	0	0	0	0	0	0	0	0	0	0	0	0	0	0	0	0
96	0	0	0	0	0	0	0	0	0	0	0	0	0	0	0	0	0	0	0	0
97	0	0	0	0	0	0	0	0	0	0	0	0	0	0	0	0	0	0	0	0
98	0	0	0	0	0	0	0	0	0	0	0	0	0	0	0	0	0	0	0	0
99	0	0	0	0	0	0	0	0	0	0	0	0	0	0	0	0	0	0	0	0
100	0	0	0	0	0	0	0	0	0	0	0	0	0	0	0	0	0	0	0	0
101	0	0	0	0	0	0	0	0	0	0	0	0	0	0	0	0	0	0	0	0
102	0	0	0	0	0	0	0	0	0	0	0	0	0	0	0	0	0	0	0	0
103	0	0	0	0	0	0	0	0	0	0	0	0	0	0	0	0	0	0	0	0
104	0	0	0	0	0	0	0	0	0	0	0	0	0	0	0	0	0	0	0	0
105	0	0	0	0	0	0	0	0	0	0	0	0	0	0	0	0	0	0	0	0
106	0	0	0	0	0	0	0	0	0	0	0	0	0	0	0	0	0	0	0	0
107	0	0	0	0	0	0	0	0	0	0	0	0	0	0	0	0	0	0	0	0
108	0	0	0	0	0	0	0	0	0	0	0	0	0	0	0	0	0	0	0	0
109	0	0	0	0	0	0	0	0	0	0	0	0	0	0	0	0	0	0	0	0
110	0	0	0	0	0	0	0	0	0	0	0	0	0	0	0	0	0	0	0	0
111	0	0	0	0	0	0	0	0	0	0	0	0	0	0	0	0	0	0	0	0
112	0	0	0	0	0	0	0	0	0	0	0	0	0	0	0	0	0	0	0	0
113	0	0	0	0	0	0	0	0	0	0	0	0	0	0	0	0	0	0	0	0
114	0	0	0	0	0	0	0	0	0	0	0	0	0	0	0	0	0	0	0	0
115	0	0	0	0	0	0	0	0	0	0	0	0	0	0	0	0	0	0	0	0
116	0	0	0	0	0	0	0	0	0	0	0	0	0	0	0	0	0	0	0	0
117	0	0	0	0	0	0	0	0	0	0	0	0	0	0	0	0	0	0	0	0
118	0	0	0	0	0	0	0	0	0	0	0	0	0	0	0	0	0	0	0	0
119	0	0	0	0	0	0	0	0	0	0	0	0	0	0	0	0	0	0	0	0
120	0	0	0	0	0	0	0	0	0	0	0	0	0	0	0	0	0	0	0	0
(1,9716)	(2,3447)	(3,0)	(4,599)	
(1,5264)	(2,1217)	(3,0)	(4,107)	
(1,5436)	(2,1352)	(3,0)	(4,73)	
(1,1911)	(2,121)	(3,0)	(4,4)	
(1,2104)	(2,214)	(3,0)	(4,5)	
(1,1950)	(2,154)	(3,0)	(4,31)	
(1,1997)	(2,95)	(3,0)	(4,12)	
(1,2452)	(2,206)	(3,0)	(4,0)	
(1,1869)	(2,210)	(3,0)	(4,16)	
(1,1)	(2,0)	(3,0)	(4,0)	
(1,1)	(2,0)	(3,0)	(4,0)	
(1,1)	(2,0)	(3,0)	(4,0)	
(1,1)	(2,0)	(3,0)	(4,0)	
(1,1)	(2,0)	(3,0)	(4,0)	
(1,1)	(2,0)	(3,0)	(4,0)	
(1,1)	(2,0)	(3,0)	(4,0)	
(1,1)	(2,0)	(3,0)	(4,0)	
(1,1)	(2,0)	(3,0)	(4,0)	
(1,1)	(2,0)	(3,0)	(4,0)	
(1,1)	(2,0)	(3,0)	(4,0)	
(1,1)	(2,0)	(3,0)	(4,0)	
avg	0	0	0	0	0	0	0	0	111.2	117.333	112.8	162.267	147.067	103.867	135.6	106.533	158.133	165.2	122	130.8
delay	0.2375	0.258427	0.811765	0.727273	0.691358	0.676471	0.739726	0.716216	3.94724	3.89091	4.38416	4.10682	6.80054	21.0347	8.76598	3.45682	3.54384	4.14689	4.28087	9.10092
loss	0	0	0	0	0	0	0	0	0.787353	0.797328	0.792647	0.731761	0.744321	0.839877	0.78204	0.797977	0.716132	0.726369	0.794981	0.763842
Command ['/home/ubuntu/ns-3.30-obss/build/scratch/simple-ofdma-adhoc4', '--ofdmaEnabled=true', '--startTime=60', '--totalTime=120', '--dataMode=HeMcs7', '--datarate=10e5', '--ratio=0.375', '--RngRun=13', '--locationFile=my-simulations/8_ofdma7/txt/locationFile232.txt', '--routingFile=my-simulations/8_ofdma7/txt/routingFile232.txt'] terminated with signal SIGSEGV. Run it under a debugger to get more information (./waf --run <program> --command-template="gdb --args %s <args>").
