Waf: Entering directory `/home/ubuntu/ns-3.30-obss/build'
Waf: Leaving directory `/home/ubuntu/ns-3.30-obss/build'
Build commands will be stored in build/compile_commands.json
'build' finished successfully (0.716s)
--------------------------Rate[Kbps]--------------------------
Time[s]	cl-1	cl-2	cl-3	cl-4	cl-5	cl-6	cl-7	cl-8	cl-9	cl-10	cl-11	cl-12	cl-13	cl-14	cl-15	cl-16	cl-17	cl-18	cl-19	cl-20
60	12.4	13.2	14.2	16.8	15.2	14.6	15.4	10.4	15.4	15.4	16.6	14.8	15.4	13.8	14.6	16.2	15.2	15	14.6	15.4
61	0	0	0	0	0	440	136	560	248	0	0	720	400	120	8	0	344	56	352	320
62	0	0	0	0	224	504	744	728	48	328	592	464	128	0	216	152	368	360	144	64
63	0	0	0	0	160	200	392	40	600	496	24	104	640	696	696	208	632	744	0	272
64	0	0	0	0	792	0	0	472	472	0	80	440	0	80	528	104	184	160	352	760
65	0	0	0	0	448	200	400	744	464	496	424	208	488	192	136	648	264	136	296	376
66	0	0	0	0	136	448	288	80	144	104	288	232	88	520	472	496	352	448	560	352
67	0	0	0	0	632	240	288	336	304	624	672	280	624	144	432	584	608	480	520	408
68	0	0	0	0	456	112	0	640	72	784	448	712	200	16	576	0	128	368	616	592
69	0	0	0	0	0	392	152	272	512	128	176	368	112	392	608	344	776	304	536	496
70	0	0	0	0	184	576	360	624	712	104	368	16	576	672	640	520	464	168	744	576
71	0	0	0	0	352	592	32	136	296	776	96	344	488	168	672	0	0	440	704	208
72	0	0	0	0	0	72	568	328	0	496	216	56	0	512	544	216	520	648	760	32
73	0	0	0	0	704	688	568	616	392	256	696	576	648	296	368	576	328	64	216	80
74	0	0	0	0	688	408	0	688	792	688	312	184	552	0	120	136	584	104	32	0
75	0	0	0	0	728	128	24	216	600	160	144	152	136	744	448	488	0	16	280	32
76	0	0	0	0	688	424	584	152	712	120	744	0	136	288	0	584	128	128	400	472
77	0	0	0	0	464	296	344	168	256	416	648	64	536	360	440	496	704	232	168	336
78	0	0	0	0	40	680	600	288	720	304	232	72	704	144	392	136	328	0	256	600
79	0	0	0	0	80	240	736	776	200	0	224	152	592	96	176	144	752	744	784	0
80	0	0	0	0	80	696	512	744	360	232	0	24	312	792	64	656	704	552	560	48
81	0	0	0	0	536	440	240	664	680	448	536	144	264	712	528	544	216	120	600	424
82	0	0	0	0	776	424	208	248	32	776	56	448	240	288	280	704	448	632	240	384
83	0	0	0	0	688	96	96	224	208	480	712	720	152	208	208	304	600	472	16	792
84	0	0	0	0	176	648	224	320	56	344	568	752	0	520	680	192	504	408	0	376
85	0	0	0	0	352	736	168	120	80	176	128	568	184	544	120	88	448	472	376	768
86	0	0	0	0	704	472	0	488	424	712	720	376	720	512	720	576	248	64	408	312
87	0	0	0	0	720	752	24	0	0	376	232	456	232	152	480	184	632	504	520	624
88	0	0	0	0	160	576	360	144	256	792	608	512	152	136	560	216	496	96	768	600
89	0	0	0	0	8	480	296	576	480	56	192	256	696	632	168	656	328	104	296	192
90	0	0	0	0	0	288	648	464	800	528	0	0	448	184	744	632	0	648	0	384
91	0	0	0	0	680	264	160	440	456	752	344	672	216	24	384	0	344	680	528	440
92	0	0	0	0	776	176	336	464	232	112	544	656	0	776	0	192	408	704	464	392
93	0	0	0	0	184	440	0	568	400	696	264	0	512	672	440	152	296	136	448	144
94	0	0	0	0	664	784	656	40	72	72	560	496	704	304	72	528	208	312	208	552
95	0	0	0	0	0	0	720	304	344	0	264	352	728	248	0	0	440	296	168	744
96	0	0	0	0	264	320	728	472	800	672	752	0	616	208	248	648	320	208	136	192
97	0	0	0	0	656	192	520	328	296	80	352	144	544	136	312	504	432	400	480	680
98	0	0	0	0	0	72	0	104	0	696	0	0	320	336	176	360	632	176	40	488
99	0	0	0	0	144	288	680	416	576	32	352	48	496	344	0	608	152	272	632	688
100	0	0	0	0	32	648	48	0	512	56	56	576	552	712	488	368	200	216	432	368
101	0	0	0	0	648	64	192	616	0	296	192	576	344	368	744	800	0	600	120	296
102	0	0	0	0	576	400	296	16	600	424	560	528	144	560	400	200	240	664	0	752
103	0	0	0	0	184	240	104	784	0	16	0	456	472	200	584	704	0	576	608	464
104	0	0	0	0	608	624	408	704	112	736	640	616	352	128	88	384	160	504	0	784
105	0	0	0	0	296	200	624	552	784	632	456	0	528	112	328	216	720	0	464	304
106	0	0	0	0	392	504	512	464	512	48	0	592	8	432	280	720	280	352	752	0
107	0	0	0	0	688	96	696	0	0	632	624	568	152	544	392	328	448	592	552	320
108	0	0	0	0	272	184	320	656	312	216	304	376	512	472	528	184	80	744	568	56
109	0	0	0	0	0	0	0	616	648	760	0	336	0	128	408	224	456	184	664	280
110	0	0	0	0	488	184	128	64	536	56	448	704	408	352	0	440	720	720	472	792
111	0	0	0	0	720	176	248	352	552	80	616	448	328	472	184	184	544	256	616	200
112	0	0	0	0	384	512	168	688	0	240	448	408	704	0	232	584	528	240	512	360
113	0	0	0	0	0	264	664	200	536	272	624	336	160	416	632	536	136	208	0	768
114	0	0	0	0	736	48	192	360	552	648	312	240	0	336	80	616	0	0	552	192
115	0	0	0	0	728	480	504	272	712	392	504	0	376	0	144	656	512	440	152	0
116	0	0	0	0	400	768	328	336	0	200	576	160	384	640	696	24	512	360	144	136
117	0	0	0	0	312	120	336	192	80	632	560	72	384	664	400	128	528	408	624	152
118	0	0	0	0	232	312	480	432	416	384	360	288	144	296	320	136	360	256	176	512
119	0	0	0	0	704	712	0	464	672	328	384	648	720	360	264	608	224	136	520	688
120	0	0	0	0	336	112	288	0	520	344	784	376	328	112	472	360	432	328	448	344
(1,29648)	(2,8504)	(3,0)	(4,713)	
(1,9905)	(2,952)	(3,0)	(4,23)	
(1,9943)	(2,887)	(3,0)	(4,16)	
(1,9857)	(2,892)	(3,0)	(4,10)	
(1,9755)	(2,1164)	(3,0)	(4,11)	
(1,1)	(2,0)	(3,0)	(4,0)	
(1,1)	(2,0)	(3,0)	(4,0)	
(1,1)	(2,0)	(3,0)	(4,0)	
(1,1)	(2,0)	(3,0)	(4,0)	
(1,1)	(2,0)	(3,0)	(4,0)	
(1,1)	(2,0)	(3,0)	(4,0)	
(1,1)	(2,0)	(3,0)	(4,0)	
(1,1)	(2,0)	(3,0)	(4,0)	
(1,1)	(2,0)	(3,0)	(4,0)	
(1,1)	(2,0)	(3,0)	(4,0)	
(1,1)	(2,0)	(3,0)	(4,0)	
(1,1)	(2,0)	(3,0)	(4,0)	
(1,1)	(2,0)	(3,0)	(4,0)	
(1,1)	(2,0)	(3,0)	(4,0)	
(1,1)	(2,0)	(3,0)	(4,0)	
(1,1)	(2,0)	(3,0)	(4,0)	
avg	0	0	0	0	384.667	357.2	322.133	379.333	369.2	361.733	366.933	334.533	359.733	341.2	355.333	366.267	373.333	344	383.067	382.8
delay	0.274194	0.257576	0.295775	0.345238	5.47452	4.58455	10.5269	12.1473	7.77248	8.30409	5.31214	5.74213	4.7613	4.12544	12.9674	2.31878	6.35286	3.96977	5.15628	7.43817
loss	0	0	0	0	0.0876028	0.0768436	0.0834598	0.0846203	0.0600815	0.0840648	0.0724638	0.0902828	0.0801227	0.0714804	0.069808	0.0876494	0.0722333	0.0742734	0.0747182	0.0780347
Command ['/home/ubuntu/ns-3.30-obss/build/scratch/simple-ofdma-adhoc4', '--ofdmaEnabled=true', '--startTime=60', '--totalTime=120', '--dataMode=HeMcs7', '--datarate=8e5', '--ratio=0.375', '--RngRun=33', '--locationFile=my-simulations/8_ofdma7/txt/locationFile44.txt', '--routingFile=my-simulations/8_ofdma7/txt/routingFile44.txt'] terminated with signal SIGSEGV. Run it under a debugger to get more information (./waf --run <program> --command-template="gdb --args %s <args>").
