Waf: Entering directory `/home/ubuntu/ns-3.30-obss/build'
Waf: Leaving directory `/home/ubuntu/ns-3.30-obss/build'
Build commands will be stored in build/compile_commands.json
'build' finished successfully (0.718s)
--------------------------Rate[Kbps]--------------------------
Time[s]	cl-1	cl-2	cl-3	cl-4	cl-5	cl-6	cl-7	cl-8	cl-9	cl-10	cl-11	cl-12	cl-13	cl-14	cl-15	cl-16
60	15.6	16.2	10.6	16.2	17.6	16	15.8	15.4	16	13	15.2	16.8	12.4	16.4	14.6	15.6
61	0	0	0	0	224	232	0	0	128	736	536	488	688	312	208	136
62	0	0	0	0	248	264	696	360	440	184	648	152	0	768	0	536
63	0	0	0	0	0	0	400	168	304	136	0	48	184	128	168	408
64	0	0	0	0	688	32	672	832	264	888	304	872	504	744	480	336
65	0	0	0	0	168	624	424	176	576	312	416	456	272	336	240	432
66	0	0	0	0	96	576	0	480	240	344	560	712	792	616	312	456
67	0	0	0	0	488	0	384	0	304	32	320	288	168	0	600	688
68	0	0	0	0	752	200	736	120	0	696	656	376	16	72	704	224
69	0	0	0	0	400	392	440	320	600	688	552	704	408	96	56	736
70	0	0	0	0	416	672	736	616	392	664	568	16	192	0	272	168
71	0	0	0	0	32	400	0	104	616	768	800	176	416	680	40	312
72	0	0	0	0	648	72	120	320	248	8	568	0	800	784	152	296
73	0	0	0	0	512	776	592	536	488	232	696	520	656	96	0	424
74	0	0	0	0	32	80	552	328	544	328	560	40	72	464	496	656
75	0	0	0	0	168	0	440	200	680	800	344	184	160	784	176	256
76	0	0	0	0	784	472	720	0	360	456	0	480	512	488	0	736
77	0	0	0	0	616	344	288	208	0	232	672	0	336	544	272	480
78	0	0	0	0	776	800	0	40	128	56	472	624	384	552	0	184
79	0	0	0	0	544	752	400	0	144	72	416	560	688	88	144	152
80	0	0	0	0	104	416	432	456	480	352	488	64	0	200	336	336
81	0	0	0	0	0	344	192	776	424	0	704	256	296	416	424	464
82	0	0	0	0	536	200	296	592	64	288	744	776	512	48	264	704
83	0	0	0	0	760	64	640	760	488	240	544	64	448	400	264	128
84	0	0	0	0	624	656	224	512	320	56	0	304	752	568	232	56
85	0	0	0	0	96	688	640	40	408	792	136	368	352	376	280	744
86	0	0	0	0	568	360	176	104	616	528	416	272	56	0	600	648
87	0	0	0	0	568	96	256	0	344	448	0	584	0	176	472	448
88	0	0	0	0	728	800	768	176	32	0	256	576	456	800	392	248
89	0	0	0	0	304	368	120	288	280	112	408	312	304	288	296	0
90	0	0	0	0	376	72	712	656	0	72	0	776	680	520	0	248
91	0	0	0	0	608	424	264	528	304	56	696	632	352	776	600	504
92	0	0	0	0	0	0	496	368	576	656	360	608	624	128	0	800
93	0	0	0	0	32	152	384	128	128	0	104	376	392	0	0	392
94	0	0	0	0	488	496	200	288	376	144	592	144	120	120	880	664
95	0	0	0	0	0	264	280	72	304	360	456	176	88	984	400	576
96	0	0	0	0	128	392	48	280	224	536	312	0	400	360	40	456
97	0	0	0	0	632	704	248	232	24	56	40	672	0	440	504	336
98	0	0	0	0	680	48	712	480	408	584	192	0	528	792	736	560
99	0	0	0	0	88	104	296	552	744	440	720	264	680	224	256	0
100	0	0	0	0	760	152	632	64	184	120	752	328	384	184	784	152
101	0	0	0	0	288	496	672	8	48	64	616	0	552	584	160	296
102	0	0	0	0	792	784	456	664	272	504	144	192	512	192	144	584
103	0	0	0	0	736	688	368	472	400	672	0	296	568	0	216	200
104	0	0	0	0	224	384	0	512	208	272	160	80	280	728	640	752
105	0	0	0	0	32	536	312	648	80	544	0	216	328	152	0	504
106	0	0	0	0	184	760	768	88	536	0	224	472	280	280	432	376
107	0	0	0	0	200	432	296	696	584	592	632	576	0	560	408	392
108	0	0	0	0	352	136	24	0	160	448	752	264	224	504	88	776
109	0	0	0	0	368	672	352	376	152	144	768	752	288	8	760	648
110	0	0	0	0	0	328	672	704	760	0	0	232	408	64	528	80
111	0	0	0	0	216	680	0	0	600	632	152	488	464	128	568	136
112	0	0	0	0	576	528	232	304	632	328	520	440	328	648	152	576
113	0	0	0	0	408	120	592	96	640	552	536	368	568	72	96	464
114	0	0	0	0	248	80	344	568	568	120	304	312	360	352	64	0
115	0	0	0	0	88	552	0	0	616	80	40	368	456	0	552	320
116	0	0	0	0	440	512	456	536	88	0	256	720	584	160	720	704
117	0	0	0	0	736	296	760	584	536	352	696	184	416	640	0	448
118	0	0	0	0	656	8	568	632	488	264	560	320	376	472	512	560
119	0	0	0	0	768	520	792	56	40	0	504	472	456	112	488	200
120	0	0	0	0	704	480	48	448	528	216	664	752	0	24	32	432
(1,27230)	(2,3593)	(3,0)	(4,551)	
(1,8523)	(2,416)	(3,0)	(4,7)	
(1,6860)	(2,502)	(3,0)	(4,67)	
(1,7888)	(2,609)	(3,0)	(4,24)	
(1,7928)	(2,292)	(3,0)	(4,42)	
(1,1)	(2,0)	(3,0)	(4,0)	
(1,1)	(2,0)	(3,0)	(4,0)	
(1,1)	(2,0)	(3,0)	(4,0)	
(1,1)	(2,0)	(3,0)	(4,0)	
(1,1)	(2,0)	(3,0)	(4,0)	
(1,1)	(2,0)	(3,0)	(4,0)	
(1,1)	(2,0)	(3,0)	(4,0)	
(1,2)	(2,0)	(3,0)	(4,0)	
(1,1)	(2,0)	(3,0)	(4,0)	
(1,1)	(2,0)	(3,0)	(4,0)	
(1,1)	(2,0)	(3,0)	(4,0)	
(1,1)	(2,0)	(3,0)	(4,0)	
avg	0	0	0	0	394.8	374.667	388.8	325.867	352	320.933	408.933	362.533	368.667	350.533	310.667	408.8
delay	0.25641	0.320988	0.245283	0.246914	12.0848	8.72171	8.84877	28.6984	29.4235	15.0794	14.4245	18.0684	10.7284	35.1958	22.2897	8.03686
loss	0	0	0	0	0.0752655	0.0532345	0.0647851	0.0717812	0.0634977	0.0663305	0.0620795	0.0675583	0.0579216	0.0643899	0.0724522	0.0542875
Command ['/home/ubuntu/ns-3.30-obss/build/scratch/simple-ofdma-adhoc4', '--ofdmaEnabled=true', '--startTime=60', '--totalTime=120', '--dataMode=HeMcs5', '--datarate=8e5', '--ratio=0.375', '--RngRun=33', '--locationFile=my-simulations/8_ofdma7/txt/locationFile43.txt', '--routingFile=my-simulations/8_ofdma7/txt/routingFile43.txt'] terminated with signal SIGSEGV. Run it under a debugger to get more information (./waf --run <program> --command-template="gdb --args %s <args>").
