Waf: Entering directory `/home/ubuntu/ns-3.30-obss/build'
Waf: Leaving directory `/home/ubuntu/ns-3.30-obss/build'
Build commands will be stored in build/compile_commands.json
'build' finished successfully (0.840s)
--------------------------Rate[Kbps]--------------------------
Time[s]	cl-1	cl-2	cl-3	cl-4	cl-5	cl-6	cl-7	cl-8	cl-9	cl-10	cl-11	cl-12
60	14.4	13.4	15.4	14.8	13	12.6	13.4	16.8	17.4	16	16.8	14.2
61	0	0	128	576	504	0	480	488	728	224	8	456
62	0	0	376	0	280	128	376	0	8	0	368	464
63	0	0	584	600	832	800	672	344	608	920	600	0
64	0	0	544	0	264	520	768	0	136	232	400	392
65	0	0	712	456	720	448	520	408	656	104	536	336
66	0	0	472	0	664	0	160	88	40	288	208	416
67	0	0	560	152	680	1088	320	456	0	72	224	376
68	0	0	560	192	504	64	208	16	312	24	512	664
69	0	0	192	280	648	504	800	192	400	328	320	376
70	0	0	80	784	768	0	648	776	632	272	128	416
71	0	0	120	168	496	248	456	576	376	0	560	488
72	0	0	168	600	0	0	592	320	800	240	432	440
73	0	0	312	616	304	440	288	520	280	0	776	168
74	0	0	0	0	0	744	704	752	320	16	200	456
75	0	0	112	448	432	216	336	384	584	0	560	648
76	0	0	360	336	536	0	240	416	384	224	432	152
77	0	0	680	720	440	328	624	440	0	512	584	16
78	0	0	528	704	696	0	472	376	752	0	752	496
79	0	0	56	688	664	336	800	688	744	664	160	744
80	0	0	432	16	488	352	520	488	480	40	536	640
81	0	0	576	584	192	520	208	248	744	0	712	552
82	0	0	0	776	784	0	536	464	680	480	88	744
83	0	0	72	280	728	328	304	8	576	584	624	312
84	0	0	128	240	112	392	120	272	0	272	528	752
85	0	0	240	128	0	64	784	768	344	736	456	584
86	0	0	0	336	536	152	496	56	144	328	328	200
87	0	0	544	576	632	648	496	432	448	472	744	288
88	0	0	184	408	744	248	464	216	400	672	128	776
89	0	0	8	0	0	256	592	680	656	216	16	336
90	0	0	88	384	248	512	0	680	0	0	0	792
91	0	0	224	0	192	0	328	736	168	112	536	248
92	0	0	248	168	456	208	360	112	360	104	304	288
93	0	0	216	416	184	352	744	432	120	1056	136	712
94	0	0	8	0	40	8	24	264	800	48	328	704
95	0	0	40	248	528	424	368	88	8	176	88	232
96	0	0	72	0	288	368	792	152	176	408	632	776
97	0	0	0	384	752	0	424	464	728	472	552	440
98	0	0	176	672	448	320	24	328	600	760	552	392
99	0	0	88	104	576	272	648	512	160	240	0	248
100	0	0	96	472	568	664	440	592	520	584	360	240
101	0	0	200	696	640	600	96	376	376	584	800	336
102	0	0	568	448	536	416	192	528	392	528	480	0
103	0	0	72	352	400	800	496	512	488	32	504	496
104	0	0	0	32	712	48	136	0	488	192	200	448
105	0	0	520	104	96	344	344	72	544	72	856	480
106	0	0	136	80	136	232	56	0	408	624	320	416
107	0	0	496	744	240	80	776	208	216	416	184	480
108	0	0	456	352	504	160	400	152	744	256	728	400
109	0	0	624	160	408	160	48	0	440	800	136	272
110	0	0	320	0	32	0	328	144	312	144	368	672
111	0	0	0	160	624	784	456	368	608	136	296	528
112	0	0	528	336	392	216	592	408	432	776	680	760
113	0	0	744	760	0	96	800	0	800	648	176	576
114	0	0	352	48	360	352	560	672	512	480	616	672
115	0	0	504	64	520	160	496	648	504	208	216	0
116	0	0	360	520	168	352	352	712	704	376	584	328
117	0	0	488	248	800	736	264	288	48	320	136	208
118	0	0	496	760	272	0	496	696	752	224	800	16
119	0	0	384	400	240	56	344	168	240	256	272	0
120	0	0	712	728	440	448	192	576	632	1024	576	664
(1,23282)	(2,2313)	(3,0)	(4,751)	
(1,11318)	(2,905)	(3,0)	(4,310)	
(1,12263)	(2,1207)	(3,0)	(4,246)	
(1,1)	(2,0)	(3,0)	(4,0)	
(1,1)	(2,0)	(3,0)	(4,0)	
(1,1)	(2,0)	(3,0)	(4,0)	
(1,1)	(2,0)	(3,0)	(4,0)	
(1,1)	(2,0)	(3,0)	(4,0)	
(1,1)	(2,0)	(3,0)	(4,0)	
(1,1)	(2,0)	(3,0)	(4,0)	
(1,1)	(2,0)	(3,0)	(4,0)	
(1,1)	(2,0)	(3,0)	(4,0)	
(1,1)	(2,0)	(3,0)	(4,0)	
avg	0	0	299.067	341.733	424.133	299.867	426	362.667	425.2	332.933	405.6	425.2
delay	0.25	0.238806	40.683	16.6271	31.6136	66.5411	28.7901	21.1279	27.8828	37.9584	36.4421	19.6943
loss	0	0	0.0658059	0.0559647	0.0481747	0.0597826	0.06	0.0496157	0.0469077	0.0502092	0.0654378	0.0466368
Command ['/home/ubuntu/ns-3.30-obss/build/scratch/simple-ofdma-adhoc4', '--ofdmaEnabled=true', '--startTime=60', '--totalTime=120', '--dataMode=HeMcs5', '--datarate=8e5', '--ratio=0.375', '--RngRun=33', '--locationFile=my-simulations/8_ofdma7/txt/locationFile25.txt', '--routingFile=my-simulations/8_ofdma7/txt/routingFile25.txt'] terminated with signal SIGSEGV. Run it under a debugger to get more information (./waf --run <program> --command-template="gdb --args %s <args>").
