Waf: Entering directory `/home/ubuntu/ns-3.30-obss/build'
Waf: Leaving directory `/home/ubuntu/ns-3.30-obss/build'
Build commands will be stored in build/compile_commands.json
'build' finished successfully (0.694s)
--------------------------Rate[Kbps]--------------------------
Time[s]	cl-1	cl-2	cl-3	cl-4	cl-5	cl-6	cl-7	cl-8	cl-9	cl-10	cl-11	cl-12	cl-13	cl-14	cl-15	cl-16
60	15.6	16.2	10.6	16.2	17.6	16	15.8	15.4	16	13	15.2	16.8	12.4	16.4	14.6	15.6
61	0	0	0	0	56	56	0	0	32	184	144	128	176	80	48	32
62	0	0	0	0	72	72	184	88	112	48	168	48	0	200	0	144
63	0	0	0	0	64	0	160	160	176	160	0	112	40	96	144	112
64	0	0	0	0	200	8	200	176	0	200	80	200	152	200	72	88
65	0	0	0	0	56	160	112	40	152	96	112	112	72	88	64	120
66	0	0	0	0	24	176	0	128	64	96	152	200	200	184	80	152
67	0	0	0	0	128	0	96	0	80	8	80	80	40	0	144	176
68	0	0	0	0	192	56	176	40	0	184	168	112	8	8	200	56
69	0	0	0	0	120	120	112	88	152	192	144	200	104	32	16	184
70	0	0	0	0	120	176	192	152	104	168	152	0	48	0	72	48
71	0	0	0	0	8	104	0	24	160	192	200	56	104	176	16	72
72	0	0	0	0	168	24	32	88	56	0	160	0	200	200	32	88
73	0	0	0	0	136	200	152	136	128	64	176	136	168	24	0	112
74	0	0	0	0	8	16	144	88	144	88	144	16	24	120	128	160
75	0	0	0	0	40	0	112	48	168	200	88	48	40	200	40	64
76	0	0	0	0	200	136	184	0	88	112	0	120	128	128	0	200
77	0	0	0	0	168	88	72	64	0	56	168	0	88	136	80	120
78	0	0	0	0	192	200	0	8	32	24	120	152	96	144	0	48
79	0	0	0	0	136	184	104	0	40	16	104	144	176	24	32	40
80	0	0	0	0	32	104	112	112	120	88	120	16	0	48	88	88
81	0	0	0	0	0	88	48	200	112	0	176	64	72	104	104	112
82	0	0	0	0	128	40	80	144	16	72	184	200	152	8	80	192
83	0	0	0	0	200	16	168	200	128	64	136	16	120	104	72	40
84	0	0	0	0	160	168	64	128	88	16	0	88	200	168	64	16
85	0	0	0	0	40	176	176	16	104	192	40	96	96	96	72	200
86	0	0	0	0	144	88	48	24	160	136	104	72	16	0	168	168
87	0	0	0	0	144	24	64	0	88	112	0	144	0	40	120	112
88	0	0	0	0	200	200	200	48	8	0	88	168	136	200	112	72
89	0	0	0	0	136	160	40	112	144	48	168	112	120	152	128	0
90	0	0	0	0	104	16	184	168	0	16	0	200	184	136	0	56
91	0	0	0	0	160	120	80	136	88	16	192	160	104	200	168	136
92	0	0	0	0	0	0	144	120	176	168	88	152	168	32	0	200
93	0	0	0	0	112	80	184	112	144	48	128	160	160	56	80	112
94	0	0	0	0	96	120	0	32	0	0	120	0	0	48	200	176
95	0	0	0	0	0	64	72	16	80	96	120	40	24	200	96	152
96	0	0	0	0	32	104	16	72	64	136	80	0	104	96	16	120
97	0	0	0	0	152	176	64	72	0	8	8	176	0	112	128	80
98	0	0	0	0	192	8	200	136	128	192	56	0	152	200	184	176
99	0	0	0	0	32	24	96	152	200	136	192	72	176	56	64	0
100	0	0	0	0	200	48	168	16	48	32	200	88	96	48	200	40
101	0	0	0	0	72	136	176	8	16	16	168	0	144	144	40	80
102	0	0	0	0	200	200	120	168	72	128	48	56	136	56	40	144
103	0	0	0	0	184	168	88	120	96	168	0	72	136	0	56	56
104	0	0	0	0	56	96	0	128	64	72	40	24	72	184	168	184
105	0	0	0	0	16	144	88	168	16	144	0	56	88	40	0	144
106	0	0	0	0	48	200	200	16	152	0	72	120	72	80	128	104
107	0	0	0	0	56	136	72	176	160	144	184	128	0	168	120	120
108	0	0	0	0	88	32	8	0	40	120	192	72	56	120	24	192
109	0	0	0	0	104	168	88	96	24	48	200	200	72	8	184	176
110	0	0	0	0	0	88	192	192	192	0	0	56	120	16	136	24
111	0	0	0	0	56	176	0	0	160	160	40	128	120	32	152	40
112	0	0	0	0	152	152	56	88	200	64	144	120	104	184	40	144
113	0	0	0	0	120	32	160	24	160	144	160	88	152	24	32	136
114	0	0	0	0	72	16	96	152	144	24	72	80	96	88	16	0
115	0	0	0	0	24	136	0	0	160	24	16	96	120	0	144	80
116	0	0	0	0	112	136	120	136	24	0	64	184	152	40	176	176
117	0	0	0	0	192	72	192	152	136	96	184	48	120	160	0	120
118	0	0	0	0	176	0	152	176	152	72	168	96	112	128	152	168
119	0	0	0	0	200	144	200	16	8	0	136	136	120	24	120	64
120	0	0	0	0	176	120	16	112	128	48	160	192	0	8	8	112
(1,10013)	(2,25)	(3,0)	(4,0)	
(1,2579)	(2,5)	(3,0)	(4,0)	
(1,2198)	(2,26)	(3,0)	(4,0)	
(1,2502)	(2,15)	(3,0)	(4,0)	
(1,2379)	(2,8)	(3,0)	(4,0)	
(1,1)	(2,0)	(3,0)	(4,0)	
(1,1)	(2,0)	(3,0)	(4,0)	
(1,1)	(2,0)	(3,0)	(4,0)	
(1,1)	(2,0)	(3,0)	(4,0)	
(1,1)	(2,0)	(3,0)	(4,0)	
(1,1)	(2,0)	(3,0)	(4,0)	
(1,1)	(2,0)	(3,0)	(4,0)	
(1,2)	(2,0)	(3,0)	(4,0)	
(1,1)	(2,0)	(3,0)	(4,0)	
(1,1)	(2,0)	(3,0)	(4,0)	
(1,1)	(2,0)	(3,0)	(4,0)	
(1,1)	(2,0)	(3,0)	(4,0)	
avg	0	0	0	0	107.6	99.2	104.4	87.8667	94.8	85.6	110.133	97.3333	98.9333	94.1333	84.1333	108.8
delay	0.25641	0.320988	0.245283	0.246914	0.986369	1.03226	0.993614	1.07284	1.00563	0.984424	0.993947	0.986301	0.978437	0.950425	1.02536	0.988971
loss	0	0	0	0	0.00247219	0.00401606	0.00254777	0.00753012	0.00559441	0.00310559	0.00241546	0.00815217	0.00402685	0.00141443	0.00315956	0.00487805
Command ['/home/ubuntu/ns-3.30-obss/build/scratch/simple-ofdma-adhoc4', '--ofdmaEnabled=true', '--startTime=60', '--totalTime=120', '--dataMode=HeMcs7', '--datarate=2e5', '--ratio=0.375', '--RngRun=33', '--locationFile=my-simulations/8_ofdma7/txt/locationFile43.txt', '--routingFile=my-simulations/8_ofdma7/txt/routingFile43.txt'] terminated with signal SIGSEGV. Run it under a debugger to get more information (./waf --run <program> --command-template="gdb --args %s <args>").
