Waf: Entering directory `/home/ubuntu/ns-3.30-obss/build'
Waf: Leaving directory `/home/ubuntu/ns-3.30-obss/build'
Build commands will be stored in build/compile_commands.json
'build' finished successfully (0.736s)
--------------------------Rate[Kbps]--------------------------
Time[s]	cl-1	cl-2	cl-3	cl-4	cl-5	cl-6	cl-7	cl-8	cl-9	cl-10	cl-11	cl-12	cl-13	cl-14	cl-15	cl-16	cl-17	cl-18	cl-19	cl-20
60	12.4	13.2	14.2	16.8	15.2	14.8	15.4	10.8	15.4	15.4	16.6	14.8	15.4	13.8	14.6	16.2	15	15	14.6	15.6
61	0	0	0	0	0	232	72	288	128	0	0	344	184	64	0	0	160	32	176	152
62	0	0	0	0	120	256	400	384	16	192	304	232	56	0	120	88	184	168	72	32
63	0	0	0	0	80	104	232	24	288	344	24	56	296	344	400	104	304	368	0	144
64	0	0	0	0	400	0	0	232	256	0	40	224	0	48	264	48	88	88	168	376
65	0	0	0	0	240	120	208	360	296	296	224	120	272	96	64	352	152	56	128	232
66	0	0	0	0	80	224	144	48	88	56	136	112	40	272	240	240	208	216	272	176
67	0	0	0	0	312	72	136	112	144	352	336	184	120	72	160	312	264	248	240	192
68	0	0	0	0	264	0	0	384	32	368	240	368	352	8	272	0	64	184	360	288
69	0	0	0	0	0	0	72	136	240	64	72	184	56	200	312	128	400	168	304	248
70	0	0	0	0	80	568	216	144	336	48	192	8	240	344	328	232	200	96	384	264
71	0	0	0	0	160	288	16	176	144	400	56	152	256	72	352	0	0	224	360	112
72	0	0	0	0	0	40	312	192	0	280	112	40	0	264	272	104	256	336	384	16
73	0	0	0	0	360	368	264	352	192	144	344	296	320	136	176	320	152	40	120	64
74	0	0	0	0	360	216	0	320	400	376	160	96	288	0	56	64	296	56	16	0
75	0	0	0	0	360	64	16	112	296	88	48	56	56	352	248	240	0	8	144	16
76	0	0	0	0	360	216	256	80	328	64	392	0	0	144	0	288	72	72	216	224
77	0	0	0	0	288	144	184	72	128	224	344	40	376	200	232	272	360	128	80	144
78	0	0	0	0	16	352	304	136	368	152	128	40	352	72	224	72	176	0	128	352
79	0	0	0	0	40	136	352	376	112	0	128	72	288	48	88	72	368	376	400	0
80	0	0	0	0	48	328	240	368	184	128	0	16	152	368	24	240	352	288	264	32
81	0	0	0	0	280	224	136	320	336	232	272	64	112	344	264	408	112	56	328	208
82	0	0	0	0	384	216	120	120	24	360	32	256	128	160	152	384	224	352	128	208
83	0	0	0	0	352	40	48	112	120	248	376	320	80	88	96	128	304	256	8	368
84	0	0	0	0	128	376	120	176	40	184	312	336	0	264	384	88	264	216	0	168
85	0	0	0	0	160	368	96	56	40	88	72	256	96	288	56	40	208	240	176	368
86	0	0	0	0	264	232	0	200	200	352	376	176	368	248	312	280	104	40	200	152
87	0	0	0	0	328	392	16	8	0	168	128	232	112	80	208	56	312	256	256	96
88	0	0	0	0	80	288	176	96	120	384	344	232	40	72	312	88	248	40	352	512
89	0	0	0	0	8	264	152	312	224	32	96	152	384	336	88	360	160	64	152	0
90	0	0	0	0	0	144	288	216	368	240	0	0	192	96	368	312	0	328	0	0
91	0	0	0	0	336	136	88	224	224	392	168	352	96	8	184	0	160	352	280	528
92	0	0	0	0	376	88	168	216	88	64	272	320	0	400	0	88	192	384	256	200
93	0	0	0	0	96	192	0	272	168	368	136	0	264	328	216	72	120	72	232	72
94	0	0	0	0	344	328	360	24	32	40	304	272	384	144	48	288	96	144	120	288
95	0	0	0	0	0	0	384	152	176	0	128	200	384	120	0	0	256	192	80	376
96	0	0	0	0	144	168	368	136	352	344	392	0	160	104	136	336	152	96	80	88
97	0	0	0	0	304	96	272	208	128	32	184	88	424	72	152	256	240	208	264	368
98	0	0	0	0	0	40	0	56	0	352	0	0	168	184	88	184	320	96	16	272
99	0	0	0	0	64	144	376	208	264	24	184	24	208	168	0	344	40	160	352	376
100	0	0	0	0	16	336	32	0	256	24	24	304	320	328	240	184	144	128	208	216
101	0	0	0	0	360	32	128	320	0	160	96	320	184	224	400	368	0	320	80	152
102	0	0	0	0	312	232	176	0	328	256	264	304	72	304	216	104	120	368	0	400
103	0	0	0	0	88	120	48	392	0	8	0	216	224	80	256	336	0	296	320	192
104	0	0	0	0	312	312	224	360	56	384	312	304	176	72	48	192	96	264	0	384
105	0	0	0	0	152	88	312	320	392	352	240	8	248	56	216	136	336	0	224	152
106	0	0	0	0	224	288	264	272	272	32	0	296	8	248	160	392	184	200	400	8
107	0	0	0	0	384	56	360	0	0	320	336	232	88	296	192	184	248	304	320	168
108	0	0	0	0	128	120	144	344	192	120	120	256	232	256	264	88	40	400	288	32
109	0	0	0	0	0	0	0	336	352	392	0	152	0	48	192	120	256	104	368	136
110	0	0	0	0	264	96	48	24	280	32	216	376	184	184	0	192	344	376	224	376
111	0	0	0	0	368	80	112	176	240	40	336	200	160	224	104	104	288	128	288	80
112	0	0	0	0	192	272	72	376	0	120	224	192	360	0	120	264	280	128	272	232
113	0	0	0	0	0	144	368	96	232	136	320	208	96	232	296	280	88	120	0	400
114	0	0	0	0	368	24	96	176	280	328	152	104	0	184	40	328	0	0	272	104
115	0	0	0	0	368	248	280	144	384	184	248	0	216	0	64	360	272	232	88	0
116	0	0	0	0	208	384	152	160	0	80	264	88	176	336	360	8	248	192	72	72
117	0	0	0	0	216	64	264	264	80	328	280	32	224	344	200	56	304	264	352	136
118	0	0	0	0	88	224	272	104	248	256	272	200	64	200	176	96	192	152	80	288
119	0	0	0	0	336	376	0	248	344	192	192	296	264	192	128	288	128	72	280	304
120	0	0	0	0	176	56	144	0	272	176	392	224	168	48	240	208	224	184	264	208
(1,16124)	(2,3869)	(3,0)	(4,407)	
(1,5069)	(2,481)	(3,0)	(4,14)	
(1,5204)	(2,421)	(3,0)	(4,4)	
(1,4974)	(2,462)	(3,0)	(4,20)	
(1,5181)	(2,521)	(3,0)	(4,7)	
(1,1)	(2,0)	(3,0)	(4,0)	
(1,1)	(2,0)	(3,0)	(4,0)	
(1,1)	(2,0)	(3,0)	(4,0)	
(1,1)	(2,0)	(3,0)	(4,0)	
(1,1)	(2,0)	(3,0)	(4,0)	
(1,1)	(2,0)	(3,0)	(4,0)	
(1,1)	(2,0)	(3,0)	(4,0)	
(1,1)	(2,0)	(3,0)	(4,0)	
(1,1)	(2,0)	(3,0)	(4,0)	
(1,1)	(2,0)	(3,0)	(4,0)	
(1,1)	(2,0)	(3,0)	(4,0)	
(1,1)	(2,0)	(3,0)	(4,0)	
(1,1)	(2,0)	(3,0)	(4,0)	
(1,1)	(2,0)	(3,0)	(4,0)	
(1,1)	(2,0)	(3,0)	(4,0)	
(1,1)	(2,0)	(3,0)	(4,0)	
avg	0	0	0	0	196.267	183.6	168.133	192	184.8	190	189.067	170.533	179.467	174.4	180.133	186.267	189.333	182.267	198.267	195.867
delay	0.322581	0.30303	0.352113	0.392857	8.45924	33.8991	3.81364	8.63194	6.30087	3.93825	3.96544	17.7631	27.8678	4.987	4.92672	14.8841	4.52324	3.95977	4.23134	77.872
loss	0	0	0	0	0.0718789	0.0607094	0.0582524	0.0804598	0.065408	0.0442656	0.052139	0.0772006	0.0793434	0.0603448	0.0578801	0.0772277	0.0694626	0.0325548	0.0498403	0.0684845
Command ['/home/ubuntu/ns-3.30-obss/build/scratch/simple-ofdma-adhoc4', '--ofdmaEnabled=true', '--startTime=60', '--totalTime=120', '--dataMode=HeMcs1', '--datarate=4e5', '--ratio=0.375', '--RngRun=33', '--locationFile=my-simulations/8_ofdma7/txt/locationFile44.txt', '--routingFile=my-simulations/8_ofdma7/txt/routingFile44.txt'] terminated with signal SIGSEGV. Run it under a debugger to get more information (./waf --run <program> --command-template="gdb --args %s <args>").
