Waf: Entering directory `/home/ubuntu/ns-3.30-obss/build'
Waf: Leaving directory `/home/ubuntu/ns-3.30-obss/build'
Build commands will be stored in build/compile_commands.json
'build' finished successfully (0.749s)
--------------------------Rate[Kbps]--------------------------
Time[s]	cl-1	cl-2	cl-3	cl-4	cl-5	cl-6
60	11.2	14.6	13.8	14.8	14.2	14.8
61	0	0	576	768	0	0
62	0	0	688	416	40	192
63	0	0	552	848	920	912
64	0	0	528	616	736	608
65	0	0	0	240	736	600
66	0	0	392	152	256	0
67	0	0	568	504	208	424
68	0	0	328	184	280	576
69	0	0	384	912	472	0
70	0	0	520	656	232	912
71	0	0	712	88	368	704
72	0	0	552	936	992	8
73	0	0	416	944	432	416
74	0	0	408	272	224	904
75	0	0	912	368	528	976
76	0	0	768	104	400	0
77	0	0	0	0	232	656
78	0	0	368	632	1000	344
79	0	0	640	528	528	120
80	0	0	680	328	968	544
81	0	0	576	568	584	0
82	0	0	600	696	0	832
83	0	0	464	0	912	872
84	0	0	656	288	984	928
85	0	0	688	1000	696	328
86	0	0	888	280	984	272
87	0	0	488	664	272	16
88	0	0	840	168	560	104
89	0	0	992	584	168	216
90	0	0	440	768	408	624
91	0	0	656	640	0	0
92	0	0	0	696	552	48
93	0	0	752	368	616	0
94	0	0	368	360	288	424
95	0	0	216	760	96	600
96	0	0	192	112	1000	384
97	0	0	504	8	344	48
98	0	0	1000	568	584	696
99	0	0	552	216	72	328
100	0	0	128	824	712	280
101	0	0	832	208	808	336
102	0	0	968	448	232	952
103	0	0	88	32	552	0
104	0	0	824	72	1000	120
105	0	0	496	176	136	1000
106	0	0	776	520	184	296
107	0	0	392	752	416	656
108	0	0	144	776	32	960
109	0	0	368	0	976	184
110	0	0	56	328	368	80
111	0	0	904	648	0	616
112	0	0	944	496	864	0
113	0	0	1000	496	488	288
114	0	0	120	608	392	416
115	0	0	208	304	680	832
116	0	0	736	472	672	0
117	0	0	496	0	704	224
118	0	0	616	760	576	944
119	0	0	336	592	976	592
120	0	0	0	816	512	1000
(1,14318)	(2,258)	(3,0)	(4,26)	
(1,7253)	(2,147)	(3,0)	(4,15)	
(1,6671)	(2,197)	(3,0)	(4,19)	
(1,1)	(2,0)	(3,0)	(4,0)	
(1,1)	(2,0)	(3,0)	(4,0)	
(1,1)	(2,0)	(3,0)	(4,0)	
(1,1)	(2,0)	(3,0)	(4,0)	
avg	0	0	521.6	459.467	499.2	423.2
delay	0.428571	0.287671	7.41871	2.21062	17.7196	3.36043
loss	0	0	0.0222444	0.0157053	0.0113546	0.0167286
Command ['/home/ubuntu/ns-3.30-obss/build/scratch/simple-ofdma-adhoc4', '--ofdmaEnabled=true', '--startTime=60', '--totalTime=120', '--dataMode=HeMcs1', '--datarate=10e5', '--ratio=0.375', '--RngRun=33', '--locationFile=my-simulations/8_ofdma7/txt/locationFile22.txt', '--routingFile=my-simulations/8_ofdma7/txt/routingFile22.txt'] terminated with signal SIGSEGV. Run it under a debugger to get more information (./waf --run <program> --command-template="gdb --args %s <args>").
