Waf: Entering directory `/home/ubuntu/ns-3.30-obss/build'
Waf: Leaving directory `/home/ubuntu/ns-3.30-obss/build'
Build commands will be stored in build/compile_commands.json
'build' finished successfully (0.737s)
--------------------------Rate[Kbps]--------------------------
Time[s]	cl-1	cl-2	cl-3	cl-4	cl-5	cl-6	cl-7	cl-8	cl-9	cl-10	cl-11	cl-12	cl-13	cl-14	cl-15
60	16.6	13.8	14.8	15.6	11	13.4	14.8	12.2	15.8	16	14.8	12	13.6	12.4	12.6
61	0	0	0	0	0	80	192	0	0	224	264	80	336	160	0
62	0	0	0	0	0	120	112	152	344	272	280	152	312	304	48
63	0	0	0	0	0	288	400	400	224	376	72	232	248	136	152
64	0	0	0	0	0	160	80	176	264	160	48	176	368	192	288
65	0	0	0	0	0	200	312	0	152	392	184	56	80	224	272
66	0	0	0	0	0	168	176	392	248	240	208	72	288	256	328
67	0	0	0	0	0	64	400	312	256	0	328	112	224	336	320
68	0	0	0	0	0	160	360	40	152	104	72	0	256	136	168
69	0	0	0	0	0	88	184	400	112	0	344	16	248	184	384
70	0	0	0	0	0	40	72	272	8	88	40	120	0	400	280
71	0	0	0	0	0	200	272	224	264	296	384	304	256	40	0
72	0	0	0	0	0	0	360	224	376	336	224	280	64	104	256
73	0	0	0	0	0	144	88	400	88	0	192	216	0	8	392
74	0	0	0	0	0	400	272	144	32	112	72	392	184	360	88
75	0	0	0	0	0	32	128	32	208	56	400	104	400	96	248
76	0	0	0	0	0	16	344	216	296	360	336	64	144	248	360
77	0	0	0	0	0	368	168	400	32	200	168	328	144	168	328
78	0	0	0	0	0	8	184	120	360	176	40	72	224	248	152
79	0	0	0	0	0	80	384	112	344	40	400	400	24	304	8
80	0	0	0	0	0	120	88	56	72	200	208	280	344	168	80
81	0	0	0	0	0	216	96	120	24	120	288	216	328	136	264
82	0	0	0	0	0	392	120	320	40	64	320	136	328	256	216
83	0	0	0	0	0	88	208	0	176	112	216	160	200	360	368
84	0	0	0	0	0	336	0	120	240	56	0	320	0	280	296
85	0	0	0	0	0	368	272	264	72	0	184	368	264	264	344
86	0	0	0	0	0	0	0	0	200	352	136	304	0	296	328
87	0	0	0	0	0	96	296	152	376	400	64	256	208	40	376
88	0	0	0	0	0	272	392	208	184	216	120	368	0	48	144
89	0	0	0	0	0	0	256	384	40	272	128	48	256	224	160
90	0	0	0	0	0	352	0	184	288	80	56	192	88	0	104
91	0	0	0	0	0	312	272	344	248	312	232	216	368	256	264
92	0	0	0	0	0	368	280	360	96	216	400	232	400	360	144
93	0	0	0	0	0	280	352	160	112	48	240	256	400	160	0
94	0	0	0	0	0	304	240	336	256	112	160	240	296	128	264
95	0	0	0	0	0	288	64	368	384	8	192	312	0	216	24
96	0	0	0	0	0	56	216	96	400	136	400	40	72	400	88
97	0	0	0	0	0	40	336	232	248	96	192	384	0	240	400
98	0	0	0	0	0	368	0	280	240	160	240	224	344	320	200
99	0	0	0	0	0	152	192	152	256	80	272	72	0	368	136
100	0	0	0	0	0	24	152	0	192	0	104	400	280	128	64
101	0	0	0	0	0	400	152	184	232	368	112	184	104	88	304
102	0	0	0	0	0	336	344	104	256	360	328	152	280	216	0
103	0	0	0	0	0	208	112	208	400	56	400	24	0	400	64
104	0	0	0	0	0	200	64	320	280	16	112	0	368	160	216
105	0	0	0	0	0	96	56	328	0	256	400	120	256	0	192
106	0	0	0	0	0	0	304	256	336	304	208	48	88	352	400
107	0	0	0	0	0	400	40	280	272	40	64	88	344	392	264
108	0	0	0	0	0	184	400	288	32	304	240	344	320	56	328
109	0	0	0	0	0	40	104	160	224	400	0	264	400	64	272
110	0	0	0	0	0	128	336	152	376	152	312	320	224	368	400
111	0	0	0	0	0	256	264	56	304	120	224	264	0	376	272
112	0	0	0	0	0	24	48	224	368	232	264	128	208	392	344
113	0	0	0	0	0	248	112	216	240	88	8	248	176	56	0
114	0	0	0	0	0	328	160	264	200	112	112	8	24	224	64
115	0	0	0	0	0	256	400	0	376	40	376	8	160	208	400
116	0	0	0	0	0	328	152	312	96	368	272	376	184	96	96
117	0	0	0	0	0	264	160	256	264	336	0	208	144	232	192
118	0	0	0	0	0	120	280	136	128	40	72	112	16	304	144
119	0	0	0	0	0	256	376	80	272	16	104	232	280	168	384
120	0	0	0	0	0	0	0	16	352	400	120	248	296	32	376
(1,15784)	(2,234)	(3,0)	(4,0)	
(1,3042)	(2,21)	(3,0)	(4,0)	
(1,3237)	(2,25)	(3,0)	(4,0)	
(1,2976)	(2,4)	(3,0)	(4,0)	
(1,3065)	(2,12)	(3,0)	(4,0)	
(1,3348)	(2,13)	(3,0)	(4,0)	
(1,1)	(2,0)	(3,0)	(4,0)	
(1,1)	(2,0)	(3,0)	(4,0)	
(1,1)	(2,0)	(3,0)	(4,0)	
(1,1)	(2,0)	(3,0)	(4,0)	
(1,1)	(2,0)	(3,0)	(4,0)	
(1,1)	(2,0)	(3,0)	(4,0)	
(1,1)	(2,0)	(3,0)	(4,0)	
(1,1)	(2,0)	(3,0)	(4,0)	
(1,1)	(2,0)	(3,0)	(4,0)	
(1,1)	(2,0)	(3,0)	(4,0)	
avg	0	0	0	0	0	185.333	203.067	199.867	215.2	174.667	198.933	192.933	197.467	212.267	217.467
delay	0.26506	0.246377	0.364865	0.346154	0.236364	1.07698	1.10768	1.06738	1.01735	1.02595	1.08713	1.03732	1.05604	1.03957	1.12692
loss	0	0	0	0	0	0.00997151	0.0186856	0.0151117	0.00799017	0.00832702	0.0158311	0.0216362	0.00737265	0.00995025	0.015691
Command ['/home/ubuntu/ns-3.30-obss/build/scratch/simple-ofdma-adhoc4', '--ofdmaEnabled=true', '--startTime=60', '--totalTime=120', '--dataMode=HeMcs7', '--datarate=4e5', '--ratio=0.375', '--RngRun=33', '--locationFile=my-simulations/8_ofdma7/txt/locationFile52.txt', '--routingFile=my-simulations/8_ofdma7/txt/routingFile52.txt'] terminated with signal SIGSEGV. Run it under a debugger to get more information (./waf --run <program> --command-template="gdb --args %s <args>").
