Waf: Entering directory `/home/ubuntu/ns-3.30-obss/build'
Waf: Leaving directory `/home/ubuntu/ns-3.30-obss/build'
Build commands will be stored in build/compile_commands.json
'build' finished successfully (0.793s)
--------------------------Rate[Kbps]--------------------------
Time[s]	cl-1	cl-2	cl-3	cl-4	cl-5	cl-6	cl-7	cl-8	cl-9	cl-10	cl-11	cl-12	cl-13	cl-14
60	17.6	16.2	13.6	15.6	14.2	14.2	16.8	14	13.2	14.4	17.8	13.6	15.2	13.2
61	0	0	0	0	0	0	40	0	80	0	8	0	0	0
62	0	0	0	0	0	0	248	88	464	120	0	168	528	224
63	0	0	0	0	0	0	520	152	288	536	488	0	184	504
64	0	0	0	0	0	0	216	144	16	96	352	448	0	184
65	0	0	0	0	0	0	584	0	96	544	344	472	464	472
66	0	0	0	0	0	0	336	472	200	408	304	0	544	392
67	0	0	0	0	0	0	320	504	320	24	256	56	344	600
68	0	0	0	0	0	0	344	288	152	8	256	240	504	320
69	0	0	0	0	0	0	600	0	440	536	264	592	600	0
70	0	0	0	0	0	0	344	352	0	328	384	160	32	344
71	0	0	0	0	0	0	528	376	312	112	432	160	328	144
72	0	0	0	0	0	0	448	480	592	280	248	256	440	408
73	0	0	0	0	0	0	152	448	424	344	144	64	224	128
74	0	0	0	0	0	0	0	576	280	176	320	592	0	520
75	0	0	0	0	0	0	192	528	472	376	224	296	56	416
76	0	0	0	0	0	0	0	176	432	88	464	128	520	368
77	0	0	0	0	0	0	136	344	344	80	88	352	32	272
78	0	0	0	0	0	0	280	0	16	136	0	584	576	352
79	0	0	0	0	0	0	352	304	224	240	224	248	328	200
80	0	0	0	0	0	0	160	56	424	360	512	104	280	0
81	0	0	0	0	0	0	0	408	376	40	0	320	416	392
82	0	0	0	0	0	0	368	184	456	384	216	480	416	384
83	0	0	0	0	0	0	376	400	432	336	296	256	504	112
84	0	0	0	0	0	0	448	8	440	0	432	600	552	0
85	0	0	0	0	0	0	472	56	184	384	544	328	176	168
86	0	0	0	0	0	0	576	288	72	144	480	440	0	552
87	0	0	0	0	0	0	136	360	552	488	408	536	400	152
88	0	0	0	0	0	0	496	120	432	296	0	344	296	0
89	0	0	0	0	0	0	560	304	64	224	112	80	560	312
90	0	0	0	0	0	0	56	416	520	488	496	576	152	104
91	0	0	0	0	0	0	216	448	600	128	368	64	176	584
92	0	0	0	0	0	0	24	312	272	144	0	520	376	336
93	0	0	0	0	0	0	504	576	56	0	328	344	512	184
94	0	0	0	0	0	0	160	312	400	224	544	168	88	56
95	0	0	0	0	0	0	136	248	0	472	288	160	456	152
96	0	0	0	0	0	0	168	208	288	16	424	352	416	200
97	0	0	0	0	0	0	312	136	456	64	184	280	40	240
98	0	0	0	0	0	0	232	544	32	440	168	0	592	528
99	0	0	0	0	0	0	176	288	400	64	464	232	440	184
100	0	0	0	0	0	0	128	512	304	0	80	496	368	120
101	0	0	0	0	0	0	272	128	216	88	488	480	520	0
102	0	0	0	0	0	0	496	456	280	32	408	512	168	272
103	0	0	0	0	0	0	0	248	408	136	400	216	56	360
104	0	0	0	0	0	0	360	592	272	488	0	32	448	80
105	0	0	0	0	0	0	600	352	344	584	40	72	184	200
106	0	0	0	0	0	0	16	24	200	144	440	256	152	320
107	0	0	0	0	0	0	584	104	568	0	336	80	112	424
108	0	0	0	0	0	0	448	600	144	56	112	256	496	0
109	0	0	0	0	0	0	568	336	16	80	352	520	80	32
110	0	0	0	0	0	0	352	200	576	136	0	0	96	0
111	0	0	0	0	0	0	576	280	120	568	112	208	160	248
112	0	0	0	0	0	0	0	392	152	104	88	168	600	48
113	0	0	0	0	0	0	456	440	240	464	144	288	192	192
114	0	0	0	0	0	0	560	304	296	392	0	480	248	208
115	0	0	0	0	0	0	144	48	408	576	104	0	120	144
116	0	0	0	0	0	0	424	184	184	440	352	72	456	336
117	0	0	0	0	0	0	224	152	200	240	416	280	384	240
118	0	0	0	0	0	0	400	0	0	0	368	24	512	88
119	0	0	0	0	0	0	232	224	24	384	96	72	104	104
120	0	0	0	0	0	0	0	464	208	144	176	96	120	472
(1,16626)	(2,1179)	(3,0)	(4,8)	
(1,8360)	(2,459)	(3,0)	(4,0)	
(1,7804)	(2,565)	(3,0)	(4,0)	
(1,4524)	(2,82)	(3,0)	(4,0)	
(1,3845)	(2,159)	(3,0)	(4,1)	
(1,4057)	(2,73)	(3,0)	(4,1)	
(1,4170)	(2,85)	(3,0)	(4,1)	
(1,1)	(2,0)	(3,0)	(4,0)	
(1,1)	(2,0)	(3,0)	(4,0)	
(1,1)	(2,0)	(3,0)	(4,0)	
(1,1)	(2,0)	(3,0)	(4,0)	
(1,1)	(2,0)	(3,0)	(4,0)	
(1,1)	(2,0)	(3,0)	(4,0)	
(1,1)	(2,0)	(3,0)	(4,0)	
(1,1)	(2,0)	(3,0)	(4,0)	
avg	0	0	0	0	0	0	300.933	282.4	279.467	236.4	259.6	260.133	302.133	239.6
delay	0.261364	0.246914	0.691176	0.820513	0.830986	0.690141	2.0864	2.13403	2.19561	2.37225	2.19979	2.37212	2.27317	2.35559
loss	0.011236	0	0	0	0	0	0.0719572	0.0897766	0.0794906	0.104545	0.0859155	0.0857545	0.0943245	0.0896657
Command ['/home/ubuntu/ns-3.30-obss/build/scratch/simple-ofdma-adhoc4', '--ofdmaEnabled=true', '--startTime=60', '--totalTime=120', '--dataMode=HeMcs5', '--datarate=6e5', '--ratio=0.375', '--RngRun=33', '--locationFile=my-simulations/8_ofdma7/txt/locationFile222.txt', '--routingFile=my-simulations/8_ofdma7/txt/routingFile222.txt'] terminated with signal SIGSEGV. Run it under a debugger to get more information (./waf --run <program> --command-template="gdb --args %s <args>").
