Waf: Entering directory `/home/synrg/Documents/Jiaming/ns-3.30-obss/build'
Waf: Leaving directory `/home/synrg/Documents/Jiaming/ns-3.30-obss/build'
Build commands will be stored in build/compile_commands.json
'build' finished successfully (0.423s)
--------------------------Rate[Kbps]--------------------------
Time[s]	cl-1	cl-2	cl-3	cl-4	cl-5	cl-6	cl-7	cl-8	cl-9	cl-10	cl-11	cl-12	cl-13	cl-14	cl-15	cl-16	cl-17	cl-18	cl-19	cl-20
60	18.8	13.6	15	14.8	13.6	12.6	14.8	14	15	16	13.6	17.6	15.4	15	9.2	13.8	15.4	14.4	16.6	14
61	376	376	376	376	376	376	376	376	376	376	376	376	376	376	368	368	368	368	368	368
62	384	384	384	384	384	384	384	384	384	384	376	376	376	376	384	384	384	384	384	384
63	384	384	384	384	384	384	376	376	384	384	392	392	392	384	384	384	384	384	384	384
64	384	384	384	384	384	384	392	384	376	376	376	376	376	384	384	384	384	384	384	384
65	384	384	384	384	384	384	376	384	392	384	384	384	384	384	384	384	384	384	384	384
66	384	384	384	384	384	384	392	392	384	392	392	384	384	384	384	384	384	384	384	384
67	384	384	384	384	384	376	376	376	376	376	376	384	384	384	384	384	384	384	384	384
68	384	384	384	384	384	384	376	376	384	384	384	384	384	384	384	384	384	384	384	384
69	384	384	384	384	384	384	392	392	384	384	384	384	384	384	384	384	384	384	384	384
70	384	384	384	384	384	384	384	384	384	384	384	384	384	384	384	384	384	384	384	384
71	384	384	384	384	384	384	384	384	384	384	384	384	384	384	384	384	384	384	384	384
72	384	384	384	384	384	392	392	392	392	392	392	392	392	392	392	392	392	376	368	304
73	112	112	112	8	112	112	112	112	112	112	112	112	112	112	112	112	8	16	8	8
74	0	0	0	0	0	0	0	0	0	0	0	0	0	0	0	0	0	0	0	0
75	0	0	0	0	0	0	0	0	0	0	0	0	0	0	0	0	0	0	0	0
76	0	0	0	0	0	0	0	0	0	0	0	0	0	0	0	0	0	0	0	0
77	0	0	0	0	0	0	0	0	0	0	0	0	0	0	0	0	0	0	0	0
78	0	0	0	0	0	0	0	0	0	0	0	0	0	0	0	0	0	0	0	0
79	0	0	0	0	0	0	0	0	0	0	0	0	0	0	0	0	0	0	0	0
80	0	0	0	0	0	0	0	0	0	0	0	0	0	0	0	0	0	0	0	0
81	0	0	0	0	0	0	0	0	0	0	0	0	0	0	0	0	0	0	0	0
82	0	0	0	0	0	0	0	0	0	0	0	0	0	0	0	0	0	0	0	0
83	0	0	0	0	0	0	0	0	0	0	0	0	0	0	0	0	0	0	0	0
84	0	0	0	0	0	0	0	0	0	0	0	0	0	0	0	0	0	0	0	0
85	0	0	0	0	0	0	0	0	0	0	0	0	0	0	0	0	0	0	0	0
86	0	0	0	0	0	0	0	0	0	0	0	0	0	0	0	0	0	0	0	0
87	0	0	0	0	0	0	0	0	0	0	0	0	0	0	0	0	0	0	0	0
88	0	0	0	0	0	0	0	0	0	0	0	0	0	0	0	0	0	0	0	0
89	0	0	0	0	0	0	0	0	0	0	0	0	0	0	0	0	0	0	0	0
90	0	0	0	0	0	0	0	0	0	0	0	0	0	0	0	0	0	0	0	0
91	0	0	0	0	0	0	0	0	0	0	0	0	0	0	0	0	0	0	0	0
92	0	0	0	0	0	0	0	0	0	0	0	0	0	0	0	0	0	0	0	0
93	0	0	0	0	0	0	0	0	0	0	0	0	0	0	0	0	0	0	0	0
94	0	0	0	0	0	0	0	0	0	0	0	0	0	0	0	0	0	0	0	0
95	0	0	0	0	0	0	0	0	0	0	0	0	0	0	0	0	0	0	0	0
96	0	0	0	0	0	0	0	0	0	0	0	0	0	0	0	0	0	0	0	0
97	0	0	0	0	0	0	0	0	0	0	0	0	0	0	0	0	0	0	0	0
98	0	0	0	0	0	0	0	0	0	0	0	0	0	0	0	0	0	0	0	0
99	0	0	0	0	0	0	0	0	0	0	0	0	0	0	0	0	0	0	0	0
100	0	0	0	0	0	0	0	0	0	0	0	0	0	0	0	0	0	0	0	0
101	0	0	0	0	0	0	0	0	0	0	0	0	0	0	0	0	0	0	0	0
102	0	0	0	0	0	0	0	0	0	0	0	0	0	0	0	0	0	0	0	0
103	0	0	0	0	0	0	0	0	0	0	0	0	0	0	0	0	0	0	0	0
104	0	0	0	0	0	0	0	0	0	0	0	0	0	0	0	0	0	0	0	0
105	0	0	0	0	0	0	0	0	0	0	0	0	0	0	0	0	0	0	0	0
106	0	0	0	0	0	0	0	0	0	0	0	0	0	0	0	0	0	0	0	0
107	0	0	0	0	0	0	0	0	0	0	0	0	0	0	0	0	0	0	0	0
108	0	0	0	0	0	0	0	0	0	0	0	0	0	0	0	0	0	0	0	0
109	0	0	0	0	0	0	0	0	0	0	0	0	0	0	0	0	0	0	0	0
110	0	0	0	0	0	0	0	0	0	0	0	0	0	0	0	0	0	0	0	0
111	0	0	0	0	0	0	0	0	0	0	0	0	0	0	0	0	0	0	0	0
112	0	0	0	0	0	0	0	0	0	0	0	0	0	0	0	0	0	0	0	0
113	0	0	0	0	0	0	0	0	0	0	0	0	0	0	0	0	0	0	0	0
114	0	0	0	0	0	0	0	0	0	0	0	0	0	0	0	0	0	0	0	0
115	0	0	0	0	0	0	0	0	0	0	0	0	0	0	0	0	0	0	0	0
116	0	0	0	0	0	0	0	0	0	0	0	0	0	0	0	0	0	0	0	0
117	0	0	0	0	0	0	0	0	0	0	0	0	0	0	0	0	0	0	0	0
118	0	0	0	0	0	0	0	0	0	0	0	0	0	0	0	0	0	0	0	0
119	0	0	0	0	0	0	0	0	0	0	0	0	0	0	0	0	0	0	0	0
120	0	0	0	0	0	0	0	0	0	0	0	0	0	0	0	0	0	0	0	0
avg	78.5333	78.5333	78.5333	76.8	78.5333	78.5333	78.5333	78.5333	78.5333	78.5333	78.5333	78.5333	78.5333	78.5333	78.5333	78.5333	76.8	76.6667	76.4	75.3333
delay	256.537	257.379	258.054	253.752	260.117	263.689	265.932	268.255	265.256	266.852	268.273	269.716	269.869	271.243	272.625	273.997	269.252	270.191	270.632	268.572
loss	0.773896	0.775362	0.78047	0.78714	0.786439	0.788737	0.791209	0.798839	0.801483	0.809632	0.815129	0.817929	0.823388	0.825997	0.83338	0.837964	0.843648	0.847722	0.851631	0.781262
Command ['/home/synrg/Documents/Jiaming/ns-3.30-obss/build/scratch/simple-ofdma-adhoc', '--ofdmaEnabled=false', '--rtscts=1', '--startTime=60', '--totalTime=120', '--dataMode=HeMcs4', '--datarate=4e5', '--clNum=20', '--ratio=0.375', '--RngRun=63'] terminated with signal SIGSEGV. Run it under a debugger to get more information (./waf --run <program> --command-template="gdb --args %s <args>").
