Waf: Entering directory `/home/ubuntu/ns-3.30-obss/build'
Waf: Leaving directory `/home/ubuntu/ns-3.30-obss/build'
Build commands will be stored in build/compile_commands.json
'build' finished successfully (0.888s)
--------------------------Rate[Kbps]--------------------------
Time[s]	cl-1	cl-2	cl-3	cl-4	cl-5	cl-6	cl-7	cl-8	cl-9	cl-10	cl-11	cl-12	cl-13	cl-14	cl-15	cl-16
60	17	11.8	15	14	13.6	14.2	14.4	14	16.4	13.8	17.8	17.4	13.8	13.6	12	13.6
61	0	0	0	0	24	144	0	88	88	152	72	0	96	120	0	64
62	0	0	0	0	80	112	72	200	112	184	40	152	136	72	128	16
63	0	0	0	0	72	8	0	8	176	192	80	200	104	184	0	200
64	0	0	0	0	120	192	72	0	192	184	112	24	16	96	40	120
65	0	0	0	0	144	88	152	56	136	32	176	64	24	56	24	120
66	0	0	0	0	144	56	176	0	176	8	64	200	0	40	200	112
67	0	0	0	0	192	160	24	136	128	8	112	152	48	80	192	32
68	0	0	0	0	48	128	0	88	0	200	120	88	152	136	160	168
69	0	0	0	0	200	144	184	152	136	24	64	144	152	32	168	104
70	0	0	0	0	88	0	192	72	136	8	64	0	136	32	200	200
71	0	0	0	0	0	72	48	0	96	200	112	32	0	72	160	120
72	0	0	0	0	112	160	0	16	96	152	144	64	40	24	152	40
73	0	0	0	0	0	0	104	104	152	0	0	16	0	104	160	176
74	0	0	0	0	8	64	160	56	0	112	104	48	160	88	176	16
75	0	0	0	0	128	184	64	0	32	8	136	144	152	200	80	0
76	0	0	0	0	24	160	48	8	112	0	0	104	176	48	56	96
77	0	0	0	0	96	80	200	0	192	120	112	0	112	0	0	200
78	0	0	0	0	32	200	24	56	80	176	120	160	24	96	168	88
79	0	0	0	0	128	32	0	144	80	168	16	160	40	144	40	144
80	0	0	0	0	112	112	80	152	144	88	200	136	168	0	88	0
81	0	0	0	0	48	176	152	0	168	160	160	96	152	128	88	160
82	0	0	0	0	88	152	144	192	72	192	0	104	200	40	64	40
83	0	0	0	0	16	64	0	200	104	152	48	48	48	112	200	160
84	0	0	0	0	72	136	104	184	120	0	80	176	0	200	80	96
85	0	0	0	0	64	104	168	0	72	152	8	24	96	176	0	152
86	0	0	0	0	48	136	168	72	40	0	104	184	112	64	56	0
87	0	0	0	0	56	184	184	120	88	120	80	96	40	24	80	112
88	0	0	0	0	0	200	120	88	88	0	168	112	80	200	0	32
89	0	0	0	0	152	152	32	0	40	104	200	152	0	88	88	32
90	0	0	0	0	152	0	176	56	72	200	184	88	104	80	88	24
91	0	0	0	0	168	96	128	72	104	184	112	200	32	200	32	160
92	0	0	0	0	72	32	96	64	0	64	16	176	168	32	0	24
93	0	0	0	0	72	128	72	200	80	152	152	144	40	80	56	56
94	0	0	0	0	136	0	56	160	96	136	48	128	200	128	144	48
95	0	0	0	0	96	128	136	72	96	160	0	0	112	168	200	168
96	0	0	0	0	8	48	144	48	72	200	160	176	32	64	200	160
97	0	0	0	0	112	32	152	24	160	32	200	88	200	64	72	0
98	0	0	0	0	8	176	192	72	152	64	24	168	0	144	128	56
99	0	0	0	0	128	168	192	72	136	96	56	56	32	48	80	200
100	0	0	0	0	104	152	32	0	96	72	80	144	160	200	160	80
101	0	0	0	0	112	104	0	72	8	144	56	64	0	64	24	0
102	0	0	0	0	120	8	8	0	168	32	128	40	104	32	80	176
103	0	0	0	0	32	112	0	96	176	96	112	200	32	184	96	200
104	0	0	0	0	144	64	120	96	64	0	0	120	136	136	192	8
105	0	0	0	0	48	200	128	64	176	192	136	200	200	192	128	88
106	0	0	0	0	0	48	136	112	112	96	128	200	136	200	88	128
107	0	0	0	0	184	72	96	200	152	72	88	144	112	8	160	136
108	0	0	0	0	48	16	152	88	200	200	0	0	72	56	64	200
109	0	0	0	0	184	8	0	88	112	24	160	56	128	72	144	64
110	0	0	0	0	152	8	136	200	192	48	112	32	96	136	152	24
111	0	0	0	0	176	48	152	112	72	144	8	192	0	200	184	0
112	0	0	0	0	160	88	200	56	8	32	0	120	160	16	128	160
113	0	0	0	0	0	128	48	72	176	120	72	200	136	104	0	88
114	0	0	0	0	120	0	56	0	24	200	200	48	104	32	80	200
115	0	0	0	0	192	8	80	112	152	152	96	200	184	88	128	104
116	0	0	0	0	96	0	64	32	24	0	152	128	168	8	24	160
117	0	0	0	0	80	192	56	112	128	40	200	200	32	24	144	64
118	0	0	0	0	192	192	40	24	0	16	40	0	16	0	24	200
119	0	0	0	0	200	80	96	32	64	40	128	48	0	128	192	40
120	0	0	0	0	176	72	40	48	192	200	168	128	96	200	144	64
(1,9875)	(2,46)	(3,0)	(4,0)	
(1,2368)	(2,7)	(3,0)	(4,0)	
(1,2363)	(2,4)	(3,0)	(4,0)	
(1,2461)	(2,7)	(3,0)	(4,0)	
(1,2385)	(2,27)	(3,0)	(4,0)	
(1,1)	(2,0)	(3,0)	(4,0)	
(1,1)	(2,0)	(3,0)	(4,0)	
(1,1)	(2,0)	(3,0)	(4,0)	
(1,1)	(2,0)	(3,0)	(4,0)	
(1,1)	(2,0)	(3,0)	(4,0)	
(1,1)	(2,0)	(3,0)	(4,0)	
(1,1)	(2,0)	(3,0)	(4,0)	
(1,1)	(2,0)	(3,0)	(4,0)	
(1,1)	(2,0)	(3,0)	(4,0)	
(1,1)	(2,0)	(3,0)	(4,0)	
(1,1)	(2,0)	(3,0)	(4,0)	
(1,1)	(2,0)	(3,0)	(4,0)	
avg	0	0	0	0	96.1333	96.8	94.2667	77.4667	105.333	101.733	95.2	109.467	90.9333	95.7333	103.067	98
delay	0.364706	0.271186	0.253333	0.257143	1.00277	1.09229	0.960396	0.972461	0.986076	0.998689	1.06162	0.976857	1.0132	0.981894	1.0414	1.01769
loss	0	0	0	0	0.00138504	0.00683995	0.0125698	0.0152542	0.00252525	0.00521512	0.0027933	0.00605327	0.0058309	0.00416089	0.0127714	0.00943396
Command ['/home/ubuntu/ns-3.30-obss/build/scratch/simple-ofdma-adhoc4', '--ofdmaEnabled=true', '--startTime=60', '--totalTime=120', '--dataMode=HeMcs7', '--datarate=2e5', '--ratio=0.375', '--RngRun=1', '--locationFile=my-simulations/8_ofdma7/txt/locationFile43.txt', '--routingFile=my-simulations/8_ofdma7/txt/routingFile43.txt'] terminated with signal SIGSEGV. Run it under a debugger to get more information (./waf --run <program> --command-template="gdb --args %s <args>").
