Waf: Entering directory `/home/ubuntu/ns-3.30-obss/build'
Waf: Leaving directory `/home/ubuntu/ns-3.30-obss/build'
Build commands will be stored in build/compile_commands.json
'build' finished successfully (0.733s)
--------------------------Rate[Kbps]--------------------------
Time[s]	cl-1	cl-2	cl-3	cl-4	cl-5	cl-6	cl-7	cl-8	cl-9	cl-10	cl-11	cl-12	cl-13	cl-14	cl-15
60	15.2	15.8	15.2	14.6	16.8	14.2	12	13.6	15.2	15.4	13.2	14	15.4	17.6	15
61	0	0	0	0	16	152	120	320	176	40	0	0	0	184	384
62	0	0	0	336	384	48	208	168	496	576	128	208	96	488	344
63	0	0	0	480	432	0	504	504	208	184	568	136	432	600	528
64	0	0	0	488	288	168	328	360	544	528	120	568	176	464	400
65	0	0	0	0	592	128	184	72	208	520	144	152	600	112	88
66	0	0	0	400	208	216	120	40	536	384	480	568	104	160	240
67	0	0	0	536	464	0	352	40	584	280	584	288	232	112	576
68	0	0	0	40	272	312	32	320	72	0	272	504	600	112	408
69	0	0	0	912	40	304	504	0	256	368	512	432	304	120	312
70	0	0	0	160	0	184	272	424	600	0	80	56	208	64	296
71	0	0	0	360	504	344	512	184	368	160	344	288	160	408	424
72	0	0	0	352	352	80	352	600	0	392	0	72	360	120	320
73	0	0	0	368	0	32	112	288	88	0	80	200	0	112	304
74	0	0	0	592	352	128	504	112	216	296	0	64	200	416	128
75	0	0	0	424	144	168	0	80	208	336	0	160	48	352	120
76	0	0	0	272	80	512	256	584	0	248	0	432	0	104	328
77	0	0	0	32	352	480	568	216	72	424	672	416	208	104	208
78	0	0	0	208	24	368	400	8	88	552	264	376	552	376	272
79	0	0	0	368	424	128	32	352	40	0	592	0	240	280	408
80	0	0	0	576	200	272	112	472	528	360	256	328	72	288	160
81	0	0	0	280	336	192	368	376	560	232	0	256	0	40	592
82	0	0	0	600	264	424	120	456	464	80	248	160	48	264	248
83	0	0	0	56	304	112	536	272	472	248	96	320	64	0	232
84	0	0	0	0	0	520	240	408	536	400	160	304	424	312	512
85	0	0	0	56	544	536	0	400	560	480	520	56	0	312	136
86	0	0	0	584	392	0	232	488	16	600	352	592	600	272	200
87	0	0	0	128	280	416	344	304	568	440	512	496	80	184	512
88	0	0	0	576	360	208	264	176	160	384	192	592	296	136	112
89	0	0	0	336	480	472	376	144	352	16	248	256	592	184	96
90	0	0	0	0	536	192	432	232	560	416	224	80	424	192	176
91	0	0	0	488	512	16	168	0	456	176	520	520	88	528	192
92	0	0	0	504	208	256	104	64	560	592	312	472	248	376	416
93	0	0	0	240	552	160	400	448	328	248	0	0	88	216	424
94	0	0	0	80	248	600	104	464	552	328	560	344	368	0	144
95	0	0	0	272	216	344	600	128	96	0	328	0	344	368	568
96	0	0	0	512	152	504	200	368	400	40	224	376	336	416	48
97	0	0	0	336	88	488	328	456	40	32	184	0	264	160	512
98	0	0	0	288	296	480	0	560	560	584	0	560	0	56	80
99	0	0	0	576	584	152	160	176	528	304	208	432	248	576	248
100	0	0	0	288	200	0	0	192	0	592	112	560	392	240	160
101	0	0	0	144	232	280	496	368	232	216	152	200	584	24	560
102	0	0	0	368	0	344	64	88	136	432	472	104	304	256	224
103	0	0	0	376	144	88	592	0	32	264	272	560	296	600	0
104	0	0	0	88	264	0	280	0	0	0	0	240	72	56	304
105	0	0	0	424	288	480	0	808	840	504	704	56	544	72	360
106	0	0	0	0	576	552	144	488	0	432	208	488	200	48	136
107	0	0	0	928	296	0	416	448	248	112	464	264	80	392	312
108	0	0	0	16	232	336	424	72	288	88	80	568	32	264	344
109	0	0	0	0	328	216	272	128	88	0	296	424	160	216	32
110	0	0	0	224	544	184	608	312	224	352	176	232	0	16	0
111	0	0	0	0	80	176	248	472	32	392	568	352	168	392	224
112	0	0	0	520	552	128	376	424	464	496	104	184	544	528	432
113	0	0	0	424	24	0	576	0	64	384	80	224	432	584	280
114	0	0	0	408	312	368	224	120	136	376	832	576	0	80	208
115	0	0	0	160	336	0	392	152	0	344	48	552	384	256	360
116	0	0	0	0	400	136	200	104	280	600	32	232	240	568	280
117	0	0	0	24	416	0	0	456	592	360	192	0	512	496	0
118	0	0	0	224	296	528	112	152	416	8	0	456	0	576	336
119	0	0	0	568	208	216	80	552	448	184	8	384	48	320	224
120	0	0	0	352	192	360	8	88	104	496	152	136	120	168	400
(1,21305)	(2,2480)	(3,0)	(4,230)	
(1,7229)	(2,631)	(3,0)	(4,80)	
(1,7531)	(2,527)	(3,0)	(4,94)	
(1,7523)	(2,541)	(3,0)	(4,19)	
(1,1)	(2,0)	(3,0)	(4,0)	
(1,1)	(2,0)	(3,0)	(4,0)	
(1,1)	(2,0)	(3,0)	(4,0)	
(1,1)	(2,0)	(3,0)	(4,0)	
(1,1)	(2,0)	(3,0)	(4,0)	
(1,1)	(2,0)	(3,0)	(4,0)	
(1,1)	(2,0)	(3,0)	(4,0)	
(1,1)	(2,0)	(3,0)	(4,0)	
(1,1)	(2,0)	(3,0)	(4,0)	
(1,1)	(2,0)	(3,0)	(4,0)	
(1,1)	(2,0)	(3,0)	(4,0)	
(1,1)	(2,0)	(3,0)	(4,0)	
avg	0	0	0	305.867	290	241.467	266	274.8	294.667	298	248.933	297.6	236.933	262	281.2
delay	0.355263	577.797	7.27632	86.5493	10.8216	9.31806	15.6391	65.2271	30.6923	12.0215	106.288	5.88262	6.05853	8.39542	17.0261
loss	0	0.0125	0	0.0540206	0.0376106	0.0305139	0.0413263	0.047597	0.0457686	0.0282609	0.0560889	0.0498084	0.0230896	0.0442607	0.0692851
Command ['/home/ubuntu/ns-3.30-obss/build/scratch/simple-ofdma-adhoc4', '--ofdmaEnabled=true', '--startTime=60', '--totalTime=120', '--dataMode=HeMcs3', '--datarate=6e5', '--ratio=0.375', '--RngRun=1', '--locationFile=my-simulations/8_ofdma7/txt/locationFile34.txt', '--routingFile=my-simulations/8_ofdma7/txt/routingFile34.txt'] terminated with signal SIGSEGV. Run it under a debugger to get more information (./waf --run <program> --command-template="gdb --args %s <args>").
