Waf: Entering directory `/home/ubuntu/ns-3.30-obss/build'
Waf: Leaving directory `/home/ubuntu/ns-3.30-obss/build'
Build commands will be stored in build/compile_commands.json
'build' finished successfully (0.689s)
--------------------------Rate[Kbps]--------------------------
Time[s]	cl-1	cl-2	cl-3	cl-4	cl-5	cl-6	cl-7	cl-8	cl-9	cl-10	cl-11	cl-12	cl-13	cl-14	cl-15	cl-16	cl-17	cl-18	cl-19	cl-20	cl-21
60	15.2	16.2	14	12.8	14.8	14.8	15.2	15.8	12.4	0	16.4	16	0	0	13.6	13.8	0	0	11.8	16	0
61	0	0	0	0	0	0	0	0	0	0	176	64	0	0	24	32	0	0	144	152	0
62	0	0	0	0	0	0	0	0	0	0	136	120	0	0	200	176	0	0	88	128	0
63	0	0	0	0	0	0	0	0	0	0	152	192	0	0	64	72	0	0	0	0	0
64	0	0	0	0	0	0	0	0	0	0	96	136	0	0	16	0	0	0	144	72	0
65	0	0	0	0	0	0	0	0	0	0	104	104	0	0	64	88	0	0	200	144	0
66	0	0	0	0	0	0	0	0	0	0	120	152	0	0	40	200	0	0	16	0	0
67	0	0	0	0	0	0	0	0	0	0	24	192	0	0	136	64	0	0	56	8	0
68	0	0	0	0	0	0	0	0	0	0	160	64	0	0	136	0	0	0	112	200	0
69	0	0	0	0	0	0	0	0	0	0	184	128	0	0	80	160	0	0	168	0	0
70	0	0	0	0	0	0	0	0	0	0	112	72	0	0	120	88	0	0	16	40	0
71	0	0	0	0	0	0	0	0	0	0	88	0	0	0	0	176	0	0	80	8	0
72	0	0	0	0	0	0	0	0	0	0	0	136	0	0	144	72	0	0	136	184	0
73	0	0	0	0	0	0	0	0	0	0	96	16	0	0	112	8	0	0	24	152	0
74	0	0	0	0	0	0	0	0	0	0	0	144	0	0	32	160	0	0	48	128	0
75	0	0	0	0	0	0	0	0	0	0	176	0	0	0	88	184	0	0	200	0	0
76	0	0	0	0	0	0	0	0	0	0	40	0	0	0	0	16	0	0	80	136	0
77	0	0	0	0	0	0	0	0	0	0	40	16	0	0	80	120	0	0	128	96	0
78	0	0	0	0	0	0	0	0	0	0	200	32	0	0	0	72	0	0	136	48	0
79	0	0	0	0	0	0	0	0	0	0	72	112	0	0	48	144	0	0	184	120	0
80	0	0	0	0	0	0	0	0	0	0	0	24	0	0	104	104	0	0	160	0	0
81	0	0	0	0	0	0	0	0	0	0	128	32	0	0	192	160	0	0	152	104	0
82	0	0	0	0	0	0	0	0	0	0	192	8	0	0	24	0	0	0	160	112	0
83	0	0	0	0	0	0	0	0	0	0	104	0	0	0	112	64	0	0	0	40	0
84	0	0	0	0	0	0	0	0	0	0	64	48	0	0	72	48	0	0	184	176	0
85	0	0	0	0	0	0	0	0	0	0	192	184	0	0	40	16	0	0	184	40	0
86	0	0	0	0	0	0	0	0	0	0	96	144	0	0	56	24	0	0	120	24	0
87	0	0	0	0	0	0	0	0	0	0	0	160	0	0	128	32	0	0	112	104	0
88	0	0	0	0	0	0	0	0	0	0	120	136	0	0	200	104	0	0	0	56	0
89	0	0	0	0	0	0	0	0	0	0	136	24	0	0	80	184	0	0	64	56	0
90	0	0	0	0	0	0	0	0	0	0	184	152	0	0	0	104	0	0	104	0	0
91	0	0	0	0	0	0	0	0	0	0	192	80	0	0	104	0	0	0	136	16	0
92	0	0	0	0	0	0	0	0	0	0	64	200	0	0	56	120	0	0	168	64	0
93	0	0	0	0	0	0	0	0	0	0	16	88	0	0	184	48	0	0	40	0	0
94	0	0	0	0	0	0	0	0	0	0	72	0	0	0	128	24	0	0	32	88	0
95	0	0	0	0	0	0	0	0	0	0	144	128	0	0	0	152	0	0	56	184	0
96	0	0	0	0	0	0	0	0	0	0	192	128	0	0	88	136	0	0	120	104	0
97	0	0	0	0	0	0	0	0	0	0	144	0	0	0	40	128	0	0	152	80	0
98	0	0	0	0	0	0	0	0	0	0	200	112	0	0	0	184	0	0	40	96	0
99	0	0	0	0	0	0	0	0	0	0	112	120	0	0	104	80	0	0	24	16	0
100	0	0	0	0	0	0	0	0	0	0	200	8	0	0	0	184	0	0	168	0	0
101	0	0	0	0	0	0	0	0	0	0	112	144	0	0	88	144	0	0	88	88	0
102	0	0	0	0	0	0	0	0	0	0	184	128	0	0	176	176	0	0	56	168	0
103	0	0	0	0	0	0	0	0	0	0	24	32	0	0	200	0	0	0	0	200	0
104	0	0	0	0	0	0	0	0	0	0	72	192	0	0	128	16	0	0	136	112	0
105	0	0	0	0	0	0	0	0	0	0	64	32	0	0	72	64	0	0	24	80	0
106	0	0	0	0	0	0	0	0	0	0	64	8	0	0	184	80	0	0	40	96	0
107	0	0	0	0	0	0	0	0	0	0	40	88	0	0	104	96	0	0	200	48	0
108	0	0	0	0	0	0	0	0	0	0	0	0	0	0	200	24	0	0	72	96	0
109	0	0	0	0	0	0	0	0	0	0	40	96	0	0	160	200	0	0	96	88	0
110	0	0	0	0	0	0	0	0	0	0	96	8	0	0	48	112	0	0	168	192	0
111	0	0	0	0	0	0	0	0	0	0	96	112	0	0	0	0	0	0	24	184	0
112	0	0	0	0	0	0	0	0	0	0	184	64	0	0	104	160	0	0	48	184	0
113	0	0	0	0	0	0	0	0	0	0	0	40	0	0	80	16	0	0	160	136	0
114	0	0	0	0	0	0	0	0	0	0	48	0	0	0	24	120	0	0	32	0	0
115	0	0	0	0	0	0	0	0	0	0	0	88	0	0	176	88	0	0	184	72	0
116	0	0	0	0	0	0	0	0	0	0	104	144	0	0	96	136	0	0	64	104	0
117	0	0	0	0	0	0	0	0	0	0	184	152	0	0	96	16	0	0	16	192	0
118	0	0	0	0	0	0	0	0	0	0	152	104	0	0	0	0	0	0	160	72	0
119	0	0	0	0	0	0	0	0	0	0	72	40	0	0	24	152	0	0	136	24	0
120	0	0	0	0	0	0	0	0	0	0	128	72	0	0	72	48	0	0	40	8	0
(1,9412)	(2,35)	(3,0)	(4,0)	
(1,1713)	(2,12)	(3,0)	(4,0)	
(1,1613)	(2,12)	(3,0)	(4,0)	
(1,1692)	(2,6)	(3,0)	(4,0)	
(1,1)	(2,0)	(3,0)	(4,0)	
(1,1)	(2,0)	(3,0)	(4,0)	
(1,1)	(2,0)	(3,0)	(4,0)	
(1,1)	(2,0)	(3,0)	(4,0)	
(1,1)	(2,0)	(3,0)	(4,0)	
(1,1)	(2,0)	(3,0)	(4,0)	
(1,4)	(2,0)	(3,0)	(4,0)	
(1,1)	(2,0)	(3,0)	(4,0)	
(1,1)	(2,0)	(3,0)	(4,0)	
(1,4)	(2,0)	(3,0)	(4,0)	
(1,4)	(2,0)	(3,0)	(4,0)	
(1,1)	(2,0)	(3,0)	(4,0)	
(1,1)	(2,0)	(3,0)	(4,0)	
(1,4)	(2,0)	(3,0)	(4,0)	
(1,4)	(2,0)	(3,0)	(4,0)	
(1,1)	(2,0)	(3,0)	(4,0)	
(1,1)	(2,0)	(3,0)	(4,0)	
(1,4)	(2,0)	(3,0)	(4,0)	
avg	0	0	0	0	0	0	0	0	0	0	103.2	83.3333	0	0	85.4667	89.6	0	0	98	85.3333	0
delay	0.25	0.246914	0.242857	0.796875	0.824324	0.72973	0.815789	0.936709	0.758065	0	1.04134	1.0448	0	0	1.08268	1.01786	0	0	1.03946	1.05937	0
loss	0	0	0	0	0	0	0	0	0	0	0.0177665	0.0219092	0	0	0.0273141	0.0204082	0	0	0.0277778	0.030303	0
Command ['/home/ubuntu/ns-3.30-obss/build/scratch/simple-ofdma-adhoc4', '--ofdmaEnabled=true', '--startTime=60', '--totalTime=120', '--dataMode=HeMcs5', '--datarate=2e5', '--ratio=0.375', '--RngRun=1', '--locationFile=my-simulations/8_ofdma7/locationFile322.txt', '--routingFile=my-simulations/8_ofdma7/routingFile322.txt'] terminated with signal SIGSEGV. Run it under a debugger to get more information (./waf --run <program> --command-template="gdb --args %s <args>").
