Waf: Entering directory `/home/ubuntu/ns-3.30-obss/build'
Waf: Leaving directory `/home/ubuntu/ns-3.30-obss/build'
Build commands will be stored in build/compile_commands.json
'build' finished successfully (0.679s)
--------------------------Rate[Kbps]--------------------------
Time[s]	cl-1	cl-2	cl-3	cl-4	cl-5	cl-6	cl-7	cl-8	cl-9	cl-10	cl-11	cl-12	cl-13	cl-14	cl-15	cl-16	cl-17	cl-18	cl-19	cl-20
60	11.4	15.6	15.6	14	14.8	12.8	13.4	14.6	14.4	12.6	16.4	12.2	14.8	17	14.6	15.2	16.4	15.2	14.2	11.4
61	0	0	0	0	0	0	0	0	120	672	0	0	752	560	56	656	216	0	0	0
62	0	0	0	0	0	0	0	0	720	232	0	192	48	336	160	144	536	688	504	144
63	0	0	0	0	0	0	0	0	352	24	0	728	304	664	240	432	672	0	304	96
64	0	0	0	0	0	0	0	0	576	272	520	192	352	272	128	544	408	312	160	168
65	0	0	0	0	0	0	0	0	120	0	448	184	776	224	648	200	0	304	600	256
66	0	0	0	0	0	0	0	0	24	712	0	552	800	104	152	88	616	0	136	232
67	0	0	0	0	0	0	0	0	264	200	272	728	464	8	16	336	648	632	360	48
68	0	0	0	0	0	0	0	0	360	248	256	328	8	272	376	376	184	256	288	272
69	0	0	0	0	0	0	0	0	192	160	400	744	120	512	376	400	440	192	288	176
70	0	0	0	0	0	0	0	0	8	328	408	248	312	88	568	16	408	480	192	416
71	0	0	0	0	0	0	0	0	0	112	440	616	0	48	608	80	656	560	480	0
72	0	0	0	0	0	0	0	0	392	424	472	416	112	184	512	288	368	376	216	88
73	0	0	0	0	0	0	0	0	504	336	72	488	336	536	384	344	40	24	480	24
74	0	0	0	0	0	0	0	0	0	592	168	0	24	272	0	432	712	336	368	424
75	0	0	0	0	0	0	0	0	136	456	640	536	0	128	104	480	680	248	0	624
76	0	0	0	0	0	0	0	0	176	248	328	240	376	344	368	360	464	472	464	136
77	0	0	0	0	0	0	0	0	288	296	592	760	0	336	384	208	328	320	176	120
78	0	0	0	0	0	0	0	0	264	440	56	232	472	440	0	512	280	136	352	384
79	0	0	0	0	0	0	0	0	312	544	648	392	96	0	8	104	712	32	608	0
80	0	0	0	0	0	0	0	0	136	304	344	152	40	328	0	72	296	568	0	0
81	0	0	0	0	0	0	0	0	0	176	488	616	48	8	416	576	488	584	216	432
82	0	0	0	0	0	0	0	0	472	424	232	648	664	296	368	408	0	312	80	168
83	0	0	0	0	0	0	0	0	0	96	56	0	536	456	176	296	736	376	32	480
84	0	0	0	0	0	0	0	0	392	48	456	272	0	264	144	696	680	168	464	680
85	0	0	0	0	0	0	0	0	56	56	296	0	728	776	232	16	584	288	80	472
86	0	0	0	0	0	0	0	0	248	440	192	312	352	320	0	256	432	640	128	480
87	0	0	0	0	0	0	0	0	376	280	880	88	0	104	680	16	0	112	656	632
88	0	0	0	0	0	0	0	0	632	240	328	184	224	192	240	208	328	752	240	280
89	0	0	0	0	0	0	0	0	280	72	480	664	512	600	264	344	0	16	408	144
90	0	0	0	0	0	0	0	0	40	0	216	280	568	200	0	408	832	632	0	272
91	0	0	0	0	0	0	0	0	112	360	656	512	304	144	224	568	448	112	72	536
92	0	0	0	0	0	0	0	0	784	248	376	96	616	104	464	576	256	144	80	56
93	0	0	0	0	0	0	0	0	328	72	0	624	496	464	0	440	672	504	152	216
94	0	0	0	0	0	0	0	0	584	376	0	184	0	240	272	568	192	584	592	256
95	0	0	0	0	0	0	0	0	80	176	0	472	96	328	400	568	288	208	656	664
96	0	0	0	0	0	0	0	0	304	24	488	0	288	272	264	40	152	560	784	800
97	0	0	0	0	0	0	0	0	616	184	96	360	0	96	600	88	632	320	352	416
98	0	0	0	0	0	0	0	0	144	136	232	80	0	0	168	8	48	304	280	0
99	0	0	0	0	0	0	0	0	0	0	0	0	0	0	0	0	0	0	0	0
100	0	0	0	0	0	0	0	0	0	0	0	0	0	0	0	0	0	0	0	0
101	0	0	0	0	0	0	0	0	0	0	0	0	0	0	0	0	0	0	0	0
102	0	0	0	0	0	0	0	0	0	0	0	0	0	0	0	0	0	0	0	0
103	0	0	0	0	0	0	0	0	0	0	0	0	0	0	0	0	0	0	0	0
104	0	0	0	0	0	0	0	0	0	0	0	0	0	0	0	0	0	0	0	0
105	0	0	0	0	0	0	0	0	0	0	0	0	0	0	0	0	0	0	0	0
106	0	0	0	0	0	0	0	0	0	0	0	0	0	0	0	0	0	0	0	0
107	0	0	0	0	0	0	0	0	0	0	0	0	0	0	0	0	0	0	0	0
108	0	0	0	0	0	0	0	0	0	0	0	0	0	0	0	0	0	0	0	0
109	0	0	0	0	0	0	0	0	0	0	0	0	0	0	0	0	0	0	0	0
110	0	0	0	0	0	0	0	0	0	0	0	0	0	0	0	0	0	0	0	0
111	0	0	0	0	0	0	0	0	0	0	0	0	0	0	0	0	0	0	0	0
112	0	0	0	0	0	0	0	0	0	0	0	0	0	0	0	0	0	0	0	0
113	0	0	0	0	0	0	0	0	0	0	0	0	0	0	0	0	0	0	0	0
114	0	0	0	0	0	0	0	0	0	0	0	0	0	0	0	0	0	0	0	0
115	0	0	0	0	0	0	0	0	0	0	0	0	0	0	0	0	0	0	0	0
116	0	0	0	0	0	0	0	0	0	0	0	0	0	0	0	0	0	0	0	0
117	0	0	0	0	0	0	0	0	0	0	0	0	0	0	0	0	0	0	0	0
118	0	0	0	0	0	0	0	0	0	0	0	0	0	0	0	0	0	0	0	0
119	0	0	0	0	0	0	0	0	0	0	0	0	0	0	0	0	0	0	0	0
120	0	0	0	0	0	0	0	0	0	0	0	0	0	0	0	0	0	0	0	0
(1,12827)	(2,5656)	(3,0)	(4,1137)	
(1,7040)	(2,2098)	(3,0)	(4,162)	
(1,7332)	(2,2212)	(3,0)	(4,236)	
(1,2672)	(2,212)	(3,0)	(4,23)	
(1,3339)	(2,189)	(3,0)	(4,12)	
(1,2847)	(2,217)	(3,0)	(4,24)	
(1,2820)	(2,217)	(3,0)	(4,53)	
(1,3448)	(2,354)	(3,0)	(4,15)	
(1,2770)	(2,270)	(3,0)	(4,18)	
(1,1)	(2,0)	(3,0)	(4,0)	
(1,1)	(2,0)	(3,0)	(4,0)	
(1,1)	(2,0)	(3,0)	(4,0)	
(1,1)	(2,0)	(3,0)	(4,0)	
(1,1)	(2,0)	(3,0)	(4,0)	
(1,1)	(2,0)	(3,0)	(4,0)	
(1,1)	(2,0)	(3,0)	(4,0)	
(1,1)	(2,0)	(3,0)	(4,0)	
(1,1)	(2,0)	(3,0)	(4,0)	
(1,1)	(2,0)	(3,0)	(4,0)	
(1,1)	(2,0)	(3,0)	(4,0)	
(1,1)	(2,0)	(3,0)	(4,0)	
avg	0	0	0	0	0	0	0	0	173.2	166.8	192.267	218.667	180.4	175.333	166.667	202.533	257.2	209.2	187.467	176.533
delay	0.22807	0.25641	0.692308	0.714286	0.675676	0.859375	0.716418	0.726027	5.66898	7.1311	5.37725	7.08598	4.98522	7.01065	17.3304	34.025	7.10264	51.8254	9.20341	9.44109
loss	0	0	0	0.0140845	0	0	0.0147059	0.0266667	0.624349	0.663348	0.487198	0.620282	0.620157	0.615159	0.610955	0.569932	0.473239	0.560504	0.564841	0.619868
Command ['/home/ubuntu/ns-3.30-obss/build/scratch/simple-ofdma-adhoc4', '--ofdmaEnabled=true', '--startTime=60', '--totalTime=120', '--dataMode=HeMcs5', '--datarate=10e5', '--ratio=0.375', '--RngRun=1', '--locationFile=my-simulations/8_ofdma7/txt/locationFile232.txt', '--routingFile=my-simulations/8_ofdma7/txt/routingFile232.txt'] terminated with signal SIGSEGV. Run it under a debugger to get more information (./waf --run <program> --command-template="gdb --args %s <args>").
