Waf: Entering directory `/home/ubuntu/ns-3.30-obss/build'
Waf: Leaving directory `/home/ubuntu/ns-3.30-obss/build'
Build commands will be stored in build/compile_commands.json
'build' finished successfully (0.812s)
--------------------------Rate[Kbps]--------------------------
Time[s]	cl-1	cl-2	cl-3	cl-4	cl-5	cl-6	cl-7	cl-8	cl-9	cl-10	cl-11	cl-12	cl-13	cl-14	cl-15	cl-16	cl-17	cl-18
60	13.6	16.8	14.6	15.2	14.6	15.6	14	13	14.8	14.2	14.2	15.4	14	14	17.4	13.4	15.6	14.4
61	0	0	0	0	0	0	0	0	392	264	96	0	72	120	192	208	104	272
62	0	0	0	0	0	0	272	208	472	16	144	240	8	584	600	152	184	88
63	0	0	0	0	0	0	304	376	120	216	128	224	296	216	432	560	496	0
64	0	0	0	0	0	0	72	168	8	96	280	496	24	40	336	88	504	264
65	0	0	0	0	0	0	544	336	152	80	312	0	360	288	0	168	256	512
66	0	0	0	0	0	0	352	472	416	448	48	104	392	472	328	376	0	464
67	0	0	0	0	0	0	32	240	0	168	184	296	64	336	128	384	288	200
68	0	0	0	0	0	0	88	472	408	432	232	592	320	192	416	0	512	152
69	0	0	0	0	0	0	536	280	120	424	48	432	488	512	344	112	392	240
70	0	0	0	0	0	0	432	472	400	32	176	0	24	400	144	56	136	560
71	0	0	0	0	0	0	296	264	16	440	264	192	416	448	32	200	8	32
72	0	0	0	0	0	0	472	112	152	72	312	0	504	344	568	592	128	240
73	0	0	0	0	0	0	360	160	440	16	344	176	264	104	328	152	496	24
74	0	0	0	0	0	0	0	96	80	400	176	352	440	328	480	64	312	56
75	0	0	0	0	0	0	424	424	240	384	544	536	104	32	144	336	296	0
76	0	0	0	0	0	0	0	0	0	536	456	328	120	552	40	360	0	16
77	0	0	0	0	0	0	16	136	168	296	336	376	32	280	352	456	344	328
78	0	0	0	0	0	0	64	512	416	136	384	128	400	128	0	40	312	0
79	0	0	0	0	0	0	160	88	336	96	512	424	528	456	144	240	48	328
80	0	0	0	0	0	0	120	336	416	40	416	288	136	248	296	296	0	176
81	0	0	0	0	0	0	112	0	368	440	360	192	224	288	576	232	96	72
82	0	0	0	0	0	0	232	112	40	0	216	0	384	88	192	336	160	480
83	0	0	0	0	0	0	328	0	400	120	160	376	448	504	256	0	80	96
84	0	0	0	0	0	0	56	168	64	456	272	312	224	312	296	0	0	56
85	0	0	0	0	0	0	72	144	120	0	40	128	280	392	200	96	296	264
86	0	0	0	0	0	0	56	528	136	120	360	512	304	288	512	368	280	200
87	0	0	0	0	0	0	552	16	544	512	168	328	0	296	448	320	248	168
88	0	0	0	0	0	0	200	72	56	328	216	400	264	464	504	280	528	224
89	0	0	0	0	0	0	432	384	24	536	200	584	480	0	112	344	384	40
90	0	0	0	0	0	0	552	240	192	128	440	224	552	464	168	440	528	400
91	0	0	0	0	0	0	416	32	504	248	336	336	408	0	56	320	384	352
92	0	0	0	0	0	0	520	192	504	88	528	16	208	48	176	248	64	384
93	0	0	0	0	0	0	200	520	496	208	496	800	512	544	0	160	160	64
94	0	0	0	0	0	0	56	72	464	256	184	528	176	264	48	120	536	352
95	0	0	0	0	0	0	216	416	328	64	448	168	336	344	512	280	208	328
96	0	0	0	0	0	0	312	280	184	384	392	56	240	272	96	88	72	120
97	0	0	0	0	0	0	584	152	16	192	456	0	368	512	296	544	0	472
98	0	0	0	0	0	0	480	296	400	80	176	216	536	184	280	384	80	408
99	0	0	0	0	0	0	112	528	0	328	136	320	104	0	592	536	352	96
100	0	0	0	0	0	0	32	248	72	0	0	168	352	520	488	192	200	440
101	0	0	0	0	0	0	0	232	32	80	128	0	256	224	128	16	280	0
102	0	0	0	0	0	0	416	168	576	184	184	408	464	64	16	152	472	256
103	0	0	0	0	0	0	64	520	400	560	544	352	232	336	424	352	216	152
104	0	0	0	0	0	0	448	528	248	296	416	480	160	344	256	400	24	0
105	0	0	0	0	0	0	480	192	0	200	368	0	72	96	392	208	32	376
106	0	0	0	0	0	0	344	48	136	16	448	152	128	0	40	176	496	312
107	0	0	0	0	0	0	432	184	0	272	160	312	344	0	0	88	256	264
108	0	0	0	0	0	0	0	64	112	168	288	64	16	128	144	120	96	48
109	0	0	0	0	0	0	240	80	400	448	0	128	376	168	184	488	272	0
110	0	0	0	0	0	0	400	408	576	544	80	80	504	560	448	0	448	40
111	0	0	0	0	0	0	192	16	80	464	600	248	48	112	200	232	224	40
112	0	0	0	0	0	0	128	584	336	144	368	248	312	376	16	312	416	160
113	0	0	0	0	0	0	208	480	288	168	496	168	504	120	168	432	528	24
114	0	0	0	0	0	0	416	248	216	32	176	0	112	496	320	248	200	512
115	0	0	0	0	0	0	64	144	448	296	64	176	136	120	432	456	496	208
116	0	0	0	0	0	0	240	152	32	312	400	192	40	328	0	0	240	168
117	0	0	0	0	0	0	0	384	384	0	424	176	456	328	112	24	432	264
118	0	0	0	0	0	0	136	0	192	424	584	128	472	264	576	64	424	0
119	0	0	0	0	0	0	0	328	320	320	424	24	456	496	128	104	272	264
120	0	0	0	0	0	0	192	504	336	64	400	0	504	336	96	504	560	200
(1,22421)	(2,2236)	(3,0)	(4,213)	
(1,11114)	(2,867)	(3,0)	(4,13)	
(1,10932)	(2,981)	(3,0)	(4,126)	
(1,5557)	(2,211)	(3,0)	(4,0)	
(1,5588)	(2,263)	(3,0)	(4,27)	
(1,5800)	(2,418)	(3,0)	(4,18)	
(1,5268)	(2,273)	(3,0)	(4,14)	
(1,1)	(2,0)	(3,0)	(4,0)	
(1,1)	(2,0)	(3,0)	(4,0)	
(1,1)	(2,0)	(3,0)	(4,0)	
(1,1)	(2,0)	(3,0)	(4,0)	
(1,1)	(2,0)	(3,0)	(4,0)	
(1,1)	(2,0)	(3,0)	(4,0)	
(1,1)	(2,0)	(3,0)	(4,0)	
(1,1)	(2,0)	(3,0)	(4,0)	
(1,1)	(2,0)	(3,0)	(4,0)	
(1,1)	(2,0)	(3,0)	(4,0)	
(1,1)	(2,0)	(3,0)	(4,0)	
(1,1)	(2,0)	(3,0)	(4,0)	
avg	0	0	0	0	0	0	241.067	246.933	246.267	234.533	292.133	236.4	283.067	279.333	253.2	241.733	264.267	204.267
delay	0.264706	0.285714	0.849315	0.828947	0.794521	0.75641	2.57024	4.12041	5.26746	4.1643	9.84573	43.1619	5.18935	12.4931	6.40548	8.615	6.78759	12.3211
loss	0	0	0	0	0	0	0.115027	0.117255	0.111592	0.136899	0.116532	0.1059	0.126697	0.136082	0.14498	0.109091	0.116362	0.176344
Command ['/home/ubuntu/ns-3.30-obss/build/scratch/simple-ofdma-adhoc4', '--ofdmaEnabled=true', '--startTime=60', '--totalTime=120', '--dataMode=HeMcs7', '--datarate=6e5', '--ratio=0.375', '--RngRun=27', '--locationFile=my-simulations/8_ofdma7/txt/locationFile223.txt', '--routingFile=my-simulations/8_ofdma7/txt/routingFile223.txt'] terminated with signal SIGSEGV. Run it under a debugger to get more information (./waf --run <program> --command-template="gdb --args %s <args>").
