Waf: Entering directory `/home/ubuntu/ns-3.30-obss/build'
Waf: Leaving directory `/home/ubuntu/ns-3.30-obss/build'
Build commands will be stored in build/compile_commands.json
'build' finished successfully (0.771s)
--------------------------Rate[Kbps]--------------------------
Time[s]	cl-1	cl-2	cl-3	cl-4	cl-5	cl-6	cl-7	cl-8	cl-9	cl-10	cl-11	cl-12	cl-13	cl-14	cl-15	cl-16	cl-17	cl-18	cl-19	cl-20
60	13.2	14.4	13	12.2	14.4	15.8	16.6	14.4	14.8	15.2	15.2	14.4	16.4	15.8	15.6	11.6	17.2	12.8	13.6	15.2
61	0	0	0	0	0	0	0	0	176	104	0	80	24	48	128	152	88	24	120	88
62	0	0	0	0	0	0	0	0	48	184	24	144	176	80	56	160	88	0	200	48
63	0	0	0	0	0	0	0	0	88	136	16	16	160	104	32	0	56	168	160	200
64	0	0	0	0	0	0	0	0	152	16	72	32	96	24	48	40	32	160	80	32
65	0	0	0	0	0	0	0	0	184	112	112	200	0	56	8	144	16	0	80	128
66	0	0	0	0	0	0	0	0	112	80	168	144	104	80	152	48	136	128	192	16
67	0	0	0	0	0	0	0	0	128	64	136	200	144	152	176	56	56	136	40	88
68	0	0	0	0	0	0	0	0	8	88	144	128	104	48	160	176	112	48	200	192
69	0	0	0	0	0	0	0	0	168	72	24	72	64	88	144	96	0	0	128	96
70	0	0	0	0	0	0	0	0	160	88	104	120	96	88	160	192	24	152	88	72
71	0	0	0	0	0	0	0	0	24	112	96	144	176	136	64	136	0	0	0	192
72	0	0	0	0	0	0	0	0	0	112	152	96	168	152	96	184	152	80	120	144
73	0	0	0	0	0	0	0	0	88	128	80	120	0	128	64	88	64	0	136	184
74	0	0	0	0	0	0	0	0	200	192	200	176	104	112	8	136	152	128	0	0
75	0	0	0	0	0	0	0	0	152	16	184	112	176	168	64	96	104	24	184	152
76	0	0	0	0	0	0	0	0	144	160	96	176	104	0	48	80	88	112	112	80
77	0	0	0	0	0	0	0	0	8	88	104	104	56	120	24	32	80	136	72	80
78	0	0	0	0	0	0	0	0	0	72	160	0	24	152	200	8	88	168	176	184
79	0	0	0	0	0	0	0	0	192	200	152	72	56	200	152	200	104	104	8	120
80	0	0	0	0	0	0	0	0	168	104	40	80	64	64	192	168	48	0	176	0
81	0	0	0	0	0	0	0	0	80	96	176	120	72	0	104	184	24	80	184	56
82	0	0	0	0	0	0	0	0	96	16	104	160	80	192	72	104	64	176	24	176
83	0	0	0	0	0	0	0	0	128	104	104	16	128	120	136	120	200	128	40	40
84	0	0	0	0	0	0	0	0	88	144	96	136	16	112	192	0	8	24	32	96
85	0	0	0	0	0	0	0	0	184	120	120	8	128	112	8	160	64	0	88	184
86	0	0	0	0	0	0	0	0	160	128	64	160	176	136	8	200	200	104	112	184
87	0	0	0	0	0	0	0	0	128	120	184	136	160	120	64	48	152	24	48	32
88	0	0	0	0	0	0	0	0	88	40	200	200	120	40	64	200	112	72	128	80
89	0	0	0	0	0	0	0	0	40	88	168	48	152	40	72	184	16	0	192	128
90	0	0	0	0	0	0	0	0	64	96	200	24	192	96	24	24	192	184	128	48
91	0	0	0	0	0	0	0	0	184	200	40	0	200	120	80	56	184	96	200	0
92	0	0	0	0	0	0	0	0	184	24	80	112	48	8	0	200	168	16	48	8
93	0	0	0	0	0	0	0	0	120	104	48	200	136	112	128	40	128	104	104	176
94	0	0	0	0	0	0	0	0	0	144	88	144	104	24	192	8	80	40	56	160
95	0	0	0	0	0	0	0	0	64	32	184	48	24	40	112	0	80	184	192	200
96	0	0	0	0	0	0	0	0	56	152	136	88	16	192	72	152	40	192	184	80
97	0	0	0	0	0	0	0	0	0	96	0	0	32	72	24	168	88	200	0	72
98	0	0	0	0	0	0	0	0	56	112	80	112	32	184	184	48	96	72	152	120
99	0	0	0	0	0	0	0	0	136	184	8	24	40	32	0	40	200	192	192	72
100	0	0	0	0	0	0	0	0	8	192	72	40	136	144	72	64	8	176	176	0
101	0	0	0	0	0	0	0	0	88	16	136	24	168	136	40	200	128	48	160	128
102	0	0	0	0	0	0	0	0	112	120	104	0	32	136	80	128	96	112	24	24
103	0	0	0	0	0	0	0	0	0	184	152	0	168	168	200	200	24	56	8	80
104	0	0	0	0	0	0	0	0	72	16	96	144	136	144	104	120	176	80	112	64
105	0	0	0	0	0	0	0	0	120	56	160	96	112	8	104	40	136	176	96	40
106	0	0	0	0	0	0	0	0	176	200	0	184	160	176	152	56	152	200	192	40
107	0	0	0	0	0	0	0	0	176	88	64	136	72	72	104	200	0	88	32	152
108	0	0	0	0	0	0	0	0	64	144	48	80	16	40	160	72	80	176	184	80
109	0	0	0	0	0	0	0	0	120	176	104	56	96	192	176	0	0	112	144	200
110	0	0	0	0	0	0	0	0	120	160	96	160	112	200	24	0	88	176	72	112
111	0	0	0	0	0	0	0	0	40	56	40	168	40	104	56	136	136	128	144	112
112	0	0	0	0	0	0	0	0	24	120	200	200	136	200	0	16	0	40	0	112
113	0	0	0	0	0	0	0	0	32	0	104	160	96	160	96	80	88	112	176	80
114	0	0	0	0	0	0	0	0	0	160	48	8	48	192	104	112	0	128	0	16
115	0	0	0	0	0	0	0	0	144	184	112	104	0	16	8	200	56	48	104	120
116	0	0	0	0	0	0	0	0	0	192	176	0	160	96	128	168	72	168	152	88
117	0	0	0	0	0	0	0	0	48	168	0	24	120	72	0	64	24	160	72	80
118	0	0	0	0	0	0	0	0	96	184	128	40	144	56	88	112	80	64	128	0
119	0	0	0	0	0	0	0	0	0	168	24	0	80	96	88	136	24	160	112	160
120	0	0	0	0	0	0	0	0	40	0	104	80	152	72	120	48	0	48	192	112
(1,10422)	(2,102)	(3,0)	(4,0)	
(1,5061)	(2,98)	(3,0)	(4,0)	
(1,5074)	(2,29)	(3,0)	(4,0)	
(1,1671)	(2,14)	(3,0)	(4,0)	
(1,1619)	(2,7)	(3,0)	(4,0)	
(1,1680)	(2,10)	(3,0)	(4,0)	
(1,1590)	(2,10)	(3,0)	(4,0)	
(1,1517)	(2,4)	(3,0)	(4,0)	
(1,1708)	(2,2)	(3,0)	(4,0)	
(1,1)	(2,0)	(3,0)	(4,0)	
(1,1)	(2,0)	(3,0)	(4,0)	
(1,1)	(2,0)	(3,0)	(4,0)	
(1,1)	(2,0)	(3,0)	(4,0)	
(1,1)	(2,0)	(3,0)	(4,0)	
(1,1)	(2,0)	(3,0)	(4,0)	
(1,1)	(2,0)	(3,0)	(4,0)	
(1,1)	(2,0)	(3,0)	(4,0)	
(1,1)	(2,0)	(3,0)	(4,0)	
(1,1)	(2,0)	(3,0)	(4,0)	
(1,1)	(2,0)	(3,0)	(4,0)	
(1,1)	(2,0)	(3,0)	(4,0)	
avg	0	0	0	0	0	0	0	0	92.2667	111.867	101.867	94.2667	98.9333	103.867	90.2667	104.667	82.5333	98.5333	110.933	96.8
delay	0.287879	0.361111	0.692308	0.737705	0.722222	0.810127	0.807229	0.736111	1.73699	1.76281	1.69764	1.79915	1.77493	1.64827	1.65288	1.67389	1.6462	1.72124	1.66466	1.65978
loss	0	0	0.0151515	0.016129	0	0.0125	0	0	0.0225989	0.0255517	0.0230179	0.0354707	0.0236842	0.0126743	0.023088	0.0260546	0.0190174	0.0172872	0.0223267	0.0215633
Command ['/home/ubuntu/ns-3.30-obss/build/scratch/simple-ofdma-adhoc4', '--ofdmaEnabled=true', '--startTime=60', '--totalTime=120', '--dataMode=HeMcs7', '--datarate=2e5', '--ratio=0.375', '--RngRun=27', '--locationFile=my-simulations/8_ofdma7/txt/locationFile232.txt', '--routingFile=my-simulations/8_ofdma7/txt/routingFile232.txt'] terminated with signal SIGSEGV. Run it under a debugger to get more information (./waf --run <program> --command-template="gdb --args %s <args>").
