Waf: Entering directory `/home/ubuntu/ns-3.30-obss/build'
Waf: Leaving directory `/home/ubuntu/ns-3.30-obss/build'
Build commands will be stored in build/compile_commands.json
'build' finished successfully (0.812s)
--------------------------Rate[Kbps]--------------------------
Time[s]	cl-1	cl-2	cl-3	cl-4	cl-5	cl-6	cl-7	cl-8	cl-9	cl-10	cl-11	cl-12
60	18.8	13.2	17.8	15.6	15.2	15.6	14.2	13.4	14	13.4	11.8	17.6
61	0	0	24	328	0	136	320	32	0	0	272	176
62	0	0	288	400	152	400	232	160	24	32	112	344
63	0	0	368	312	136	216	304	192	0	400	64	144
64	0	0	336	288	208	240	72	88	176	264	120	128
65	0	0	232	296	8	232	80	24	0	232	280	136
66	0	0	376	80	280	0	112	56	120	8	24	344
67	0	0	0	56	400	88	136	0	392	368	96	0
68	0	0	32	400	192	8	376	224	112	32	24	56
69	0	0	392	104	392	392	368	368	144	256	400	224
70	0	0	128	224	160	0	384	184	352	224	128	216
71	0	0	392	184	48	384	32	0	24	24	200	0
72	0	0	232	56	0	136	392	64	56	160	384	136
73	0	0	184	240	344	256	328	96	160	0	32	104
74	0	0	0	256	216	400	328	336	0	264	0	0
75	0	0	160	376	112	56	320	288	160	0	96	296
76	0	0	0	264	184	336	280	192	0	16	0	288
77	0	0	280	24	120	336	232	32	120	400	352	240
78	0	0	144	0	176	0	24	24	0	360	96	264
79	0	0	0	96	224	72	48	104	320	168	216	400
80	0	0	368	24	320	272	0	80	32	72	280	176
81	0	0	376	152	248	352	224	0	336	248	0	224
82	0	0	272	232	80	312	0	384	144	0	144	72
83	0	0	368	0	104	368	56	184	136	392	152	400
84	0	0	224	288	256	144	168	352	360	208	136	216
85	0	0	392	400	368	120	16	216	64	240	320	376
86	0	0	120	88	376	264	192	336	376	384	400	296
87	0	0	264	112	304	0	192	144	368	256	392	32
88	0	0	200	0	312	256	160	264	400	0	184	136
89	0	0	368	248	0	104	0	336	56	240	384	184
90	0	0	288	272	328	136	392	392	240	176	56	400
91	0	0	80	24	320	56	352	224	0	400	176	168
92	0	0	128	352	104	96	296	368	216	128	16	0
93	0	0	208	112	248	376	200	192	128	128	400	224
94	0	0	344	272	288	320	112	376	216	304	176	232
95	0	0	16	136	352	400	128	144	368	304	24	232
96	0	0	0	0	184	208	368	0	0	264	152	0
97	0	0	216	360	400	144	96	264	96	384	392	168
98	0	0	48	296	200	360	368	0	392	392	192	328
99	0	0	256	272	240	400	136	272	224	368	136	240
100	0	0	64	336	88	64	288	376	280	304	160	72
101	0	0	16	344	144	304	232	144	160	192	328	320
102	0	0	216	368	248	224	296	16	0	352	136	0
103	0	0	168	208	16	32	136	128	352	232	328	120
104	0	0	64	184	160	136	280	400	400	200	264	312
105	0	0	256	112	232	264	104	152	352	40	280	264
106	0	0	280	224	136	48	208	0	384	400	136	0
107	0	0	360	400	136	248	200	184	256	72	0	56
108	0	0	48	208	80	56	24	320	264	152	152	256
109	0	0	352	40	136	288	344	0	264	152	0	312
110	0	0	272	144	240	384	56	88	368	0	64	272
111	0	0	56	224	256	200	136	400	136	200	72	152
112	0	0	120	0	336	400	208	144	128	208	216	16
113	0	0	0	64	256	384	400	136	384	272	240	216
114	0	0	152	88	40	80	160	384	216	368	112	392
115	0	0	184	376	152	208	0	56	0	160	72	216
116	0	0	400	344	80	216	272	168	16	384	16	40
117	0	0	240	208	136	248	400	0	0	160	112	376
118	0	0	0	336	144	248	320	352	56	56	368	128
119	0	0	208	96	304	0	400	32	168	0	32	0
120	0	0	280	96	200	88	8	224	88	224	96	96
(1,14814)	(2,389)	(3,0)	(4,1)	
(1,7535)	(2,267)	(3,0)	(4,1)	
(1,6876)	(2,213)	(3,0)	(4,0)	
(1,1)	(2,0)	(3,0)	(4,0)	
(1,1)	(2,0)	(3,0)	(4,0)	
(1,1)	(2,0)	(3,0)	(4,0)	
(1,1)	(2,0)	(3,0)	(4,0)	
(1,1)	(2,0)	(3,0)	(4,0)	
(1,1)	(2,0)	(3,0)	(4,0)	
(1,1)	(2,0)	(3,0)	(4,0)	
(1,1)	(2,0)	(3,0)	(4,0)	
(1,1)	(2,0)	(3,0)	(4,0)	
(1,1)	(2,0)	(3,0)	(4,0)	
avg	0	0	197.333	200.4	198.4	208.267	204.933	178.267	176.4	203.733	169.867	186.933
delay	0.244681	0.287879	1.18851	1.14305	1.21438	1.17606	1.15029	1.23186	1.14664	1.13482	1.25432	1.20114
loss	0	0	0.0153027	0.022121	0.00866089	0.0138889	0.0191449	0.0226608	0.00898876	0.00585556	0.0162162	0.0168303
Command ['/home/ubuntu/ns-3.30-obss/build/scratch/simple-ofdma-adhoc4', '--ofdmaEnabled=true', '--startTime=60', '--totalTime=120', '--dataMode=HeMcs5', '--datarate=4e5', '--ratio=0.375', '--RngRun=27', '--locationFile=my-simulations/8_ofdma7/txt/locationFile25.txt', '--routingFile=my-simulations/8_ofdma7/txt/routingFile25.txt'] terminated with signal SIGSEGV. Run it under a debugger to get more information (./waf --run <program> --command-template="gdb --args %s <args>").
