Waf: Entering directory `/home/ubuntu/ns-3.30-obss/build'
Waf: Leaving directory `/home/ubuntu/ns-3.30-obss/build'
Build commands will be stored in build/compile_commands.json
'build' finished successfully (0.839s)
--------------------------Rate[Kbps]--------------------------
Time[s]	cl-1	cl-2	cl-3	cl-4	cl-5	cl-6	cl-7	cl-8	cl-9	cl-10	cl-11	cl-12	cl-13	cl-14	cl-15	cl-16	cl-17	cl-18	cl-19	cl-20
60	15	13	15.8	14.6	11.2	15.8	16	19.2	20	16.8	15.6	16.6	16.4	15.8	15.4	16.4	14.2	14.2	14.8	16.4
61	240	248	248	248	216	104	120	128	184	160	160	168	216	168	144	152	208	160	112	128
62	232	240	232	232	224	216	136	128	216	168	168	184	192	128	128	128	192	136	96	112
63	248	232	208	224	224	160	152	144	216	160	136	160	168	176	136	152	240	144	112	136
64	248	240	248	248	216	136	160	160	208	200	200	208	112	200	184	184	200	184	168	176
65	248	240	256	256	240	176	152	168	200	176	168	200	344	160	152	168	232	184	160	200
66	240	248	232	232	240	272	160	144	224	160	136	168	200	200	152	168	200	176	104	120
67	248	232	240	240	224	144	112	128	208	192	160	192	184	104	96	136	200	120	96	120
68	248	248	248	248	240	192	176	176	216	192	168	192	208	192	184	184	192	176	160	176
69	248	240	248	248	200	152	144	144	216	192	184	200	176	216	176	192	200	176	152	152
70	240	232	240	240	240	136	168	168	224	168	152	184	248	200	184	200	224	192	152	176
71	232	232	232	232	248	192	136	144	208	168	168	176	112	168	136	160	192	136	88	120
72	248	240	248	248	208	112	136	144	192	160	128	160	328	184	144	160	232	184	136	160
73	248	256	248	256	224	232	160	160	224	192	168	176	168	168	136	160	216	168	160	168
74	240	232	232	240	224	160	120	112	88	176	176	216	240	192	136	144	208	184	136	176
75	248	248	248	248	216	136	128	136	328	160	168	168	200	152	128	152	232	184	128	136
76	248	240	248	248	240	168	120	136	176	128	112	152	152	152	112	136	144	112	104	96
77	256	248	232	248	248	176	152	160	216	184	176	192	216	152	136	144	248	152	96	136
78	248	248	248	248	248	104	216	192	192	184	176	208	224	200	168	192	224	200	184	192
79	240	232	240	240	248	320	168	184	216	192	168	184	216	184	160	168	208	168	136	136
80	240	224	232	240	200	128	112	128	208	192	168	200	224	176	160	208	184	160	128	200
81	248	248	248	248	208	128	152	120	208	152	144	176	216	176	144	160	224	160	136	152
82	248	248	248	240	224	184	144	144	224	200	152	184	168	176	168	200	224	168	136	168
83	240	232	240	240	216	144	120	136	160	160	128	144	264	152	120	168	192	200	144	152
84	240	232	232	240	224	200	160	168	296	200	168	168	216	184	168	176	224	176	128	168
85	248	248	256	248	216	144	136	120	224	168	168	208	216	160	152	200	216	160	120	184
86	248	240	240	248	216	176	136	136	184	144	128	144	224	208	160	176	208	176	128	160
87	248	248	232	240	224	152	120	144	216	176	144	160	216	144	120	168	200	168	112	136
88	248	248	248	248	240	200	176	176	224	216	184	200	232	160	152	184	208	192	152	184
89	256	256	256	256	224	168	136	136	208	184	184	192	184	200	160	160	208	192	144	168
90	240	216	240	248	216	168	144	152	232	168	160	200	232	160	144	160	192	168	136	152
91	248	240	240	240	248	144	184	200	200	184	184	208	200	168	168	192	16	208	176	176
92	240	224	240	240	216	160	112	112	216	168	160	168	200	144	128	128	376	160	72	80
93	248	240	240	248	240	192	168	160	200	152	152	176	200	168	136	144	176	184	120	168
94	248	248	248	248	240	200	192	184	240	224	192	208	224	216	192	192	232	192	160	176
95	248	240	248	240	240	192	184	192	208	192	200	216	224	160	160	176	224	192	160	184
96	248	248	240	240	232	192	168	168	216	192	176	184	224	200	168	168	192	192	168	160
97	248	248	240	240	224	176	176	168	232	200	192	200	216	184	168	192	200	184	120	152
98	240	240	248	248	232	112	192	168	208	168	168	208	232	160	144	168	200	160	128	184
99	240	240	240	240	224	256	160	200	224	208	208	200	224	168	176	184	240	200	160	176
100	248	248	248	240	216	192	176	192	216	208	208	224	232	216	216	232	224	224	208	208
101	256	248	256	256	224	160	144	128	200	168	144	176	216	168	136	136	40	176	128	152
102	248	248	248	248	240	176	128	136	216	184	184	184	136	152	128	144	400	192	144	144
103	240	232	232	232	240	160	128	136	184	160	168	176	320	168	136	160	184	168	96	112
104	240	240	240	240	216	192	152	168	224	176	176	200	224	192	168	184	240	208	184	192
105	256	256	256	256	248	136	176	160	168	192	168	192	80	208	200	232	208	160	120	136
106	248	248	240	248	240	248	176	184	256	208	176	176	344	176	176	184	216	192	144	152
107	240	240	240	240	224	192	168	176	184	200	192	200	208	200	168	192	200	192	168	160
108	240	248	240	240	232	192	152	168	216	184	176	200	200	160	144	168	176	144	120	160
109	256	256	256	256	248	200	192	200	208	192	184	192	216	192	176	168	104	224	184	192
110	248	240	248	248	248	168	152	152	160	184	168	192	184	168	144	176	344	184	144	160
111	240	248	248	240	240	192	176	168	288	208	200	232	224	200	176	192	232	216	168	176
112	224	232	232	232	232	200	176	192	232	184	200	200	224	176	168	200	224	216	200	208
113	248	248	248	248	208	152	112	128	216	168	144	160	208	168	160	152	184	184	128	136
114	248	248	248	240	224	104	152	120	208	144	128	168	192	152	112	120	168	144	72	96
115	248	248	240	240	224	176	152	160	152	192	160	184	224	176	136	160	208	120	96	152
116	248	240	248	240	192	136	104	112	280	200	160	176	216	136	96	144	200	152	96	112
117	256	240	248	248	232	168	104	112	192	176	160	168	192	128	96	96	200	168	120	128
118	248	256	256	248	216	16	152	144	216	184	176	184	32	152	144	184	208	168	136	152
119	240	248	248	240	232	296	168	168	208	184	168	184	392	192	168	184	192	160	128	144
120	240	232	240	232	240	168	176	168	200	208	168	184	208	176	160	200	224	208	152	184
avg	245.333	242.133	243.2	243.6	228.133	172.133	151.733	154	211.733	181.067	167.333	186.4	211.867	173.6	151.467	169.867	208.4	175.467	135.733	155.867
delay	3.08859	4.96806	4.94408	4.95074	9.59906	103.607	18.1424	18.297	49.7028	20.3579	20.0223	19.6295	101.17	26.775	26.1981	25.9505	65.675	31.2515	31.0147	30.8657
Command ['/home/ubuntu/ns-3.30-obss/build/scratch/simple-ofdma-adhoc', '--ofdmaEnabled=true', '--startTime=60', '--totalTime=120', '--dataMode=HeMcs2', '--datarate=2.5e5', '--clNum=20', '--ratio=0.375', '--RngRun=57'] terminated with signal SIGSEGV. Run it under a debugger to get more information (./waf --run <program> --command-template="gdb --args %s <args>").
