Waf: Entering directory `/home/ubuntu/ns-3.30-obss/build'
Waf: Leaving directory `/home/ubuntu/ns-3.30-obss/build'
Build commands will be stored in build/compile_commands.json
'build' finished successfully (0.730s)
--------------------------Rate[Kbps]--------------------------
Time[s]	cl-1	cl-2	cl-3	cl-4	cl-5	cl-6	cl-7	cl-8	cl-9	cl-10	cl-11	cl-12	cl-13	cl-14	cl-15	cl-16	cl-17	cl-18	cl-19	cl-20
60	14.2	15.6	13.2	13.6	13.2	15	13.8	14.2	15.8	16.4	12	16.8	12.8	19.6	11	16.4	13.2	14.2	16.4	15
61	0	0	0	0	0	0	64	408	336	256	48	448	512	80	16	0	344	0	496	0
62	0	0	0	0	0	48	408	192	648	360	656	144	176	344	304	160	272	304	128	336
63	0	0	0	0	0	0	384	336	64	536	224	432	120	624	416	440	176	552	440	536
64	0	0	0	0	0	128	400	536	224	232	632	0	576	376	120	448	24	168	424	0
65	0	0	0	0	0	320	328	368	280	400	384	488	104	664	488	376	528	136	576	272
66	0	0	0	0	0	544	176	40	184	536	576	600	312	240	160	80	312	264	0	0
67	0	0	0	0	0	120	168	296	0	440	0	0	112	0	664	128	104	0	328	288
68	0	0	0	0	0	256	216	328	136	600	496	128	416	184	24	680	64	440	344	168
69	0	0	0	0	0	64	72	200	648	592	96	352	592	584	544	456	272	264	336	64
70	0	0	0	0	0	592	112	256	408	96	312	584	168	384	216	232	320	616	264	536
71	0	0	0	0	0	464	320	160	424	240	608	40	600	392	416	408	96	272	472	392
72	0	0	0	0	0	48	32	392	512	576	352	184	272	360	160	312	512	648	488	232
73	0	0	0	0	0	136	0	336	528	208	584	696	0	328	344	216	192	624	480	368
74	0	0	0	0	0	72	320	208	432	0	408	368	544	136	632	0	352	56	424	656
75	0	0	0	0	0	464	320	224	504	496	16	152	344	32	120	360	0	304	0	200
76	0	0	0	0	0	280	296	440	0	472	56	312	384	72	360	544	464	368	648	128
77	0	0	0	0	8	0	592	112	160	184	696	376	408	96	288	296	208	704	392	168
78	0	0	0	0	0	432	304	16	544	688	488	592	464	400	320	280	264	256	256	272
79	0	0	0	8	0	32	320	456	328	128	0	512	64	56	208	696	640	528	416	496
80	0	0	0	0	0	8	240	80	248	32	64	304	56	328	24	128	184	328	120	120
81	0	8	8	0	0	360	400	80	32	480	608	608	40	528	352	296	432	360	600	24
82	0	0	0	0	0	416	552	344	312	248	144	64	32	128	64	408	0	48	184	352
83	0	0	0	0	0	528	160	392	320	368	248	320	208	72	464	656	136	0	0	504
84	0	0	0	0	0	232	24	448	472	192	704	224	0	192	344	504	392	488	264	656
85	0	0	0	0	0	448	416	432	120	224	72	576	632	544	264	8	408	312	40	400
86	0	0	0	0	0	40	608	208	552	168	120	368	584	280	0	104	504	256	40	704
87	0	0	0	0	0	552	280	192	528	368	48	80	112	0	96	592	512	376	704	248
88	0	0	0	0	0	32	328	0	608	640	544	600	392	0	440	448	304	152	544	200
89	0	0	0	0	0	520	0	56	56	416	528	104	208	80	0	288	544	656	208	152
90	0	0	0	0	0	200	184	304	264	568	176	0	400	272	496	672	312	536	0	424
91	8	0	0	0	0	48	176	536	304	0	656	592	560	680	0	360	112	624	72	400
92	0	0	0	0	0	416	328	496	432	344	456	128	160	256	280	320	368	56	208	88
93	0	0	0	0	0	168	232	160	216	704	696	0	472	672	200	0	216	176	480	16
94	0	0	0	0	0	536	496	0	336	328	240	400	0	352	688	296	352	296	0	192
95	0	0	0	8	8	136	48	64	24	56	640	368	536	496	400	688	128	392	440	232
96	0	8	0	0	0	368	0	288	648	0	664	0	184	0	336	48	648	192	416	296
97	0	0	0	0	0	64	144	472	592	440	0	312	296	528	168	56	40	280	640	544
98	0	0	0	0	0	16	88	0	592	520	392	208	416	448	256	664	528	208	512	656
99	0	0	0	0	0	208	416	152	40	56	544	16	152	184	624	280	400	120	40	360
100	0	0	0	0	0	8	0	48	624	696	40	560	336	152	288	352	80	472	536	520
101	0	0	8	0	0	456	208	368	536	464	592	32	432	192	296	272	280	528	376	112
102	0	0	0	0	0	248	384	168	312	120	336	392	24	592	496	336	0	280	224	288
103	0	0	0	0	0	48	232	376	416	32	280	184	648	584	296	680	520	472	96	648
104	0	0	0	0	0	256	72	152	544	496	344	360	536	192	560	160	664	600	392	72
105	8	0	0	0	0	256	448	128	112	0	88	480	568	0	400	624	352	568	496	312
106	0	0	0	0	0	176	32	544	560	456	456	56	472	552	472	496	376	568	104	176
107	0	0	0	0	0	296	24	544	688	264	488	184	472	272	496	168	0	152	0	160
108	0	0	0	0	0	0	568	504	0	272	0	72	344	280	408	376	664	64	488	552
109	0	0	0	0	0	160	472	528	168	264	168	296	336	112	312	512	280	416	88	416
110	0	0	0	0	0	216	136	440	672	376	480	632	336	376	648	168	184	408	224	208
111	0	0	0	0	0	80	136	384	296	592	240	120	0	144	320	264	304	656	552	536
112	0	0	0	0	0	24	104	352	248	8	584	376	96	416	272	432	200	176	696	544
113	0	8	0	0	8	496	0	472	160	8	0	528	56	464	640	640	488	96	80	384
114	0	0	0	0	0	312	512	0	424	0	392	664	488	368	200	552	0	120	152	0
115	0	0	0	0	0	0	208	400	408	584	272	472	528	648	0	48	192	272	640	440
116	0	0	0	0	0	240	432	216	136	360	216	296	0	176	568	272	432	216	448	384
117	0	0	0	0	0	472	0	504	192	632	0	576	264	0	232	96	120	592	200	112
118	0	0	8	0	0	304	176	168	448	544	160	0	184	304	184	120	344	640	480	648
119	0	0	0	0	0	200	72	0	248	440	0	128	264	216	336	96	64	376	224	536
120	0	0	0	0	0	560	296	424	680	64	512	448	136	392	0	208	64	0	0	88
(1,28974)	(2,5138)	(3,0)	(4,367)	
(1,7487)	(2,227)	(3,0)	(4,14)	
(1,9419)	(2,611)	(3,0)	(4,30)	
(1,8619)	(2,760)	(3,0)	(4,25)	
(1,8693)	(2,656)	(3,0)	(4,43)	
(1,6890)	(2,284)	(3,0)	(4,14)	
(1,2)	(2,0)	(3,0)	(4,0)	
(1,1)	(2,0)	(3,0)	(4,0)	
(1,1)	(2,0)	(3,0)	(4,0)	
(1,1)	(2,0)	(3,0)	(4,0)	
(1,1)	(2,0)	(3,0)	(4,0)	
(1,1)	(2,0)	(3,0)	(4,0)	
(1,1)	(2,0)	(3,0)	(4,0)	
(1,1)	(2,0)	(3,0)	(4,0)	
(1,1)	(2,0)	(3,0)	(4,0)	
(1,1)	(2,0)	(3,0)	(4,0)	
(1,1)	(2,0)	(3,0)	(4,0)	
(1,1)	(2,0)	(3,0)	(4,0)	
(1,1)	(2,0)	(3,0)	(4,0)	
(1,1)	(2,0)	(3,0)	(4,0)	
(1,1)	(2,0)	(3,0)	(4,0)	
avg	0.266667	0.4	0.4	0.266667	0.4	235.067	241.067	278.8	348.8	331.067	330.4	308.933	302.133	297.067	312	330	287.867	333.867	315.333	313.6
delay	0.5	0.666667	0.333333	0.5	1.66667	7.65627	10.9004	5.26973	8.7328	5.49617	3.83656	13.3893	2.56443	6.74506	3.96239	3.5596	7.62714	6.25879	7.88922	5.15901
loss	0.333333	0	0	0	0	0.244321	0.257495	0.249731	0.0720114	0.0703856	0.0705176	0.0717147	0.0859217	0.0759021	0.0862944	0.0733808	0.0859441	0.0881282	0.0747261	0.0625747
Command ['/home/ubuntu/ns-3.30-obss/build/scratch/simple-ofdma-adhoc4', '--ofdmaEnabled=true', '--startTime=60', '--totalTime=120', '--dataMode=HeMcs7', '--datarate=7e5', '--clNum=20', '--ratio=0.375', '--RngRun=12'] terminated with signal SIGSEGV. Run it under a debugger to get more information (./waf --run <program> --command-template="gdb --args %s <args>").
