Waf: Entering directory `/home/ubuntu/ns-3.30-obss/build'
Waf: Leaving directory `/home/ubuntu/ns-3.30-obss/build'
Build commands will be stored in build/compile_commands.json
'build' finished successfully (0.808s)
--------------------------Rate[Kbps]--------------------------
Time[s]	cl-1	cl-2	cl-3	cl-4	cl-5	cl-6	cl-7	cl-8	cl-9	cl-10	cl-11	cl-12	cl-13	cl-14	cl-15	cl-16	cl-17	cl-18	cl-19	cl-20
60	12.4	13.2	14.2	16.8	15.2	14.8	15.4	10.6	15.4	15.4	16.6	14.8	15.4	13.6	14.6	16	15.2	15	14.6	15.4
61	0	0	0	0	0	336	16	280	56	0	0	400	160	56	8	0	96	0	216	104
62	0	0	0	0	0	192	400	304	40	104	224	264	56	0	48	40	112	144	72	56
63	0	0	0	0	0	40	224	96	88	216	104	0	136	128	232	136	208	232	0	88
64	0	0	0	0	0	64	24	56	240	104	16	248	64	160	360	0	112	232	32	232
65	0	0	0	0	0	0	16	304	320	96	104	96	96	16	48	264	208	0	152	288
66	0	0	0	0	0	192	200	184	32	168	56	32	72	152	248	200	56	160	112	16
67	0	0	0	0	0	144	16	0	232	40	224	96	88	232	40	192	232	120	272	192
68	0	0	0	0	0	56	64	240	0	264	128	272	152	8	304	96	88	40	224	80
69	0	0	0	0	0	8	32	136	64	208	168	320	0	64	232	0	216	168	256	256
70	0	0	0	0	0	216	56	128	120	0	136	0	136	216	144	224	208	80	224	136
71	0	0	0	0	0	184	24	136	184	112	32	0	216	176	224	56	40	72	264	144
72	0	0	0	0	0	80	80	88	0	320	104	176	40	72	296	0	40	304	368	8
73	0	0	0	0	0	112	296	176	16	72	48	96	48	224	176	184	136	136	232	8
74	0	0	0	0	0	192	72	288	152	288	128	48	120	0	0	136	336	64	0	72
75	0	0	0	0	0	56	0	304	312	280	0	0	136	264	176	160	112	0	136	8
76	0	0	0	0	8	56	224	0	312	0	264	88	136	264	112	232	64	0	240	16
77	0	0	0	0	0	104	128	40	152	136	376	0	88	0	24	264	144	104	48	264
78	0	0	0	0	0	160	192	40	104	80	184	8	208	80	264	48	120	72	128	168
79	0	8	0	0	0	200	280	168	152	32	64	56	216	0	40	56	272	64	200	72
80	0	0	0	0	0	96	184	248	32	0	0	0	224	144	32	224	304	336	176	24
81	0	0	0	0	0	200	120	272	192	120	24	24	0	144	40	112	176	80	336	24
82	0	0	0	0	0	96	16	160	88	208	88	24	160	176	192	112	24	120	160	248
83	0	0	0	0	0	184	176	0	16	224	104	232	0	8	32	168	320	384	56	192
84	0	0	0	0	0	152	8	56	104	24	312	304	48	224	216	72	176	168	8	104
85	0	0	0	0	0	224	24	168	0	72	96	208	56	128	160	40	264	48	8	248
86	0	0	0	0	0	144	96	40	72	200	64	200	104	344	96	56	56	160	288	120
87	0	0	0	0	0	240	0	136	40	184	224	144	208	56	160	128	216	64	40	56
88	0	0	0	0	0	224	16	0	0	256	136	80	0	24	248	0	264	152	336	368
89	0	0	0	0	0	168	144	152	72	120	96	152	200	176	80	240	56	24	232	96
90	0	0	0	0	0	112	168	136	200	16	64	0	272	224	168	304	56	64	0	240
91	8	0	0	0	0	0	152	136	216	344	0	104	24	8	240	112	32	296	48	128
92	0	0	0	0	0	144	0	96	232	208	208	208	80	96	48	0	120	152	264	168
93	0	0	0	0	0	64	112	216	40	256	72	136	112	416	104	72	24	216	112	16
94	0	0	0	0	0	208	128	128	64	72	200	40	256	56	176	152	176	0	176	96
95	0	0	0	0	0	168	264	88	0	0	96	192	296	168	0	48	168	152	72	200
96	0	0	0	0	0	8	264	48	312	72	304	0	288	152	112	56	88	32	40	144
97	0	0	0	0	0	104	248	256	256	64	216	48	104	0	0	104	64	136	64	192
98	0	0	0	0	0	136	72	16	0	192	0	0	184	272	192	136	464	128	120	240
99	0	0	0	0	0	0	168	224	80	128	120	32	272	0	0	352	56	0	232	344
100	0	0	0	0	0	184	168	32	288	16	64	72	232	248	16	72	80	120	240	256
101	0	0	0	0	0	104	0	176	56	8	32	344	248	128	304	264	32	192	112	0
102	0	0	0	0	0	104	232	96	40	152	120	160	0	288	200	200	16	112	0	160
103	0	0	0	0	0	128	16	80	160	48	40	336	56	88	208	96	40	240	120	280
104	0	0	0	0	0	232	8	296	0	168	72	112	216	0	144	200	0	176	128	200
105	0	0	0	0	0	128	176	248	128	328	88	24	96	32	0	160	176	88	16	128
106	0	0	0	0	0	232	136	208	248	72	120	72	32	40	152	248	128	0	288	0
107	0	0	0	0	0	48	216	24	96	136	104	272	0	224	56	168	48	192	280	80
108	0	0	0	0	0	104	144	72	0	208	184	240	88	176	248	112	136	144	136	24
109	8	0	8	0	0	0	88	256	264	200	8	8	88	80	168	0	48	232	376	8
110	0	0	0	0	0	56	0	112	312	192	8	248	80	0	72	104	232	152	176	240
111	0	0	0	0	0	64	32	0	168	0	200	224	264	304	0	144	120	72	352	88
112	0	0	0	0	0	128	24	280	16	16	272	200	184	24	128	56	256	88	272	24
113	0	0	0	0	0	200	144	192	56	120	64	120	232	48	96	128	96	144	96	96
114	0	0	0	0	0	16	296	0	144	176	328	8	0	352	232	192	0	0	96	256
115	0	0	0	0	0	8	40	288	248	328	104	112	0	0	72	336	48	80	240	0
116	0	0	0	0	0	288	128	80	112	16	192	96	176	96	184	224	336	56	32	56
117	0	0	0	0	0	152	336	64	32	64	200	56	128	320	288	0	56	288	104	0
118	0	0	0	0	0	88	288	72	88	72	128	96	96	160	136	0	256	72	120	240
119	0	0	0	0	0	200	80	136	104	56	192	88	128	144	96	256	160	184	64	176
120	0	0	0	0	0	128	32	72	248	112	224	152	200	112	24	64	104	16	264	264
(1,1570)	(2,30)	(3,0)	(4,5855)	
(1,1909)	(2,854)	(3,0)	(4,78)	
(1,1824)	(2,1193)	(3,0)	(4,201)	
(1,1883)	(2,1213)	(3,0)	(4,222)	
(1,1861)	(2,1332)	(3,0)	(4,234)	
(1,1)	(2,0)	(3,0)	(4,0)	
(1,1)	(2,0)	(3,0)	(4,0)	
(1,1)	(2,0)	(3,0)	(4,0)	
(1,1)	(2,0)	(3,0)	(4,0)	
(1,1)	(2,0)	(3,0)	(4,0)	
(1,1)	(2,0)	(3,0)	(4,0)	
(1,1)	(2,0)	(3,0)	(4,0)	
(1,1)	(2,0)	(3,0)	(4,0)	
(1,1)	(2,0)	(3,0)	(4,0)	
(1,1)	(2,0)	(3,0)	(4,0)	
(1,1)	(2,0)	(3,0)	(4,0)	
(1,1)	(2,0)	(3,0)	(4,0)	
(1,1)	(2,0)	(3,0)	(4,0)	
(1,1)	(2,0)	(3,0)	(4,0)	
(1,1)	(2,0)	(3,0)	(4,0)	
(1,1)	(2,0)	(3,0)	(4,0)	
avg	0.266667	0.133333	0.133333	0	0.133333	127.6	121.467	138.8	123.333	129.467	125.467	122.8	126.667	129.867	134.933	130	137.867	122.533	157.6	133.867
delay	498.5	504	479	0	464	477.755	477.181	469.243	489.107	490.818	488.262	459.114	484.489	497.892	493.303	487.613	490.641	496.449	484.427	485.24
loss	0.333333	0.666667	0.666667	0	0.666667	0.523123	0.509688	0.521159	0.533166	0.517875	0.522267	0.517801	0.53202	0.496381	0.490206	0.528902	0.503824	0.533028	0.451852	0.538108
Command ['/home/ubuntu/ns-3.30-obss/build/scratch/simple-ofdma-adhoc4', '--ofdmaEnabled=true', '--startTime=60', '--totalTime=120', '--dataMode=HeMcs0', '--datarate=6e5', '--clNum=20', '--ratio=0.375', '--RngRun=33'] terminated with signal SIGSEGV. Run it under a debugger to get more information (./waf --run <program> --command-template="gdb --args %s <args>").
