Waf: Entering directory `/home/ubuntu/ns-3.30-obss/build'
Waf: Leaving directory `/home/ubuntu/ns-3.30-obss/build'
Build commands will be stored in build/compile_commands.json
'build' finished successfully (0.754s)
--------------------------Rate[Kbps]--------------------------
Time[s]	cl-1	cl-2	cl-3	cl-4	cl-5	cl-6	cl-7	cl-8	cl-9	cl-10	cl-11	cl-12	cl-13	cl-14	cl-15	cl-16	cl-17	cl-18	cl-19	cl-20
60	12.4	13.2	14.2	16.8	15.2	14.8	15.4	10.8	15.4	15.4	16.6	14.8	15.4	13.8	14.6	16.2	15	15	14.6	15.6
61	0	0	0	0	0	448	64	488	152	0	0	616	264	96	8	0	184	0	312	176
62	0	0	0	0	0	352	608	544	24	200	464	392	64	0	96	64	168	208	72	48
63	0	0	0	0	0	128	352	24	304	416	32	0	496	328	392	160	200	296	0	128
64	0	0	0	0	0	0	0	376	488	0	56	432	0	168	456	88	272	256	328	632
65	0	0	0	0	0	80	232	472	360	272	288	152	272	120	0	464	232	0	104	352
66	0	0	0	0	0	376	264	136	40	200	176	88	104	264	424	392	144	288	416	136
67	0	0	0	0	0	80	48	32	280	240	336	104	304	200	80	248	352	336	408	304
68	0	0	0	0	0	160	112	384	0	448	232	344	368	16	488	136	112	32	296	176
69	0	0	0	0	0	40	72	224	208	280	200	464	0	72	320	8	384	304	400	504
70	0	0	0	0	0	376	120	192	296	0	152	8	224	272	320	328	344	168	472	112
71	0	0	0	0	0	400	64	216	312	296	56	0	360	264	384	104	64	88	408	320
72	0	0	0	0	0	96	256	144	0	504	144	296	72	160	416	0	128	520	528	0
73	8	0	0	0	0	304	464	352	80	40	280	160	168	360	360	416	120	120	384	24
74	0	0	0	0	0	432	168	440	352	296	400	264	320	0	0	120	352	136	0	88
75	0	0	0	0	0	152	0	280	688	336	64	104	216	528	432	376	112	0	152	8
76	0	0	0	0	0	208	384	72	424	72	496	32	112	192	32	272	96	96	320	272
77	0	0	0	0	0	192	264	24	208	352	440	0	352	152	232	464	448	96	88	224
78	0	0	0	0	0	288	368	144	280	144	248	104	344	200	408	0	112	56	168	440
79	0	0	0	0	0	232	464	376	264	32	208	104	280	0	88	24	464	312	344	48
80	0	0	0	8	0	280	368	472	24	32	0	0	368	320	24	288	440	344	344	16
81	0	0	0	0	0	336	264	400	320	200	104	24	0	352	64	232	248	152	400	16
82	0	0	0	0	0	152	16	200	168	328	184	96	320	344	224	368	64	192	288	336
83	0	0	0	0	0	192	216	0	40	496	328	536	0	40	56	376	448	504	56	288
84	0	0	0	0	0	312	32	104	120	128	536	456	96	392	344	64	192	248	16	248
85	0	0	0	0	0	528	120	288	0	152	104	408	128	272	216	80	512	160	64	464
86	0	0	0	0	0	280	144	40	224	376	376	336	136	328	272	160	0	224	312	312
87	0	0	0	0	0	408	0	64	64	328	368	232	256	72	304	240	360	136	176	216
88	0	0	0	0	0	384	40	0	40	368	200	152	0	112	400	48	312	232	456	504
89	0	0	0	0	0	408	216	264	104	168	184	320	272	272	192	320	144	48	328	80
90	0	0	0	0	0	248	360	192	432	72	56	0	512	368	232	416	120	192	0	296
91	8	0	0	0	0	0	344	528	320	528	0	224	64	8	480	160	48	480	128	256
92	0	0	0	0	0	144	0	160	240	216	432	256	64	272	56	8	440	280	568	264
93	0	0	0	0	0	184	216	288	112	368	152	216	184	592	128	160	104	360	328	64
94	0	0	0	0	0	360	216	120	200	136	392	80	384	80	240	312	240	0	296	272
95	0	0	0	0	0	160	448	160	0	0	96	424	464	224	0	112	288	296	104	376
96	0	0	0	0	0	24	504	72	424	256	480	0	520	240	216	168	144	56	88	160
97	0	0	0	0	0	88	544	352	256	128	416	112	232	0	0	272	88	280	112	368
98	0	0	0	0	0	200	128	0	0	448	0	0	376	344	304	384	648	208	280	448
99	0	0	0	0	0	104	400	264	240	128	160	24	368	80	0	496	0	112	312	512
100	0	0	0	0	0	368	136	0	432	48	16	200	424	392	136	72	224	272	392	392
101	0	0	0	0	0	192	56	296	80	24	72	568	400	288	632	632	40	312	112	8
102	0	0	0	0	0	64	360	160	112	360	344	216	0	368	312	328	32	336	8	424
103	0	0	0	0	0	104	72	224	216	112	88	464	168	240	392	208	80	368	152	456
104	0	0	0	0	0	392	64	512	0	264	296	216	440	0	224	264	0	200	256	304
105	0	0	0	0	0	112	440	320	296	496	272	208	224	96	8	80	312	168	48	280
106	0	0	0	0	0	272	192	304	392	152	176	72	112	128	192	296	296	0	448	48
107	0	0	0	0	0	104	296	88	72	216	192	440	72	392	64	360	48	376	448	104
108	0	8	0	0	0	176	184	272	0	256	360	256	112	240	392	136	272	320	320	136
109	8	0	8	0	0	0	104	416	448	392	0	104	96	176	344	0	208	288	600	40
110	0	0	0	0	0	120	16	136	424	192	120	432	80	56	16	272	400	312	304	496
111	0	0	0	8	0	56	128	0	408	0	392	240	336	392	8	296	224	224	384	304
112	0	0	0	0	0	216	96	496	80	16	416	304	272	56	240	104	472	128	472	64
113	0	0	0	0	0	320	208	336	96	200	312	336	192	64	88	296	184	152	96	304
114	0	0	0	0	0	32	408	128	416	272	416	136	16	384	280	376	0	0	272	320
115	0	0	0	0	0	160	296	368	440	368	312	32	104	0	136	472	176	368	296	0
116	0	0	0	0	0	488	248	168	128	24	304	104	280	296	352	168	456	128	48	72
117	0	0	0	0	0	160	312	136	40	336	392	72	256	336	360	88	168	288	304	0
118	0	0	0	0	0	112	216	256	208	320	192	152	152	160	176	0	344	80	304	344
119	0	0	0	0	0	336	144	168	240	112	208	232	224	192	216	264	192	184	104	304
120	0	0	0	0	8	152	64	104	240	280	440	240	320	192	136	112	128	72	440	360
(1,1964)	(2,257)	(3,0)	(4,9962)	
(1,3168)	(2,1543)	(3,0)	(4,77)	
(1,3090)	(2,2258)	(3,0)	(4,276)	
(1,2961)	(2,2161)	(3,0)	(4,359)	
(1,3078)	(2,2324)	(3,0)	(4,347)	
(1,1)	(2,0)	(3,0)	(4,0)	
(1,1)	(2,0)	(3,0)	(4,0)	
(1,1)	(2,0)	(3,0)	(4,0)	
(1,1)	(2,0)	(3,0)	(4,0)	
(1,1)	(2,0)	(3,0)	(4,0)	
(1,1)	(2,0)	(3,0)	(4,0)	
(1,1)	(2,0)	(3,0)	(4,0)	
(1,1)	(2,0)	(3,0)	(4,0)	
(1,1)	(2,0)	(3,0)	(4,0)	
(1,1)	(2,0)	(3,0)	(4,0)	
(1,1)	(2,0)	(3,0)	(4,0)	
(1,1)	(2,0)	(3,0)	(4,0)	
(1,1)	(2,0)	(3,0)	(4,0)	
(1,1)	(2,0)	(3,0)	(4,0)	
(1,1)	(2,0)	(3,0)	(4,0)	
(1,1)	(2,0)	(3,0)	(4,0)	
avg	0.4	0.133333	0.133333	0.266667	0.133333	217.867	215.333	229.6	214.267	223.733	236	209.733	222.4	209.2	223.2	219.2	223.067	206.533	261.067	237.467
delay	477.667	500	356	385	503	385.987	366.273	371.107	361.401	402.7	385.164	393.908	382.05	386.291	388.759	372.508	382.328	398.099	385.997	383.924
loss	0	0.666667	0.666667	0.333333	0.75	0.398899	0.354258	0.420202	0.40648	0.392496	0.348735	0.394767	0.391463	0.392332	0.376205	0.409026	0.406504	0.413702	0.337382	0.393404
Command ['/home/ubuntu/ns-3.30-obss/build/scratch/simple-ofdma-adhoc4', '--ofdmaEnabled=true', '--startTime=60', '--totalTime=120', '--dataMode=HeMcs1', '--datarate=8e5', '--clNum=20', '--ratio=0.375', '--RngRun=33'] terminated with signal SIGSEGV. Run it under a debugger to get more information (./waf --run <program> --command-template="gdb --args %s <args>").
