Waf: Entering directory `/home/ubuntu/ns-3.30-obss/build'
Waf: Leaving directory `/home/ubuntu/ns-3.30-obss/build'
Build commands will be stored in build/compile_commands.json
'build' finished successfully (0.950s)
--------------------------Rate[Kbps]--------------------------
Time[s]	cl-1	cl-2	cl-3	cl-4	cl-5	cl-6	cl-7	cl-8	cl-9	cl-10	cl-11	cl-12	cl-13	cl-14	cl-15	cl-16	cl-17	cl-18	cl-19	cl-20
60	12.4	13.2	14.2	16.8	15.2	14.8	15.4	10.8	15.4	15.4	16.6	14.8	15.6	13.8	14.6	16.2	15.2	15	14.6	15.6
61	0	0	0	0	0	352	120	440	192	0	0	560	304	104	8	0	256	48	264	240
62	0	0	0	0	0	384	600	568	32	320	504	344	96	0	184	128	280	264	104	48
63	0	0	0	0	0	152	400	40	456	512	24	80	488	528	600	160	472	608	0	280
64	0	0	0	0	0	0	0	352	384	0	56	344	0	64	408	88	136	128	296	600
65	0	0	0	0	0	184	320	552	448	464	352	200	464	160	112	600	224	96	224	352
66	0	0	0	0	0	352	224	80	136	80	224	184	72	424	360	392	320	336	448	288
67	0	0	0	0	0	208	256	304	248	576	552	328	600	120	352	544	536	392	440	408
68	0	0	0	0	0	80	8	600	48	600	352	600	200	16	440	0	96	272	600	440
69	0	0	0	0	0	312	112	200	400	96	136	280	96	312	480	272	600	264	448	368
70	0	0	0	0	0	520	352	504	600	72	304	16	480	600	584	456	400	192	600	536
71	0	0	0	0	0	472	32	112	224	608	80	264	384	128	520	0	0	336	544	184
72	0	0	0	0	0	56	472	312	0	432	176	56	0	392	416	176	384	520	600	40
73	8	0	0	0	0	608	480	584	320	240	584	456	512	224	272	512	296	56	200	96
74	0	0	0	0	0	360	0	600	600	600	272	144	448	0	88	104	472	88	24	0
75	0	0	0	0	0	104	8	184	456	144	104	128	104	568	376	376	0	8	216	24
76	0	0	8	0	8	344	472	120	568	88	600	8	120	216	0	456	104	112	320	352
77	0	0	0	0	0	232	280	152	240	352	560	64	488	304	368	464	560	200	128	280
78	0	0	0	0	0	544	472	232	568	240	192	72	536	120	336	112	264	0	200	504
79	0	8	0	0	0	216	600	592	160	0	192	120	440	80	136	104	600	568	600	0
80	0	0	0	8	0	544	400	592	296	216	0	24	264	600	48	536	568	448	440	48
81	0	0	0	0	0	400	232	584	568	416	472	128	256	592	496	520	168	96	520	376
82	0	0	0	0	0	368	176	192	32	600	64	392	200	232	240	600	368	544	192	304
83	0	0	0	0	0	72	72	168	184	360	600	560	120	152	160	232	488	392	8	600
84	0	0	0	0	0	584	192	304	48	288	488	600	0	408	600	144	456	320	0	288
85	0	0	0	0	0	568	144	104	72	152	112	448	152	456	96	72	360	384	296	592
86	0	0	0	0	0	416	0	424	376	600	608	352	584	464	608	504	192	56	376	336
87	0	0	0	0	0	600	16	0	0	304	192	408	184	136	368	144	544	408	416	488
88	0	0	0	0	0	488	280	144	272	568	528	408	136	128	488	208	424	80	568	512
89	0	0	0	0	0	448	288	552	360	72	200	288	640	576	136	608	240	96	264	144
90	0	0	8	0	0	208	488	352	600	400	0	0	360	152	560	512	0	520	0	304
91	8	0	0	0	8	216	136	392	376	600	280	560	176	16	296	0	296	552	424	360
92	0	8	0	0	0	144	248	368	176	88	424	576	0	600	0	152	336	608	424	360
93	0	0	0	0	0	336	8	448	328	584	216	0	424	544	376	144	232	112	392	104
94	0	0	0	0	0	592	568	24	56	72	472	408	608	232	88	456	168	248	216	472
95	0	0	0	0	0	0	568	224	264	0	200	312	576	208	0	0	400	288	144	576
96	0	0	0	0	0	280	600	400	600	528	600	0	520	160	216	512	256	176	136	200
97	0	0	0	8	0	160	432	248	232	56	296	128	448	112	248	408	360	328	408	584
98	0	0	0	0	0	56	0	80	0	528	0	0	256	272	136	280	472	136	24	416
99	0	0	0	0	0	232	568	344	448	32	296	40	400	264	0	528	128	240	536	568
100	0	0	0	0	0	528	56	0	416	56	40	456	504	536	376	296	168	192	336	328
101	0	0	0	0	0	48	200	496	0	248	144	488	280	352	608	600	0	488	112	232
102	0	0	0	0	0	352	296	16	488	392	424	480	112	520	320	152	200	568	0	608
103	0	0	0	0	0	192	80	600	0	16	0	376	352	144	432	552	0	456	480	344
104	0	0	0	0	0	480	336	568	88	600	488	488	264	120	80	328	176	416	0	600
105	0	0	0	0	0	176	512	472	600	560	408	8	464	96	312	208	600	0	376	256
106	0	0	0	0	0	432	408	424	432	40	0	472	16	368	280	600	272	296	608	8
107	0	8	0	0	8	88	560	0	0	536	528	536	128	472	296	296	400	480	480	296
108	8	0	0	0	0	184	248	600	304	176	232	288	416	408	424	144	64	608	488	40
109	0	0	8	0	0	0	0	504	536	600	0	264	0	104	320	176	400	152	552	216
110	0	0	0	8	0	136	104	56	424	40	352	600	304	280	0	360	560	576	376	592
111	0	0	0	0	0	128	240	280	456	72	536	384	248	408	152	168	456	248	488	160
112	0	0	0	0	0	400	128	576	0	192	352	328	608	0	176	432	416	200	408	360
113	0	0	0	0	0	240	560	200	432	232	560	328	160	368	528	456	144	176	0	600
114	0	0	0	0	0	40	144	272	440	496	240	200	0	272	64	480	0	0	416	152
115	0	0	0	0	0	376	424	232	576	312	400	0	328	0	112	592	408	376	128	0
116	0	0	0	0	0	600	264	248	0	160	432	120	312	496	536	16	400	312	120	112
117	0	0	0	0	0	88	456	472	112	600	448	80	392	544	352	112	512	424	600	216
118	0	0	0	0	0	376	456	192	416	392	416	320	88	312	296	152	288	256	136	464
119	0	0	0	0	0	592	0	456	584	296	304	544	600	312	208	576	232	104	448	592
120	0	0	0	0	8	104	232	0	472	296	608	296	272	104	376	320	352	280	416	344
avg	0.4	0.4	0.4	0.4	0.533333	295.867	272.133	318.933	302.4	303.333	303.733	282.267	299.733	281.333	290.8	308.667	308.4	285.467	316.8	319.867
delay	1.66667	3	0.666667	1.33333	3.75	4.91618	4.32582	4.95025	4.33069	4.20352	4.64442	4.15305	5.09786	4.77441	4.67079	5.12916	3.59749	3.06399	4.68729	4.05544
loss	0	0	0	0	0	0	0	0	0	0	0	0	0	0	0	0	0	0	0	0
Command ['/home/ubuntu/ns-3.30-obss/build/scratch/simple-ofdma-adhoc4', '--ofdmaEnabled=false', '--rtscts=1', '--startTime=60', '--totalTime=120', '--dataMode=HeMcs3', '--datarate=6e5', '--clNum=20', '--ratio=0.375', '--RngRun=33'] terminated with signal SIGSEGV. Run it under a debugger to get more information (./waf --run <program> --command-template="gdb --args %s <args>").
