Waf: Entering directory `/home/ubuntu/ns-3.30-obss/build'
Waf: Leaving directory `/home/ubuntu/ns-3.30-obss/build'
Build commands will be stored in build/compile_commands.json
'build' finished successfully (0.687s)
--------------------------Rate[Kbps]--------------------------
Time[s]	cl-1	cl-2	cl-3	cl-4	cl-5	cl-6	cl-7	cl-8	cl-9	cl-10	cl-11	cl-12	cl-13	cl-14	cl-15	cl-16	cl-17	cl-18	cl-19	cl-20
60	12.8	11.2	15.8	17.6	13	14	15.8	13.8	14.4	15.2	14.2	15.6	14	10.4	15.4	16.8	16.6	12.6	15.6	14.2
61	0	0	0	0	0	88	0	144	152	24	120	8	96	16	224	0	72	0	0	0
62	0	0	0	0	0	32	80	64	152	80	224	16	176	0	48	16	72	112	192	16
63	0	0	0	0	0	48	144	0	8	112	144	144	0	64	24	136	128	72	152	144
64	0	0	0	0	0	112	64	48	56	64	184	32	32	32	0	192	72	40	104	56
65	0	0	0	0	0	104	0	40	120	216	192	112	24	120	80	128	0	160	72	32
66	0	0	0	0	0	152	160	184	8	64	136	0	24	0	184	40	48	72	24	0
67	0	0	0	0	0	0	48	72	208	0	136	144	72	8	8	184	0	136	168	144
68	0	0	0	0	0	16	0	144	16	80	0	24	96	48	176	128	144	40	88	192
69	0	0	0	0	0	88	0	64	32	160	64	72	40	64	120	160	104	32	8	64
70	0	0	0	0	0	64	0	40	32	8	120	160	160	0	24	136	0	40	80	192
71	0	0	0	0	0	48	80	112	96	120	32	24	136	200	0	0	136	8	64	88
72	0	0	0	0	0	8	56	104	0	40	136	40	56	104	56	88	152	88	120	0
73	0	0	0	0	0	88	48	120	24	0	64	152	72	0	120	64	0	56	8	176
74	0	0	0	0	0	120	80	72	72	120	216	48	48	8	32	8	112	56	0	88
75	0	0	0	0	0	96	56	80	136	8	72	8	24	120	176	144	40	0	168	0
76	0	0	0	0	0	144	40	8	32	64	16	104	96	48	32	128	48	56	96	128
77	0	0	0	0	0	96	48	160	16	16	168	0	0	192	200	40	72	48	88	16
78	0	0	0	0	0	160	8	16	216	160	208	64	72	112	0	8	24	72	0	64
79	0	0	0	0	0	16	120	40	104	168	40	104	200	120	40	104	0	136	0	0
80	0	0	0	0	0	32	16	24	112	128	88	280	0	312	48	80	32	80	40	96
81	0	0	0	0	0	128	24	104	8	0	184	8	32	64	104	144	0	32	208	0
82	0	0	0	0	0	112	8	80	48	80	128	24	168	0	32	8	112	112	32	80
83	0	0	0	0	0	48	16	8	112	128	184	64	0	64	112	96	160	40	56	96
84	0	0	0	0	0	72	80	40	0	152	88	0	80	184	8	144	96	8	64	72
85	0	0	0	0	8	96	88	48	64	56	112	64	144	0	8	104	24	152	216	0
86	0	0	0	0	0	96	0	40	0	96	0	128	56	56	144	64	152	16	208	232
87	0	0	0	0	0	32	8	128	32	120	24	224	32	56	0	88	56	184	216	40
88	0	0	0	0	0	0	112	0	40	104	56	64	0	72	96	104	168	120	144	128
89	0	8	8	0	0	24	112	64	56	208	24	0	64	96	80	136	192	96	0	8
90	0	0	0	0	0	120	0	16	216	56	120	136	16	96	136	64	56	16	16	192
91	0	0	0	0	0	16	72	136	152	16	16	64	0	56	152	128	24	88	56	48
92	0	0	0	0	0	48	24	88	112	128	152	32	112	0	88	136	72	104	64	0
93	0	0	0	0	0	96	8	80	24	32	48	192	72	32	40	0	208	64	160	16
94	0	0	0	0	0	32	8	0	80	16	0	96	128	112	112	168	120	72	200	136
95	0	0	0	0	0	144	64	0	96	152	128	0	96	0	120	176	184	8	40	8
96	0	0	0	0	0	40	40	104	48	120	64	24	128	8	64	16	24	120	160	96
97	0	0	0	8	0	128	56	48	8	8	0	48	152	48	136	152	0	144	200	0
98	0	0	0	0	0	64	96	0	80	56	64	192	72	160	0	176	64	56	64	24
99	0	0	0	0	0	0	0	136	0	64	176	120	72	0	104	184	0	280	0	152
100	0	0	0	0	0	72	40	48	120	0	16	0	120	16	184	8	112	88	96	8
101	0	0	0	0	0	128	104	24	64	24	160	24	0	152	0	32	112	16	88	88
102	0	0	0	0	0	104	64	80	104	64	56	88	80	104	24	120	0	0	96	64
103	0	8	0	0	0	0	16	0	224	40	16	168	48	88	72	232	272	136	16	168
104	0	0	0	0	0	72	104	64	0	104	200	48	128	8	80	8	72	56	192	40
105	0	0	0	0	0	32	16	24	176	64	128	72	8	136	32	72	48	96	72	232
106	0	0	0	0	0	0	24	40	232	104	72	216	48	48	0	24	144	208	160	136
107	0	0	0	0	0	32	80	56	176	128	40	104	200	136	240	0	40	32	88	72
108	0	0	0	0	0	0	120	112	56	80	168	24	88	128	80	0	16	128	0	96
109	0	0	0	0	0	88	120	80	32	208	184	104	96	0	56	56	128	32	0	32
110	0	0	0	0	0	72	88	56	80	96	0	56	112	200	0	72	200	48	64	48
111	0	0	0	0	0	32	80	16	64	24	120	24	152	48	32	72	56	80	176	8
112	0	0	8	0	0	0	88	104	0	312	24	0	56	136	256	0	24	64	0	40
113	0	0	0	0	0	144	192	120	16	24	16	24	32	0	16	96	128	128	24	112
114	0	0	0	0	0	72	8	96	224	32	256	0	136	0	0	200	0	72	48	96
115	0	0	0	0	8	0	80	128	160	0	0	144	184	0	152	32	96	56	8	56
116	0	0	0	0	0	16	16	0	80	264	48	176	128	216	224	56	128	0	168	0
117	0	0	0	0	0	96	56	144	0	56	0	104	112	160	88	72	16	72	112	0
118	0	0	0	0	0	96	16	88	32	80	48	184	192	0	0	112	16	104	40	0
119	0	0	0	0	0	0	0	24	0	72	144	40	192	0	120	144	152	240	32	280
120	0	0	0	0	0	24	32	160	8	24	112	32	104	80	144	184	168	0	24	48
avg	0	0.266667	0.266667	0.133333	0.266667	64.8	53.4667	68.6667	76.9333	83.7333	95.6	77.4667	84.4	72.1333	82.1333	91.0667	81.6	77.8667	84.6667	74.1333
delay	0	425	499	497	521.5	519.109	520.885	509.465	494.624	501.629	496.874	505.181	494.253	507.311	569.971	506.359	490.43	498.183	505.003	499.758
loss	0	0.333333	0.333333	0.5	0.5	0.670285	0.680223	0.665164	0.547451	0.560532	0.496135	0.512992	0.514198	0.531493	0.514196	0.530584	0.529231	0.572787	0.515957	0.525738
Command ['/home/ubuntu/ns-3.30-obss/build/scratch/simple-ofdma-adhoc2', '--ofdmaEnabled=true', '--startTime=60', '--totalTime=120', '--dataMode=HeMcs0', '--datarate=4e5', '--clNum=20', '--ratio=0.375', '--RngRun=85'] terminated with signal SIGSEGV. Run it under a debugger to get more information (./waf --run <program> --command-template="gdb --args %s <args>").
