Waf: Entering directory `/home/ubuntu/ns-3.30-obss/build'
Waf: Leaving directory `/home/ubuntu/ns-3.30-obss/build'
Build commands will be stored in build/compile_commands.json
'build' finished successfully (0.780s)
--------------------------Rate[Kbps]--------------------------
Time[s]	cl-1	cl-2	cl-3	cl-4	cl-5	cl-6	cl-7	cl-8	cl-9	cl-10	cl-11	cl-12	cl-13	cl-14	cl-15	cl-16	cl-17	cl-18	cl-19	cl-20
60	15	13.6	12.6	14	17.2	11.6	15	14.2	14.2	11.6	13.8	15	13.4	15	14	14.4	15	12.4	17.8	15.2
61	0	0	0	0	0	0	200	64	48	168	32	8	0	0	0	128	72	0	24	64
62	0	0	0	0	0	8	24	112	128	0	96	128	176	112	144	8	0	72	8	8
63	0	0	0	0	0	8	56	144	0	184	192	200	0	160	40	200	168	120	0	48
64	0	0	0	0	0	152	176	56	64	72	80	24	128	112	16	120	104	96	176	0
65	0	0	0	0	0	0	112	0	120	64	96	72	200	120	152	88	152	144	128	112
66	0	0	0	0	0	56	40	96	160	0	192	184	56	120	88	120	160	200	184	144
67	0	0	0	0	0	144	168	152	72	96	0	128	168	104	48	40	72	64	144	200
68	0	0	0	0	0	112	120	184	16	176	136	56	104	16	24	0	200	112	200	160
69	0	0	0	0	0	192	200	56	72	136	200	16	200	64	168	184	48	72	96	72
70	0	0	0	0	0	192	64	192	152	144	56	160	80	112	136	136	72	96	80	128
71	0	0	0	0	0	144	160	32	32	192	168	160	80	160	0	80	72	200	0	32
72	0	0	0	0	0	32	120	152	72	200	88	0	152	184	32	128	56	8	112	16
73	8	8	0	0	0	48	200	24	120	80	0	112	184	104	8	8	120	32	0	8
74	0	0	8	8	8	120	176	144	8	88	16	88	160	104	0	152	56	144	48	104
75	0	0	0	0	0	8	104	192	80	168	112	8	136	24	112	0	0	64	160	152
76	0	0	0	0	0	144	0	136	120	136	72	88	144	144	0	48	56	48	48	56
77	0	0	0	0	0	88	176	48	40	112	48	64	32	24	0	32	136	16	72	88
78	0	0	0	0	0	144	24	24	80	176	200	0	0	0	0	0	160	88	32	0
79	0	0	0	0	0	48	64	104	80	8	96	64	144	88	96	144	72	112	48	72
80	0	0	0	0	0	72	104	112	216	104	32	96	128	120	160	216	144	32	240	56
81	0	0	0	0	0	56	112	128	160	144	120	208	120	0	24	184	80	48	80	16
82	0	0	0	0	0	72	160	80	192	200	200	40	72	152	0	176	192	200	64	160
83	0	0	0	0	0	144	48	192	72	112	104	40	128	24	200	104	72	160	144	16
84	0	0	0	0	0	152	56	0	16	192	152	48	104	152	48	0	184	48	192	112
85	0	0	0	0	0	184	192	120	64	0	96	80	48	176	16	192	0	120	128	80
86	0	0	0	0	0	24	88	96	200	64	8	40	72	176	192	80	72	168	32	184
87	0	0	0	0	0	40	168	208	112	176	176	168	168	80	16	16	200	200	48	160
88	0	8	0	0	0	0	32	32	184	112	48	8	0	64	8	24	88	48	112	176
89	0	0	0	0	0	80	72	0	0	144	88	128	104	24	48	160	88	8	88	200
90	8	0	8	0	8	136	0	16	24	0	24	0	32	8	80	32	152	64	160	56
91	0	0	0	0	0	72	64	96	128	120	192	72	24	56	64	8	208	0	48	40
92	0	0	0	0	0	32	120	136	200	152	128	0	112	176	96	32	96	120	136	152
93	0	0	0	0	0	16	192	152	48	96	24	112	64	136	104	120	0	168	152	200
94	0	0	0	0	0	112	48	88	80	80	88	200	128	128	200	40	0	72	56	72
95	0	0	0	8	0	56	40	160	200	104	56	88	104	0	24	88	32	136	192	208
96	0	0	0	0	0	120	152	0	184	96	168	112	72	128	64	0	88	0	56	144
97	0	0	0	0	0	24	72	48	192	120	128	200	64	200	8	152	72	152	64	16
98	0	0	0	0	0	200	64	88	104	24	136	8	56	112	40	200	104	144	128	8
99	0	0	0	0	0	168	0	120	56	184	120	112	16	160	48	0	112	152	152	184
100	0	0	0	0	0	0	120	112	192	8	88	152	152	48	48	80	96	176	0	96
101	8	0	0	0	0	96	136	200	32	16	48	160	0	48	128	48	32	80	160	64
102	0	0	0	0	0	88	168	144	136	144	8	56	0	184	88	8	200	56	160	40
103	0	0	0	0	0	40	112	192	104	184	0	0	0	16	64	136	48	88	40	200
104	0	8	8	0	0	56	136	144	200	144	24	176	128	168	200	48	0	80	200	96
105	0	0	0	0	0	184	136	0	88	200	56	200	136	56	120	88	48	184	64	32
106	0	0	0	0	0	128	136	184	8	192	8	56	48	0	152	32	104	88	128	40
107	0	0	0	0	8	200	112	200	8	200	112	24	40	24	112	136	40	48	64	96
108	0	0	0	0	0	56	0	32	200	136	136	160	24	136	88	152	8	184	88	112
109	0	0	0	0	0	104	136	200	120	208	112	200	136	80	192	0	0	192	0	0
110	0	0	0	8	0	120	200	96	200	112	80	144	96	136	48	72	144	16	192	136
111	0	0	0	0	0	56	80	0	96	88	48	200	56	176	0	152	176	136	176	136
112	0	0	0	0	0	112	56	32	48	128	32	176	32	0	8	112	88	72	0	104
113	0	0	0	0	0	32	0	112	64	80	200	120	88	80	152	128	200	8	56	192
114	0	0	0	0	0	56	112	88	184	112	144	56	48	88	200	144	80	192	8	8
115	0	0	0	0	0	0	128	128	168	96	64	24	184	56	184	184	152	80	192	192
116	0	0	0	0	0	160	0	80	24	0	80	160	0	200	152	0	136	112	152	48
117	0	8	0	0	0	152	40	88	80	8	64	80	88	32	104	40	160	152	144	0
118	0	0	0	0	0	192	88	120	200	200	56	56	200	24	208	48	120	0	128	184
119	0	0	0	0	0	120	136	96	184	168	40	24	0	16	56	112	56	112	0	176
120	8	0	0	0	8	48	56	0	128	96	176	32	16	136	56	160	128	32	88	0
(1,11832)	(2,230)	(3,0)	(4,35)	
(1,2454)	(2,30)	(3,0)	(4,0)	
(1,3264)	(2,53)	(3,0)	(4,1)	
(1,2783)	(2,53)	(3,0)	(4,17)	
(1,3159)	(2,35)	(3,0)	(4,0)	
(1,1)	(2,0)	(3,0)	(4,0)	
(1,1)	(2,0)	(3,0)	(4,0)	
(1,1)	(2,0)	(3,0)	(4,0)	
(1,1)	(2,0)	(3,0)	(4,0)	
(1,1)	(2,0)	(3,0)	(4,0)	
(1,1)	(2,0)	(3,0)	(4,0)	
(1,1)	(2,0)	(3,0)	(4,0)	
(1,1)	(2,0)	(3,0)	(4,0)	
(1,1)	(2,0)	(3,0)	(4,0)	
(1,1)	(2,0)	(3,0)	(4,0)	
(1,1)	(2,0)	(3,0)	(4,0)	
(1,1)	(2,0)	(3,0)	(4,0)	
(1,1)	(2,0)	(3,0)	(4,0)	
(1,1)	(2,0)	(3,0)	(4,0)	
(1,1)	(2,0)	(3,0)	(4,0)	
(1,1)	(2,0)	(3,0)	(4,0)	
avg	0.533333	0.533333	0.4	0.4	0.533333	90	100.933	100.533	106	115.733	92.4	92.9333	87.2	92.1333	81.0667	88.6667	96.2667	96.9333	97.8667	94.2667
delay	0.5	0.5	0.333333	0.333333	1.5	3.15407	1.70542	4.74403	3.49182	1.74654	3.91486	4.9297	62.237	25.191	49.6612	29.8421	3.57895	5.05915	3.20572	2.2744
loss	0	0	0	0	0	0.0203193	0.0104575	0.0195059	0.0173053	0.0113895	0.0184136	0.0305981	0.0410557	0.0142653	0.0193548	0.0249267	0.0282638	0.0202156	0.0160858	0.00980392
Command ['/home/ubuntu/ns-3.30-obss/build/scratch/simple-ofdma-adhoc4', '--ofdmaEnabled=true', '--startTime=60', '--totalTime=120', '--dataMode=HeMcs2', '--datarate=2e5', '--clNum=20', '--ratio=0.375', '--RngRun=17'] terminated with signal SIGSEGV. Run it under a debugger to get more information (./waf --run <program> --command-template="gdb --args %s <args>").
