Waf: Entering directory `/home/ubuntu/ns-3.30-obss/build'
Waf: Leaving directory `/home/ubuntu/ns-3.30-obss/build'
Build commands will be stored in build/compile_commands.json
'build' finished successfully (0.829s)
--------------------------Rate[Kbps]--------------------------
Time[s]	cl-1	cl-2	cl-3	cl-4	cl-5	cl-6	cl-7	cl-8	cl-9	cl-10	cl-11	cl-12	cl-13	cl-14	cl-15	cl-16	cl-17	cl-18	cl-19	cl-20
60	14	13.8	12.8	13	13.8	13.2	13.6	16.8	15.8	14.4	16	15	15.6	15.8	14.8	15.4	11.4	13.6	15.6	17.8
61	0	0	0	0	0	312	528	32	0	0	0	256	0	0	280	440	304	688	136	360
62	0	0	0	0	0	504	528	600	536	168	104	0	520	296	456	672	240	328	232	104
63	0	0	0	0	0	416	184	464	368	584	320	600	608	472	520	616	448	0	440	0
64	0	0	0	0	0	304	216	632	640	424	664	544	656	40	0	648	0	560	320	168
65	0	0	0	0	0	688	48	280	440	88	456	408	352	152	208	688	296	8	464	0
66	0	0	0	0	0	440	0	392	352	472	344	8	376	344	88	280	544	408	8	488
67	0	0	0	0	0	560	472	0	224	504	568	80	256	576	464	680	24	88	200	152
68	0	0	0	0	0	216	696	112	352	368	80	312	0	352	360	384	664	360	0	88
69	0	0	0	0	0	96	184	288	376	0	32	416	176	208	504	680	432	176	528	528
70	0	0	0	0	0	664	16	408	152	528	360	360	408	608	144	96	528	120	312	384
71	0	0	0	0	0	352	72	224	24	376	392	336	488	384	536	456	584	0	0	0
72	0	0	0	0	8	360	240	456	8	648	440	424	72	144	424	544	200	528	672	440
73	0	0	0	8	0	160	656	528	96	184	280	648	208	0	0	280	592	544	328	688
74	0	0	0	0	0	704	376	0	144	0	24	360	400	416	456	0	304	344	688	280
75	0	0	0	0	0	328	648	488	416	440	0	408	400	664	472	24	424	560	600	384
76	0	0	0	0	0	312	296	616	88	152	72	384	160	392	184	40	488	656	464	136
77	0	8	0	0	0	232	296	160	680	616	120	264	344	664	0	16	8	104	472	352
78	0	0	0	0	0	0	488	160	448	600	256	480	688	128	624	288	520	472	632	640
79	8	0	0	0	0	376	560	472	176	480	304	704	240	592	624	616	504	168	552	544
80	0	0	0	0	0	248	80	0	128	552	88	272	304	480	24	256	0	120	0	304
81	0	0	0	0	0	376	80	328	184	400	56	320	464	408	208	440	520	440	544	0
82	0	0	8	0	0	0	112	704	328	464	0	0	552	704	232	120	24	176	432	488
83	0	0	0	0	0	648	648	416	0	648	320	224	504	520	360	352	288	256	0	400
84	0	0	0	0	0	440	480	632	136	208	368	312	600	128	376	480	664	360	352	72
85	0	0	0	0	0	80	64	696	200	8	8	72	696	128	176	272	24	144	632	16
86	0	0	0	0	0	536	200	432	480	368	0	448	256	288	672	424	256	0	64	328
87	0	0	0	0	0	648	648	280	472	64	576	608	624	688	280	376	0	208	96	296
88	0	0	0	8	0	576	192	168	448	616	176	480	528	544	584	464	208	0	400	192
89	0	0	0	0	0	384	248	656	448	80	536	584	592	344	128	440	592	312	352	152
90	0	0	0	0	8	88	656	296	624	360	0	0	416	392	664	504	80	320	640	0
91	0	0	0	0	0	120	640	112	144	608	312	184	480	624	288	168	688	664	0	496
92	0	8	0	0	0	648	592	456	544	88	0	616	176	0	216	264	464	24	552	216
93	0	0	0	0	0	96	296	248	552	200	80	312	648	72	0	0	336	168	456	160
94	0	0	0	0	0	0	128	432	160	560	80	696	8	344	504	504	192	72	640	176
95	0	0	0	0	0	184	216	144	80	488	456	616	16	648	456	512	24	104	64	368
96	0	0	0	0	0	680	0	368	120	136	296	352	168	120	648	216	704	512	360	272
97	0	0	0	0	0	400	376	632	600	64	344	40	0	0	368	480	80	24	480	304
98	0	0	0	0	0	0	264	0	88	440	48	0	512	488	0	696	0	152	480	568
99	8	0	0	0	0	416	24	16	384	200	0	8	232	688	328	128	624	288	704	656
100	0	0	8	0	0	0	392	192	384	0	152	0	280	376	0	184	408	216	568	496
101	0	0	0	0	0	152	256	40	352	544	528	432	680	552	496	128	448	376	240	0
102	0	0	0	0	0	296	416	72	40	680	576	256	336	552	448	536	472	264	520	160
103	0	0	0	0	0	264	424	40	184	192	520	168	344	648	400	616	384	640	488	168
104	0	0	0	0	0	408	448	456	160	56	176	616	624	280	336	320	32	544	8	704
105	0	0	0	8	0	512	448	392	200	544	616	456	120	160	32	392	584	544	416	72
106	0	0	0	0	0	8	232	352	480	256	400	0	96	664	352	368	400	184	376	264
107	0	0	0	0	0	432	256	240	208	560	128	280	384	432	40	672	0	0	0	312
108	0	8	0	0	0	24	264	704	136	224	280	504	208	592	184	200	632	488	592	384
109	0	0	0	0	8	0	160	248	488	696	600	56	472	208	584	0	520	72	608	536
110	0	0	0	0	0	352	472	376	248	80	528	120	128	496	424	80	480	304	320	328
111	0	0	0	0	0	496	232	168	360	408	0	200	536	696	632	0	680	624	648	512
112	0	0	0	0	0	144	184	248	0	536	472	656	112	264	88	288	216	560	56	0
113	8	0	8	0	0	416	584	56	296	568	288	640	608	176	344	640	200	632	456	368
114	0	0	0	0	0	416	472	592	368	112	328	160	432	80	464	496	160	400	280	216
115	0	0	0	0	0	360	456	416	40	224	360	472	136	0	624	128	416	648	128	40
116	0	0	0	0	0	408	168	504	608	360	448	624	456	272	0	400	584	104	232	160
117	0	0	0	0	0	688	0	312	592	368	0	144	72	320	176	168	400	240	0	40
118	0	0	0	8	0	224	256	0	568	632	200	336	360	48	672	704	488	288	88	664
119	0	0	0	0	0	328	272	224	608	376	352	624	200	136	416	480	416	536	440	256
120	0	0	0	0	0	304	0	200	592	128	312	392	184	568	472	312	440	656	344	0
(1,29955)	(2,5103)	(3,0)	(4,235)	
(1,7272)	(2,310)	(3,0)	(4,6)	
(1,9055)	(2,544)	(3,0)	(4,15)	
(1,9995)	(2,636)	(3,0)	(4,21)	
(1,9039)	(2,751)	(3,0)	(4,3)	
(1,1)	(2,0)	(3,0)	(4,0)	
(1,1)	(2,0)	(3,0)	(4,0)	
(1,1)	(2,0)	(3,0)	(4,0)	
(1,1)	(2,0)	(3,0)	(4,0)	
(1,1)	(2,0)	(3,0)	(4,0)	
(1,1)	(2,0)	(3,0)	(4,0)	
(1,1)	(2,0)	(3,0)	(4,0)	
(1,1)	(2,0)	(3,0)	(4,0)	
(1,1)	(2,0)	(3,0)	(4,0)	
(1,1)	(2,0)	(3,0)	(4,0)	
(1,1)	(2,0)	(3,0)	(4,0)	
(1,1)	(2,0)	(3,0)	(4,0)	
(1,1)	(2,0)	(3,0)	(4,0)	
(1,1)	(2,0)	(3,0)	(4,0)	
(1,1)	(2,0)	(3,0)	(4,0)	
(1,1)	(2,0)	(3,0)	(4,0)	
avg	0.4	0.4	0.4	0.533333	0.4	330.4	314	319.333	309.2	345.467	263.733	337.867	348.267	359.333	334	360.933	353.867	312.933	351.733	281.333
delay	1	1	1	1	1.33333	1.74466	1.58514	1.75073	1.40707	3.16635	1.77149	2.62786	1.65544	4.89355	1.51657	5.55375	1.48757	1.63613	10.6456	1.50332
loss	0	0	0	0	0	0.0638218	0.0500202	0.0570866	0.0499795	0.0463747	0.0621147	0.0434126	0.0654741	0.0480226	0.0557859	0.049842	0.0611956	0.0600721	0.0455861	0.0538117
Command ['/home/ubuntu/ns-3.30-obss/build/scratch/simple-ofdma-adhoc4', '--ofdmaEnabled=true', '--startTime=60', '--totalTime=120', '--dataMode=HeMcs7', '--datarate=7e5', '--clNum=20', '--ratio=0.375', '--RngRun=0'] terminated with signal SIGSEGV. Run it under a debugger to get more information (./waf --run <program> --command-template="gdb --args %s <args>").
