Waf: Entering directory `/home/ubuntu/ns-3.30-obss/build'
Waf: Leaving directory `/home/ubuntu/ns-3.30-obss/build'
Build commands will be stored in build/compile_commands.json
'build' finished successfully (0.893s)
--------------------------Rate[Kbps]--------------------------
Time[s]	cl-1	cl-2	cl-3	cl-4	cl-5	cl-6	cl-7	cl-8	cl-9	cl-10	cl-11	cl-12	cl-13	cl-14	cl-15	cl-16	cl-17	cl-18	cl-19	cl-20
60	16.6	12.2	15	13.2	17.4	15.8	14	15	13.6	11.6	13.8	15	15	15	15	17	14	13.6	14.6	15.8
61	0	0	0	0	0	56	144	32	152	192	144	24	160	24	80	64	272	0	32	168
62	0	0	0	0	0	96	136	144	96	144	0	296	304	152	80	80	304	152	16	144
63	0	0	0	0	0	0	168	232	88	24	232	264	160	40	208	160	72	152	0	304
64	0	0	0	0	0	96	256	0	136	32	208	0	0	0	216	296	304	176	224	144
65	0	0	0	0	0	264	296	176	224	304	120	200	72	112	32	72	176	48	224	248
66	0	0	0	0	0	32	8	32	256	264	0	224	288	0	72	24	0	296	40	168
67	0	0	0	0	0	224	96	64	296	80	256	152	296	168	136	96	296	176	144	112
68	0	0	0	0	0	152	0	112	240	48	128	80	208	272	168	0	16	120	72	136
69	0	0	0	0	0	112	88	184	88	152	40	48	0	296	208	80	72	304	80	8
70	0	0	0	0	0	192	272	240	64	136	64	240	72	64	128	112	56	48	0	240
71	0	0	0	0	0	0	8	80	288	216	48	8	280	64	288	200	272	96	224	80
72	0	0	0	0	0	120	288	72	264	216	200	0	0	0	0	0	80	232	24	288
73	0	0	0	0	0	104	112	56	200	200	152	40	120	352	48	168	48	104	88	48
74	0	0	0	0	0	248	80	272	96	168	288	64	96	120	112	104	0	160	112	304
75	8	8	0	0	0	208	96	168	40	24	232	152	232	0	160	120	264	168	152	56
76	0	0	0	0	0	0	56	176	288	144	216	296	272	64	48	136	192	280	64	304
77	0	0	0	8	0	248	216	272	160	0	24	104	216	288	248	224	288	80	0	136
78	0	0	8	0	0	0	104	176	56	80	184	176	248	184	192	0	232	224	128	296
79	0	0	0	0	0	240	296	128	296	296	96	200	288	280	288	192	144	0	184	184
80	0	0	0	0	0	248	232	24	120	0	40	192	176	112	304	80	192	64	144	120
81	0	0	0	0	8	0	120	0	24	104	64	272	208	112	296	16	80	200	144	40
82	0	0	0	0	0	216	232	40	48	136	248	152	64	264	144	208	304	264	136	240
83	0	0	0	0	0	72	128	264	96	0	128	56	240	136	128	264	128	136	144	32
84	0	0	0	0	0	176	136	192	96	176	152	256	16	160	48	232	160	72	272	296
85	0	0	0	0	0	0	296	0	0	144	0	40	48	168	104	192	232	248	192	112
86	0	0	0	0	0	96	224	80	120	184	160	120	296	104	304	112	112	0	176	72
87	0	0	0	0	0	0	192	136	232	120	48	208	72	288	56	80	144	248	48	32
88	0	8	0	0	0	168	120	232	280	120	280	120	40	144	280	48	176	232	0	136
89	0	0	0	0	0	184	48	184	8	128	144	152	128	96	88	296	32	264	32	296
90	0	0	0	0	0	0	8	192	80	136	280	120	24	184	24	176	0	168	96	224
91	0	0	8	0	0	72	168	16	80	176	56	0	144	248	16	264	136	256	280	152
92	8	0	0	8	0	296	0	0	48	288	256	88	120	144	0	48	112	40	64	192
93	0	0	0	0	0	152	16	296	96	104	48	216	16	48	136	80	208	0	80	136
94	0	0	0	0	0	144	104	80	128	264	184	168	224	256	120	264	280	32	88	296
95	0	0	0	0	0	296	288	72	248	112	256	232	56	112	32	304	160	32	168	72
96	0	0	0	0	0	48	256	288	288	48	104	256	64	80	128	200	40	296	32	96
97	0	0	0	0	0	120	224	0	120	144	40	0	296	168	8	256	72	224	8	40
98	0	0	0	0	0	192	80	88	112	304	296	8	208	248	128	248	120	256	0	184
99	0	0	0	0	0	304	48	248	184	112	160	88	0	160	16	0	32	264	224	304
100	0	0	0	0	0	296	48	256	184	8	80	128	80	200	72	168	184	32	88	200
101	0	0	0	0	0	32	288	0	184	216	160	200	152	160	128	304	288	16	176	64
102	0	0	0	0	0	96	256	184	192	160	288	144	304	24	0	224	88	256	184	128
103	0	0	0	0	0	176	0	304	40	112	296	256	216	24	232	184	240	304	216	152
104	0	0	0	0	0	128	104	8	144	304	256	232	248	304	296	128	296	288	96	0
105	8	8	0	0	0	272	168	40	304	136	200	280	264	160	104	304	256	288	216	200
106	0	0	8	0	0	120	216	272	272	184	0	0	56	272	0	160	56	288	64	224
107	0	0	0	0	0	248	56	288	32	0	8	224	72	16	264	88	296	184	112	200
108	0	0	0	0	0	104	248	232	72	0	248	80	288	200	16	32	248	0	0	208
109	0	0	0	0	0	8	112	88	296	0	192	40	200	40	200	256	0	304	264	192
110	0	0	0	0	0	176	120	56	40	40	184	160	272	200	256	0	136	176	224	224
111	0	0	0	8	0	232	72	64	0	96	0	160	192	216	120	128	192	200	232	48
112	0	0	0	0	0	280	296	288	168	16	32	288	104	128	248	256	160	80	216	88
113	0	0	0	0	0	232	192	264	280	248	88	72	16	80	144	0	208	0	296	288
114	0	0	0	0	0	0	0	224	88	0	80	144	72	32	272	160	248	152	88	120
115	0	0	0	0	8	32	264	144	56	72	192	296	216	296	184	152	0	304	296	80
116	0	0	0	0	0	0	168	56	0	272	224	280	0	232	264	120	144	160	184	120
117	0	0	0	0	0	168	304	280	112	80	0	224	208	104	112	96	280	128	32	296
118	0	0	0	0	0	256	72	136	136	0	24	216	168	24	0	176	56	152	16	216
119	8	0	0	0	0	112	112	280	72	8	56	32	96	216	256	0	32	296	128	248
120	0	0	0	0	0	144	64	32	64	112	32	80	160	32	192	144	64	232	0	96
(1,16593)	(2,690)	(3,0)	(4,51)	
(1,3483)	(2,44)	(3,0)	(4,1)	
(1,4318)	(2,87)	(3,0)	(4,5)	
(1,4311)	(2,194)	(3,0)	(4,16)	
(1,4681)	(2,117)	(3,0)	(4,0)	
(1,1)	(2,0)	(3,0)	(4,0)	
(1,1)	(2,0)	(3,0)	(4,0)	
(1,1)	(2,0)	(3,0)	(4,0)	
(1,1)	(2,0)	(3,0)	(4,0)	
(1,1)	(2,0)	(3,0)	(4,0)	
(1,1)	(2,0)	(3,0)	(4,0)	
(1,1)	(2,0)	(3,0)	(4,0)	
(1,1)	(2,0)	(3,0)	(4,0)	
(1,1)	(2,0)	(3,0)	(4,0)	
(1,1)	(2,0)	(3,0)	(4,0)	
(1,1)	(2,0)	(3,0)	(4,0)	
(1,1)	(2,0)	(3,0)	(4,0)	
(1,1)	(2,0)	(3,0)	(4,0)	
(1,1)	(2,0)	(3,0)	(4,0)	
(1,1)	(2,0)	(3,0)	(4,0)	
(1,1)	(2,0)	(3,0)	(4,0)	
avg	0.533333	0.4	0.4	0.4	0.266667	138.133	146.667	142.4	141.2	126.4	136.933	147.467	152.267	144.533	140.533	142.933	154.667	165.867	121.067	163.867
delay	0.5	0.333333	0.333333	0.666667	1	5.23938	4.58727	1.35487	4.90274	4.72785	5.75365	1.70344	2.90893	32.2122	5.77514	24.0681	2.15259	1.28698	5.63436	2.57852
loss	0	0	0	0	0.333333	0.0217186	0.0204809	0.0165746	0.0337591	0.0236869	0.0374883	0.0255507	0.0330229	0.0312779	0.0177074	0.0165138	0.0227464	0.0197006	0.022605	0.0230525
Command ['/home/ubuntu/ns-3.30-obss/build/scratch/simple-ofdma-adhoc4', '--ofdmaEnabled=true', '--startTime=60', '--totalTime=120', '--dataMode=HeMcs4', '--datarate=3e5', '--clNum=20', '--ratio=0.375', '--RngRun=42'] terminated with signal SIGSEGV. Run it under a debugger to get more information (./waf --run <program> --command-template="gdb --args %s <args>").
