Waf: Entering directory `/home/synrg/Documents/Jiaming/ns-3.30-obss/build'
Waf: Leaving directory `/home/synrg/Documents/Jiaming/ns-3.30-obss/build'
Build commands will be stored in build/compile_commands.json
'build' finished successfully (0.713s)
--------------------------Rate[Kbps]--------------------------
Time[s]	cl-1	cl-2	cl-3	cl-4	cl-5	cl-6	cl-7	cl-8	cl-9	cl-10	cl-11	cl-12	cl-13	cl-14	cl-15	cl-16	cl-17	cl-18	cl-19	cl-20
60	16	12.4	16.2	18.6	14.8	14	13.6	13.2	16.6	10.8	12.2	17	15.2	14	14.8	13	15.6	14.2	11.6	14.8
61	224	232	208	216	184	112	112	96	0	128	104	120	176	96	88	120	136	96	64	72
62	280	264	304	328	336	256	168	152	320	96	152	176	216	144	96	32	104	96	96	104
63	136	120	208	240	200	136	112	88	120	104	136	96	104	96	128	144	136	80	88	112
64	192	176	160	184	200	136	128	128	160	88	48	112	120	96	88	104	152	120	96	112
65	120	200	256	248	216	136	96	112	192	128	72	64	88	96	48	96	72	56	136	112
66	200	200	176	232	232	160	128	64	144	136	112	64	96	144	80	128	152	96	56	72
67	224	296	328	288	192	128	64	72	128	144	88	96	112	184	104	104	104	64	104	136
68	184	232	208	288	224	64	80	64	88	168	96	96	136	224	80	88	128	80	64	64
69	152	96	208	304	216	72	48	128	112	72	104	80	88	160	56	72	120	72	80	64
70	136	240	280	336	192	56	48	72	128	144	160	168	104	192	80	72	64	72	80	96
71	152	192	192	184	248	152	72	112	144	64	112	80	80	176	96	144	72	112	72	80
72	152	136	208	208	176	176	104	128	96	80	120	72	88	160	56	88	96	80	136	104
73	216	232	248	208	184	112	64	136	120	80	80	136	120	112	120	152	144	80	104	184
74	208	144	200	176	232	152	120	184	136	72	120	128	152	96	152	128	152	152	160	168
75	152	104	200	216	176	104	72	104	64	112	88	104	120	136	80	48	168	136	80	104
76	224	200	232	240	224	112	80	160	168	144	208	80	120	128	128	176	120	176	96	144
77	256	224	208	168	144	72	112	56	104	112	136	104	112	160	152	64	104	64	120	128
78	192	200	168	152	168	56	144	40	184	136	128	176	88	104	56	112	96	128	120	104
79	160	160	240	232	200	144	136	112	104	56	120	160	160	112	136	88	104	184	120	136
80	224	232	200	240	200	112	112	104	96	112	144	88	152	88	176	144	72	104	48	112
81	160	136	104	160	168	128	120	96	64	112	120	136	96	128	152	168	80	112	104	80
82	112	152	120	216	192	152	96	104	128	112	152	144	120	96	144	120	104	112	56	120
83	184	168	184	160	200	120	64	48	104	152	144	104	144	56	112	72	136	120	128	48
84	184	184	168	144	120	104	80	88	112	88	112	144	112	88	128	144	136	128	72	192
85	104	128	168	120	136	80	80	72	136	40	136	128	40	160	96	120	88	120	136	104
86	136	200	168	160	144	88	48	72	96	112	72	160	112	64	144	72	104	120	72	136
87	160	144	120	128	144	104	72	56	120	184	176	96	104	160	72	136	120	120	152	152
88	232	152	208	160	192	88	128	136	128	112	112	128	168	104	184	88	136	88	192	112
89	136	152	136	200	120	144	88	88	176	152	168	64	88	112	40	136	160	136	168	160
90	240	152	280	216	72	56	64	160	160	104	128	88	88	128	64	104	80	72	72	96
91	144	184	168	136	160	96	152	72	104	160	136	120	88	88	152	48	128	80	88	32
92	256	160	240	192	168	88	128	48	192	176	120	120	96	168	120	88	72	72	136	120
93	168	176	248	176	96	72	136	56	184	120	56	96	24	112	80	176	144	112	72	48
94	112	144	160	192	152	48	120	48	168	168	48	136	112	128	168	96	160	120	136	120
95	136	120	160	168	88	144	88	136	144	144	152	128	104	120	112	112	80	120	112	80
96	192	208	208	208	112	184	104	152	128	120	88	88	112	88	112	104	104	80	160	64
97	96	192	184	208	96	88	80	120	128	160	64	96	112	88	88	88	64	96	96	80
98	120	120	176	192	144	80	104	64	96	104	104	152	120	104	96	136	56	104	112	160
99	112	168	160	240	96	80	88	136	120	104	96	152	88	128	112	144	48	128	80	80
100	120	144	128	224	168	72	88	104	112	104	112	144	144	88	152	152	104	120	104	96
101	152	152	128	144	168	88	112	80	128	168	104	88	80	88	144	144	120	96	144	72
102	128	160	152	176	152	96	112	136	120	64	96	80	128	88	96	112	88	104	128	144
103	72	176	120	160	80	64	80	80	128	192	104	120	120	96	104	88	88	96	104	80
104	192	160	192	168	160	104	88	104	96	128	120	72	88	136	80	136	120	168	104	128
105	152	160	128	176	256	48	128	104	128	96	120	80	128	80	120	152	56	112	128	120
106	112	160	104	136	136	96	128	136	120	168	80	136	72	128	64	88	136	168	112	88
107	168	144	200	128	184	72	144	144	240	104	168	152	152	144	216	136	200	88	152	88
108	184	184	224	224	184	168	112	80	144	96	136	104	160	56	80	192	136	104	120	104
109	80	176	208	176	208	128	176	144	136	80	96	96	112	112	192	136	176	184	144	88
110	216	192	200	184	136	64	120	112	104	144	88	32	72	56	152	88	168	136	128	120
111	168	208	192	128	168	72	152	88	104	104	120	64	104	56	120	120	120	136	96	80
112	160	176	200	184	240	80	144	96	112	104	72	168	136	88	112	152	88	104	136	160
113	152	232	216	104	184	96	88	104	112	80	56	96	120	128	136	104	88	112	104	104
114	216	136	168	144	144	72	112	56	136	112	96	128	160	144	80	152	152	128	176	120
115	160	216	168	152	120	80	96	96	120	112	168	88	80	152	96	88	104	112	112	72
116	128	216	152	192	144	112	64	72	136	120	64	80	72	104	152	136	120	128	192	152
117	160	168	208	248	176	56	104	80	96	144	104	72	104	144	144	152	120	184	56	32
118	232	184	168	208	176	64	80	104	96	104	96	208	136	128	160	112	192	192	200	152
119	104	152	184	120	152	120	136	88	144	160	64	96	136	80	120	72	120	96	200	192
120	184	176	136	208	200	64	64	64	96	176	72	144	96	96	112	112	104	152	104	96
avg	166.8	176.533	189.467	194.133	171.333	103.467	102.8	98.9333	128.4	119.333	110.8	112.133	112.667	116.933	113.467	114.667	114.933	113.467	113.467	108
delay	548.814	551.913	551.838	552.872	557.59	568.162	570.448	569.727	571.858	561.166	562.863	562.132	558.595	562.904	562.371	561.483	560.129	562.188	561.891	562.54
loss	0.636496	0.617579	0.588167	0.578902	0.626412	0.767574	0.770852	0.777313	0.714201	0.735838	0.751936	0.752137	0.749852	0.740916	0.749411	0.745798	0.745277	0.750073	0.751097	0.760767
Command ['/home/synrg/Documents/Jiaming/ns-3.30-obss/build/scratch/simple-ofdma-adhoc', '--ofdmaEnabled=true', '--startTime=60', '--totalTime=120', '--dataMode=HeMcs1', '--datarate=5e5', '--clNum=20', '--ratio=0.375', '--RngRun=96'] terminated with signal SIGSEGV. Run it under a debugger to get more information (./waf --run <program> --command-template="gdb --args %s <args>").
