Waf: Entering directory `/home/ubuntu/ns-3.30-obss/build'
Waf: Leaving directory `/home/ubuntu/ns-3.30-obss/build'
Build commands will be stored in build/compile_commands.json
'build' finished successfully (0.776s)
--------------------------Rate[Kbps]--------------------------
Time[s]	cl-1	cl-2	cl-3	cl-4	cl-5	cl-6	cl-7	cl-8	cl-9	cl-10	cl-11	cl-12	cl-13	cl-14	cl-15	cl-16	cl-17	cl-18	cl-19	cl-20
60	14.2	11.6	17.2	16.8	16.2	13.8	16.4	13.6	16	13.8	13.4	15	14.4	11.6	15.2	14	14	16	16.2	14.2
61	0	0	0	0	0	0	472	320	512	544	32	504	256	40	224	0	0	152	48	0
62	0	0	0	0	0	80	248	24	416	344	144	264	240	448	288	152	448	40	336	624
63	0	0	0	0	0	64	0	152	176	0	336	456	312	144	496	336	304	224	256	256
64	0	0	0	0	0	112	184	112	232	160	544	384	0	136	440	584	480	120	584	256
65	0	0	0	0	0	80	120	144	592	104	40	24	512	304	584	112	112	360	360	496
66	0	0	0	0	0	88	272	304	48	160	56	248	352	200	48	120	432	584	320	392
67	0	0	0	0	0	552	480	256	80	128	200	336	408	112	352	128	192	80	136	448
68	0	0	0	0	0	272	368	512	88	488	0	56	296	176	464	176	296	360	416	456
69	0	0	0	0	0	520	400	200	384	336	376	488	328	128	248	392	488	168	160	352
70	0	0	0	0	0	240	440	432	296	136	368	328	176	176	88	464	112	136	0	512
71	0	0	0	0	0	384	496	0	0	200	304	520	136	248	296	488	472	576	328	168
72	0	0	0	0	0	408	80	128	344	256	240	408	496	504	136	112	392	416	544	0
73	0	0	0	0	0	128	200	208	392	440	352	0	544	592	72	224	216	320	280	144
74	0	0	0	0	0	144	528	0	384	528	96	96	256	160	144	320	280	320	536	360
75	0	0	0	0	0	168	192	0	288	232	0	288	152	112	48	32	152	256	176	0
76	0	8	0	0	0	80	128	344	352	264	328	272	304	224	240	400	304	312	176	176
77	0	0	8	0	0	520	40	200	88	112	208	32	80	288	216	440	496	88	400	16
78	0	0	0	0	0	424	272	280	88	232	0	480	552	376	560	304	224	312	296	0
79	0	0	0	0	0	0	320	336	304	216	272	32	448	80	384	184	88	360	80	392
80	0	0	0	0	8	368	104	264	336	176	40	224	344	224	456	312	592	248	432	0
81	0	0	0	0	0	200	128	408	224	208	24	232	264	472	264	0	320	224	472	352
82	0	0	0	8	0	0	32	144	328	176	240	0	88	416	0	440	472	56	376	0
83	0	0	0	0	0	152	328	392	208	224	384	368	0	8	200	288	272	256	464	152
84	0	0	0	0	0	72	16	552	104	416	312	512	416	112	176	144	216	168	464	48
85	8	0	0	0	0	568	224	440	328	144	248	152	392	600	0	0	176	320	384	168
86	0	0	0	0	0	384	168	264	552	216	152	8	136	0	496	328	584	384	24	16
87	0	0	0	0	0	512	520	280	432	400	280	456	240	448	472	456	208	192	24	112
88	0	0	0	0	0	224	520	304	520	344	568	464	440	168	296	392	136	0	56	72
89	0	0	0	0	0	608	56	0	472	144	184	152	416	64	184	240	0	136	400	168
90	0	0	0	0	0	360	88	520	0	288	392	288	120	48	472	64	176	576	352	72
91	0	0	0	0	0	568	440	176	72	64	488	176	576	320	0	0	144	296	216	0
92	0	0	0	0	0	144	136	128	288	88	288	112	64	0	200	64	160	0	24	80
93	0	0	0	0	0	432	408	528	32	128	392	224	112	224	528	152	256	224	464	472
94	0	0	0	0	0	24	32	0	48	0	0	120	360	144	416	328	0	192	136	240
95	0	0	0	0	8	312	248	72	384	368	88	40	72	264	240	0	392	560	200	152
96	0	0	0	0	0	512	360	496	576	64	504	504	240	0	312	88	200	400	336	0
97	0	8	0	0	0	440	64	288	0	0	568	528	304	72	0	184	0	480	272	168
98	0	0	0	0	0	40	216	48	232	544	144	544	0	0	368	0	272	248	240	464
99	0	0	0	0	0	384	232	112	592	264	0	176	408	80	144	0	552	256	360	160
100	0	0	8	0	0	312	288	248	240	184	200	304	520	48	96	320	544	312	464	536
101	0	0	0	0	0	64	32	264	272	88	328	24	120	208	24	128	56	160	296	208
102	0	0	0	8	0	376	192	0	0	504	552	480	304	272	8	600	248	464	56	520
103	0	0	0	0	0	72	504	384	128	408	288	0	136	368	344	216	520	104	512	344
104	8	0	0	0	0	344	168	512	464	0	440	544	0	0	96	64	392	40	400	568
105	0	0	0	0	0	400	560	528	264	520	568	112	432	168	560	112	0	408	96	352
106	0	0	0	0	0	488	152	144	328	560	456	496	360	528	472	96	8	224	256	488
107	0	0	0	0	8	416	360	40	88	16	432	560	288	464	472	528	304	376	576	288
108	0	0	0	0	0	120	384	96	40	416	600	184	472	192	376	256	176	504	160	488
109	0	0	0	0	0	40	88	456	592	368	256	456	48	32	16	328	0	560	88	184
110	0	8	0	0	0	336	0	72	496	304	96	232	88	40	32	472	48	48	424	0
111	0	0	0	0	0	576	288	336	88	64	520	584	144	0	128	448	192	0	376	400
112	0	0	0	0	0	296	576	0	216	376	144	144	64	272	376	104	304	456	56	208
113	0	0	0	0	0	224	144	152	0	312	264	184	56	248	0	24	288	72	0	80
114	0	0	8	0	0	0	504	320	296	216	536	192	568	592	56	144	304	56	176	104
115	0	0	0	0	0	152	520	160	280	56	144	360	104	520	0	448	512	440	328	480
116	0	0	0	0	0	272	184	120	456	408	432	488	368	104	448	464	536	72	128	328
117	0	0	0	0	0	40	64	120	552	392	128	504	592	296	536	504	8	416	0	80
118	0	0	0	0	0	104	232	0	256	288	208	0	280	176	200	480	176	352	368	584
119	0	0	0	0	0	208	200	32	328	24	576	104	96	168	0	0	480	440	264	264
120	0	0	0	0	0	584	176	584	0	216	40	40	136	416	320	232	552	544	296	72
(1,23022)	(2,4196)	(3,0)	(4,859)	
(1,5880)	(2,407)	(3,0)	(4,82)	
(1,7499)	(2,615)	(3,0)	(4,27)	
(1,7107)	(2,509)	(3,0)	(4,25)	
(1,7477)	(2,524)	(3,0)	(4,89)	
(1,5257)	(2,458)	(3,0)	(4,63)	
(1,1)	(2,0)	(3,0)	(4,0)	
(1,1)	(2,0)	(3,0)	(4,0)	
(1,1)	(2,0)	(3,0)	(4,0)	
(1,1)	(2,0)	(3,0)	(4,0)	
(1,1)	(2,0)	(3,0)	(4,0)	
(1,1)	(2,0)	(3,0)	(4,0)	
(1,1)	(2,0)	(3,0)	(4,0)	
(1,1)	(2,0)	(3,0)	(4,0)	
(1,1)	(2,0)	(3,0)	(4,0)	
(1,1)	(2,0)	(3,0)	(4,0)	
(1,1)	(2,0)	(3,0)	(4,0)	
(1,1)	(2,0)	(3,0)	(4,0)	
(1,1)	(2,0)	(3,0)	(4,0)	
(1,1)	(2,0)	(3,0)	(4,0)	
(1,1)	(2,0)	(3,0)	(4,0)	
avg	0.266667	0.4	0.4	0.266667	0.4	266.533	252.933	232.267	269.6	247.6	273.333	274.8	266.933	220.4	251.867	240.267	271.067	274.133	274.133	242
delay	0	24	1.33333	1	300	26.4477	29.3305	37.2589	16.9594	19.8551	24.8654	12.5395	22.7493	28.8675	17.4542	21.4617	37.4697	25.66	18.874	27.5873
loss	0	0	0	0	0	0.142796	0.179143	0.203839	0.094086	0.097229	0.0905058	0.0924703	0.102645	0.120277	0.0966045	0.102143	0.119151	0.105309	0.108413	0.109421
Command ['/home/ubuntu/ns-3.30-obss/build/scratch/simple-ofdma-adhoc4', '--ofdmaEnabled=true', '--startTime=60', '--totalTime=120', '--dataMode=HeMcs4', '--datarate=6e5', '--clNum=20', '--ratio=0.375', '--RngRun=6'] terminated with signal SIGSEGV. Run it under a debugger to get more information (./waf --run <program> --command-template="gdb --args %s <args>").
