Waf: Entering directory `/home/ubuntu/ns-3.30-obss/build'
Waf: Leaving directory `/home/ubuntu/ns-3.30-obss/build'
Build commands will be stored in build/compile_commands.json
'build' finished successfully (0.762s)
--------------------------Rate[Kbps]--------------------------
Time[s]	cl-1	cl-2	cl-3	cl-4	cl-5	cl-6	cl-7	cl-8	cl-9	cl-10	cl-11	cl-12	cl-13	cl-14	cl-15	cl-16	cl-17	cl-18	cl-19	cl-20
60	16.4	16.6	14.4	15.2	15.2	15.8	13.8	15.2	14.2	14.2	15	15.2	13.6	15.6	16.2	15	11.6	13.8	12.6	12.6
61	0	0	0	0	0	128	0	24	200	264	0	24	0	0	0	480	0	88	152	200
62	0	0	0	0	0	296	176	112	224	288	280	0	168	488	72	432	264	176	416	136
63	0	0	0	0	0	152	80	496	224	192	0	336	0	288	40	0	184	216	216	352
64	0	0	0	0	0	24	224	56	432	256	224	368	56	200	288	280	184	288	0	192
65	0	0	0	0	0	488	64	0	288	496	0	480	392	232	64	400	272	360	416	88
66	0	0	0	0	0	408	264	96	0	88	40	152	352	272	0	448	472	200	496	0
67	0	0	0	0	0	488	144	192	464	0	288	0	128	288	368	408	344	136	96	448
68	0	0	0	0	0	24	248	80	32	352	320	360	392	24	480	344	216	56	184	168
69	0	0	0	0	0	392	0	120	144	0	112	0	304	400	240	488	160	80	200	336
70	0	0	0	0	0	392	224	96	376	496	0	32	0	0	176	480	336	8	8	216
71	0	0	0	0	0	48	352	0	504	72	24	120	168	72	168	8	160	416	232	504
72	0	0	0	0	0	136	0	432	72	496	240	296	104	280	456	304	112	448	424	304
73	0	0	8	0	0	152	480	360	104	264	328	376	208	248	344	400	368	176	312	432
74	0	0	0	0	8	280	216	248	504	296	0	456	168	160	72	8	448	336	200	200
75	0	0	0	0	0	152	136	432	344	256	328	384	312	40	136	504	464	120	480	56
76	0	0	0	0	0	200	0	0	480	200	120	216	184	272	312	152	0	32	88	216
77	0	0	0	0	0	464	424	192	128	504	368	0	216	208	464	208	168	0	48	424
78	0	8	0	0	0	224	280	80	224	352	0	336	48	456	400	56	320	168	144	88
79	8	0	0	8	0	160	328	96	0	120	504	488	24	304	168	112	40	360	264	360
80	0	0	0	0	0	168	464	0	136	456	136	144	0	480	448	120	392	344	408	144
81	0	0	0	0	0	200	240	64	40	64	240	0	96	224	0	16	48	0	40	40
82	0	0	0	0	0	184	424	304	456	392	96	8	160	352	376	160	216	392	336	384
83	0	0	0	0	0	424	112	72	328	448	144	288	296	296	360	8	56	384	168	320
84	0	0	0	0	0	200	160	48	88	0	0	256	136	368	136	320	400	344	112	400
85	0	0	0	0	0	0	112	504	144	112	312	496	464	192	24	304	120	328	344	240
86	0	0	0	0	0	208	104	280	0	152	248	128	24	448	224	440	24	0	120	272
87	0	0	0	0	0	248	472	232	200	264	200	232	96	8	120	352	472	88	376	360
88	0	0	0	0	0	432	224	440	104	208	0	0	40	376	0	288	48	48	16	496
89	0	0	0	0	0	0	0	248	504	432	368	264	88	376	120	152	248	136	296	40
90	0	0	8	0	8	304	328	392	256	416	40	112	24	192	472	88	440	0	360	224
91	0	0	0	0	0	480	464	264	56	16	184	24	0	360	432	80	192	376	312	312
92	0	0	0	0	0	0	296	312	488	160	448	256	472	208	248	304	72	392	0	344
93	0	8	0	0	0	312	112	496	216	160	152	80	336	488	0	24	192	416	456	40
94	0	0	0	0	0	184	472	168	96	272	232	328	0	88	352	176	120	48	80	296
95	0	0	0	8	0	352	152	48	336	152	472	88	304	280	472	48	0	72	216	504
96	0	0	0	0	0	224	232	56	136	160	312	384	464	216	96	64	216	264	496	120
97	8	0	0	0	0	152	200	208	16	416	168	72	336	232	0	176	0	40	136	64
98	0	0	0	0	0	128	440	344	256	296	256	160	432	0	464	304	376	224	320	120
99	0	0	0	0	0	144	0	88	480	392	144	0	408	24	408	376	16	48	0	120
100	0	0	0	0	0	184	264	208	368	296	416	336	456	104	0	304	144	248	112	0
101	0	0	0	0	0	216	400	448	448	440	200	448	424	480	432	144	208	288	24	32
102	0	0	0	0	0	208	488	376	96	336	488	240	448	216	232	40	0	160	120	200
103	0	0	8	0	0	504	248	216	376	96	216	72	120	16	384	160	96	472	88	0
104	0	0	0	0	0	280	104	288	264	496	208	216	496	112	176	224	480	392	0	168
105	0	0	0	0	8	0	96	48	224	152	0	504	176	408	72	208	424	24	464	248
106	0	0	0	0	0	360	112	232	176	504	280	264	472	216	488	112	464	0	384	0
107	0	0	0	0	0	0	416	208	312	104	400	16	336	152	312	424	64	472	128	256
108	0	8	0	0	0	40	296	296	456	456	176	0	472	152	64	0	296	488	160	504
109	0	0	0	0	0	64	504	0	416	368	248	296	112	344	328	224	72	232	256	408
110	0	0	0	0	0	384	80	336	272	104	400	400	152	328	376	128	0	200	200	96
111	0	0	0	0	0	384	56	152	504	488	272	264	344	376	16	0	344	8	296	368
112	8	0	0	8	0	456	120	184	128	96	152	32	264	8	504	224	360	0	72	424
113	0	0	0	0	0	96	264	128	152	440	320	224	0	344	272	200	96	488	176	176
114	0	0	0	0	0	144	408	0	0	224	8	504	80	320	264	0	328	368	280	280
115	0	0	0	0	0	160	64	280	368	120	48	176	120	320	312	184	0	0	32	0
116	0	0	0	0	0	232	456	264	504	208	0	168	112	504	0	288	248	264	24	256
117	0	0	8	0	0	440	464	368	312	112	264	464	80	368	272	272	424	336	384	0
118	0	0	0	0	0	368	216	480	0	0	392	16	0	488	0	16	344	336	240	528
119	0	0	0	0	0	144	304	16	136	168	192	288	288	256	152	336	112	312	216	232
120	0	0	0	0	8	80	144	456	400	40	0	408	328	432	0	0	200	256	416	216
(1,23421)	(2,2081)	(3,0)	(4,105)	
(1,5321)	(2,103)	(3,0)	(4,6)	
(1,6692)	(2,355)	(3,0)	(4,2)	
(1,6802)	(2,275)	(3,0)	(4,2)	
(1,6470)	(2,218)	(3,0)	(4,37)	
(1,1)	(2,0)	(3,0)	(4,0)	
(1,1)	(2,0)	(3,0)	(4,0)	
(1,1)	(2,0)	(3,0)	(4,0)	
(1,1)	(2,0)	(3,0)	(4,0)	
(1,1)	(2,0)	(3,0)	(4,0)	
(1,1)	(2,0)	(3,0)	(4,0)	
(1,1)	(2,0)	(3,0)	(4,0)	
(1,1)	(2,0)	(3,0)	(4,0)	
(1,1)	(2,0)	(3,0)	(4,0)	
(1,1)	(2,0)	(3,0)	(4,0)	
(1,1)	(2,0)	(3,0)	(4,0)	
(1,1)	(2,0)	(3,0)	(4,0)	
(1,1)	(2,0)	(3,0)	(4,0)	
(1,1)	(2,0)	(3,0)	(4,0)	
(1,1)	(2,0)	(3,0)	(4,0)	
(1,1)	(2,0)	(3,0)	(4,0)	
avg	0.4	0.4	0.533333	0.4	0.533333	228.267	235.867	211.067	249.867	253.467	200.133	218	211.333	256.4	227.6	213.333	214.4	215.867	217.333	232.533
delay	0.666667	0.666667	0.75	0.666667	1.25	5.81951	5.51668	6.22363	5.67076	2.43819	4.08728	1.46944	1.67003	1.87318	1.77914	1.98375	8.90299	2.42434	15.5156	18.8888
loss	0	0	0	0	0	0.028928	0.046875	0.0440821	0.0305225	0.0379555	0.043949	0.0279263	0.0347138	0.0292634	0.0469012	0.0419162	0.032491	0.0241109	0.0394582	0.0305725
Command ['/home/ubuntu/ns-3.30-obss/build/scratch/simple-ofdma-adhoc4', '--ofdmaEnabled=true', '--startTime=60', '--totalTime=120', '--dataMode=HeMcs5', '--datarate=5e5', '--clNum=20', '--ratio=0.375', '--RngRun=16'] terminated with signal SIGSEGV. Run it under a debugger to get more information (./waf --run <program> --command-template="gdb --args %s <args>").
