Waf: Entering directory `/home/ubuntu/ns-3.30-obss/build'
Waf: Leaving directory `/home/ubuntu/ns-3.30-obss/build'
Build commands will be stored in build/compile_commands.json
'build' finished successfully (0.808s)
--------------------------Rate[Kbps]--------------------------
Time[s]	cl-1	cl-2	cl-3	cl-4	cl-5	cl-6	cl-7	cl-8	cl-9
60	13.4	15	15	14.8	11.6	16.8	11.6	13.8	15.2
61	0	0	0	0	368	0	168	232	448
62	0	0	0	216	320	464	600	24	16
63	0	0	0	592	0	320	152	80	440
64	0	0	0	576	64	0	408	408	600
65	0	0	0	464	264	264	600	600	88
66	0	0	0	384	0	296	0	312	160
67	0	0	0	328	424	200	208	256	80
68	0	0	0	176	496	280	0	416	576
69	0	0	0	0	0	448	456	16	312
70	0	0	0	232	216	304	232	136	24
71	0	0	0	56	328	216	304	536	568
72	0	0	0	248	160	96	0	328	0
73	0	0	0	360	344	600	136	560	464
74	0	0	0	472	464	360	16	208	312
75	0	0	0	232	376	600	160	352	592
76	0	0	0	112	584	264	528	600	144
77	0	0	0	240	512	376	392	168	208
78	0	0	0	176	0	280	184	32	48
79	0	0	0	520	288	296	0	272	384
80	0	0	0	408	0	408	272	0	0
81	0	0	0	408	280	248	312	200	224
82	0	0	0	328	536	352	400	392	504
83	0	0	0	168	448	280	376	296	176
84	0	0	0	576	0	552	600	416	56
85	0	0	0	88	392	464	120	0	416
86	0	0	0	592	528	600	0	176	512
87	0	0	0	528	208	208	88	80	272
88	0	0	0	584	600	296	48	248	0
89	0	0	0	328	288	600	600	448	464
90	0	0	0	176	400	416	376	8	232
91	0	0	0	504	0	328	0	432	168
92	0	0	0	0	272	600	72	0	256
93	0	0	0	184	600	40	128	200	432
94	0	0	0	472	216	152	32	456	80
95	0	0	0	280	256	64	464	432	32
96	0	0	0	0	600	0	384	432	600
97	0	0	0	104	152	152	176	312	512
98	0	0	0	456	520	104	240	552	368
99	0	0	0	184	288	472	104	240	376
100	0	0	0	600	400	0	216	120	184
101	0	0	0	288	88	208	128	224	80
102	0	0	0	600	424	200	384	152	536
103	0	0	0	232	376	288	232	600	480
104	0	0	0	256	416	232	528	464	408
105	0	0	0	448	440	376	104	144	600
106	0	0	0	152	208	488	584	584	520
107	0	0	0	176	168	312	512	176	88
108	0	0	0	224	48	216	544	112	536
109	0	0	0	160	152	224	16	192	376
110	0	0	0	144	176	0	576	264	8
111	0	0	0	352	424	408	576	208	96
112	0	0	0	0	456	592	0	152	272
113	0	0	0	400	0	392	120	264	376
114	0	0	0	448	160	432	72	264	216
115	0	0	0	0	288	312	232	600	0
116	0	0	0	160	208	424	584	248	352
117	0	0	0	600	104	312	544	328	328
118	0	0	0	400	424	416	224	216	440
119	0	0	0	304	296	248	520	0	0
120	0	0	0	600	416	392	152	440	120
(1,13661)	(2,63)	(3,0)	(4,0)	
(1,4504)	(2,54)	(3,0)	(4,0)	
(1,4419)	(2,47)	(3,0)	(4,0)	
(1,4318)	(2,50)	(3,0)	(4,0)	
(1,1)	(2,0)	(3,0)	(4,0)	
(1,1)	(2,0)	(3,0)	(4,0)	
(1,1)	(2,0)	(3,0)	(4,0)	
(1,1)	(2,0)	(3,0)	(4,0)	
(1,1)	(2,0)	(3,0)	(4,0)	
(1,1)	(2,0)	(3,0)	(4,0)	
avg	0	0	0	304.933	291.067	307.867	269.733	276.8	286
delay	0.238806	0.24	0.24	1.0743	1.11269	1.08575	1.10776	1.07755	1.13054
loss	0	0	0	0.00305011	0.00274098	0.00302245	0.0107579	0.0128388	0.0101523
Command ['/home/ubuntu/ns-3.30-obss/build/scratch/simple-ofdma-adhoc4', '--ofdmaEnabled=true', '--startTime=60', '--totalTime=120', '--dataMode=HeMcs5', '--datarate=6e5', '--ratio=0.375', '--RngRun=30', '--locationFile=my-simulations/8_ofdma7/txt/locationFile32.txt', '--routingFile=my-simulations/8_ofdma7/txt/routingFile32.txt'] terminated with signal SIGSEGV. Run it under a debugger to get more information (./waf --run <program> --command-template="gdb --args %s <args>").
