Waf: Entering directory `/home/ubuntu/ns-3.30-obss/build'
Waf: Leaving directory `/home/ubuntu/ns-3.30-obss/build'
Build commands will be stored in build/compile_commands.json
'build' finished successfully (0.709s)
--------------------------Rate[Kbps]--------------------------
Time[s]	cl-1	cl-2	cl-3	cl-4	cl-5	cl-6	cl-7	cl-8	cl-9	cl-10	cl-11	cl-12
60	13	14.6	15	15.4	15.6	14.8	18	14.6	17.2	14.6	13.6	14
61	0	0	0	0	776	336	24	328	416	0	0	0
62	0	0	0	0	248	576	480	768	440	480	352	336
63	0	0	0	0	304	632	480	616	56	712	712	576
64	0	0	0	0	368	664	200	344	152	0	144	392
65	0	0	0	0	432	152	112	368	656	200	48	480
66	0	0	0	0	248	160	0	760	488	776	640	664
67	0	0	0	0	360	160	352	312	56	600	96	608
68	0	0	0	0	368	192	800	144	528	0	800	400
69	0	0	0	0	632	0	536	720	576	256	672	408
70	0	0	0	0	480	376	0	104	368	488	320	416
71	0	0	0	0	352	128	40	704	432	432	440	272
72	0	0	0	0	768	280	152	568	176	464	296	0
73	0	0	0	0	0	512	112	160	720	208	432	528
74	0	0	0	0	648	48	304	336	160	136	768	224
75	0	0	0	0	352	696	168	0	776	264	792	608
76	0	0	0	0	416	248	0	344	432	800	200	424
77	0	0	0	0	368	744	368	664	488	752	528	0
78	0	0	0	0	744	72	280	352	0	768	0	208
79	0	0	0	0	680	752	88	0	504	208	600	624
80	0	0	0	0	216	384	72	248	480	416	720	360
81	0	0	0	0	0	384	0	120	496	0	800	0
82	0	0	0	0	192	568	232	496	736	520	440	408
83	0	0	0	0	632	424	288	664	272	264	16	792
84	0	0	0	0	0	648	552	368	72	624	0	256
85	0	0	0	0	184	800	288	400	536	248	448	624
86	0	0	0	0	632	56	0	592	320	648	600	560
87	0	0	0	0	640	688	112	216	88	472	240	504
88	0	0	0	0	136	288	792	792	664	792	688	200
89	0	0	0	0	0	320	304	408	256	280	192	192
90	0	0	0	0	872	424	240	960	368	240	544	1040
91	0	0	0	0	0	96	224	680	136	472	520	728
92	0	0	0	0	400	624	736	608	280	216	728	800
93	0	0	0	0	712	0	360	0	472	424	552	720
94	0	0	0	0	0	56	296	248	0	64	768	432
95	0	0	0	0	752	528	520	304	240	792	384	48
96	0	0	0	0	448	368	576	64	800	704	0	72
97	0	0	0	0	704	648	40	640	416	72	784	800
98	0	0	0	0	720	520	0	104	200	504	600	616
99	0	0	0	0	216	152	728	496	128	576	48	64
100	0	0	0	0	496	608	800	448	504	416	592	280
101	0	0	0	0	776	0	472	800	192	800	208	792
102	0	0	0	0	304	344	296	272	488	384	0	368
103	0	0	0	0	568	216	320	296	216	408	624	128
104	0	0	0	0	680	408	136	496	504	304	728	360
105	0	0	0	0	528	440	216	800	560	592	160	720
106	0	0	0	0	40	520	792	360	800	96	0	0
107	0	0	0	0	0	720	584	488	72	0	672	0
108	0	0	0	0	184	512	632	768	136	784	488	232
109	0	0	0	0	448	176	8	104	608	296	0	800
110	0	0	0	0	232	0	0	40	0	336	296	512
111	0	0	0	0	280	776	680	312	24	344	0	72
112	0	0	0	0	160	480	728	776	8	112	272	32
113	0	0	0	0	0	440	344	520	0	616	392	720
114	0	0	0	0	456	512	744	752	40	760	696	496
115	0	0	0	0	208	456	304	320	24	200	232	616
116	0	0	0	0	616	104	648	16	184	136	760	32
117	0	0	0	0	296	504	0	360	112	208	368	288
118	0	0	0	0	72	0	56	400	648	408	696	0
119	0	0	0	0	440	432	144	800	800	64	392	8
120	0	0	0	0	344	592	224	352	8	184	520	720
(1,21916)	(2,1098)	(3,0)	(4,88)	
(1,5826)	(2,119)	(3,0)	(4,1)	
(1,5505)	(2,166)	(3,0)	(4,4)	
(1,5598)	(2,80)	(3,0)	(4,0)	
(1,5915)	(2,158)	(3,0)	(4,33)	
(1,1)	(2,0)	(3,0)	(4,0)	
(1,1)	(2,0)	(3,0)	(4,0)	
(1,1)	(2,0)	(3,0)	(4,0)	
(1,1)	(2,0)	(3,0)	(4,0)	
(1,1)	(2,0)	(3,0)	(4,0)	
(1,1)	(2,0)	(3,0)	(4,0)	
(1,1)	(2,0)	(3,0)	(4,0)	
(1,1)	(2,0)	(3,0)	(4,0)	
avg	0	0	0	0	385.467	382.4	316.4	424.667	338.533	388.667	416.8	392.667
delay	0.230769	0.246575	0.24	0.298701	3.14666	1.6454	3.91825	4.72214	2.12367	1.19623	12.5553	11.7447
loss	0	0	0	0	0.0262715	0.0277966	0.027459	0.0265892	0.0386217	0.0185185	0.0279851	0.0290142
Command ['/home/ubuntu/ns-3.30-obss/build/scratch/simple-ofdma-adhoc4', '--ofdmaEnabled=true', '--startTime=60', '--totalTime=120', '--dataMode=HeMcs5', '--datarate=8e5', '--ratio=0.375', '--RngRun=30', '--locationFile=my-simulations/8_ofdma7/txt/locationFile42.txt', '--routingFile=my-simulations/8_ofdma7/txt/routingFile42.txt'] terminated with signal SIGSEGV. Run it under a debugger to get more information (./waf --run <program> --command-template="gdb --args %s <args>").
