Waf: Entering directory `/home/ubuntu/ns-3.30-obss/build'
Waf: Leaving directory `/home/ubuntu/ns-3.30-obss/build'
Build commands will be stored in build/compile_commands.json
'build' finished successfully (0.767s)
--------------------------Rate[Kbps]--------------------------
Time[s]	cl-1	cl-2	cl-3	cl-4	cl-5	cl-6	cl-7	cl-8	cl-9	cl-10	cl-11	cl-12	cl-13	cl-14	cl-15	cl-16
60	16.6	15.2	15.4	16.2	15.6	12.8	14.8	12.6	16.8	12	16.8	12.6	13.4	13.6	13.8	15.4
61	0	0	0	0	144	264	0	0	16	64	248	0	240	0	0	184
62	0	0	0	0	272	400	80	112	64	400	64	88	0	208	0	368
63	0	0	0	0	400	8	0	360	128	24	136	168	208	16	32	64
64	0	0	0	0	96	40	112	368	184	128	120	304	176	304	32	24
65	0	0	0	0	136	384	240	192	264	192	464	392	400	104	56	144
66	0	0	0	0	232	152	0	344	56	32	288	272	296	40	256	0
67	0	0	0	0	192	0	56	296	40	128	184	320	320	192	160	360
68	0	0	0	0	88	312	360	72	360	120	392	384	128	80	0	392
69	0	0	0	0	296	184	40	152	40	80	392	328	264	320	272	328
70	0	0	0	0	0	344	232	56	336	184	56	328	160	24	80	352
71	0	0	0	0	248	56	232	104	224	168	224	32	48	120	200	296
72	0	0	0	0	272	24	32	400	224	8	368	64	368	248	400	264
73	0	0	0	0	312	352	304	296	120	360	224	136	256	368	72	296
74	0	0	0	0	136	112	0	0	360	0	336	0	160	352	104	48
75	0	0	0	0	152	240	608	88	336	304	88	320	0	0	120	256
76	0	0	0	0	392	16	184	0	392	296	320	384	200	40	96	0
77	0	0	0	0	96	200	160	0	344	80	336	144	304	264	392	136
78	0	0	0	0	168	128	400	0	280	304	312	232	40	192	288	200
79	0	0	0	0	152	0	168	512	352	216	184	376	288	376	0	0
80	0	0	0	0	24	400	248	16	392	88	0	104	88	184	104	248
81	0	0	0	0	312	80	32	0	384	320	208	384	232	280	128	400
82	0	0	0	0	256	80	400	176	64	48	232	264	0	328	248	80
83	0	0	0	0	120	56	272	328	152	24	56	256	160	248	232	136
84	0	0	0	0	88	160	192	176	352	328	304	0	392	104	136	304
85	0	0	0	0	232	272	264	288	192	304	16	128	224	336	128	40
86	0	0	0	0	240	304	16	8	392	280	376	280	288	360	136	128
87	0	0	0	0	0	400	304	400	376	160	320	184	392	56	80	184
88	0	0	0	0	216	96	280	104	24	216	0	384	96	376	0	216
89	0	0	0	0	72	40	400	0	272	248	32	200	112	192	400	296
90	0	0	0	0	0	400	296	352	144	0	224	256	184	152	280	344
91	0	0	0	0	56	200	288	16	104	80	344	344	296	312	384	32
92	0	0	0	0	8	88	0	96	104	376	240	192	232	264	16	232
93	0	0	0	0	208	152	240	312	400	88	72	392	256	240	88	184
94	0	0	0	0	120	400	384	144	272	64	288	184	400	344	0	88
95	0	0	0	0	352	184	184	184	152	0	400	376	248	120	96	0
96	0	0	0	0	376	0	104	360	392	368	80	16	256	288	0	80
97	0	0	0	0	144	208	144	184	304	312	304	0	352	224	216	0
98	0	0	0	0	392	96	168	48	240	0	0	232	144	200	0	384
99	0	0	0	0	256	368	0	400	120	104	160	56	112	296	296	288
100	0	0	0	0	400	344	8	136	104	176	160	360	0	80	288	256
101	0	0	0	0	40	200	40	104	328	136	24	184	216	40	184	304
102	0	0	0	0	192	0	0	184	136	392	168	216	352	24	208	400
103	0	0	0	0	168	288	8	248	168	216	344	360	280	136	0	112
104	0	0	0	0	208	360	232	304	176	88	344	336	72	56	152	336
105	0	0	0	0	208	112	384	48	136	0	400	184	400	240	392	408
106	0	0	0	0	312	16	312	24	0	384	280	272	152	224	304	296
107	0	0	0	0	232	280	344	176	24	336	24	240	16	160	0	280
108	0	0	0	0	80	16	248	392	0	328	288	184	296	0	128	304
109	0	0	0	0	208	96	280	0	24	176	288	304	40	352	216	376
110	0	0	0	0	192	376	160	256	184	264	144	184	136	256	224	400
111	0	0	0	0	136	88	88	0	0	312	208	376	16	304	264	264
112	0	0	0	0	0	240	144	344	104	16	400	0	0	328	384	96
113	0	0	0	0	304	296	224	400	344	0	80	304	176	400	168	0
114	0	0	0	0	400	392	368	224	208	296	152	368	0	152	232	88
115	0	0	0	0	280	8	360	152	224	368	32	16	128	264	384	0
116	0	0	0	0	392	120	72	384	312	80	40	120	184	400	264	352
117	0	0	0	0	64	224	248	88	312	80	0	272	208	344	160	264
118	0	0	0	0	352	280	104	80	24	96	248	8	8	352	352	0
119	0	0	0	0	240	312	168	376	328	192	184	104	80	216	400	344
120	0	0	0	0	200	336	80	64	224	0	136	128	320	48	280	16
(1,17304)	(2,965)	(3,0)	(4,9)	
(1,4298)	(2,148)	(3,0)	(4,15)	
(1,4258)	(2,123)	(3,0)	(4,0)	
(1,4623)	(2,146)	(3,0)	(4,0)	
(1,4538)	(2,94)	(3,0)	(4,0)	
(1,1)	(2,0)	(3,0)	(4,0)	
(1,1)	(2,0)	(3,0)	(4,0)	
(1,1)	(2,0)	(3,0)	(4,0)	
(1,1)	(2,0)	(3,0)	(4,0)	
(1,1)	(2,0)	(3,0)	(4,0)	
(1,1)	(2,0)	(3,0)	(4,0)	
(1,1)	(2,0)	(3,0)	(4,0)	
(1,1)	(2,0)	(3,0)	(4,0)	
(1,1)	(2,0)	(3,0)	(4,0)	
(1,1)	(2,0)	(3,0)	(4,0)	
(1,1)	(2,0)	(3,0)	(4,0)	
(1,1)	(2,0)	(3,0)	(4,0)	
avg	0	0	0	0	197.733	193.067	188.267	182.133	205.2	173.867	205.6	217.067	190	208.8	175.2	204.533
delay	0.289157	0.263158	0.25974	0.259259	5.99258	5.79627	62.3421	100.242	1.7258	1.64801	7.05188	1.76229	1.72842	1.74521	1.7207	1.69035
loss	0	0	0	0	0.0281782	0.0196344	0.0262069	0.0207885	0.0271808	0.0261389	0.0259002	0.0175015	0.0273038	0.0327363	0.0164671	0.0278834
Command ['/home/ubuntu/ns-3.30-obss/build/scratch/simple-ofdma-adhoc4', '--ofdmaEnabled=true', '--startTime=60', '--totalTime=120', '--dataMode=HeMcs3', '--datarate=4e5', '--ratio=0.375', '--RngRun=30', '--locationFile=my-simulations/8_ofdma7/txt/locationFile43.txt', '--routingFile=my-simulations/8_ofdma7/txt/routingFile43.txt'] terminated with signal SIGSEGV. Run it under a debugger to get more information (./waf --run <program> --command-template="gdb --args %s <args>").
