Waf: Entering directory `/home/ubuntu/ns-3.30-obss/build'
Waf: Leaving directory `/home/ubuntu/ns-3.30-obss/build'
Build commands will be stored in build/compile_commands.json
'build' finished successfully (0.790s)
--------------------------Rate[Kbps]--------------------------
Time[s]	cl-1	cl-2	cl-3	cl-4	cl-5	cl-6
60	16	13	13	14	18.8	15.8
61	0	0	952	408	600	672
62	0	0	984	424	784	512
63	0	0	80	272	64	808
64	0	0	888	744	56	384
65	0	0	408	304	448	840
66	0	0	904	520	168	368
67	0	0	576	848	856	160
68	0	0	40	296	832	456
69	0	0	776	216	432	1000
70	0	0	0	776	0	976
71	0	0	432	640	616	320
72	0	0	432	336	72	0
73	0	0	32	40	0	760
74	0	0	792	0	432	968
75	0	0	784	720	256	104
76	0	0	472	504	552	720
77	0	0	632	200	736	680
78	0	0	944	944	488	0
79	0	0	312	128	0	400
80	0	0	0	216	824	152
81	0	0	360	392	592	416
82	0	0	440	880	376	672
83	0	0	376	0	104	376
84	0	0	96	304	32	0
85	0	0	992	480	744	704
86	0	0	280	544	408	488
87	0	0	528	296	0	0
88	0	0	96	776	832	376
89	0	0	160	648	0	848
90	0	0	920	784	464	904
91	0	0	496	856	0	944
92	0	0	760	568	472	0
93	0	0	672	976	288	360
94	0	0	432	296	520	736
95	0	0	0	656	680	280
96	0	0	752	432	568	928
97	0	0	344	464	688	664
98	0	0	40	840	1000	984
99	0	0	384	1000	48	512
100	0	0	472	792	552	1000
101	0	0	600	40	440	968
102	0	0	0	592	368	40
103	0	0	816	16	96	1088
104	0	0	944	992	200	336
105	0	0	0	720	728	664
106	0	0	960	360	272	976
107	0	0	208	784	728	0
108	0	0	616	928	120	520
109	0	0	992	520	264	256
110	0	0	688	200	0	1000
111	0	0	568	408	536	600
112	0	0	600	968	360	376
113	0	0	352	328	0	1000
114	0	0	400	424	304	160
115	0	0	160	880	328	384
116	0	0	424	384	328	400
117	0	0	312	16	600	664
118	0	0	456	64	424	0
119	0	0	712	968	984	200
120	0	0	248	288	360	0
(1,14703)	(2,68)	(3,0)	(4,42)	
(1,7148)	(2,233)	(3,0)	(4,8)	
(1,6980)	(2,23)	(3,0)	(4,32)	
(1,1)	(2,0)	(3,0)	(4,0)	
(1,1)	(2,0)	(3,0)	(4,0)	
(1,1)	(2,0)	(3,0)	(4,0)	
(1,1)	(2,0)	(3,0)	(4,0)	
avg	0	0	484.933	506.667	400.4	518.4
delay	0.3375	0.230769	5.72505	1.05816	2.99068	19.2266
loss	0	0	0.0159632	0.0137555	0.00595829	0.0184297
Command ['/home/ubuntu/ns-3.30-obss/build/scratch/simple-ofdma-adhoc4', '--ofdmaEnabled=true', '--startTime=60', '--totalTime=120', '--dataMode=HeMcs7', '--datarate=10e5', '--ratio=0.375', '--RngRun=30', '--locationFile=my-simulations/8_ofdma7/txt/locationFile22.txt', '--routingFile=my-simulations/8_ofdma7/txt/routingFile22.txt'] terminated with signal SIGSEGV. Run it under a debugger to get more information (./waf --run <program> --command-template="gdb --args %s <args>").
