Waf: Entering directory `/home/synrg/Documents/Jiaming/ns-3.30/build'
Waf: Leaving directory `/home/synrg/Documents/Jiaming/ns-3.30/build'
Build commands will be stored in build/compile_commands.json
'build' finished successfully (0.576s)
--------------------------Rate[Kbps]--------------------------
Time[s]	cl-1	cl-2	cl-3	cl-4	cl-5	cl-6	cl-7	cl-8	cl-9	cl-10	cl-11	cl-12	cl-13	cl-14	cl-15	cl-16	cl-17	cl-18	cl-19	cl-20
60	15	13	15.8	14.6	11.2	15.8	16	19.2	20	16.8	15.6	16.6	16.4	15.8	15.4	16.4	14.2	14.2	14.8	16.4
61	240	264	256	256	248	96	192	192	248	192	208	208	232	160	168	184	208	160	160	176
62	320	304	320	304	256	344	192	200	256	232	232	256	240	200	200	200	168	128	128	136
63	344	336	320	312	336	208	176	176	216	224	216	256	216	104	112	168	128	40	40	72
64	344	328	352	344	344	240	176	184	360	216	224	264	256	176	192	200	128	32	40	56
65	360	328	344	360	328	216	160	144	328	240	240	272	272	112	120	144	128	24	24	56
66	368	344	384	344	328	232	152	136	296	248	256	280	248	136	136	160	144	16	24	64
67	360	352	352	352	328	160	184	152	296	216	216	264	216	120	120	160	160	32	32	64
68	376	368	352	344	336	168	176	152	304	240	256	304	248	112	136	168	128	24	24	80
69	384	360	352	336	336	328	208	176	248	200	208	264	240	104	112	144	152	56	64	88
70	368	344	376	352	320	240	168	176	360	256	272	288	256	216	208	216	40	56	64	64
71	360	376	368	344	336	176	240	224	192	280	288	288	232	184	192	200	264	56	64	88
72	376	368	344	368	328	352	224	216	344	256	256	304	224	136	136	184	152	16	16	64
73	368	360	360	352	320	240	216	208	400	280	280	280	248	168	168	168	176	56	56	96
74	392	376	376	376	336	152	232	216	320	248	248	280	224	144	136	192	184	88	88	104
75	392	376	368	384	368	424	280	280	344	304	304	344	224	152	152	192	144	40	40	96
76	344	344	336	328	368	272	224	224	288	272	280	288	200	104	104	144	176	88	88	120
77	344	360	352	344	344	280	232	248	328	272	296	304	264	176	176	200	136	64	64	80
78	368	368	376	336	344	280	224	216	320	240	240	272	264	136	136	176	128	24	24	64
79	360	368	384	336	344	256	192	200	296	248	256	280	240	152	152	200	136	40	48	56
80	360	368	352	352	320	168	168	160	232	248	264	296	272	144	152	200	168	80	72	104
81	368	368	368	352	352	304	240	248	408	280	280	320	192	152	160	208	112	40	40	56
82	376	368	376	360	336	256	192	168	264	224	256	264	232	136	144	168	168	48	56	64
83	376	360	368	376	320	264	240	240	312	264	256	288	288	184	200	232	128	40	48	56
84	360	360	336	368	352	288	248	240	376	304	304	328	256	160	160	192	128	40	40	72
85	368	344	368	352	328	160	224	208	320	248	248	288	264	152	152	208	128	8	8	64
86	368	352	352	352	344	272	224	216	312	264	272	320	208	104	96	136	168	40	40	72
87	368	384	376	352	320	360	200	200	224	264	272	280	224	152	144	152	144	32	40	56
88	328	328	328	344	328	240	160	168	400	232	232	240	272	184	200	208	136	16	32	40
89	376	368	344	360	360	240	216	192	296	232	232	272	216	160	160	200	136	96	96	120
90	368	368	368	360	344	232	224	224	240	272	288	304	216	208	208	232	0	96	96	104
91	368	352	328	352	328	224	200	184	408	248	248	312	344	112	120	192	280	64	72	88
92	360	360	360	360	320	224	200	192	304	256	264	296	240	128	152	192	152	48	56	80
93	384	376	376	384	344	0	280	272	320	320	320	320	256	184	184	208	144	80	80	80
94	376	360	344	368	352	576	200	192	296	232	232	264	160	56	88	144	192	72	80	112
95	352	320	344	352	352	216	216	200	344	272	272	312	232	184	200	208	112	32	32	48
96	344	376	376	328	320	312	176	200	288	272	256	256	272	184	184	184	168	64	72	80
97	360	344	360	360	344	272	208	200	312	264	264	280	208	128	128	152	152	48	48	80
98	352	320	352	320	328	216	200	192	304	208	208	248	288	136	144	184	128	32	32	64
99	360	352	376	320	288	208	168	152	296	232	224	256	208	88	104	96	160	64	64	72
100	384	384	392	368	312	192	184	176	320	208	224	272	288	144	160	216	120	56	56	80
101	368	352	344	368	352	288	240	224	328	264	256	312	224	120	120	176	136	48	48	120
102	360	336	344	328	360	272	232	216	296	240	240	288	216	128	136	160	152	88	96	128
103	368	304	336	352	344	264	216	208	264	256	280	312	152	160	176	160	152	64	72	96
104	376	360	384	368	320	248	152	160	432	240	240	264	280	136	136	152	152	56	56	64
105	376	344	352	352	352	264	224	232	336	256	272	304	216	152	152	184	136	72	64	112
106	368	392	368	352	368	304	248	272	328	288	288	296	248	160	160	192	144	80	80	80
107	360	336	360	328	304	200	152	152	272	208	216	232	240	128	144	136	168	48	48	88
108	368	376	352	352	336	240	184	176	328	248	256	272	280	152	152	184	128	32	40	56
109	352	352	344	344	384	184	256	256	328	288	304	312	224	168	176	200	112	56	56	64
110	368	352	352	352	360	384	240	232	184	248	264	312	208	120	128	168	168	104	104	120
111	384	368	360	376	336	288	232	224	456	264	256	296	240	144	144	176	136	40	40	72
112	368	376	360	344	344	248	192	200	288	240	240	240	224	184	208	232	160	48	64	96
113	352	336	352	360	320	208	192	168	288	256	264	312	312	152	152	200	136	24	32	72
114	344	360	336	344	296	144	184	168	304	232	240	296	72	120	128	176	176	40	56	72
115	360	384	384	328	352	328	208	208	304	264	280	304	392	144	144	184	152	56	56	88
116	368	360	328	328	344	208	216	200	288	264	264	280	240	120	128	152	144	56	88	96
117	392	368	360	392	352	312	216	208	344	304	304	336	248	168	176	192	136	48	48	96
118	384	368	368	368	336	248	192	192	328	264	272	280	248	184	184	216	112	32	32	56
119	384	352	376	376	360	280	224	224	336	288	296	296	264	144	144	176	152	48	48	72
120	384	368	368	368	312	232	168	160	288	216	232	240	200	104	112	136	160	56	48	56
avg	363.467	354.667	355.733	349.867	334.533	250.533	206.4	200.4	310.667	252.267	257.6	284.933	240.133	146	151.6	181.067	146.933	53.8667	57.0667	82
delay	482.351	481.907	482.066	482.044	489.197	573.371	494.083	494.143	536.83	495.258	495.022	495.563	544.597	498.47	497.759	498.746	541.73	489.494	490.774	495.07
loss	0.0729803	0.0923339	0.0880546	0.102459	0.133701	0.326297	0.432749	0.447378	0.186411	0.324911	0.312389	0.2471	0.354353	0.590127	0.575532	0.500368	0.587444	0.841425	0.832553	0.762529
Command ['/home/synrg/Documents/Jiaming/ns-3.30/build/scratch/simple-ofdma-adhoc', '--ofdmaEnabled=true', '--startTime=60', '--totalTime=120', '--dataMode=HeMcs2', '--datarate=4e5', '--clNum=20', '--ratio=0.375', '--RngRun=57'] terminated with signal SIGSEGV. Run it under a debugger to get more information (./waf --run <program> --command-template="gdb --args %s <args>").
