Waf: Entering directory `/home/synrg/Documents/Jiaming/ns-3.30/build'
Waf: Leaving directory `/home/synrg/Documents/Jiaming/ns-3.30/build'
Build commands will be stored in build/compile_commands.json
'build' finished successfully (0.509s)
--------------------------Rate[Kbps]--------------------------
Time[s]	cl-1	cl-2	cl-3	cl-4	cl-5	cl-6	cl-7	cl-8	cl-9	cl-10	cl-11	cl-12	cl-13	cl-14	cl-15	cl-16	cl-17	cl-18	cl-19	cl-20
60	15	13	15.8	14.6	11.2	15.8	15.4	19	20	17	15.2	16.8	16.4	15.8	15.4	16.4	14.2	13.8	14.8	16.6
61	464	456	480	456	448	360	312	328	448	384	384	424	296	368	312	352	400	344	280	288
62	480	488	464	488	448	272	272	288	424	336	312	392	544	360	264	352	400	344	256	288
63	480	472	480	480	488	384	320	344	448	400	376	408	368	432	392	408	408	376	312	320
64	496	488	496	496	456	336	296	328	400	320	296	376	480	304	288	328	344	352	280	336
65	472	464	472	472	432	336	280	304	408	320	304	344	424	328	296	344	456	368	296	368
66	480	480	488	480	416	312	240	256	408	304	304	336	416	336	248	280	392	368	264	288
67	456	472	464	456	472	320	280	336	464	328	312	408	432	288	288	376	440	304	288	320
68	480	448	480	472	416	280	280	296	424	352	320	368	448	360	328	384	432	304	256	304
69	496	488	480	480	432	280	248	264	368	328	280	336	416	304	256	288	408	336	256	296
70	488	472	480	488	440	368	312	288	416	336	304	352	440	352	296	352	384	328	264	304
71	496	504	496	504	440	288	280	288	408	344	328	344	440	352	344	352	424	344	296	312
72	480	472	488	472	464	360	264	280	440	344	328	360	400	336	272	312	432	336	288	312
73	488	488	488	488	432	304	296	280	376	304	264	328	416	296	232	288	424	280	224	272
74	496	480	488	488	464	344	320	304	384	352	304	392	432	320	240	336	424	296	216	312
75	496	488	488	480	456	264	304	296	432	312	304	344	432	376	304	344	400	336	240	256
76	488	472	464	480	416	416	240	272	432	360	328	360	400	344	256	328	408	280	216	256
77	488	496	480	480	472	336	304	296	392	368	344	408	448	312	272	360	392	336	280	376
78	496	480	472	480	456	304	304	312	424	400	360	368	424	352	288	320	312	360	264	328
79	488	480	488	480	480	384	280	304	384	336	312	384	448	360	320	368	496	320	280	320
80	488	488	496	480	440	336	296	320	504	360	328	376	448	368	312	336	424	376	312	392
81	488	488	488	488	456	320	264	248	360	280	256	312	352	296	240	296	392	320	232	272
82	480	488	480	472	456	320	296	272	400	352	320	352	400	352	264	312	424	312	248	296
83	496	480	488	488	464	304	264	256	432	328	320	360	408	288	224	264	392	344	232	248
84	480	480	496	464	456	320	208	240	416	352	336	376	424	320	232	280	344	328	240	264
85	488	480	480	488	448	328	272	272	432	368	328	384	408	344	288	344	360	344	280	304
86	496	488	488	496	448	312	288	304	408	368	312	344	400	312	288	352	472	336	288	312
87	488	472	472	480	480	344	320	360	448	384	360	416	424	336	304	360	336	368	296	336
88	488	488	488	488	472	400	296	272	400	368	344	376	384	304	256	352	448	320	224	304
89	480	472	456	472	456	312	312	296	392	304	320	392	504	344	320	360	416	384	280	328
90	488	464	488	488	448	320	344	312	376	376	352	408	448	352	312	384	448	328	304	368
91	488	480	480	488	448	376	272	296	424	384	344	384	392	344	296	304	416	384	320	336
92	496	480	488	488	432	304	264	280	432	392	352	384	440	368	328	360	400	384	320	368
93	480	472	472	472	488	200	368	352	408	376	352	400	432	400	344	400	464	368	296	352
94	472	456	480	472	432	480	216	272	376	264	232	320	336	320	256	272	416	344	240	272
95	504	496	504	488	448	272	296	296	432	352	320	368	488	376	312	360	408	320	280	304
96	496	480	488	488	464	360	256	248	432	344	312	352	416	360	328	384	408	360	280	336
97	496	480	496	472	448	296	248	280	432	344	320	384	400	304	280	376	392	264	232	312
98	496	480	488	488	456	240	368	336	448	376	360	408	368	376	304	352	448	360	304	360
99	488	480	464	496	480	456	304	336	416	328	296	328	480	360	280	288	432	328	264	320
100	480	464	472	480	480	368	296	304	440	376	336	392	416	360	328	368	416	344	288	360
101	496	480	488	488	440	288	264	272	408	352	320	384	392	344	272	328	296	368	288	328
102	472	472	480	480	456	352	272	296	368	384	328	392	456	304	280	360	512	272	232	320
103	496	488	488	496	488	264	344	360	472	360	352	368	424	384	344	384	416	336	272	328
104	480	488	480	488	472	488	328	336	408	400	376	384	480	416	344	368	400	336	288	328
105	496	504	488	488	432	192	256	264	416	328	288	328	400	360	296	320	416	304	224	272
106	488	488	496	488	432	432	272	288	424	296	280	360	432	328	256	320	408	304	224	296
107	488	464	488	480	472	296	344	352	432	408	368	408	424	368	360	392	440	376	368	408
108	464	456	472	472	480	400	320	352	400	344	328	360	432	376	352	352	400	336	288	312
109	496	464	480	480	464	328	280	328	416	344	328	344	416	344	280	312	368	336	304	312
110	480	464	480	480	448	288	304	312	456	376	368	400	440	360	296	344	424	344	288	336
111	496	472	480	496	448	344	264	296	416	328	328	376	336	400	360	384	448	400	336	344
112	480	472	464	472	464	352	256	256	376	280	224	296	392	288	240	288	432	304	216	272
113	504	488	472	488	424	336	208	216	424	280	264	320	512	256	208	240	400	264	200	256
114	480	480	464	480	448	248	288	304	376	368	352	376	392	344	336	328	408	368	288	312
115	504	496	496	496	480	432	344	320	480	376	360	408	432	344	304	368	416	392	320	344
116	488	480	488	488	448	344	232	288	400	352	320	368	384	344	296	336	376	336	256	264
117	480	464	488	480	456	328	272	296	424	328	320	392	408	328	248	280	424	312	272	328
118	488	488	472	480	448	312	280	264	408	296	280	352	424	296	256	272	424	352	272	312
119	504	504	504	504	472	272	336	328	448	392	360	376	424	344	328	416	440	376	304	344
120	480	464	472	480	448	248	280	304	376	360	344	384	440	352	304	344	320	360	288	336
avg	487.067	478.667	482.133	482.667	454.133	329.333	287.067	297.467	416.933	347.6	322.533	370.4	421.867	342.4	292.533	338.533	410	338.4	272.4	315.867
delay	1.40597	2.31058	2.29867	2.30331	4.73782	60.6745	8.79471	8.94352	19.3563	10.028	9.80984	9.68071	36.8616	13.028	12.9047	12.7668	33.2524	15.5207	15.3596	15.2907
loss	0.0224779	0.0362416	0.0290011	0.0300107	0.0774648	0.299092	0.379896	0.360011	0.141406	0.265013	0.312979	0.224456	0.131247	0.273961	0.370625	0.281347	0.15429	0.286597	0.41129	0.32613
Command ['/home/synrg/Documents/Jiaming/ns-3.30/build/scratch/simple-ofdma-adhoc', '--ofdmaEnabled=true', '--startTime=60', '--totalTime=120', '--dataMode=HeMcs6', '--datarate=5e5', '--clNum=20', '--ratio=0.375', '--RngRun=57'] terminated with signal SIGSEGV. Run it under a debugger to get more information (./waf --run <program> --command-template="gdb --args %s <args>").
