Waf: Entering directory `/home/ubuntu/ns-3.30-obss/build'
Waf: Leaving directory `/home/ubuntu/ns-3.30-obss/build'
Build commands will be stored in build/compile_commands.json
'build' finished successfully (0.671s)
--------------------------Rate[Kbps]--------------------------
Time[s]	cl-1	cl-2	cl-3	cl-4	cl-5	cl-6	cl-7	cl-8	cl-9	cl-10	cl-11	cl-12	cl-13	cl-14	cl-15	cl-16	cl-17	cl-18	cl-19	cl-20
60	15.6	15.4	14.8	13.2	15	13.4	16.8	17.6	13.4	15.8	15.4	15.4	18	13.6	12.4	13.4	12	15.2	15.4	15.8
61	0	0	0	0	0	0	192	64	56	8	0	528	104	608	592	480	272	344	136	0
62	0	0	0	0	0	248	328	264	24	144	384	200	0	80	288	368	96	360	424	32
63	0	0	0	0	0	232	232	120	264	72	248	352	216	200	512	176	0	32	408	384
64	0	0	0	0	0	456	376	56	0	280	288	0	584	0	168	0	424	384	272	144
65	0	0	0	0	0	296	256	256	16	376	400	112	320	200	432	368	0	408	0	104
66	0	0	0	0	0	72	240	432	0	240	456	96	80	72	152	640	256	368	528	104
67	0	0	0	0	0	264	0	0	184	56	224	264	560	0	176	472	160	712	592	120
68	0	0	0	0	0	152	368	64	448	88	320	480	48	152	360	8	88	384	216	304
69	0	0	0	0	0	168	112	136	152	208	248	88	384	576	120	0	560	336	272	40
70	0	0	0	0	0	0	384	336	0	408	336	56	304	208	544	344	104	72	504	368
71	0	0	0	0	0	64	232	288	296	440	144	504	0	344	256	376	120	32	160	240
72	0	0	0	0	0	200	248	88	128	0	360	384	296	200	320	120	336	496	360	472
73	0	0	0	0	0	80	0	128	424	224	400	0	528	472	640	128	56	408	208	400
74	0	8	0	0	0	240	24	160	408	432	0	176	392	152	448	392	8	360	128	456
75	0	0	0	0	0	136	56	200	128	96	48	448	128	120	432	296	224	296	456	392
76	0	0	0	0	0	224	224	24	120	352	648	128	240	112	240	344	264	248	504	128
77	0	0	0	0	0	264	208	112	544	360	432	0	80	408	520	272	0	256	0	56
78	0	0	0	0	0	104	216	152	456	328	472	208	584	200	72	232	144	352	8	224
79	0	0	0	0	0	72	0	128	616	272	8	176	592	0	344	456	568	552	376	456
80	0	0	0	8	0	40	72	104	368	632	128	0	288	640	240	0	432	104	576	600
81	0	0	0	0	0	16	600	392	216	232	0	0	8	400	672	280	184	72	248	80
82	0	0	0	0	0	320	240	40	360	288	568	488	520	96	0	384	232	0	288	384
83	0	0	0	0	0	216	0	232	200	0	256	416	248	416	144	272	344	112	480	160
84	0	0	0	0	0	200	168	48	192	160	224	224	264	376	272	456	200	264	232	240
85	0	0	0	0	0	264	32	160	144	368	64	248	16	24	360	216	216	360	296	312
86	0	0	0	0	0	144	80	120	600	328	256	576	224	64	240	152	0	272	408	416
87	0	0	0	0	0	296	40	416	232	312	408	256	216	264	288	88	56	104	416	248
88	0	0	0	0	0	168	328	392	80	456	80	8	440	344	80	152	0	64	696	328
89	0	0	0	0	0	144	136	136	376	392	432	368	208	232	360	80	88	216	352	176
90	0	0	0	0	0	40	24	104	200	328	240	512	288	464	480	400	0	464	56	440
91	0	8	0	0	0	288	200	56	288	152	0	448	192	304	192	464	200	272	432	416
92	0	0	0	0	0	296	16	232	192	232	376	432	384	208	536	72	288	32	152	312
93	8	0	0	0	0	168	328	56	496	224	200	448	128	288	128	240	0	360	296	120
94	0	0	0	8	0	160	104	8	536	144	232	528	328	32	520	192	184	432	0	528
95	0	0	0	0	0	216	232	72	408	248	152	240	568	32	88	416	8	256	424	344
96	0	0	0	0	8	240	248	232	112	592	288	8	32	64	224	312	80	504	448	496
97	0	0	0	0	0	80	88	88	32	256	656	584	496	480	240	0	56	392	440	168
98	0	0	0	0	0	184	288	16	320	248	224	328	136	296	128	96	288	304	0	288
99	0	0	0	0	0	208	64	144	304	384	24	368	208	232	416	0	264	208	200	200
100	0	0	0	0	0	160	432	0	48	232	512	568	544	360	144	224	216	136	136	96
101	0	0	8	0	0	232	328	232	320	384	376	280	264	56	0	360	248	168	272	48
102	0	0	0	0	0	0	176	64	504	360	240	480	616	376	568	120	32	0	416	480
103	0	0	0	0	0	280	200	168	368	96	384	56	200	472	344	464	112	376	288	88
104	0	0	0	0	0	0	344	344	88	24	600	216	216	240	232	0	256	368	448	16
105	0	0	0	0	0	200	48	176	224	304	184	440	0	472	0	32	440	248	520	416
106	0	0	0	8	0	136	56	64	16	648	648	72	408	144	480	48	216	352	352	576
107	0	0	0	0	0	264	344	392	112	320	192	400	0	368	336	0	456	0	0	592
108	0	0	0	0	0	0	424	88	32	280	56	576	304	0	64	576	384	456	520	128
109	8	0	0	0	0	176	96	0	312	80	200	200	416	304	424	480	432	464	56	0
110	0	0	0	0	8	320	80	0	472	280	136	8	88	784	712	88	440	152	200	512
111	0	0	0	0	0	120	88	96	160	480	528	400	384	312	216	64	56	496	528	0
112	0	0	0	0	0	144	392	280	0	456	288	208	472	0	48	592	456	392	56	152
113	0	0	0	0	0	160	40	0	464	120	600	504	256	136	376	0	200	536	120	608
114	0	0	0	0	0	184	168	80	352	280	304	264	216	0	360	312	232	112	344	280
115	0	0	0	0	0	272	0	240	152	432	120	320	464	120	256	176	264	248	304	216
116	0	0	8	0	0	120	40	0	176	416	208	568	240	304	248	392	312	336	344	312
117	0	0	0	0	0	160	32	120	408	176	120	384	280	400	320	280	0	160	336	264
118	0	0	0	0	0	112	392	344	240	160	0	488	0	320	160	176	72	496	0	528
119	0	0	0	0	0	232	120	56	0	200	376	352	456	336	56	600	176	16	176	456
120	0	0	0	0	0	232	280	168	424	240	592	232	352	0	224	328	456	184	432	168
(1,3887)	(2,1442)	(3,0)	(4,11169)	
(1,3921)	(2,1697)	(3,0)	(4,116)	
(1,3993)	(2,2839)	(3,0)	(4,327)	
(1,4329)	(2,2643)	(3,0)	(4,279)	
(1,4127)	(2,2719)	(3,0)	(4,312)	
(1,2638)	(2,1260)	(3,0)	(4,141)	
(1,1)	(2,0)	(3,0)	(4,0)	
(1,1)	(2,0)	(3,0)	(4,0)	
(1,1)	(2,0)	(3,0)	(4,0)	
(1,1)	(2,0)	(3,0)	(4,0)	
(1,1)	(2,0)	(3,0)	(4,0)	
(1,1)	(2,0)	(3,0)	(4,0)	
(1,1)	(2,0)	(3,0)	(4,0)	
(1,1)	(2,0)	(3,0)	(4,0)	
(1,2)	(2,0)	(3,0)	(4,0)	
(1,1)	(2,0)	(3,0)	(4,0)	
(1,1)	(2,0)	(3,0)	(4,0)	
(1,1)	(2,0)	(3,0)	(4,0)	
(1,1)	(2,0)	(3,0)	(4,0)	
(1,1)	(2,0)	(3,0)	(4,0)	
(1,1)	(2,0)	(3,0)	(4,0)	
avg	0.266667	0.266667	0.266667	0.4	0.266667	174.4	184.4	149.467	246.533	272.133	281.467	294.933	280.133	247.733	296.533	250.933	204.267	281.467	297.333	276.933
delay	322.5	193	365.5	123.333	91	182.789	160.71	162.762	186.067	177.304	167.304	224.335	160.198	175.474	177.383	169.789	159.973	151.708	160.901	169.839
loss	0.333333	0.333333	0.333333	0	0.333333	0.582775	0.548208	0.574081	0.386905	0.36505	0.312052	0.347877	0.335967	0.373989	0.349708	0.342877	0.389398	0.388648	0.34431	0.400577
Command ['/home/ubuntu/ns-3.30-obss/build/scratch/simple-ofdma-adhoc4', '--ofdmaEnabled=true', '--startTime=60', '--totalTime=120', '--dataMode=HeMcs2', '--datarate=9e5', '--clNum=20', '--ratio=0.375', '--RngRun=7'] terminated with signal SIGSEGV. Run it under a debugger to get more information (./waf --run <program> --command-template="gdb --args %s <args>").
