Waf: Entering directory `/home/ubuntu/ns-3.30-obss/build'
Waf: Leaving directory `/home/ubuntu/ns-3.30-obss/build'
Build commands will be stored in build/compile_commands.json
'build' finished successfully (0.710s)
--------------------------Rate[Kbps]--------------------------
Time[s]	cl-1	cl-2	cl-3	cl-4	cl-5	cl-6	cl-7	cl-8	cl-9	cl-10	cl-11	cl-12	cl-13	cl-14	cl-15	cl-16	cl-17	cl-18	cl-19	cl-20
60	15.6	15.4	14.8	13.2	15	13.4	16.8	17.6	13.4	15.8	15.4	15.4	18	13.6	12.4	13.4	12	15.2	15.4	15.8
61	0	0	0	0	0	0	280	64	136	72	0	616	128	744	632	616	432	424	240	0
62	0	0	0	0	0	416	640	512	0	280	520	304	0	104	368	480	136	672	576	56
63	0	0	0	0	0	320	448	288	360	72	224	336	416	176	656	168	144	32	616	640
64	0	0	0	0	0	816	488	0	0	320	320	0	792	0	112	32	584	504	256	168
65	0	0	0	0	0	400	512	344	32	632	488	240	336	200	520	672	0	480	0	256
66	0	0	0	0	0	32	264	424	0	128	440	0	80	104	120	664	256	352	608	0
67	0	0	0	0	0	360	0	0	208	104	272	368	584	0	296	512	288	856	624	176
68	0	0	0	0	0	416	424	88	576	128	400	712	88	328	472	0	152	584	272	496
69	0	0	0	0	0	224	136	368	104	328	368	48	544	728	160	40	696	456	288	80
70	0	0	0	0	0	8	544	496	0	488	472	136	328	296	664	424	160	72	576	552
71	0	0	0	0	0	200	480	400	424	488	72	672	0	512	256	704	40	152	104	280
72	0	0	0	0	0	352	432	96	184	0	432	472	456	200	424	48	440	648	504	600
73	0	0	0	0	0	168	0	240	504	392	416	0	744	688	744	216	24	608	192	528
74	0	8	0	0	0	232	112	384	568	576	0	336	408	112	512	584	208	520	328	648
75	0	0	0	0	0	408	152	312	8	176	336	488	552	240	464	528	120	544	688	624
76	0	0	0	0	0	568	512	0	432	680	872	0	120	208	512	488	432	40	344	0
77	0	0	0	0	0	536	472	216	672	256	648	184	136	592	568	288	24	328	0	280
78	0	0	0	0	0	184	528	176	560	480	432	96	608	80	0	288	184	488	8	128
79	8	0	0	0	0	96	0	176	744	368	40	208	776	8	488	592	696	832	496	664
80	0	0	0	8	0	40	280	312	448	760	128	8	336	728	256	0	520	112	592	800
81	0	0	8	0	0	48	688	360	296	408	0	328	32	512	696	448	288	96	360	152
82	0	0	0	0	0	560	424	128	520	456	680	192	560	128	0	464	280	0	360	568
83	0	0	0	0	0	496	0	320	376	0	464	632	256	704	192	512	424	144	688	224
84	0	0	0	0	0	200	392	232	224	400	320	368	368	528	504	552	304	432	232	488
85	0	0	0	0	0	600	0	328	208	648	16	448	144	88	648	224	176	720	544	296
86	0	0	0	0	0	184	248	88	728	312	392	704	296	48	248	144	0	272	472	664
87	0	0	0	0	0	496	0	720	248	408	568	272	208	400	424	144	72	160	528	360
88	0	0	0	0	0	216	424	488	80	480	96	24	480	392	88	144	0	80	784	416
89	0	0	0	0	0	120	152	272	488	536	584	512	384	352	464	184	96	312	392	320
90	0	8	0	0	0	248	32	32	216	392	104	800	184	792	480	768	0	696	376	832
91	0	0	0	0	0	328	208	296	448	160	136	456	448	96	440	336	600	168	264	528
92	0	0	0	0	0	320	288	128	328	552	296	616	296	632	448	192	128	152	472	568
93	8	0	0	0	0	0	808	24	888	280	288	552	280	152	224	152	0	824	168	200
94	0	0	0	0	0	456	16	32	752	0	424	600	616	24	632	376	256	488	72	728
95	0	0	0	0	8	504	496	192	552	408	88	368	592	72	0	368	0	600	736	432
96	0	0	0	0	0	432	272	256	104	720	424	8	120	184	280	520	112	480	600	600
97	0	0	0	0	0	120	160	128	32	384	736	728	584	624	328	0	136	496	488	256
98	0	0	0	0	0	296	328	160	544	512	192	472	104	480	312	104	488	496	64	336
99	0	0	0	0	0	296	440	104	392	528	184	712	696	488	576	160	112	104	384	472
100	0	0	8	0	0	560	544	32	0	368	656	504	696	272	0	416	592	608	0	72
101	0	0	0	0	0	96	304	336	824	376	224	520	424	64	296	256	112	0	280	240
102	0	0	0	0	0	136	312	192	456	304	448	512	560	528	616	288	152	56	616	592
103	0	0	0	0	0	248	304	376	256	152	568	0	328	720	488	408	96	768	416	0
104	0	0	0	0	0	24	664	744	240	40	608	496	152	256	48	0	576	504	792	216
105	0	0	0	0	0	552	0	288	216	520	312	360	136	680	0	56	656	352	472	624
106	0	0	0	8	0	288	280	0	0	848	664	72	344	208	720	80	144	336	488	800
107	0	0	0	0	0	448	408	616	144	296	184	472	0	408	336	0	632	0	0	840
108	0	0	0	0	0	0	592	176	40	408	48	816	336	0	72	752	600	608	696	168
109	0	0	0	0	0	320	120	8	408	256	264	200	712	536	656	568	616	560	88	0
110	0	0	0	0	8	352	72	0	568	200	72	24	0	856	728	0	464	64	200	672
111	0	8	0	0	0	216	152	152	208	544	656	576	472	408	288	88	88	624	672	0
112	0	0	0	0	0	160	576	560	0	528	312	296	576	0	48	688	560	472	96	208
113	0	0	0	0	0	360	64	16	640	184	712	568	328	200	416	24	288	688	160	696
114	0	0	0	0	0	312	128	200	392	576	248	488	352	80	344	280	576	232	328	400
115	0	0	0	0	0	456	0	160	48	592	176	488	584	392	552	464	176	248	808	584
116	0	0	8	0	0	136	240	16	352	432	248	816	352	272	88	312	296	536	128	144
117	0	0	0	0	0	240	88	400	520	232	176	624	416	536	344	504	0	344	392	504
118	0	0	0	0	0	0	256	272	296	0	0	440	0	224	0	0	0	488	0	448
119	0	0	0	0	0	328	368	296	56	312	328	448	440	384	176	568	328	32	208	592
120	0	0	0	0	0	328	424	240	552	304	680	256	456	0	232	464	488	224	488	160
(1,19018)	(2,8842)	(3,0)	(4,3786)	
(1,6831)	(2,998)	(3,0)	(4,55)	
(1,7985)	(2,2139)	(3,0)	(4,71)	
(1,8246)	(2,1872)	(3,0)	(4,55)	
(1,8359)	(2,1942)	(3,0)	(4,76)	
(1,5539)	(2,962)	(3,0)	(4,64)	
(1,1)	(2,0)	(3,0)	(4,0)	
(1,1)	(2,0)	(3,0)	(4,0)	
(1,1)	(2,0)	(3,0)	(4,0)	
(1,1)	(2,0)	(3,0)	(4,0)	
(1,1)	(2,0)	(3,0)	(4,0)	
(1,1)	(2,0)	(3,0)	(4,0)	
(1,1)	(2,0)	(3,0)	(4,0)	
(1,1)	(2,0)	(3,0)	(4,0)	
(1,2)	(2,0)	(3,0)	(4,0)	
(1,1)	(2,0)	(3,0)	(4,0)	
(1,1)	(2,0)	(3,0)	(4,0)	
(1,1)	(2,0)	(3,0)	(4,0)	
(1,1)	(2,0)	(3,0)	(4,0)	
(1,1)	(2,0)	(3,0)	(4,0)	
(1,1)	(2,0)	(3,0)	(4,0)	
avg	0.266667	0.4	0.4	0.266667	0.266667	287.6	299.6	237.733	326.667	363.067	340.933	383.2	362.4	329.467	360.933	322.533	274.133	386.133	377.067	389.6
delay	1	2	0.666667	0.5	1.5	15.0125	18.656	17.3943	5.96041	9.06353	6.66562	11.8511	12.3841	11.7313	8.21463	12.3092	12.9475	5.23446	7.48515	11.1246
loss	0.333333	0	0	0.333333	0.333333	0.332611	0.286893	0.352108	0.21095	0.177838	0.180186	0.189509	0.168553	0.186904	0.215135	0.172426	0.20341	0.188568	0.186655	0.178983
Command ['/home/ubuntu/ns-3.30-obss/build/scratch/simple-ofdma-adhoc4', '--ofdmaEnabled=true', '--startTime=60', '--totalTime=120', '--dataMode=HeMcs4', '--datarate=9e5', '--clNum=20', '--ratio=0.375', '--RngRun=7'] terminated with signal SIGSEGV. Run it under a debugger to get more information (./waf --run <program> --command-template="gdb --args %s <args>").
